StartTime	2015/09/29 04:19:40
FinishTime	2015/09/29 04:20:38
ElapsedTime	58.000000
/home/daisuke/git/ReinforcementLearning/log/EV3LineTracer_20150929020619_10Setting_20150929020621.log
0	1.000000
1	0.031250	0.031250	0.031250	0.906250
2	0.020833	0.020833	0.020833	0.895833	0.020833	0.020833
3	0.031250	0.906250	0.031250	0.031250
4	0.031250	0.031250	0.906250	0.031250
5	0.031250	0.031250	0.031250	0.906250
6	0.031250	0.031250	0.031250	0.906250
4470
0	2	3	0.000000
1	2	3	0.000000
2	2	3	0.000000
3	2	3	0.000000
4	2	0	0.000000
5	2	1	0.000000
6	2	3	0.000000
7	2	3	0.000000
8	2	3	0.000000
9	2	3	0.000000
10	2	0	0.000000
11	2	3	0.000000
12	2	3	0.000000
13	2	3	0.000000
14	2	0	0.000000
15	2	3	0.000000
16	2	3	0.000000
17	3	1	0.000000
18	3	1	0.000000
19	3	1	0.000000
20	3	1	0.000000
21	3	1	0.000000
22	3	1	0.000000
23	3	1	0.000000
24	3	1	0.000000
25	4	0	0.000000
26	4	2	0.000000
27	4	2	0.000000
28	4	2	0.000000
29	4	0	0.000000
30	4	2	0.000000
31	4	2	0.000000
32	4	0	0.000000
33	3	1	0.000000
34	3	1	0.000000
35	3	1	0.000000
36	3	3	0.000000
37	3	1	0.000000
38	3	1	0.000000
39	3	1	0.000000
40	3	1	0.000000
41	4	2	0.000000
42	4	2	0.000000
43	3	0	0.000000
44	3	2	0.000000
45	3	1	0.000000
46	3	1	0.000000
47	3	1	0.000000
48	3	1	0.000000
49	3	1	0.000000
50	3	1	0.000000
51	3	1	0.000000
52	3	1	0.000000
53	3	1	0.000000
54	3	1	0.000000
55	3	1	0.000000
56	3	1	0.000000
57	3	0	0.000000
58	3	1	0.000000
59	3	0	0.000000
60	3	1	0.000000
61	2	3	0.000000
62	2	3	0.000000
63	2	3	0.000000
64	2	3	0.000000
65	2	3	0.000000
66	2	1	0.000000
67	2	3	0.000000
68	2	3	0.000000
69	2	3	0.000000
70	2	3	0.000000
71	2	3	0.000000
72	2	3	0.000000
73	2	3	0.000000
74	2	3	0.000000
75	2	3	0.000000
76	2	3	0.000000
77	2	3	0.000000
78	2	3	0.000000
79	2	3	0.000000
80	2	3	0.000000
81	2	3	0.000000
82	2	3	0.000000
83	2	3	0.000000
84	2	3	0.000000
85	3	1	0.000000
86	3	1	0.000000
87	2	3	0.000000
88	3	1	0.000000
89	3	1	0.000000
90	3	1	0.000000
91	3	1	0.000000
92	3	1	0.000000
93	3	1	0.000000
94	3	1	0.000000
95	3	1	0.000000
96	3	1	0.000000
97	3	1	0.000000
98	3	1	0.000000
99	3	1	0.000000
100	3	1	0.000000
101	3	1	0.000000
102	3	0	0.000000
103	3	1	0.000000
104	3	1	0.000000
105	3	1	0.000000
106	3	1	0.000000
107	3	1	0.000000
108	3	1	0.000000
109	3	1	0.000000
110	3	1	0.000000
111	3	1	0.000000
112	3	1	0.000000
113	3	1	0.000000
114	3	1	0.000000
115	3	1	0.000000
116	3	1	0.000000
117	3	1	0.000000
118	3	1	0.000000
119	3	1	0.000000
120	3	1	0.000000
121	3	1	0.000000
122	3	1	0.000000
123	3	1	0.000000
124	3	1	0.000000
125	3	1	0.000000
126	2	3	0.000000
127	2	4	0.000000
128	2	3	0.000000
129	2	3	0.000000
130	2	3	0.000000
131	2	3	0.000000
132	2	3	0.000000
133	2	3	0.000000
134	2	1	0.000000
135	2	3	0.000000
136	2	3	0.000000
137	2	3	0.000000
138	2	3	0.000000
139	2	3	0.000000
140	2	3	0.000000
141	2	3	0.000000
142	2	3	0.000000
143	3	1	0.000000
144	3	1	0.000000
145	3	1	0.000000
146	3	1	0.000000
147	3	1	0.000000
148	3	3	0.000000
149	3	1	0.000000
150	3	1	0.000000
151	3	1	0.000000
152	3	1	0.000000
153	3	1	0.000000
154	3	2	0.000000
155	3	1	0.000000
156	3	1	0.000000
157	3	1	0.000000
158	3	1	0.000000
159	3	1	0.000000
160	3	1	0.000000
161	3	1	0.000000
162	3	3	0.000000
163	3	1	0.000000
164	3	1	0.000000
165	3	1	0.000000
166	3	1	0.000000
167	3	1	0.000000
168	3	1	0.000000
169	3	1	0.000000
170	3	1	0.000000
171	2	3	0.000000
172	3	1	0.000000
173	2	1	0.000000
174	2	3	0.000000
175	2	3	0.000000
176	2	3	0.000000
177	2	3	0.000000
178	2	3	0.000000
179	2	3	0.000000
180	2	3	0.000000
181	2	3	0.000000
182	2	3	0.000000
183	2	3	0.000000
184	2	3	0.000000
185	2	3	0.000000
186	2	3	0.000000
187	3	1	0.000000
188	3	1	0.000000
189	3	1	0.000000
190	3	1	0.000000
191	3	1	0.000000
192	3	1	0.000000
193	3	1	0.000000
194	3	1	0.000000
195	3	1	0.000000
196	3	1	0.000000
197	3	1	0.000000
198	3	1	0.000000
199	3	1	0.000000
200	3	1	0.000000
201	3	1	0.000000
202	3	1	0.000000
203	3	1	0.000000
204	3	1	0.000000
205	3	1	0.000000
206	3	1	0.000000
207	3	1	0.000000
208	3	0	0.000000
209	3	1	0.000000
210	3	1	0.000000
211	3	1	0.000000
212	3	1	0.000000
213	3	1	0.000000
214	3	1	0.000000
215	3	1	0.000000
216	3	2	0.000000
217	3	1	0.000000
218	3	3	0.000000
219	3	1	0.000000
220	3	3	0.000000
221	3	1	0.000000
222	3	1	0.000000
223	3	1	0.000000
224	3	1	0.000000
225	3	1	0.000000
226	3	3	0.000000
227	2	0	0.000000
228	2	3	0.000000
229	2	3	0.000000
230	2	3	0.000000
231	2	3	0.000000
232	2	4	0.000000
233	2	3	0.000000
234	2	3	0.000000
235	2	3	0.000000
236	2	3	0.000000
237	2	3	0.000000
238	2	3	0.000000
239	2	3	0.000000
240	2	3	0.000000
241	2	3	0.000000
242	3	1	0.000000
243	3	1	0.000000
244	3	1	0.000000
245	3	1	0.000000
246	3	1	0.000000
247	3	1	0.000000
248	3	1	0.000000
249	3	2	0.000000
250	3	1	0.000000
251	3	1	0.000000
252	3	1	0.000000
253	3	1	0.000000
254	3	1	0.000000
255	3	1	0.000000
256	3	1	0.000000
257	3	1	0.000000
258	3	1	0.000000
259	3	1	0.000000
260	3	1	0.000000
261	3	1	0.000000
262	3	3	0.000000
263	3	1	0.000000
264	3	3	0.000000
265	3	1	0.000000
266	3	1	0.000000
267	3	1	0.000000
268	3	1	0.000000
269	3	1	0.000000
270	3	1	0.000000
271	3	1	0.000000
272	3	1	0.000000
273	2	3	0.000000
274	2	3	0.000000
275	2	3	0.000000
276	2	3	0.000000
277	2	4	0.000000
278	2	3	0.000000
279	2	3	0.000000
280	2	2	0.000000
281	2	5	0.000000
282	2	3	0.000000
283	2	3	0.000000
284	2	4	0.000000
285	2	2	0.000000
286	2	4	0.000000
287	2	3	0.000000
288	2	3	0.000000
289	2	3	0.000000
290	3	1	0.000000
291	2	3	0.000000
292	3	1	0.000000
293	3	1	0.000000
294	3	1	0.000000
295	3	1	0.000000
296	3	1	0.000000
297	3	1	0.000000
298	3	1	0.000000
299	3	1	0.000000
300	3	0	0.000000
301	3	1	0.000000
302	3	1	0.000000
303	3	1	0.000000
304	3	1	0.000000
305	3	1	0.000000
306	3	1	0.000000
307	3	1	0.000000
308	3	1	0.000000
309	3	1	0.000000
310	3	1	0.000000
311	2	5	0.000000
312	2	3	0.000000
313	2	3	0.000000
314	2	3	0.000000
315	2	3	0.000000
316	2	3	0.000000
317	2	5	0.000000
318	2	3	0.000000
319	2	2	0.000000
320	2	3	0.000000
321	2	3	0.000000
322	2	3	0.000000
323	2	2	0.000000
324	2	3	0.000000
325	2	3	0.000000
326	2	3	0.000000
327	2	3	0.000000
328	3	1	0.000000
329	3	1	0.000000
330	3	1	0.000000
331	3	1	0.000000
332	4	2	0.000000
333	4	2	0.000000
334	4	2	0.000000
335	5	3	0.000000
336	5	3	0.000000
337	5	3	0.000000
338	5	3	0.000000
339	4	2	0.000000
340	4	2	0.000000
341	4	1	0.000000
342	4	2	0.000000
343	4	2	0.000000
344	4	2	0.000000
345	4	2	0.000000
346	3	2	0.000000
347	4	2	0.000000
348	4	2	0.000000
349	4	2	0.000000
350	4	2	0.000000
351	4	2	0.000000
352	3	1	0.000000
353	3	1	0.000000
354	3	1	0.000000
355	3	1	0.000000
356	3	1	0.000000
357	3	1	0.000000
358	3	3	0.000000
359	3	1	0.000000
360	3	1	0.000000
361	3	1	0.000000
362	3	1	0.000000
363	3	1	0.000000
364	3	1	0.000000
365	2	3	0.000000
366	2	3	0.000000
367	2	3	0.000000
368	2	3	0.000000
369	2	3	0.000000
370	2	3	0.000000
371	2	3	0.000000
372	2	3	0.000000
373	2	3	0.000000
374	2	5	0.000000
375	2	3	0.000000
376	2	3	0.000000
377	3	1	0.000000
378	3	0	0.000000
379	3	1	0.000000
380	3	1	0.000000
381	4	2	0.000000
382	4	2	0.000000
383	4	2	0.000000
384	4	2	0.000000
385	5	3	0.000000
386	4	2	0.000000
387	4	2	0.000000
388	4	2	0.000000
389	4	2	0.000000
390	4	1	0.000000
391	4	2	0.000000
392	4	2	0.000000
393	4	2	0.000000
394	4	0	0.000000
395	4	2	0.000000
396	4	2	0.000000
397	4	2	0.000000
398	4	2	0.000000
399	4	2	0.000000
400	4	2	0.000000
401	4	2	0.000000
402	3	0	0.000000
403	3	1	0.000000
404	3	1	0.000000
405	3	1	0.000000
406	3	1	0.000000
407	3	1	0.000000
408	2	3	0.000000
409	2	3	0.000000
410	2	3	0.000000
411	2	3	0.000000
412	2	3	0.000000
413	2	3	0.000000
414	2	3	0.000000
415	2	3	0.000000
416	2	3	0.000000
417	2	3	0.000000
418	2	3	0.000000
419	2	3	0.000000
420	2	3	0.000000
421	3	1	0.000000
422	3	1	0.000000
423	3	1	0.000000
424	4	2	0.000000
425	4	2	0.000000
426	4	2	0.000000
427	4	1	0.000000
428	4	0	0.000000
429	4	2	0.000000
430	4	2	0.000000
431	4	2	0.000000
432	4	2	0.000000
433	4	2	0.000000
434	4	2	0.000000
435	4	2	0.000000
436	3	1	0.000000
437	3	1	0.000000
438	3	1	0.000000
439	3	1	0.000000
440	3	0	0.000000
441	3	1	0.000000
442	3	1	0.000000
443	3	1	0.000000
444	3	1	0.000000
445	3	1	0.000000
446	3	1	0.000000
447	3	1	0.000000
448	3	1	0.000000
449	3	1	0.000000
450	3	1	0.000000
451	3	1	0.000000
452	3	1	0.000000
453	3	3	0.000000
454	2	3	0.000000
455	2	3	0.000000
456	2	3	0.000000
457	2	3	0.000000
458	2	3	0.000000
459	2	3	0.000000
460	2	3	0.000000
461	2	3	0.000000
462	2	3	0.000000
463	2	3	0.000000
464	2	3	0.000000
465	2	3	0.000000
466	2	3	0.000000
467	2	3	0.000000
468	2	3	0.000000
469	2	3	0.000000
470	2	3	0.000000
471	3	1	0.000000
472	3	1	0.000000
473	3	1	0.000000
474	3	1	0.000000
475	4	2	0.000000
476	4	0	0.000000
477	4	2	0.000000
478	4	1	0.000000
479	4	2	0.000000
480	4	2	0.000000
481	4	2	0.000000
482	4	2	0.000000
483	3	1	0.000000
484	3	1	0.000000
485	3	1	0.000000
486	3	1	0.000000
487	3	1	0.000000
488	3	1	0.000000
489	3	1	0.000000
490	3	0	0.000000
491	3	1	0.000000
492	3	1	0.000000
493	3	1	0.000000
494	3	1	0.000000
495	3	1	0.000000
496	3	1	0.000000
497	3	1	0.000000
498	3	1	0.000000
499	3	1	0.000000
500	3	1	0.000000
501	3	1	0.000000
502	3	3	0.000000
503	3	1	0.000000
504	3	1	0.000000
505	3	1	0.000000
506	3	1	0.000000
507	3	1	0.000000
508	3	1	0.000000
509	3	1	0.000000
510	3	1	0.000000
511	3	1	0.000000
512	3	0	0.000000
513	3	1	0.000000
514	3	1	0.000000
515	3	1	0.000000
516	3	1	0.000000
517	3	1	0.000000
518	3	1	0.000000
519	3	1	0.000000
520	3	1	0.000000
521	3	1	0.000000
522	3	1	0.000000
523	3	1	0.000000
524	3	1	0.000000
525	3	1	0.000000
526	3	1	0.000000
527	3	1	0.000000
528	3	1	0.000000
529	3	1	0.000000
530	3	1	0.000000
531	2	3	0.000000
532	2	3	0.000000
533	2	3	0.000000
534	2	3	0.000000
535	2	2	0.000000
536	2	0	0.000000
537	2	4	0.000000
538	2	3	0.000000
539	2	2	0.000000
540	2	3	0.000000
541	2	3	0.000000
542	3	2	0.000000
543	3	1	0.000000
544	3	1	0.000000
545	3	1	0.000000
546	3	1	0.000000
547	3	0	0.000000
548	3	1	0.000000
549	3	1	0.000000
550	4	2	0.000000
551	4	2	0.000000
552	4	2	0.000000
553	4	2	0.000000
554	4	2	0.000000
555	4	2	0.000000
556	4	2	0.000000
557	3	1	0.000000
558	3	1	0.000000
559	3	1	0.000000
560	3	1	0.000000
561	3	1	0.000000
562	3	1	0.000000
563	3	1	0.000000
564	3	1	0.000000
565	3	1	0.000000
566	3	1	0.000000
567	3	1	0.000000
568	3	1	0.000000
569	3	1	0.000000
570	3	1	0.000000
571	3	1	0.000000
572	3	1	0.000000
573	3	1	0.000000
574	3	1	0.000000
575	3	1	0.000000
576	3	1	0.000000
577	3	1	0.000000
578	3	1	0.000000
579	3	0	0.000000
580	3	2	0.000000
581	3	2	0.000000
582	3	1	0.000000
583	3	1	0.000000
584	3	3	0.000000
585	3	1	0.000000
586	3	1	0.000000
587	3	1	0.000000
588	3	1	0.000000
589	3	1	0.000000
590	3	0	0.000000
591	3	1	0.000000
592	2	3	0.000000
593	2	3	0.000000
594	2	3	0.000000
595	2	3	0.000000
596	2	3	0.000000
597	2	1	0.000000
598	2	3	0.000000
599	2	3	0.000000
600	2	3	0.000000
601	2	3	0.000000
602	2	2	0.000000
603	2	3	0.000000
604	2	3	0.000000
605	2	4	0.000000
606	3	1	0.000000
607	3	1	0.000000
608	3	1	0.000000
609	3	1	0.000000
610	3	1	0.000000
611	3	1	0.000000
612	4	2	0.000000
613	4	2	0.000000
614	4	2	0.000000
615	4	2	0.000000
616	4	2	0.000000
617	4	2	0.000000
618	3	1	0.000000
619	3	1	0.000000
620	3	1	0.000000
621	3	1	0.000000
622	3	0	0.000000
623	3	1	0.000000
624	3	1	0.000000
625	3	1	0.000000
626	3	1	0.000000
627	3	1	0.000000
628	3	1	0.000000
629	3	1	0.000000
630	3	1	0.000000
631	3	1	0.000000
632	3	1	0.000000
633	3	1	0.000000
634	3	1	0.000000
635	3	1	0.000000
636	3	1	0.000000
637	3	1	0.000000
638	3	1	0.000000
639	3	1	0.000000
640	3	1	0.000000
641	3	1	0.000000
642	3	1	0.000000
643	3	1	0.000000
644	3	1	0.000000
645	3	1	0.000000
646	3	1	0.000000
647	3	1	0.000000
648	3	3	0.000000
649	3	1	0.000000
650	3	1	0.000000
651	3	1	0.000000
652	3	1	0.000000
653	3	1	0.000000
654	3	1	0.000000
655	3	1	0.000000
656	3	0	0.000000
657	3	1	0.000000
658	3	1	0.000000
659	3	1	0.000000
660	3	1	0.000000
661	3	0	0.000000
662	3	1	0.000000
663	3	1	0.000000
664	3	1	0.000000
665	3	2	0.000000
666	3	1	0.000000
667	3	1	0.000000
668	3	1	0.000000
669	3	1	0.000000
670	3	1	0.000000
671	3	1	0.000000
672	3	1	0.000000
673	3	0	0.000000
674	3	1	0.000000
675	3	1	0.000000
676	3	1	0.000000
677	3	1	0.000000
678	3	1	0.000000
679	3	1	0.000000
680	3	1	0.000000
681	3	1	0.000000
682	3	3	0.000000
683	2	3	0.000000
684	2	3	0.000000
685	2	3	0.000000
686	2	3	0.000000
687	2	3	0.000000
688	2	3	0.000000
689	2	3	0.000000
690	2	3	0.000000
691	2	3	0.000000
692	2	3	0.000000
693	2	3	0.000000
694	2	3	0.000000
695	2	3	0.000000
696	2	3	0.000000
697	3	3	0.000000
698	3	1	0.000000
699	3	1	0.000000
700	3	1	0.000000
701	3	1	0.000000
702	3	1	0.000000
703	3	1	0.000000
704	3	1	0.000000
705	3	1	0.000000
706	3	1	0.000000
707	3	1	0.000000
708	3	1	0.000000
709	3	1	0.000000
710	3	1	0.000000
711	3	1	0.000000
712	3	1	0.000000
713	3	1	0.000000
714	3	1	0.000000
715	3	1	0.000000
716	3	1	0.000000
717	3	1	0.000000
718	3	1	0.000000
719	3	1	0.000000
720	3	1	0.000000
721	3	1	0.000000
722	3	1	0.000000
723	3	1	0.000000
724	3	1	0.000000
725	3	1	0.000000
726	3	1	0.000000
727	3	1	0.000000
728	3	0	0.000000
729	3	1	0.000000
730	3	1	0.000000
731	3	1	0.000000
732	3	1	0.000000
733	3	1	0.000000
734	3	1	0.000000
735	3	1	0.000000
736	3	1	0.000000
737	3	1	0.000000
738	3	1	0.000000
739	3	1	0.000000
740	3	1	0.000000
741	3	1	0.000000
742	3	1	0.000000
743	3	1	0.000000
744	3	1	0.000000
745	3	1	0.000000
746	3	1	0.000000
747	3	1	0.000000
748	3	1	0.000000
749	3	1	0.000000
750	3	1	0.000000
751	3	1	0.000000
752	2	3	0.000000
753	3	1	0.000000
754	2	2	0.000000
755	3	1	0.000000
756	2	3	0.000000
757	2	4	0.000000
758	2	3	0.000000
759	2	3	0.000000
760	2	3	0.000000
761	2	3	0.000000
762	2	3	0.000000
763	2	3	0.000000
764	2	2	0.000000
765	2	3	0.000000
766	2	3	0.000000
767	2	3	0.000000
768	2	3	0.000000
769	2	3	0.000000
770	3	1	0.000000
771	3	1	0.000000
772	3	1	0.000000
773	3	0	0.000000
774	3	1	0.000000
775	3	2	0.000000
776	3	1	0.000000
777	3	1	0.000000
778	3	1	0.000000
779	3	1	0.000000
780	3	1	0.000000
781	3	1	0.000000
782	3	1	0.000000
783	3	1	0.000000
784	3	1	0.000000
785	3	1	0.000000
786	3	1	0.000000
787	3	1	0.000000
788	3	1	0.000000
789	3	1	0.000000
790	3	1	0.000000
791	3	1	0.000000
792	3	0	0.000000
793	3	1	0.000000
794	3	1	0.000000
795	3	1	0.000000
796	3	0	0.000000
797	3	1	0.000000
798	3	1	0.000000
799	3	1	0.000000
800	3	1	0.000000
801	3	1	0.000000
802	3	1	0.000000
803	3	3	0.000000
804	3	1	0.000000
805	3	1	0.000000
806	3	1	0.000000
807	3	1	0.000000
808	3	1	0.000000
809	3	1	0.000000
810	3	1	0.000000
811	2	3	0.000000
812	2	3	0.000000
813	2	3	0.000000
814	2	3	0.000000
815	2	3	0.000000
816	2	3	0.000000
817	2	3	0.000000
818	2	3	0.000000
819	2	3	0.000000
820	2	3	0.000000
821	2	3	0.000000
822	2	3	0.000000
823	2	3	0.000000
824	3	1	0.000000
825	3	1	0.000000
826	3	1	0.000000
827	3	1	0.000000
828	3	1	0.000000
829	3	3	0.000000
830	3	1	0.000000
831	3	1	0.000000
832	3	1	0.000000
833	3	1	0.000000
834	3	1	0.000000
835	3	1	0.000000
836	3	1	0.000000
837	3	1	0.000000
838	3	2	0.000000
839	3	1	0.000000
840	3	1	0.000000
841	3	1	0.000000
842	3	1	0.000000
843	3	1	0.000000
844	3	1	0.000000
845	3	1	0.000000
846	3	1	0.000000
847	3	1	0.000000
848	3	1	0.000000
849	3	1	0.000000
850	3	1	0.000000
851	3	1	0.000000
852	3	1	0.000000
853	3	1	0.000000
854	3	1	0.000000
855	3	1	0.000000
856	3	1	0.000000
857	3	1	0.000000
858	3	1	0.000000
859	3	3	0.000000
860	3	1	0.000000
861	3	1	0.000000
862	3	1	0.000000
863	3	1	0.000000
864	3	1	0.000000
865	3	1	0.000000
866	3	1	0.000000
867	3	1	0.000000
868	3	2	0.000000
869	3	1	0.000000
870	3	1	0.000000
871	3	1	0.000000
872	3	1	0.000000
873	3	1	0.000000
874	3	1	0.000000
875	3	1	0.000000
876	3	1	0.000000
877	3	1	0.000000
878	3	1	0.000000
879	3	1	0.000000
880	3	1	0.000000
881	3	1	0.000000
882	3	1	0.000000
883	3	1	0.000000
884	3	1	0.000000
885	3	1	0.000000
886	3	1	0.000000
887	3	1	0.000000
888	3	1	0.000000
889	3	1	0.000000
890	3	1	0.000000
891	3	1	0.000000
892	3	1	0.000000
893	3	1	0.000000
894	3	1	0.000000
895	3	1	0.000000
896	3	1	0.000000
897	3	1	0.000000
898	3	1	0.000000
899	3	1	0.000000
900	3	0	0.000000
901	3	1	0.000000
902	3	1	0.000000
903	3	1	0.000000
904	3	1	0.000000
905	3	1	0.000000
906	3	1	0.000000
907	3	0	0.000000
908	3	1	0.000000
909	3	1	0.000000
910	3	1	0.000000
911	3	1	0.000000
912	3	1	0.000000
913	3	1	0.000000
914	3	1	0.000000
915	3	1	0.000000
916	3	1	0.000000
917	3	1	0.000000
918	3	1	0.000000
919	3	1	0.000000
920	3	1	0.000000
921	3	0	0.000000
922	3	1	0.000000
923	3	1	0.000000
924	3	1	0.000000
925	3	1	0.000000
926	3	1	0.000000
927	3	1	0.000000
928	3	1	0.000000
929	3	1	0.000000
930	3	1	0.000000
931	3	1	0.000000
932	3	1	0.000000
933	2	3	0.000000
934	2	3	0.000000
935	2	4	0.000000
936	2	3	0.000000
937	2	3	0.000000
938	2	3	0.000000
939	2	0	0.000000
940	2	3	0.000000
941	2	5	0.000000
942	2	3	0.000000
943	2	3	0.000000
944	2	3	0.000000
945	2	3	0.000000
946	3	1	0.000000
947	3	1	0.000000
948	3	1	0.000000
949	3	1	0.000000
950	3	1	0.000000
951	3	1	0.000000
952	3	1	0.000000
953	3	1	0.000000
954	3	1	0.000000
955	3	1	0.000000
956	3	1	0.000000
957	3	1	0.000000
958	3	2	0.000000
959	3	1	0.000000
960	3	1	0.000000
961	3	1	0.000000
962	3	1	0.000000
963	3	1	0.000000
964	3	1	0.000000
965	3	1	0.000000
966	3	1	0.000000
967	3	1	0.000000
968	3	1	0.000000
969	3	1	0.000000
970	3	1	0.000000
971	3	1	0.000000
972	3	1	0.000000
973	3	1	0.000000
974	3	1	0.000000
975	3	1	0.000000
976	3	0	0.000000
977	3	1	0.000000
978	3	1	0.000000
979	3	1	0.000000
980	3	1	0.000000
981	3	1	0.000000
982	3	1	0.000000
983	3	1	0.000000
984	3	1	0.000000
985	3	1	0.000000
986	3	1	0.000000
987	3	1	0.000000
988	3	1	0.000000
989	3	1	0.000000
990	3	2	0.000000
991	3	1	0.000000
992	2	3	0.000000
993	2	3	0.000000
994	2	3	0.000000
995	2	3	0.000000
996	2	3	0.000000
997	2	3	0.000000
998	2	3	0.000000
999	2	3	0.000000
1000	2	3	0.000000
1001	2	3	0.000000
1002	2	3	0.000000
1003	2	3	0.000000
1004	2	1	0.000000
1005	2	3	0.000000
1006	2	3	0.000000
1007	2	3	0.000000
1008	3	1	0.000000
1009	3	1	0.000000
1010	3	1	0.000000
1011	3	1	0.000000
1012	3	1	0.000000
1013	3	1	0.000000
1014	3	1	0.000000
1015	3	3	0.000000
1016	3	1	0.000000
1017	3	1	0.000000
1018	3	1	0.000000
1019	3	1	0.000000
1020	3	1	0.000000
1021	3	1	0.000000
1022	3	1	0.000000
1023	3	1	0.000000
1024	3	1	0.000000
1025	3	1	0.000000
1026	3	1	0.000000
1027	3	1	0.000000
1028	3	1	0.000000
1029	3	0	0.000000
1030	3	1	0.000000
1031	3	1	0.000000
1032	3	2	0.000000
1033	3	1	0.000000
1034	3	1	0.000000
1035	3	1	0.000000
1036	3	1	0.000000
1037	3	1	0.000000
1038	3	1	0.000000
1039	3	1	0.000000
1040	3	1	0.000000
1041	3	1	0.000000
1042	3	1	0.000000
1043	3	1	0.000000
1044	3	0	0.000000
1045	3	1	0.000000
1046	3	1	0.000000
1047	3	1	0.000000
1048	3	1	0.000000
1049	3	1	0.000000
1050	2	3	0.000000
1051	2	3	0.000000
1052	2	3	0.000000
1053	2	4	0.000000
1054	2	3	0.000000
1055	2	3	0.000000
1056	2	3	0.000000
1057	2	5	0.000000
1058	2	3	0.000000
1059	2	3	0.000000
1060	2	3	0.000000
1061	2	5	0.000000
1062	2	3	0.000000
1063	2	3	0.000000
1064	2	3	0.000000
1065	2	3	0.000000
1066	3	1	0.000000
1067	3	3	0.000000
1068	3	1	0.000000
1069	3	1	0.000000
1070	3	1	0.000000
1071	3	1	0.000000
1072	3	1	0.000000
1073	3	1	0.000000
1074	3	1	0.000000
1075	3	1	0.000000
1076	3	1	0.000000
1077	3	1	0.000000
1078	3	1	0.000000
1079	3	1	0.000000
1080	3	1	0.000000
1081	3	1	0.000000
1082	3	1	0.000000
1083	3	1	0.000000
1084	3	1	0.000000
1085	3	1	0.000000
1086	3	2	0.000000
1087	3	1	0.000000
1088	3	1	0.000000
1089	3	1	0.000000
1090	3	1	0.000000
1091	3	1	0.000000
1092	3	1	0.000000
1093	3	1	0.000000
1094	3	1	0.000000
1095	3	1	0.000000
1096	3	1	0.000000
1097	3	1	0.000000
1098	3	2	0.000000
1099	3	1	0.000000
1100	3	1	0.000000
1101	2	3	0.000000
1102	2	3	0.000000
1103	2	3	0.000000
1104	2	3	0.000000
1105	2	3	0.000000
1106	2	3	0.000000
1107	2	3	0.000000
1108	2	2	0.000000
1109	2	3	0.000000
1110	2	3	0.000000
1111	2	3	0.000000
1112	2	3	0.000000
1113	2	3	0.000000
1114	2	3	0.000000
1115	2	3	0.000000
1116	3	1	0.000000
1117	3	1	0.000000
1118	3	2	0.000000
1119	3	1	0.000000
1120	3	1	0.000000
1121	3	1	0.000000
1122	3	1	0.000000
1123	3	1	0.000000
1124	3	1	0.000000
1125	3	1	0.000000
1126	3	1	0.000000
1127	3	1	0.000000
1128	3	1	0.000000
1129	3	1	0.000000
1130	3	1	0.000000
1131	3	1	0.000000
1132	3	1	0.000000
1133	3	1	0.000000
1134	3	1	0.000000
1135	3	1	0.000000
1136	3	1	0.000000
1137	3	2	0.000000
1138	3	1	0.000000
1139	3	1	0.000000
1140	3	1	0.000000
1141	3	1	0.000000
1142	3	1	0.000000
1143	3	1	0.000000
1144	3	1	0.000000
1145	3	2	0.000000
1146	3	3	0.000000
1147	3	1	0.000000
1148	3	1	0.000000
1149	3	1	0.000000
1150	3	1	0.000000
1151	2	3	0.000000
1152	2	3	0.000000
1153	2	3	0.000000
1154	2	3	0.000000
1155	2	3	0.000000
1156	2	3	0.000000
1157	2	3	0.000000
1158	1	3	0.000000
1159	1	1	0.000000
1160	1	3	0.000000
1161	1	3	0.000000
1162	1	3	0.000000
1163	2	3	0.000000
1164	2	3	0.000000
1165	2	3	0.000000
1166	2	3	0.000000
1167	2	1	0.000000
1168	3	1	0.000000
1169	3	1	0.000000
1170	3	2	0.000000
1171	3	1	0.000000
1172	3	1	0.000000
1173	3	1	0.000000
1174	3	1	0.000000
1175	3	1	0.000000
1176	3	1	0.000000
1177	3	1	0.000000
1178	3	1	0.000000
1179	3	3	0.000000
1180	3	1	0.000000
1181	3	1	0.000000
1182	3	1	0.000000
1183	3	1	0.000000
1184	3	1	0.000000
1185	3	1	0.000000
1186	3	1	0.000000
1187	3	1	0.000000
1188	3	1	0.000000
1189	3	1	0.000000
1190	3	1	0.000000
1191	3	2	0.000000
1192	3	1	0.000000
1193	3	1	0.000000
1194	3	1	0.000000
1195	3	1	0.000000
1196	3	1	0.000000
1197	3	1	0.000000
1198	3	1	0.000000
1199	3	1	0.000000
1200	3	1	0.000000
1201	3	1	0.000000
1202	3	3	0.000000
1203	3	1	0.000000
1204	3	0	0.000000
1205	3	1	0.000000
1206	3	1	0.000000
1207	3	1	0.000000
1208	3	1	0.000000
1209	3	1	0.000000
1210	3	3	0.000000
1211	3	1	0.000000
1212	3	1	0.000000
1213	3	1	0.000000
1214	3	1	0.000000
1215	3	1	0.000000
1216	3	1	0.000000
1217	3	1	0.000000
1218	3	1	0.000000
1219	3	1	0.000000
1220	3	1	0.000000
1221	3	1	0.000000
1222	3	1	0.000000
1223	3	1	0.000000
1224	3	1	0.000000
1225	3	1	0.000000
1226	3	1	0.000000
1227	3	1	0.000000
1228	3	1	0.000000
1229	3	1	0.000000
1230	3	1	0.000000
1231	3	1	0.000000
1232	3	1	0.000000
1233	3	1	0.000000
1234	3	1	0.000000
1235	3	1	0.000000
1236	3	1	0.000000
1237	3	1	0.000000
1238	3	1	0.000000
1239	3	1	0.000000
1240	3	1	0.000000
1241	3	1	0.000000
1242	3	1	0.000000
1243	3	1	0.000000
1244	3	1	0.000000
1245	3	1	0.000000
1246	3	1	0.000000
1247	3	1	0.000000
1248	3	1	0.000000
1249	3	1	0.000000
1250	3	1	0.000000
1251	3	1	0.000000
1252	3	1	0.000000
1253	3	1	0.000000
1254	3	1	0.000000
1255	3	1	0.000000
1256	3	1	0.000000
1257	3	1	0.000000
1258	3	1	0.000000
1259	3	1	0.000000
1260	3	1	0.000000
1261	3	1	0.000000
1262	2	3	0.000000
1263	2	3	0.000000
1264	2	3	0.000000
1265	2	3	0.000000
1266	2	3	0.000000
1267	2	3	0.000000
1268	2	3	0.000000
1269	2	3	0.000000
1270	2	3	0.000000
1271	2	3	0.000000
1272	2	3	0.000000
1273	2	3	0.000000
1274	3	1	0.000000
1275	3	1	0.000000
1276	3	1	0.000000
1277	3	1	0.000000
1278	4	2	0.000000
1279	4	2	0.000000
1280	4	1	0.000000
1281	4	2	0.000000
1282	4	2	0.000000
1283	4	2	0.000000
1284	4	2	0.000000
1285	4	2	0.000000
1286	4	2	0.000000
1287	4	2	0.000000
1288	3	1	0.000000
1289	3	1	0.000000
1290	3	1	0.000000
1291	3	1	0.000000
1292	3	1	0.000000
1293	3	1	0.000000
1294	3	1	0.000000
1295	3	1	0.000000
1296	3	1	0.000000
1297	3	1	0.000000
1298	3	1	0.000000
1299	3	1	0.000000
1300	3	1	0.000000
1301	3	1	0.000000
1302	3	1	0.000000
1303	3	1	0.000000
1304	3	1	0.000000
1305	3	1	0.000000
1306	3	1	0.000000
1307	3	1	0.000000
1308	3	1	0.000000
1309	3	3	0.000000
1310	3	1	0.000000
1311	3	1	0.000000
1312	3	1	0.000000
1313	3	1	0.000000
1314	3	1	0.000000
1315	3	1	0.000000
1316	3	1	0.000000
1317	3	1	0.000000
1318	3	1	0.000000
1319	3	1	0.000000
1320	3	1	0.000000
1321	3	1	0.000000
1322	2	3	0.000000
1323	2	3	0.000000
1324	2	3	0.000000
1325	2	3	0.000000
1326	2	3	0.000000
1327	2	3	0.000000
1328	2	2	0.000000
1329	2	3	0.000000
1330	2	2	0.000000
1331	2	3	0.000000
1332	2	3	0.000000
1333	2	3	0.000000
1334	2	3	0.000000
1335	2	3	0.000000
1336	2	3	0.000000
1337	3	1	0.000000
1338	3	1	0.000000
1339	3	3	0.000000
1340	3	2	0.000000
1341	3	1	0.000000
1342	3	1	0.000000
1343	3	1	0.000000
1344	3	1	0.000000
1345	3	1	0.000000
1346	3	1	0.000000
1347	3	1	0.000000
1348	3	3	0.000000
1349	3	1	0.000000
1350	3	1	0.000000
1351	3	1	0.000000
1352	3	1	0.000000
1353	3	1	0.000000
1354	3	1	0.000000
1355	3	1	0.000000
1356	3	1	0.000000
1357	3	1	0.000000
1358	3	1	0.000000
1359	3	1	0.000000
1360	3	1	0.000000
1361	3	1	0.000000
1362	3	1	0.000000
1363	3	1	0.000000
1364	3	1	0.000000
1365	3	1	0.000000
1366	3	1	0.000000
1367	3	1	0.000000
1368	3	1	0.000000
1369	3	1	0.000000
1370	3	1	0.000000
1371	3	1	0.000000
1372	3	1	0.000000
1373	3	1	0.000000
1374	3	1	0.000000
1375	3	1	0.000000
1376	3	1	0.000000
1377	3	0	0.000000
1378	3	1	0.000000
1379	3	1	0.000000
1380	3	1	0.000000
1381	3	1	0.000000
1382	3	1	0.000000
1383	3	2	0.000000
1384	3	1	0.000000
1385	3	1	0.000000
1386	3	1	0.000000
1387	3	1	0.000000
1388	3	1	0.000000
1389	3	1	0.000000
1390	3	1	0.000000
1391	3	1	0.000000
1392	3	1	0.000000
1393	3	1	0.000000
1394	3	1	0.000000
1395	3	1	0.000000
1396	2	3	0.000000
1397	3	1	0.000000
1398	2	3	0.000000
1399	2	3	0.000000
1400	2	3	0.000000
1401	2	3	0.000000
1402	2	3	0.000000
1403	2	3	0.000000
1404	2	3	0.000000
1405	2	3	0.000000
1406	3	1	0.000000
1407	3	1	0.000000
1408	3	1	0.000000
1409	3	0	0.000000
1410	3	1	0.000000
1411	3	1	0.000000
1412	3	1	0.000000
1413	3	1	0.000000
1414	3	1	0.000000
1415	3	1	0.000000
1416	3	1	0.000000
1417	3	1	0.000000
1418	3	1	0.000000
1419	3	0	0.000000
1420	3	1	0.000000
1421	3	1	0.000000
1422	3	3	0.000000
1423	3	1	0.000000
1424	3	1	0.000000
1425	3	1	0.000000
1426	3	1	0.000000
1427	3	1	0.000000
1428	3	1	0.000000
1429	3	1	0.000000
1430	3	1	0.000000
1431	3	1	0.000000
1432	3	1	0.000000
1433	3	3	0.000000
1434	3	1	0.000000
1435	3	1	0.000000
1436	3	1	0.000000
1437	3	1	0.000000
1438	3	1	0.000000
1439	3	1	0.000000
1440	3	1	0.000000
1441	3	1	0.000000
1442	3	1	0.000000
1443	3	1	0.000000
1444	3	1	0.000000
1445	3	1	0.000000
1446	3	1	0.000000
1447	3	1	0.000000
1448	3	1	0.000000
1449	3	1	0.000000
1450	3	1	0.000000
1451	3	1	0.000000
1452	3	1	0.000000
1453	3	1	0.000000
1454	3	1	0.000000
1455	3	1	0.000000
1456	3	1	0.000000
1457	3	1	0.000000
1458	2	3	0.000000
1459	2	3	0.000000
1460	3	1	0.000000
1461	2	2	0.000000
1462	2	3	0.000000
1463	2	0	0.000000
1464	2	3	0.000000
1465	2	3	0.000000
1466	2	3	0.000000
1467	2	3	0.000000
1468	2	3	0.000000
1469	2	3	0.000000
1470	2	3	0.000000
1471	2	3	0.000000
1472	2	3	0.000000
1473	2	3	0.000000
1474	2	3	0.000000
1475	3	1	0.000000
1476	3	1	0.000000
1477	3	1	0.000000
1478	3	1	0.000000
1479	3	1	0.000000
1480	3	1	0.000000
1481	3	1	0.000000
1482	3	1	0.000000
1483	3	1	0.000000
1484	3	1	0.000000
1485	3	1	0.000000
1486	3	1	0.000000
1487	3	1	0.000000
1488	3	1	0.000000
1489	3	1	0.000000
1490	3	1	0.000000
1491	3	1	0.000000
1492	3	1	0.000000
1493	3	1	0.000000
1494	3	1	0.000000
1495	3	2	0.000000
1496	3	1	0.000000
1497	3	1	0.000000
1498	3	1	0.000000
1499	3	3	0.000000
1500	3	1	0.000000
1501	3	1	0.000000
1502	3	1	0.000000
1503	3	1	0.000000
1504	3	1	0.000000
1505	3	1	0.000000
1506	3	1	0.000000
1507	3	1	0.000000
1508	3	1	0.000000
1509	3	2	0.000000
1510	3	1	0.000000
1511	3	3	0.000000
1512	3	1	0.000000
1513	3	1	0.000000
1514	3	1	0.000000
1515	3	2	0.000000
1516	3	3	0.000000
1517	3	1	0.000000
1518	3	1	0.000000
1519	3	1	0.000000
1520	3	1	0.000000
1521	3	1	0.000000
1522	3	1	0.000000
1523	3	1	0.000000
1524	3	1	0.000000
1525	3	1	0.000000
1526	3	1	0.000000
1527	3	1	0.000000
1528	3	1	0.000000
1529	3	1	0.000000
1530	3	1	0.000000
1531	3	1	0.000000
1532	3	1	0.000000
1533	3	1	0.000000
1534	2	3	0.000000
1535	3	1	0.000000
1536	3	1	0.000000
1537	2	3	0.000000
1538	2	3	0.000000
1539	2	3	0.000000
1540	2	3	0.000000
1541	2	3	0.000000
1542	2	3	0.000000
1543	2	3	0.000000
1544	2	3	0.000000
1545	2	3	0.000000
1546	2	3	0.000000
1547	3	1	0.000000
1548	3	1	0.000000
1549	3	1	0.000000
1550	3	1	0.000000
1551	3	1	0.000000
1552	3	3	0.000000
1553	3	1	0.000000
1554	3	1	0.000000
1555	3	1	0.000000
1556	3	2	0.000000
1557	3	1	0.000000
1558	3	1	0.000000
1559	3	1	0.000000
1560	3	1	0.000000
1561	3	1	0.000000
1562	3	1	0.000000
1563	3	2	0.000000
1564	3	1	0.000000
1565	3	1	0.000000
1566	3	1	0.000000
1567	3	1	0.000000
1568	3	1	0.000000
1569	3	1	0.000000
1570	3	1	0.000000
1571	3	1	0.000000
1572	3	1	0.000000
1573	3	1	0.000000
1574	3	1	0.000000
1575	3	1	0.000000
1576	3	1	0.000000
1577	3	1	0.000000
1578	3	1	0.000000
1579	3	1	0.000000
1580	3	1	0.000000
1581	3	1	0.000000
1582	3	1	0.000000
1583	3	3	0.000000
1584	3	1	0.000000
1585	3	1	0.000000
1586	3	1	0.000000
1587	3	1	0.000000
1588	3	1	0.000000
1589	3	1	0.000000
1590	3	1	0.000000
1591	3	1	0.000000
1592	3	1	0.000000
1593	3	1	0.000000
1594	3	1	0.000000
1595	3	1	0.000000
1596	3	1	0.000000
1597	3	1	0.000000
1598	3	1	0.000000
1599	3	1	0.000000
1600	3	1	0.000000
1601	3	1	0.000000
1602	3	1	0.000000
1603	3	1	0.000000
1604	3	1	0.000000
1605	3	1	0.000000
1606	3	1	0.000000
1607	3	1	0.000000
1608	3	1	0.000000
1609	3	1	0.000000
1610	3	1	0.000000
1611	3	1	0.000000
1612	3	3	0.000000
1613	3	1	0.000000
1614	3	1	0.000000
1615	3	1	0.000000
1616	3	1	0.000000
1617	3	1	0.000000
1618	3	1	0.000000
1619	3	1	0.000000
1620	3	1	0.000000
1621	3	1	0.000000
1622	3	1	0.000000
1623	3	1	0.000000
1624	3	1	0.000000
1625	3	1	0.000000
1626	3	1	0.000000
1627	3	1	0.000000
1628	3	1	0.000000
1629	3	1	0.000000
1630	3	1	0.000000
1631	3	1	0.000000
1632	3	2	0.000000
1633	3	1	0.000000
1634	3	1	0.000000
1635	3	1	0.000000
1636	3	1	0.000000
1637	3	1	0.000000
1638	3	3	0.000000
1639	3	1	0.000000
1640	3	1	0.000000
1641	3	0	0.000000
1642	3	1	0.000000
1643	3	2	0.000000
1644	3	1	0.000000
1645	3	1	0.000000
1646	3	1	0.000000
1647	3	1	0.000000
1648	3	1	0.000000
1649	3	1	0.000000
1650	3	1	0.000000
1651	3	1	0.000000
1652	3	1	0.000000
1653	3	1	0.000000
1654	3	1	0.000000
1655	3	1	0.000000
1656	3	1	0.000000
1657	3	1	0.000000
1658	3	1	0.000000
1659	3	1	0.000000
1660	3	2	0.000000
1661	3	1	0.000000
1662	3	1	0.000000
1663	3	1	0.000000
1664	3	0	0.000000
1665	3	1	0.000000
1666	3	1	0.000000
1667	3	1	0.000000
1668	3	1	0.000000
1669	3	3	0.000000
1670	3	1	0.000000
1671	2	3	0.000000
1672	2	3	0.000000
1673	2	2	0.000000
1674	2	3	0.000000
1675	2	3	0.000000
1676	2	3	0.000000
1677	2	0	0.000000
1678	2	3	0.000000
1679	2	3	0.000000
1680	2	3	0.000000
1681	2	3	0.000000
1682	2	3	0.000000
1683	2	3	0.000000
1684	2	3	0.000000
1685	2	3	0.000000
1686	2	3	0.000000
1687	2	3	0.000000
1688	3	1	0.000000
1689	3	1	0.000000
1690	3	0	0.000000
1691	3	1	0.000000
1692	3	1	0.000000
1693	3	1	0.000000
1694	3	1	0.000000
1695	3	1	0.000000
1696	3	1	0.000000
1697	3	1	0.000000
1698	3	2	0.000000
1699	3	1	0.000000
1700	3	1	0.000000
1701	3	1	0.000000
1702	3	1	0.000000
1703	3	1	0.000000
1704	3	1	0.000000
1705	3	1	0.000000
1706	3	3	0.000000
1707	3	1	0.000000
1708	3	1	0.000000
1709	3	1	0.000000
1710	3	1	0.000000
1711	3	1	0.000000
1712	3	1	0.000000
1713	3	2	0.000000
1714	3	1	0.000000
1715	3	1	0.000000
1716	3	1	0.000000
1717	3	2	0.000000
1718	3	1	0.000000
1719	3	1	0.000000
1720	2	2	0.000000
1721	2	3	0.000000
1722	2	3	0.000000
1723	2	5	0.000000
1724	2	3	0.000000
1725	2	1	0.000000
1726	2	3	0.000000
1727	2	3	0.000000
1728	2	3	0.000000
1729	2	3	0.000000
1730	2	3	0.000000
1731	2	3	0.000000
1732	2	3	0.000000
1733	2	3	0.000000
1734	2	3	0.000000
1735	2	3	0.000000
1736	2	3	0.000000
1737	2	3	0.000000
1738	2	3	0.000000
1739	1	3	0.000000
1740	1	3	0.000000
1741	1	1	0.000000
1742	1	3	0.000000
1743	1	3	0.000000
1744	1	3	0.000000
1745	1	3	0.000000
1746	1	3	0.000000
1747	1	3	0.000000
1748	1	3	0.000000
1749	1	3	0.000000
1750	1	3	0.000000
1751	2	2	0.000000
1752	2	3	0.000000
1753	2	3	0.000000
1754	2	0	0.000000
1755	2	3	0.000000
1756	2	3	0.000000
1757	2	3	0.000000
1758	2	3	0.000000
1759	2	3	0.000000
1760	2	3	0.000000
1761	2	3	0.000000
1762	2	3	0.000000
1763	2	3	0.000000
1764	2	3	0.000000
1765	2	3	0.000000
1766	2	3	0.000000
1767	2	3	0.000000
1768	2	3	0.000000
1769	3	1	0.000000
1770	3	1	0.000000
1771	3	1	0.000000
1772	3	1	0.000000
1773	3	1	0.000000
1774	3	1	0.000000
1775	3	3	0.000000
1776	3	1	0.000000
1777	3	1	0.000000
1778	3	1	0.000000
1779	3	1	0.000000
1780	3	1	0.000000
1781	3	1	0.000000
1782	3	1	0.000000
1783	3	1	0.000000
1784	3	1	0.000000
1785	3	1	0.000000
1786	3	1	0.000000
1787	3	1	0.000000
1788	2	0	0.000000
1789	2	3	0.000000
1790	2	3	0.000000
1791	2	3	0.000000
1792	2	3	0.000000
1793	2	3	0.000000
1794	2	3	0.000000
1795	2	3	0.000000
1796	2	3	0.000000
1797	2	3	0.000000
1798	2	3	0.000000
1799	2	2	0.000000
1800	2	3	0.000000
1801	2	3	0.000000
1802	1	3	0.000000
1803	2	3	0.000000
1804	1	1	0.000000
1805	1	3	0.000000
1806	1	3	0.000000
1807	1	3	0.000000
1808	1	3	0.000000
1809	1	3	0.000000
1810	1	3	0.000000
1811	1	3	0.000000
1812	1	0	0.000000
1813	1	3	0.000000
1814	1	3	0.000000
1815	1	3	0.000000
1816	1	3	0.000000
1817	1	3	0.000000
1818	1	3	0.000000
1819	1	0	0.000000
1820	1	3	0.000000
1821	1	3	0.000000
1822	1	3	0.000000
1823	1	1	0.000000
1824	1	3	0.000000
1825	1	3	0.000000
1826	1	3	0.000000
1827	1	3	0.000000
1828	1	3	0.000000
1829	1	3	0.000000
1830	1	3	0.000000
1831	1	3	0.000000
1832	1	2	0.000000
1833	1	3	0.000000
1834	1	1	0.000000
1835	1	3	0.000000
1836	1	3	0.000000
1837	1	3	0.000000
1838	1	3	0.000000
1839	1	3	0.000000
1840	1	3	0.000000
1841	1	3	0.000000
1842	1	3	0.000000
1843	1	0	0.000000
1844	1	3	0.000000
1845	1	3	0.000000
1846	1	3	0.000000
1847	1	3	0.000000
1848	1	3	0.000000
1849	1	2	0.000000
1850	1	3	0.000000
1851	1	3	0.000000
1852	1	3	0.000000
1853	1	3	0.000000
1854	1	0	0.000000
1855	1	0	0.000000
1856	1	3	0.000000
1857	1	3	0.000000
1858	1	3	0.000000
1859	1	3	0.000000
1860	1	3	0.000000
1861	1	3	0.000000
1862	1	1	0.000000
1863	1	3	0.000000
1864	1	3	0.000000
1865	1	3	0.000000
1866	1	3	0.000000
1867	1	3	0.000000
1868	1	3	0.000000
1869	1	3	0.000000
1870	1	3	0.000000
1871	1	3	0.000000
1872	1	3	0.000000
1873	1	3	0.000000
1874	1	2	0.000000
1875	1	3	0.000000
1876	1	3	0.000000
1877	1	3	0.000000
1878	1	3	0.000000
1879	1	3	0.000000
1880	1	3	0.000000
1881	1	3	0.000000
1882	1	3	0.000000
1883	1	3	0.000000
1884	1	3	0.000000
1885	1	0	0.000000
1886	1	3	0.000000
1887	1	3	0.000000
1888	1	3	0.000000
1889	1	3	0.000000
1890	1	3	0.000000
1891	1	3	0.000000
1892	1	3	0.000000
1893	1	3	0.000000
1894	1	3	0.000000
1895	1	3	0.000000
1896	1	3	0.000000
1897	1	3	0.000000
1898	1	3	0.000000
1899	1	3	0.000000
1900	1	3	0.000000
1901	1	3	0.000000
1902	1	2	0.000000
1903	1	3	0.000000
1904	1	3	0.000000
1905	1	3	0.000000
1906	1	0	0.000000
1907	1	3	0.000000
1908	1	3	0.000000
1909	1	3	0.000000
1910	1	3	0.000000
1911	1	3	0.000000
1912	1	1	0.000000
1913	1	3	0.000000
1914	1	3	0.000000
1915	1	3	0.000000
1916	1	0	0.000000
1917	1	3	0.000000
1918	1	3	0.000000
1919	1	3	0.000000
1920	1	3	0.000000
1921	1	3	0.000000
1922	1	3	0.000000
1923	1	0	0.000000
1924	1	3	0.000000
1925	1	0	0.000000
1926	1	3	0.000000
1927	1	0	0.000000
1928	1	3	0.000000
1929	1	3	0.000000
1930	1	3	0.000000
1931	1	3	0.000000
1932	1	3	0.000000
1933	1	3	0.000000
1934	1	3	0.000000
1935	1	3	0.000000
1936	1	3	0.000000
1937	1	3	0.000000
1938	1	3	0.000000
1939	1	3	0.000000
1940	1	3	0.000000
1941	1	3	0.000000
1942	1	0	0.000000
1943	1	2	0.000000
1944	1	3	0.000000
1945	1	3	0.000000
1946	2	3	0.000000
1947	2	3	0.000000
1948	2	3	0.000000
1949	2	3	0.000000
1950	2	3	0.000000
1951	2	3	0.000000
1952	3	1	0.000000
1953	3	1	0.000000
1954	3	1	0.000000
1955	3	1	0.000000
1956	3	1	0.000000
1957	3	1	0.000000
1958	3	1	0.000000
1959	3	1	0.000000
1960	3	1	0.000000
1961	3	2	0.000000
1962	3	1	0.000000
1963	3	1	0.000000
1964	3	1	0.000000
1965	3	1	0.000000
1966	3	1	0.000000
1967	3	1	0.000000
1968	3	2	0.000000
1969	3	1	0.000000
1970	3	1	0.000000
1971	3	1	0.000000
1972	3	1	0.000000
1973	3	1	0.000000
1974	3	1	0.000000
1975	3	1	0.000000
1976	3	1	0.000000
1977	3	1	0.000000
1978	3	1	0.000000
1979	3	1	0.000000
1980	3	1	0.000000
1981	3	1	0.000000
1982	3	1	0.000000
1983	3	1	0.000000
1984	3	1	0.000000
1985	3	1	0.000000
1986	3	1	0.000000
1987	3	1	0.000000
1988	3	1	0.000000
1989	3	1	0.000000
1990	3	2	0.000000
1991	3	1	0.000000
1992	3	1	0.000000
1993	3	1	0.000000
1994	3	1	0.000000
1995	3	1	0.000000
1996	3	1	0.000000
1997	3	1	0.000000
1998	3	1	0.000000
1999	3	1	0.000000
2000	3	1	0.000000
2001	3	1	0.000000
2002	3	1	0.000000
2003	3	1	0.000000
2004	3	1	0.000000
2005	3	1	0.000000
2006	3	1	0.000000
2007	3	1	0.000000
2008	3	1	0.000000
2009	3	1	0.000000
2010	3	1	0.000000
2011	3	1	0.000000
2012	3	1	0.000000
2013	3	2	0.000000
2014	3	1	0.000000
2015	3	1	0.000000
2016	3	1	0.000000
2017	3	1	0.000000
2018	3	0	0.000000
2019	3	1	0.000000
2020	3	2	0.000000
2021	3	1	0.000000
2022	3	1	0.000000
2023	3	1	0.000000
2024	3	1	0.000000
2025	3	1	0.000000
2026	3	1	0.000000
2027	3	1	0.000000
2028	2	3	0.000000
2029	2	3	0.000000
2030	2	3	0.000000
2031	2	3	0.000000
2032	2	5	0.000000
2033	2	3	0.000000
2034	2	3	0.000000
2035	2	3	0.000000
2036	2	3	0.000000
2037	2	3	0.000000
2038	2	1	0.000000
2039	2	3	0.000000
2040	2	2	0.000000
2041	3	1	0.000000
2042	3	1	0.000000
2043	3	1	0.000000
2044	3	1	0.000000
2045	3	1	0.000000
2046	3	1	0.000000
2047	3	1	0.000000
2048	3	1	0.000000
2049	3	1	0.000000
2050	3	1	0.000000
2051	3	1	0.000000
2052	3	1	0.000000
2053	3	1	0.000000
2054	3	1	0.000000
2055	3	1	0.000000
2056	3	1	0.000000
2057	3	1	0.000000
2058	3	1	0.000000
2059	3	1	0.000000
2060	3	1	0.000000
2061	3	1	0.000000
2062	3	1	0.000000
2063	3	1	0.000000
2064	3	1	0.000000
2065	3	1	0.000000
2066	3	1	0.000000
2067	3	1	0.000000
2068	3	1	0.000000
2069	3	1	0.000000
2070	3	1	0.000000
2071	3	3	0.000000
2072	3	1	0.000000
2073	3	1	0.000000
2074	3	1	0.000000
2075	3	0	0.000000
2076	3	1	0.000000
2077	3	1	0.000000
2078	3	1	0.000000
2079	3	1	0.000000
2080	3	1	0.000000
2081	3	1	0.000000
2082	3	1	0.000000
2083	3	1	0.000000
2084	3	1	0.000000
2085	3	1	0.000000
2086	3	1	0.000000
2087	3	1	0.000000
2088	3	0	0.000000
2089	3	1	0.000000
2090	3	1	0.000000
2091	3	2	0.000000
2092	3	3	0.000000
2093	3	1	0.000000
2094	3	1	0.000000
2095	3	1	0.000000
2096	3	1	0.000000
2097	3	1	0.000000
2098	3	1	0.000000
2099	3	1	0.000000
2100	3	1	0.000000
2101	3	1	0.000000
2102	3	0	0.000000
2103	3	1	0.000000
2104	3	1	0.000000
2105	3	1	0.000000
2106	3	1	0.000000
2107	3	1	0.000000
2108	3	1	0.000000
2109	3	1	0.000000
2110	3	1	0.000000
2111	3	1	0.000000
2112	3	1	0.000000
2113	3	1	0.000000
2114	3	1	0.000000
2115	3	1	0.000000
2116	3	1	0.000000
2117	3	1	0.000000
2118	3	3	0.000000
2119	3	1	0.000000
2120	3	1	0.000000
2121	3	1	0.000000
2122	3	1	0.000000
2123	3	1	0.000000
2124	3	1	0.000000
2125	3	2	0.000000
2126	3	1	0.000000
2127	3	1	0.000000
2128	3	1	0.000000
2129	3	1	0.000000
2130	3	1	0.000000
2131	3	1	0.000000
2132	3	1	0.000000
2133	3	1	0.000000
2134	3	1	0.000000
2135	3	1	0.000000
2136	3	1	0.000000
2137	3	1	0.000000
2138	3	1	0.000000
2139	3	1	0.000000
2140	3	3	0.000000
2141	3	1	0.000000
2142	3	1	0.000000
2143	3	1	0.000000
2144	3	1	0.000000
2145	3	1	0.000000
2146	3	1	0.000000
2147	3	1	0.000000
2148	3	1	0.000000
2149	3	1	0.000000
2150	3	1	0.000000
2151	3	1	0.000000
2152	3	0	0.000000
2153	3	1	0.000000
2154	3	1	0.000000
2155	3	1	0.000000
2156	3	1	0.000000
2157	3	1	0.000000
2158	3	1	0.000000
2159	3	1	0.000000
2160	3	1	0.000000
2161	3	1	0.000000
2162	3	1	0.000000
2163	3	1	0.000000
2164	3	1	0.000000
2165	3	1	0.000000
2166	3	1	0.000000
2167	3	2	0.000000
2168	3	1	0.000000
2169	3	1	0.000000
2170	3	1	0.000000
2171	3	1	0.000000
2172	3	1	0.000000
2173	3	1	0.000000
2174	3	1	0.000000
2175	3	1	0.000000
2176	3	1	0.000000
2177	3	1	0.000000
2178	3	1	0.000000
2179	3	1	0.000000
2180	3	1	0.000000
2181	3	1	0.000000
2182	3	3	0.000000
2183	3	1	0.000000
2184	3	1	0.000000
2185	3	1	0.000000
2186	3	1	0.000000
2187	3	1	0.000000
2188	3	1	0.000000
2189	3	1	0.000000
2190	3	1	0.000000
2191	3	1	0.000000
2192	3	1	0.000000
2193	3	1	0.000000
2194	3	1	0.000000
2195	3	1	0.000000
2196	3	1	0.000000
2197	3	1	0.000000
2198	3	1	0.000000
2199	3	1	0.000000
2200	3	1	0.000000
2201	3	1	0.000000
2202	3	2	0.000000
2203	3	1	0.000000
2204	3	1	0.000000
2205	3	1	0.000000
2206	3	0	0.000000
2207	3	1	0.000000
2208	3	1	0.000000
2209	3	1	0.000000
2210	3	1	0.000000
2211	3	1	0.000000
2212	3	1	0.000000
2213	3	0	0.000000
2214	3	1	0.000000
2215	3	1	0.000000
2216	3	1	0.000000
2217	3	1	0.000000
2218	3	1	0.000000
2219	3	1	0.000000
2220	3	1	0.000000
2221	3	1	0.000000
2222	3	1	0.000000
2223	3	1	0.000000
2224	3	1	0.000000
2225	3	1	0.000000
2226	3	1	0.000000
2227	3	1	0.000000
2228	3	1	0.000000
2229	3	1	0.000000
2230	3	1	0.000000
2231	3	1	0.000000
2232	3	1	0.000000
2233	3	1	0.000000
2234	3	1	0.000000
2235	2	3	0.000000
2236	2	3	0.000000
2237	2	3	0.000000
2238	2	3	0.000000
2239	2	3	0.000000
2240	2	3	0.000000
2241	2	3	0.000000
2242	2	3	0.000000
2243	2	3	0.000000
2244	2	3	0.000000
2245	2	3	0.000000
2246	2	3	0.000000
2247	2	3	0.000000
2248	2	0	0.000000
2249	2	3	0.000000
2250	3	2	0.000000
2251	3	1	0.000000
2252	3	3	0.000000
2253	3	1	0.000000
2254	3	1	0.000000
2255	3	1	0.000000
2256	3	1	0.000000
2257	3	1	0.000000
2258	3	2	0.000000
2259	3	1	0.000000
2260	3	1	0.000000
2261	3	0	0.000000
2262	3	1	0.000000
2263	3	1	0.000000
2264	3	1	0.000000
2265	3	1	0.000000
2266	3	1	0.000000
2267	3	1	0.000000
2268	3	1	0.000000
2269	3	1	0.000000
2270	3	1	0.000000
2271	3	1	0.000000
2272	3	1	0.000000
2273	3	1	0.000000
2274	3	1	0.000000
2275	3	1	0.000000
2276	3	1	0.000000
2277	3	1	0.000000
2278	3	3	0.000000
2279	3	1	0.000000
2280	3	1	0.000000
2281	3	1	0.000000
2282	3	1	0.000000
2283	3	1	0.000000
2284	3	3	0.000000
2285	3	1	0.000000
2286	3	1	0.000000
2287	3	1	0.000000
2288	3	1	0.000000
2289	3	2	0.000000
2290	3	1	0.000000
2291	3	1	0.000000
2292	3	1	0.000000
2293	3	1	0.000000
2294	3	3	0.000000
2295	3	1	0.000000
2296	3	1	0.000000
2297	3	0	0.000000
2298	2	3	0.000000
2299	2	3	0.000000
2300	2	3	0.000000
2301	2	3	0.000000
2302	2	3	0.000000
2303	2	3	0.000000
2304	2	3	0.000000
2305	2	3	0.000000
2306	2	3	0.000000
2307	2	3	0.000000
2308	2	3	0.000000
2309	2	3	0.000000
2310	2	4	0.000000
2311	2	3	0.000000
2312	2	3	0.000000
2313	3	1	0.000000
2314	3	1	0.000000
2315	3	1	0.000000
2316	3	1	0.000000
2317	3	1	0.000000
2318	3	1	0.000000
2319	3	1	0.000000
2320	3	1	0.000000
2321	3	1	0.000000
2322	3	1	0.000000
2323	3	1	0.000000
2324	3	1	0.000000
2325	3	1	0.000000
2326	3	1	0.000000
2327	3	1	0.000000
2328	3	1	0.000000
2329	3	1	0.000000
2330	3	1	0.000000
2331	3	1	0.000000
2332	3	1	0.000000
2333	3	1	0.000000
2334	3	1	0.000000
2335	3	1	0.000000
2336	3	1	0.000000
2337	3	1	0.000000
2338	3	1	0.000000
2339	3	1	0.000000
2340	3	3	0.000000
2341	3	1	0.000000
2342	3	1	0.000000
2343	3	2	0.000000
2344	3	1	0.000000
2345	3	1	0.000000
2346	3	1	0.000000
2347	3	1	0.000000
2348	3	1	0.000000
2349	3	1	0.000000
2350	3	1	0.000000
2351	3	1	0.000000
2352	3	0	0.000000
2353	3	1	0.000000
2354	3	1	0.000000
2355	3	1	0.000000
2356	2	3	0.000000
2357	3	1	0.000000
2358	3	1	0.000000
2359	2	3	0.000000
2360	2	3	0.000000
2361	2	3	0.000000
2362	2	3	0.000000
2363	2	3	0.000000
2364	2	3	0.000000
2365	2	3	0.000000
2366	2	1	0.000000
2367	2	3	0.000000
2368	2	3	0.000000
2369	2	2	0.000000
2370	2	3	0.000000
2371	2	3	0.000000
2372	3	1	0.000000
2373	3	1	0.000000
2374	3	1	0.000000
2375	3	1	0.000000
2376	3	1	0.000000
2377	3	1	0.000000
2378	3	1	0.000000
2379	3	1	0.000000
2380	3	0	0.000000
2381	3	1	0.000000
2382	3	1	0.000000
2383	3	1	0.000000
2384	3	1	0.000000
2385	3	1	0.000000
2386	3	1	0.000000
2387	3	1	0.000000
2388	3	1	0.000000
2389	3	1	0.000000
2390	3	1	0.000000
2391	3	1	0.000000
2392	3	1	0.000000
2393	3	1	0.000000
2394	3	1	0.000000
2395	3	1	0.000000
2396	3	1	0.000000
2397	3	1	0.000000
2398	3	1	0.000000
2399	3	1	0.000000
2400	3	1	0.000000
2401	3	1	0.000000
2402	3	1	0.000000
2403	3	1	0.000000
2404	2	3	0.000000
2405	3	1	0.000000
2406	2	3	0.000000
2407	2	3	0.000000
2408	2	3	0.000000
2409	2	3	0.000000
2410	2	3	0.000000
2411	2	3	0.000000
2412	2	3	0.000000
2413	2	3	0.000000
2414	2	3	0.000000
2415	2	3	0.000000
2416	2	2	0.000000
2417	2	1	0.000000
2418	2	3	0.000000
2419	2	3	0.000000
2420	3	1	0.000000
2421	3	1	0.000000
2422	3	1	0.000000
2423	3	1	0.000000
2424	3	1	0.000000
2425	3	1	0.000000
2426	3	1	0.000000
2427	3	1	0.000000
2428	3	1	0.000000
2429	3	1	0.000000
2430	3	1	0.000000
2431	3	1	0.000000
2432	3	1	0.000000
2433	3	1	0.000000
2434	3	1	0.000000
2435	3	3	0.000000
2436	3	1	0.000000
2437	3	1	0.000000
2438	3	1	0.000000
2439	3	0	0.000000
2440	3	1	0.000000
2441	3	1	0.000000
2442	3	1	0.000000
2443	3	1	0.000000
2444	3	1	0.000000
2445	3	1	0.000000
2446	3	1	0.000000
2447	3	1	0.000000
2448	3	1	0.000000
2449	3	1	0.000000
2450	3	1	0.000000
2451	3	1	0.000000
2452	2	3	0.000000
2453	2	3	0.000000
2454	3	1	0.000000
2455	2	3	0.000000
2456	2	3	0.000000
2457	2	3	0.000000
2458	2	3	0.000000
2459	2	3	0.000000
2460	2	3	0.000000
2461	2	3	0.000000
2462	2	3	0.000000
2463	2	4	0.000000
2464	2	3	0.000000
2465	2	3	0.000000
2466	2	3	0.000000
2467	3	1	0.000000
2468	3	1	0.000000
2469	3	1	0.000000
2470	3	0	0.000000
2471	3	1	0.000000
2472	3	2	0.000000
2473	3	1	0.000000
2474	3	1	0.000000
2475	3	1	0.000000
2476	3	1	0.000000
2477	3	1	0.000000
2478	3	1	0.000000
2479	3	1	0.000000
2480	3	1	0.000000
2481	3	1	0.000000
2482	3	1	0.000000
2483	3	1	0.000000
2484	3	1	0.000000
2485	3	1	0.000000
2486	3	1	0.000000
2487	3	1	0.000000
2488	3	1	0.000000
2489	3	1	0.000000
2490	3	1	0.000000
2491	3	0	0.000000
2492	3	1	0.000000
2493	2	3	0.000000
2494	2	3	0.000000
2495	2	3	0.000000
2496	2	3	0.000000
2497	2	3	0.000000
2498	2	3	0.000000
2499	2	3	0.000000
2500	2	3	0.000000
2501	2	3	0.000000
2502	2	3	0.000000
2503	2	3	0.000000
2504	2	3	0.000000
2505	2	3	0.000000
2506	2	1	0.000000
2507	3	1	0.000000
2508	3	1	0.000000
2509	3	1	0.000000
2510	3	1	0.000000
2511	3	1	0.000000
2512	3	1	0.000000
2513	3	0	0.000000
2514	3	1	0.000000
2515	3	1	0.000000
2516	3	1	0.000000
2517	3	1	0.000000
2518	3	2	0.000000
2519	3	1	0.000000
2520	3	0	0.000000
2521	3	1	0.000000
2522	3	1	0.000000
2523	3	1	0.000000
2524	3	1	0.000000
2525	3	1	0.000000
2526	3	1	0.000000
2527	3	1	0.000000
2528	3	1	0.000000
2529	3	1	0.000000
2530	3	1	0.000000
2531	3	1	0.000000
2532	3	1	0.000000
2533	3	1	0.000000
2534	3	1	0.000000
2535	3	1	0.000000
2536	3	1	0.000000
2537	3	1	0.000000
2538	3	1	0.000000
2539	3	1	0.000000
2540	2	3	0.000000
2541	2	3	0.000000
2542	2	3	0.000000
2543	2	3	0.000000
2544	2	3	0.000000
2545	2	3	0.000000
2546	2	4	0.000000
2547	2	3	0.000000
2548	2	3	0.000000
2549	2	3	0.000000
2550	2	3	0.000000
2551	2	3	0.000000
2552	2	3	0.000000
2553	2	3	0.000000
2554	2	2	0.000000
2555	3	1	0.000000
2556	3	1	0.000000
2557	3	2	0.000000
2558	3	1	0.000000
2559	3	1	0.000000
2560	3	1	0.000000
2561	3	1	0.000000
2562	3	1	0.000000
2563	3	1	0.000000
2564	3	1	0.000000
2565	3	1	0.000000
2566	3	1	0.000000
2567	3	1	0.000000
2568	3	1	0.000000
2569	3	2	0.000000
2570	3	3	0.000000
2571	3	1	0.000000
2572	3	1	0.000000
2573	3	1	0.000000
2574	3	1	0.000000
2575	3	1	0.000000
2576	3	1	0.000000
2577	3	1	0.000000
2578	3	1	0.000000
2579	3	1	0.000000
2580	3	1	0.000000
2581	3	1	0.000000
2582	3	1	0.000000
2583	3	1	0.000000
2584	2	3	0.000000
2585	2	3	0.000000
2586	2	3	0.000000
2587	2	3	0.000000
2588	2	3	0.000000
2589	2	3	0.000000
2590	2	3	0.000000
2591	2	3	0.000000
2592	2	3	0.000000
2593	2	3	0.000000
2594	2	3	0.000000
2595	2	3	0.000000
2596	2	3	0.000000
2597	2	3	0.000000
2598	2	3	0.000000
2599	2	3	0.000000
2600	3	1	0.000000
2601	3	1	0.000000
2602	3	2	0.000000
2603	3	2	0.000000
2604	3	1	0.000000
2605	3	1	0.000000
2606	3	1	0.000000
2607	3	1	0.000000
2608	3	1	0.000000
2609	3	1	0.000000
2610	3	1	0.000000
2611	3	1	0.000000
2612	3	1	0.000000
2613	2	3	0.000000
2614	2	3	0.000000
2615	2	3	0.000000
2616	2	3	0.000000
2617	2	3	0.000000
2618	2	3	0.000000
2619	2	3	0.000000
2620	2	5	0.000000
2621	2	3	0.000000
2622	2	3	0.000000
2623	2	3	0.000000
2624	2	3	0.000000
2625	3	1	0.000000
2626	3	1	0.000000
2627	3	1	0.000000
2628	3	1	0.000000
2629	3	2	0.000000
2630	3	3	0.000000
2631	3	1	0.000000
2632	3	1	0.000000
2633	3	1	0.000000
2634	4	2	0.000000
2635	4	2	0.000000
2636	4	2	0.000000
2637	4	2	0.000000
2638	3	1	0.000000
2639	3	1	0.000000
2640	3	1	0.000000
2641	3	1	0.000000
2642	3	1	0.000000
2643	3	1	0.000000
2644	3	0	0.000000
2645	3	1	0.000000
2646	3	1	0.000000
2647	3	1	0.000000
2648	3	1	0.000000
2649	3	1	0.000000
2650	3	1	0.000000
2651	3	1	0.000000
2652	3	1	0.000000
2653	3	1	0.000000
2654	3	0	0.000000
2655	3	1	0.000000
2656	3	1	0.000000
2657	3	1	0.000000
2658	3	1	0.000000
2659	3	1	0.000000
2660	3	1	0.000000
2661	3	1	0.000000
2662	3	1	0.000000
2663	3	1	0.000000
2664	3	1	0.000000
2665	3	1	0.000000
2666	3	0	0.000000
2667	3	1	0.000000
2668	3	1	0.000000
2669	3	1	0.000000
2670	3	1	0.000000
2671	3	1	0.000000
2672	3	1	0.000000
2673	3	1	0.000000
2674	3	1	0.000000
2675	3	1	0.000000
2676	3	1	0.000000
2677	3	1	0.000000
2678	3	1	0.000000
2679	3	1	0.000000
2680	3	1	0.000000
2681	3	1	0.000000
2682	3	3	0.000000
2683	3	1	0.000000
2684	3	1	0.000000
2685	3	1	0.000000
2686	3	1	0.000000
2687	3	3	0.000000
2688	3	1	0.000000
2689	3	1	0.000000
2690	3	1	0.000000
2691	3	1	0.000000
2692	3	1	0.000000
2693	3	1	0.000000
2694	3	1	0.000000
2695	3	1	0.000000
2696	3	1	0.000000
2697	3	1	0.000000
2698	3	1	0.000000
2699	3	1	0.000000
2700	3	1	0.000000
2701	3	1	0.000000
2702	3	1	0.000000
2703	3	1	0.000000
2704	3	1	0.000000
2705	3	1	0.000000
2706	3	1	0.000000
2707	3	1	0.000000
2708	3	1	0.000000
2709	3	2	0.000000
2710	3	1	0.000000
2711	3	1	0.000000
2712	3	1	0.000000
2713	3	1	0.000000
2714	3	1	0.000000
2715	3	1	0.000000
2716	3	1	0.000000
2717	3	1	0.000000
2718	3	1	0.000000
2719	3	1	0.000000
2720	3	1	0.000000
2721	3	1	0.000000
2722	3	1	0.000000
2723	3	1	0.000000
2724	3	1	0.000000
2725	3	1	0.000000
2726	3	1	0.000000
2727	3	0	0.000000
2728	3	1	0.000000
2729	3	1	0.000000
2730	3	1	0.000000
2731	3	1	0.000000
2732	3	1	0.000000
2733	3	2	0.000000
2734	3	1	0.000000
2735	3	1	0.000000
2736	3	1	0.000000
2737	3	1	0.000000
2738	3	1	0.000000
2739	3	1	0.000000
2740	3	1	0.000000
2741	3	1	0.000000
2742	3	1	0.000000
2743	3	1	0.000000
2744	3	1	0.000000
2745	3	1	0.000000
2746	3	1	0.000000
2747	3	1	0.000000
2748	3	1	0.000000
2749	3	1	0.000000
2750	3	1	0.000000
2751	3	1	0.000000
2752	3	0	0.000000
2753	3	1	0.000000
2754	3	1	0.000000
2755	3	1	0.000000
2756	3	1	0.000000
2757	3	1	0.000000
2758	3	1	0.000000
2759	3	1	0.000000
2760	3	2	0.000000
2761	3	1	0.000000
2762	3	1	0.000000
2763	3	2	0.000000
2764	3	1	0.000000
2765	3	1	0.000000
2766	3	1	0.000000
2767	3	1	0.000000
2768	3	1	0.000000
2769	3	1	0.000000
2770	3	1	0.000000
2771	3	1	0.000000
2772	3	1	0.000000
2773	3	1	0.000000
2774	3	1	0.000000
2775	3	1	0.000000
2776	3	1	0.000000
2777	3	1	0.000000
2778	3	1	0.000000
2779	3	1	0.000000
2780	3	1	0.000000
2781	3	1	0.000000
2782	3	1	0.000000
2783	3	1	0.000000
2784	3	1	0.000000
2785	3	1	0.000000
2786	3	1	0.000000
2787	3	1	0.000000
2788	3	1	0.000000
2789	3	1	0.000000
2790	3	1	0.000000
2791	2	3	0.000000
2792	2	3	0.000000
2793	2	3	0.000000
2794	2	3	0.000000
2795	2	3	0.000000
2796	2	3	0.000000
2797	2	3	0.000000
2798	2	3	0.000000
2799	2	3	0.000000
2800	2	3	0.000000
2801	2	1	0.000000
2802	2	0	0.000000
2803	2	5	0.000000
2804	3	1	0.000000
2805	3	1	0.000000
2806	3	3	0.000000
2807	3	1	0.000000
2808	3	1	0.000000
2809	3	1	0.000000
2810	4	2	0.000000
2811	4	2	0.000000
2812	4	2	0.000000
2813	4	2	0.000000
2814	4	2	0.000000
2815	3	1	0.000000
2816	3	1	0.000000
2817	3	1	0.000000
2818	3	1	0.000000
2819	3	1	0.000000
2820	3	1	0.000000
2821	3	1	0.000000
2822	3	1	0.000000
2823	3	1	0.000000
2824	3	1	0.000000
2825	3	1	0.000000
2826	3	1	0.000000
2827	3	1	0.000000
2828	4	2	0.000000
2829	4	2	0.000000
2830	4	2	0.000000
2831	3	1	0.000000
2832	3	1	0.000000
2833	4	2	0.000000
2834	3	1	0.000000
2835	4	2	0.000000
2836	4	2	0.000000
2837	4	2	0.000000
2838	3	0	0.000000
2839	3	1	0.000000
2840	3	1	0.000000
2841	3	1	0.000000
2842	3	1	0.000000
2843	3	1	0.000000
2844	3	1	0.000000
2845	4	2	0.000000
2846	3	1	0.000000
2847	4	2	0.000000
2848	4	2	0.000000
2849	4	2	0.000000
2850	4	2	0.000000
2851	3	1	0.000000
2852	4	2	0.000000
2853	3	1	0.000000
2854	3	1	0.000000
2855	3	1	0.000000
2856	3	1	0.000000
2857	3	1	0.000000
2858	4	2	0.000000
2859	4	2	0.000000
2860	4	2	0.000000
2861	4	2	0.000000
2862	4	2	0.000000
2863	4	2	0.000000
2864	4	2	0.000000
2865	4	2	0.000000
2866	3	1	0.000000
2867	4	2	0.000000
2868	3	1	0.000000
2869	3	1	0.000000
2870	3	1	0.000000
2871	4	2	0.000000
2872	4	2	0.000000
2873	3	1	0.000000
2874	3	1	0.000000
2875	3	1	0.000000
2876	3	1	0.000000
2877	3	1	0.000000
2878	3	1	0.000000
2879	3	3	0.000000
2880	3	1	0.000000
2881	3	1	0.000000
2882	3	1	0.000000
2883	3	1	0.000000
2884	3	1	0.000000
2885	3	1	0.000000
2886	3	1	0.000000
2887	3	1	0.000000
2888	3	1	0.000000
2889	3	1	0.000000
2890	3	1	0.000000
2891	3	1	0.000000
2892	3	1	0.000000
2893	3	1	0.000000
2894	3	0	0.000000
2895	3	1	0.000000
2896	3	1	0.000000
2897	2	3	0.000000
2898	2	3	0.000000
2899	2	3	0.000000
2900	2	3	0.000000
2901	2	2	0.000000
2902	2	3	0.000000
2903	2	5	0.000000
2904	2	3	0.000000
2905	2	3	0.000000
2906	2	3	0.000000
2907	2	3	0.000000
2908	2	3	0.000000
2909	2	3	0.000000
2910	2	3	0.000000
2911	3	1	0.000000
2912	3	2	0.000000
2913	3	1	0.000000
2914	3	2	0.000000
2915	3	1	0.000000
2916	3	1	0.000000
2917	3	1	0.000000
2918	3	1	0.000000
2919	3	1	0.000000
2920	3	1	0.000000
2921	3	1	0.000000
2922	3	1	0.000000
2923	3	1	0.000000
2924	3	2	0.000000
2925	3	1	0.000000
2926	3	1	0.000000
2927	3	1	0.000000
2928	3	1	0.000000
2929	3	1	0.000000
2930	3	1	0.000000
2931	3	1	0.000000
2932	3	1	0.000000
2933	3	1	0.000000
2934	3	1	0.000000
2935	3	3	0.000000
2936	3	1	0.000000
2937	3	1	0.000000
2938	3	1	0.000000
2939	3	1	0.000000
2940	3	1	0.000000
2941	3	1	0.000000
2942	3	1	0.000000
2943	3	1	0.000000
2944	3	1	0.000000
2945	3	1	0.000000
2946	3	1	0.000000
2947	3	1	0.000000
2948	3	1	0.000000
2949	3	1	0.000000
2950	3	1	0.000000
2951	3	0	0.000000
2952	3	1	0.000000
2953	3	1	0.000000
2954	3	1	0.000000
2955	3	1	0.000000
2956	3	1	0.000000
2957	3	1	0.000000
2958	2	3	0.000000
2959	2	3	0.000000
2960	2	3	0.000000
2961	2	3	0.000000
2962	2	3	0.000000
2963	2	3	0.000000
2964	2	3	0.000000
2965	2	3	0.000000
2966	2	3	0.000000
2967	2	3	0.000000
2968	2	3	0.000000
2969	2	3	0.000000
2970	2	3	0.000000
2971	2	3	0.000000
2972	2	3	0.000000
2973	3	1	0.000000
2974	3	1	0.000000
2975	3	1	0.000000
2976	3	1	0.000000
2977	3	1	0.000000
2978	3	1	0.000000
2979	3	1	0.000000
2980	3	1	0.000000
2981	3	1	0.000000
2982	3	0	0.000000
2983	3	1	0.000000
2984	3	1	0.000000
2985	3	1	0.000000
2986	3	1	0.000000
2987	3	2	0.000000
2988	3	1	0.000000
2989	3	1	0.000000
2990	3	0	0.000000
2991	3	1	0.000000
2992	3	3	0.000000
2993	3	1	0.000000
2994	3	1	0.000000
2995	3	1	0.000000
2996	3	1	0.000000
2997	3	1	0.000000
2998	3	3	0.000000
2999	3	1	0.000000
3000	3	1	0.000000
3001	3	1	0.000000
3002	3	1	0.000000
3003	3	1	0.000000
3004	3	1	0.000000
3005	3	0	0.000000
3006	3	1	0.000000
3007	3	1	0.000000
3008	3	1	0.000000
3009	3	1	0.000000
3010	3	1	0.000000
3011	3	1	0.000000
3012	3	3	0.000000
3013	3	1	0.000000
3014	3	1	0.000000
3015	3	1	0.000000
3016	3	1	0.000000
3017	3	1	0.000000
3018	2	3	0.000000
3019	2	3	0.000000
3020	2	3	0.000000
3021	2	3	0.000000
3022	2	3	0.000000
3023	2	3	0.000000
3024	2	3	0.000000
3025	2	3	0.000000
3026	2	3	0.000000
3027	2	3	0.000000
3028	3	1	0.000000
3029	3	1	0.000000
3030	3	3	0.000000
3031	3	1	0.000000
3032	3	3	0.000000
3033	3	1	0.000000
3034	3	1	0.000000
3035	3	1	0.000000
3036	3	3	0.000000
3037	3	1	0.000000
3038	3	1	0.000000
3039	3	1	0.000000
3040	3	1	0.000000
3041	3	1	0.000000
3042	3	1	0.000000
3043	3	0	0.000000
3044	3	1	0.000000
3045	3	1	0.000000
3046	3	3	0.000000
3047	3	1	0.000000
3048	3	1	0.000000
3049	3	1	0.000000
3050	3	1	0.000000
3051	3	1	0.000000
3052	3	1	0.000000
3053	3	1	0.000000
3054	3	1	0.000000
3055	3	1	0.000000
3056	3	1	0.000000
3057	3	1	0.000000
3058	3	1	0.000000
3059	3	1	0.000000
3060	3	1	0.000000
3061	3	1	0.000000
3062	3	1	0.000000
3063	3	1	0.000000
3064	3	1	0.000000
3065	3	1	0.000000
3066	3	1	0.000000
3067	3	1	0.000000
3068	3	1	0.000000
3069	3	1	0.000000
3070	3	1	0.000000
3071	3	1	0.000000
3072	3	1	0.000000
3073	3	1	0.000000
3074	3	2	0.000000
3075	3	1	0.000000
3076	3	1	0.000000
3077	3	0	0.000000
3078	3	1	0.000000
3079	3	1	0.000000
3080	3	1	0.000000
3081	3	1	0.000000
3082	3	1	0.000000
3083	3	1	0.000000
3084	3	1	0.000000
3085	3	1	0.000000
3086	3	1	0.000000
3087	3	1	0.000000
3088	3	1	0.000000
3089	3	1	0.000000
3090	3	3	0.000000
3091	3	1	0.000000
3092	3	1	0.000000
3093	3	1	0.000000
3094	3	1	0.000000
3095	3	1	0.000000
3096	3	1	0.000000
3097	2	3	0.000000
3098	2	3	0.000000
3099	2	3	0.000000
3100	2	3	0.000000
3101	2	3	0.000000
3102	2	3	0.000000
3103	2	3	0.000000
3104	2	3	0.000000
3105	2	5	0.000000
3106	2	3	0.000000
3107	2	3	0.000000
3108	2	3	0.000000
3109	2	3	0.000000
3110	3	1	0.000000
3111	3	1	0.000000
3112	3	1	0.000000
3113	3	1	0.000000
3114	3	1	0.000000
3115	3	1	0.000000
3116	3	1	0.000000
3117	3	1	0.000000
3118	3	0	0.000000
3119	3	1	0.000000
3120	3	1	0.000000
3121	3	1	0.000000
3122	3	1	0.000000
3123	3	1	0.000000
3124	3	1	0.000000
3125	3	1	0.000000
3126	3	1	0.000000
3127	3	1	0.000000
3128	3	1	0.000000
3129	3	1	0.000000
3130	3	1	0.000000
3131	3	1	0.000000
3132	3	1	0.000000
3133	3	1	0.000000
3134	3	1	0.000000
3135	3	1	0.000000
3136	3	1	0.000000
3137	3	0	0.000000
3138	3	1	0.000000
3139	3	1	0.000000
3140	3	1	0.000000
3141	3	1	0.000000
3142	3	1	0.000000
3143	3	1	0.000000
3144	3	1	0.000000
3145	3	1	0.000000
3146	3	2	0.000000
3147	3	1	0.000000
3148	3	1	0.000000
3149	3	2	0.000000
3150	3	3	0.000000
3151	3	1	0.000000
3152	3	1	0.000000
3153	2	0	0.000000
3154	3	1	0.000000
3155	2	3	0.000000
3156	2	3	0.000000
3157	2	3	0.000000
3158	2	3	0.000000
3159	2	3	0.000000
3160	2	0	0.000000
3161	2	3	0.000000
3162	2	3	0.000000
3163	2	3	0.000000
3164	2	3	0.000000
3165	2	3	0.000000
3166	2	3	0.000000
3167	2	3	0.000000
3168	2	1	0.000000
3169	3	2	0.000000
3170	3	0	0.000000
3171	3	1	0.000000
3172	3	1	0.000000
3173	3	1	0.000000
3174	3	1	0.000000
3175	3	3	0.000000
3176	3	1	0.000000
3177	3	1	0.000000
3178	3	1	0.000000
3179	3	1	0.000000
3180	3	1	0.000000
3181	3	1	0.000000
3182	3	1	0.000000
3183	3	1	0.000000
3184	3	1	0.000000
3185	3	1	0.000000
3186	3	1	0.000000
3187	3	1	0.000000
3188	3	1	0.000000
3189	3	1	0.000000
3190	3	1	0.000000
3191	3	1	0.000000
3192	3	1	0.000000
3193	3	1	0.000000
3194	3	2	0.000000
3195	3	3	0.000000
3196	3	1	0.000000
3197	3	1	0.000000
3198	2	4	0.000000
3199	2	3	0.000000
3200	2	3	0.000000
3201	2	3	0.000000
3202	2	3	0.000000
3203	2	3	0.000000
3204	2	3	0.000000
3205	2	3	0.000000
3206	2	3	0.000000
3207	2	3	0.000000
3208	2	3	0.000000
3209	2	3	0.000000
3210	2	3	0.000000
3211	2	3	0.000000
3212	2	3	0.000000
3213	2	2	0.000000
3214	2	3	0.000000
3215	3	1	0.000000
3216	3	1	0.000000
3217	3	1	0.000000
3218	3	1	0.000000
3219	3	1	0.000000
3220	3	1	0.000000
3221	3	1	0.000000
3222	3	1	0.000000
3223	3	1	0.000000
3224	3	1	0.000000
3225	3	1	0.000000
3226	3	1	0.000000
3227	3	1	0.000000
3228	3	1	0.000000
3229	3	1	0.000000
3230	3	1	0.000000
3231	3	1	0.000000
3232	3	1	0.000000
3233	3	1	0.000000
3234	3	1	0.000000
3235	3	1	0.000000
3236	3	1	0.000000
3237	3	1	0.000000
3238	3	2	0.000000
3239	3	1	0.000000
3240	3	1	0.000000
3241	3	0	0.000000
3242	3	1	0.000000
3243	3	1	0.000000
3244	3	1	0.000000
3245	3	1	0.000000
3246	3	1	0.000000
3247	3	1	0.000000
3248	3	1	0.000000
3249	3	1	0.000000
3250	3	1	0.000000
3251	3	1	0.000000
3252	3	1	0.000000
3253	3	1	0.000000
3254	3	1	0.000000
3255	3	1	0.000000
3256	3	1	0.000000
3257	3	1	0.000000
3258	3	1	0.000000
3259	3	1	0.000000
3260	3	1	0.000000
3261	2	3	0.000000
3262	2	3	0.000000
3263	2	3	0.000000
3264	2	3	0.000000
3265	2	1	0.000000
3266	2	3	0.000000
3267	2	3	0.000000
3268	2	3	0.000000
3269	2	3	0.000000
3270	2	3	0.000000
3271	2	3	0.000000
3272	2	0	0.000000
3273	2	3	0.000000
3274	2	3	0.000000
3275	2	3	0.000000
3276	2	3	0.000000
3277	3	1	0.000000
3278	3	1	0.000000
3279	3	1	0.000000
3280	3	1	0.000000
3281	3	1	0.000000
3282	3	1	0.000000
3283	3	1	0.000000
3284	3	1	0.000000
3285	3	0	0.000000
3286	3	1	0.000000
3287	3	1	0.000000
3288	3	1	0.000000
3289	3	1	0.000000
3290	3	1	0.000000
3291	3	1	0.000000
3292	3	1	0.000000
3293	3	0	0.000000
3294	3	1	0.000000
3295	3	1	0.000000
3296	3	1	0.000000
3297	3	1	0.000000
3298	3	1	0.000000
3299	3	1	0.000000
3300	3	1	0.000000
3301	3	1	0.000000
3302	3	1	0.000000
3303	3	1	0.000000
3304	3	1	0.000000
3305	3	1	0.000000
3306	2	3	0.000000
3307	2	3	0.000000
3308	2	3	0.000000
3309	2	3	0.000000
3310	2	5	0.000000
3311	2	3	0.000000
3312	2	1	0.000000
3313	2	3	0.000000
3314	2	3	0.000000
3315	2	3	0.000000
3316	2	3	0.000000
3317	2	3	0.000000
3318	2	3	0.000000
3319	2	3	0.000000
3320	2	3	0.000000
3321	3	1	0.000000
3322	3	1	0.000000
3323	3	1	0.000000
3324	3	1	0.000000
3325	3	2	0.000000
3326	3	2	0.000000
3327	3	1	0.000000
3328	3	1	0.000000
3329	3	1	0.000000
3330	3	1	0.000000
3331	3	1	0.000000
3332	3	1	0.000000
3333	3	0	0.000000
3334	3	1	0.000000
3335	3	3	0.000000
3336	3	1	0.000000
3337	3	1	0.000000
3338	3	1	0.000000
3339	3	1	0.000000
3340	3	3	0.000000
3341	3	1	0.000000
3342	3	1	0.000000
3343	3	0	0.000000
3344	3	1	0.000000
3345	3	1	0.000000
3346	3	1	0.000000
3347	3	1	0.000000
3348	3	1	0.000000
3349	3	3	0.000000
3350	3	1	0.000000
3351	3	1	0.000000
3352	3	1	0.000000
3353	2	3	0.000000
3354	3	1	0.000000
3355	2	3	0.000000
3356	2	3	0.000000
3357	2	3	0.000000
3358	2	3	0.000000
3359	2	0	0.000000
3360	2	3	0.000000
3361	2	3	0.000000
3362	2	3	0.000000
3363	2	3	0.000000
3364	2	5	0.000000
3365	2	3	0.000000
3366	2	3	0.000000
3367	2	3	0.000000
3368	2	3	0.000000
3369	2	3	0.000000
3370	3	1	0.000000
3371	3	1	0.000000
3372	3	1	0.000000
3373	3	1	0.000000
3374	3	1	0.000000
3375	3	1	0.000000
3376	3	1	0.000000
3377	3	1	0.000000
3378	3	1	0.000000
3379	3	3	0.000000
3380	3	1	0.000000
3381	3	1	0.000000
3382	3	1	0.000000
3383	3	2	0.000000
3384	3	1	0.000000
3385	3	1	0.000000
3386	3	1	0.000000
3387	3	1	0.000000
3388	3	0	0.000000
3389	3	1	0.000000
3390	2	3	0.000000
3391	3	1	0.000000
3392	2	3	0.000000
3393	2	3	0.000000
3394	2	3	0.000000
3395	2	3	0.000000
3396	2	3	0.000000
3397	2	3	0.000000
3398	2	3	0.000000
3399	2	3	0.000000
3400	2	3	0.000000
3401	2	3	0.000000
3402	2	3	0.000000
3403	2	3	0.000000
3404	2	3	0.000000
3405	3	1	0.000000
3406	3	1	0.000000
3407	3	1	0.000000
3408	3	1	0.000000
3409	3	1	0.000000
3410	3	1	0.000000
3411	3	1	0.000000
3412	3	1	0.000000
3413	3	1	0.000000
3414	3	1	0.000000
3415	3	1	0.000000
3416	3	1	0.000000
3417	3	1	0.000000
3418	3	1	0.000000
3419	3	1	0.000000
3420	3	1	0.000000
3421	3	1	0.000000
3422	3	1	0.000000
3423	3	1	0.000000
3424	3	1	0.000000
3425	3	1	0.000000
3426	3	1	0.000000
3427	3	1	0.000000
3428	3	1	0.000000
3429	3	1	0.000000
3430	3	1	0.000000
3431	3	1	0.000000
3432	3	1	0.000000
3433	3	1	0.000000
3434	3	1	0.000000
3435	3	1	0.000000
3436	3	0	0.000000
3437	3	1	0.000000
3438	3	1	0.000000
3439	3	1	0.000000
3440	3	1	0.000000
3441	3	1	0.000000
3442	3	1	0.000000
3443	3	1	0.000000
3444	3	1	0.000000
3445	2	3	0.000000
3446	2	3	0.000000
3447	2	3	0.000000
3448	2	3	0.000000
3449	2	3	0.000000
3450	2	3	0.000000
3451	2	4	0.000000
3452	2	3	0.000000
3453	2	3	0.000000
3454	2	3	0.000000
3455	2	3	0.000000
3456	2	3	0.000000
3457	2	3	0.000000
3458	2	3	0.000000
3459	2	3	0.000000
3460	2	1	0.000000
3461	2	3	0.000000
3462	2	3	0.000000
3463	3	1	0.000000
3464	3	3	0.000000
3465	3	1	0.000000
3466	3	1	0.000000
3467	3	1	0.000000
3468	3	1	0.000000
3469	3	1	0.000000
3470	3	1	0.000000
3471	3	1	0.000000
3472	3	1	0.000000
3473	3	1	0.000000
3474	3	1	0.000000
3475	3	1	0.000000
3476	3	1	0.000000
3477	3	1	0.000000
3478	3	1	0.000000
3479	3	0	0.000000
3480	3	1	0.000000
3481	3	1	0.000000
3482	3	1	0.000000
3483	3	1	0.000000
3484	3	1	0.000000
3485	2	0	0.000000
3486	2	3	0.000000
3487	3	1	0.000000
3488	3	1	0.000000
3489	2	3	0.000000
3490	2	3	0.000000
3491	2	3	0.000000
3492	2	3	0.000000
3493	2	3	0.000000
3494	2	3	0.000000
3495	2	3	0.000000
3496	2	3	0.000000
3497	2	4	0.000000
3498	2	3	0.000000
3499	2	3	0.000000
3500	2	3	0.000000
3501	2	3	0.000000
3502	3	1	0.000000
3503	3	1	0.000000
3504	3	1	0.000000
3505	3	1	0.000000
3506	3	1	0.000000
3507	3	1	0.000000
3508	3	1	0.000000
3509	3	1	0.000000
3510	3	1	0.000000
3511	3	1	0.000000
3512	3	1	0.000000
3513	3	1	0.000000
3514	3	1	0.000000
3515	3	1	0.000000
3516	3	1	0.000000
3517	3	1	0.000000
3518	3	1	0.000000
3519	3	1	0.000000
3520	3	3	0.000000
3521	3	0	0.000000
3522	3	1	0.000000
3523	3	1	0.000000
3524	3	1	0.000000
3525	3	1	0.000000
3526	3	1	0.000000
3527	3	1	0.000000
3528	3	1	0.000000
3529	3	1	0.000000
3530	3	0	0.000000
3531	3	1	0.000000
3532	3	1	0.000000
3533	3	1	0.000000
3534	3	1	0.000000
3535	3	3	0.000000
3536	3	1	0.000000
3537	3	1	0.000000
3538	3	1	0.000000
3539	3	1	0.000000
3540	3	1	0.000000
3541	2	3	0.000000
3542	2	3	0.000000
3543	2	3	0.000000
3544	2	3	0.000000
3545	2	3	0.000000
3546	2	3	0.000000
3547	2	3	0.000000
3548	2	3	0.000000
3549	2	3	0.000000
3550	2	3	0.000000
3551	2	1	0.000000
3552	2	5	0.000000
3553	2	3	0.000000
3554	2	3	0.000000
3555	2	3	0.000000
3556	2	3	0.000000
3557	2	2	0.000000
3558	3	1	0.000000
3559	3	1	0.000000
3560	3	2	0.000000
3561	3	1	0.000000
3562	3	1	0.000000
3563	3	1	0.000000
3564	3	1	0.000000
3565	3	1	0.000000
3566	3	1	0.000000
3567	3	1	0.000000
3568	3	1	0.000000
3569	3	0	0.000000
3570	3	1	0.000000
3571	3	1	0.000000
3572	3	1	0.000000
3573	3	1	0.000000
3574	3	1	0.000000
3575	2	3	0.000000
3576	2	3	0.000000
3577	2	3	0.000000
3578	2	3	0.000000
3579	2	3	0.000000
3580	2	3	0.000000
3581	2	3	0.000000
3582	2	3	0.000000
3583	2	3	0.000000
3584	2	3	0.000000
3585	2	3	0.000000
3586	2	3	0.000000
3587	2	3	0.000000
3588	2	2	0.000000
3589	3	3	0.000000
3590	3	1	0.000000
3591	3	1	0.000000
3592	3	1	0.000000
3593	3	1	0.000000
3594	3	1	0.000000
3595	3	1	0.000000
3596	3	1	0.000000
3597	3	1	0.000000
3598	3	1	0.000000
3599	3	1	0.000000
3600	3	1	0.000000
3601	3	1	0.000000
3602	3	1	0.000000
3603	3	1	0.000000
3604	3	0	0.000000
3605	3	1	0.000000
3606	3	1	0.000000
3607	3	1	0.000000
3608	3	1	0.000000
3609	3	1	0.000000
3610	3	2	0.000000
3611	3	1	0.000000
3612	3	1	0.000000
3613	3	1	0.000000
3614	3	1	0.000000
3615	3	1	0.000000
3616	3	1	0.000000
3617	3	3	0.000000
3618	3	1	0.000000
3619	3	1	0.000000
3620	3	1	0.000000
3621	3	1	0.000000
3622	3	1	0.000000
3623	3	1	0.000000
3624	2	3	0.000000
3625	2	3	0.000000
3626	2	3	0.000000
3627	2	3	0.000000
3628	2	1	0.000000
3629	2	3	0.000000
3630	2	3	0.000000
3631	2	3	0.000000
3632	2	3	0.000000
3633	2	3	0.000000
3634	2	3	0.000000
3635	2	3	0.000000
3636	2	3	0.000000
3637	2	3	0.000000
3638	2	3	0.000000
3639	2	3	0.000000
3640	3	1	0.000000
3641	2	3	0.000000
3642	2	3	0.000000
3643	3	1	0.000000
3644	3	0	0.000000
3645	3	1	0.000000
3646	3	1	0.000000
3647	3	1	0.000000
3648	3	1	0.000000
3649	3	1	0.000000
3650	3	1	0.000000
3651	3	1	0.000000
3652	3	1	0.000000
3653	3	1	0.000000
3654	3	1	0.000000
3655	3	1	0.000000
3656	3	1	0.000000
3657	3	1	0.000000
3658	3	1	0.000000
3659	3	1	0.000000
3660	3	1	0.000000
3661	3	1	0.000000
3662	3	1	0.000000
3663	3	1	0.000000
3664	3	1	0.000000
3665	3	1	0.000000
3666	3	1	0.000000
3667	3	1	0.000000
3668	3	1	0.000000
3669	3	1	0.000000
3670	3	1	0.000000
3671	3	1	0.000000
3672	3	1	0.000000
3673	2	3	0.000000
3674	3	1	0.000000
3675	2	3	0.000000
3676	2	3	0.000000
3677	2	3	0.000000
3678	2	3	0.000000
3679	2	3	0.000000
3680	2	3	0.000000
3681	2	3	0.000000
3682	2	3	0.000000
3683	2	3	0.000000
3684	2	3	0.000000
3685	2	3	0.000000
3686	2	3	0.000000
3687	2	3	0.000000
3688	2	3	0.000000
3689	3	1	0.000000
3690	3	1	0.000000
3691	3	1	0.000000
3692	3	1	0.000000
3693	3	1	0.000000
3694	3	1	0.000000
3695	3	1	0.000000
3696	3	1	0.000000
3697	3	1	0.000000
3698	3	1	0.000000
3699	3	1	0.000000
3700	3	1	0.000000
3701	3	1	0.000000
3702	3	1	0.000000
3703	3	1	0.000000
3704	3	1	0.000000
3705	3	1	0.000000
3706	3	1	0.000000
3707	3	1	0.000000
3708	3	1	0.000000
3709	3	1	0.000000
3710	3	1	0.000000
3711	3	3	0.000000
3712	3	1	0.000000
3713	3	1	0.000000
3714	3	0	0.000000
3715	3	1	0.000000
3716	3	1	0.000000
3717	3	1	0.000000
3718	3	2	0.000000
3719	3	1	0.000000
3720	3	1	0.000000
3721	3	0	0.000000
3722	3	3	0.000000
3723	3	2	0.000000
3724	3	1	0.000000
3725	3	1	0.000000
3726	3	1	0.000000
3727	3	1	0.000000
3728	3	1	0.000000
3729	3	1	0.000000
3730	3	1	0.000000
3731	2	3	0.000000
3732	2	3	0.000000
3733	3	2	0.000000
3734	2	3	0.000000
3735	2	3	0.000000
3736	2	0	0.000000
3737	2	3	0.000000
3738	3	1	0.000000
3739	3	1	0.000000
3740	3	1	0.000000
3741	3	1	0.000000
3742	3	1	0.000000
3743	3	2	0.000000
3744	3	1	0.000000
3745	3	1	0.000000
3746	3	1	0.000000
3747	3	1	0.000000
3748	3	1	0.000000
3749	3	1	0.000000
3750	3	1	0.000000
3751	3	1	0.000000
3752	3	1	0.000000
3753	3	0	0.000000
3754	3	1	0.000000
3755	3	1	0.000000
3756	3	1	0.000000
3757	3	1	0.000000
3758	3	3	0.000000
3759	3	2	0.000000
3760	3	1	0.000000
3761	3	1	0.000000
3762	3	1	0.000000
3763	3	1	0.000000
3764	3	1	0.000000
3765	3	1	0.000000
3766	3	1	0.000000
3767	3	1	0.000000
3768	3	1	0.000000
3769	3	1	0.000000
3770	3	1	0.000000
3771	3	1	0.000000
3772	3	1	0.000000
3773	3	1	0.000000
3774	3	1	0.000000
3775	3	1	0.000000
3776	3	0	0.000000
3777	3	1	0.000000
3778	3	1	0.000000
3779	3	1	0.000000
3780	3	1	0.000000
3781	3	1	0.000000
3782	2	3	0.000000
3783	2	3	0.000000
3784	2	3	0.000000
3785	2	3	0.000000
3786	2	3	0.000000
3787	2	3	0.000000
3788	2	3	0.000000
3789	2	3	0.000000
3790	2	5	0.000000
3791	2	3	0.000000
3792	2	3	0.000000
3793	2	3	0.000000
3794	2	3	0.000000
3795	2	3	0.000000
3796	2	2	0.000000
3797	3	1	0.000000
3798	3	1	0.000000
3799	3	1	0.000000
3800	3	2	0.000000
3801	3	1	0.000000
3802	3	1	0.000000
3803	3	1	0.000000
3804	3	1	0.000000
3805	3	1	0.000000
3806	3	1	0.000000
3807	3	0	0.000000
3808	3	1	0.000000
3809	3	1	0.000000
3810	3	1	0.000000
3811	3	1	0.000000
3812	3	1	0.000000
3813	3	1	0.000000
3814	3	1	0.000000
3815	3	1	0.000000
3816	3	1	0.000000
3817	3	1	0.000000
3818	3	1	0.000000
3819	3	1	0.000000
3820	3	3	0.000000
3821	3	1	0.000000
3822	3	1	0.000000
3823	3	3	0.000000
3824	3	1	0.000000
3825	3	1	0.000000
3826	3	1	0.000000
3827	3	1	0.000000
3828	3	1	0.000000
3829	3	1	0.000000
3830	3	1	0.000000
3831	3	1	0.000000
3832	3	1	0.000000
3833	3	1	0.000000
3834	3	1	0.000000
3835	3	1	0.000000
3836	3	3	0.000000
3837	3	1	0.000000
3838	3	1	0.000000
3839	3	1	0.000000
3840	3	1	0.000000
3841	3	1	0.000000
3842	3	1	0.000000
3843	3	1	0.000000
3844	3	1	0.000000
3845	3	0	0.000000
3846	3	1	0.000000
3847	3	1	0.000000
3848	3	1	0.000000
3849	3	1	0.000000
3850	3	1	0.000000
3851	3	1	0.000000
3852	3	1	0.000000
3853	3	1	0.000000
3854	2	3	0.000000
3855	2	3	0.000000
3856	2	3	0.000000
3857	2	3	0.000000
3858	2	3	0.000000
3859	2	0	0.000000
3860	2	3	0.000000
3861	2	3	0.000000
3862	2	3	0.000000
3863	2	0	0.000000
3864	2	1	0.000000
3865	2	3	0.000000
3866	2	3	0.000000
3867	2	3	0.000000
3868	3	1	0.000000
3869	3	1	0.000000
3870	3	1	0.000000
3871	3	1	0.000000
3872	3	1	0.000000
3873	3	1	0.000000
3874	3	1	0.000000
3875	3	1	0.000000
3876	3	1	0.000000
3877	3	1	0.000000
3878	3	1	0.000000
3879	3	1	0.000000
3880	3	1	0.000000
3881	3	1	0.000000
3882	3	1	0.000000
3883	3	1	0.000000
3884	3	1	0.000000
3885	3	1	0.000000
3886	3	1	0.000000
3887	3	1	0.000000
3888	3	1	0.000000
3889	3	1	0.000000
3890	3	1	0.000000
3891	3	3	0.000000
3892	3	1	0.000000
3893	3	1	0.000000
3894	3	1	0.000000
3895	3	1	0.000000
3896	3	1	0.000000
3897	3	1	0.000000
3898	3	1	0.000000
3899	3	1	0.000000
3900	3	1	0.000000
3901	3	1	0.000000
3902	3	1	0.000000
3903	3	3	0.000000
3904	3	1	0.000000
3905	3	1	0.000000
3906	3	1	0.000000
3907	3	1	0.000000
3908	3	1	0.000000
3909	3	1	0.000000
3910	3	1	0.000000
3911	3	1	0.000000
3912	3	1	0.000000
3913	3	1	0.000000
3914	3	2	0.000000
3915	3	1	0.000000
3916	3	1	0.000000
3917	3	1	0.000000
3918	3	1	0.000000
3919	3	1	0.000000
3920	3	3	0.000000
3921	3	1	0.000000
3922	3	1	0.000000
3923	3	1	0.000000
3924	3	1	0.000000
3925	3	1	0.000000
3926	3	1	0.000000
3927	3	1	0.000000
3928	3	1	0.000000
3929	3	1	0.000000
3930	3	1	0.000000
3931	3	2	0.000000
3932	3	1	0.000000
3933	3	0	0.000000
3934	3	1	0.000000
3935	3	1	0.000000
3936	3	1	0.000000
3937	3	1	0.000000
3938	3	1	0.000000
3939	3	1	0.000000
3940	3	1	0.000000
3941	3	0	0.000000
3942	3	1	0.000000
3943	3	1	0.000000
3944	3	1	0.000000
3945	3	1	0.000000
3946	3	0	0.000000
3947	3	3	0.000000
3948	3	2	0.000000
3949	3	1	0.000000
3950	3	1	0.000000
3951	3	1	0.000000
3952	3	1	0.000000
3953	3	1	0.000000
3954	3	3	0.000000
3955	3	1	0.000000
3956	3	1	0.000000
3957	3	1	0.000000
3958	3	1	0.000000
3959	3	1	0.000000
3960	3	1	0.000000
3961	3	0	0.000000
3962	3	3	0.000000
3963	3	1	0.000000
3964	3	1	0.000000
3965	3	1	0.000000
3966	3	1	0.000000
3967	3	1	0.000000
3968	3	1	0.000000
3969	3	1	0.000000
3970	3	1	0.000000
3971	3	1	0.000000
3972	3	1	0.000000
3973	3	1	0.000000
3974	3	1	0.000000
3975	3	1	0.000000
3976	3	1	0.000000
3977	3	1	0.000000
3978	3	1	0.000000
3979	3	0	0.000000
3980	3	1	0.000000
3981	3	1	0.000000
3982	3	1	0.000000
3983	3	1	0.000000
3984	3	1	0.000000
3985	3	1	0.000000
3986	2	3	0.000000
3987	2	3	0.000000
3988	2	4	0.000000
3989	2	3	0.000000
3990	2	3	0.000000
3991	2	3	0.000000
3992	2	3	0.000000
3993	2	5	0.000000
3994	2	3	0.000000
3995	2	3	0.000000
3996	2	3	0.000000
3997	2	3	0.000000
3998	3	1	0.000000
3999	3	1	0.000000
4000	3	1	0.000000
4001	3	1	0.000000
4002	3	1	0.000000
4003	3	1	0.000000
4004	3	1	0.000000
4005	3	1	0.000000
4006	3	1	0.000000
4007	3	3	0.000000
4008	3	1	0.000000
4009	3	1	0.000000
4010	3	1	0.000000
4011	3	0	0.000000
4012	3	1	0.000000
4013	3	1	0.000000
4014	3	1	0.000000
4015	3	3	0.000000
4016	3	1	0.000000
4017	3	1	0.000000
4018	3	1	0.000000
4019	3	3	0.000000
4020	3	1	0.000000
4021	3	1	0.000000
4022	3	1	0.000000
4023	3	1	0.000000
4024	3	1	0.000000
4025	3	1	0.000000
4026	3	1	0.000000
4027	3	1	0.000000
4028	3	1	0.000000
4029	3	1	0.000000
4030	3	1	0.000000
4031	3	1	0.000000
4032	3	1	0.000000
4033	3	1	0.000000
4034	3	3	0.000000
4035	3	1	0.000000
4036	3	1	0.000000
4037	3	0	0.000000
4038	3	1	0.000000
4039	3	1	0.000000
4040	3	1	0.000000
4041	3	1	0.000000
4042	3	1	0.000000
4043	3	1	0.000000
4044	3	1	0.000000
4045	3	1	0.000000
4046	3	1	0.000000
4047	3	1	0.000000
4048	3	1	0.000000
4049	3	1	0.000000
4050	3	1	0.000000
4051	3	1	0.000000
4052	3	1	0.000000
4053	3	1	0.000000
4054	3	1	0.000000
4055	3	1	0.000000
4056	3	0	0.000000
4057	3	1	0.000000
4058	3	1	0.000000
4059	3	1	0.000000
4060	3	1	0.000000
4061	2	3	0.000000
4062	2	3	0.000000
4063	2	0	0.000000
4064	2	3	0.000000
4065	2	3	0.000000
4066	2	3	0.000000
4067	2	3	0.000000
4068	2	3	0.000000
4069	2	2	0.000000
4070	2	3	0.000000
4071	2	3	0.000000
4072	2	3	0.000000
4073	2	3	0.000000
4074	3	1	0.000000
4075	3	1	0.000000
4076	3	1	0.000000
4077	3	1	0.000000
4078	3	1	0.000000
4079	3	1	0.000000
4080	3	1	0.000000
4081	3	1	0.000000
4082	3	1	0.000000
4083	4	2	0.000000
4084	3	1	0.000000
4085	3	1	0.000000
4086	3	1	0.000000
4087	3	3	0.000000
4088	3	3	0.000000
4089	3	1	0.000000
4090	3	1	0.000000
4091	3	1	0.000000
4092	3	1	0.000000
4093	3	1	0.000000
4094	3	1	0.000000
4095	3	1	0.000000
4096	3	1	0.000000
4097	3	1	0.000000
4098	3	1	0.000000
4099	3	1	0.000000
4100	3	1	0.000000
4101	3	1	0.000000
4102	3	1	0.000000
4103	3	1	0.000000
4104	3	3	0.000000
4105	3	1	0.000000
4106	3	1	0.000000
4107	3	1	0.000000
4108	3	1	0.000000
4109	3	1	0.000000
4110	3	1	0.000000
4111	3	1	0.000000
4112	2	0	0.000000
4113	2	3	0.000000
4114	2	3	0.000000
4115	2	3	0.000000
4116	2	3	0.000000
4117	2	3	0.000000
4118	2	5	0.000000
4119	2	3	0.000000
4120	2	3	0.000000
4121	2	3	0.000000
4122	2	0	0.000000
4123	2	3	0.000000
4124	2	3	0.000000
4125	2	3	0.000000
4126	3	1	0.000000
4127	3	1	0.000000
4128	3	1	0.000000
4129	3	1	0.000000
4130	3	1	0.000000
4131	3	1	0.000000
4132	3	1	0.000000
4133	3	1	0.000000
4134	3	1	0.000000
4135	3	1	0.000000
4136	3	1	0.000000
4137	3	1	0.000000
4138	3	3	0.000000
4139	3	1	0.000000
4140	3	0	0.000000
4141	3	2	0.000000
4142	3	1	0.000000
4143	3	1	0.000000
4144	3	1	0.000000
4145	3	1	0.000000
4146	3	3	0.000000
4147	3	1	0.000000
4148	3	1	0.000000
4149	3	1	0.000000
4150	3	2	0.000000
4151	3	1	0.000000
4152	3	1	0.000000
4153	3	1	0.000000
4154	3	1	0.000000
4155	3	2	0.000000
4156	3	1	0.000000
4157	3	1	0.000000
4158	3	1	0.000000
4159	3	1	0.000000
4160	3	1	0.000000
4161	3	1	0.000000
4162	3	1	0.000000
4163	3	1	0.000000
4164	3	1	0.000000
4165	3	1	0.000000
4166	3	3	0.000000
4167	3	1	0.000000
4168	3	3	0.000000
4169	3	1	0.000000
4170	3	1	0.000000
4171	3	1	0.000000
4172	3	1	0.000000
4173	3	1	0.000000
4174	3	1	0.000000
4175	3	1	0.000000
4176	3	1	0.000000
4177	3	1	0.000000
4178	3	1	0.000000
4179	3	1	0.000000
4180	3	1	0.000000
4181	3	1	0.000000
4182	3	1	0.000000
4183	3	1	0.000000
4184	3	1	0.000000
4185	3	1	0.000000
4186	3	1	0.000000
4187	3	0	0.000000
4188	3	1	0.000000
4189	3	1	0.000000
4190	3	3	0.000000
4191	3	1	0.000000
4192	3	1	0.000000
4193	3	1	0.000000
4194	3	1	0.000000
4195	3	1	0.000000
4196	3	2	0.000000
4197	3	1	0.000000
4198	3	1	0.000000
4199	3	1	0.000000
4200	3	1	0.000000
4201	2	3	0.000000
4202	2	3	0.000000
4203	2	3	0.000000
4204	2	3	0.000000
4205	2	3	0.000000
4206	2	3	0.000000
4207	2	4	0.000000
4208	2	3	0.000000
4209	2	3	0.000000
4210	2	3	0.000000
4211	2	3	0.000000
4212	3	1	0.000000
4213	2	3	0.000000
4214	3	1	0.000000
4215	3	1	0.000000
4216	3	1	0.000000
4217	3	1	0.000000
4218	3	1	0.000000
4219	3	1	0.000000
4220	3	1	0.000000
4221	3	1	0.000000
4222	3	1	0.000000
4223	3	1	0.000000
4224	3	1	0.000000
4225	3	1	0.000000
4226	3	1	0.000000
4227	3	1	0.000000
4228	3	1	0.000000
4229	3	1	0.000000
4230	3	1	0.000000
4231	3	1	0.000000
4232	3	1	0.000000
4233	3	1	0.000000
4234	3	1	0.000000
4235	3	1	0.000000
4236	3	1	0.000000
4237	3	2	0.000000
4238	3	1	0.000000
4239	3	1	0.000000
4240	3	1	0.000000
4241	3	1	0.000000
4242	3	1	0.000000
4243	3	1	0.000000
4244	3	1	0.000000
4245	3	1	0.000000
4246	3	1	0.000000
4247	3	2	0.000000
4248	3	1	0.000000
4249	3	1	0.000000
4250	3	1	0.000000
4251	3	1	0.000000
4252	3	1	0.000000
4253	3	1	0.000000
4254	3	1	0.000000
4255	3	1	0.000000
4256	3	1	0.000000
4257	3	1	0.000000
4258	3	1	0.000000
4259	3	1	0.000000
4260	3	1	0.000000
4261	3	1	0.000000
4262	3	1	0.000000
4263	3	1	0.000000
4264	3	1	0.000000
4265	3	1	0.000000
4266	3	1	0.000000
4267	3	1	0.000000
4268	3	1	0.000000
4269	2	3	0.000000
4270	2	1	0.000000
4271	2	3	0.000000
4272	2	3	0.000000
4273	2	3	0.000000
4274	2	3	0.000000
4275	2	3	0.000000
4276	2	3	0.000000
4277	2	3	0.000000
4278	2	3	0.000000
4279	2	3	0.000000
4280	2	3	0.000000
4281	2	3	0.000000
4282	2	3	0.000000
4283	2	3	0.000000
4284	2	3	0.000000
4285	2	3	0.000000
4286	3	1	0.000000
4287	3	1	0.000000
4288	3	1	0.000000
4289	3	1	0.000000
4290	3	1	0.000000
4291	3	1	0.000000
4292	3	1	0.000000
4293	3	1	0.000000
4294	3	1	0.000000
4295	3	1	0.000000
4296	3	1	0.000000
4297	3	1	0.000000
4298	3	1	0.000000
4299	3	1	0.000000
4300	3	1	0.000000
4301	3	1	0.000000
4302	3	1	0.000000
4303	3	1	0.000000
4304	3	1	0.000000
4305	3	3	0.000000
4306	3	1	0.000000
4307	3	1	0.000000
4308	3	1	0.000000
4309	3	1	0.000000
4310	3	3	0.000000
4311	3	1	0.000000
4312	3	1	0.000000
4313	3	1	0.000000
4314	3	1	0.000000
4315	3	1	0.000000
4316	3	1	0.000000
4317	3	1	0.000000
4318	3	3	0.000000
4319	3	1	0.000000
4320	3	1	0.000000
4321	3	1	0.000000
4322	3	1	0.000000
4323	3	1	0.000000
4324	3	1	0.000000
4325	3	1	0.000000
4326	3	1	0.000000
4327	3	1	0.000000
4328	3	1	0.000000
4329	2	3	0.000000
4330	3	1	0.000000
4331	3	1	0.000000
4332	2	3	0.000000
4333	2	3	0.000000
4334	2	4	0.000000
4335	2	3	0.000000
4336	2	3	0.000000
4337	2	3	0.000000
4338	2	3	0.000000
4339	2	3	0.000000
4340	2	3	0.000000
4341	2	3	0.000000
4342	2	3	0.000000
4343	2	2	0.000000
4344	2	4	0.000000
4345	2	3	0.000000
4346	3	1	0.000000
4347	3	1	0.000000
4348	3	1	0.000000
4349	3	1	0.000000
4350	3	1	0.000000
4351	3	1	0.000000
4352	3	1	0.000000
4353	3	1	0.000000
4354	3	1	0.000000
4355	3	1	0.000000
4356	3	1	0.000000
4357	3	1	0.000000
4358	3	1	0.000000
4359	3	1	0.000000
4360	3	1	0.000000
4361	3	1	0.000000
4362	3	1	0.000000
4363	3	1	0.000000
4364	3	1	0.000000
4365	3	1	0.000000
4366	3	1	0.000000
4367	3	1	0.000000
4368	3	1	0.000000
4369	3	1	0.000000
4370	3	1	0.000000
4371	3	1	0.000000
4372	3	1	0.000000
4373	3	1	0.000000
4374	3	1	0.000000
4375	3	1	0.000000
4376	3	1	0.000000
4377	3	1	0.000000
4378	3	2	0.000000
4379	3	1	0.000000
4380	3	1	0.000000
4381	3	3	0.000000
4382	3	1	0.000000
4383	3	1	0.000000
4384	3	1	0.000000
4385	3	1	0.000000
4386	3	1	0.000000
4387	3	1	0.000000
4388	3	1	0.000000
4389	3	1	0.000000
4390	2	3	0.000000
4391	2	3	0.000000
4392	2	3	0.000000
4393	2	3	0.000000
4394	2	3	0.000000
4395	2	3	0.000000
4396	2	3	0.000000
4397	2	3	0.000000
4398	2	3	0.000000
4399	2	3	0.000000
4400	2	3	0.000000
4401	2	3	0.000000
4402	2	3	0.000000
4403	2	3	0.000000
4404	2	3	0.000000
4405	2	3	0.000000
4406	2	3	0.000000
4407	3	1	0.000000
4408	3	1	0.000000
4409	3	1	0.000000
4410	3	0	0.000000
4411	3	1	0.000000
4412	3	1	0.000000
4413	3	1	0.000000
4414	3	1	0.000000
4415	3	1	0.000000
4416	3	1	0.000000
4417	3	1	0.000000
4418	3	1	0.000000
4419	3	1	0.000000
4420	3	1	0.000000
4421	3	1	0.000000
4422	3	1	0.000000
4423	3	1	0.000000
4424	3	1	0.000000
4425	3	1	0.000000
4426	3	1	0.000000
4427	3	1	0.000000
4428	3	0	0.000000
4429	3	1	0.000000
4430	3	1	0.000000
4431	3	2	0.000000
4432	3	1	0.000000
4433	3	1	0.000000
4434	3	1	0.000000
4435	3	1	0.000000
4436	3	1	0.000000
4437	3	1	0.000000
4438	3	1	0.000000
4439	3	1	0.000000
4440	3	1	0.000000
4441	3	1	0.000000
4442	3	1	0.000000
4443	3	1	0.000000
4444	3	1	0.000000
4445	3	1	0.000000
4446	2	3	0.000000
4447	2	3	0.000000
4448	2	3	0.000000
4449	2	3	0.000000
4450	2	3	0.000000
4451	2	4	0.000000
4452	2	3	0.000000
4453	2	3	0.000000
4454	2	3	0.000000
4455	2	3	0.000000
4456	2	3	0.000000
4457	2	3	0.000000
4458	2	3	0.000000
4459	2	3	0.000000
4460	2	3	0.000000
4461	2	3	0.000000
4462	2	3	0.000000
4463	2	3	0.000000
4464	3	1	0.000000
4465	3	1	0.000000
4466	3	1	0.000000
4467	3	1	0.000000
4468	3	1	54.641000
4469	0	0	0.000000
