StartTime	2015/09/27 17:04:27
FinishTime	2015/09/27 17:05:18
ElapsedTime	51.000000
/home/daisuke/git/ReinforcementLearning/log/EV3LineTracer_20150927151833_10Setting_20150927151834.log
0	1.000000
1	0.906250	0.031250	0.031250	0.031250
2	0.895833	0.020833	0.020833	0.020833	0.020833	0.020833
3	0.031250	0.031250	0.031250	0.906250
4	0.031250	0.031250	0.906250	0.031250
5	0.906250	0.031250	0.031250	0.031250
6	0.031250	0.031250	0.031250	0.906250
4005
0	1	0	0.000000
1	1	0	0.000000
2	1	0	0.000000
3	1	0	0.000000
4	1	0	0.000000
5	1	0	0.000000
6	1	0	0.000000
7	1	1	0.000000
8	1	0	0.000000
9	1	3	0.000000
10	1	0	0.000000
11	2	0	0.000000
12	2	3	0.000000
13	2	0	0.000000
14	2	1	0.000000
15	2	0	0.000000
16	2	0	0.000000
17	2	0	0.000000
18	2	0	0.000000
19	2	0	0.000000
20	2	0	0.000000
21	2	4	0.000000
22	2	0	0.000000
23	2	0	0.000000
24	2	3	0.000000
25	2	0	0.000000
26	3	3	0.000000
27	3	3	0.000000
28	3	3	0.000000
29	3	0	0.000000
30	3	3	0.000000
31	3	3	0.000000
32	3	3	0.000000
33	3	3	0.000000
34	4	2	0.000000
35	4	2	0.000000
36	4	2	0.000000
37	3	3	0.000000
38	3	3	0.000000
39	3	2	0.000000
40	3	3	0.000000
41	3	3	0.000000
42	3	3	0.000000
43	3	2	0.000000
44	3	3	0.000000
45	3	3	0.000000
46	3	3	0.000000
47	3	3	0.000000
48	3	3	0.000000
49	2	0	0.000000
50	2	0	0.000000
51	2	0	0.000000
52	2	0	0.000000
53	1	0	0.000000
54	1	1	0.000000
55	1	0	0.000000
56	1	0	0.000000
57	1	0	0.000000
58	1	1	0.000000
59	1	0	0.000000
60	1	0	0.000000
61	1	0	0.000000
62	1	0	0.000000
63	1	0	0.000000
64	1	0	0.000000
65	1	0	0.000000
66	1	0	0.000000
67	1	0	0.000000
68	1	0	0.000000
69	1	0	0.000000
70	1	0	0.000000
71	1	0	0.000000
72	1	0	0.000000
73	1	0	0.000000
74	1	0	0.000000
75	1	0	0.000000
76	2	3	0.000000
77	2	0	0.000000
78	2	4	0.000000
79	2	0	0.000000
80	2	0	0.000000
81	2	0	0.000000
82	2	0	0.000000
83	2	0	0.000000
84	2	0	0.000000
85	2	0	0.000000
86	2	0	0.000000
87	2	0	0.000000
88	2	0	0.000000
89	2	5	0.000000
90	2	0	0.000000
91	2	0	0.000000
92	2	0	0.000000
93	2	0	0.000000
94	2	0	0.000000
95	2	0	0.000000
96	2	0	0.000000
97	2	0	0.000000
98	2	0	0.000000
99	3	3	0.000000
100	3	3	0.000000
101	3	3	0.000000
102	3	3	0.000000
103	3	3	0.000000
104	3	3	0.000000
105	3	3	0.000000
106	3	3	0.000000
107	3	3	0.000000
108	3	1	0.000000
109	3	3	0.000000
110	3	3	0.000000
111	3	3	0.000000
112	3	3	0.000000
113	3	3	0.000000
114	3	2	0.000000
115	2	0	0.000000
116	2	2	0.000000
117	2	0	0.000000
118	2	0	0.000000
119	2	0	0.000000
120	2	0	0.000000
121	2	0	0.000000
122	2	0	0.000000
123	2	0	0.000000
124	2	0	0.000000
125	2	0	0.000000
126	2	0	0.000000
127	2	2	0.000000
128	2	0	0.000000
129	2	0	0.000000
130	2	0	0.000000
131	2	0	0.000000
132	2	0	0.000000
133	2	0	0.000000
134	2	0	0.000000
135	2	0	0.000000
136	2	0	0.000000
137	2	0	0.000000
138	2	0	0.000000
139	2	0	0.000000
140	2	0	0.000000
141	2	0	0.000000
142	2	0	0.000000
143	3	3	0.000000
144	3	3	0.000000
145	3	3	0.000000
146	3	2	0.000000
147	3	3	0.000000
148	3	3	0.000000
149	3	3	0.000000
150	3	3	0.000000
151	3	3	0.000000
152	3	3	0.000000
153	3	3	0.000000
154	3	3	0.000000
155	3	0	0.000000
156	2	0	0.000000
157	2	0	0.000000
158	2	0	0.000000
159	2	0	0.000000
160	2	0	0.000000
161	2	0	0.000000
162	2	0	0.000000
163	2	0	0.000000
164	2	2	0.000000
165	2	0	0.000000
166	2	0	0.000000
167	2	0	0.000000
168	2	0	0.000000
169	2	0	0.000000
170	2	0	0.000000
171	2	4	0.000000
172	2	0	0.000000
173	2	1	0.000000
174	2	0	0.000000
175	2	0	0.000000
176	2	0	0.000000
177	2	0	0.000000
178	2	0	0.000000
179	2	0	0.000000
180	2	0	0.000000
181	3	3	0.000000
182	2	0	0.000000
183	3	3	0.000000
184	3	3	0.000000
185	3	3	0.000000
186	3	1	0.000000
187	3	3	0.000000
188	3	3	0.000000
189	3	3	0.000000
190	3	3	0.000000
191	3	3	0.000000
192	3	2	0.000000
193	3	3	0.000000
194	3	0	0.000000
195	3	3	0.000000
196	3	3	0.000000
197	3	3	0.000000
198	3	3	0.000000
199	3	3	0.000000
200	2	0	0.000000
201	2	0	0.000000
202	2	0	0.000000
203	2	0	0.000000
204	2	0	0.000000
205	2	0	0.000000
206	2	0	0.000000
207	2	0	0.000000
208	2	0	0.000000
209	2	0	0.000000
210	2	0	0.000000
211	2	0	0.000000
212	2	0	0.000000
213	2	0	0.000000
214	2	0	0.000000
215	2	0	0.000000
216	2	0	0.000000
217	2	0	0.000000
218	2	0	0.000000
219	2	0	0.000000
220	2	0	0.000000
221	2	0	0.000000
222	3	3	0.000000
223	3	3	0.000000
224	3	3	0.000000
225	3	3	0.000000
226	3	3	0.000000
227	3	3	0.000000
228	3	3	0.000000
229	3	1	0.000000
230	3	3	0.000000
231	3	3	0.000000
232	3	3	0.000000
233	3	3	0.000000
234	3	3	0.000000
235	3	3	0.000000
236	3	3	0.000000
237	3	3	0.000000
238	3	3	0.000000
239	2	5	0.000000
240	2	5	0.000000
241	2	0	0.000000
242	2	0	0.000000
243	2	0	0.000000
244	2	0	0.000000
245	2	0	0.000000
246	2	0	0.000000
247	2	2	0.000000
248	2	0	0.000000
249	2	0	0.000000
250	2	0	0.000000
251	2	1	0.000000
252	2	0	0.000000
253	2	0	0.000000
254	2	0	0.000000
255	2	0	0.000000
256	2	0	0.000000
257	2	3	0.000000
258	2	0	0.000000
259	2	0	0.000000
260	2	0	0.000000
261	2	0	0.000000
262	2	0	0.000000
263	2	2	0.000000
264	2	3	0.000000
265	2	0	0.000000
266	2	3	0.000000
267	2	0	0.000000
268	3	3	0.000000
269	3	3	0.000000
270	3	0	0.000000
271	3	3	0.000000
272	3	3	0.000000
273	3	3	0.000000
274	3	3	0.000000
275	3	3	0.000000
276	3	3	0.000000
277	3	3	0.000000
278	3	3	0.000000
279	3	3	0.000000
280	3	3	0.000000
281	3	3	0.000000
282	2	0	0.000000
283	2	0	0.000000
284	2	0	0.000000
285	2	0	0.000000
286	2	0	0.000000
287	2	0	0.000000
288	2	0	0.000000
289	1	0	0.000000
290	2	0	0.000000
291	1	0	0.000000
292	1	0	0.000000
293	1	0	0.000000
294	1	0	0.000000
295	1	0	0.000000
296	1	0	0.000000
297	2	1	0.000000
298	2	0	0.000000
299	2	0	0.000000
300	2	0	0.000000
301	2	0	0.000000
302	2	5	0.000000
303	2	0	0.000000
304	2	1	0.000000
305	2	5	0.000000
306	2	0	0.000000
307	2	0	0.000000
308	2	0	0.000000
309	2	0	0.000000
310	2	0	0.000000
311	2	0	0.000000
312	2	5	0.000000
313	2	0	0.000000
314	2	4	0.000000
315	3	3	0.000000
316	3	3	0.000000
317	3	3	0.000000
318	3	3	0.000000
319	3	3	0.000000
320	3	3	0.000000
321	3	3	0.000000
322	3	3	0.000000
323	3	3	0.000000
324	3	3	0.000000
325	3	3	0.000000
326	3	3	0.000000
327	3	3	0.000000
328	2	0	0.000000
329	2	0	0.000000
330	2	0	0.000000
331	2	5	0.000000
332	2	0	0.000000
333	2	0	0.000000
334	1	0	0.000000
335	1	1	0.000000
336	2	0	0.000000
337	1	0	0.000000
338	1	0	0.000000
339	1	0	0.000000
340	1	0	0.000000
341	1	0	0.000000
342	1	0	0.000000
343	1	0	0.000000
344	1	0	0.000000
345	1	0	0.000000
346	1	0	0.000000
347	1	0	0.000000
348	2	0	0.000000
349	2	0	0.000000
350	2	0	0.000000
351	2	0	0.000000
352	2	0	0.000000
353	2	3	0.000000
354	2	0	0.000000
355	2	0	0.000000
356	2	0	0.000000
357	3	3	0.000000
358	3	3	0.000000
359	3	3	0.000000
360	4	0	0.000000
361	4	2	0.000000
362	4	2	0.000000
363	4	2	0.000000
364	4	3	0.000000
365	4	2	0.000000
366	4	2	0.000000
367	4	2	0.000000
368	4	1	0.000000
369	4	2	0.000000
370	4	1	0.000000
371	4	2	0.000000
372	4	2	0.000000
373	4	2	0.000000
374	4	2	0.000000
375	4	2	0.000000
376	4	1	0.000000
377	4	1	0.000000
378	4	2	0.000000
379	4	2	0.000000
380	4	1	0.000000
381	4	2	0.000000
382	4	2	0.000000
383	4	1	0.000000
384	4	2	0.000000
385	3	3	0.000000
386	3	3	0.000000
387	3	3	0.000000
388	3	3	0.000000
389	3	3	0.000000
390	3	3	0.000000
391	3	3	0.000000
392	3	3	0.000000
393	3	3	0.000000
394	2	0	0.000000
395	2	0	0.000000
396	2	2	0.000000
397	2	0	0.000000
398	2	5	0.000000
399	1	0	0.000000
400	1	0	0.000000
401	2	0	0.000000
402	1	3	0.000000
403	1	0	0.000000
404	1	0	0.000000
405	1	0	0.000000
406	1	0	0.000000
407	1	0	0.000000
408	1	0	0.000000
409	1	0	0.000000
410	1	0	0.000000
411	1	0	0.000000
412	1	0	0.000000
413	1	0	0.000000
414	1	0	0.000000
415	1	0	0.000000
416	1	0	0.000000
417	1	1	0.000000
418	1	0	0.000000
419	1	0	0.000000
420	2	0	0.000000
421	2	0	0.000000
422	2	0	0.000000
423	2	0	0.000000
424	2	0	0.000000
425	2	0	0.000000
426	2	0	0.000000
427	3	3	0.000000
428	3	3	0.000000
429	3	3	0.000000
430	3	3	0.000000
431	3	3	0.000000
432	3	3	0.000000
433	4	2	0.000000
434	4	2	0.000000
435	4	2	0.000000
436	4	2	0.000000
437	4	2	0.000000
438	3	3	0.000000
439	3	3	0.000000
440	3	2	0.000000
441	3	3	0.000000
442	3	3	0.000000
443	3	0	0.000000
444	2	2	0.000000
445	2	0	0.000000
446	2	1	0.000000
447	2	0	0.000000
448	2	0	0.000000
449	2	2	0.000000
450	2	0	0.000000
451	2	0	0.000000
452	2	0	0.000000
453	2	0	0.000000
454	2	0	0.000000
455	2	0	0.000000
456	2	0	0.000000
457	2	0	0.000000
458	2	0	0.000000
459	2	0	0.000000
460	2	1	0.000000
461	2	0	0.000000
462	2	0	0.000000
463	2	5	0.000000
464	2	2	0.000000
465	3	3	0.000000
466	3	3	0.000000
467	3	1	0.000000
468	3	2	0.000000
469	3	3	0.000000
470	3	3	0.000000
471	3	3	0.000000
472	3	3	0.000000
473	3	3	0.000000
474	3	3	0.000000
475	3	3	0.000000
476	2	0	0.000000
477	2	0	0.000000
478	2	0	0.000000
479	2	0	0.000000
480	1	0	0.000000
481	1	0	0.000000
482	2	0	0.000000
483	1	0	0.000000
484	1	0	0.000000
485	1	0	0.000000
486	1	0	0.000000
487	2	0	0.000000
488	2	0	0.000000
489	2	0	0.000000
490	2	0	0.000000
491	2	0	0.000000
492	2	0	0.000000
493	2	5	0.000000
494	2	0	0.000000
495	2	0	0.000000
496	2	0	0.000000
497	2	0	0.000000
498	2	0	0.000000
499	2	0	0.000000
500	2	0	0.000000
501	2	0	0.000000
502	2	1	0.000000
503	2	0	0.000000
504	2	0	0.000000
505	2	0	0.000000
506	2	0	0.000000
507	2	0	0.000000
508	3	3	0.000000
509	3	3	0.000000
510	3	3	0.000000
511	3	3	0.000000
512	3	3	0.000000
513	3	3	0.000000
514	3	0	0.000000
515	3	3	0.000000
516	3	1	0.000000
517	3	3	0.000000
518	3	3	0.000000
519	3	3	0.000000
520	3	3	0.000000
521	3	3	0.000000
522	2	0	0.000000
523	2	0	0.000000
524	2	0	0.000000
525	2	3	0.000000
526	2	0	0.000000
527	2	0	0.000000
528	2	0	0.000000
529	2	0	0.000000
530	2	0	0.000000
531	2	0	0.000000
532	2	0	0.000000
533	2	0	0.000000
534	2	0	0.000000
535	2	0	0.000000
536	2	2	0.000000
537	2	0	0.000000
538	2	0	0.000000
539	3	3	0.000000
540	3	3	0.000000
541	3	2	0.000000
542	3	3	0.000000
543	3	3	0.000000
544	3	3	0.000000
545	3	3	0.000000
546	3	2	0.000000
547	3	3	0.000000
548	3	3	0.000000
549	3	3	0.000000
550	3	3	0.000000
551	3	3	0.000000
552	3	3	0.000000
553	3	3	0.000000
554	3	3	0.000000
555	3	3	0.000000
556	3	2	0.000000
557	3	3	0.000000
558	3	3	0.000000
559	3	3	0.000000
560	3	3	0.000000
561	4	2	0.000000
562	4	2	0.000000
563	4	2	0.000000
564	4	2	0.000000
565	4	2	0.000000
566	4	2	0.000000
567	3	3	0.000000
568	3	3	0.000000
569	3	1	0.000000
570	3	3	0.000000
571	3	3	0.000000
572	3	3	0.000000
573	3	3	0.000000
574	3	3	0.000000
575	3	3	0.000000
576	3	3	0.000000
577	3	3	0.000000
578	3	3	0.000000
579	3	3	0.000000
580	3	3	0.000000
581	3	3	0.000000
582	3	3	0.000000
583	3	3	0.000000
584	3	3	0.000000
585	2	0	0.000000
586	2	0	0.000000
587	2	0	0.000000
588	2	0	0.000000
589	2	0	0.000000
590	2	0	0.000000
591	2	0	0.000000
592	2	0	0.000000
593	1	0	0.000000
594	1	0	0.000000
595	2	0	0.000000
596	2	0	0.000000
597	2	0	0.000000
598	2	0	0.000000
599	2	0	0.000000
600	2	0	0.000000
601	2	0	0.000000
602	2	0	0.000000
603	2	0	0.000000
604	2	0	0.000000
605	2	0	0.000000
606	2	0	0.000000
607	2	0	0.000000
608	2	1	0.000000
609	2	0	0.000000
610	2	0	0.000000
611	2	0	0.000000
612	2	0	0.000000
613	2	0	0.000000
614	2	0	0.000000
615	3	3	0.000000
616	3	3	0.000000
617	3	3	0.000000
618	3	3	0.000000
619	3	3	0.000000
620	3	3	0.000000
621	3	3	0.000000
622	3	3	0.000000
623	3	3	0.000000
624	3	3	0.000000
625	3	3	0.000000
626	3	3	0.000000
627	3	3	0.000000
628	3	3	0.000000
629	3	3	0.000000
630	3	3	0.000000
631	3	1	0.000000
632	3	3	0.000000
633	3	3	0.000000
634	3	3	0.000000
635	3	3	0.000000
636	3	3	0.000000
637	3	3	0.000000
638	3	3	0.000000
639	3	3	0.000000
640	3	3	0.000000
641	3	3	0.000000
642	3	3	0.000000
643	3	3	0.000000
644	3	3	0.000000
645	3	3	0.000000
646	3	3	0.000000
647	3	3	0.000000
648	3	1	0.000000
649	3	3	0.000000
650	3	3	0.000000
651	3	3	0.000000
652	3	3	0.000000
653	3	3	0.000000
654	3	0	0.000000
655	3	3	0.000000
656	3	3	0.000000
657	3	3	0.000000
658	3	3	0.000000
659	2	0	0.000000
660	2	0	0.000000
661	2	0	0.000000
662	2	0	0.000000
663	2	0	0.000000
664	2	0	0.000000
665	2	0	0.000000
666	2	0	0.000000
667	2	0	0.000000
668	2	0	0.000000
669	2	0	0.000000
670	2	0	0.000000
671	2	0	0.000000
672	2	0	0.000000
673	2	0	0.000000
674	2	0	0.000000
675	2	0	0.000000
676	2	0	0.000000
677	2	0	0.000000
678	2	0	0.000000
679	2	0	0.000000
680	2	0	0.000000
681	2	1	0.000000
682	2	0	0.000000
683	2	0	0.000000
684	2	0	0.000000
685	3	0	0.000000
686	3	0	0.000000
687	3	3	0.000000
688	3	3	0.000000
689	3	3	0.000000
690	3	3	0.000000
691	3	3	0.000000
692	3	3	0.000000
693	3	3	0.000000
694	3	3	0.000000
695	3	3	0.000000
696	3	3	0.000000
697	3	3	0.000000
698	3	0	0.000000
699	3	3	0.000000
700	3	3	0.000000
701	3	3	0.000000
702	3	3	0.000000
703	3	3	0.000000
704	3	3	0.000000
705	3	1	0.000000
706	3	3	0.000000
707	3	3	0.000000
708	3	3	0.000000
709	3	3	0.000000
710	2	0	0.000000
711	2	0	0.000000
712	2	0	0.000000
713	2	0	0.000000
714	2	0	0.000000
715	2	5	0.000000
716	2	0	0.000000
717	2	0	0.000000
718	2	0	0.000000
719	2	0	0.000000
720	2	0	0.000000
721	2	0	0.000000
722	2	0	0.000000
723	2	0	0.000000
724	2	0	0.000000
725	2	0	0.000000
726	2	0	0.000000
727	2	0	0.000000
728	2	0	0.000000
729	2	0	0.000000
730	2	0	0.000000
731	2	0	0.000000
732	2	0	0.000000
733	3	3	0.000000
734	3	0	0.000000
735	3	3	0.000000
736	3	3	0.000000
737	3	3	0.000000
738	3	3	0.000000
739	3	3	0.000000
740	3	3	0.000000
741	3	3	0.000000
742	3	3	0.000000
743	3	3	0.000000
744	3	3	0.000000
745	3	3	0.000000
746	3	3	0.000000
747	3	3	0.000000
748	3	3	0.000000
749	3	3	0.000000
750	3	3	0.000000
751	3	3	0.000000
752	3	3	0.000000
753	3	0	0.000000
754	3	3	0.000000
755	3	3	0.000000
756	3	3	0.000000
757	3	3	0.000000
758	2	0	0.000000
759	2	1	0.000000
760	2	0	0.000000
761	2	0	0.000000
762	2	0	0.000000
763	2	3	0.000000
764	2	0	0.000000
765	2	0	0.000000
766	2	0	0.000000
767	2	0	0.000000
768	2	0	0.000000
769	2	0	0.000000
770	2	0	0.000000
771	2	0	0.000000
772	2	0	0.000000
773	2	0	0.000000
774	2	0	0.000000
775	2	0	0.000000
776	2	0	0.000000
777	2	0	0.000000
778	2	0	0.000000
779	2	0	0.000000
780	2	0	0.000000
781	2	0	0.000000
782	2	0	0.000000
783	2	5	0.000000
784	2	0	0.000000
785	2	0	0.000000
786	2	0	0.000000
787	2	0	0.000000
788	2	0	0.000000
789	2	0	0.000000
790	2	0	0.000000
791	3	3	0.000000
792	3	3	0.000000
793	3	3	0.000000
794	3	3	0.000000
795	3	3	0.000000
796	3	3	0.000000
797	3	1	0.000000
798	3	3	0.000000
799	3	3	0.000000
800	3	3	0.000000
801	3	3	0.000000
802	3	3	0.000000
803	3	1	0.000000
804	3	3	0.000000
805	3	3	0.000000
806	3	3	0.000000
807	3	3	0.000000
808	3	3	0.000000
809	3	3	0.000000
810	3	3	0.000000
811	3	3	0.000000
812	3	3	0.000000
813	3	3	0.000000
814	3	3	0.000000
815	3	3	0.000000
816	3	3	0.000000
817	3	3	0.000000
818	3	3	0.000000
819	3	3	0.000000
820	3	3	0.000000
821	3	3	0.000000
822	3	3	0.000000
823	3	0	0.000000
824	3	3	0.000000
825	3	1	0.000000
826	3	3	0.000000
827	3	3	0.000000
828	3	3	0.000000
829	3	3	0.000000
830	3	3	0.000000
831	3	3	0.000000
832	3	3	0.000000
833	3	3	0.000000
834	3	3	0.000000
835	3	3	0.000000
836	3	3	0.000000
837	3	3	0.000000
838	3	3	0.000000
839	3	3	0.000000
840	3	3	0.000000
841	3	3	0.000000
842	3	3	0.000000
843	3	3	0.000000
844	3	3	0.000000
845	2	0	0.000000
846	2	0	0.000000
847	2	0	0.000000
848	2	0	0.000000
849	2	0	0.000000
850	2	0	0.000000
851	2	0	0.000000
852	2	0	0.000000
853	2	0	0.000000
854	2	0	0.000000
855	2	0	0.000000
856	2	0	0.000000
857	2	0	0.000000
858	2	0	0.000000
859	2	0	0.000000
860	2	0	0.000000
861	2	0	0.000000
862	2	0	0.000000
863	2	0	0.000000
864	2	0	0.000000
865	2	0	0.000000
866	2	0	0.000000
867	2	0	0.000000
868	2	0	0.000000
869	2	0	0.000000
870	2	0	0.000000
871	3	3	0.000000
872	3	0	0.000000
873	3	3	0.000000
874	3	3	0.000000
875	3	0	0.000000
876	3	3	0.000000
877	3	3	0.000000
878	3	3	0.000000
879	3	0	0.000000
880	3	3	0.000000
881	3	3	0.000000
882	3	3	0.000000
883	3	3	0.000000
884	3	3	0.000000
885	3	3	0.000000
886	3	3	0.000000
887	3	3	0.000000
888	3	2	0.000000
889	3	3	0.000000
890	3	3	0.000000
891	3	3	0.000000
892	3	3	0.000000
893	3	0	0.000000
894	3	3	0.000000
895	3	3	0.000000
896	3	3	0.000000
897	3	3	0.000000
898	3	3	0.000000
899	3	3	0.000000
900	3	3	0.000000
901	3	3	0.000000
902	3	3	0.000000
903	2	0	0.000000
904	2	0	0.000000
905	2	0	0.000000
906	2	0	0.000000
907	2	0	0.000000
908	2	0	0.000000
909	2	0	0.000000
910	2	5	0.000000
911	2	0	0.000000
912	2	5	0.000000
913	2	0	0.000000
914	2	0	0.000000
915	2	0	0.000000
916	2	0	0.000000
917	2	0	0.000000
918	2	0	0.000000
919	2	0	0.000000
920	2	0	0.000000
921	2	0	0.000000
922	2	3	0.000000
923	2	0	0.000000
924	2	0	0.000000
925	2	0	0.000000
926	2	0	0.000000
927	2	0	0.000000
928	2	0	0.000000
929	3	3	0.000000
930	3	1	0.000000
931	3	0	0.000000
932	3	3	0.000000
933	3	3	0.000000
934	3	3	0.000000
935	3	3	0.000000
936	3	3	0.000000
937	3	3	0.000000
938	3	3	0.000000
939	3	3	0.000000
940	3	3	0.000000
941	3	3	0.000000
942	3	3	0.000000
943	2	0	0.000000
944	3	3	0.000000
945	3	3	0.000000
946	3	3	0.000000
947	3	3	0.000000
948	2	0	0.000000
949	2	0	0.000000
950	2	0	0.000000
951	2	0	0.000000
952	2	0	0.000000
953	2	0	0.000000
954	2	0	0.000000
955	2	0	0.000000
956	2	0	0.000000
957	2	0	0.000000
958	2	0	0.000000
959	2	3	0.000000
960	2	0	0.000000
961	2	0	0.000000
962	2	0	0.000000
963	2	0	0.000000
964	2	0	0.000000
965	2	0	0.000000
966	2	0	0.000000
967	2	0	0.000000
968	2	0	0.000000
969	3	3	0.000000
970	3	2	0.000000
971	3	3	0.000000
972	3	3	0.000000
973	3	3	0.000000
974	3	3	0.000000
975	3	3	0.000000
976	3	3	0.000000
977	3	3	0.000000
978	3	3	0.000000
979	3	3	0.000000
980	3	0	0.000000
981	3	3	0.000000
982	3	3	0.000000
983	2	0	0.000000
984	2	0	0.000000
985	2	0	0.000000
986	2	1	0.000000
987	2	0	0.000000
988	2	0	0.000000
989	2	0	0.000000
990	2	0	0.000000
991	2	0	0.000000
992	2	0	0.000000
993	2	0	0.000000
994	2	2	0.000000
995	2	0	0.000000
996	2	0	0.000000
997	2	0	0.000000
998	2	0	0.000000
999	2	0	0.000000
1000	2	0	0.000000
1001	3	3	0.000000
1002	3	3	0.000000
1003	3	3	0.000000
1004	3	3	0.000000
1005	3	3	0.000000
1006	3	3	0.000000
1007	3	3	0.000000
1008	3	3	0.000000
1009	3	3	0.000000
1010	3	3	0.000000
1011	3	3	0.000000
1012	3	3	0.000000
1013	2	1	0.000000
1014	2	0	0.000000
1015	2	0	0.000000
1016	2	0	0.000000
1017	2	0	0.000000
1018	2	2	0.000000
1019	2	0	0.000000
1020	2	0	0.000000
1021	2	0	0.000000
1022	2	0	0.000000
1023	2	0	0.000000
1024	2	0	0.000000
1025	2	0	0.000000
1026	2	2	0.000000
1027	2	0	0.000000
1028	2	0	0.000000
1029	2	0	0.000000
1030	2	0	0.000000
1031	2	0	0.000000
1032	2	0	0.000000
1033	2	0	0.000000
1034	2	0	0.000000
1035	2	0	0.000000
1036	3	3	0.000000
1037	3	3	0.000000
1038	3	3	0.000000
1039	3	3	0.000000
1040	3	3	0.000000
1041	3	0	0.000000
1042	3	3	0.000000
1043	3	3	0.000000
1044	3	3	0.000000
1045	3	3	0.000000
1046	3	3	0.000000
1047	3	3	0.000000
1048	3	1	0.000000
1049	3	3	0.000000
1050	3	3	0.000000
1051	3	3	0.000000
1052	3	3	0.000000
1053	3	3	0.000000
1054	3	3	0.000000
1055	2	4	0.000000
1056	2	0	0.000000
1057	2	0	0.000000
1058	2	0	0.000000
1059	2	0	0.000000
1060	2	0	0.000000
1061	2	0	0.000000
1062	2	0	0.000000
1063	2	0	0.000000
1064	2	0	0.000000
1065	2	0	0.000000
1066	2	0	0.000000
1067	1	0	0.000000
1068	1	0	0.000000
1069	1	0	0.000000
1070	2	2	0.000000
1071	2	0	0.000000
1072	2	0	0.000000
1073	2	0	0.000000
1074	2	0	0.000000
1075	2	4	0.000000
1076	2	2	0.000000
1077	2	0	0.000000
1078	2	0	0.000000
1079	2	3	0.000000
1080	2	0	0.000000
1081	2	2	0.000000
1082	2	0	0.000000
1083	2	0	0.000000
1084	2	0	0.000000
1085	2	0	0.000000
1086	2	0	0.000000
1087	2	0	0.000000
1088	2	0	0.000000
1089	2	0	0.000000
1090	2	0	0.000000
1091	2	0	0.000000
1092	2	0	0.000000
1093	2	0	0.000000
1094	3	3	0.000000
1095	3	3	0.000000
1096	3	3	0.000000
1097	3	3	0.000000
1098	3	3	0.000000
1099	3	3	0.000000
1100	3	3	0.000000
1101	3	3	0.000000
1102	3	3	0.000000
1103	3	3	0.000000
1104	3	3	0.000000
1105	3	3	0.000000
1106	3	3	0.000000
1107	3	3	0.000000
1108	3	3	0.000000
1109	3	3	0.000000
1110	3	3	0.000000
1111	3	3	0.000000
1112	3	3	0.000000
1113	3	1	0.000000
1114	3	3	0.000000
1115	3	2	0.000000
1116	3	3	0.000000
1117	3	0	0.000000
1118	4	2	0.000000
1119	4	2	0.000000
1120	3	3	0.000000
1121	3	3	0.000000
1122	3	3	0.000000
1123	3	3	0.000000
1124	3	3	0.000000
1125	3	3	0.000000
1126	3	3	0.000000
1127	3	3	0.000000
1128	3	3	0.000000
1129	3	3	0.000000
1130	3	3	0.000000
1131	3	3	0.000000
1132	3	3	0.000000
1133	3	3	0.000000
1134	3	3	0.000000
1135	3	3	0.000000
1136	3	3	0.000000
1137	3	3	0.000000
1138	3	3	0.000000
1139	3	3	0.000000
1140	3	3	0.000000
1141	3	3	0.000000
1142	3	3	0.000000
1143	3	3	0.000000
1144	3	3	0.000000
1145	3	3	0.000000
1146	3	3	0.000000
1147	3	3	0.000000
1148	3	3	0.000000
1149	3	3	0.000000
1150	2	0	0.000000
1151	2	2	0.000000
1152	2	0	0.000000
1153	2	2	0.000000
1154	2	0	0.000000
1155	2	0	0.000000
1156	2	0	0.000000
1157	2	0	0.000000
1158	2	2	0.000000
1159	2	0	0.000000
1160	2	0	0.000000
1161	2	0	0.000000
1162	2	2	0.000000
1163	2	0	0.000000
1164	2	3	0.000000
1165	2	0	0.000000
1166	2	0	0.000000
1167	2	3	0.000000
1168	2	3	0.000000
1169	2	4	0.000000
1170	2	0	0.000000
1171	2	0	0.000000
1172	2	0	0.000000
1173	2	0	0.000000
1174	3	1	0.000000
1175	3	3	0.000000
1176	3	3	0.000000
1177	3	2	0.000000
1178	3	3	0.000000
1179	3	3	0.000000
1180	3	3	0.000000
1181	3	3	0.000000
1182	3	3	0.000000
1183	3	3	0.000000
1184	3	3	0.000000
1185	3	1	0.000000
1186	3	3	0.000000
1187	3	3	0.000000
1188	3	3	0.000000
1189	3	3	0.000000
1190	3	3	0.000000
1191	2	0	0.000000
1192	2	0	0.000000
1193	3	3	0.000000
1194	2	0	0.000000
1195	2	0	0.000000
1196	2	0	0.000000
1197	2	0	0.000000
1198	2	0	0.000000
1199	2	1	0.000000
1200	2	0	0.000000
1201	2	0	0.000000
1202	2	0	0.000000
1203	2	0	0.000000
1204	2	0	0.000000
1205	2	0	0.000000
1206	2	4	0.000000
1207	2	5	0.000000
1208	2	0	0.000000
1209	2	0	0.000000
1210	2	0	0.000000
1211	2	0	0.000000
1212	3	3	0.000000
1213	3	3	0.000000
1214	3	3	0.000000
1215	3	3	0.000000
1216	3	3	0.000000
1217	3	3	0.000000
1218	3	3	0.000000
1219	3	3	0.000000
1220	3	3	0.000000
1221	3	3	0.000000
1222	3	3	0.000000
1223	3	3	0.000000
1224	2	0	0.000000
1225	2	0	0.000000
1226	2	0	0.000000
1227	2	0	0.000000
1228	2	0	0.000000
1229	2	0	0.000000
1230	2	0	0.000000
1231	2	0	0.000000
1232	1	0	0.000000
1233	2	0	0.000000
1234	2	0	0.000000
1235	2	0	0.000000
1236	2	0	0.000000
1237	2	0	0.000000
1238	2	0	0.000000
1239	2	0	0.000000
1240	2	5	0.000000
1241	2	0	0.000000
1242	2	0	0.000000
1243	2	0	0.000000
1244	2	0	0.000000
1245	2	0	0.000000
1246	2	0	0.000000
1247	2	0	0.000000
1248	2	0	0.000000
1249	3	3	0.000000
1250	3	3	0.000000
1251	3	3	0.000000
1252	3	3	0.000000
1253	3	3	0.000000
1254	3	3	0.000000
1255	3	3	0.000000
1256	3	3	0.000000
1257	3	3	0.000000
1258	4	2	0.000000
1259	3	3	0.000000
1260	4	0	0.000000
1261	4	2	0.000000
1262	3	3	0.000000
1263	3	3	0.000000
1264	3	3	0.000000
1265	3	3	0.000000
1266	3	3	0.000000
1267	3	3	0.000000
1268	4	2	0.000000
1269	4	2	0.000000
1270	4	2	0.000000
1271	4	2	0.000000
1272	4	2	0.000000
1273	4	2	0.000000
1274	3	3	0.000000
1275	3	3	0.000000
1276	3	3	0.000000
1277	3	3	0.000000
1278	3	3	0.000000
1279	3	3	0.000000
1280	3	3	0.000000
1281	3	3	0.000000
1282	3	3	0.000000
1283	3	3	0.000000
1284	3	3	0.000000
1285	3	3	0.000000
1286	3	3	0.000000
1287	3	2	0.000000
1288	3	3	0.000000
1289	3	3	0.000000
1290	3	3	0.000000
1291	3	3	0.000000
1292	3	3	0.000000
1293	3	3	0.000000
1294	3	3	0.000000
1295	3	3	0.000000
1296	3	3	0.000000
1297	3	3	0.000000
1298	3	3	0.000000
1299	3	3	0.000000
1300	3	3	0.000000
1301	3	3	0.000000
1302	3	3	0.000000
1303	3	3	0.000000
1304	3	3	0.000000
1305	3	1	0.000000
1306	3	3	0.000000
1307	3	3	0.000000
1308	3	3	0.000000
1309	3	3	0.000000
1310	2	0	0.000000
1311	2	0	0.000000
1312	2	0	0.000000
1313	2	0	0.000000
1314	2	0	0.000000
1315	2	0	0.000000
1316	2	0	0.000000
1317	2	0	0.000000
1318	2	2	0.000000
1319	2	0	0.000000
1320	2	0	0.000000
1321	2	0	0.000000
1322	2	0	0.000000
1323	2	0	0.000000
1324	2	0	0.000000
1325	2	0	0.000000
1326	2	0	0.000000
1327	2	0	0.000000
1328	2	0	0.000000
1329	2	0	0.000000
1330	2	0	0.000000
1331	2	0	0.000000
1332	2	0	0.000000
1333	2	0	0.000000
1334	2	0	0.000000
1335	3	3	0.000000
1336	3	3	0.000000
1337	3	0	0.000000
1338	3	3	0.000000
1339	3	3	0.000000
1340	3	3	0.000000
1341	3	3	0.000000
1342	3	3	0.000000
1343	3	3	0.000000
1344	3	3	0.000000
1345	3	3	0.000000
1346	3	3	0.000000
1347	3	3	0.000000
1348	3	3	0.000000
1349	3	3	0.000000
1350	3	3	0.000000
1351	3	3	0.000000
1352	3	3	0.000000
1353	3	3	0.000000
1354	3	3	0.000000
1355	3	3	0.000000
1356	3	3	0.000000
1357	3	3	0.000000
1358	3	3	0.000000
1359	3	3	0.000000
1360	3	3	0.000000
1361	3	3	0.000000
1362	2	0	0.000000
1363	2	0	0.000000
1364	2	1	0.000000
1365	2	0	0.000000
1366	2	0	0.000000
1367	2	0	0.000000
1368	2	0	0.000000
1369	2	2	0.000000
1370	2	0	0.000000
1371	2	0	0.000000
1372	2	0	0.000000
1373	2	0	0.000000
1374	2	0	0.000000
1375	2	0	0.000000
1376	2	0	0.000000
1377	2	1	0.000000
1378	2	0	0.000000
1379	2	0	0.000000
1380	2	0	0.000000
1381	2	0	0.000000
1382	2	0	0.000000
1383	2	0	0.000000
1384	2	0	0.000000
1385	3	3	0.000000
1386	3	3	0.000000
1387	3	3	0.000000
1388	3	3	0.000000
1389	3	3	0.000000
1390	3	3	0.000000
1391	3	3	0.000000
1392	3	3	0.000000
1393	3	3	0.000000
1394	3	3	0.000000
1395	3	3	0.000000
1396	3	3	0.000000
1397	3	0	0.000000
1398	3	3	0.000000
1399	3	3	0.000000
1400	3	3	0.000000
1401	3	3	0.000000
1402	3	3	0.000000
1403	3	3	0.000000
1404	3	3	0.000000
1405	3	3	0.000000
1406	3	3	0.000000
1407	3	3	0.000000
1408	3	3	0.000000
1409	3	1	0.000000
1410	3	3	0.000000
1411	3	3	0.000000
1412	3	3	0.000000
1413	3	0	0.000000
1414	3	3	0.000000
1415	3	3	0.000000
1416	3	3	0.000000
1417	3	3	0.000000
1418	3	3	0.000000
1419	3	3	0.000000
1420	3	3	0.000000
1421	3	3	0.000000
1422	3	3	0.000000
1423	3	3	0.000000
1424	3	3	0.000000
1425	3	3	0.000000
1426	3	0	0.000000
1427	3	3	0.000000
1428	3	0	0.000000
1429	3	3	0.000000
1430	3	3	0.000000
1431	3	3	0.000000
1432	3	3	0.000000
1433	3	3	0.000000
1434	3	3	0.000000
1435	3	3	0.000000
1436	3	3	0.000000
1437	3	0	0.000000
1438	3	3	0.000000
1439	3	3	0.000000
1440	3	3	0.000000
1441	3	3	0.000000
1442	3	3	0.000000
1443	3	3	0.000000
1444	3	3	0.000000
1445	3	3	0.000000
1446	3	3	0.000000
1447	3	3	0.000000
1448	3	3	0.000000
1449	3	3	0.000000
1450	2	0	0.000000
1451	2	0	0.000000
1452	2	0	0.000000
1453	2	0	0.000000
1454	2	4	0.000000
1455	2	0	0.000000
1456	2	4	0.000000
1457	2	0	0.000000
1458	2	0	0.000000
1459	2	0	0.000000
1460	2	0	0.000000
1461	2	0	0.000000
1462	2	0	0.000000
1463	2	0	0.000000
1464	2	2	0.000000
1465	2	0	0.000000
1466	2	0	0.000000
1467	2	0	0.000000
1468	2	0	0.000000
1469	2	0	0.000000
1470	2	0	0.000000
1471	2	0	0.000000
1472	2	0	0.000000
1473	2	0	0.000000
1474	2	0	0.000000
1475	2	0	0.000000
1476	2	0	0.000000
1477	3	3	0.000000
1478	2	0	0.000000
1479	3	3	0.000000
1480	3	3	0.000000
1481	3	3	0.000000
1482	3	3	0.000000
1483	3	3	0.000000
1484	3	3	0.000000
1485	3	3	0.000000
1486	3	3	0.000000
1487	3	3	0.000000
1488	3	3	0.000000
1489	3	3	0.000000
1490	3	3	0.000000
1491	3	3	0.000000
1492	2	0	0.000000
1493	2	0	0.000000
1494	2	0	0.000000
1495	2	0	0.000000
1496	2	0	0.000000
1497	2	4	0.000000
1498	2	0	0.000000
1499	2	0	0.000000
1500	2	2	0.000000
1501	2	0	0.000000
1502	2	0	0.000000
1503	2	0	0.000000
1504	2	1	0.000000
1505	2	0	0.000000
1506	2	0	0.000000
1507	2	0	0.000000
1508	2	0	0.000000
1509	2	0	0.000000
1510	2	0	0.000000
1511	2	0	0.000000
1512	2	0	0.000000
1513	2	0	0.000000
1514	2	0	0.000000
1515	2	1	0.000000
1516	2	5	0.000000
1517	2	0	0.000000
1518	2	0	0.000000
1519	2	1	0.000000
1520	2	0	0.000000
1521	2	5	0.000000
1522	2	0	0.000000
1523	2	0	0.000000
1524	2	0	0.000000
1525	2	0	0.000000
1526	2	0	0.000000
1527	2	0	0.000000
1528	2	0	0.000000
1529	2	1	0.000000
1530	2	0	0.000000
1531	2	0	0.000000
1532	2	0	0.000000
1533	2	0	0.000000
1534	2	0	0.000000
1535	2	0	0.000000
1536	2	1	0.000000
1537	2	0	0.000000
1538	2	0	0.000000
1539	2	0	0.000000
1540	2	0	0.000000
1541	2	0	0.000000
1542	3	3	0.000000
1543	3	3	0.000000
1544	3	3	0.000000
1545	3	3	0.000000
1546	3	3	0.000000
1547	3	3	0.000000
1548	3	3	0.000000
1549	3	3	0.000000
1550	3	3	0.000000
1551	3	3	0.000000
1552	3	3	0.000000
1553	3	3	0.000000
1554	2	0	0.000000
1555	2	0	0.000000
1556	2	1	0.000000
1557	1	0	0.000000
1558	1	0	0.000000
1559	1	0	0.000000
1560	1	0	0.000000
1561	1	0	0.000000
1562	1	0	0.000000
1563	1	0	0.000000
1564	1	3	0.000000
1565	1	0	0.000000
1566	1	0	0.000000
1567	1	0	0.000000
1568	1	0	0.000000
1569	1	0	0.000000
1570	1	0	0.000000
1571	1	0	0.000000
1572	1	0	0.000000
1573	1	1	0.000000
1574	1	0	0.000000
1575	1	0	0.000000
1576	1	0	0.000000
1577	1	0	0.000000
1578	1	0	0.000000
1579	1	0	0.000000
1580	1	0	0.000000
1581	1	0	0.000000
1582	1	0	0.000000
1583	1	0	0.000000
1584	1	0	0.000000
1585	1	0	0.000000
1586	1	0	0.000000
1587	1	0	0.000000
1588	1	0	0.000000
1589	1	0	0.000000
1590	1	0	0.000000
1591	1	0	0.000000
1592	1	0	0.000000
1593	1	2	0.000000
1594	1	0	0.000000
1595	1	0	0.000000
1596	1	0	0.000000
1597	1	0	0.000000
1598	1	0	0.000000
1599	1	0	0.000000
1600	1	0	0.000000
1601	1	0	0.000000
1602	2	0	0.000000
1603	2	0	0.000000
1604	2	0	0.000000
1605	2	0	0.000000
1606	2	0	0.000000
1607	2	3	0.000000
1608	2	0	0.000000
1609	2	0	0.000000
1610	2	0	0.000000
1611	2	0	0.000000
1612	2	0	0.000000
1613	2	0	0.000000
1614	2	4	0.000000
1615	2	0	0.000000
1616	2	0	0.000000
1617	2	0	0.000000
1618	2	0	0.000000
1619	2	0	0.000000
1620	2	0	0.000000
1621	2	0	0.000000
1622	2	0	0.000000
1623	2	0	0.000000
1624	2	0	0.000000
1625	2	0	0.000000
1626	2	0	0.000000
1627	2	0	0.000000
1628	2	0	0.000000
1629	2	3	0.000000
1630	2	5	0.000000
1631	2	0	0.000000
1632	2	0	0.000000
1633	2	0	0.000000
1634	2	0	0.000000
1635	2	0	0.000000
1636	2	0	0.000000
1637	2	3	0.000000
1638	2	0	0.000000
1639	2	0	0.000000
1640	2	0	0.000000
1641	2	0	0.000000
1642	2	0	0.000000
1643	2	0	0.000000
1644	2	0	0.000000
1645	2	0	0.000000
1646	2	0	0.000000
1647	2	2	0.000000
1648	2	0	0.000000
1649	2	0	0.000000
1650	2	2	0.000000
1651	2	0	0.000000
1652	2	0	0.000000
1653	2	0	0.000000
1654	2	0	0.000000
1655	2	0	0.000000
1656	2	0	0.000000
1657	2	0	0.000000
1658	2	0	0.000000
1659	2	0	0.000000
1660	2	3	0.000000
1661	2	0	0.000000
1662	2	0	0.000000
1663	2	0	0.000000
1664	2	0	0.000000
1665	2	0	0.000000
1666	2	0	0.000000
1667	2	0	0.000000
1668	2	0	0.000000
1669	2	0	0.000000
1670	2	0	0.000000
1671	2	0	0.000000
1672	2	0	0.000000
1673	2	0	0.000000
1674	2	0	0.000000
1675	2	1	0.000000
1676	2	0	0.000000
1677	2	0	0.000000
1678	2	0	0.000000
1679	2	0	0.000000
1680	2	0	0.000000
1681	2	0	0.000000
1682	2	0	0.000000
1683	2	3	0.000000
1684	2	0	0.000000
1685	3	3	0.000000
1686	3	0	0.000000
1687	3	3	0.000000
1688	3	3	0.000000
1689	3	3	0.000000
1690	3	3	0.000000
1691	3	3	0.000000
1692	3	3	0.000000
1693	3	3	0.000000
1694	3	0	0.000000
1695	3	3	0.000000
1696	3	3	0.000000
1697	3	3	0.000000
1698	2	0	0.000000
1699	2	0	0.000000
1700	2	0	0.000000
1701	1	0	0.000000
1702	1	0	0.000000
1703	1	0	0.000000
1704	1	0	0.000000
1705	1	0	0.000000
1706	1	0	0.000000
1707	1	1	0.000000
1708	1	0	0.000000
1709	1	0	0.000000
1710	1	0	0.000000
1711	1	0	0.000000
1712	1	0	0.000000
1713	1	0	0.000000
1714	1	3	0.000000
1715	1	3	0.000000
1716	1	0	0.000000
1717	1	2	0.000000
1718	1	0	0.000000
1719	1	0	0.000000
1720	1	0	0.000000
1721	1	0	0.000000
1722	1	0	0.000000
1723	1	0	0.000000
1724	1	0	0.000000
1725	1	0	0.000000
1726	1	3	0.000000
1727	1	0	0.000000
1728	1	0	0.000000
1729	1	0	0.000000
1730	1	0	0.000000
1731	1	0	0.000000
1732	1	0	0.000000
1733	1	0	0.000000
1734	1	0	0.000000
1735	1	0	0.000000
1736	1	0	0.000000
1737	1	0	0.000000
1738	1	0	0.000000
1739	1	0	0.000000
1740	1	0	0.000000
1741	1	0	0.000000
1742	1	0	0.000000
1743	1	0	0.000000
1744	1	0	0.000000
1745	1	0	0.000000
1746	1	0	0.000000
1747	1	0	0.000000
1748	1	1	0.000000
1749	1	0	0.000000
1750	1	0	0.000000
1751	1	0	0.000000
1752	1	0	0.000000
1753	1	0	0.000000
1754	1	3	0.000000
1755	1	0	0.000000
1756	1	0	0.000000
1757	1	0	0.000000
1758	1	0	0.000000
1759	1	0	0.000000
1760	1	0	0.000000
1761	1	0	0.000000
1762	1	0	0.000000
1763	1	0	0.000000
1764	1	0	0.000000
1765	1	0	0.000000
1766	1	0	0.000000
1767	1	0	0.000000
1768	1	0	0.000000
1769	1	0	0.000000
1770	1	0	0.000000
1771	1	0	0.000000
1772	1	0	0.000000
1773	1	0	0.000000
1774	1	0	0.000000
1775	1	0	0.000000
1776	1	1	0.000000
1777	1	0	0.000000
1778	1	0	0.000000
1779	1	0	0.000000
1780	1	0	0.000000
1781	1	0	0.000000
1782	1	0	0.000000
1783	1	0	0.000000
1784	1	3	0.000000
1785	1	0	0.000000
1786	1	0	0.000000
1787	1	0	0.000000
1788	1	0	0.000000
1789	1	0	0.000000
1790	1	0	0.000000
1791	1	0	0.000000
1792	1	0	0.000000
1793	1	0	0.000000
1794	1	0	0.000000
1795	1	0	0.000000
1796	1	0	0.000000
1797	1	0	0.000000
1798	1	0	0.000000
1799	1	0	0.000000
1800	1	0	0.000000
1801	1	0	0.000000
1802	1	0	0.000000
1803	1	0	0.000000
1804	1	0	0.000000
1805	1	0	0.000000
1806	1	0	0.000000
1807	1	0	0.000000
1808	1	0	0.000000
1809	1	0	0.000000
1810	1	0	0.000000
1811	1	0	0.000000
1812	1	3	0.000000
1813	1	1	0.000000
1814	1	0	0.000000
1815	1	0	0.000000
1816	1	0	0.000000
1817	1	0	0.000000
1818	1	0	0.000000
1819	2	0	0.000000
1820	2	0	0.000000
1821	2	4	0.000000
1822	2	0	0.000000
1823	2	0	0.000000
1824	2	5	0.000000
1825	3	2	0.000000
1826	3	3	0.000000
1827	3	3	0.000000
1828	3	3	0.000000
1829	3	3	0.000000
1830	3	3	0.000000
1831	3	3	0.000000
1832	3	3	0.000000
1833	3	3	0.000000
1834	3	3	0.000000
1835	3	3	0.000000
1836	3	3	0.000000
1837	3	3	0.000000
1838	3	0	0.000000
1839	3	3	0.000000
1840	3	3	0.000000
1841	3	3	0.000000
1842	3	3	0.000000
1843	3	3	0.000000
1844	3	3	0.000000
1845	3	3	0.000000
1846	3	3	0.000000
1847	3	3	0.000000
1848	3	3	0.000000
1849	3	3	0.000000
1850	3	3	0.000000
1851	2	5	0.000000
1852	2	0	0.000000
1853	2	0	0.000000
1854	2	0	0.000000
1855	2	0	0.000000
1856	2	0	0.000000
1857	2	0	0.000000
1858	2	0	0.000000
1859	2	0	0.000000
1860	2	0	0.000000
1861	2	0	0.000000
1862	2	0	0.000000
1863	2	0	0.000000
1864	2	0	0.000000
1865	2	0	0.000000
1866	2	0	0.000000
1867	2	0	0.000000
1868	2	5	0.000000
1869	2	1	0.000000
1870	2	0	0.000000
1871	2	0	0.000000
1872	2	0	0.000000
1873	2	0	0.000000
1874	2	0	0.000000
1875	2	0	0.000000
1876	2	0	0.000000
1877	2	0	0.000000
1878	2	0	0.000000
1879	2	0	0.000000
1880	2	0	0.000000
1881	2	4	0.000000
1882	2	0	0.000000
1883	2	0	0.000000
1884	3	3	0.000000
1885	3	3	0.000000
1886	3	3	0.000000
1887	3	3	0.000000
1888	3	3	0.000000
1889	3	3	0.000000
1890	3	3	0.000000
1891	3	3	0.000000
1892	3	3	0.000000
1893	3	3	0.000000
1894	3	3	0.000000
1895	3	3	0.000000
1896	3	3	0.000000
1897	3	3	0.000000
1898	3	3	0.000000
1899	3	3	0.000000
1900	3	3	0.000000
1901	3	3	0.000000
1902	3	3	0.000000
1903	3	3	0.000000
1904	3	3	0.000000
1905	3	3	0.000000
1906	3	3	0.000000
1907	3	3	0.000000
1908	3	3	0.000000
1909	3	3	0.000000
1910	3	0	0.000000
1911	3	3	0.000000
1912	3	3	0.000000
1913	2	0	0.000000
1914	2	0	0.000000
1915	2	0	0.000000
1916	2	0	0.000000
1917	2	0	0.000000
1918	2	0	0.000000
1919	2	0	0.000000
1920	2	0	0.000000
1921	2	0	0.000000
1922	2	0	0.000000
1923	2	0	0.000000
1924	2	0	0.000000
1925	2	0	0.000000
1926	2	0	0.000000
1927	2	0	0.000000
1928	2	2	0.000000
1929	2	3	0.000000
1930	2	0	0.000000
1931	2	0	0.000000
1932	2	0	0.000000
1933	2	0	0.000000
1934	2	0	0.000000
1935	2	0	0.000000
1936	2	0	0.000000
1937	2	2	0.000000
1938	2	0	0.000000
1939	2	4	0.000000
1940	3	3	0.000000
1941	3	3	0.000000
1942	3	3	0.000000
1943	3	3	0.000000
1944	3	1	0.000000
1945	3	3	0.000000
1946	3	3	0.000000
1947	3	3	0.000000
1948	3	2	0.000000
1949	3	3	0.000000
1950	2	0	0.000000
1951	2	0	0.000000
1952	2	0	0.000000
1953	2	0	0.000000
1954	2	1	0.000000
1955	2	0	0.000000
1956	2	0	0.000000
1957	2	0	0.000000
1958	2	0	0.000000
1959	3	3	0.000000
1960	3	3	0.000000
1961	3	3	0.000000
1962	3	3	0.000000
1963	3	3	0.000000
1964	3	3	0.000000
1965	3	1	0.000000
1966	3	3	0.000000
1967	3	3	0.000000
1968	3	3	0.000000
1969	3	3	0.000000
1970	3	3	0.000000
1971	3	3	0.000000
1972	3	3	0.000000
1973	3	3	0.000000
1974	3	2	0.000000
1975	3	3	0.000000
1976	3	3	0.000000
1977	3	3	0.000000
1978	3	3	0.000000
1979	3	3	0.000000
1980	3	3	0.000000
1981	3	3	0.000000
1982	3	3	0.000000
1983	3	3	0.000000
1984	3	3	0.000000
1985	3	3	0.000000
1986	3	3	0.000000
1987	3	3	0.000000
1988	3	3	0.000000
1989	3	3	0.000000
1990	3	3	0.000000
1991	3	3	0.000000
1992	3	3	0.000000
1993	3	3	0.000000
1994	3	3	0.000000
1995	3	3	0.000000
1996	3	3	0.000000
1997	3	3	0.000000
1998	3	3	0.000000
1999	3	3	0.000000
2000	3	3	0.000000
2001	3	0	0.000000
2002	3	2	0.000000
2003	3	3	0.000000
2004	3	3	0.000000
2005	3	3	0.000000
2006	3	3	0.000000
2007	3	3	0.000000
2008	3	3	0.000000
2009	3	3	0.000000
2010	3	3	0.000000
2011	3	1	0.000000
2012	3	3	0.000000
2013	3	3	0.000000
2014	3	3	0.000000
2015	3	2	0.000000
2016	3	3	0.000000
2017	3	2	0.000000
2018	3	3	0.000000
2019	3	3	0.000000
2020	3	3	0.000000
2021	3	3	0.000000
2022	3	3	0.000000
2023	3	3	0.000000
2024	3	0	0.000000
2025	3	3	0.000000
2026	3	3	0.000000
2027	3	3	0.000000
2028	3	3	0.000000
2029	3	1	0.000000
2030	3	3	0.000000
2031	3	3	0.000000
2032	3	3	0.000000
2033	3	3	0.000000
2034	3	0	0.000000
2035	3	3	0.000000
2036	3	3	0.000000
2037	3	3	0.000000
2038	3	3	0.000000
2039	3	3	0.000000
2040	3	3	0.000000
2041	3	3	0.000000
2042	3	3	0.000000
2043	3	3	0.000000
2044	3	3	0.000000
2045	3	1	0.000000
2046	3	3	0.000000
2047	3	2	0.000000
2048	3	3	0.000000
2049	3	1	0.000000
2050	3	3	0.000000
2051	3	3	0.000000
2052	3	3	0.000000
2053	3	3	0.000000
2054	3	3	0.000000
2055	3	3	0.000000
2056	3	3	0.000000
2057	3	3	0.000000
2058	3	3	0.000000
2059	3	3	0.000000
2060	3	3	0.000000
2061	3	3	0.000000
2062	3	3	0.000000
2063	3	0	0.000000
2064	3	3	0.000000
2065	3	3	0.000000
2066	2	0	0.000000
2067	2	0	0.000000
2068	2	0	0.000000
2069	2	0	0.000000
2070	2	3	0.000000
2071	2	0	0.000000
2072	2	0	0.000000
2073	2	1	0.000000
2074	2	0	0.000000
2075	2	0	0.000000
2076	2	0	0.000000
2077	2	0	0.000000
2078	2	0	0.000000
2079	2	0	0.000000
2080	2	0	0.000000
2081	2	1	0.000000
2082	2	0	0.000000
2083	2	0	0.000000
2084	2	0	0.000000
2085	2	5	0.000000
2086	2	0	0.000000
2087	2	0	0.000000
2088	2	0	0.000000
2089	2	0	0.000000
2090	2	0	0.000000
2091	2	4	0.000000
2092	2	0	0.000000
2093	3	3	0.000000
2094	3	1	0.000000
2095	3	3	0.000000
2096	3	3	0.000000
2097	3	3	0.000000
2098	3	3	0.000000
2099	3	3	0.000000
2100	3	3	0.000000
2101	3	3	0.000000
2102	3	3	0.000000
2103	3	3	0.000000
2104	3	3	0.000000
2105	3	3	0.000000
2106	3	3	0.000000
2107	3	2	0.000000
2108	2	0	0.000000
2109	2	0	0.000000
2110	2	0	0.000000
2111	2	0	0.000000
2112	2	0	0.000000
2113	2	0	0.000000
2114	2	0	0.000000
2115	2	0	0.000000
2116	2	0	0.000000
2117	2	2	0.000000
2118	2	3	0.000000
2119	2	0	0.000000
2120	2	0	0.000000
2121	2	0	0.000000
2122	2	0	0.000000
2123	2	0	0.000000
2124	2	0	0.000000
2125	2	0	0.000000
2126	2	0	0.000000
2127	2	0	0.000000
2128	2	0	0.000000
2129	2	0	0.000000
2130	3	3	0.000000
2131	3	3	0.000000
2132	3	3	0.000000
2133	3	3	0.000000
2134	3	3	0.000000
2135	3	3	0.000000
2136	3	3	0.000000
2137	3	3	0.000000
2138	3	3	0.000000
2139	3	3	0.000000
2140	3	3	0.000000
2141	3	3	0.000000
2142	3	3	0.000000
2143	3	3	0.000000
2144	2	0	0.000000
2145	2	0	0.000000
2146	2	0	0.000000
2147	2	1	0.000000
2148	2	0	0.000000
2149	2	0	0.000000
2150	2	0	0.000000
2151	2	0	0.000000
2152	2	0	0.000000
2153	2	0	0.000000
2154	2	0	0.000000
2155	2	5	0.000000
2156	2	0	0.000000
2157	2	1	0.000000
2158	2	0	0.000000
2159	2	0	0.000000
2160	2	0	0.000000
2161	2	0	0.000000
2162	2	0	0.000000
2163	2	0	0.000000
2164	2	2	0.000000
2165	2	0	0.000000
2166	2	0	0.000000
2167	2	0	0.000000
2168	2	0	0.000000
2169	2	0	0.000000
2170	2	2	0.000000
2171	3	3	0.000000
2172	3	3	0.000000
2173	3	3	0.000000
2174	3	3	0.000000
2175	3	2	0.000000
2176	3	3	0.000000
2177	3	0	0.000000
2178	3	1	0.000000
2179	3	3	0.000000
2180	3	3	0.000000
2181	3	3	0.000000
2182	3	3	0.000000
2183	2	0	0.000000
2184	2	0	0.000000
2185	2	2	0.000000
2186	3	3	0.000000
2187	2	0	0.000000
2188	2	0	0.000000
2189	2	0	0.000000
2190	2	0	0.000000
2191	2	0	0.000000
2192	2	0	0.000000
2193	2	0	0.000000
2194	2	0	0.000000
2195	2	0	0.000000
2196	2	0	0.000000
2197	2	0	0.000000
2198	2	0	0.000000
2199	2	0	0.000000
2200	2	0	0.000000
2201	2	0	0.000000
2202	2	0	0.000000
2203	2	0	0.000000
2204	2	0	0.000000
2205	2	0	0.000000
2206	2	0	0.000000
2207	2	0	0.000000
2208	3	3	0.000000
2209	3	3	0.000000
2210	3	3	0.000000
2211	3	3	0.000000
2212	3	3	0.000000
2213	3	3	0.000000
2214	3	3	0.000000
2215	3	3	0.000000
2216	3	3	0.000000
2217	3	3	0.000000
2218	3	3	0.000000
2219	3	3	0.000000
2220	3	3	0.000000
2221	2	0	0.000000
2222	2	0	0.000000
2223	2	0	0.000000
2224	2	0	0.000000
2225	2	2	0.000000
2226	2	0	0.000000
2227	2	0	0.000000
2228	2	0	0.000000
2229	2	0	0.000000
2230	2	0	0.000000
2231	2	0	0.000000
2232	2	0	0.000000
2233	2	0	0.000000
2234	2	0	0.000000
2235	2	0	0.000000
2236	2	0	0.000000
2237	2	0	0.000000
2238	2	0	0.000000
2239	2	0	0.000000
2240	2	0	0.000000
2241	2	0	0.000000
2242	2	0	0.000000
2243	3	0	0.000000
2244	3	3	0.000000
2245	3	3	0.000000
2246	3	3	0.000000
2247	3	2	0.000000
2248	3	3	0.000000
2249	3	3	0.000000
2250	3	3	0.000000
2251	3	3	0.000000
2252	3	2	0.000000
2253	3	3	0.000000
2254	3	3	0.000000
2255	3	3	0.000000
2256	2	0	0.000000
2257	2	0	0.000000
2258	2	0	0.000000
2259	2	0	0.000000
2260	2	0	0.000000
2261	2	0	0.000000
2262	2	4	0.000000
2263	2	0	0.000000
2264	2	0	0.000000
2265	2	0	0.000000
2266	2	0	0.000000
2267	2	0	0.000000
2268	2	0	0.000000
2269	2	0	0.000000
2270	2	0	0.000000
2271	2	0	0.000000
2272	2	0	0.000000
2273	2	0	0.000000
2274	2	2	0.000000
2275	2	0	0.000000
2276	2	0	0.000000
2277	2	0	0.000000
2278	2	0	0.000000
2279	2	0	0.000000
2280	2	0	0.000000
2281	2	0	0.000000
2282	2	0	0.000000
2283	2	5	0.000000
2284	2	0	0.000000
2285	2	0	0.000000
2286	2	0	0.000000
2287	3	3	0.000000
2288	3	3	0.000000
2289	3	3	0.000000
2290	3	3	0.000000
2291	3	3	0.000000
2292	3	3	0.000000
2293	3	1	0.000000
2294	3	3	0.000000
2295	3	3	0.000000
2296	3	3	0.000000
2297	3	3	0.000000
2298	3	3	0.000000
2299	3	3	0.000000
2300	3	2	0.000000
2301	3	2	0.000000
2302	2	0	0.000000
2303	2	0	0.000000
2304	2	0	0.000000
2305	2	0	0.000000
2306	2	0	0.000000
2307	2	0	0.000000
2308	2	0	0.000000
2309	2	0	0.000000
2310	2	0	0.000000
2311	2	3	0.000000
2312	2	0	0.000000
2313	2	0	0.000000
2314	2	0	0.000000
2315	2	0	0.000000
2316	2	0	0.000000
2317	2	0	0.000000
2318	2	0	0.000000
2319	2	0	0.000000
2320	2	0	0.000000
2321	2	0	0.000000
2322	3	2	0.000000
2323	3	3	0.000000
2324	3	3	0.000000
2325	3	3	0.000000
2326	3	3	0.000000
2327	3	3	0.000000
2328	3	3	0.000000
2329	3	3	0.000000
2330	3	3	0.000000
2331	3	3	0.000000
2332	3	3	0.000000
2333	3	3	0.000000
2334	3	1	0.000000
2335	3	3	0.000000
2336	2	3	0.000000
2337	2	0	0.000000
2338	2	0	0.000000
2339	2	3	0.000000
2340	2	0	0.000000
2341	2	3	0.000000
2342	2	0	0.000000
2343	2	0	0.000000
2344	2	0	0.000000
2345	2	0	0.000000
2346	2	0	0.000000
2347	2	0	0.000000
2348	2	0	0.000000
2349	2	0	0.000000
2350	2	0	0.000000
2351	2	0	0.000000
2352	2	0	0.000000
2353	2	0	0.000000
2354	2	0	0.000000
2355	2	0	0.000000
2356	2	0	0.000000
2357	2	0	0.000000
2358	2	0	0.000000
2359	3	3	0.000000
2360	2	0	0.000000
2361	3	3	0.000000
2362	3	3	0.000000
2363	3	3	0.000000
2364	3	3	0.000000
2365	3	3	0.000000
2366	3	3	0.000000
2367	3	3	0.000000
2368	3	3	0.000000
2369	3	2	0.000000
2370	3	0	0.000000
2371	3	3	0.000000
2372	3	3	0.000000
2373	3	3	0.000000
2374	3	3	0.000000
2375	2	0	0.000000
2376	2	0	0.000000
2377	2	0	0.000000
2378	2	0	0.000000
2379	2	0	0.000000
2380	2	0	0.000000
2381	2	0	0.000000
2382	2	0	0.000000
2383	2	0	0.000000
2384	2	2	0.000000
2385	2	0	0.000000
2386	2	0	0.000000
2387	2	0	0.000000
2388	2	5	0.000000
2389	2	0	0.000000
2390	2	0	0.000000
2391	2	0	0.000000
2392	2	0	0.000000
2393	2	0	0.000000
2394	2	0	0.000000
2395	3	0	0.000000
2396	3	3	0.000000
2397	3	3	0.000000
2398	3	3	0.000000
2399	3	3	0.000000
2400	3	3	0.000000
2401	3	3	0.000000
2402	3	3	0.000000
2403	3	3	0.000000
2404	3	3	0.000000
2405	3	3	0.000000
2406	2	0	0.000000
2407	2	0	0.000000
2408	2	0	0.000000
2409	2	0	0.000000
2410	2	5	0.000000
2411	1	0	0.000000
2412	1	0	0.000000
2413	1	0	0.000000
2414	1	0	0.000000
2415	1	0	0.000000
2416	1	0	0.000000
2417	1	0	0.000000
2418	1	0	0.000000
2419	1	0	0.000000
2420	1	0	0.000000
2421	2	0	0.000000
2422	2	0	0.000000
2423	2	0	0.000000
2424	2	0	0.000000
2425	1	0	0.000000
2426	1	0	0.000000
2427	2	0	0.000000
2428	1	0	0.000000
2429	2	0	0.000000
2430	2	0	0.000000
2431	2	0	0.000000
2432	2	0	0.000000
2433	2	0	0.000000
2434	2	0	0.000000
2435	2	0	0.000000
2436	2	0	0.000000
2437	3	3	0.000000
2438	3	3	0.000000
2439	3	3	0.000000
2440	3	3	0.000000
2441	3	3	0.000000
2442	3	3	0.000000
2443	3	3	0.000000
2444	3	3	0.000000
2445	3	3	0.000000
2446	3	3	0.000000
2447	3	3	0.000000
2448	3	0	0.000000
2449	3	3	0.000000
2450	3	3	0.000000
2451	3	3	0.000000
2452	3	3	0.000000
2453	3	3	0.000000
2454	3	3	0.000000
2455	3	3	0.000000
2456	3	3	0.000000
2457	3	3	0.000000
2458	3	3	0.000000
2459	3	3	0.000000
2460	3	3	0.000000
2461	3	3	0.000000
2462	3	3	0.000000
2463	3	3	0.000000
2464	3	3	0.000000
2465	3	3	0.000000
2466	3	3	0.000000
2467	3	3	0.000000
2468	3	1	0.000000
2469	3	3	0.000000
2470	3	0	0.000000
2471	3	2	0.000000
2472	3	3	0.000000
2473	3	3	0.000000
2474	3	3	0.000000
2475	3	3	0.000000
2476	3	3	0.000000
2477	3	3	0.000000
2478	3	1	0.000000
2479	3	3	0.000000
2480	3	3	0.000000
2481	3	3	0.000000
2482	3	3	0.000000
2483	3	3	0.000000
2484	3	2	0.000000
2485	3	3	0.000000
2486	3	3	0.000000
2487	3	3	0.000000
2488	3	3	0.000000
2489	3	3	0.000000
2490	3	3	0.000000
2491	3	3	0.000000
2492	3	3	0.000000
2493	3	3	0.000000
2494	3	3	0.000000
2495	3	3	0.000000
2496	3	3	0.000000
2497	3	3	0.000000
2498	3	3	0.000000
2499	3	1	0.000000
2500	3	3	0.000000
2501	3	3	0.000000
2502	3	3	0.000000
2503	3	3	0.000000
2504	3	3	0.000000
2505	3	3	0.000000
2506	3	3	0.000000
2507	3	3	0.000000
2508	3	3	0.000000
2509	3	3	0.000000
2510	3	3	0.000000
2511	3	3	0.000000
2512	3	3	0.000000
2513	3	3	0.000000
2514	3	3	0.000000
2515	3	1	0.000000
2516	3	3	0.000000
2517	3	3	0.000000
2518	2	0	0.000000
2519	2	0	0.000000
2520	2	0	0.000000
2521	2	0	0.000000
2522	2	0	0.000000
2523	2	0	0.000000
2524	2	0	0.000000
2525	2	0	0.000000
2526	2	0	0.000000
2527	2	0	0.000000
2528	2	0	0.000000
2529	2	0	0.000000
2530	2	0	0.000000
2531	2	1	0.000000
2532	2	0	0.000000
2533	2	0	0.000000
2534	2	0	0.000000
2535	2	0	0.000000
2536	2	0	0.000000
2537	2	0	0.000000
2538	2	4	0.000000
2539	2	0	0.000000
2540	2	0	0.000000
2541	2	0	0.000000
2542	2	0	0.000000
2543	2	0	0.000000
2544	3	3	0.000000
2545	3	3	0.000000
2546	3	3	0.000000
2547	3	3	0.000000
2548	3	3	0.000000
2549	3	3	0.000000
2550	3	3	0.000000
2551	3	3	0.000000
2552	3	3	0.000000
2553	3	2	0.000000
2554	3	3	0.000000
2555	3	3	0.000000
2556	3	3	0.000000
2557	3	3	0.000000
2558	3	3	0.000000
2559	3	3	0.000000
2560	3	3	0.000000
2561	3	3	0.000000
2562	3	3	0.000000
2563	3	3	0.000000
2564	3	3	0.000000
2565	3	3	0.000000
2566	3	3	0.000000
2567	3	3	0.000000
2568	3	3	0.000000
2569	3	3	0.000000
2570	3	3	0.000000
2571	3	3	0.000000
2572	3	3	0.000000
2573	3	3	0.000000
2574	3	3	0.000000
2575	3	3	0.000000
2576	3	3	0.000000
2577	3	3	0.000000
2578	3	3	0.000000
2579	3	3	0.000000
2580	3	3	0.000000
2581	3	3	0.000000
2582	3	3	0.000000
2583	3	3	0.000000
2584	3	3	0.000000
2585	3	3	0.000000
2586	3	1	0.000000
2587	3	3	0.000000
2588	3	3	0.000000
2589	3	3	0.000000
2590	3	3	0.000000
2591	3	3	0.000000
2592	3	3	0.000000
2593	3	3	0.000000
2594	3	3	0.000000
2595	3	3	0.000000
2596	3	3	0.000000
2597	3	3	0.000000
2598	3	3	0.000000
2599	3	3	0.000000
2600	3	3	0.000000
2601	3	3	0.000000
2602	3	3	0.000000
2603	3	1	0.000000
2604	3	3	0.000000
2605	2	0	0.000000
2606	3	3	0.000000
2607	2	0	0.000000
2608	2	0	0.000000
2609	2	0	0.000000
2610	2	0	0.000000
2611	2	3	0.000000
2612	2	4	0.000000
2613	2	0	0.000000
2614	2	0	0.000000
2615	2	0	0.000000
2616	2	0	0.000000
2617	2	0	0.000000
2618	2	0	0.000000
2619	2	0	0.000000
2620	2	0	0.000000
2621	2	0	0.000000
2622	2	0	0.000000
2623	2	0	0.000000
2624	2	0	0.000000
2625	2	0	0.000000
2626	2	0	0.000000
2627	2	0	0.000000
2628	2	0	0.000000
2629	2	0	0.000000
2630	2	0	0.000000
2631	2	0	0.000000
2632	2	0	0.000000
2633	2	0	0.000000
2634	2	0	0.000000
2635	2	0	0.000000
2636	2	0	0.000000
2637	3	3	0.000000
2638	3	3	0.000000
2639	3	3	0.000000
2640	3	3	0.000000
2641	3	0	0.000000
2642	3	3	0.000000
2643	3	3	0.000000
2644	3	3	0.000000
2645	3	3	0.000000
2646	3	3	0.000000
2647	3	3	0.000000
2648	3	3	0.000000
2649	3	3	0.000000
2650	3	3	0.000000
2651	3	3	0.000000
2652	3	3	0.000000
2653	3	0	0.000000
2654	3	3	0.000000
2655	3	3	0.000000
2656	3	3	0.000000
2657	3	3	0.000000
2658	3	2	0.000000
2659	3	3	0.000000
2660	3	3	0.000000
2661	3	2	0.000000
2662	3	3	0.000000
2663	3	3	0.000000
2664	3	3	0.000000
2665	3	3	0.000000
2666	2	0	0.000000
2667	2	0	0.000000
2668	2	0	0.000000
2669	2	0	0.000000
2670	2	0	0.000000
2671	2	0	0.000000
2672	2	0	0.000000
2673	2	0	0.000000
2674	2	0	0.000000
2675	2	0	0.000000
2676	2	0	0.000000
2677	2	3	0.000000
2678	2	0	0.000000
2679	2	0	0.000000
2680	2	0	0.000000
2681	2	0	0.000000
2682	2	0	0.000000
2683	2	1	0.000000
2684	2	0	0.000000
2685	2	0	0.000000
2686	2	0	0.000000
2687	2	0	0.000000
2688	2	0	0.000000
2689	2	0	0.000000
2690	2	0	0.000000
2691	2	0	0.000000
2692	2	4	0.000000
2693	2	0	0.000000
2694	2	0	0.000000
2695	2	0	0.000000
2696	2	0	0.000000
2697	2	5	0.000000
2698	2	0	0.000000
2699	2	0	0.000000
2700	3	3	0.000000
2701	3	3	0.000000
2702	3	3	0.000000
2703	3	3	0.000000
2704	3	3	0.000000
2705	3	2	0.000000
2706	3	3	0.000000
2707	3	3	0.000000
2708	3	3	0.000000
2709	3	3	0.000000
2710	3	3	0.000000
2711	3	3	0.000000
2712	3	3	0.000000
2713	3	3	0.000000
2714	3	3	0.000000
2715	3	3	0.000000
2716	3	3	0.000000
2717	3	3	0.000000
2718	3	3	0.000000
2719	3	3	0.000000
2720	3	3	0.000000
2721	3	3	0.000000
2722	3	3	0.000000
2723	3	3	0.000000
2724	3	3	0.000000
2725	3	3	0.000000
2726	2	0	0.000000
2727	2	0	0.000000
2728	2	0	0.000000
2729	2	0	0.000000
2730	2	0	0.000000
2731	2	0	0.000000
2732	2	0	0.000000
2733	2	0	0.000000
2734	2	0	0.000000
2735	2	0	0.000000
2736	2	0	0.000000
2737	2	0	0.000000
2738	2	4	0.000000
2739	2	0	0.000000
2740	2	0	0.000000
2741	2	0	0.000000
2742	3	1	0.000000
2743	2	0	0.000000
2744	2	0	0.000000
2745	2	1	0.000000
2746	2	0	0.000000
2747	2	0	0.000000
2748	3	3	0.000000
2749	3	3	0.000000
2750	3	1	0.000000
2751	3	3	0.000000
2752	3	3	0.000000
2753	3	0	0.000000
2754	3	3	0.000000
2755	3	1	0.000000
2756	3	3	0.000000
2757	3	3	0.000000
2758	3	3	0.000000
2759	3	2	0.000000
2760	2	0	0.000000
2761	3	3	0.000000
2762	2	0	0.000000
2763	3	3	0.000000
2764	3	3	0.000000
2765	3	3	0.000000
2766	3	3	0.000000
2767	3	3	0.000000
2768	3	3	0.000000
2769	3	3	0.000000
2770	3	3	0.000000
2771	3	3	0.000000
2772	3	3	0.000000
2773	3	3	0.000000
2774	3	3	0.000000
2775	3	3	0.000000
2776	3	3	0.000000
2777	3	3	0.000000
2778	3	3	0.000000
2779	3	3	0.000000
2780	3	3	0.000000
2781	3	3	0.000000
2782	3	3	0.000000
2783	3	3	0.000000
2784	3	3	0.000000
2785	2	0	0.000000
2786	2	0	0.000000
2787	2	4	0.000000
2788	2	0	0.000000
2789	2	0	0.000000
2790	2	0	0.000000
2791	2	0	0.000000
2792	2	0	0.000000
2793	2	0	0.000000
2794	2	0	0.000000
2795	2	0	0.000000
2796	2	0	0.000000
2797	2	0	0.000000
2798	2	0	0.000000
2799	2	0	0.000000
2800	2	0	0.000000
2801	2	0	0.000000
2802	2	0	0.000000
2803	2	0	0.000000
2804	2	0	0.000000
2805	2	0	0.000000
2806	2	0	0.000000
2807	2	2	0.000000
2808	2	0	0.000000
2809	2	0	0.000000
2810	2	0	0.000000
2811	2	0	0.000000
2812	3	3	0.000000
2813	3	3	0.000000
2814	3	3	0.000000
2815	3	3	0.000000
2816	3	3	0.000000
2817	3	3	0.000000
2818	3	3	0.000000
2819	3	3	0.000000
2820	3	3	0.000000
2821	3	3	0.000000
2822	3	3	0.000000
2823	3	3	0.000000
2824	2	0	0.000000
2825	2	0	0.000000
2826	2	0	0.000000
2827	2	0	0.000000
2828	2	0	0.000000
2829	2	0	0.000000
2830	2	0	0.000000
2831	3	3	0.000000
2832	3	3	0.000000
2833	3	3	0.000000
2834	3	3	0.000000
2835	3	3	0.000000
2836	3	3	0.000000
2837	3	3	0.000000
2838	3	3	0.000000
2839	2	0	0.000000
2840	2	5	0.000000
2841	2	0	0.000000
2842	2	0	0.000000
2843	2	0	0.000000
2844	2	0	0.000000
2845	2	0	0.000000
2846	2	0	0.000000
2847	2	0	0.000000
2848	2	5	0.000000
2849	2	0	0.000000
2850	2	0	0.000000
2851	2	0	0.000000
2852	2	0	0.000000
2853	2	0	0.000000
2854	2	0	0.000000
2855	2	0	0.000000
2856	2	0	0.000000
2857	2	0	0.000000
2858	2	0	0.000000
2859	2	0	0.000000
2860	2	0	0.000000
2861	3	0	0.000000
2862	2	0	0.000000
2863	3	2	0.000000
2864	3	3	0.000000
2865	3	3	0.000000
2866	3	3	0.000000
2867	3	3	0.000000
2868	3	0	0.000000
2869	3	3	0.000000
2870	3	3	0.000000
2871	3	3	0.000000
2872	3	3	0.000000
2873	3	3	0.000000
2874	3	3	0.000000
2875	2	0	0.000000
2876	3	3	0.000000
2877	2	0	0.000000
2878	2	0	0.000000
2879	2	0	0.000000
2880	2	2	0.000000
2881	2	0	0.000000
2882	2	0	0.000000
2883	2	0	0.000000
2884	2	0	0.000000
2885	2	0	0.000000
2886	2	0	0.000000
2887	2	5	0.000000
2888	2	0	0.000000
2889	2	0	0.000000
2890	2	0	0.000000
2891	2	0	0.000000
2892	2	0	0.000000
2893	2	5	0.000000
2894	2	0	0.000000
2895	2	3	0.000000
2896	2	0	0.000000
2897	2	0	0.000000
2898	2	0	0.000000
2899	2	0	0.000000
2900	2	0	0.000000
2901	2	0	0.000000
2902	3	3	0.000000
2903	3	3	0.000000
2904	3	3	0.000000
2905	3	3	0.000000
2906	3	3	0.000000
2907	3	3	0.000000
2908	3	3	0.000000
2909	3	3	0.000000
2910	3	3	0.000000
2911	3	3	0.000000
2912	3	3	0.000000
2913	3	3	0.000000
2914	2	0	0.000000
2915	3	3	0.000000
2916	3	3	0.000000
2917	2	0	0.000000
2918	3	3	0.000000
2919	2	3	0.000000
2920	3	3	0.000000
2921	3	3	0.000000
2922	3	2	0.000000
2923	3	3	0.000000
2924	3	3	0.000000
2925	3	3	0.000000
2926	3	3	0.000000
2927	3	3	0.000000
2928	3	3	0.000000
2929	3	3	0.000000
2930	2	0	0.000000
2931	2	5	0.000000
2932	2	0	0.000000
2933	2	0	0.000000
2934	2	0	0.000000
2935	2	0	0.000000
2936	2	0	0.000000
2937	2	0	0.000000
2938	2	0	0.000000
2939	2	0	0.000000
2940	2	0	0.000000
2941	2	0	0.000000
2942	2	3	0.000000
2943	2	0	0.000000
2944	2	0	0.000000
2945	2	0	0.000000
2946	2	0	0.000000
2947	2	0	0.000000
2948	2	0	0.000000
2949	2	1	0.000000
2950	2	5	0.000000
2951	2	0	0.000000
2952	2	0	0.000000
2953	2	0	0.000000
2954	2	0	0.000000
2955	2	0	0.000000
2956	2	3	0.000000
2957	2	0	0.000000
2958	2	0	0.000000
2959	2	0	0.000000
2960	2	0	0.000000
2961	2	0	0.000000
2962	2	0	0.000000
2963	2	5	0.000000
2964	2	0	0.000000
2965	2	0	0.000000
2966	2	0	0.000000
2967	2	0	0.000000
2968	2	0	0.000000
2969	2	0	0.000000
2970	2	0	0.000000
2971	2	0	0.000000
2972	2	0	0.000000
2973	2	0	0.000000
2974	2	0	0.000000
2975	2	0	0.000000
2976	2	0	0.000000
2977	3	3	0.000000
2978	3	1	0.000000
2979	3	3	0.000000
2980	3	3	0.000000
2981	3	3	0.000000
2982	3	3	0.000000
2983	3	3	0.000000
2984	3	3	0.000000
2985	3	3	0.000000
2986	3	3	0.000000
2987	3	3	0.000000
2988	3	3	0.000000
2989	2	0	0.000000
2990	2	0	0.000000
2991	2	0	0.000000
2992	2	0	0.000000
2993	2	0	0.000000
2994	2	0	0.000000
2995	3	3	0.000000
2996	2	0	0.000000
2997	2	0	0.000000
2998	3	3	0.000000
2999	2	0	0.000000
3000	3	3	0.000000
3001	3	3	0.000000
3002	2	0	0.000000
3003	2	0	0.000000
3004	3	3	0.000000
3005	2	0	0.000000
3006	2	0	0.000000
3007	2	0	0.000000
3008	2	0	0.000000
3009	2	0	0.000000
3010	2	0	0.000000
3011	2	0	0.000000
3012	2	0	0.000000
3013	2	0	0.000000
3014	3	3	0.000000
3015	3	0	0.000000
3016	3	3	0.000000
3017	3	3	0.000000
3018	3	0	0.000000
3019	3	3	0.000000
3020	3	0	0.000000
3021	3	1	0.000000
3022	3	3	0.000000
3023	3	3	0.000000
3024	3	3	0.000000
3025	3	3	0.000000
3026	3	3	0.000000
3027	3	3	0.000000
3028	3	3	0.000000
3029	3	3	0.000000
3030	3	1	0.000000
3031	2	0	0.000000
3032	2	0	0.000000
3033	3	3	0.000000
3034	3	3	0.000000
3035	2	0	0.000000
3036	2	0	0.000000
3037	2	0	0.000000
3038	2	0	0.000000
3039	2	0	0.000000
3040	2	0	0.000000
3041	2	0	0.000000
3042	2	0	0.000000
3043	2	0	0.000000
3044	2	0	0.000000
3045	2	0	0.000000
3046	2	0	0.000000
3047	2	0	0.000000
3048	2	0	0.000000
3049	2	0	0.000000
3050	2	0	0.000000
3051	2	5	0.000000
3052	2	0	0.000000
3053	2	0	0.000000
3054	2	0	0.000000
3055	2	5	0.000000
3056	3	3	0.000000
3057	3	3	0.000000
3058	3	3	0.000000
3059	3	3	0.000000
3060	3	3	0.000000
3061	3	3	0.000000
3062	3	3	0.000000
3063	3	2	0.000000
3064	3	3	0.000000
3065	2	0	0.000000
3066	2	0	0.000000
3067	2	5	0.000000
3068	2	0	0.000000
3069	2	0	0.000000
3070	2	0	0.000000
3071	2	4	0.000000
3072	2	0	0.000000
3073	2	0	0.000000
3074	2	0	0.000000
3075	2	0	0.000000
3076	2	5	0.000000
3077	2	0	0.000000
3078	2	0	0.000000
3079	2	5	0.000000
3080	2	0	0.000000
3081	2	1	0.000000
3082	2	0	0.000000
3083	2	0	0.000000
3084	2	5	0.000000
3085	2	0	0.000000
3086	2	0	0.000000
3087	2	0	0.000000
3088	2	1	0.000000
3089	2	0	0.000000
3090	2	1	0.000000
3091	2	0	0.000000
3092	2	0	0.000000
3093	2	0	0.000000
3094	2	0	0.000000
3095	2	0	0.000000
3096	2	0	0.000000
3097	2	0	0.000000
3098	2	0	0.000000
3099	2	0	0.000000
3100	2	0	0.000000
3101	2	0	0.000000
3102	2	0	0.000000
3103	2	0	0.000000
3104	2	0	0.000000
3105	2	0	0.000000
3106	3	3	0.000000
3107	3	3	0.000000
3108	3	3	0.000000
3109	3	3	0.000000
3110	3	3	0.000000
3111	3	3	0.000000
3112	3	3	0.000000
3113	3	3	0.000000
3114	3	3	0.000000
3115	3	3	0.000000
3116	3	3	0.000000
3117	3	3	0.000000
3118	3	3	0.000000
3119	3	3	0.000000
3120	2	0	0.000000
3121	2	0	0.000000
3122	2	0	0.000000
3123	2	0	0.000000
3124	2	0	0.000000
3125	2	0	0.000000
3126	2	0	0.000000
3127	2	0	0.000000
3128	2	0	0.000000
3129	2	0	0.000000
3130	2	3	0.000000
3131	2	0	0.000000
3132	2	0	0.000000
3133	2	0	0.000000
3134	2	0	0.000000
3135	2	0	0.000000
3136	2	1	0.000000
3137	2	0	0.000000
3138	2	0	0.000000
3139	2	4	0.000000
3140	2	2	0.000000
3141	2	0	0.000000
3142	2	0	0.000000
3143	2	0	0.000000
3144	2	0	0.000000
3145	2	0	0.000000
3146	2	0	0.000000
3147	2	3	0.000000
3148	2	0	0.000000
3149	3	2	0.000000
3150	2	0	0.000000
3151	3	3	0.000000
3152	3	3	0.000000
3153	3	1	0.000000
3154	3	3	0.000000
3155	3	3	0.000000
3156	3	3	0.000000
3157	3	3	0.000000
3158	3	3	0.000000
3159	3	3	0.000000
3160	3	3	0.000000
3161	3	3	0.000000
3162	3	1	0.000000
3163	3	3	0.000000
3164	2	0	0.000000
3165	2	0	0.000000
3166	2	0	0.000000
3167	2	0	0.000000
3168	2	0	0.000000
3169	2	0	0.000000
3170	2	0	0.000000
3171	2	0	0.000000
3172	2	0	0.000000
3173	2	0	0.000000
3174	2	0	0.000000
3175	2	0	0.000000
3176	2	0	0.000000
3177	2	2	0.000000
3178	2	0	0.000000
3179	2	0	0.000000
3180	2	2	0.000000
3181	2	0	0.000000
3182	2	0	0.000000
3183	2	4	0.000000
3184	3	3	0.000000
3185	2	0	0.000000
3186	3	3	0.000000
3187	2	0	0.000000
3188	3	0	0.000000
3189	2	0	0.000000
3190	3	3	0.000000
3191	2	0	0.000000
3192	2	0	0.000000
3193	3	1	0.000000
3194	2	0	0.000000
3195	3	3	0.000000
3196	3	3	0.000000
3197	3	3	0.000000
3198	3	3	0.000000
3199	3	3	0.000000
3200	3	3	0.000000
3201	3	3	0.000000
3202	3	3	0.000000
3203	3	3	0.000000
3204	3	3	0.000000
3205	3	3	0.000000
3206	3	3	0.000000
3207	2	0	0.000000
3208	2	0	0.000000
3209	2	0	0.000000
3210	2	0	0.000000
3211	2	0	0.000000
3212	2	0	0.000000
3213	2	0	0.000000
3214	2	1	0.000000
3215	2	3	0.000000
3216	2	2	0.000000
3217	2	0	0.000000
3218	2	2	0.000000
3219	2	0	0.000000
3220	2	0	0.000000
3221	2	0	0.000000
3222	2	0	0.000000
3223	2	0	0.000000
3224	2	0	0.000000
3225	2	0	0.000000
3226	2	0	0.000000
3227	2	0	0.000000
3228	2	0	0.000000
3229	2	0	0.000000
3230	2	0	0.000000
3231	2	5	0.000000
3232	3	3	0.000000
3233	3	1	0.000000
3234	3	3	0.000000
3235	3	3	0.000000
3236	3	3	0.000000
3237	3	3	0.000000
3238	3	3	0.000000
3239	3	3	0.000000
3240	3	1	0.000000
3241	3	3	0.000000
3242	3	3	0.000000
3243	3	0	0.000000
3244	2	0	0.000000
3245	2	0	0.000000
3246	2	0	0.000000
3247	2	0	0.000000
3248	2	0	0.000000
3249	2	0	0.000000
3250	2	0	0.000000
3251	2	0	0.000000
3252	2	0	0.000000
3253	2	0	0.000000
3254	2	0	0.000000
3255	2	4	0.000000
3256	2	0	0.000000
3257	2	0	0.000000
3258	2	5	0.000000
3259	2	0	0.000000
3260	2	0	0.000000
3261	2	0	0.000000
3262	2	0	0.000000
3263	2	0	0.000000
3264	2	0	0.000000
3265	2	0	0.000000
3266	2	0	0.000000
3267	2	0	0.000000
3268	2	0	0.000000
3269	2	0	0.000000
3270	2	0	0.000000
3271	2	0	0.000000
3272	2	0	0.000000
3273	2	0	0.000000
3274	2	4	0.000000
3275	3	3	0.000000
3276	3	2	0.000000
3277	3	3	0.000000
3278	3	3	0.000000
3279	3	3	0.000000
3280	3	1	0.000000
3281	3	3	0.000000
3282	3	3	0.000000
3283	3	3	0.000000
3284	3	3	0.000000
3285	3	3	0.000000
3286	3	3	0.000000
3287	3	3	0.000000
3288	3	3	0.000000
3289	3	3	0.000000
3290	3	3	0.000000
3291	3	3	0.000000
3292	3	3	0.000000
3293	3	3	0.000000
3294	3	3	0.000000
3295	3	3	0.000000
3296	2	0	0.000000
3297	2	0	0.000000
3298	2	2	0.000000
3299	2	0	0.000000
3300	2	0	0.000000
3301	2	0	0.000000
3302	2	0	0.000000
3303	2	0	0.000000
3304	2	0	0.000000
3305	2	1	0.000000
3306	2	0	0.000000
3307	2	4	0.000000
3308	2	0	0.000000
3309	2	0	0.000000
3310	2	0	0.000000
3311	2	0	0.000000
3312	2	0	0.000000
3313	2	5	0.000000
3314	2	0	0.000000
3315	2	0	0.000000
3316	2	0	0.000000
3317	2	0	0.000000
3318	2	0	0.000000
3319	2	0	0.000000
3320	2	0	0.000000
3321	2	0	0.000000
3322	2	0	0.000000
3323	2	0	0.000000
3324	2	0	0.000000
3325	2	5	0.000000
3326	2	0	0.000000
3327	2	0	0.000000
3328	2	0	0.000000
3329	2	0	0.000000
3330	2	0	0.000000
3331	2	4	0.000000
3332	2	0	0.000000
3333	2	0	0.000000
3334	2	0	0.000000
3335	2	0	0.000000
3336	2	5	0.000000
3337	2	0	0.000000
3338	2	0	0.000000
3339	2	0	0.000000
3340	2	0	0.000000
3341	2	0	0.000000
3342	2	0	0.000000
3343	2	0	0.000000
3344	3	3	0.000000
3345	3	2	0.000000
3346	3	3	0.000000
3347	3	3	0.000000
3348	3	3	0.000000
3349	3	3	0.000000
3350	3	3	0.000000
3351	3	3	0.000000
3352	3	3	0.000000
3353	3	0	0.000000
3354	3	3	0.000000
3355	3	3	0.000000
3356	3	3	0.000000
3357	2	0	0.000000
3358	2	0	0.000000
3359	2	0	0.000000
3360	2	5	0.000000
3361	2	0	0.000000
3362	2	0	0.000000
3363	2	4	0.000000
3364	2	0	0.000000
3365	2	0	0.000000
3366	2	0	0.000000
3367	2	0	0.000000
3368	2	0	0.000000
3369	3	3	0.000000
3370	3	0	0.000000
3371	3	3	0.000000
3372	3	3	0.000000
3373	2	0	0.000000
3374	2	0	0.000000
3375	2	3	0.000000
3376	2	0	0.000000
3377	3	3	0.000000
3378	2	0	0.000000
3379	2	0	0.000000
3380	2	0	0.000000
3381	2	0	0.000000
3382	2	0	0.000000
3383	2	0	0.000000
3384	3	3	0.000000
3385	3	3	0.000000
3386	3	3	0.000000
3387	3	3	0.000000
3388	3	3	0.000000
3389	3	3	0.000000
3390	3	3	0.000000
3391	3	3	0.000000
3392	3	3	0.000000
3393	3	2	0.000000
3394	3	0	0.000000
3395	3	3	0.000000
3396	3	3	0.000000
3397	2	3	0.000000
3398	2	0	0.000000
3399	2	0	0.000000
3400	2	0	0.000000
3401	2	0	0.000000
3402	2	0	0.000000
3403	2	0	0.000000
3404	2	2	0.000000
3405	2	0	0.000000
3406	2	0	0.000000
3407	2	0	0.000000
3408	2	4	0.000000
3409	3	3	0.000000
3410	2	0	0.000000
3411	2	0	0.000000
3412	2	0	0.000000
3413	3	3	0.000000
3414	3	3	0.000000
3415	3	3	0.000000
3416	3	0	0.000000
3417	3	0	0.000000
3418	3	3	0.000000
3419	3	3	0.000000
3420	3	3	0.000000
3421	3	3	0.000000
3422	3	1	0.000000
3423	3	2	0.000000
3424	3	3	0.000000
3425	3	3	0.000000
3426	3	3	0.000000
3427	3	3	0.000000
3428	3	3	0.000000
3429	3	3	0.000000
3430	3	3	0.000000
3431	3	3	0.000000
3432	3	3	0.000000
3433	3	3	0.000000
3434	3	3	0.000000
3435	3	3	0.000000
3436	3	3	0.000000
3437	3	3	0.000000
3438	3	3	0.000000
3439	3	3	0.000000
3440	3	2	0.000000
3441	3	3	0.000000
3442	3	3	0.000000
3443	2	0	0.000000
3444	2	0	0.000000
3445	2	0	0.000000
3446	2	0	0.000000
3447	2	0	0.000000
3448	2	0	0.000000
3449	2	0	0.000000
3450	2	0	0.000000
3451	2	0	0.000000
3452	2	3	0.000000
3453	2	0	0.000000
3454	2	0	0.000000
3455	2	5	0.000000
3456	2	0	0.000000
3457	2	0	0.000000
3458	2	0	0.000000
3459	2	0	0.000000
3460	2	0	0.000000
3461	2	0	0.000000
3462	2	0	0.000000
3463	2	0	0.000000
3464	2	0	0.000000
3465	2	0	0.000000
3466	2	0	0.000000
3467	2	0	0.000000
3468	2	0	0.000000
3469	2	0	0.000000
3470	3	3	0.000000
3471	3	3	0.000000
3472	3	3	0.000000
3473	3	3	0.000000
3474	3	3	0.000000
3475	3	3	0.000000
3476	3	3	0.000000
3477	3	3	0.000000
3478	3	3	0.000000
3479	3	3	0.000000
3480	3	3	0.000000
3481	3	3	0.000000
3482	3	3	0.000000
3483	3	3	0.000000
3484	3	3	0.000000
3485	3	3	0.000000
3486	3	3	0.000000
3487	3	3	0.000000
3488	3	3	0.000000
3489	3	3	0.000000
3490	3	3	0.000000
3491	3	3	0.000000
3492	3	3	0.000000
3493	3	3	0.000000
3494	3	3	0.000000
3495	3	3	0.000000
3496	3	3	0.000000
3497	3	2	0.000000
3498	2	0	0.000000
3499	2	0	0.000000
3500	2	0	0.000000
3501	2	0	0.000000
3502	2	5	0.000000
3503	2	0	0.000000
3504	2	1	0.000000
3505	2	0	0.000000
3506	2	0	0.000000
3507	2	0	0.000000
3508	2	0	0.000000
3509	2	0	0.000000
3510	2	0	0.000000
3511	2	0	0.000000
3512	2	0	0.000000
3513	2	0	0.000000
3514	2	0	0.000000
3515	2	0	0.000000
3516	2	0	0.000000
3517	2	0	0.000000
3518	2	0	0.000000
3519	2	0	0.000000
3520	2	0	0.000000
3521	2	0	0.000000
3522	2	0	0.000000
3523	2	0	0.000000
3524	2	0	0.000000
3525	2	0	0.000000
3526	2	0	0.000000
3527	2	0	0.000000
3528	3	3	0.000000
3529	3	3	0.000000
3530	3	3	0.000000
3531	3	2	0.000000
3532	3	3	0.000000
3533	3	3	0.000000
3534	3	3	0.000000
3535	3	3	0.000000
3536	3	3	0.000000
3537	3	3	0.000000
3538	3	3	0.000000
3539	3	3	0.000000
3540	3	1	0.000000
3541	3	3	0.000000
3542	2	5	0.000000
3543	2	0	0.000000
3544	2	0	0.000000
3545	3	3	0.000000
3546	2	0	0.000000
3547	3	3	0.000000
3548	3	3	0.000000
3549	3	3	0.000000
3550	3	3	0.000000
3551	3	3	0.000000
3552	3	3	0.000000
3553	3	3	0.000000
3554	3	3	0.000000
3555	3	3	0.000000
3556	3	3	0.000000
3557	3	3	0.000000
3558	3	3	0.000000
3559	3	3	0.000000
3560	3	3	0.000000
3561	3	3	0.000000
3562	3	3	0.000000
3563	3	3	0.000000
3564	3	3	0.000000
3565	3	3	0.000000
3566	3	3	0.000000
3567	3	3	0.000000
3568	3	3	0.000000
3569	3	3	0.000000
3570	3	0	0.000000
3571	3	3	0.000000
3572	3	3	0.000000
3573	3	3	0.000000
3574	3	3	0.000000
3575	3	3	0.000000
3576	3	3	0.000000
3577	3	3	0.000000
3578	3	3	0.000000
3579	3	3	0.000000
3580	3	3	0.000000
3581	3	3	0.000000
3582	3	3	0.000000
3583	3	3	0.000000
3584	3	3	0.000000
3585	3	3	0.000000
3586	3	3	0.000000
3587	3	3	0.000000
3588	3	3	0.000000
3589	3	3	0.000000
3590	3	3	0.000000
3591	3	3	0.000000
3592	3	3	0.000000
3593	3	3	0.000000
3594	3	3	0.000000
3595	3	3	0.000000
3596	3	3	0.000000
3597	3	3	0.000000
3598	3	3	0.000000
3599	3	2	0.000000
3600	3	3	0.000000
3601	3	3	0.000000
3602	3	3	0.000000
3603	3	3	0.000000
3604	3	3	0.000000
3605	3	3	0.000000
3606	3	2	0.000000
3607	3	3	0.000000
3608	3	3	0.000000
3609	3	3	0.000000
3610	3	3	0.000000
3611	3	3	0.000000
3612	3	3	0.000000
3613	3	3	0.000000
3614	3	3	0.000000
3615	3	3	0.000000
3616	3	3	0.000000
3617	3	3	0.000000
3618	2	0	0.000000
3619	2	3	0.000000
3620	2	0	0.000000
3621	2	0	0.000000
3622	2	0	0.000000
3623	2	0	0.000000
3624	2	0	0.000000
3625	2	0	0.000000
3626	2	0	0.000000
3627	2	0	0.000000
3628	2	1	0.000000
3629	2	0	0.000000
3630	2	0	0.000000
3631	2	0	0.000000
3632	2	0	0.000000
3633	2	0	0.000000
3634	2	0	0.000000
3635	2	0	0.000000
3636	2	0	0.000000
3637	2	0	0.000000
3638	2	0	0.000000
3639	2	0	0.000000
3640	2	0	0.000000
3641	2	0	0.000000
3642	2	0	0.000000
3643	3	3	0.000000
3644	3	3	0.000000
3645	3	3	0.000000
3646	3	3	0.000000
3647	3	3	0.000000
3648	3	3	0.000000
3649	3	3	0.000000
3650	3	3	0.000000
3651	3	3	0.000000
3652	3	3	0.000000
3653	3	3	0.000000
3654	3	3	0.000000
3655	3	3	0.000000
3656	3	0	0.000000
3657	3	0	0.000000
3658	3	3	0.000000
3659	3	3	0.000000
3660	3	3	0.000000
3661	3	3	0.000000
3662	3	3	0.000000
3663	3	3	0.000000
3664	3	2	0.000000
3665	3	3	0.000000
3666	3	3	0.000000
3667	3	3	0.000000
3668	3	3	0.000000
3669	3	3	0.000000
3670	3	3	0.000000
3671	3	3	0.000000
3672	2	0	0.000000
3673	2	0	0.000000
3674	2	4	0.000000
3675	2	0	0.000000
3676	2	0	0.000000
3677	2	0	0.000000
3678	2	0	0.000000
3679	2	0	0.000000
3680	2	0	0.000000
3681	2	0	0.000000
3682	2	0	0.000000
3683	2	0	0.000000
3684	2	0	0.000000
3685	2	0	0.000000
3686	2	0	0.000000
3687	2	5	0.000000
3688	2	0	0.000000
3689	2	0	0.000000
3690	2	0	0.000000
3691	2	0	0.000000
3692	2	0	0.000000
3693	2	0	0.000000
3694	2	0	0.000000
3695	2	0	0.000000
3696	2	0	0.000000
3697	2	0	0.000000
3698	2	0	0.000000
3699	2	0	0.000000
3700	2	0	0.000000
3701	2	0	0.000000
3702	2	4	0.000000
3703	3	3	0.000000
3704	3	3	0.000000
3705	3	3	0.000000
3706	3	3	0.000000
3707	3	3	0.000000
3708	3	3	0.000000
3709	3	3	0.000000
3710	3	3	0.000000
3711	3	3	0.000000
3712	3	3	0.000000
3713	3	1	0.000000
3714	3	1	0.000000
3715	2	0	0.000000
3716	2	0	0.000000
3717	2	0	0.000000
3718	2	0	0.000000
3719	2	0	0.000000
3720	3	3	0.000000
3721	3	3	0.000000
3722	3	3	0.000000
3723	3	3	0.000000
3724	3	3	0.000000
3725	3	3	0.000000
3726	3	3	0.000000
3727	3	3	0.000000
3728	3	3	0.000000
3729	3	3	0.000000
3730	3	3	0.000000
3731	3	3	0.000000
3732	3	3	0.000000
3733	3	3	0.000000
3734	3	3	0.000000
3735	3	3	0.000000
3736	3	2	0.000000
3737	3	3	0.000000
3738	3	3	0.000000
3739	3	3	0.000000
3740	3	3	0.000000
3741	3	3	0.000000
3742	3	3	0.000000
3743	3	3	0.000000
3744	3	3	0.000000
3745	3	3	0.000000
3746	3	3	0.000000
3747	3	3	0.000000
3748	3	3	0.000000
3749	3	3	0.000000
3750	3	3	0.000000
3751	3	3	0.000000
3752	3	3	0.000000
3753	3	3	0.000000
3754	3	3	0.000000
3755	2	0	0.000000
3756	2	0	0.000000
3757	2	3	0.000000
3758	2	0	0.000000
3759	2	0	0.000000
3760	2	0	0.000000
3761	2	0	0.000000
3762	2	0	0.000000
3763	2	0	0.000000
3764	2	0	0.000000
3765	2	0	0.000000
3766	2	0	0.000000
3767	2	0	0.000000
3768	2	0	0.000000
3769	2	0	0.000000
3770	2	0	0.000000
3771	2	0	0.000000
3772	2	0	0.000000
3773	2	0	0.000000
3774	2	0	0.000000
3775	2	0	0.000000
3776	2	0	0.000000
3777	2	0	0.000000
3778	2	0	0.000000
3779	3	3	0.000000
3780	3	1	0.000000
3781	3	3	0.000000
3782	3	3	0.000000
3783	3	3	0.000000
3784	3	3	0.000000
3785	3	3	0.000000
3786	3	3	0.000000
3787	3	3	0.000000
3788	3	3	0.000000
3789	3	3	0.000000
3790	3	0	0.000000
3791	3	3	0.000000
3792	3	3	0.000000
3793	3	3	0.000000
3794	3	3	0.000000
3795	3	3	0.000000
3796	3	3	0.000000
3797	3	3	0.000000
3798	3	3	0.000000
3799	3	3	0.000000
3800	3	3	0.000000
3801	3	3	0.000000
3802	3	3	0.000000
3803	3	3	0.000000
3804	3	3	0.000000
3805	3	3	0.000000
3806	3	3	0.000000
3807	3	3	0.000000
3808	2	0	0.000000
3809	2	0	0.000000
3810	2	0	0.000000
3811	2	0	0.000000
3812	2	0	0.000000
3813	2	0	0.000000
3814	2	0	0.000000
3815	2	0	0.000000
3816	2	0	0.000000
3817	2	0	0.000000
3818	2	0	0.000000
3819	2	0	0.000000
3820	2	0	0.000000
3821	2	0	0.000000
3822	2	0	0.000000
3823	2	0	0.000000
3824	2	0	0.000000
3825	2	5	0.000000
3826	2	0	0.000000
3827	2	0	0.000000
3828	2	4	0.000000
3829	2	0	0.000000
3830	2	0	0.000000
3831	2	0	0.000000
3832	2	0	0.000000
3833	2	0	0.000000
3834	2	0	0.000000
3835	2	0	0.000000
3836	2	0	0.000000
3837	2	0	0.000000
3838	3	1	0.000000
3839	3	3	0.000000
3840	3	3	0.000000
3841	3	3	0.000000
3842	3	3	0.000000
3843	3	3	0.000000
3844	3	3	0.000000
3845	3	3	0.000000
3846	3	3	0.000000
3847	3	3	0.000000
3848	3	3	0.000000
3849	3	3	0.000000
3850	3	3	0.000000
3851	3	3	0.000000
3852	3	3	0.000000
3853	2	0	0.000000
3854	2	4	0.000000
3855	2	0	0.000000
3856	3	3	0.000000
3857	2	0	0.000000
3858	2	0	0.000000
3859	2	0	0.000000
3860	2	0	0.000000
3861	2	0	0.000000
3862	2	0	0.000000
3863	2	0	0.000000
3864	2	0	0.000000
3865	2	4	0.000000
3866	2	0	0.000000
3867	2	1	0.000000
3868	2	0	0.000000
3869	2	0	0.000000
3870	2	0	0.000000
3871	3	3	0.000000
3872	3	3	0.000000
3873	3	3	0.000000
3874	3	3	0.000000
3875	3	3	0.000000
3876	3	3	0.000000
3877	3	3	0.000000
3878	3	3	0.000000
3879	3	3	0.000000
3880	3	3	0.000000
3881	3	3	0.000000
3882	2	0	0.000000
3883	2	0	0.000000
3884	2	0	0.000000
3885	2	0	0.000000
3886	2	0	0.000000
3887	2	0	0.000000
3888	2	0	0.000000
3889	2	1	0.000000
3890	2	0	0.000000
3891	2	0	0.000000
3892	2	0	0.000000
3893	2	0	0.000000
3894	2	0	0.000000
3895	2	0	0.000000
3896	2	0	0.000000
3897	2	0	0.000000
3898	2	0	0.000000
3899	2	0	0.000000
3900	2	0	0.000000
3901	3	3	0.000000
3902	3	3	0.000000
3903	3	1	0.000000
3904	3	1	0.000000
3905	3	3	0.000000
3906	3	3	0.000000
3907	3	3	0.000000
3908	3	3	0.000000
3909	3	3	0.000000
3910	3	3	0.000000
3911	3	3	0.000000
3912	3	0	0.000000
3913	3	3	0.000000
3914	3	3	0.000000
3915	3	3	0.000000
3916	3	3	0.000000
3917	3	3	0.000000
3918	2	0	0.000000
3919	2	0	0.000000
3920	2	0	0.000000
3921	2	0	0.000000
3922	2	2	0.000000
3923	2	0	0.000000
3924	2	0	0.000000
3925	2	0	0.000000
3926	2	0	0.000000
3927	2	0	0.000000
3928	2	0	0.000000
3929	2	0	0.000000
3930	2	0	0.000000
3931	2	0	0.000000
3932	2	0	0.000000
3933	2	0	0.000000
3934	2	0	0.000000
3935	2	0	0.000000
3936	2	0	0.000000
3937	2	0	0.000000
3938	2	0	0.000000
3939	2	0	0.000000
3940	2	0	0.000000
3941	3	3	0.000000
3942	3	3	0.000000
3943	3	3	0.000000
3944	3	3	0.000000
3945	3	3	0.000000
3946	3	3	0.000000
3947	3	3	0.000000
3948	3	3	0.000000
3949	3	0	0.000000
3950	3	3	0.000000
3951	3	3	0.000000
3952	3	3	0.000000
3953	3	3	0.000000
3954	2	2	0.000000
3955	2	0	0.000000
3956	2	2	0.000000
3957	2	3	0.000000
3958	2	5	0.000000
3959	2	0	0.000000
3960	2	1	0.000000
3961	2	0	0.000000
3962	2	2	0.000000
3963	2	4	0.000000
3964	2	0	0.000000
3965	2	1	0.000000
3966	2	0	0.000000
3967	2	0	0.000000
3968	2	0	0.000000
3969	2	0	0.000000
3970	2	0	0.000000
3971	2	0	0.000000
3972	2	0	0.000000
3973	2	0	0.000000
3974	2	1	0.000000
3975	2	0	0.000000
3976	2	0	0.000000
3977	2	0	0.000000
3978	2	0	0.000000
3979	2	0	0.000000
3980	2	0	0.000000
3981	2	0	0.000000
3982	2	0	0.000000
3983	2	0	0.000000
3984	2	0	0.000000
3985	2	0	0.000000
3986	3	3	0.000000
3987	3	3	0.000000
3988	3	3	0.000000
3989	3	3	0.000000
3990	3	3	0.000000
3991	3	3	0.000000
3992	3	3	0.000000
3993	3	3	0.000000
3994	3	3	0.000000
3995	3	1	0.000000
3996	3	3	0.000000
3997	3	3	0.000000
3998	2	0	0.000000
3999	2	0	0.000000
4000	2	0	0.000000
4001	2	0	0.000000
4002	2	2	0.000000
4003	2	0	48.864000
4004	0	0	0.000000
