StartTime	2015/09/27 14:05:28
FinishTime	2015/09/27 14:05:29
ElapsedTime	1.000000
/home/daisuke/git/ReinforcementLearning/log/EV3LineTracer_20150927125456_10Setting_20150927125457.log
0	1.000000
1	0.031250	0.031250	0.031250	0.906250
2	0.020833	0.020833	0.020833	0.895833	0.020833	0.020833
3	0.020833	0.020833	0.020833	0.895833	0.020833	0.020833
4	0.031250	0.031250	0.031250	0.906250
5	0.031250	0.031250	0.031250	0.906250
6	0.031250	0.031250	0.031250	0.906250
8
0	3	3	0.000000
1	3	3	0.000000
2	3	5	0.000000
3	3	1	0.000000
4	3	1	0.000000
5	3	3	0.000000
6	3	3	600.000000
7	0	0	0.000000
