StartTime	2015/09/27 13:31:41
FinishTime	2015/09/27 13:32:44
ElapsedTime	63.000000
/home/daisuke/git/ReinforcementLearning/log/EV3LineTracer_20150927125456_10Setting_20150927125457.log
0	1.000000
1	0.031250	0.031250	0.906250	0.031250
2	0.020833	0.020833	0.020833	0.020833	0.895833	0.020833
3	0.895833	0.020833	0.020833	0.020833	0.020833	0.020833
4	0.906250	0.031250	0.031250	0.031250
5	0.031250	0.031250	0.031250	0.906250
6	0.031250	0.031250	0.031250	0.906250
421
0	3	0	0.000000
1	3	0	0.000000
2	3	0	0.000000
3	3	0	0.000000
4	3	0	0.000000
5	3	0	0.000000
6	3	0	0.000000
7	3	0	0.000000
8	3	3	0.000000
9	3	0	0.000000
10	3	0	0.000000
11	3	0	0.000000
12	3	0	0.000000
13	3	0	0.000000
14	3	0	0.000000
15	3	0	0.000000
16	3	0	0.000000
17	3	0	0.000000
18	3	0	0.000000
19	3	0	0.000000
20	3	0	0.000000
21	3	0	0.000000
22	3	0	0.000000
23	3	0	0.000000
24	3	0	0.000000
25	3	0	0.000000
26	3	0	0.000000
27	3	0	0.000000
28	3	0	0.000000
29	3	0	0.000000
30	3	1	0.000000
31	3	0	0.000000
32	3	0	0.000000
33	3	0	0.000000
34	3	0	0.000000
35	3	0	0.000000
36	3	1	0.000000
37	3	0	0.000000
38	3	0	0.000000
39	3	0	0.000000
40	3	0	0.000000
41	3	0	0.000000
42	3	0	0.000000
43	3	0	0.000000
44	3	0	0.000000
45	3	0	0.000000
46	3	4	0.000000
47	3	0	0.000000
48	3	0	0.000000
49	3	0	0.000000
50	3	0	0.000000
51	3	0	0.000000
52	3	0	0.000000
53	3	0	0.000000
54	3	0	0.000000
55	3	0	0.000000
56	3	0	0.000000
57	3	0	0.000000
58	3	0	0.000000
59	3	0	0.000000
60	3	0	0.000000
61	3	0	0.000000
62	3	3	0.000000
63	3	0	0.000000
64	3	0	0.000000
65	3	0	0.000000
66	3	0	0.000000
67	3	0	0.000000
68	3	0	0.000000
69	3	0	0.000000
70	3	0	0.000000
71	3	0	0.000000
72	3	0	0.000000
73	3	0	0.000000
74	3	0	0.000000
75	3	0	0.000000
76	3	2	0.000000
77	3	0	0.000000
78	3	0	0.000000
79	3	0	0.000000
80	3	0	0.000000
81	3	0	0.000000
82	3	0	0.000000
83	3	1	0.000000
84	3	4	0.000000
85	3	0	0.000000
86	3	0	0.000000
87	3	0	0.000000
88	3	0	0.000000
89	3	0	0.000000
90	3	0	0.000000
91	3	0	0.000000
92	3	0	0.000000
93	3	0	0.000000
94	3	0	0.000000
95	3	0	0.000000
96	4	0	0.000000
97	4	0	0.000000
98	3	0	0.000000
99	3	4	0.000000
100	3	0	0.000000
101	3	4	0.000000
102	3	0	0.000000
103	2	4	0.000000
104	2	4	0.000000
105	1	2	0.000000
106	1	2	0.000000
107	1	2	0.000000
108	1	2	0.000000
109	1	2	0.000000
110	1	2	0.000000
111	1	2	0.000000
112	1	2	0.000000
113	1	2	0.000000
114	1	2	0.000000
115	1	1	0.000000
116	1	2	0.000000
117	1	3	0.000000
118	1	2	0.000000
119	1	3	0.000000
120	1	2	0.000000
121	1	2	0.000000
122	1	2	0.000000
123	1	3	0.000000
124	1	2	0.000000
125	1	1	0.000000
126	1	2	0.000000
127	1	2	0.000000
128	1	2	0.000000
129	1	2	0.000000
130	1	2	0.000000
131	1	2	0.000000
132	1	2	0.000000
133	1	2	0.000000
134	1	2	0.000000
135	1	2	0.000000
136	1	2	0.000000
137	1	3	0.000000
138	1	2	0.000000
139	1	2	0.000000
140	1	2	0.000000
141	1	3	0.000000
142	1	1	0.000000
143	1	2	0.000000
144	1	2	0.000000
145	2	4	0.000000
146	2	4	0.000000
147	2	4	0.000000
148	2	4	0.000000
149	2	4	0.000000
150	2	4	0.000000
151	2	4	0.000000
152	2	4	0.000000
153	3	0	0.000000
154	3	0	0.000000
155	2	4	0.000000
156	2	4	0.000000
157	3	0	0.000000
158	3	0	0.000000
159	3	0	0.000000
160	3	0	0.000000
161	3	2	0.000000
162	3	0	0.000000
163	3	0	0.000000
164	3	0	0.000000
165	3	0	0.000000
166	3	0	0.000000
167	3	0	0.000000
168	3	0	0.000000
169	3	0	0.000000
170	3	0	0.000000
171	3	0	0.000000
172	3	0	0.000000
173	3	0	0.000000
174	3	0	0.000000
175	3	3	0.000000
176	3	0	0.000000
177	3	0	0.000000
178	3	0	0.000000
179	3	0	0.000000
180	3	5	0.000000
181	3	0	0.000000
182	3	0	0.000000
183	3	0	0.000000
184	3	0	0.000000
185	3	3	0.000000
186	3	0	0.000000
187	3	0	0.000000
188	3	0	0.000000
189	3	4	0.000000
190	3	0	0.000000
191	3	0	0.000000
192	3	0	0.000000
193	3	0	0.000000
194	3	1	0.000000
195	3	0	0.000000
196	3	3	0.000000
197	3	0	0.000000
198	3	0	0.000000
199	3	0	0.000000
200	3	0	0.000000
201	3	2	0.000000
202	3	0	0.000000
203	3	0	0.000000
204	3	0	0.000000
205	3	0	0.000000
206	3	0	0.000000
207	3	0	0.000000
208	3	0	0.000000
209	3	0	0.000000
210	3	0	0.000000
211	3	0	0.000000
212	3	0	0.000000
213	3	1	0.000000
214	3	0	0.000000
215	3	0	0.000000
216	3	0	0.000000
217	3	0	0.000000
218	3	0	0.000000
219	3	0	0.000000
220	3	0	0.000000
221	3	0	0.000000
222	3	0	0.000000
223	3	1	0.000000
224	3	0	0.000000
225	3	0	0.000000
226	3	0	0.000000
227	3	0	0.000000
228	3	0	0.000000
229	3	0	0.000000
230	3	0	0.000000
231	3	0	0.000000
232	3	0	0.000000
233	3	0	0.000000
234	3	0	0.000000
235	3	0	0.000000
236	3	0	0.000000
237	3	0	0.000000
238	3	0	0.000000
239	3	0	0.000000
240	3	4	0.000000
241	3	0	0.000000
242	3	2	0.000000
243	3	0	0.000000
244	3	0	0.000000
245	3	0	0.000000
246	3	0	0.000000
247	3	0	0.000000
248	3	0	0.000000
249	3	2	0.000000
250	3	0	0.000000
251	3	0	0.000000
252	3	0	0.000000
253	3	0	0.000000
254	3	0	0.000000
255	3	0	0.000000
256	3	2	0.000000
257	3	0	0.000000
258	3	0	0.000000
259	3	0	0.000000
260	3	0	0.000000
261	3	0	0.000000
262	3	0	0.000000
263	3	0	0.000000
264	3	0	0.000000
265	3	0	0.000000
266	3	1	0.000000
267	3	0	0.000000
268	3	0	0.000000
269	3	0	0.000000
270	3	0	0.000000
271	3	0	0.000000
272	3	0	0.000000
273	3	0	0.000000
274	3	0	0.000000
275	3	0	0.000000
276	3	0	0.000000
277	3	2	0.000000
278	3	0	0.000000
279	3	0	0.000000
280	3	0	0.000000
281	3	0	0.000000
282	3	0	0.000000
283	3	0	0.000000
284	3	0	0.000000
285	3	0	0.000000
286	3	0	0.000000
287	3	0	0.000000
288	3	0	0.000000
289	3	0	0.000000
290	3	0	0.000000
291	3	0	0.000000
292	3	0	0.000000
293	3	0	0.000000
294	3	0	0.000000
295	3	0	0.000000
296	3	2	0.000000
297	3	0	0.000000
298	3	1	0.000000
299	3	0	0.000000
300	3	0	0.000000
301	3	0	0.000000
302	3	0	0.000000
303	3	0	0.000000
304	3	0	0.000000
305	3	0	0.000000
306	3	0	0.000000
307	3	0	0.000000
308	3	2	0.000000
309	3	0	0.000000
310	3	0	0.000000
311	3	0	0.000000
312	3	0	0.000000
313	3	0	0.000000
314	3	0	0.000000
315	3	0	0.000000
316	3	0	0.000000
317	3	5	0.000000
318	3	0	0.000000
319	3	0	0.000000
320	3	0	0.000000
321	3	0	0.000000
322	3	0	0.000000
323	3	0	0.000000
324	3	0	0.000000
325	3	4	0.000000
326	3	0	0.000000
327	3	0	0.000000
328	3	0	0.000000
329	3	0	0.000000
330	3	0	0.000000
331	3	0	0.000000
332	3	0	0.000000
333	3	0	0.000000
334	3	0	0.000000
335	3	0	0.000000
336	3	0	0.000000
337	3	0	0.000000
338	3	0	0.000000
339	3	0	0.000000
340	3	1	0.000000
341	3	0	0.000000
342	3	0	0.000000
343	3	0	0.000000
344	3	0	0.000000
345	3	0	0.000000
346	3	0	0.000000
347	3	0	0.000000
348	3	0	0.000000
349	3	0	0.000000
350	3	0	0.000000
351	3	0	0.000000
352	3	0	0.000000
353	3	0	0.000000
354	3	0	0.000000
355	3	0	0.000000
356	3	0	0.000000
357	3	0	0.000000
358	3	0	0.000000
359	3	0	0.000000
360	3	0	0.000000
361	3	1	0.000000
362	3	0	0.000000
363	3	0	0.000000
364	3	0	0.000000
365	3	0	0.000000
366	3	0	0.000000
367	3	0	0.000000
368	3	0	0.000000
369	3	0	0.000000
370	3	0	0.000000
371	3	0	0.000000
372	3	0	0.000000
373	3	0	0.000000
374	3	3	0.000000
375	3	0	0.000000
376	3	0	0.000000
377	3	0	0.000000
378	3	0	0.000000
379	3	0	0.000000
380	3	0	0.000000
381	3	3	0.000000
382	3	0	0.000000
383	3	5	0.000000
384	3	3	0.000000
385	3	0	0.000000
386	3	0	0.000000
387	3	0	0.000000
388	3	0	0.000000
389	3	2	0.000000
390	3	0	0.000000
391	3	0	0.000000
392	3	0	0.000000
393	3	0	0.000000
394	3	0	0.000000
395	3	0	0.000000
396	3	0	0.000000
397	3	0	0.000000
398	3	0	0.000000
399	3	0	0.000000
400	3	0	0.000000
401	3	2	0.000000
402	3	0	0.000000
403	3	0	0.000000
404	3	0	0.000000
405	3	0	0.000000
406	3	0	0.000000
407	3	0	0.000000
408	3	0	0.000000
409	3	0	0.000000
410	3	0	0.000000
411	3	0	0.000000
412	3	0	0.000000
413	3	0	0.000000
414	3	0	0.000000
415	3	0	0.000000
416	3	0	0.000000
417	3	0	0.000000
418	3	0	0.000000
419	3	0	600.000000
420	0	0	0.000000
