StartTime	2015/10/21 04:35:45
FinishTime	2015/10/21 04:36:34
ElapsedTime	49.000000
/home/daisuke/git/ReinforcementLearning/log/EV3LineTracer_20151021020428_10Setting_20151021020429.log
0	1.000000
1	0.125000	0.125000	0.625000	0.125000
2	0.083333	0.083333	0.583333	0.083333	0.083333	0.083333
3	0.125000	0.125000	0.625000	0.125000
4	0.125000	0.125000	0.625000	0.125000
5	0.125000	0.125000	0.125000	0.625000
6	0.125000	0.125000	0.125000	0.625000
3816
0	3	2	0.000000
1	3	3	0.000000
2	3	2	0.000000
3	3	2	0.000000
4	3	3	0.000000
5	3	2	0.000000
6	3	3	0.000000
7	3	2	0.000000
8	3	2	0.000000
9	2	0	0.000000
10	2	5	0.000000
11	2	2	0.000000
12	2	2	0.000000
13	2	2	0.000000
14	2	4	0.000000
15	2	2	0.000000
16	2	2	0.000000
17	2	2	0.000000
18	2	2	0.000000
19	2	5	0.000000
20	2	2	0.000000
21	2	2	0.000000
22	2	1	0.000000
23	2	1	0.000000
24	1	2	0.000000
25	1	2	0.000000
26	1	1	0.000000
27	2	0	0.000000
28	2	0	0.000000
29	2	2	0.000000
30	2	2	0.000000
31	2	2	0.000000
32	1	2	0.000000
33	2	2	0.000000
34	1	1	0.000000
35	1	0	0.000000
36	1	2	0.000000
37	1	3	0.000000
38	1	2	0.000000
39	1	2	0.000000
40	1	2	0.000000
41	1	2	0.000000
42	1	3	0.000000
43	1	2	0.000000
44	1	1	0.000000
45	1	2	0.000000
46	2	2	0.000000
47	2	4	0.000000
48	2	4	0.000000
49	3	1	0.000000
50	3	0	0.000000
51	4	2	0.000000
52	4	3	0.000000
53	4	2	0.000000
54	4	2	0.000000
55	3	2	0.000000
56	3	0	0.000000
57	3	3	0.000000
58	2	5	0.000000
59	2	2	0.000000
60	2	5	0.000000
61	2	2	0.000000
62	2	5	0.000000
63	2	0	0.000000
64	2	3	0.000000
65	2	5	0.000000
66	2	2	0.000000
67	1	2	0.000000
68	1	2	0.000000
69	1	2	0.000000
70	1	2	0.000000
71	1	2	0.000000
72	1	2	0.000000
73	1	2	0.000000
74	1	3	0.000000
75	1	2	0.000000
76	1	2	0.000000
77	1	2	0.000000
78	1	2	0.000000
79	1	1	0.000000
80	2	0	0.000000
81	2	2	0.000000
82	2	2	0.000000
83	2	0	0.000000
84	2	2	0.000000
85	2	2	0.000000
86	2	1	0.000000
87	2	2	0.000000
88	2	1	0.000000
89	2	2	0.000000
90	2	3	0.000000
91	2	1	0.000000
92	2	3	0.000000
93	2	3	0.000000
94	2	2	0.000000
95	2	2	0.000000
96	2	3	0.000000
97	2	2	0.000000
98	2	2	0.000000
99	2	2	0.000000
100	2	2	0.000000
101	2	4	0.000000
102	2	1	0.000000
103	3	3	0.000000
104	3	2	0.000000
105	3	2	0.000000
106	2	2	0.000000
107	3	2	0.000000
108	2	1	0.000000
109	3	2	0.000000
110	3	1	0.000000
111	2	2	0.000000
112	2	0	0.000000
113	2	2	0.000000
114	2	2	0.000000
115	2	2	0.000000
116	2	2	0.000000
117	2	2	0.000000
118	2	0	0.000000
119	2	3	0.000000
120	2	2	0.000000
121	2	3	0.000000
122	2	2	0.000000
123	2	4	0.000000
124	2	5	0.000000
125	2	4	0.000000
126	2	2	0.000000
127	2	2	0.000000
128	2	2	0.000000
129	2	1	0.000000
130	2	2	0.000000
131	2	0	0.000000
132	2	3	0.000000
133	1	2	0.000000
134	1	0	0.000000
135	1	0	0.000000
136	1	1	0.000000
137	1	0	0.000000
138	1	1	0.000000
139	1	3	0.000000
140	1	3	0.000000
141	2	2	0.000000
142	2	4	0.000000
143	2	2	0.000000
144	2	2	0.000000
145	2	4	0.000000
146	2	2	0.000000
147	2	2	0.000000
148	2	2	0.000000
149	2	2	0.000000
150	2	1	0.000000
151	2	4	0.000000
152	2	2	0.000000
153	2	3	0.000000
154	2	0	0.000000
155	2	2	0.000000
156	2	2	0.000000
157	2	2	0.000000
158	1	2	0.000000
159	2	2	0.000000
160	2	3	0.000000
161	2	2	0.000000
162	2	2	0.000000
163	2	5	0.000000
164	2	2	0.000000
165	2	1	0.000000
166	1	2	0.000000
167	1	2	0.000000
168	1	2	0.000000
169	1	2	0.000000
170	1	2	0.000000
171	1	2	0.000000
172	1	2	0.000000
173	1	2	0.000000
174	1	0	0.000000
175	1	2	0.000000
176	2	2	0.000000
177	2	2	0.000000
178	2	2	0.000000
179	2	1	0.000000
180	2	2	0.000000
181	2	1	0.000000
182	2	4	0.000000
183	3	2	0.000000
184	3	3	0.000000
185	3	2	0.000000
186	3	1	0.000000
187	3	0	0.000000
188	3	3	0.000000
189	3	2	0.000000
190	3	1	0.000000
191	3	1	0.000000
192	3	2	0.000000
193	2	2	0.000000
194	2	2	0.000000
195	2	2	0.000000
196	2	2	0.000000
197	2	1	0.000000
198	2	2	0.000000
199	2	2	0.000000
200	2	4	0.000000
201	2	2	0.000000
202	2	2	0.000000
203	2	1	0.000000
204	2	1	0.000000
205	2	2	0.000000
206	1	1	0.000000
207	2	5	0.000000
208	1	3	0.000000
209	1	3	0.000000
210	1	0	0.000000
211	1	2	0.000000
212	1	2	0.000000
213	1	2	0.000000
214	1	2	0.000000
215	1	0	0.000000
216	1	2	0.000000
217	1	2	0.000000
218	1	2	0.000000
219	1	3	0.000000
220	1	0	0.000000
221	1	2	0.000000
222	2	2	0.000000
223	2	2	0.000000
224	2	1	0.000000
225	3	3	0.000000
226	3	1	0.000000
227	3	2	0.000000
228	3	3	0.000000
229	3	2	0.000000
230	3	2	0.000000
231	3	2	0.000000
232	3	2	0.000000
233	3	2	0.000000
234	3	2	0.000000
235	3	2	0.000000
236	2	2	0.000000
237	2	0	0.000000
238	2	5	0.000000
239	2	2	0.000000
240	2	1	0.000000
241	2	2	0.000000
242	2	2	0.000000
243	1	2	0.000000
244	1	2	0.000000
245	1	2	0.000000
246	1	0	0.000000
247	1	2	0.000000
248	1	2	0.000000
249	1	2	0.000000
250	1	2	0.000000
251	1	3	0.000000
252	1	2	0.000000
253	1	0	0.000000
254	1	2	0.000000
255	1	2	0.000000
256	2	2	0.000000
257	3	0	0.000000
258	3	2	0.000000
259	3	2	0.000000
260	3	2	0.000000
261	4	2	0.000000
262	4	1	0.000000
263	4	2	0.000000
264	4	1	0.000000
265	4	0	0.000000
266	4	2	0.000000
267	4	2	0.000000
268	3	2	0.000000
269	3	3	0.000000
270	3	3	0.000000
271	3	2	0.000000
272	3	2	0.000000
273	2	2	0.000000
274	2	5	0.000000
275	2	2	0.000000
276	2	2	0.000000
277	2	2	0.000000
278	2	2	0.000000
279	2	2	0.000000
280	2	3	0.000000
281	2	2	0.000000
282	1	0	0.000000
283	1	2	0.000000
284	1	1	0.000000
285	1	0	0.000000
286	1	2	0.000000
287	1	3	0.000000
288	1	2	0.000000
289	1	3	0.000000
290	1	2	0.000000
291	2	3	0.000000
292	2	2	0.000000
293	2	2	0.000000
294	2	1	0.000000
295	2	2	0.000000
296	2	4	0.000000
297	2	2	0.000000
298	2	2	0.000000
299	2	2	0.000000
300	2	2	0.000000
301	2	4	0.000000
302	2	5	0.000000
303	2	2	0.000000
304	1	3	0.000000
305	1	2	0.000000
306	1	2	0.000000
307	1	2	0.000000
308	1	2	0.000000
309	1	2	0.000000
310	1	2	0.000000
311	1	3	0.000000
312	1	2	0.000000
313	1	2	0.000000
314	1	2	0.000000
315	2	2	0.000000
316	2	2	0.000000
317	3	2	0.000000
318	4	3	0.000000
319	4	2	0.000000
320	4	2	0.000000
321	5	3	0.000000
322	5	2	0.000000
323	5	3	0.000000
324	5	3	0.000000
325	5	3	0.000000
326	5	1	0.000000
327	5	3	0.000000
328	5	1	0.000000
329	5	3	0.000000
330	4	2	0.000000
331	4	2	0.000000
332	4	2	0.000000
333	4	3	0.000000
334	4	2	0.000000
335	4	2	0.000000
336	4	2	0.000000
337	4	1	0.000000
338	4	3	0.000000
339	4	2	0.000000
340	3	2	0.000000
341	3	0	0.000000
342	3	2	0.000000
343	3	3	0.000000
344	3	2	0.000000
345	3	2	0.000000
346	3	2	0.000000
347	2	3	0.000000
348	2	2	0.000000
349	2	0	0.000000
350	2	0	0.000000
351	2	2	0.000000
352	2	3	0.000000
353	2	2	0.000000
354	2	2	0.000000
355	2	3	0.000000
356	2	4	0.000000
357	2	2	0.000000
358	2	2	0.000000
359	2	2	0.000000
360	2	2	0.000000
361	2	3	0.000000
362	2	2	0.000000
363	2	4	0.000000
364	2	2	0.000000
365	1	3	0.000000
366	1	2	0.000000
367	1	2	0.000000
368	1	2	0.000000
369	1	2	0.000000
370	2	5	0.000000
371	2	2	0.000000
372	2	0	0.000000
373	2	2	0.000000
374	2	2	0.000000
375	3	0	0.000000
376	3	3	0.000000
377	3	2	0.000000
378	3	2	0.000000
379	4	2	0.000000
380	4	3	0.000000
381	4	2	0.000000
382	4	1	0.000000
383	3	3	0.000000
384	3	2	0.000000
385	3	1	0.000000
386	3	0	0.000000
387	2	3	0.000000
388	2	0	0.000000
389	2	2	0.000000
390	2	0	0.000000
391	2	2	0.000000
392	1	2	0.000000
393	1	1	0.000000
394	1	2	0.000000
395	1	3	0.000000
396	2	2	0.000000
397	2	0	0.000000
398	2	2	0.000000
399	2	0	0.000000
400	2	2	0.000000
401	2	2	0.000000
402	2	3	0.000000
403	2	2	0.000000
404	2	2	0.000000
405	2	3	0.000000
406	3	2	0.000000
407	2	4	0.000000
408	2	2	0.000000
409	2	2	0.000000
410	2	2	0.000000
411	2	2	0.000000
412	2	2	0.000000
413	2	5	0.000000
414	2	2	0.000000
415	2	2	0.000000
416	2	0	0.000000
417	2	2	0.000000
418	2	2	0.000000
419	1	0	0.000000
420	1	2	0.000000
421	1	2	0.000000
422	1	2	0.000000
423	1	2	0.000000
424	1	2	0.000000
425	1	3	0.000000
426	1	2	0.000000
427	1	2	0.000000
428	1	2	0.000000
429	1	2	0.000000
430	2	2	0.000000
431	3	3	0.000000
432	3	2	0.000000
433	3	2	0.000000
434	3	3	0.000000
435	4	2	0.000000
436	4	2	0.000000
437	4	2	0.000000
438	5	3	0.000000
439	5	1	0.000000
440	4	3	0.000000
441	4	3	0.000000
442	4	2	0.000000
443	3	1	0.000000
444	3	2	0.000000
445	3	1	0.000000
446	3	1	0.000000
447	3	1	0.000000
448	2	5	0.000000
449	2	2	0.000000
450	2	2	0.000000
451	2	2	0.000000
452	2	2	0.000000
453	2	2	0.000000
454	2	2	0.000000
455	2	3	0.000000
456	1	2	0.000000
457	1	2	0.000000
458	1	1	0.000000
459	1	2	0.000000
460	1	3	0.000000
461	1	2	0.000000
462	1	2	0.000000
463	1	2	0.000000
464	1	2	0.000000
465	1	1	0.000000
466	1	0	0.000000
467	1	2	0.000000
468	1	2	0.000000
469	1	2	0.000000
470	2	4	0.000000
471	3	2	0.000000
472	3	1	0.000000
473	3	2	0.000000
474	3	0	0.000000
475	3	2	0.000000
476	4	2	0.000000
477	4	0	0.000000
478	4	1	0.000000
479	4	2	0.000000
480	4	2	0.000000
481	4	0	0.000000
482	3	1	0.000000
483	3	2	0.000000
484	3	2	0.000000
485	3	3	0.000000
486	3	2	0.000000
487	3	2	0.000000
488	3	2	0.000000
489	3	2	0.000000
490	3	0	0.000000
491	3	1	0.000000
492	3	2	0.000000
493	3	2	0.000000
494	3	2	0.000000
495	3	2	0.000000
496	3	2	0.000000
497	3	1	0.000000
498	3	2	0.000000
499	3	2	0.000000
500	3	2	0.000000
501	3	2	0.000000
502	3	2	0.000000
503	4	2	0.000000
504	4	2	0.000000
505	4	0	0.000000
506	4	2	0.000000
507	4	3	0.000000
508	4	3	0.000000
509	4	2	0.000000
510	4	0	0.000000
511	4	3	0.000000
512	4	2	0.000000
513	4	2	0.000000
514	4	2	0.000000
515	4	2	0.000000
516	4	2	0.000000
517	4	1	0.000000
518	3	2	0.000000
519	3	2	0.000000
520	3	2	0.000000
521	3	1	0.000000
522	3	2	0.000000
523	3	0	0.000000
524	3	2	0.000000
525	3	2	0.000000
526	3	0	0.000000
527	3	0	0.000000
528	3	0	0.000000
529	3	1	0.000000
530	3	2	0.000000
531	3	2	0.000000
532	3	2	0.000000
533	3	1	0.000000
534	3	3	0.000000
535	3	0	0.000000
536	3	2	0.000000
537	3	2	0.000000
538	3	0	0.000000
539	3	2	0.000000
540	3	1	0.000000
541	3	3	0.000000
542	3	2	0.000000
543	2	2	0.000000
544	2	2	0.000000
545	2	5	0.000000
546	2	2	0.000000
547	2	5	0.000000
548	2	2	0.000000
549	2	2	0.000000
550	2	2	0.000000
551	2	2	0.000000
552	2	4	0.000000
553	2	4	0.000000
554	2	2	0.000000
555	1	2	0.000000
556	1	2	0.000000
557	1	2	0.000000
558	1	2	0.000000
559	1	0	0.000000
560	1	2	0.000000
561	1	3	0.000000
562	1	3	0.000000
563	1	0	0.000000
564	1	0	0.000000
565	1	2	0.000000
566	2	2	0.000000
567	2	1	0.000000
568	2	0	0.000000
569	2	2	0.000000
570	2	2	0.000000
571	3	2	0.000000
572	3	2	0.000000
573	3	2	0.000000
574	3	0	0.000000
575	3	2	0.000000
576	3	2	0.000000
577	3	2	0.000000
578	3	2	0.000000
579	3	2	0.000000
580	3	0	0.000000
581	3	3	0.000000
582	3	2	0.000000
583	3	2	0.000000
584	3	2	0.000000
585	3	2	0.000000
586	3	0	0.000000
587	3	2	0.000000
588	3	2	0.000000
589	3	2	0.000000
590	3	2	0.000000
591	3	2	0.000000
592	3	2	0.000000
593	3	2	0.000000
594	3	2	0.000000
595	3	2	0.000000
596	3	1	0.000000
597	3	2	0.000000
598	3	2	0.000000
599	3	0	0.000000
600	3	2	0.000000
601	3	2	0.000000
602	3	1	0.000000
603	3	2	0.000000
604	3	2	0.000000
605	3	2	0.000000
606	3	2	0.000000
607	3	3	0.000000
608	3	2	0.000000
609	3	0	0.000000
610	3	3	0.000000
611	3	1	0.000000
612	3	2	0.000000
613	3	2	0.000000
614	3	2	0.000000
615	3	0	0.000000
616	3	2	0.000000
617	3	2	0.000000
618	3	2	0.000000
619	3	2	0.000000
620	3	1	0.000000
621	3	2	0.000000
622	3	0	0.000000
623	3	2	0.000000
624	3	2	0.000000
625	3	3	0.000000
626	3	0	0.000000
627	3	2	0.000000
628	3	2	0.000000
629	3	2	0.000000
630	3	3	0.000000
631	3	0	0.000000
632	3	2	0.000000
633	3	2	0.000000
634	3	3	0.000000
635	3	2	0.000000
636	3	2	0.000000
637	2	5	0.000000
638	2	4	0.000000
639	2	2	0.000000
640	2	5	0.000000
641	2	2	0.000000
642	2	0	0.000000
643	2	2	0.000000
644	2	1	0.000000
645	2	0	0.000000
646	2	2	0.000000
647	2	2	0.000000
648	2	2	0.000000
649	2	0	0.000000
650	2	1	0.000000
651	2	5	0.000000
652	2	5	0.000000
653	2	1	0.000000
654	2	2	0.000000
655	2	2	0.000000
656	2	2	0.000000
657	2	2	0.000000
658	2	4	0.000000
659	2	3	0.000000
660	2	2	0.000000
661	2	2	0.000000
662	2	2	0.000000
663	2	4	0.000000
664	2	4	0.000000
665	2	0	0.000000
666	2	2	0.000000
667	2	2	0.000000
668	2	2	0.000000
669	2	2	0.000000
670	2	3	0.000000
671	2	1	0.000000
672	1	1	0.000000
673	1	2	0.000000
674	1	1	0.000000
675	1	2	0.000000
676	1	2	0.000000
677	1	2	0.000000
678	1	2	0.000000
679	2	4	0.000000
680	2	2	0.000000
681	2	2	0.000000
682	2	5	0.000000
683	2	3	0.000000
684	2	2	0.000000
685	2	2	0.000000
686	2	2	0.000000
687	2	1	0.000000
688	2	2	0.000000
689	2	2	0.000000
690	2	2	0.000000
691	2	1	0.000000
692	2	2	0.000000
693	2	2	0.000000
694	2	0	0.000000
695	2	2	0.000000
696	2	2	0.000000
697	2	2	0.000000
698	2	0	0.000000
699	2	2	0.000000
700	2	0	0.000000
701	2	4	0.000000
702	2	3	0.000000
703	2	2	0.000000
704	2	0	0.000000
705	2	2	0.000000
706	2	0	0.000000
707	2	2	0.000000
708	2	4	0.000000
709	2	2	0.000000
710	2	1	0.000000
711	2	2	0.000000
712	2	5	0.000000
713	2	0	0.000000
714	2	4	0.000000
715	2	0	0.000000
716	2	2	0.000000
717	2	2	0.000000
718	2	2	0.000000
719	2	2	0.000000
720	2	2	0.000000
721	2	4	0.000000
722	2	3	0.000000
723	2	2	0.000000
724	2	0	0.000000
725	1	3	0.000000
726	2	2	0.000000
727	2	2	0.000000
728	2	2	0.000000
729	2	2	0.000000
730	2	3	0.000000
731	2	5	0.000000
732	2	2	0.000000
733	2	5	0.000000
734	2	2	0.000000
735	2	5	0.000000
736	2	2	0.000000
737	2	2	0.000000
738	2	2	0.000000
739	1	1	0.000000
740	1	2	0.000000
741	1	2	0.000000
742	1	2	0.000000
743	1	2	0.000000
744	1	2	0.000000
745	1	0	0.000000
746	1	2	0.000000
747	1	2	0.000000
748	1	2	0.000000
749	1	2	0.000000
750	1	3	0.000000
751	1	2	0.000000
752	2	3	0.000000
753	2	2	0.000000
754	2	3	0.000000
755	2	2	0.000000
756	3	1	0.000000
757	3	3	0.000000
758	3	0	0.000000
759	3	0	0.000000
760	3	2	0.000000
761	4	3	0.000000
762	4	0	0.000000
763	4	0	0.000000
764	4	2	0.000000
765	4	2	0.000000
766	4	2	0.000000
767	4	2	0.000000
768	3	2	0.000000
769	3	3	0.000000
770	3	2	0.000000
771	3	1	0.000000
772	3	2	0.000000
773	3	2	0.000000
774	3	3	0.000000
775	3	2	0.000000
776	3	3	0.000000
777	4	2	0.000000
778	4	0	0.000000
779	3	2	0.000000
780	3	3	0.000000
781	4	1	0.000000
782	3	2	0.000000
783	3	2	0.000000
784	3	2	0.000000
785	3	3	0.000000
786	3	2	0.000000
787	3	1	0.000000
788	3	2	0.000000
789	3	0	0.000000
790	3	1	0.000000
791	3	0	0.000000
792	3	2	0.000000
793	3	2	0.000000
794	3	1	0.000000
795	3	2	0.000000
796	4	2	0.000000
797	4	2	0.000000
798	4	2	0.000000
799	4	2	0.000000
800	4	2	0.000000
801	4	2	0.000000
802	4	0	0.000000
803	3	2	0.000000
804	3	3	0.000000
805	4	2	0.000000
806	4	2	0.000000
807	4	2	0.000000
808	3	3	0.000000
809	4	0	0.000000
810	3	2	0.000000
811	4	2	0.000000
812	4	2	0.000000
813	4	2	0.000000
814	4	1	0.000000
815	3	0	0.000000
816	3	2	0.000000
817	3	1	0.000000
818	3	0	0.000000
819	3	0	0.000000
820	3	2	0.000000
821	3	2	0.000000
822	3	0	0.000000
823	3	1	0.000000
824	4	2	0.000000
825	3	2	0.000000
826	3	2	0.000000
827	3	0	0.000000
828	3	2	0.000000
829	3	3	0.000000
830	3	2	0.000000
831	3	2	0.000000
832	3	2	0.000000
833	3	2	0.000000
834	3	2	0.000000
835	3	2	0.000000
836	3	2	0.000000
837	3	2	0.000000
838	3	2	0.000000
839	3	3	0.000000
840	3	0	0.000000
841	3	2	0.000000
842	3	0	0.000000
843	3	2	0.000000
844	3	2	0.000000
845	3	2	0.000000
846	3	2	0.000000
847	3	3	0.000000
848	3	3	0.000000
849	3	1	0.000000
850	3	0	0.000000
851	3	2	0.000000
852	3	2	0.000000
853	3	3	0.000000
854	3	2	0.000000
855	3	2	0.000000
856	3	3	0.000000
857	3	0	0.000000
858	3	2	0.000000
859	3	2	0.000000
860	3	2	0.000000
861	3	2	0.000000
862	3	0	0.000000
863	3	2	0.000000
864	3	2	0.000000
865	3	2	0.000000
866	3	1	0.000000
867	3	0	0.000000
868	3	2	0.000000
869	3	0	0.000000
870	3	2	0.000000
871	3	0	0.000000
872	3	2	0.000000
873	3	2	0.000000
874	3	2	0.000000
875	3	1	0.000000
876	3	2	0.000000
877	3	2	0.000000
878	3	2	0.000000
879	3	1	0.000000
880	3	1	0.000000
881	3	3	0.000000
882	3	0	0.000000
883	3	0	0.000000
884	3	2	0.000000
885	3	2	0.000000
886	3	2	0.000000
887	3	2	0.000000
888	3	2	0.000000
889	3	1	0.000000
890	3	2	0.000000
891	3	2	0.000000
892	3	1	0.000000
893	3	0	0.000000
894	3	0	0.000000
895	3	2	0.000000
896	3	1	0.000000
897	3	2	0.000000
898	3	2	0.000000
899	2	0	0.000000
900	2	2	0.000000
901	2	2	0.000000
902	2	1	0.000000
903	2	2	0.000000
904	2	2	0.000000
905	2	2	0.000000
906	2	2	0.000000
907	2	5	0.000000
908	2	2	0.000000
909	2	5	0.000000
910	2	2	0.000000
911	2	1	0.000000
912	2	2	0.000000
913	2	2	0.000000
914	2	2	0.000000
915	1	2	0.000000
916	1	2	0.000000
917	1	2	0.000000
918	1	2	0.000000
919	1	2	0.000000
920	1	2	0.000000
921	1	0	0.000000
922	1	2	0.000000
923	1	2	0.000000
924	1	2	0.000000
925	1	2	0.000000
926	1	2	0.000000
927	1	2	0.000000
928	1	3	0.000000
929	1	3	0.000000
930	1	2	0.000000
931	1	0	0.000000
932	1	2	0.000000
933	2	4	0.000000
934	2	2	0.000000
935	2	2	0.000000
936	2	4	0.000000
937	2	2	0.000000
938	2	2	0.000000
939	2	4	0.000000
940	2	2	0.000000
941	2	5	0.000000
942	2	2	0.000000
943	2	5	0.000000
944	2	2	0.000000
945	2	0	0.000000
946	2	2	0.000000
947	2	2	0.000000
948	2	1	0.000000
949	2	2	0.000000
950	2	3	0.000000
951	2	1	0.000000
952	2	1	0.000000
953	2	3	0.000000
954	2	2	0.000000
955	2	2	0.000000
956	2	4	0.000000
957	2	1	0.000000
958	2	2	0.000000
959	2	2	0.000000
960	2	2	0.000000
961	2	2	0.000000
962	2	2	0.000000
963	2	2	0.000000
964	2	2	0.000000
965	2	2	0.000000
966	2	2	0.000000
967	1	2	0.000000
968	1	1	0.000000
969	1	2	0.000000
970	1	2	0.000000
971	1	2	0.000000
972	1	2	0.000000
973	1	2	0.000000
974	1	1	0.000000
975	1	1	0.000000
976	1	2	0.000000
977	1	3	0.000000
978	1	3	0.000000
979	1	2	0.000000
980	2	2	0.000000
981	2	2	0.000000
982	2	2	0.000000
983	2	3	0.000000
984	2	1	0.000000
985	2	4	0.000000
986	2	2	0.000000
987	3	2	0.000000
988	3	2	0.000000
989	3	2	0.000000
990	3	0	0.000000
991	3	0	0.000000
992	3	0	0.000000
993	2	2	0.000000
994	2	0	0.000000
995	2	2	0.000000
996	2	2	0.000000
997	2	2	0.000000
998	2	2	0.000000
999	2	2	0.000000
1000	2	4	0.000000
1001	2	2	0.000000
1002	2	5	0.000000
1003	2	4	0.000000
1004	2	2	0.000000
1005	2	4	0.000000
1006	2	2	0.000000
1007	2	2	0.000000
1008	2	3	0.000000
1009	2	2	0.000000
1010	1	1	0.000000
1011	1	2	0.000000
1012	1	2	0.000000
1013	1	3	0.000000
1014	1	0	0.000000
1015	1	0	0.000000
1016	1	3	0.000000
1017	1	2	0.000000
1018	1	2	0.000000
1019	1	2	0.000000
1020	1	2	0.000000
1021	1	2	0.000000
1022	1	3	0.000000
1023	1	2	0.000000
1024	1	1	0.000000
1025	1	3	0.000000
1026	1	1	0.000000
1027	2	2	0.000000
1028	3	2	0.000000
1029	3	0	0.000000
1030	3	2	0.000000
1031	3	2	0.000000
1032	3	2	0.000000
1033	4	2	0.000000
1034	4	1	0.000000
1035	4	1	0.000000
1036	4	3	0.000000
1037	4	0	0.000000
1038	3	2	0.000000
1039	3	0	0.000000
1040	3	2	0.000000
1041	3	3	0.000000
1042	3	2	0.000000
1043	3	2	0.000000
1044	3	2	0.000000
1045	4	2	0.000000
1046	4	0	0.000000
1047	4	1	0.000000
1048	4	2	0.000000
1049	4	2	0.000000
1050	4	3	0.000000
1051	4	2	0.000000
1052	4	2	0.000000
1053	4	3	0.000000
1054	4	1	0.000000
1055	4	2	0.000000
1056	4	2	0.000000
1057	4	2	0.000000
1058	4	2	0.000000
1059	4	3	0.000000
1060	4	2	0.000000
1061	4	3	0.000000
1062	4	2	0.000000
1063	4	3	0.000000
1064	4	2	0.000000
1065	4	2	0.000000
1066	4	2	0.000000
1067	4	2	0.000000
1068	4	3	0.000000
1069	4	0	0.000000
1070	4	2	0.000000
1071	4	2	0.000000
1072	4	2	0.000000
1073	4	2	0.000000
1074	4	2	0.000000
1075	4	2	0.000000
1076	4	2	0.000000
1077	4	2	0.000000
1078	4	2	0.000000
1079	4	2	0.000000
1080	4	2	0.000000
1081	4	2	0.000000
1082	4	2	0.000000
1083	4	2	0.000000
1084	4	3	0.000000
1085	4	0	0.000000
1086	4	2	0.000000
1087	4	1	0.000000
1088	4	2	0.000000
1089	4	2	0.000000
1090	4	1	0.000000
1091	4	1	0.000000
1092	4	2	0.000000
1093	4	2	0.000000
1094	4	3	0.000000
1095	4	2	0.000000
1096	4	2	0.000000
1097	4	0	0.000000
1098	4	3	0.000000
1099	4	3	0.000000
1100	4	2	0.000000
1101	4	1	0.000000
1102	4	2	0.000000
1103	3	2	0.000000
1104	3	2	0.000000
1105	3	2	0.000000
1106	3	1	0.000000
1107	3	0	0.000000
1108	3	2	0.000000
1109	3	2	0.000000
1110	3	2	0.000000
1111	3	2	0.000000
1112	3	2	0.000000
1113	3	2	0.000000
1114	3	0	0.000000
1115	3	2	0.000000
1116	3	3	0.000000
1117	3	3	0.000000
1118	3	2	0.000000
1119	3	2	0.000000
1120	3	0	0.000000
1121	3	3	0.000000
1122	3	3	0.000000
1123	3	2	0.000000
1124	2	5	0.000000
1125	2	2	0.000000
1126	2	4	0.000000
1127	2	2	0.000000
1128	2	0	0.000000
1129	2	4	0.000000
1130	1	2	0.000000
1131	1	2	0.000000
1132	1	2	0.000000
1133	1	3	0.000000
1134	1	2	0.000000
1135	1	0	0.000000
1136	1	3	0.000000
1137	1	3	0.000000
1138	1	3	0.000000
1139	1	2	0.000000
1140	1	3	0.000000
1141	1	1	0.000000
1142	2	2	0.000000
1143	2	2	0.000000
1144	2	1	0.000000
1145	2	0	0.000000
1146	3	3	0.000000
1147	3	2	0.000000
1148	3	2	0.000000
1149	3	2	0.000000
1150	3	0	0.000000
1151	3	0	0.000000
1152	2	3	0.000000
1153	2	2	0.000000
1154	2	2	0.000000
1155	2	3	0.000000
1156	2	4	0.000000
1157	2	2	0.000000
1158	2	2	0.000000
1159	2	2	0.000000
1160	2	0	0.000000
1161	2	2	0.000000
1162	2	5	0.000000
1163	2	2	0.000000
1164	2	2	0.000000
1165	2	4	0.000000
1166	2	4	0.000000
1167	2	2	0.000000
1168	2	2	0.000000
1169	2	5	0.000000
1170	2	2	0.000000
1171	2	2	0.000000
1172	2	4	0.000000
1173	2	1	0.000000
1174	2	3	0.000000
1175	2	2	0.000000
1176	2	3	0.000000
1177	2	2	0.000000
1178	2	1	0.000000
1179	2	4	0.000000
1180	3	3	0.000000
1181	3	2	0.000000
1182	3	2	0.000000
1183	3	2	0.000000
1184	3	2	0.000000
1185	4	0	0.000000
1186	4	2	0.000000
1187	4	2	0.000000
1188	4	2	0.000000
1189	4	1	0.000000
1190	4	2	0.000000
1191	4	2	0.000000
1192	4	2	0.000000
1193	4	0	0.000000
1194	4	2	0.000000
1195	4	2	0.000000
1196	4	3	0.000000
1197	4	2	0.000000
1198	4	2	0.000000
1199	4	3	0.000000
1200	4	2	0.000000
1201	4	2	0.000000
1202	4	2	0.000000
1203	4	2	0.000000
1204	4	2	0.000000
1205	4	2	0.000000
1206	4	1	0.000000
1207	4	0	0.000000
1208	4	2	0.000000
1209	4	2	0.000000
1210	4	2	0.000000
1211	4	3	0.000000
1212	4	2	0.000000
1213	4	0	0.000000
1214	4	1	0.000000
1215	4	2	0.000000
1216	4	1	0.000000
1217	4	1	0.000000
1218	4	2	0.000000
1219	4	2	0.000000
1220	4	2	0.000000
1221	4	2	0.000000
1222	3	2	0.000000
1223	4	0	0.000000
1224	4	2	0.000000
1225	3	2	0.000000
1226	3	0	0.000000
1227	3	3	0.000000
1228	3	2	0.000000
1229	3	2	0.000000
1230	3	1	0.000000
1231	3	3	0.000000
1232	3	2	0.000000
1233	3	3	0.000000
1234	3	2	0.000000
1235	3	2	0.000000
1236	3	2	0.000000
1237	3	2	0.000000
1238	3	2	0.000000
1239	3	2	0.000000
1240	3	2	0.000000
1241	3	2	0.000000
1242	3	3	0.000000
1243	3	2	0.000000
1244	3	2	0.000000
1245	3	0	0.000000
1246	3	0	0.000000
1247	3	2	0.000000
1248	3	3	0.000000
1249	3	2	0.000000
1250	3	0	0.000000
1251	3	1	0.000000
1252	3	3	0.000000
1253	3	2	0.000000
1254	3	2	0.000000
1255	3	0	0.000000
1256	3	2	0.000000
1257	3	1	0.000000
1258	3	2	0.000000
1259	3	2	0.000000
1260	3	2	0.000000
1261	3	2	0.000000
1262	3	2	0.000000
1263	3	2	0.000000
1264	3	0	0.000000
1265	3	0	0.000000
1266	3	0	0.000000
1267	3	2	0.000000
1268	3	2	0.000000
1269	3	3	0.000000
1270	3	2	0.000000
1271	3	1	0.000000
1272	2	4	0.000000
1273	2	2	0.000000
1274	2	0	0.000000
1275	2	4	0.000000
1276	2	2	0.000000
1277	2	2	0.000000
1278	2	0	0.000000
1279	2	2	0.000000
1280	2	2	0.000000
1281	2	1	0.000000
1282	2	1	0.000000
1283	2	2	0.000000
1284	2	2	0.000000
1285	2	2	0.000000
1286	2	2	0.000000
1287	2	2	0.000000
1288	2	2	0.000000
1289	2	2	0.000000
1290	2	2	0.000000
1291	2	2	0.000000
1292	2	3	0.000000
1293	2	0	0.000000
1294	2	2	0.000000
1295	2	3	0.000000
1296	2	0	0.000000
1297	2	2	0.000000
1298	2	4	0.000000
1299	2	4	0.000000
1300	2	0	0.000000
1301	2	2	0.000000
1302	2	2	0.000000
1303	2	2	0.000000
1304	2	0	0.000000
1305	2	1	0.000000
1306	2	5	0.000000
1307	2	2	0.000000
1308	2	3	0.000000
1309	2	2	0.000000
1310	2	2	0.000000
1311	2	2	0.000000
1312	2	2	0.000000
1313	2	1	0.000000
1314	2	4	0.000000
1315	2	2	0.000000
1316	2	2	0.000000
1317	2	4	0.000000
1318	2	2	0.000000
1319	2	0	0.000000
1320	2	2	0.000000
1321	3	2	0.000000
1322	3	0	0.000000
1323	3	2	0.000000
1324	3	2	0.000000
1325	3	3	0.000000
1326	3	0	0.000000
1327	3	3	0.000000
1328	3	2	0.000000
1329	3	2	0.000000
1330	3	1	0.000000
1331	3	2	0.000000
1332	3	2	0.000000
1333	3	0	0.000000
1334	3	2	0.000000
1335	3	3	0.000000
1336	3	0	0.000000
1337	3	2	0.000000
1338	3	2	0.000000
1339	3	2	0.000000
1340	4	2	0.000000
1341	4	0	0.000000
1342	4	0	0.000000
1343	4	0	0.000000
1344	4	2	0.000000
1345	3	3	0.000000
1346	3	2	0.000000
1347	3	1	0.000000
1348	3	2	0.000000
1349	3	2	0.000000
1350	3	3	0.000000
1351	4	1	0.000000
1352	4	2	0.000000
1353	4	2	0.000000
1354	4	2	0.000000
1355	4	2	0.000000
1356	4	2	0.000000
1357	3	3	0.000000
1358	3	2	0.000000
1359	3	2	0.000000
1360	3	2	0.000000
1361	3	3	0.000000
1362	3	2	0.000000
1363	3	2	0.000000
1364	3	1	0.000000
1365	3	0	0.000000
1366	3	2	0.000000
1367	3	3	0.000000
1368	3	1	0.000000
1369	3	2	0.000000
1370	4	1	0.000000
1371	4	0	0.000000
1372	3	2	0.000000
1373	3	2	0.000000
1374	3	3	0.000000
1375	3	2	0.000000
1376	3	2	0.000000
1377	3	2	0.000000
1378	3	2	0.000000
1379	3	1	0.000000
1380	3	2	0.000000
1381	3	2	0.000000
1382	3	0	0.000000
1383	3	2	0.000000
1384	3	2	0.000000
1385	3	1	0.000000
1386	3	3	0.000000
1387	3	1	0.000000
1388	3	3	0.000000
1389	3	0	0.000000
1390	3	2	0.000000
1391	3	2	0.000000
1392	3	2	0.000000
1393	3	3	0.000000
1394	3	2	0.000000
1395	3	2	0.000000
1396	3	2	0.000000
1397	3	3	0.000000
1398	3	2	0.000000
1399	3	0	0.000000
1400	3	2	0.000000
1401	2	2	0.000000
1402	2	2	0.000000
1403	2	2	0.000000
1404	2	2	0.000000
1405	2	2	0.000000
1406	2	2	0.000000
1407	2	2	0.000000
1408	2	2	0.000000
1409	2	0	0.000000
1410	2	2	0.000000
1411	2	5	0.000000
1412	2	0	0.000000
1413	2	2	0.000000
1414	2	0	0.000000
1415	2	4	0.000000
1416	2	2	0.000000
1417	2	5	0.000000
1418	2	2	0.000000
1419	2	5	0.000000
1420	2	1	0.000000
1421	1	1	0.000000
1422	2	2	0.000000
1423	1	3	0.000000
1424	1	2	0.000000
1425	1	2	0.000000
1426	1	0	0.000000
1427	1	2	0.000000
1428	1	1	0.000000
1429	1	2	0.000000
1430	1	2	0.000000
1431	1	2	0.000000
1432	1	2	0.000000
1433	1	2	0.000000
1434	1	2	0.000000
1435	1	0	0.000000
1436	1	1	0.000000
1437	1	1	0.000000
1438	1	3	0.000000
1439	1	0	0.000000
1440	1	3	0.000000
1441	1	1	0.000000
1442	1	2	0.000000
1443	1	2	0.000000
1444	1	2	0.000000
1445	1	2	0.000000
1446	1	0	0.000000
1447	1	2	0.000000
1448	1	2	0.000000
1449	1	2	0.000000
1450	1	2	0.000000
1451	1	0	0.000000
1452	1	2	0.000000
1453	1	1	0.000000
1454	1	3	0.000000
1455	1	3	0.000000
1456	1	2	0.000000
1457	1	2	0.000000
1458	1	2	0.000000
1459	1	1	0.000000
1460	2	2	0.000000
1461	2	2	0.000000
1462	2	1	0.000000
1463	2	2	0.000000
1464	2	3	0.000000
1465	2	0	0.000000
1466	2	2	0.000000
1467	2	0	0.000000
1468	2	2	0.000000
1469	2	2	0.000000
1470	2	0	0.000000
1471	2	2	0.000000
1472	2	2	0.000000
1473	2	2	0.000000
1474	2	2	0.000000
1475	2	2	0.000000
1476	2	0	0.000000
1477	2	2	0.000000
1478	1	2	0.000000
1479	1	2	0.000000
1480	2	2	0.000000
1481	2	2	0.000000
1482	1	0	0.000000
1483	1	3	0.000000
1484	1	2	0.000000
1485	1	2	0.000000
1486	1	2	0.000000
1487	1	2	0.000000
1488	1	2	0.000000
1489	1	2	0.000000
1490	1	3	0.000000
1491	1	2	0.000000
1492	1	2	0.000000
1493	1	2	0.000000
1494	1	3	0.000000
1495	1	2	0.000000
1496	2	2	0.000000
1497	2	2	0.000000
1498	2	2	0.000000
1499	2	3	0.000000
1500	2	2	0.000000
1501	2	0	0.000000
1502	2	3	0.000000
1503	2	2	0.000000
1504	1	2	0.000000
1505	1	3	0.000000
1506	1	3	0.000000
1507	1	0	0.000000
1508	1	2	0.000000
1509	1	0	0.000000
1510	1	2	0.000000
1511	1	1	0.000000
1512	1	3	0.000000
1513	1	1	0.000000
1514	1	0	0.000000
1515	1	0	0.000000
1516	1	2	0.000000
1517	1	2	0.000000
1518	1	1	0.000000
1519	1	2	0.000000
1520	1	0	0.000000
1521	1	2	0.000000
1522	1	2	0.000000
1523	1	2	0.000000
1524	1	2	0.000000
1525	1	1	0.000000
1526	1	2	0.000000
1527	1	2	0.000000
1528	1	2	0.000000
1529	1	2	0.000000
1530	1	2	0.000000
1531	1	0	0.000000
1532	1	2	0.000000
1533	1	2	0.000000
1534	1	2	0.000000
1535	1	2	0.000000
1536	1	2	0.000000
1537	1	1	0.000000
1538	1	2	0.000000
1539	1	2	0.000000
1540	1	2	0.000000
1541	1	2	0.000000
1542	1	2	0.000000
1543	1	2	0.000000
1544	1	2	0.000000
1545	1	2	0.000000
1546	1	2	0.000000
1547	2	2	0.000000
1548	2	2	0.000000
1549	2	2	0.000000
1550	2	1	0.000000
1551	2	2	0.000000
1552	2	2	0.000000
1553	2	1	0.000000
1554	2	0	0.000000
1555	2	3	0.000000
1556	2	2	0.000000
1557	1	2	0.000000
1558	1	2	0.000000
1559	1	2	0.000000
1560	1	2	0.000000
1561	1	2	0.000000
1562	1	2	0.000000
1563	1	1	0.000000
1564	1	3	0.000000
1565	1	2	0.000000
1566	1	2	0.000000
1567	1	1	0.000000
1568	2	4	0.000000
1569	1	2	0.000000
1570	1	2	0.000000
1571	2	2	0.000000
1572	2	2	0.000000
1573	2	2	0.000000
1574	2	2	0.000000
1575	2	4	0.000000
1576	2	5	0.000000
1577	2	3	0.000000
1578	2	2	0.000000
1579	2	2	0.000000
1580	2	2	0.000000
1581	2	2	0.000000
1582	2	3	0.000000
1583	2	1	0.000000
1584	1	3	0.000000
1585	1	2	0.000000
1586	1	2	0.000000
1587	1	0	0.000000
1588	1	1	0.000000
1589	1	2	0.000000
1590	1	2	0.000000
1591	1	2	0.000000
1592	1	2	0.000000
1593	1	2	0.000000
1594	1	1	0.000000
1595	1	2	0.000000
1596	1	2	0.000000
1597	1	2	0.000000
1598	1	0	0.000000
1599	1	2	0.000000
1600	1	2	0.000000
1601	2	2	0.000000
1602	2	1	0.000000
1603	2	2	0.000000
1604	1	2	0.000000
1605	1	2	0.000000
1606	1	2	0.000000
1607	1	2	0.000000
1608	1	2	0.000000
1609	1	2	0.000000
1610	1	2	0.000000
1611	1	2	0.000000
1612	1	2	0.000000
1613	1	3	0.000000
1614	1	1	0.000000
1615	1	2	0.000000
1616	1	2	0.000000
1617	1	2	0.000000
1618	1	0	0.000000
1619	1	2	0.000000
1620	1	0	0.000000
1621	1	2	0.000000
1622	1	2	0.000000
1623	1	2	0.000000
1624	1	3	0.000000
1625	1	2	0.000000
1626	1	3	0.000000
1627	1	1	0.000000
1628	1	1	0.000000
1629	1	2	0.000000
1630	1	0	0.000000
1631	1	2	0.000000
1632	1	2	0.000000
1633	1	2	0.000000
1634	1	2	0.000000
1635	1	1	0.000000
1636	1	1	0.000000
1637	1	2	0.000000
1638	1	2	0.000000
1639	1	2	0.000000
1640	1	2	0.000000
1641	1	2	0.000000
1642	1	0	0.000000
1643	1	2	0.000000
1644	1	3	0.000000
1645	1	2	0.000000
1646	1	2	0.000000
1647	1	2	0.000000
1648	1	3	0.000000
1649	1	2	0.000000
1650	1	2	0.000000
1651	2	0	0.000000
1652	2	1	0.000000
1653	2	2	0.000000
1654	2	2	0.000000
1655	3	2	0.000000
1656	3	2	0.000000
1657	3	2	0.000000
1658	3	2	0.000000
1659	3	0	0.000000
1660	3	2	0.000000
1661	3	3	0.000000
1662	3	2	0.000000
1663	3	3	0.000000
1664	3	0	0.000000
1665	3	1	0.000000
1666	3	1	0.000000
1667	3	0	0.000000
1668	3	2	0.000000
1669	3	2	0.000000
1670	3	2	0.000000
1671	3	2	0.000000
1672	3	0	0.000000
1673	3	2	0.000000
1674	3	2	0.000000
1675	3	2	0.000000
1676	3	2	0.000000
1677	3	0	0.000000
1678	3	2	0.000000
1679	3	0	0.000000
1680	3	3	0.000000
1681	3	1	0.000000
1682	3	2	0.000000
1683	3	2	0.000000
1684	3	0	0.000000
1685	3	2	0.000000
1686	3	2	0.000000
1687	3	2	0.000000
1688	3	1	0.000000
1689	3	2	0.000000
1690	3	2	0.000000
1691	3	2	0.000000
1692	3	1	0.000000
1693	3	2	0.000000
1694	3	2	0.000000
1695	3	2	0.000000
1696	3	0	0.000000
1697	3	2	0.000000
1698	2	4	0.000000
1699	2	2	0.000000
1700	2	2	0.000000
1701	3	3	0.000000
1702	3	3	0.000000
1703	3	2	0.000000
1704	3	2	0.000000
1705	2	2	0.000000
1706	2	2	0.000000
1707	2	2	0.000000
1708	2	2	0.000000
1709	2	2	0.000000
1710	2	4	0.000000
1711	2	2	0.000000
1712	2	2	0.000000
1713	2	3	0.000000
1714	2	2	0.000000
1715	2	1	0.000000
1716	2	0	0.000000
1717	2	1	0.000000
1718	2	0	0.000000
1719	2	2	0.000000
1720	2	0	0.000000
1721	2	1	0.000000
1722	2	2	0.000000
1723	2	2	0.000000
1724	2	2	0.000000
1725	2	2	0.000000
1726	2	2	0.000000
1727	2	2	0.000000
1728	2	2	0.000000
1729	2	4	0.000000
1730	2	5	0.000000
1731	2	3	0.000000
1732	2	2	0.000000
1733	2	2	0.000000
1734	2	3	0.000000
1735	2	3	0.000000
1736	2	1	0.000000
1737	1	2	0.000000
1738	1	3	0.000000
1739	1	0	0.000000
1740	1	1	0.000000
1741	1	1	0.000000
1742	1	2	0.000000
1743	1	2	0.000000
1744	1	0	0.000000
1745	1	3	0.000000
1746	1	2	0.000000
1747	2	4	0.000000
1748	2	0	0.000000
1749	2	2	0.000000
1750	2	2	0.000000
1751	2	0	0.000000
1752	2	1	0.000000
1753	2	2	0.000000
1754	2	0	0.000000
1755	2	2	0.000000
1756	3	2	0.000000
1757	3	1	0.000000
1758	3	2	0.000000
1759	3	3	0.000000
1760	3	2	0.000000
1761	3	0	0.000000
1762	3	2	0.000000
1763	3	2	0.000000
1764	2	2	0.000000
1765	2	4	0.000000
1766	2	0	0.000000
1767	2	2	0.000000
1768	2	2	0.000000
1769	2	2	0.000000
1770	2	2	0.000000
1771	2	2	0.000000
1772	2	2	0.000000
1773	2	5	0.000000
1774	2	0	0.000000
1775	2	5	0.000000
1776	2	2	0.000000
1777	2	2	0.000000
1778	2	0	0.000000
1779	2	3	0.000000
1780	2	2	0.000000
1781	2	2	0.000000
1782	2	5	0.000000
1783	2	2	0.000000
1784	2	3	0.000000
1785	2	0	0.000000
1786	2	2	0.000000
1787	2	4	0.000000
1788	2	2	0.000000
1789	2	1	0.000000
1790	2	2	0.000000
1791	2	2	0.000000
1792	2	2	0.000000
1793	2	4	0.000000
1794	2	5	0.000000
1795	2	4	0.000000
1796	2	3	0.000000
1797	2	1	0.000000
1798	2	2	0.000000
1799	2	2	0.000000
1800	2	5	0.000000
1801	1	2	0.000000
1802	2	5	0.000000
1803	2	4	0.000000
1804	2	2	0.000000
1805	2	0	0.000000
1806	2	2	0.000000
1807	2	3	0.000000
1808	2	5	0.000000
1809	2	1	0.000000
1810	2	2	0.000000
1811	2	3	0.000000
1812	2	2	0.000000
1813	2	2	0.000000
1814	3	3	0.000000
1815	3	2	0.000000
1816	3	2	0.000000
1817	3	2	0.000000
1818	3	2	0.000000
1819	3	2	0.000000
1820	3	2	0.000000
1821	3	2	0.000000
1822	3	2	0.000000
1823	3	2	0.000000
1824	3	2	0.000000
1825	3	1	0.000000
1826	3	1	0.000000
1827	3	2	0.000000
1828	3	0	0.000000
1829	3	2	0.000000
1830	3	0	0.000000
1831	3	1	0.000000
1832	3	2	0.000000
1833	3	2	0.000000
1834	4	3	0.000000
1835	4	2	0.000000
1836	4	0	0.000000
1837	4	3	0.000000
1838	3	2	0.000000
1839	3	2	0.000000
1840	3	2	0.000000
1841	3	2	0.000000
1842	3	2	0.000000
1843	3	2	0.000000
1844	3	2	0.000000
1845	3	1	0.000000
1846	3	2	0.000000
1847	3	2	0.000000
1848	3	2	0.000000
1849	3	2	0.000000
1850	3	2	0.000000
1851	3	2	0.000000
1852	3	0	0.000000
1853	3	3	0.000000
1854	3	2	0.000000
1855	3	1	0.000000
1856	3	2	0.000000
1857	4	2	0.000000
1858	4	2	0.000000
1859	4	0	0.000000
1860	4	0	0.000000
1861	4	2	0.000000
1862	3	2	0.000000
1863	3	2	0.000000
1864	3	0	0.000000
1865	3	2	0.000000
1866	3	2	0.000000
1867	3	2	0.000000
1868	3	1	0.000000
1869	3	2	0.000000
1870	3	2	0.000000
1871	3	2	0.000000
1872	3	2	0.000000
1873	3	3	0.000000
1874	4	2	0.000000
1875	3	1	0.000000
1876	3	3	0.000000
1877	3	2	0.000000
1878	3	2	0.000000
1879	3	2	0.000000
1880	3	2	0.000000
1881	4	0	0.000000
1882	4	1	0.000000
1883	4	0	0.000000
1884	4	2	0.000000
1885	4	2	0.000000
1886	4	0	0.000000
1887	4	2	0.000000
1888	4	2	0.000000
1889	4	2	0.000000
1890	4	2	0.000000
1891	4	3	0.000000
1892	4	0	0.000000
1893	4	3	0.000000
1894	4	1	0.000000
1895	4	0	0.000000
1896	4	2	0.000000
1897	4	2	0.000000
1898	4	2	0.000000
1899	4	1	0.000000
1900	4	2	0.000000
1901	4	2	0.000000
1902	4	0	0.000000
1903	3	2	0.000000
1904	4	0	0.000000
1905	4	1	0.000000
1906	4	0	0.000000
1907	4	2	0.000000
1908	4	2	0.000000
1909	4	0	0.000000
1910	4	2	0.000000
1911	4	3	0.000000
1912	4	2	0.000000
1913	4	1	0.000000
1914	4	2	0.000000
1915	4	2	0.000000
1916	4	0	0.000000
1917	4	3	0.000000
1918	4	2	0.000000
1919	4	0	0.000000
1920	4	2	0.000000
1921	4	2	0.000000
1922	4	2	0.000000
1923	4	2	0.000000
1924	4	1	0.000000
1925	4	2	0.000000
1926	4	2	0.000000
1927	4	0	0.000000
1928	4	2	0.000000
1929	4	2	0.000000
1930	4	2	0.000000
1931	4	1	0.000000
1932	4	2	0.000000
1933	4	3	0.000000
1934	4	2	0.000000
1935	4	0	0.000000
1936	4	2	0.000000
1937	4	2	0.000000
1938	4	2	0.000000
1939	4	1	0.000000
1940	4	2	0.000000
1941	4	2	0.000000
1942	4	0	0.000000
1943	3	2	0.000000
1944	4	2	0.000000
1945	4	2	0.000000
1946	3	2	0.000000
1947	3	2	0.000000
1948	3	2	0.000000
1949	3	1	0.000000
1950	3	2	0.000000
1951	3	0	0.000000
1952	3	2	0.000000
1953	4	2	0.000000
1954	3	2	0.000000
1955	3	0	0.000000
1956	4	2	0.000000
1957	4	2	0.000000
1958	3	1	0.000000
1959	4	2	0.000000
1960	4	1	0.000000
1961	3	3	0.000000
1962	4	3	0.000000
1963	3	1	0.000000
1964	3	3	0.000000
1965	3	1	0.000000
1966	3	0	0.000000
1967	3	2	0.000000
1968	3	2	0.000000
1969	4	0	0.000000
1970	3	0	0.000000
1971	3	3	0.000000
1972	3	2	0.000000
1973	3	2	0.000000
1974	4	2	0.000000
1975	4	2	0.000000
1976	3	2	0.000000
1977	4	3	0.000000
1978	3	2	0.000000
1979	4	2	0.000000
1980	3	2	0.000000
1981	3	1	0.000000
1982	3	2	0.000000
1983	3	2	0.000000
1984	3	2	0.000000
1985	3	2	0.000000
1986	3	2	0.000000
1987	3	2	0.000000
1988	3	2	0.000000
1989	3	2	0.000000
1990	3	0	0.000000
1991	3	2	0.000000
1992	3	2	0.000000
1993	3	0	0.000000
1994	3	2	0.000000
1995	3	2	0.000000
1996	3	2	0.000000
1997	3	2	0.000000
1998	3	1	0.000000
1999	3	3	0.000000
2000	3	2	0.000000
2001	3	1	0.000000
2002	3	2	0.000000
2003	3	1	0.000000
2004	3	2	0.000000
2005	3	2	0.000000
2006	3	2	0.000000
2007	3	2	0.000000
2008	3	1	0.000000
2009	2	2	0.000000
2010	2	2	0.000000
2011	2	4	0.000000
2012	2	1	0.000000
2013	2	2	0.000000
2014	2	2	0.000000
2015	2	1	0.000000
2016	2	2	0.000000
2017	2	5	0.000000
2018	2	2	0.000000
2019	2	2	0.000000
2020	2	2	0.000000
2021	2	2	0.000000
2022	2	2	0.000000
2023	1	2	0.000000
2024	1	3	0.000000
2025	1	1	0.000000
2026	1	2	0.000000
2027	1	2	0.000000
2028	1	1	0.000000
2029	1	2	0.000000
2030	1	2	0.000000
2031	1	2	0.000000
2032	1	2	0.000000
2033	1	2	0.000000
2034	1	2	0.000000
2035	1	1	0.000000
2036	1	3	0.000000
2037	1	2	0.000000
2038	1	2	0.000000
2039	1	3	0.000000
2040	2	1	0.000000
2041	2	2	0.000000
2042	2	2	0.000000
2043	2	2	0.000000
2044	2	1	0.000000
2045	2	2	0.000000
2046	2	1	0.000000
2047	2	2	0.000000
2048	2	1	0.000000
2049	2	0	0.000000
2050	2	2	0.000000
2051	2	2	0.000000
2052	2	1	0.000000
2053	2	3	0.000000
2054	2	2	0.000000
2055	2	0	0.000000
2056	2	2	0.000000
2057	2	2	0.000000
2058	2	2	0.000000
2059	2	2	0.000000
2060	2	2	0.000000
2061	2	1	0.000000
2062	2	2	0.000000
2063	2	3	0.000000
2064	2	2	0.000000
2065	2	1	0.000000
2066	2	2	0.000000
2067	1	2	0.000000
2068	1	2	0.000000
2069	1	2	0.000000
2070	1	2	0.000000
2071	1	2	0.000000
2072	1	1	0.000000
2073	1	0	0.000000
2074	1	2	0.000000
2075	1	2	0.000000
2076	1	2	0.000000
2077	1	2	0.000000
2078	1	2	0.000000
2079	2	3	0.000000
2080	2	1	0.000000
2081	2	2	0.000000
2082	2	0	0.000000
2083	2	2	0.000000
2084	2	2	0.000000
2085	2	5	0.000000
2086	3	2	0.000000
2087	3	2	0.000000
2088	3	0	0.000000
2089	3	3	0.000000
2090	3	2	0.000000
2091	3	2	0.000000
2092	3	2	0.000000
2093	3	2	0.000000
2094	2	4	0.000000
2095	2	0	0.000000
2096	2	4	0.000000
2097	2	2	0.000000
2098	2	0	0.000000
2099	2	2	0.000000
2100	2	2	0.000000
2101	2	2	0.000000
2102	2	0	0.000000
2103	2	2	0.000000
2104	2	2	0.000000
2105	2	2	0.000000
2106	2	5	0.000000
2107	2	0	0.000000
2108	2	3	0.000000
2109	2	2	0.000000
2110	2	2	0.000000
2111	1	1	0.000000
2112	1	2	0.000000
2113	1	2	0.000000
2114	1	3	0.000000
2115	1	1	0.000000
2116	1	2	0.000000
2117	1	2	0.000000
2118	1	2	0.000000
2119	1	2	0.000000
2120	1	2	0.000000
2121	2	1	0.000000
2122	2	2	0.000000
2123	2	0	0.000000
2124	2	2	0.000000
2125	2	2	0.000000
2126	2	2	0.000000
2127	2	4	0.000000
2128	2	2	0.000000
2129	2	1	0.000000
2130	2	1	0.000000
2131	3	1	0.000000
2132	3	2	0.000000
2133	2	2	0.000000
2134	2	0	0.000000
2135	2	2	0.000000
2136	2	3	0.000000
2137	2	3	0.000000
2138	2	5	0.000000
2139	2	4	0.000000
2140	2	2	0.000000
2141	2	1	0.000000
2142	2	2	0.000000
2143	2	2	0.000000
2144	2	1	0.000000
2145	2	4	0.000000
2146	2	0	0.000000
2147	2	1	0.000000
2148	2	5	0.000000
2149	2	2	0.000000
2150	2	2	0.000000
2151	2	2	0.000000
2152	2	2	0.000000
2153	2	3	0.000000
2154	2	3	0.000000
2155	2	2	0.000000
2156	2	2	0.000000
2157	2	0	0.000000
2158	2	2	0.000000
2159	2	4	0.000000
2160	2	2	0.000000
2161	2	0	0.000000
2162	2	0	0.000000
2163	2	2	0.000000
2164	2	2	0.000000
2165	2	5	0.000000
2166	2	2	0.000000
2167	2	0	0.000000
2168	2	2	0.000000
2169	2	5	0.000000
2170	2	2	0.000000
2171	2	2	0.000000
2172	1	2	0.000000
2173	1	2	0.000000
2174	1	2	0.000000
2175	1	3	0.000000
2176	1	2	0.000000
2177	1	2	0.000000
2178	1	2	0.000000
2179	1	0	0.000000
2180	1	3	0.000000
2181	1	0	0.000000
2182	1	2	0.000000
2183	1	2	0.000000
2184	1	2	0.000000
2185	2	2	0.000000
2186	2	2	0.000000
2187	2	0	0.000000
2188	2	2	0.000000
2189	2	2	0.000000
2190	2	2	0.000000
2191	3	3	0.000000
2192	3	2	0.000000
2193	3	2	0.000000
2194	3	2	0.000000
2195	3	2	0.000000
2196	3	2	0.000000
2197	3	0	0.000000
2198	3	2	0.000000
2199	2	2	0.000000
2200	2	0	0.000000
2201	2	2	0.000000
2202	2	2	0.000000
2203	2	2	0.000000
2204	2	2	0.000000
2205	2	2	0.000000
2206	2	2	0.000000
2207	2	2	0.000000
2208	2	2	0.000000
2209	2	2	0.000000
2210	2	5	0.000000
2211	2	2	0.000000
2212	1	2	0.000000
2213	1	2	0.000000
2214	1	3	0.000000
2215	1	1	0.000000
2216	1	2	0.000000
2217	1	2	0.000000
2218	1	1	0.000000
2219	1	2	0.000000
2220	1	0	0.000000
2221	1	2	0.000000
2222	1	2	0.000000
2223	1	2	0.000000
2224	1	2	0.000000
2225	1	2	0.000000
2226	1	2	0.000000
2227	1	3	0.000000
2228	2	3	0.000000
2229	2	1	0.000000
2230	2	4	0.000000
2231	2	1	0.000000
2232	2	2	0.000000
2233	2	0	0.000000
2234	3	0	0.000000
2235	3	1	0.000000
2236	3	2	0.000000
2237	3	1	0.000000
2238	3	3	0.000000
2239	2	2	0.000000
2240	2	1	0.000000
2241	2	2	0.000000
2242	2	3	0.000000
2243	2	0	0.000000
2244	2	2	0.000000
2245	2	2	0.000000
2246	2	0	0.000000
2247	2	2	0.000000
2248	2	5	0.000000
2249	2	2	0.000000
2250	2	3	0.000000
2251	2	2	0.000000
2252	2	3	0.000000
2253	2	2	0.000000
2254	2	2	0.000000
2255	1	1	0.000000
2256	1	2	0.000000
2257	1	2	0.000000
2258	1	0	0.000000
2259	1	1	0.000000
2260	1	2	0.000000
2261	1	2	0.000000
2262	2	3	0.000000
2263	1	2	0.000000
2264	2	2	0.000000
2265	2	2	0.000000
2266	2	1	0.000000
2267	2	2	0.000000
2268	2	3	0.000000
2269	2	2	0.000000
2270	2	2	0.000000
2271	2	5	0.000000
2272	3	2	0.000000
2273	3	1	0.000000
2274	3	0	0.000000
2275	3	0	0.000000
2276	3	3	0.000000
2277	3	3	0.000000
2278	3	2	0.000000
2279	3	2	0.000000
2280	3	3	0.000000
2281	3	2	0.000000
2282	3	2	0.000000
2283	3	2	0.000000
2284	3	2	0.000000
2285	3	2	0.000000
2286	3	3	0.000000
2287	3	2	0.000000
2288	3	2	0.000000
2289	3	0	0.000000
2290	3	2	0.000000
2291	3	2	0.000000
2292	3	2	0.000000
2293	3	1	0.000000
2294	3	0	0.000000
2295	3	1	0.000000
2296	3	2	0.000000
2297	3	2	0.000000
2298	3	3	0.000000
2299	3	2	0.000000
2300	3	0	0.000000
2301	3	3	0.000000
2302	3	2	0.000000
2303	3	2	0.000000
2304	3	2	0.000000
2305	3	2	0.000000
2306	3	2	0.000000
2307	3	2	0.000000
2308	3	1	0.000000
2309	3	3	0.000000
2310	3	2	0.000000
2311	3	2	0.000000
2312	3	2	0.000000
2313	3	3	0.000000
2314	3	3	0.000000
2315	3	2	0.000000
2316	3	0	0.000000
2317	3	2	0.000000
2318	3	2	0.000000
2319	3	2	0.000000
2320	3	2	0.000000
2321	3	0	0.000000
2322	3	2	0.000000
2323	3	0	0.000000
2324	3	3	0.000000
2325	4	2	0.000000
2326	4	2	0.000000
2327	3	2	0.000000
2328	3	3	0.000000
2329	3	2	0.000000
2330	4	0	0.000000
2331	4	0	0.000000
2332	3	0	0.000000
2333	4	2	0.000000
2334	4	2	0.000000
2335	3	2	0.000000
2336	3	2	0.000000
2337	4	0	0.000000
2338	4	2	0.000000
2339	4	1	0.000000
2340	4	0	0.000000
2341	4	2	0.000000
2342	4	0	0.000000
2343	3	2	0.000000
2344	4	1	0.000000
2345	4	2	0.000000
2346	4	3	0.000000
2347	4	1	0.000000
2348	4	2	0.000000
2349	4	1	0.000000
2350	4	2	0.000000
2351	4	1	0.000000
2352	4	2	0.000000
2353	3	1	0.000000
2354	3	0	0.000000
2355	3	2	0.000000
2356	3	3	0.000000
2357	3	2	0.000000
2358	3	2	0.000000
2359	3	2	0.000000
2360	4	2	0.000000
2361	3	2	0.000000
2362	4	1	0.000000
2363	4	2	0.000000
2364	4	2	0.000000
2365	3	2	0.000000
2366	3	2	0.000000
2367	4	1	0.000000
2368	4	2	0.000000
2369	4	2	0.000000
2370	4	1	0.000000
2371	4	3	0.000000
2372	4	3	0.000000
2373	4	2	0.000000
2374	4	2	0.000000
2375	4	2	0.000000
2376	4	2	0.000000
2377	4	1	0.000000
2378	4	2	0.000000
2379	4	2	0.000000
2380	4	1	0.000000
2381	4	0	0.000000
2382	4	2	0.000000
2383	4	0	0.000000
2384	4	3	0.000000
2385	4	2	0.000000
2386	4	0	0.000000
2387	4	3	0.000000
2388	4	2	0.000000
2389	4	0	0.000000
2390	4	2	0.000000
2391	4	2	0.000000
2392	4	0	0.000000
2393	4	2	0.000000
2394	4	2	0.000000
2395	4	2	0.000000
2396	4	2	0.000000
2397	4	2	0.000000
2398	4	0	0.000000
2399	4	2	0.000000
2400	4	2	0.000000
2401	4	2	0.000000
2402	4	3	0.000000
2403	4	0	0.000000
2404	4	2	0.000000
2405	4	2	0.000000
2406	4	2	0.000000
2407	4	3	0.000000
2408	4	2	0.000000
2409	4	3	0.000000
2410	4	2	0.000000
2411	4	2	0.000000
2412	4	2	0.000000
2413	4	2	0.000000
2414	4	3	0.000000
2415	4	2	0.000000
2416	4	2	0.000000
2417	4	2	0.000000
2418	4	2	0.000000
2419	4	2	0.000000
2420	4	2	0.000000
2421	4	2	0.000000
2422	4	2	0.000000
2423	4	2	0.000000
2424	4	3	0.000000
2425	4	2	0.000000
2426	4	1	0.000000
2427	4	2	0.000000
2428	4	2	0.000000
2429	4	1	0.000000
2430	4	2	0.000000
2431	4	2	0.000000
2432	4	0	0.000000
2433	4	2	0.000000
2434	4	2	0.000000
2435	4	2	0.000000
2436	4	3	0.000000
2437	4	0	0.000000
2438	4	2	0.000000
2439	4	1	0.000000
2440	4	1	0.000000
2441	4	3	0.000000
2442	4	0	0.000000
2443	4	1	0.000000
2444	4	1	0.000000
2445	4	2	0.000000
2446	4	2	0.000000
2447	4	3	0.000000
2448	4	2	0.000000
2449	4	2	0.000000
2450	4	2	0.000000
2451	4	2	0.000000
2452	4	2	0.000000
2453	4	2	0.000000
2454	4	2	0.000000
2455	4	2	0.000000
2456	4	2	0.000000
2457	4	2	0.000000
2458	4	2	0.000000
2459	4	1	0.000000
2460	4	2	0.000000
2461	4	2	0.000000
2462	4	2	0.000000
2463	4	2	0.000000
2464	4	0	0.000000
2465	4	2	0.000000
2466	4	2	0.000000
2467	4	2	0.000000
2468	4	2	0.000000
2469	4	2	0.000000
2470	4	2	0.000000
2471	4	3	0.000000
2472	4	2	0.000000
2473	4	2	0.000000
2474	4	3	0.000000
2475	4	2	0.000000
2476	4	2	0.000000
2477	4	2	0.000000
2478	4	0	0.000000
2479	4	1	0.000000
2480	4	1	0.000000
2481	4	2	0.000000
2482	4	0	0.000000
2483	4	2	0.000000
2484	4	2	0.000000
2485	4	3	0.000000
2486	4	2	0.000000
2487	4	2	0.000000
2488	4	2	0.000000
2489	3	2	0.000000
2490	3	2	0.000000
2491	3	2	0.000000
2492	3	2	0.000000
2493	3	2	0.000000
2494	3	0	0.000000
2495	3	2	0.000000
2496	3	0	0.000000
2497	3	2	0.000000
2498	3	2	0.000000
2499	3	1	0.000000
2500	3	2	0.000000
2501	3	1	0.000000
2502	3	2	0.000000
2503	3	2	0.000000
2504	3	2	0.000000
2505	3	0	0.000000
2506	3	3	0.000000
2507	3	0	0.000000
2508	2	5	0.000000
2509	2	1	0.000000
2510	2	4	0.000000
2511	2	2	0.000000
2512	2	2	0.000000
2513	2	3	0.000000
2514	2	2	0.000000
2515	2	1	0.000000
2516	2	2	0.000000
2517	2	1	0.000000
2518	2	5	0.000000
2519	2	2	0.000000
2520	2	2	0.000000
2521	2	2	0.000000
2522	2	2	0.000000
2523	2	5	0.000000
2524	2	4	0.000000
2525	2	0	0.000000
2526	2	2	0.000000
2527	2	1	0.000000
2528	2	1	0.000000
2529	2	3	0.000000
2530	1	1	0.000000
2531	1	2	0.000000
2532	1	1	0.000000
2533	1	0	0.000000
2534	1	2	0.000000
2535	2	2	0.000000
2536	2	3	0.000000
2537	2	4	0.000000
2538	2	2	0.000000
2539	2	2	0.000000
2540	2	2	0.000000
2541	2	1	0.000000
2542	2	3	0.000000
2543	2	2	0.000000
2544	2	2	0.000000
2545	1	2	0.000000
2546	2	1	0.000000
2547	1	2	0.000000
2548	1	3	0.000000
2549	1	2	0.000000
2550	1	2	0.000000
2551	1	2	0.000000
2552	1	2	0.000000
2553	2	2	0.000000
2554	2	5	0.000000
2555	2	2	0.000000
2556	2	1	0.000000
2557	2	0	0.000000
2558	2	2	0.000000
2559	2	2	0.000000
2560	2	2	0.000000
2561	2	2	0.000000
2562	3	2	0.000000
2563	3	2	0.000000
2564	3	2	0.000000
2565	3	1	0.000000
2566	3	2	0.000000
2567	3	2	0.000000
2568	3	2	0.000000
2569	3	2	0.000000
2570	3	2	0.000000
2571	3	2	0.000000
2572	3	1	0.000000
2573	3	2	0.000000
2574	3	2	0.000000
2575	3	2	0.000000
2576	3	0	0.000000
2577	3	2	0.000000
2578	3	3	0.000000
2579	3	2	0.000000
2580	3	0	0.000000
2581	3	2	0.000000
2582	3	2	0.000000
2583	3	3	0.000000
2584	3	1	0.000000
2585	3	0	0.000000
2586	3	2	0.000000
2587	3	2	0.000000
2588	3	2	0.000000
2589	3	2	0.000000
2590	3	1	0.000000
2591	3	2	0.000000
2592	3	2	0.000000
2593	3	3	0.000000
2594	3	2	0.000000
2595	3	2	0.000000
2596	3	1	0.000000
2597	3	2	0.000000
2598	3	2	0.000000
2599	2	5	0.000000
2600	2	1	0.000000
2601	2	0	0.000000
2602	2	2	0.000000
2603	2	3	0.000000
2604	2	3	0.000000
2605	2	2	0.000000
2606	2	1	0.000000
2607	2	2	0.000000
2608	2	2	0.000000
2609	2	2	0.000000
2610	2	0	0.000000
2611	3	2	0.000000
2612	3	1	0.000000
2613	3	3	0.000000
2614	2	2	0.000000
2615	2	5	0.000000
2616	2	2	0.000000
2617	2	2	0.000000
2618	2	2	0.000000
2619	2	5	0.000000
2620	2	2	0.000000
2621	2	2	0.000000
2622	2	2	0.000000
2623	2	2	0.000000
2624	2	2	0.000000
2625	2	2	0.000000
2626	2	4	0.000000
2627	2	1	0.000000
2628	2	5	0.000000
2629	2	2	0.000000
2630	2	2	0.000000
2631	2	2	0.000000
2632	2	2	0.000000
2633	2	1	0.000000
2634	2	2	0.000000
2635	2	2	0.000000
2636	1	2	0.000000
2637	1	2	0.000000
2638	1	1	0.000000
2639	1	2	0.000000
2640	1	2	0.000000
2641	1	2	0.000000
2642	1	2	0.000000
2643	1	2	0.000000
2644	1	1	0.000000
2645	1	2	0.000000
2646	1	2	0.000000
2647	1	0	0.000000
2648	1	2	0.000000
2649	1	2	0.000000
2650	2	2	0.000000
2651	2	1	0.000000
2652	2	2	0.000000
2653	2	2	0.000000
2654	2	2	0.000000
2655	3	2	0.000000
2656	3	2	0.000000
2657	3	2	0.000000
2658	3	2	0.000000
2659	3	2	0.000000
2660	3	2	0.000000
2661	3	2	0.000000
2662	3	2	0.000000
2663	3	2	0.000000
2664	2	2	0.000000
2665	2	3	0.000000
2666	2	5	0.000000
2667	2	2	0.000000
2668	2	1	0.000000
2669	2	3	0.000000
2670	2	2	0.000000
2671	2	2	0.000000
2672	2	2	0.000000
2673	2	3	0.000000
2674	2	3	0.000000
2675	2	2	0.000000
2676	2	2	0.000000
2677	2	0	0.000000
2678	2	2	0.000000
2679	2	2	0.000000
2680	2	2	0.000000
2681	2	2	0.000000
2682	2	3	0.000000
2683	2	1	0.000000
2684	2	2	0.000000
2685	2	2	0.000000
2686	2	2	0.000000
2687	2	4	0.000000
2688	2	2	0.000000
2689	2	1	0.000000
2690	2	2	0.000000
2691	2	4	0.000000
2692	2	4	0.000000
2693	2	0	0.000000
2694	2	2	0.000000
2695	2	3	0.000000
2696	2	2	0.000000
2697	2	0	0.000000
2698	2	5	0.000000
2699	2	2	0.000000
2700	2	0	0.000000
2701	2	2	0.000000
2702	2	2	0.000000
2703	2	0	0.000000
2704	2	2	0.000000
2705	2	2	0.000000
2706	2	2	0.000000
2707	2	5	0.000000
2708	1	2	0.000000
2709	1	2	0.000000
2710	1	2	0.000000
2711	1	2	0.000000
2712	1	2	0.000000
2713	1	2	0.000000
2714	1	3	0.000000
2715	1	3	0.000000
2716	1	2	0.000000
2717	1	2	0.000000
2718	1	0	0.000000
2719	2	2	0.000000
2720	2	2	0.000000
2721	2	2	0.000000
2722	2	2	0.000000
2723	2	2	0.000000
2724	3	1	0.000000
2725	3	2	0.000000
2726	3	0	0.000000
2727	3	2	0.000000
2728	3	1	0.000000
2729	3	2	0.000000
2730	3	2	0.000000
2731	3	2	0.000000
2732	3	2	0.000000
2733	2	2	0.000000
2734	2	2	0.000000
2735	2	2	0.000000
2736	2	2	0.000000
2737	2	3	0.000000
2738	2	0	0.000000
2739	2	2	0.000000
2740	2	1	0.000000
2741	2	4	0.000000
2742	2	3	0.000000
2743	2	0	0.000000
2744	2	2	0.000000
2745	2	4	0.000000
2746	2	2	0.000000
2747	2	2	0.000000
2748	2	5	0.000000
2749	2	2	0.000000
2750	2	2	0.000000
2751	2	2	0.000000
2752	2	2	0.000000
2753	2	4	0.000000
2754	2	2	0.000000
2755	2	1	0.000000
2756	2	3	0.000000
2757	2	2	0.000000
2758	2	2	0.000000
2759	2	2	0.000000
2760	2	2	0.000000
2761	2	2	0.000000
2762	2	2	0.000000
2763	2	2	0.000000
2764	2	4	0.000000
2765	2	4	0.000000
2766	2	2	0.000000
2767	2	2	0.000000
2768	2	1	0.000000
2769	1	2	0.000000
2770	1	0	0.000000
2771	1	2	0.000000
2772	1	2	0.000000
2773	1	2	0.000000
2774	1	0	0.000000
2775	1	0	0.000000
2776	1	0	0.000000
2777	1	0	0.000000
2778	1	2	0.000000
2779	1	2	0.000000
2780	1	2	0.000000
2781	1	2	0.000000
2782	2	1	0.000000
2783	2	3	0.000000
2784	2	2	0.000000
2785	2	2	0.000000
2786	2	5	0.000000
2787	2	5	0.000000
2788	2	0	0.000000
2789	2	2	0.000000
2790	2	1	0.000000
2791	3	2	0.000000
2792	3	2	0.000000
2793	3	2	0.000000
2794	2	2	0.000000
2795	2	2	0.000000
2796	2	2	0.000000
2797	2	5	0.000000
2798	2	1	0.000000
2799	2	2	0.000000
2800	2	5	0.000000
2801	2	0	0.000000
2802	2	2	0.000000
2803	2	0	0.000000
2804	2	1	0.000000
2805	2	2	0.000000
2806	2	2	0.000000
2807	2	2	0.000000
2808	2	2	0.000000
2809	1	2	0.000000
2810	1	2	0.000000
2811	1	2	0.000000
2812	1	2	0.000000
2813	1	2	0.000000
2814	1	2	0.000000
2815	1	2	0.000000
2816	1	2	0.000000
2817	1	3	0.000000
2818	1	1	0.000000
2819	1	2	0.000000
2820	1	2	0.000000
2821	2	1	0.000000
2822	2	2	0.000000
2823	2	2	0.000000
2824	2	0	0.000000
2825	2	5	0.000000
2826	2	2	0.000000
2827	2	3	0.000000
2828	2	5	0.000000
2829	2	0	0.000000
2830	2	2	0.000000
2831	2	2	0.000000
2832	2	2	0.000000
2833	2	2	0.000000
2834	2	2	0.000000
2835	2	2	0.000000
2836	2	3	0.000000
2837	2	1	0.000000
2838	2	2	0.000000
2839	2	1	0.000000
2840	2	5	0.000000
2841	2	0	0.000000
2842	2	2	0.000000
2843	2	2	0.000000
2844	2	2	0.000000
2845	2	2	0.000000
2846	2	2	0.000000
2847	2	3	0.000000
2848	2	2	0.000000
2849	2	3	0.000000
2850	2	5	0.000000
2851	2	2	0.000000
2852	2	4	0.000000
2853	1	2	0.000000
2854	1	0	0.000000
2855	1	2	0.000000
2856	1	1	0.000000
2857	1	2	0.000000
2858	1	2	0.000000
2859	1	2	0.000000
2860	1	0	0.000000
2861	1	1	0.000000
2862	1	2	0.000000
2863	1	0	0.000000
2864	2	3	0.000000
2865	2	2	0.000000
2866	2	3	0.000000
2867	2	2	0.000000
2868	2	2	0.000000
2869	2	0	0.000000
2870	2	3	0.000000
2871	3	0	0.000000
2872	3	2	0.000000
2873	3	2	0.000000
2874	3	2	0.000000
2875	3	2	0.000000
2876	3	0	0.000000
2877	3	3	0.000000
2878	3	0	0.000000
2879	3	3	0.000000
2880	3	2	0.000000
2881	3	2	0.000000
2882	2	2	0.000000
2883	2	2	0.000000
2884	2	4	0.000000
2885	2	2	0.000000
2886	2	2	0.000000
2887	2	2	0.000000
2888	2	2	0.000000
2889	2	2	0.000000
2890	2	2	0.000000
2891	2	2	0.000000
2892	2	5	0.000000
2893	2	3	0.000000
2894	2	4	0.000000
2895	2	5	0.000000
2896	2	2	0.000000
2897	2	2	0.000000
2898	1	0	0.000000
2899	1	1	0.000000
2900	1	0	0.000000
2901	1	2	0.000000
2902	1	2	0.000000
2903	1	2	0.000000
2904	1	2	0.000000
2905	1	2	0.000000
2906	1	2	0.000000
2907	1	2	0.000000
2908	1	2	0.000000
2909	1	2	0.000000
2910	1	0	0.000000
2911	1	2	0.000000
2912	1	2	0.000000
2913	1	3	0.000000
2914	2	4	0.000000
2915	2	2	0.000000
2916	2	2	0.000000
2917	2	0	0.000000
2918	2	1	0.000000
2919	2	0	0.000000
2920	3	2	0.000000
2921	3	2	0.000000
2922	3	2	0.000000
2923	3	3	0.000000
2924	3	3	0.000000
2925	3	0	0.000000
2926	3	1	0.000000
2927	3	2	0.000000
2928	2	2	0.000000
2929	2	2	0.000000
2930	2	2	0.000000
2931	2	4	0.000000
2932	2	2	0.000000
2933	2	1	0.000000
2934	2	2	0.000000
2935	2	3	0.000000
2936	2	2	0.000000
2937	2	2	0.000000
2938	2	2	0.000000
2939	2	0	0.000000
2940	2	2	0.000000
2941	2	3	0.000000
2942	2	2	0.000000
2943	2	2	0.000000
2944	2	0	0.000000
2945	2	4	0.000000
2946	2	2	0.000000
2947	2	2	0.000000
2948	2	5	0.000000
2949	2	1	0.000000
2950	2	2	0.000000
2951	2	2	0.000000
2952	2	2	0.000000
2953	2	1	0.000000
2954	2	0	0.000000
2955	1	1	0.000000
2956	1	2	0.000000
2957	1	2	0.000000
2958	1	1	0.000000
2959	1	3	0.000000
2960	1	1	0.000000
2961	1	0	0.000000
2962	1	2	0.000000
2963	1	1	0.000000
2964	1	0	0.000000
2965	1	0	0.000000
2966	2	2	0.000000
2967	2	0	0.000000
2968	2	2	0.000000
2969	2	0	0.000000
2970	2	2	0.000000
2971	2	2	0.000000
2972	2	2	0.000000
2973	2	2	0.000000
2974	2	0	0.000000
2975	2	0	0.000000
2976	2	4	0.000000
2977	2	2	0.000000
2978	2	3	0.000000
2979	2	2	0.000000
2980	2	0	0.000000
2981	2	2	0.000000
2982	2	2	0.000000
2983	2	2	0.000000
2984	2	2	0.000000
2985	2	5	0.000000
2986	2	4	0.000000
2987	2	0	0.000000
2988	2	2	0.000000
2989	2	2	0.000000
2990	2	2	0.000000
2991	2	2	0.000000
2992	2	2	0.000000
2993	2	2	0.000000
2994	1	2	0.000000
2995	1	0	0.000000
2996	2	3	0.000000
2997	2	2	0.000000
2998	2	2	0.000000
2999	1	1	0.000000
3000	1	2	0.000000
3001	1	2	0.000000
3002	1	3	0.000000
3003	1	0	0.000000
3004	1	2	0.000000
3005	1	3	0.000000
3006	1	2	0.000000
3007	1	2	0.000000
3008	1	0	0.000000
3009	1	2	0.000000
3010	2	4	0.000000
3011	2	3	0.000000
3012	2	3	0.000000
3013	2	0	0.000000
3014	2	5	0.000000
3015	2	2	0.000000
3016	2	5	0.000000
3017	2	1	0.000000
3018	3	2	0.000000
3019	3	0	0.000000
3020	3	2	0.000000
3021	3	2	0.000000
3022	3	2	0.000000
3023	3	1	0.000000
3024	3	1	0.000000
3025	3	1	0.000000
3026	3	3	0.000000
3027	3	2	0.000000
3028	3	2	0.000000
3029	3	2	0.000000
3030	3	0	0.000000
3031	2	2	0.000000
3032	2	4	0.000000
3033	2	2	0.000000
3034	2	4	0.000000
3035	2	5	0.000000
3036	2	2	0.000000
3037	2	2	0.000000
3038	2	1	0.000000
3039	2	2	0.000000
3040	2	1	0.000000
3041	2	2	0.000000
3042	2	4	0.000000
3043	2	2	0.000000
3044	2	2	0.000000
3045	2	4	0.000000
3046	2	5	0.000000
3047	2	5	0.000000
3048	2	2	0.000000
3049	2	2	0.000000
3050	2	2	0.000000
3051	1	2	0.000000
3052	1	2	0.000000
3053	1	2	0.000000
3054	1	2	0.000000
3055	1	2	0.000000
3056	2	4	0.000000
3057	2	2	0.000000
3058	2	2	0.000000
3059	2	2	0.000000
3060	2	1	0.000000
3061	1	2	0.000000
3062	1	2	0.000000
3063	1	1	0.000000
3064	1	2	0.000000
3065	1	2	0.000000
3066	1	1	0.000000
3067	1	1	0.000000
3068	1	2	0.000000
3069	2	1	0.000000
3070	2	2	0.000000
3071	1	0	0.000000
3072	1	2	0.000000
3073	1	2	0.000000
3074	2	2	0.000000
3075	2	1	0.000000
3076	2	2	0.000000
3077	2	4	0.000000
3078	2	2	0.000000
3079	2	2	0.000000
3080	2	2	0.000000
3081	2	1	0.000000
3082	2	2	0.000000
3083	2	2	0.000000
3084	2	5	0.000000
3085	2	2	0.000000
3086	2	2	0.000000
3087	2	3	0.000000
3088	2	2	0.000000
3089	2	2	0.000000
3090	2	1	0.000000
3091	2	4	0.000000
3092	2	2	0.000000
3093	1	2	0.000000
3094	1	2	0.000000
3095	1	3	0.000000
3096	1	2	0.000000
3097	1	2	0.000000
3098	1	2	0.000000
3099	1	2	0.000000
3100	1	2	0.000000
3101	1	0	0.000000
3102	1	2	0.000000
3103	2	4	0.000000
3104	2	0	0.000000
3105	2	2	0.000000
3106	2	2	0.000000
3107	2	0	0.000000
3108	3	1	0.000000
3109	3	2	0.000000
3110	3	1	0.000000
3111	3	2	0.000000
3112	3	2	0.000000
3113	3	2	0.000000
3114	3	1	0.000000
3115	3	2	0.000000
3116	3	2	0.000000
3117	3	2	0.000000
3118	3	2	0.000000
3119	3	2	0.000000
3120	3	2	0.000000
3121	2	4	0.000000
3122	2	2	0.000000
3123	2	5	0.000000
3124	2	2	0.000000
3125	2	3	0.000000
3126	2	2	0.000000
3127	2	2	0.000000
3128	2	2	0.000000
3129	2	3	0.000000
3130	1	2	0.000000
3131	1	2	0.000000
3132	1	2	0.000000
3133	1	2	0.000000
3134	1	1	0.000000
3135	1	2	0.000000
3136	1	0	0.000000
3137	1	2	0.000000
3138	1	2	0.000000
3139	1	2	0.000000
3140	1	2	0.000000
3141	1	2	0.000000
3142	1	0	0.000000
3143	2	2	0.000000
3144	2	3	0.000000
3145	2	2	0.000000
3146	2	2	0.000000
3147	2	2	0.000000
3148	3	2	0.000000
3149	3	2	0.000000
3150	3	3	0.000000
3151	3	1	0.000000
3152	3	2	0.000000
3153	3	3	0.000000
3154	3	2	0.000000
3155	3	2	0.000000
3156	3	2	0.000000
3157	3	1	0.000000
3158	3	2	0.000000
3159	2	2	0.000000
3160	2	2	0.000000
3161	2	5	0.000000
3162	2	2	0.000000
3163	2	2	0.000000
3164	1	0	0.000000
3165	1	2	0.000000
3166	1	2	0.000000
3167	1	2	0.000000
3168	1	1	0.000000
3169	1	2	0.000000
3170	1	2	0.000000
3171	1	2	0.000000
3172	1	2	0.000000
3173	1	3	0.000000
3174	1	3	0.000000
3175	2	2	0.000000
3176	2	2	0.000000
3177	2	2	0.000000
3178	2	2	0.000000
3179	2	3	0.000000
3180	2	3	0.000000
3181	3	2	0.000000
3182	3	2	0.000000
3183	3	3	0.000000
3184	3	2	0.000000
3185	3	2	0.000000
3186	3	2	0.000000
3187	3	2	0.000000
3188	3	2	0.000000
3189	3	2	0.000000
3190	3	3	0.000000
3191	3	2	0.000000
3192	3	2	0.000000
3193	2	2	0.000000
3194	2	2	0.000000
3195	2	4	0.000000
3196	2	5	0.000000
3197	2	2	0.000000
3198	2	2	0.000000
3199	2	2	0.000000
3200	2	3	0.000000
3201	2	2	0.000000
3202	1	2	0.000000
3203	1	3	0.000000
3204	1	0	0.000000
3205	1	2	0.000000
3206	1	2	0.000000
3207	1	2	0.000000
3208	1	2	0.000000
3209	1	2	0.000000
3210	1	1	0.000000
3211	1	2	0.000000
3212	1	2	0.000000
3213	2	2	0.000000
3214	2	2	0.000000
3215	2	5	0.000000
3216	2	2	0.000000
3217	3	0	0.000000
3218	3	2	0.000000
3219	3	2	0.000000
3220	3	2	0.000000
3221	3	2	0.000000
3222	3	2	0.000000
3223	3	1	0.000000
3224	3	0	0.000000
3225	3	2	0.000000
3226	3	2	0.000000
3227	3	0	0.000000
3228	3	2	0.000000
3229	3	0	0.000000
3230	3	2	0.000000
3231	3	2	0.000000
3232	3	1	0.000000
3233	3	2	0.000000
3234	3	2	0.000000
3235	3	2	0.000000
3236	3	1	0.000000
3237	3	1	0.000000
3238	3	2	0.000000
3239	3	3	0.000000
3240	3	2	0.000000
3241	3	0	0.000000
3242	3	2	0.000000
3243	3	2	0.000000
3244	3	3	0.000000
3245	3	2	0.000000
3246	3	2	0.000000
3247	3	2	0.000000
3248	3	2	0.000000
3249	3	2	0.000000
3250	3	3	0.000000
3251	3	2	0.000000
3252	3	2	0.000000
3253	3	2	0.000000
3254	3	2	0.000000
3255	3	2	0.000000
3256	3	2	0.000000
3257	3	0	0.000000
3258	3	0	0.000000
3259	3	2	0.000000
3260	3	2	0.000000
3261	3	2	0.000000
3262	3	2	0.000000
3263	3	0	0.000000
3264	3	1	0.000000
3265	3	3	0.000000
3266	3	2	0.000000
3267	3	3	0.000000
3268	3	2	0.000000
3269	3	2	0.000000
3270	3	3	0.000000
3271	3	1	0.000000
3272	3	1	0.000000
3273	3	3	0.000000
3274	3	2	0.000000
3275	3	2	0.000000
3276	2	2	0.000000
3277	2	2	0.000000
3278	2	3	0.000000
3279	2	0	0.000000
3280	2	2	0.000000
3281	2	0	0.000000
3282	2	3	0.000000
3283	2	2	0.000000
3284	2	2	0.000000
3285	2	4	0.000000
3286	2	5	0.000000
3287	2	2	0.000000
3288	2	0	0.000000
3289	2	4	0.000000
3290	2	2	0.000000
3291	2	2	0.000000
3292	2	2	0.000000
3293	2	2	0.000000
3294	2	2	0.000000
3295	2	1	0.000000
3296	2	2	0.000000
3297	2	2	0.000000
3298	2	2	0.000000
3299	2	2	0.000000
3300	2	2	0.000000
3301	2	2	0.000000
3302	2	2	0.000000
3303	2	2	0.000000
3304	2	2	0.000000
3305	2	2	0.000000
3306	2	2	0.000000
3307	2	2	0.000000
3308	2	0	0.000000
3309	2	2	0.000000
3310	2	2	0.000000
3311	2	5	0.000000
3312	2	2	0.000000
3313	2	5	0.000000
3314	1	2	0.000000
3315	1	2	0.000000
3316	1	3	0.000000
3317	1	2	0.000000
3318	1	2	0.000000
3319	1	2	0.000000
3320	2	2	0.000000
3321	2	2	0.000000
3322	1	0	0.000000
3323	1	2	0.000000
3324	1	2	0.000000
3325	1	2	0.000000
3326	1	2	0.000000
3327	1	2	0.000000
3328	2	2	0.000000
3329	2	3	0.000000
3330	2	2	0.000000
3331	2	2	0.000000
3332	2	2	0.000000
3333	2	3	0.000000
3334	2	2	0.000000
3335	2	4	0.000000
3336	2	3	0.000000
3337	3	2	0.000000
3338	3	3	0.000000
3339	3	1	0.000000
3340	3	1	0.000000
3341	3	2	0.000000
3342	3	2	0.000000
3343	3	1	0.000000
3344	3	2	0.000000
3345	3	2	0.000000
3346	3	2	0.000000
3347	3	2	0.000000
3348	3	2	0.000000
3349	3	2	0.000000
3350	3	2	0.000000
3351	3	3	0.000000
3352	3	0	0.000000
3353	3	2	0.000000
3354	4	3	0.000000
3355	4	2	0.000000
3356	4	2	0.000000
3357	4	3	0.000000
3358	4	2	0.000000
3359	4	0	0.000000
3360	4	3	0.000000
3361	4	2	0.000000
3362	4	2	0.000000
3363	4	3	0.000000
3364	4	2	0.000000
3365	4	2	0.000000
3366	4	2	0.000000
3367	4	1	0.000000
3368	4	2	0.000000
3369	4	0	0.000000
3370	4	3	0.000000
3371	4	0	0.000000
3372	4	3	0.000000
3373	4	2	0.000000
3374	4	2	0.000000
3375	4	0	0.000000
3376	4	0	0.000000
3377	4	2	0.000000
3378	4	1	0.000000
3379	4	2	0.000000
3380	4	2	0.000000
3381	4	2	0.000000
3382	4	1	0.000000
3383	4	1	0.000000
3384	4	3	0.000000
3385	4	2	0.000000
3386	4	2	0.000000
3387	4	3	0.000000
3388	4	2	0.000000
3389	4	2	0.000000
3390	4	2	0.000000
3391	4	2	0.000000
3392	4	2	0.000000
3393	4	2	0.000000
3394	4	2	0.000000
3395	4	2	0.000000
3396	4	3	0.000000
3397	4	2	0.000000
3398	4	2	0.000000
3399	4	2	0.000000
3400	4	3	0.000000
3401	4	1	0.000000
3402	4	1	0.000000
3403	4	2	0.000000
3404	4	2	0.000000
3405	4	2	0.000000
3406	4	1	0.000000
3407	4	2	0.000000
3408	4	1	0.000000
3409	4	0	0.000000
3410	4	2	0.000000
3411	4	1	0.000000
3412	4	1	0.000000
3413	4	2	0.000000
3414	4	1	0.000000
3415	4	2	0.000000
3416	4	2	0.000000
3417	4	2	0.000000
3418	4	1	0.000000
3419	4	3	0.000000
3420	4	1	0.000000
3421	4	2	0.000000
3422	4	2	0.000000
3423	4	2	0.000000
3424	4	1	0.000000
3425	4	2	0.000000
3426	4	2	0.000000
3427	4	2	0.000000
3428	4	2	0.000000
3429	4	1	0.000000
3430	4	2	0.000000
3431	4	3	0.000000
3432	4	1	0.000000
3433	4	2	0.000000
3434	4	2	0.000000
3435	4	0	0.000000
3436	4	2	0.000000
3437	4	2	0.000000
3438	4	1	0.000000
3439	4	2	0.000000
3440	4	1	0.000000
3441	4	0	0.000000
3442	4	2	0.000000
3443	4	3	0.000000
3444	4	1	0.000000
3445	4	1	0.000000
3446	4	2	0.000000
3447	4	1	0.000000
3448	4	2	0.000000
3449	4	2	0.000000
3450	4	1	0.000000
3451	4	2	0.000000
3452	4	2	0.000000
3453	4	3	0.000000
3454	4	2	0.000000
3455	4	2	0.000000
3456	4	3	0.000000
3457	4	2	0.000000
3458	4	1	0.000000
3459	4	2	0.000000
3460	4	2	0.000000
3461	4	2	0.000000
3462	4	2	0.000000
3463	4	2	0.000000
3464	4	2	0.000000
3465	4	2	0.000000
3466	4	0	0.000000
3467	4	2	0.000000
3468	4	3	0.000000
3469	4	2	0.000000
3470	4	3	0.000000
3471	4	1	0.000000
3472	4	0	0.000000
3473	4	2	0.000000
3474	4	0	0.000000
3475	4	2	0.000000
3476	4	0	0.000000
3477	4	2	0.000000
3478	4	1	0.000000
3479	4	2	0.000000
3480	4	2	0.000000
3481	4	0	0.000000
3482	4	2	0.000000
3483	4	2	0.000000
3484	4	3	0.000000
3485	4	2	0.000000
3486	4	2	0.000000
3487	4	2	0.000000
3488	4	2	0.000000
3489	4	3	0.000000
3490	3	1	0.000000
3491	3	2	0.000000
3492	3	2	0.000000
3493	3	2	0.000000
3494	3	2	0.000000
3495	3	2	0.000000
3496	3	1	0.000000
3497	2	2	0.000000
3498	2	2	0.000000
3499	2	1	0.000000
3500	2	4	0.000000
3501	2	2	0.000000
3502	2	2	0.000000
3503	2	2	0.000000
3504	2	1	0.000000
3505	2	2	0.000000
3506	2	2	0.000000
3507	2	1	0.000000
3508	2	2	0.000000
3509	2	2	0.000000
3510	2	0	0.000000
3511	2	2	0.000000
3512	2	5	0.000000
3513	2	5	0.000000
3514	2	3	0.000000
3515	2	2	0.000000
3516	2	4	0.000000
3517	2	0	0.000000
3518	2	2	0.000000
3519	2	4	0.000000
3520	2	2	0.000000
3521	2	0	0.000000
3522	2	5	0.000000
3523	2	0	0.000000
3524	2	1	0.000000
3525	2	1	0.000000
3526	2	2	0.000000
3527	2	2	0.000000
3528	2	4	0.000000
3529	2	2	0.000000
3530	2	2	0.000000
3531	2	2	0.000000
3532	2	5	0.000000
3533	2	0	0.000000
3534	2	2	0.000000
3535	2	3	0.000000
3536	2	3	0.000000
3537	2	3	0.000000
3538	2	1	0.000000
3539	2	1	0.000000
3540	2	4	0.000000
3541	2	2	0.000000
3542	2	2	0.000000
3543	2	1	0.000000
3544	2	2	0.000000
3545	2	0	0.000000
3546	2	2	0.000000
3547	2	2	0.000000
3548	2	2	0.000000
3549	2	4	0.000000
3550	2	5	0.000000
3551	2	2	0.000000
3552	2	5	0.000000
3553	2	0	0.000000
3554	2	5	0.000000
3555	2	2	0.000000
3556	2	5	0.000000
3557	2	5	0.000000
3558	2	2	0.000000
3559	2	2	0.000000
3560	2	5	0.000000
3561	2	4	0.000000
3562	2	2	0.000000
3563	2	2	0.000000
3564	2	2	0.000000
3565	2	2	0.000000
3566	2	2	0.000000
3567	2	2	0.000000
3568	2	2	0.000000
3569	2	2	0.000000
3570	2	2	0.000000
3571	2	4	0.000000
3572	2	2	0.000000
3573	2	2	0.000000
3574	2	1	0.000000
3575	2	2	0.000000
3576	1	2	0.000000
3577	1	2	0.000000
3578	1	2	0.000000
3579	1	0	0.000000
3580	2	2	0.000000
3581	1	2	0.000000
3582	1	2	0.000000
3583	2	2	0.000000
3584	2	2	0.000000
3585	2	3	0.000000
3586	2	2	0.000000
3587	2	4	0.000000
3588	2	4	0.000000
3589	2	2	0.000000
3590	2	2	0.000000
3591	2	3	0.000000
3592	2	2	0.000000
3593	2	2	0.000000
3594	2	2	0.000000
3595	2	2	0.000000
3596	2	2	0.000000
3597	2	2	0.000000
3598	2	2	0.000000
3599	2	2	0.000000
3600	2	2	0.000000
3601	2	4	0.000000
3602	2	2	0.000000
3603	2	2	0.000000
3604	2	2	0.000000
3605	2	2	0.000000
3606	2	1	0.000000
3607	2	1	0.000000
3608	2	2	0.000000
3609	2	2	0.000000
3610	2	4	0.000000
3611	2	2	0.000000
3612	2	2	0.000000
3613	2	2	0.000000
3614	2	1	0.000000
3615	2	4	0.000000
3616	2	5	0.000000
3617	2	3	0.000000
3618	2	2	0.000000
3619	2	4	0.000000
3620	2	3	0.000000
3621	2	4	0.000000
3622	2	1	0.000000
3623	1	2	0.000000
3624	1	2	0.000000
3625	1	2	0.000000
3626	1	1	0.000000
3627	1	2	0.000000
3628	1	2	0.000000
3629	1	1	0.000000
3630	2	5	0.000000
3631	2	1	0.000000
3632	2	2	0.000000
3633	2	3	0.000000
3634	2	2	0.000000
3635	2	3	0.000000
3636	2	4	0.000000
3637	2	5	0.000000
3638	2	2	0.000000
3639	2	2	0.000000
3640	2	3	0.000000
3641	2	2	0.000000
3642	2	2	0.000000
3643	2	2	0.000000
3644	2	0	0.000000
3645	2	2	0.000000
3646	2	1	0.000000
3647	2	0	0.000000
3648	2	2	0.000000
3649	2	2	0.000000
3650	2	0	0.000000
3651	2	0	0.000000
3652	2	2	0.000000
3653	2	3	0.000000
3654	2	2	0.000000
3655	2	1	0.000000
3656	2	2	0.000000
3657	2	2	0.000000
3658	2	5	0.000000
3659	2	2	0.000000
3660	2	2	0.000000
3661	2	1	0.000000
3662	2	4	0.000000
3663	2	2	0.000000
3664	2	2	0.000000
3665	2	3	0.000000
3666	2	2	0.000000
3667	2	2	0.000000
3668	2	2	0.000000
3669	2	1	0.000000
3670	2	2	0.000000
3671	2	2	0.000000
3672	2	1	0.000000
3673	2	2	0.000000
3674	2	3	0.000000
3675	2	2	0.000000
3676	2	2	0.000000
3677	2	4	0.000000
3678	2	2	0.000000
3679	2	2	0.000000
3680	2	2	0.000000
3681	2	5	0.000000
3682	2	2	0.000000
3683	2	5	0.000000
3684	2	3	0.000000
3685	1	0	0.000000
3686	1	2	0.000000
3687	1	3	0.000000
3688	1	2	0.000000
3689	1	1	0.000000
3690	1	2	0.000000
3691	1	2	0.000000
3692	1	3	0.000000
3693	1	3	0.000000
3694	1	1	0.000000
3695	1	1	0.000000
3696	1	2	0.000000
3697	1	2	0.000000
3698	1	1	0.000000
3699	2	2	0.000000
3700	2	5	0.000000
3701	2	1	0.000000
3702	2	2	0.000000
3703	2	3	0.000000
3704	2	2	0.000000
3705	3	2	0.000000
3706	3	2	0.000000
3707	2	3	0.000000
3708	3	2	0.000000
3709	3	2	0.000000
3710	2	2	0.000000
3711	2	2	0.000000
3712	2	2	0.000000
3713	2	2	0.000000
3714	2	2	0.000000
3715	2	1	0.000000
3716	2	4	0.000000
3717	2	2	0.000000
3718	2	2	0.000000
3719	2	2	0.000000
3720	2	3	0.000000
3721	2	1	0.000000
3722	2	1	0.000000
3723	2	2	0.000000
3724	2	2	0.000000
3725	2	2	0.000000
3726	2	2	0.000000
3727	2	2	0.000000
3728	2	2	0.000000
3729	2	2	0.000000
3730	2	2	0.000000
3731	2	2	0.000000
3732	2	2	0.000000
3733	2	4	0.000000
3734	2	3	0.000000
3735	2	0	0.000000
3736	2	2	0.000000
3737	2	2	0.000000
3738	1	2	0.000000
3739	1	2	0.000000
3740	1	2	0.000000
3741	2	2	0.000000
3742	2	2	0.000000
3743	2	2	0.000000
3744	2	2	0.000000
3745	1	2	0.000000
3746	2	2	0.000000
3747	2	2	0.000000
3748	2	5	0.000000
3749	2	1	0.000000
3750	2	5	0.000000
3751	1	0	0.000000
3752	1	3	0.000000
3753	1	2	0.000000
3754	1	0	0.000000
3755	1	0	0.000000
3756	2	4	0.000000
3757	2	2	0.000000
3758	2	2	0.000000
3759	2	2	0.000000
3760	2	0	0.000000
3761	1	0	0.000000
3762	1	0	0.000000
3763	2	2	0.000000
3764	2	1	0.000000
3765	2	2	0.000000
3766	1	2	0.000000
3767	1	2	0.000000
3768	1	2	0.000000
3769	1	0	0.000000
3770	1	0	0.000000
3771	1	1	0.000000
3772	1	0	0.000000
3773	1	2	0.000000
3774	1	3	0.000000
3775	2	2	0.000000
3776	2	3	0.000000
3777	2	4	0.000000
3778	2	3	0.000000
3779	2	2	0.000000
3780	2	1	0.000000
3781	2	2	0.000000
3782	2	2	0.000000
3783	2	4	0.000000
3784	2	3	0.000000
3785	3	2	0.000000
3786	3	3	0.000000
3787	3	2	0.000000
3788	3	2	0.000000
3789	3	2	0.000000
3790	3	2	0.000000
3791	3	2	0.000000
3792	3	2	0.000000
3793	2	2	0.000000
3794	2	2	0.000000
3795	2	3	0.000000
3796	2	2	0.000000
3797	2	5	0.000000
3798	2	5	0.000000
3799	2	2	0.000000
3800	2	4	0.000000
3801	2	2	0.000000
3802	2	2	0.000000
3803	2	2	0.000000
3804	2	2	0.000000
3805	2	1	0.000000
3806	2	0	0.000000
3807	2	5	0.000000
3808	2	4	0.000000
3809	2	2	0.000000
3810	2	5	0.000000
3811	2	2	0.000000
3812	2	4	0.000000
3813	2	5	0.000000
3814	2	2	46.695000
3815	0	0	0.000000
