StartTime	2015/10/21 05:58:26
FinishTime	2015/10/21 05:59:18
ElapsedTime	52.000000
/home/daisuke/git/ReinforcementLearning/log/EV3LineTracer_20151021020428_10Setting_20151021020429.log
0	1.000000
1	0.125000	0.125000	0.125000	0.625000
2	0.583333	0.083333	0.083333	0.083333	0.083333	0.083333
3	0.125000	0.125000	0.125000	0.625000
4	0.125000	0.625000	0.125000	0.125000
5	0.625000	0.125000	0.125000	0.125000
6	0.125000	0.125000	0.125000	0.625000
4066
0	1	3	0.000000
1	1	2	0.000000
2	1	3	0.000000
3	1	0	0.000000
4	1	3	0.000000
5	1	3	0.000000
6	1	0	0.000000
7	1	0	0.000000
8	1	3	0.000000
9	1	2	0.000000
10	2	0	0.000000
11	2	0	0.000000
12	1	1	0.000000
13	1	1	0.000000
14	1	3	0.000000
15	1	2	0.000000
16	2	0	0.000000
17	2	2	0.000000
18	2	1	0.000000
19	2	0	0.000000
20	2	0	0.000000
21	2	0	0.000000
22	2	0	0.000000
23	2	0	0.000000
24	2	0	0.000000
25	2	0	0.000000
26	2	2	0.000000
27	2	0	0.000000
28	2	2	0.000000
29	2	0	0.000000
30	2	0	0.000000
31	2	0	0.000000
32	2	0	0.000000
33	2	0	0.000000
34	2	0	0.000000
35	2	4	0.000000
36	3	3	0.000000
37	3	2	0.000000
38	3	3	0.000000
39	3	3	0.000000
40	3	1	0.000000
41	3	1	0.000000
42	3	3	0.000000
43	4	0	0.000000
44	4	1	0.000000
45	4	1	0.000000
46	4	1	0.000000
47	4	3	0.000000
48	4	1	0.000000
49	4	1	0.000000
50	4	1	0.000000
51	3	3	0.000000
52	3	3	0.000000
53	3	3	0.000000
54	3	3	0.000000
55	3	3	0.000000
56	3	3	0.000000
57	3	3	0.000000
58	3	1	0.000000
59	3	3	0.000000
60	3	0	0.000000
61	2	0	0.000000
62	2	0	0.000000
63	2	3	0.000000
64	1	3	0.000000
65	1	2	0.000000
66	1	3	0.000000
67	1	0	0.000000
68	2	0	0.000000
69	2	0	0.000000
70	2	0	0.000000
71	2	5	0.000000
72	1	1	0.000000
73	1	3	0.000000
74	1	3	0.000000
75	1	0	0.000000
76	1	3	0.000000
77	1	0	0.000000
78	1	3	0.000000
79	1	3	0.000000
80	1	3	0.000000
81	1	3	0.000000
82	1	0	0.000000
83	1	3	0.000000
84	1	2	0.000000
85	2	0	0.000000
86	2	4	0.000000
87	2	1	0.000000
88	2	0	0.000000
89	2	0	0.000000
90	2	4	0.000000
91	2	0	0.000000
92	2	0	0.000000
93	3	1	0.000000
94	3	3	0.000000
95	3	0	0.000000
96	3	1	0.000000
97	3	3	0.000000
98	3	3	0.000000
99	3	3	0.000000
100	3	2	0.000000
101	3	3	0.000000
102	3	3	0.000000
103	3	0	0.000000
104	3	2	0.000000
105	3	3	0.000000
106	3	0	0.000000
107	2	5	0.000000
108	2	0	0.000000
109	2	3	0.000000
110	2	5	0.000000
111	2	4	0.000000
112	2	0	0.000000
113	2	0	0.000000
114	2	2	0.000000
115	2	3	0.000000
116	1	3	0.000000
117	1	3	0.000000
118	1	0	0.000000
119	1	1	0.000000
120	2	1	0.000000
121	2	0	0.000000
122	2	0	0.000000
123	2	1	0.000000
124	2	0	0.000000
125	2	0	0.000000
126	2	3	0.000000
127	2	5	0.000000
128	2	0	0.000000
129	2	4	0.000000
130	2	0	0.000000
131	2	4	0.000000
132	2	0	0.000000
133	2	2	0.000000
134	2	2	0.000000
135	2	0	0.000000
136	2	5	0.000000
137	2	5	0.000000
138	2	5	0.000000
139	2	0	0.000000
140	2	1	0.000000
141	2	3	0.000000
142	2	2	0.000000
143	2	0	0.000000
144	2	0	0.000000
145	2	0	0.000000
146	2	2	0.000000
147	2	0	0.000000
148	2	0	0.000000
149	2	0	0.000000
150	2	5	0.000000
151	2	2	0.000000
152	2	0	0.000000
153	3	3	0.000000
154	3	2	0.000000
155	2	0	0.000000
156	3	1	0.000000
157	3	3	0.000000
158	3	0	0.000000
159	3	3	0.000000
160	2	0	0.000000
161	2	0	0.000000
162	2	4	0.000000
163	2	0	0.000000
164	2	3	0.000000
165	2	2	0.000000
166	2	0	0.000000
167	2	0	0.000000
168	2	3	0.000000
169	2	0	0.000000
170	2	3	0.000000
171	2	0	0.000000
172	2	0	0.000000
173	2	1	0.000000
174	2	4	0.000000
175	2	0	0.000000
176	3	3	0.000000
177	3	1	0.000000
178	3	3	0.000000
179	3	3	0.000000
180	3	3	0.000000
181	3	3	0.000000
182	3	3	0.000000
183	3	1	0.000000
184	3	2	0.000000
185	3	3	0.000000
186	3	3	0.000000
187	3	0	0.000000
188	2	3	0.000000
189	2	0	0.000000
190	2	0	0.000000
191	2	5	0.000000
192	2	1	0.000000
193	2	1	0.000000
194	2	0	0.000000
195	2	0	0.000000
196	2	0	0.000000
197	2	5	0.000000
198	2	0	0.000000
199	2	2	0.000000
200	2	0	0.000000
201	2	1	0.000000
202	2	0	0.000000
203	2	4	0.000000
204	2	0	0.000000
205	2	2	0.000000
206	2	4	0.000000
207	2	0	0.000000
208	2	0	0.000000
209	2	2	0.000000
210	3	0	0.000000
211	2	3	0.000000
212	3	0	0.000000
213	3	3	0.000000
214	3	3	0.000000
215	3	3	0.000000
216	3	3	0.000000
217	3	3	0.000000
218	3	3	0.000000
219	3	3	0.000000
220	3	2	0.000000
221	3	2	0.000000
222	2	1	0.000000
223	2	0	0.000000
224	2	3	0.000000
225	2	0	0.000000
226	2	0	0.000000
227	1	3	0.000000
228	1	3	0.000000
229	1	3	0.000000
230	1	3	0.000000
231	1	0	0.000000
232	1	3	0.000000
233	1	3	0.000000
234	1	0	0.000000
235	1	3	0.000000
236	2	2	0.000000
237	2	0	0.000000
238	2	0	0.000000
239	2	0	0.000000
240	2	0	0.000000
241	3	3	0.000000
242	3	3	0.000000
243	3	2	0.000000
244	3	3	0.000000
245	3	3	0.000000
246	3	2	0.000000
247	3	3	0.000000
248	3	3	0.000000
249	3	3	0.000000
250	3	2	0.000000
251	3	2	0.000000
252	3	3	0.000000
253	2	0	0.000000
254	2	0	0.000000
255	2	0	0.000000
256	2	2	0.000000
257	2	0	0.000000
258	2	0	0.000000
259	2	3	0.000000
260	1	3	0.000000
261	1	3	0.000000
262	1	3	0.000000
263	1	3	0.000000
264	1	3	0.000000
265	1	2	0.000000
266	1	3	0.000000
267	1	3	0.000000
268	1	3	0.000000
269	2	0	0.000000
270	2	0	0.000000
271	3	3	0.000000
272	3	3	0.000000
273	3	3	0.000000
274	3	3	0.000000
275	3	3	0.000000
276	3	0	0.000000
277	4	1	0.000000
278	4	1	0.000000
279	4	2	0.000000
280	4	3	0.000000
281	4	0	0.000000
282	3	0	0.000000
283	3	3	0.000000
284	3	3	0.000000
285	2	1	0.000000
286	2	0	0.000000
287	2	2	0.000000
288	2	0	0.000000
289	1	3	0.000000
290	1	1	0.000000
291	1	2	0.000000
292	1	3	0.000000
293	1	3	0.000000
294	2	2	0.000000
295	2	2	0.000000
296	2	5	0.000000
297	2	0	0.000000
298	2	4	0.000000
299	2	0	0.000000
300	2	1	0.000000
301	2	2	0.000000
302	2	0	0.000000
303	2	0	0.000000
304	1	3	0.000000
305	1	3	0.000000
306	2	3	0.000000
307	2	0	0.000000
308	2	4	0.000000
309	2	0	0.000000
310	2	0	0.000000
311	2	0	0.000000
312	2	0	0.000000
313	2	0	0.000000
314	2	5	0.000000
315	2	0	0.000000
316	2	0	0.000000
317	2	0	0.000000
318	2	1	0.000000
319	2	5	0.000000
320	2	2	0.000000
321	2	0	0.000000
322	2	0	0.000000
323	2	0	0.000000
324	2	0	0.000000
325	2	0	0.000000
326	2	4	0.000000
327	2	0	0.000000
328	3	2	0.000000
329	3	3	0.000000
330	3	2	0.000000
331	3	3	0.000000
332	3	3	0.000000
333	3	3	0.000000
334	3	0	0.000000
335	3	0	0.000000
336	3	2	0.000000
337	3	2	0.000000
338	3	3	0.000000
339	3	0	0.000000
340	3	3	0.000000
341	3	3	0.000000
342	3	2	0.000000
343	2	0	0.000000
344	2	3	0.000000
345	3	3	0.000000
346	2	0	0.000000
347	2	0	0.000000
348	2	0	0.000000
349	2	1	0.000000
350	2	0	0.000000
351	3	3	0.000000
352	3	3	0.000000
353	3	3	0.000000
354	4	2	0.000000
355	4	1	0.000000
356	4	0	0.000000
357	4	1	0.000000
358	4	1	0.000000
359	4	0	0.000000
360	4	3	0.000000
361	3	3	0.000000
362	3	1	0.000000
363	3	3	0.000000
364	3	3	0.000000
365	3	3	0.000000
366	3	0	0.000000
367	3	1	0.000000
368	3	2	0.000000
369	3	3	0.000000
370	2	3	0.000000
371	2	0	0.000000
372	2	0	0.000000
373	2	0	0.000000
374	2	0	0.000000
375	2	3	0.000000
376	2	0	0.000000
377	1	3	0.000000
378	1	3	0.000000
379	1	3	0.000000
380	1	3	0.000000
381	2	0	0.000000
382	2	5	0.000000
383	2	0	0.000000
384	3	3	0.000000
385	3	3	0.000000
386	3	3	0.000000
387	3	0	0.000000
388	4	0	0.000000
389	4	0	0.000000
390	4	0	0.000000
391	4	1	0.000000
392	4	3	0.000000
393	4	1	0.000000
394	4	2	0.000000
395	3	3	0.000000
396	3	2	0.000000
397	3	2	0.000000
398	3	3	0.000000
399	3	2	0.000000
400	2	0	0.000000
401	2	1	0.000000
402	2	2	0.000000
403	2	0	0.000000
404	2	1	0.000000
405	2	0	0.000000
406	2	1	0.000000
407	2	4	0.000000
408	1	3	0.000000
409	1	3	0.000000
410	1	2	0.000000
411	2	1	0.000000
412	2	1	0.000000
413	2	0	0.000000
414	2	2	0.000000
415	2	0	0.000000
416	2	2	0.000000
417	3	3	0.000000
418	3	3	0.000000
419	4	1	0.000000
420	4	1	0.000000
421	4	1	0.000000
422	4	1	0.000000
423	3	0	0.000000
424	3	3	0.000000
425	3	2	0.000000
426	3	3	0.000000
427	2	5	0.000000
428	2	4	0.000000
429	2	0	0.000000
430	2	5	0.000000
431	2	0	0.000000
432	2	0	0.000000
433	1	0	0.000000
434	1	0	0.000000
435	1	3	0.000000
436	1	3	0.000000
437	1	3	0.000000
438	2	0	0.000000
439	2	3	0.000000
440	1	1	0.000000
441	1	2	0.000000
442	2	1	0.000000
443	2	0	0.000000
444	2	0	0.000000
445	2	5	0.000000
446	2	4	0.000000
447	2	4	0.000000
448	2	0	0.000000
449	3	3	0.000000
450	3	3	0.000000
451	4	1	0.000000
452	4	1	0.000000
453	4	2	0.000000
454	3	3	0.000000
455	3	1	0.000000
456	3	3	0.000000
457	3	3	0.000000
458	3	3	0.000000
459	3	3	0.000000
460	2	0	0.000000
461	2	0	0.000000
462	2	0	0.000000
463	2	0	0.000000
464	2	0	0.000000
465	2	0	0.000000
466	2	0	0.000000
467	2	4	0.000000
468	2	0	0.000000
469	2	2	0.000000
470	2	2	0.000000
471	2	2	0.000000
472	2	2	0.000000
473	2	0	0.000000
474	2	0	0.000000
475	2	0	0.000000
476	2	0	0.000000
477	2	0	0.000000
478	2	0	0.000000
479	2	5	0.000000
480	2	0	0.000000
481	2	1	0.000000
482	2	0	0.000000
483	2	0	0.000000
484	2	0	0.000000
485	2	0	0.000000
486	2	3	0.000000
487	2	1	0.000000
488	2	3	0.000000
489	2	4	0.000000
490	2	4	0.000000
491	2	1	0.000000
492	3	3	0.000000
493	3	3	0.000000
494	3	3	0.000000
495	3	3	0.000000
496	3	1	0.000000
497	4	1	0.000000
498	4	1	0.000000
499	4	3	0.000000
500	4	1	0.000000
501	3	3	0.000000
502	3	0	0.000000
503	3	3	0.000000
504	3	3	0.000000
505	3	3	0.000000
506	3	3	0.000000
507	3	3	0.000000
508	3	3	0.000000
509	2	2	0.000000
510	2	0	0.000000
511	2	0	0.000000
512	2	2	0.000000
513	2	0	0.000000
514	2	0	0.000000
515	2	0	0.000000
516	2	2	0.000000
517	2	0	0.000000
518	2	0	0.000000
519	2	0	0.000000
520	2	0	0.000000
521	2	5	0.000000
522	2	0	0.000000
523	2	0	0.000000
524	2	5	0.000000
525	2	3	0.000000
526	2	1	0.000000
527	2	1	0.000000
528	2	0	0.000000
529	2	0	0.000000
530	2	0	0.000000
531	2	4	0.000000
532	2	0	0.000000
533	2	5	0.000000
534	2	1	0.000000
535	3	2	0.000000
536	3	3	0.000000
537	3	1	0.000000
538	3	1	0.000000
539	3	3	0.000000
540	4	1	0.000000
541	4	0	0.000000
542	4	1	0.000000
543	4	3	0.000000
544	4	1	0.000000
545	4	1	0.000000
546	4	1	0.000000
547	4	1	0.000000
548	4	1	0.000000
549	4	0	0.000000
550	4	1	0.000000
551	4	1	0.000000
552	4	1	0.000000
553	4	3	0.000000
554	4	0	0.000000
555	4	3	0.000000
556	4	1	0.000000
557	4	1	0.000000
558	4	3	0.000000
559	4	1	0.000000
560	4	1	0.000000
561	4	3	0.000000
562	4	1	0.000000
563	4	1	0.000000
564	4	1	0.000000
565	4	2	0.000000
566	4	1	0.000000
567	4	1	0.000000
568	4	2	0.000000
569	4	1	0.000000
570	3	3	0.000000
571	3	3	0.000000
572	3	3	0.000000
573	3	3	0.000000
574	3	3	0.000000
575	3	2	0.000000
576	3	3	0.000000
577	3	3	0.000000
578	3	3	0.000000
579	3	3	0.000000
580	3	3	0.000000
581	3	1	0.000000
582	3	3	0.000000
583	3	3	0.000000
584	3	3	0.000000
585	2	0	0.000000
586	2	0	0.000000
587	2	0	0.000000
588	2	0	0.000000
589	1	1	0.000000
590	1	3	0.000000
591	1	2	0.000000
592	1	3	0.000000
593	1	3	0.000000
594	1	3	0.000000
595	1	3	0.000000
596	1	3	0.000000
597	1	1	0.000000
598	1	2	0.000000
599	2	0	0.000000
600	2	0	0.000000
601	2	3	0.000000
602	2	0	0.000000
603	2	5	0.000000
604	3	3	0.000000
605	3	3	0.000000
606	3	3	0.000000
607	3	3	0.000000
608	3	3	0.000000
609	3	3	0.000000
610	3	3	0.000000
611	3	0	0.000000
612	3	3	0.000000
613	3	0	0.000000
614	3	3	0.000000
615	3	0	0.000000
616	3	3	0.000000
617	3	3	0.000000
618	3	3	0.000000
619	3	3	0.000000
620	3	3	0.000000
621	3	3	0.000000
622	3	0	0.000000
623	3	1	0.000000
624	3	3	0.000000
625	3	3	0.000000
626	3	3	0.000000
627	3	3	0.000000
628	3	1	0.000000
629	3	3	0.000000
630	3	0	0.000000
631	3	1	0.000000
632	3	1	0.000000
633	3	3	0.000000
634	3	3	0.000000
635	3	0	0.000000
636	2	5	0.000000
637	3	3	0.000000
638	2	1	0.000000
639	2	0	0.000000
640	2	0	0.000000
641	2	0	0.000000
642	2	0	0.000000
643	2	1	0.000000
644	2	2	0.000000
645	2	0	0.000000
646	2	0	0.000000
647	2	1	0.000000
648	2	0	0.000000
649	2	0	0.000000
650	2	2	0.000000
651	2	0	0.000000
652	2	5	0.000000
653	2	3	0.000000
654	2	5	0.000000
655	2	0	0.000000
656	2	0	0.000000
657	2	5	0.000000
658	2	5	0.000000
659	2	2	0.000000
660	2	2	0.000000
661	2	0	0.000000
662	3	3	0.000000
663	3	3	0.000000
664	3	1	0.000000
665	3	3	0.000000
666	3	1	0.000000
667	3	3	0.000000
668	3	3	0.000000
669	3	1	0.000000
670	3	3	0.000000
671	3	3	0.000000
672	2	0	0.000000
673	3	3	0.000000
674	3	2	0.000000
675	3	1	0.000000
676	2	4	0.000000
677	2	0	0.000000
678	2	0	0.000000
679	2	0	0.000000
680	2	0	0.000000
681	2	2	0.000000
682	2	0	0.000000
683	2	0	0.000000
684	2	3	0.000000
685	2	0	0.000000
686	3	3	0.000000
687	3	3	0.000000
688	3	3	0.000000
689	3	3	0.000000
690	3	3	0.000000
691	3	0	0.000000
692	3	1	0.000000
693	3	3	0.000000
694	3	3	0.000000
695	3	0	0.000000
696	3	3	0.000000
697	3	1	0.000000
698	3	3	0.000000
699	2	2	0.000000
700	3	3	0.000000
701	3	3	0.000000
702	3	3	0.000000
703	3	2	0.000000
704	3	2	0.000000
705	3	3	0.000000
706	3	3	0.000000
707	3	3	0.000000
708	2	5	0.000000
709	2	0	0.000000
710	2	0	0.000000
711	2	0	0.000000
712	2	1	0.000000
713	2	0	0.000000
714	2	1	0.000000
715	2	0	0.000000
716	2	0	0.000000
717	2	0	0.000000
718	2	0	0.000000
719	2	0	0.000000
720	2	4	0.000000
721	2	0	0.000000
722	2	0	0.000000
723	2	0	0.000000
724	2	0	0.000000
725	2	3	0.000000
726	2	2	0.000000
727	2	0	0.000000
728	2	0	0.000000
729	2	4	0.000000
730	2	1	0.000000
731	3	3	0.000000
732	3	3	0.000000
733	3	0	0.000000
734	3	3	0.000000
735	3	3	0.000000
736	3	3	0.000000
737	3	3	0.000000
738	3	3	0.000000
739	3	3	0.000000
740	3	3	0.000000
741	3	3	0.000000
742	3	3	0.000000
743	3	2	0.000000
744	3	2	0.000000
745	3	3	0.000000
746	3	3	0.000000
747	3	3	0.000000
748	3	0	0.000000
749	2	0	0.000000
750	3	3	0.000000
751	3	1	0.000000
752	3	3	0.000000
753	3	3	0.000000
754	3	3	0.000000
755	2	1	0.000000
756	2	0	0.000000
757	2	5	0.000000
758	2	0	0.000000
759	2	1	0.000000
760	2	2	0.000000
761	2	1	0.000000
762	2	0	0.000000
763	2	0	0.000000
764	2	0	0.000000
765	2	0	0.000000
766	2	0	0.000000
767	2	0	0.000000
768	2	0	0.000000
769	2	4	0.000000
770	2	1	0.000000
771	2	0	0.000000
772	2	0	0.000000
773	2	4	0.000000
774	2	3	0.000000
775	2	0	0.000000
776	2	1	0.000000
777	2	0	0.000000
778	2	0	0.000000
779	2	0	0.000000
780	2	0	0.000000
781	3	3	0.000000
782	3	2	0.000000
783	3	3	0.000000
784	3	3	0.000000
785	3	3	0.000000
786	3	2	0.000000
787	3	2	0.000000
788	3	3	0.000000
789	3	3	0.000000
790	3	3	0.000000
791	3	3	0.000000
792	3	0	0.000000
793	3	3	0.000000
794	2	0	0.000000
795	2	0	0.000000
796	2	2	0.000000
797	2	0	0.000000
798	2	2	0.000000
799	2	4	0.000000
800	2	2	0.000000
801	2	0	0.000000
802	2	2	0.000000
803	2	4	0.000000
804	2	3	0.000000
805	3	0	0.000000
806	3	3	0.000000
807	3	3	0.000000
808	2	2	0.000000
809	2	0	0.000000
810	2	5	0.000000
811	2	0	0.000000
812	2	1	0.000000
813	2	0	0.000000
814	2	0	0.000000
815	2	4	0.000000
816	2	0	0.000000
817	2	0	0.000000
818	3	3	0.000000
819	3	1	0.000000
820	3	3	0.000000
821	3	3	0.000000
822	3	3	0.000000
823	3	3	0.000000
824	3	1	0.000000
825	3	2	0.000000
826	3	0	0.000000
827	3	2	0.000000
828	3	3	0.000000
829	3	1	0.000000
830	3	2	0.000000
831	3	3	0.000000
832	3	0	0.000000
833	3	2	0.000000
834	3	3	0.000000
835	3	3	0.000000
836	3	3	0.000000
837	3	3	0.000000
838	3	3	0.000000
839	3	0	0.000000
840	3	1	0.000000
841	3	3	0.000000
842	3	1	0.000000
843	3	1	0.000000
844	3	0	0.000000
845	3	3	0.000000
846	3	3	0.000000
847	3	3	0.000000
848	3	3	0.000000
849	3	3	0.000000
850	3	2	0.000000
851	4	1	0.000000
852	3	3	0.000000
853	3	3	0.000000
854	3	3	0.000000
855	3	3	0.000000
856	3	3	0.000000
857	3	3	0.000000
858	3	3	0.000000
859	3	0	0.000000
860	3	3	0.000000
861	3	2	0.000000
862	3	1	0.000000
863	3	3	0.000000
864	3	0	0.000000
865	3	3	0.000000
866	3	3	0.000000
867	3	1	0.000000
868	3	3	0.000000
869	3	3	0.000000
870	3	3	0.000000
871	3	3	0.000000
872	3	2	0.000000
873	3	0	0.000000
874	3	2	0.000000
875	3	0	0.000000
876	3	3	0.000000
877	2	3	0.000000
878	2	4	0.000000
879	2	0	0.000000
880	2	0	0.000000
881	2	5	0.000000
882	2	0	0.000000
883	2	4	0.000000
884	2	5	0.000000
885	2	0	0.000000
886	2	2	0.000000
887	3	3	0.000000
888	3	3	0.000000
889	3	2	0.000000
890	3	3	0.000000
891	2	0	0.000000
892	2	2	0.000000
893	2	0	0.000000
894	2	0	0.000000
895	2	0	0.000000
896	2	0	0.000000
897	2	0	0.000000
898	2	1	0.000000
899	2	1	0.000000
900	2	0	0.000000
901	2	0	0.000000
902	2	0	0.000000
903	2	2	0.000000
904	2	1	0.000000
905	2	0	0.000000
906	2	0	0.000000
907	2	1	0.000000
908	3	3	0.000000
909	3	3	0.000000
910	3	3	0.000000
911	3	1	0.000000
912	3	1	0.000000
913	3	3	0.000000
914	3	1	0.000000
915	3	3	0.000000
916	3	3	0.000000
917	3	3	0.000000
918	2	0	0.000000
919	2	3	0.000000
920	2	0	0.000000
921	2	0	0.000000
922	2	0	0.000000
923	2	0	0.000000
924	2	0	0.000000
925	2	5	0.000000
926	2	0	0.000000
927	2	0	0.000000
928	2	0	0.000000
929	2	0	0.000000
930	2	0	0.000000
931	2	0	0.000000
932	3	2	0.000000
933	3	2	0.000000
934	3	3	0.000000
935	3	3	0.000000
936	3	3	0.000000
937	3	0	0.000000
938	3	3	0.000000
939	3	3	0.000000
940	3	3	0.000000
941	3	3	0.000000
942	3	1	0.000000
943	3	3	0.000000
944	3	3	0.000000
945	2	0	0.000000
946	2	1	0.000000
947	2	3	0.000000
948	2	5	0.000000
949	2	5	0.000000
950	2	3	0.000000
951	2	0	0.000000
952	2	3	0.000000
953	2	3	0.000000
954	2	3	0.000000
955	2	0	0.000000
956	2	0	0.000000
957	2	0	0.000000
958	2	0	0.000000
959	2	0	0.000000
960	2	2	0.000000
961	2	1	0.000000
962	2	0	0.000000
963	2	0	0.000000
964	2	2	0.000000
965	3	3	0.000000
966	3	3	0.000000
967	3	2	0.000000
968	3	2	0.000000
969	3	1	0.000000
970	3	3	0.000000
971	3	3	0.000000
972	3	0	0.000000
973	3	3	0.000000
974	3	3	0.000000
975	3	3	0.000000
976	2	0	0.000000
977	2	0	0.000000
978	2	4	0.000000
979	2	4	0.000000
980	2	0	0.000000
981	2	0	0.000000
982	2	0	0.000000
983	2	0	0.000000
984	2	2	0.000000
985	2	1	0.000000
986	2	0	0.000000
987	2	5	0.000000
988	2	0	0.000000
989	2	5	0.000000
990	2	0	0.000000
991	2	0	0.000000
992	2	3	0.000000
993	2	5	0.000000
994	2	0	0.000000
995	2	5	0.000000
996	2	0	0.000000
997	2	1	0.000000
998	2	0	0.000000
999	2	3	0.000000
1000	3	3	0.000000
1001	3	3	0.000000
1002	3	3	0.000000
1003	3	3	0.000000
1004	3	3	0.000000
1005	3	3	0.000000
1006	3	3	0.000000
1007	3	1	0.000000
1008	3	3	0.000000
1009	3	0	0.000000
1010	3	3	0.000000
1011	3	3	0.000000
1012	3	3	0.000000
1013	3	3	0.000000
1014	3	0	0.000000
1015	2	4	0.000000
1016	2	1	0.000000
1017	2	0	0.000000
1018	2	3	0.000000
1019	2	0	0.000000
1020	2	1	0.000000
1021	2	4	0.000000
1022	2	5	0.000000
1023	2	0	0.000000
1024	2	2	0.000000
1025	2	1	0.000000
1026	2	3	0.000000
1027	2	3	0.000000
1028	2	0	0.000000
1029	2	0	0.000000
1030	2	0	0.000000
1031	2	4	0.000000
1032	2	0	0.000000
1033	2	4	0.000000
1034	2	1	0.000000
1035	2	0	0.000000
1036	2	1	0.000000
1037	2	0	0.000000
1038	2	4	0.000000
1039	3	3	0.000000
1040	3	3	0.000000
1041	3	3	0.000000
1042	3	2	0.000000
1043	3	1	0.000000
1044	3	3	0.000000
1045	3	3	0.000000
1046	3	2	0.000000
1047	3	3	0.000000
1048	2	4	0.000000
1049	2	0	0.000000
1050	2	0	0.000000
1051	2	0	0.000000
1052	2	0	0.000000
1053	2	2	0.000000
1054	2	3	0.000000
1055	2	0	0.000000
1056	2	0	0.000000
1057	2	0	0.000000
1058	2	0	0.000000
1059	2	0	0.000000
1060	2	0	0.000000
1061	2	0	0.000000
1062	2	0	0.000000
1063	2	0	0.000000
1064	2	0	0.000000
1065	2	0	0.000000
1066	2	0	0.000000
1067	3	3	0.000000
1068	2	0	0.000000
1069	3	2	0.000000
1070	3	3	0.000000
1071	3	3	0.000000
1072	3	1	0.000000
1073	3	2	0.000000
1074	3	0	0.000000
1075	3	0	0.000000
1076	3	3	0.000000
1077	3	3	0.000000
1078	3	3	0.000000
1079	3	3	0.000000
1080	3	0	0.000000
1081	3	3	0.000000
1082	3	2	0.000000
1083	2	2	0.000000
1084	2	0	0.000000
1085	2	0	0.000000
1086	2	1	0.000000
1087	2	0	0.000000
1088	1	0	0.000000
1089	1	0	0.000000
1090	1	3	0.000000
1091	1	0	0.000000
1092	1	1	0.000000
1093	2	0	0.000000
1094	2	4	0.000000
1095	2	4	0.000000
1096	2	1	0.000000
1097	2	0	0.000000
1098	2	0	0.000000
1099	3	3	0.000000
1100	3	1	0.000000
1101	3	0	0.000000
1102	3	3	0.000000
1103	3	3	0.000000
1104	3	3	0.000000
1105	3	0	0.000000
1106	3	1	0.000000
1107	3	1	0.000000
1108	3	1	0.000000
1109	3	3	0.000000
1110	3	3	0.000000
1111	3	3	0.000000
1112	3	2	0.000000
1113	3	3	0.000000
1114	3	3	0.000000
1115	3	3	0.000000
1116	3	1	0.000000
1117	3	3	0.000000
1118	3	3	0.000000
1119	3	3	0.000000
1120	3	0	0.000000
1121	3	0	0.000000
1122	4	0	0.000000
1123	4	1	0.000000
1124	4	2	0.000000
1125	4	3	0.000000
1126	4	1	0.000000
1127	4	1	0.000000
1128	4	1	0.000000
1129	3	1	0.000000
1130	3	3	0.000000
1131	3	3	0.000000
1132	3	3	0.000000
1133	3	1	0.000000
1134	3	0	0.000000
1135	3	1	0.000000
1136	3	3	0.000000
1137	3	3	0.000000
1138	3	3	0.000000
1139	3	3	0.000000
1140	3	2	0.000000
1141	3	1	0.000000
1142	3	3	0.000000
1143	3	3	0.000000
1144	3	1	0.000000
1145	3	0	0.000000
1146	3	3	0.000000
1147	3	3	0.000000
1148	3	3	0.000000
1149	3	3	0.000000
1150	3	3	0.000000
1151	3	1	0.000000
1152	3	3	0.000000
1153	3	3	0.000000
1154	3	0	0.000000
1155	2	0	0.000000
1156	2	4	0.000000
1157	2	0	0.000000
1158	2	0	0.000000
1159	2	0	0.000000
1160	2	5	0.000000
1161	2	5	0.000000
1162	2	0	0.000000
1163	2	4	0.000000
1164	2	0	0.000000
1165	2	2	0.000000
1166	2	5	0.000000
1167	2	2	0.000000
1168	2	0	0.000000
1169	2	0	0.000000
1170	2	2	0.000000
1171	2	0	0.000000
1172	2	0	0.000000
1173	2	4	0.000000
1174	2	0	0.000000
1175	2	0	0.000000
1176	2	4	0.000000
1177	2	0	0.000000
1178	2	1	0.000000
1179	2	0	0.000000
1180	2	2	0.000000
1181	2	0	0.000000
1182	2	5	0.000000
1183	3	3	0.000000
1184	3	0	0.000000
1185	3	1	0.000000
1186	3	3	0.000000
1187	3	3	0.000000
1188	3	0	0.000000
1189	3	3	0.000000
1190	3	3	0.000000
1191	3	3	0.000000
1192	3	3	0.000000
1193	3	3	0.000000
1194	2	4	0.000000
1195	2	0	0.000000
1196	2	4	0.000000
1197	2	0	0.000000
1198	2	0	0.000000
1199	2	2	0.000000
1200	2	0	0.000000
1201	2	0	0.000000
1202	2	0	0.000000
1203	2	4	0.000000
1204	2	0	0.000000
1205	2	3	0.000000
1206	2	0	0.000000
1207	2	0	0.000000
1208	2	0	0.000000
1209	2	4	0.000000
1210	2	0	0.000000
1211	2	0	0.000000
1212	2	0	0.000000
1213	2	3	0.000000
1214	2	2	0.000000
1215	3	0	0.000000
1216	3	2	0.000000
1217	3	3	0.000000
1218	3	3	0.000000
1219	3	3	0.000000
1220	3	0	0.000000
1221	3	3	0.000000
1222	3	3	0.000000
1223	3	3	0.000000
1224	3	3	0.000000
1225	3	1	0.000000
1226	3	0	0.000000
1227	3	3	0.000000
1228	3	0	0.000000
1229	3	3	0.000000
1230	2	0	0.000000
1231	2	0	0.000000
1232	2	1	0.000000
1233	2	0	0.000000
1234	2	0	0.000000
1235	3	2	0.000000
1236	3	1	0.000000
1237	2	0	0.000000
1238	2	0	0.000000
1239	3	2	0.000000
1240	3	3	0.000000
1241	3	3	0.000000
1242	3	1	0.000000
1243	3	3	0.000000
1244	3	3	0.000000
1245	2	0	0.000000
1246	2	0	0.000000
1247	2	0	0.000000
1248	2	5	0.000000
1249	2	1	0.000000
1250	2	0	0.000000
1251	2	0	0.000000
1252	1	0	0.000000
1253	1	3	0.000000
1254	1	0	0.000000
1255	2	1	0.000000
1256	2	4	0.000000
1257	2	3	0.000000
1258	2	1	0.000000
1259	2	0	0.000000
1260	2	0	0.000000
1261	2	0	0.000000
1262	2	0	0.000000
1263	2	0	0.000000
1264	3	2	0.000000
1265	3	2	0.000000
1266	3	1	0.000000
1267	3	3	0.000000
1268	3	3	0.000000
1269	4	1	0.000000
1270	4	2	0.000000
1271	4	1	0.000000
1272	4	2	0.000000
1273	4	1	0.000000
1274	4	3	0.000000
1275	4	0	0.000000
1276	4	1	0.000000
1277	4	0	0.000000
1278	4	1	0.000000
1279	4	0	0.000000
1280	4	1	0.000000
1281	4	3	0.000000
1282	4	1	0.000000
1283	4	1	0.000000
1284	4	3	0.000000
1285	4	0	0.000000
1286	4	3	0.000000
1287	4	1	0.000000
1288	4	1	0.000000
1289	4	1	0.000000
1290	4	2	0.000000
1291	4	1	0.000000
1292	4	1	0.000000
1293	4	0	0.000000
1294	4	2	0.000000
1295	4	1	0.000000
1296	4	1	0.000000
1297	4	1	0.000000
1298	4	1	0.000000
1299	4	2	0.000000
1300	4	1	0.000000
1301	4	1	0.000000
1302	4	0	0.000000
1303	4	1	0.000000
1304	4	0	0.000000
1305	4	0	0.000000
1306	4	1	0.000000
1307	4	1	0.000000
1308	4	2	0.000000
1309	4	1	0.000000
1310	4	1	0.000000
1311	4	3	0.000000
1312	4	1	0.000000
1313	4	1	0.000000
1314	4	1	0.000000
1315	4	1	0.000000
1316	4	3	0.000000
1317	4	1	0.000000
1318	4	1	0.000000
1319	4	1	0.000000
1320	4	2	0.000000
1321	4	1	0.000000
1322	4	3	0.000000
1323	4	0	0.000000
1324	4	3	0.000000
1325	4	1	0.000000
1326	3	3	0.000000
1327	3	0	0.000000
1328	3	2	0.000000
1329	3	3	0.000000
1330	3	2	0.000000
1331	3	3	0.000000
1332	3	1	0.000000
1333	3	2	0.000000
1334	3	3	0.000000
1335	3	3	0.000000
1336	3	3	0.000000
1337	3	3	0.000000
1338	3	2	0.000000
1339	3	3	0.000000
1340	3	2	0.000000
1341	3	0	0.000000
1342	3	2	0.000000
1343	3	3	0.000000
1344	3	3	0.000000
1345	3	3	0.000000
1346	3	3	0.000000
1347	2	0	0.000000
1348	3	3	0.000000
1349	3	3	0.000000
1350	2	0	0.000000
1351	2	4	0.000000
1352	2	0	0.000000
1353	2	0	0.000000
1354	2	2	0.000000
1355	2	3	0.000000
1356	2	0	0.000000
1357	2	0	0.000000
1358	2	2	0.000000
1359	2	4	0.000000
1360	2	0	0.000000
1361	2	0	0.000000
1362	2	2	0.000000
1363	3	1	0.000000
1364	3	1	0.000000
1365	3	3	0.000000
1366	3	2	0.000000
1367	2	0	0.000000
1368	2	3	0.000000
1369	2	0	0.000000
1370	2	0	0.000000
1371	2	5	0.000000
1372	2	0	0.000000
1373	2	0	0.000000
1374	2	2	0.000000
1375	2	3	0.000000
1376	3	3	0.000000
1377	3	3	0.000000
1378	3	1	0.000000
1379	3	3	0.000000
1380	3	3	0.000000
1381	3	0	0.000000
1382	3	3	0.000000
1383	3	3	0.000000
1384	3	3	0.000000
1385	3	1	0.000000
1386	3	2	0.000000
1387	3	3	0.000000
1388	3	3	0.000000
1389	3	3	0.000000
1390	2	0	0.000000
1391	2	0	0.000000
1392	2	0	0.000000
1393	2	0	0.000000
1394	2	0	0.000000
1395	2	0	0.000000
1396	2	0	0.000000
1397	2	0	0.000000
1398	2	0	0.000000
1399	2	0	0.000000
1400	2	0	0.000000
1401	3	1	0.000000
1402	2	0	0.000000
1403	3	3	0.000000
1404	3	3	0.000000
1405	3	3	0.000000
1406	2	1	0.000000
1407	2	0	0.000000
1408	2	3	0.000000
1409	3	3	0.000000
1410	3	1	0.000000
1411	3	0	0.000000
1412	3	3	0.000000
1413	3	0	0.000000
1414	3	2	0.000000
1415	3	3	0.000000
1416	3	3	0.000000
1417	3	3	0.000000
1418	3	2	0.000000
1419	3	0	0.000000
1420	3	3	0.000000
1421	3	3	0.000000
1422	3	1	0.000000
1423	3	3	0.000000
1424	3	3	0.000000
1425	3	3	0.000000
1426	3	3	0.000000
1427	3	1	0.000000
1428	3	0	0.000000
1429	3	3	0.000000
1430	3	3	0.000000
1431	3	3	0.000000
1432	3	3	0.000000
1433	4	0	0.000000
1434	4	2	0.000000
1435	4	0	0.000000
1436	4	0	0.000000
1437	4	1	0.000000
1438	4	3	0.000000
1439	4	1	0.000000
1440	4	1	0.000000
1441	4	1	0.000000
1442	4	1	0.000000
1443	4	2	0.000000
1444	4	1	0.000000
1445	4	2	0.000000
1446	4	1	0.000000
1447	4	1	0.000000
1448	4	1	0.000000
1449	4	0	0.000000
1450	4	1	0.000000
1451	4	1	0.000000
1452	4	1	0.000000
1453	4	1	0.000000
1454	4	3	0.000000
1455	4	3	0.000000
1456	4	0	0.000000
1457	4	0	0.000000
1458	4	1	0.000000
1459	4	1	0.000000
1460	4	1	0.000000
1461	4	1	0.000000
1462	4	0	0.000000
1463	4	3	0.000000
1464	4	1	0.000000
1465	4	3	0.000000
1466	4	1	0.000000
1467	4	0	0.000000
1468	4	2	0.000000
1469	4	1	0.000000
1470	4	1	0.000000
1471	4	2	0.000000
1472	4	0	0.000000
1473	4	0	0.000000
1474	4	2	0.000000
1475	4	1	0.000000
1476	4	1	0.000000
1477	4	1	0.000000
1478	4	1	0.000000
1479	4	1	0.000000
1480	4	3	0.000000
1481	4	3	0.000000
1482	4	1	0.000000
1483	4	3	0.000000
1484	4	1	0.000000
1485	4	1	0.000000
1486	4	1	0.000000
1487	3	2	0.000000
1488	3	0	0.000000
1489	3	2	0.000000
1490	3	3	0.000000
1491	3	3	0.000000
1492	3	1	0.000000
1493	3	3	0.000000
1494	3	1	0.000000
1495	3	1	0.000000
1496	3	2	0.000000
1497	3	1	0.000000
1498	3	1	0.000000
1499	3	3	0.000000
1500	3	3	0.000000
1501	3	0	0.000000
1502	3	1	0.000000
1503	3	1	0.000000
1504	3	3	0.000000
1505	3	0	0.000000
1506	3	3	0.000000
1507	3	3	0.000000
1508	3	3	0.000000
1509	3	3	0.000000
1510	2	4	0.000000
1511	2	1	0.000000
1512	2	1	0.000000
1513	2	0	0.000000
1514	2	0	0.000000
1515	2	0	0.000000
1516	2	0	0.000000
1517	2	0	0.000000
1518	2	5	0.000000
1519	2	0	0.000000
1520	2	4	0.000000
1521	2	0	0.000000
1522	2	0	0.000000
1523	2	1	0.000000
1524	2	3	0.000000
1525	2	0	0.000000
1526	2	5	0.000000
1527	2	5	0.000000
1528	2	2	0.000000
1529	2	3	0.000000
1530	2	0	0.000000
1531	2	0	0.000000
1532	2	0	0.000000
1533	2	3	0.000000
1534	2	3	0.000000
1535	2	1	0.000000
1536	2	0	0.000000
1537	2	0	0.000000
1538	2	4	0.000000
1539	2	0	0.000000
1540	2	0	0.000000
1541	3	0	0.000000
1542	3	1	0.000000
1543	3	2	0.000000
1544	3	1	0.000000
1545	3	3	0.000000
1546	3	3	0.000000
1547	3	3	0.000000
1548	3	3	0.000000
1549	3	3	0.000000
1550	3	3	0.000000
1551	3	2	0.000000
1552	3	3	0.000000
1553	3	3	0.000000
1554	3	1	0.000000
1555	3	3	0.000000
1556	3	3	0.000000
1557	3	3	0.000000
1558	2	0	0.000000
1559	2	3	0.000000
1560	2	0	0.000000
1561	2	0	0.000000
1562	1	3	0.000000
1563	1	3	0.000000
1564	1	3	0.000000
1565	1	1	0.000000
1566	1	3	0.000000
1567	1	3	0.000000
1568	1	3	0.000000
1569	1	3	0.000000
1570	1	3	0.000000
1571	1	3	0.000000
1572	1	2	0.000000
1573	1	3	0.000000
1574	1	3	0.000000
1575	1	3	0.000000
1576	1	3	0.000000
1577	1	3	0.000000
1578	1	3	0.000000
1579	1	3	0.000000
1580	1	3	0.000000
1581	1	3	0.000000
1582	1	2	0.000000
1583	1	3	0.000000
1584	1	2	0.000000
1585	1	2	0.000000
1586	1	3	0.000000
1587	1	2	0.000000
1588	1	2	0.000000
1589	1	3	0.000000
1590	1	3	0.000000
1591	1	3	0.000000
1592	1	1	0.000000
1593	1	3	0.000000
1594	1	1	0.000000
1595	1	3	0.000000
1596	1	3	0.000000
1597	1	3	0.000000
1598	1	0	0.000000
1599	2	0	0.000000
1600	2	4	0.000000
1601	1	1	0.000000
1602	1	3	0.000000
1603	1	2	0.000000
1604	1	1	0.000000
1605	1	3	0.000000
1606	1	3	0.000000
1607	1	3	0.000000
1608	1	3	0.000000
1609	1	3	0.000000
1610	1	3	0.000000
1611	1	3	0.000000
1612	1	1	0.000000
1613	1	0	0.000000
1614	1	3	0.000000
1615	1	2	0.000000
1616	1	3	0.000000
1617	1	3	0.000000
1618	1	3	0.000000
1619	1	3	0.000000
1620	1	3	0.000000
1621	1	0	0.000000
1622	1	3	0.000000
1623	1	2	0.000000
1624	1	1	0.000000
1625	1	3	0.000000
1626	1	3	0.000000
1627	1	3	0.000000
1628	1	3	0.000000
1629	1	3	0.000000
1630	1	3	0.000000
1631	1	3	0.000000
1632	1	3	0.000000
1633	1	3	0.000000
1634	1	3	0.000000
1635	1	3	0.000000
1636	1	2	0.000000
1637	1	3	0.000000
1638	1	3	0.000000
1639	1	3	0.000000
1640	1	3	0.000000
1641	1	1	0.000000
1642	1	1	0.000000
1643	1	3	0.000000
1644	1	2	0.000000
1645	1	3	0.000000
1646	1	3	0.000000
1647	1	3	0.000000
1648	1	3	0.000000
1649	1	3	0.000000
1650	1	0	0.000000
1651	1	3	0.000000
1652	1	3	0.000000
1653	1	3	0.000000
1654	1	0	0.000000
1655	1	3	0.000000
1656	2	2	0.000000
1657	2	3	0.000000
1658	1	3	0.000000
1659	1	3	0.000000
1660	1	3	0.000000
1661	1	1	0.000000
1662	1	3	0.000000
1663	1	3	0.000000
1664	1	3	0.000000
1665	1	3	0.000000
1666	1	3	0.000000
1667	1	3	0.000000
1668	1	3	0.000000
1669	1	3	0.000000
1670	1	3	0.000000
1671	1	2	0.000000
1672	1	2	0.000000
1673	1	3	0.000000
1674	1	3	0.000000
1675	1	3	0.000000
1676	1	3	0.000000
1677	1	3	0.000000
1678	1	3	0.000000
1679	1	0	0.000000
1680	1	3	0.000000
1681	1	1	0.000000
1682	1	0	0.000000
1683	1	3	0.000000
1684	1	3	0.000000
1685	1	3	0.000000
1686	1	2	0.000000
1687	1	3	0.000000
1688	1	3	0.000000
1689	1	1	0.000000
1690	1	3	0.000000
1691	1	2	0.000000
1692	1	2	0.000000
1693	1	3	0.000000
1694	1	3	0.000000
1695	1	1	0.000000
1696	1	3	0.000000
1697	1	3	0.000000
1698	1	3	0.000000
1699	1	2	0.000000
1700	1	3	0.000000
1701	1	3	0.000000
1702	1	3	0.000000
1703	1	3	0.000000
1704	1	2	0.000000
1705	1	2	0.000000
1706	1	0	0.000000
1707	1	3	0.000000
1708	1	2	0.000000
1709	1	3	0.000000
1710	1	2	0.000000
1711	1	1	0.000000
1712	1	2	0.000000
1713	1	3	0.000000
1714	1	3	0.000000
1715	1	3	0.000000
1716	1	3	0.000000
1717	1	3	0.000000
1718	1	3	0.000000
1719	1	3	0.000000
1720	1	3	0.000000
1721	1	2	0.000000
1722	1	1	0.000000
1723	1	3	0.000000
1724	1	3	0.000000
1725	1	3	0.000000
1726	1	3	0.000000
1727	1	1	0.000000
1728	1	3	0.000000
1729	1	3	0.000000
1730	1	3	0.000000
1731	1	3	0.000000
1732	1	0	0.000000
1733	1	3	0.000000
1734	1	3	0.000000
1735	1	0	0.000000
1736	1	2	0.000000
1737	1	1	0.000000
1738	1	3	0.000000
1739	1	0	0.000000
1740	1	3	0.000000
1741	1	1	0.000000
1742	1	3	0.000000
1743	1	3	0.000000
1744	1	1	0.000000
1745	1	3	0.000000
1746	1	3	0.000000
1747	1	1	0.000000
1748	1	1	0.000000
1749	1	3	0.000000
1750	1	3	0.000000
1751	1	3	0.000000
1752	1	0	0.000000
1753	1	1	0.000000
1754	1	0	0.000000
1755	1	1	0.000000
1756	1	0	0.000000
1757	1	1	0.000000
1758	1	1	0.000000
1759	1	1	0.000000
1760	1	3	0.000000
1761	1	3	0.000000
1762	1	0	0.000000
1763	1	3	0.000000
1764	1	1	0.000000
1765	1	3	0.000000
1766	1	1	0.000000
1767	1	1	0.000000
1768	1	2	0.000000
1769	1	0	0.000000
1770	1	3	0.000000
1771	2	0	0.000000
1772	2	0	0.000000
1773	2	4	0.000000
1774	2	0	0.000000
1775	2	3	0.000000
1776	2	4	0.000000
1777	3	3	0.000000
1778	3	3	0.000000
1779	3	3	0.000000
1780	3	3	0.000000
1781	3	3	0.000000
1782	3	3	0.000000
1783	3	3	0.000000
1784	3	3	0.000000
1785	3	2	0.000000
1786	3	3	0.000000
1787	3	2	0.000000
1788	3	3	0.000000
1789	3	0	0.000000
1790	3	2	0.000000
1791	3	3	0.000000
1792	3	3	0.000000
1793	3	3	0.000000
1794	3	3	0.000000
1795	3	3	0.000000
1796	3	3	0.000000
1797	3	3	0.000000
1798	3	3	0.000000
1799	3	3	0.000000
1800	3	3	0.000000
1801	3	3	0.000000
1802	3	3	0.000000
1803	3	1	0.000000
1804	3	1	0.000000
1805	3	3	0.000000
1806	3	3	0.000000
1807	3	1	0.000000
1808	3	3	0.000000
1809	2	5	0.000000
1810	3	3	0.000000
1811	2	2	0.000000
1812	2	0	0.000000
1813	2	3	0.000000
1814	2	3	0.000000
1815	2	0	0.000000
1816	2	0	0.000000
1817	2	1	0.000000
1818	2	0	0.000000
1819	2	0	0.000000
1820	2	2	0.000000
1821	2	0	0.000000
1822	2	0	0.000000
1823	2	4	0.000000
1824	2	0	0.000000
1825	2	2	0.000000
1826	2	0	0.000000
1827	2	0	0.000000
1828	2	0	0.000000
1829	2	0	0.000000
1830	2	5	0.000000
1831	2	0	0.000000
1832	2	5	0.000000
1833	2	4	0.000000
1834	3	3	0.000000
1835	3	3	0.000000
1836	3	0	0.000000
1837	3	0	0.000000
1838	3	3	0.000000
1839	3	3	0.000000
1840	3	1	0.000000
1841	3	3	0.000000
1842	3	3	0.000000
1843	3	1	0.000000
1844	3	1	0.000000
1845	3	2	0.000000
1846	3	3	0.000000
1847	3	3	0.000000
1848	3	3	0.000000
1849	3	3	0.000000
1850	3	0	0.000000
1851	3	3	0.000000
1852	3	3	0.000000
1853	3	1	0.000000
1854	3	3	0.000000
1855	3	1	0.000000
1856	3	0	0.000000
1857	3	3	0.000000
1858	2	0	0.000000
1859	2	0	0.000000
1860	2	1	0.000000
1861	2	1	0.000000
1862	2	5	0.000000
1863	2	0	0.000000
1864	2	0	0.000000
1865	2	3	0.000000
1866	2	0	0.000000
1867	2	0	0.000000
1868	2	2	0.000000
1869	2	0	0.000000
1870	2	0	0.000000
1871	2	3	0.000000
1872	2	0	0.000000
1873	2	3	0.000000
1874	2	3	0.000000
1875	2	5	0.000000
1876	2	0	0.000000
1877	2	0	0.000000
1878	2	0	0.000000
1879	2	2	0.000000
1880	2	0	0.000000
1881	3	3	0.000000
1882	3	3	0.000000
1883	3	3	0.000000
1884	3	3	0.000000
1885	3	2	0.000000
1886	3	3	0.000000
1887	3	3	0.000000
1888	3	3	0.000000
1889	3	3	0.000000
1890	3	3	0.000000
1891	3	1	0.000000
1892	3	3	0.000000
1893	3	3	0.000000
1894	3	3	0.000000
1895	3	3	0.000000
1896	3	0	0.000000
1897	3	0	0.000000
1898	3	2	0.000000
1899	3	2	0.000000
1900	3	0	0.000000
1901	3	3	0.000000
1902	3	3	0.000000
1903	3	3	0.000000
1904	4	1	0.000000
1905	4	1	0.000000
1906	4	1	0.000000
1907	4	1	0.000000
1908	4	1	0.000000
1909	4	1	0.000000
1910	4	3	0.000000
1911	3	1	0.000000
1912	4	1	0.000000
1913	3	0	0.000000
1914	3	3	0.000000
1915	3	0	0.000000
1916	3	3	0.000000
1917	3	2	0.000000
1918	3	1	0.000000
1919	3	2	0.000000
1920	3	3	0.000000
1921	3	0	0.000000
1922	3	3	0.000000
1923	3	3	0.000000
1924	3	3	0.000000
1925	3	3	0.000000
1926	4	0	0.000000
1927	4	1	0.000000
1928	4	1	0.000000
1929	4	3	0.000000
1930	4	1	0.000000
1931	3	3	0.000000
1932	3	3	0.000000
1933	4	2	0.000000
1934	4	3	0.000000
1935	4	3	0.000000
1936	4	1	0.000000
1937	4	3	0.000000
1938	4	1	0.000000
1939	4	1	0.000000
1940	3	3	0.000000
1941	4	0	0.000000
1942	3	3	0.000000
1943	3	3	0.000000
1944	3	3	0.000000
1945	3	3	0.000000
1946	4	1	0.000000
1947	4	1	0.000000
1948	4	1	0.000000
1949	4	1	0.000000
1950	4	2	0.000000
1951	4	1	0.000000
1952	3	3	0.000000
1953	3	3	0.000000
1954	3	1	0.000000
1955	3	3	0.000000
1956	4	1	0.000000
1957	4	1	0.000000
1958	4	1	0.000000
1959	4	2	0.000000
1960	4	1	0.000000
1961	4	3	0.000000
1962	4	0	0.000000
1963	4	1	0.000000
1964	4	1	0.000000
1965	4	1	0.000000
1966	4	1	0.000000
1967	4	0	0.000000
1968	4	1	0.000000
1969	4	1	0.000000
1970	4	1	0.000000
1971	4	1	0.000000
1972	4	2	0.000000
1973	4	2	0.000000
1974	4	1	0.000000
1975	4	1	0.000000
1976	4	1	0.000000
1977	4	1	0.000000
1978	4	0	0.000000
1979	4	1	0.000000
1980	4	1	0.000000
1981	4	2	0.000000
1982	4	1	0.000000
1983	4	3	0.000000
1984	4	3	0.000000
1985	4	1	0.000000
1986	4	1	0.000000
1987	4	2	0.000000
1988	4	3	0.000000
1989	4	1	0.000000
1990	4	1	0.000000
1991	4	1	0.000000
1992	4	1	0.000000
1993	4	1	0.000000
1994	4	1	0.000000
1995	3	3	0.000000
1996	4	2	0.000000
1997	3	1	0.000000
1998	4	1	0.000000
1999	4	1	0.000000
2000	4	1	0.000000
2001	4	1	0.000000
2002	4	1	0.000000
2003	4	3	0.000000
2004	4	1	0.000000
2005	4	0	0.000000
2006	4	0	0.000000
2007	4	1	0.000000
2008	4	1	0.000000
2009	4	2	0.000000
2010	4	1	0.000000
2011	4	1	0.000000
2012	4	1	0.000000
2013	4	0	0.000000
2014	4	1	0.000000
2015	4	2	0.000000
2016	4	1	0.000000
2017	4	0	0.000000
2018	4	1	0.000000
2019	4	1	0.000000
2020	4	3	0.000000
2021	4	1	0.000000
2022	4	1	0.000000
2023	4	1	0.000000
2024	4	2	0.000000
2025	4	1	0.000000
2026	4	3	0.000000
2027	4	3	0.000000
2028	4	2	0.000000
2029	4	1	0.000000
2030	4	2	0.000000
2031	4	2	0.000000
2032	4	1	0.000000
2033	4	1	0.000000
2034	4	1	0.000000
2035	4	0	0.000000
2036	4	3	0.000000
2037	4	0	0.000000
2038	4	0	0.000000
2039	4	1	0.000000
2040	4	1	0.000000
2041	4	1	0.000000
2042	4	2	0.000000
2043	4	1	0.000000
2044	4	1	0.000000
2045	4	2	0.000000
2046	4	3	0.000000
2047	4	1	0.000000
2048	4	1	0.000000
2049	4	1	0.000000
2050	3	3	0.000000
2051	3	3	0.000000
2052	3	0	0.000000
2053	3	3	0.000000
2054	3	3	0.000000
2055	3	3	0.000000
2056	3	3	0.000000
2057	3	1	0.000000
2058	3	3	0.000000
2059	3	0	0.000000
2060	3	1	0.000000
2061	3	2	0.000000
2062	3	2	0.000000
2063	3	3	0.000000
2064	2	1	0.000000
2065	2	1	0.000000
2066	2	0	0.000000
2067	2	0	0.000000
2068	2	3	0.000000
2069	1	3	0.000000
2070	1	3	0.000000
2071	1	0	0.000000
2072	1	3	0.000000
2073	1	3	0.000000
2074	2	1	0.000000
2075	2	1	0.000000
2076	1	3	0.000000
2077	1	1	0.000000
2078	2	2	0.000000
2079	2	5	0.000000
2080	2	0	0.000000
2081	2	0	0.000000
2082	2	0	0.000000
2083	2	0	0.000000
2084	2	0	0.000000
2085	2	0	0.000000
2086	2	5	0.000000
2087	2	0	0.000000
2088	2	0	0.000000
2089	2	3	0.000000
2090	2	0	0.000000
2091	2	0	0.000000
2092	2	4	0.000000
2093	2	5	0.000000
2094	3	3	0.000000
2095	3	3	0.000000
2096	3	2	0.000000
2097	3	3	0.000000
2098	3	2	0.000000
2099	3	3	0.000000
2100	3	3	0.000000
2101	3	3	0.000000
2102	3	2	0.000000
2103	3	3	0.000000
2104	3	1	0.000000
2105	3	3	0.000000
2106	2	0	0.000000
2107	2	2	0.000000
2108	2	2	0.000000
2109	2	0	0.000000
2110	2	0	0.000000
2111	1	3	0.000000
2112	1	3	0.000000
2113	1	3	0.000000
2114	1	3	0.000000
2115	1	0	0.000000
2116	1	3	0.000000
2117	1	1	0.000000
2118	1	3	0.000000
2119	1	3	0.000000
2120	1	0	0.000000
2121	1	3	0.000000
2122	1	3	0.000000
2123	2	1	0.000000
2124	2	5	0.000000
2125	2	1	0.000000
2126	2	0	0.000000
2127	2	0	0.000000
2128	2	1	0.000000
2129	2	0	0.000000
2130	3	0	0.000000
2131	3	3	0.000000
2132	3	3	0.000000
2133	3	1	0.000000
2134	3	0	0.000000
2135	3	0	0.000000
2136	3	0	0.000000
2137	3	3	0.000000
2138	3	3	0.000000
2139	2	0	0.000000
2140	2	5	0.000000
2141	2	3	0.000000
2142	2	1	0.000000
2143	2	4	0.000000
2144	2	2	0.000000
2145	2	4	0.000000
2146	2	5	0.000000
2147	2	0	0.000000
2148	2	2	0.000000
2149	2	0	0.000000
2150	2	0	0.000000
2151	2	0	0.000000
2152	2	0	0.000000
2153	2	0	0.000000
2154	2	0	0.000000
2155	2	0	0.000000
2156	1	3	0.000000
2157	1	3	0.000000
2158	1	3	0.000000
2159	1	1	0.000000
2160	2	0	0.000000
2161	2	1	0.000000
2162	2	0	0.000000
2163	2	0	0.000000
2164	2	5	0.000000
2165	2	0	0.000000
2166	2	1	0.000000
2167	2	2	0.000000
2168	2	4	0.000000
2169	2	2	0.000000
2170	2	1	0.000000
2171	2	0	0.000000
2172	2	0	0.000000
2173	2	0	0.000000
2174	2	4	0.000000
2175	2	0	0.000000
2176	2	1	0.000000
2177	2	4	0.000000
2178	2	0	0.000000
2179	2	1	0.000000
2180	2	0	0.000000
2181	2	0	0.000000
2182	2	5	0.000000
2183	3	0	0.000000
2184	3	3	0.000000
2185	3	2	0.000000
2186	3	3	0.000000
2187	3	3	0.000000
2188	3	2	0.000000
2189	3	3	0.000000
2190	3	3	0.000000
2191	3	2	0.000000
2192	3	3	0.000000
2193	3	1	0.000000
2194	2	0	0.000000
2195	2	0	0.000000
2196	2	5	0.000000
2197	2	0	0.000000
2198	2	0	0.000000
2199	2	0	0.000000
2200	2	1	0.000000
2201	1	3	0.000000
2202	1	0	0.000000
2203	1	3	0.000000
2204	2	3	0.000000
2205	2	0	0.000000
2206	2	2	0.000000
2207	2	0	0.000000
2208	2	1	0.000000
2209	2	0	0.000000
2210	2	0	0.000000
2211	2	0	0.000000
2212	2	4	0.000000
2213	2	0	0.000000
2214	2	4	0.000000
2215	2	0	0.000000
2216	2	2	0.000000
2217	2	0	0.000000
2218	2	1	0.000000
2219	2	0	0.000000
2220	3	1	0.000000
2221	3	2	0.000000
2222	3	1	0.000000
2223	3	3	0.000000
2224	3	3	0.000000
2225	3	0	0.000000
2226	3	2	0.000000
2227	3	3	0.000000
2228	3	3	0.000000
2229	3	1	0.000000
2230	3	3	0.000000
2231	3	1	0.000000
2232	3	3	0.000000
2233	2	0	0.000000
2234	2	0	0.000000
2235	2	1	0.000000
2236	2	5	0.000000
2237	2	0	0.000000
2238	2	1	0.000000
2239	2	2	0.000000
2240	1	3	0.000000
2241	1	3	0.000000
2242	1	3	0.000000
2243	1	3	0.000000
2244	1	3	0.000000
2245	1	3	0.000000
2246	1	2	0.000000
2247	1	3	0.000000
2248	1	3	0.000000
2249	1	0	0.000000
2250	1	1	0.000000
2251	1	3	0.000000
2252	2	1	0.000000
2253	2	0	0.000000
2254	2	0	0.000000
2255	2	0	0.000000
2256	2	0	0.000000
2257	2	3	0.000000
2258	2	0	0.000000
2259	2	0	0.000000
2260	2	2	0.000000
2261	2	0	0.000000
2262	2	2	0.000000
2263	3	3	0.000000
2264	3	3	0.000000
2265	3	1	0.000000
2266	3	3	0.000000
2267	3	3	0.000000
2268	3	1	0.000000
2269	3	3	0.000000
2270	3	0	0.000000
2271	3	0	0.000000
2272	3	3	0.000000
2273	2	0	0.000000
2274	2	5	0.000000
2275	2	0	0.000000
2276	2	2	0.000000
2277	2	0	0.000000
2278	2	0	0.000000
2279	2	0	0.000000
2280	2	2	0.000000
2281	2	0	0.000000
2282	2	5	0.000000
2283	2	3	0.000000
2284	2	0	0.000000
2285	2	0	0.000000
2286	2	4	0.000000
2287	2	0	0.000000
2288	2	0	0.000000
2289	2	0	0.000000
2290	2	2	0.000000
2291	2	0	0.000000
2292	2	3	0.000000
2293	2	1	0.000000
2294	2	2	0.000000
2295	2	0	0.000000
2296	2	0	0.000000
2297	2	5	0.000000
2298	2	2	0.000000
2299	2	0	0.000000
2300	2	0	0.000000
2301	2	0	0.000000
2302	3	3	0.000000
2303	3	1	0.000000
2304	3	1	0.000000
2305	3	3	0.000000
2306	3	3	0.000000
2307	3	3	0.000000
2308	3	3	0.000000
2309	3	3	0.000000
2310	3	3	0.000000
2311	2	4	0.000000
2312	2	3	0.000000
2313	2	1	0.000000
2314	2	0	0.000000
2315	2	0	0.000000
2316	2	1	0.000000
2317	2	0	0.000000
2318	2	0	0.000000
2319	2	0	0.000000
2320	2	0	0.000000
2321	2	3	0.000000
2322	2	5	0.000000
2323	2	5	0.000000
2324	2	0	0.000000
2325	2	1	0.000000
2326	2	0	0.000000
2327	2	0	0.000000
2328	2	3	0.000000
2329	2	5	0.000000
2330	2	0	0.000000
2331	2	0	0.000000
2332	2	5	0.000000
2333	2	2	0.000000
2334	2	0	0.000000
2335	2	0	0.000000
2336	2	1	0.000000
2337	2	5	0.000000
2338	3	3	0.000000
2339	3	3	0.000000
2340	3	1	0.000000
2341	3	3	0.000000
2342	3	3	0.000000
2343	3	3	0.000000
2344	3	2	0.000000
2345	3	0	0.000000
2346	3	3	0.000000
2347	3	3	0.000000
2348	2	0	0.000000
2349	2	0	0.000000
2350	2	0	0.000000
2351	1	3	0.000000
2352	1	3	0.000000
2353	1	3	0.000000
2354	1	3	0.000000
2355	1	1	0.000000
2356	1	3	0.000000
2357	1	3	0.000000
2358	1	3	0.000000
2359	1	1	0.000000
2360	2	5	0.000000
2361	2	0	0.000000
2362	2	3	0.000000
2363	2	0	0.000000
2364	2	1	0.000000
2365	2	0	0.000000
2366	2	4	0.000000
2367	2	2	0.000000
2368	2	0	0.000000
2369	2	2	0.000000
2370	2	1	0.000000
2371	2	0	0.000000
2372	2	0	0.000000
2373	2	0	0.000000
2374	2	0	0.000000
2375	2	1	0.000000
2376	2	0	0.000000
2377	2	1	0.000000
2378	2	4	0.000000
2379	2	2	0.000000
2380	2	3	0.000000
2381	2	0	0.000000
2382	2	4	0.000000
2383	2	0	0.000000
2384	2	0	0.000000
2385	3	3	0.000000
2386	2	0	0.000000
2387	2	0	0.000000
2388	2	0	0.000000
2389	2	0	0.000000
2390	2	0	0.000000
2391	3	3	0.000000
2392	3	0	0.000000
2393	3	3	0.000000
2394	3	2	0.000000
2395	3	3	0.000000
2396	3	2	0.000000
2397	4	3	0.000000
2398	4	1	0.000000
2399	4	2	0.000000
2400	4	1	0.000000
2401	4	1	0.000000
2402	4	0	0.000000
2403	4	1	0.000000
2404	3	3	0.000000
2405	3	3	0.000000
2406	3	1	0.000000
2407	4	3	0.000000
2408	4	1	0.000000
2409	4	1	0.000000
2410	4	2	0.000000
2411	4	1	0.000000
2412	4	1	0.000000
2413	4	1	0.000000
2414	4	1	0.000000
2415	4	1	0.000000
2416	3	3	0.000000
2417	4	1	0.000000
2418	4	3	0.000000
2419	4	1	0.000000
2420	4	1	0.000000
2421	4	2	0.000000
2422	3	3	0.000000
2423	3	3	0.000000
2424	3	2	0.000000
2425	3	3	0.000000
2426	3	2	0.000000
2427	3	3	0.000000
2428	3	0	0.000000
2429	3	2	0.000000
2430	3	1	0.000000
2431	3	3	0.000000
2432	3	1	0.000000
2433	3	3	0.000000
2434	3	3	0.000000
2435	3	0	0.000000
2436	3	3	0.000000
2437	3	3	0.000000
2438	3	2	0.000000
2439	3	2	0.000000
2440	3	3	0.000000
2441	3	3	0.000000
2442	3	2	0.000000
2443	3	3	0.000000
2444	3	3	0.000000
2445	3	1	0.000000
2446	3	3	0.000000
2447	3	1	0.000000
2448	3	3	0.000000
2449	3	3	0.000000
2450	3	1	0.000000
2451	4	1	0.000000
2452	4	3	0.000000
2453	4	1	0.000000
2454	4	1	0.000000
2455	4	1	0.000000
2456	4	1	0.000000
2457	4	3	0.000000
2458	4	1	0.000000
2459	4	1	0.000000
2460	4	1	0.000000
2461	4	1	0.000000
2462	4	3	0.000000
2463	4	1	0.000000
2464	4	3	0.000000
2465	4	3	0.000000
2466	4	1	0.000000
2467	4	2	0.000000
2468	4	1	0.000000
2469	4	1	0.000000
2470	3	2	0.000000
2471	3	3	0.000000
2472	3	2	0.000000
2473	3	2	0.000000
2474	3	3	0.000000
2475	3	1	0.000000
2476	3	3	0.000000
2477	3	3	0.000000
2478	3	0	0.000000
2479	3	3	0.000000
2480	3	2	0.000000
2481	3	2	0.000000
2482	3	2	0.000000
2483	3	3	0.000000
2484	3	0	0.000000
2485	3	1	0.000000
2486	3	3	0.000000
2487	3	3	0.000000
2488	3	3	0.000000
2489	3	3	0.000000
2490	3	2	0.000000
2491	3	0	0.000000
2492	3	2	0.000000
2493	3	2	0.000000
2494	3	1	0.000000
2495	3	3	0.000000
2496	3	1	0.000000
2497	3	3	0.000000
2498	3	1	0.000000
2499	3	2	0.000000
2500	3	3	0.000000
2501	3	3	0.000000
2502	3	3	0.000000
2503	3	3	0.000000
2504	3	3	0.000000
2505	3	2	0.000000
2506	3	3	0.000000
2507	2	4	0.000000
2508	2	0	0.000000
2509	2	0	0.000000
2510	2	0	0.000000
2511	2	0	0.000000
2512	2	0	0.000000
2513	2	0	0.000000
2514	2	4	0.000000
2515	2	1	0.000000
2516	2	0	0.000000
2517	2	0	0.000000
2518	2	1	0.000000
2519	2	3	0.000000
2520	2	5	0.000000
2521	2	0	0.000000
2522	2	0	0.000000
2523	2	0	0.000000
2524	2	0	0.000000
2525	2	2	0.000000
2526	2	3	0.000000
2527	2	0	0.000000
2528	2	3	0.000000
2529	2	0	0.000000
2530	2	0	0.000000
2531	2	0	0.000000
2532	3	3	0.000000
2533	3	3	0.000000
2534	3	3	0.000000
2535	3	3	0.000000
2536	3	3	0.000000
2537	3	1	0.000000
2538	3	1	0.000000
2539	3	3	0.000000
2540	3	3	0.000000
2541	3	3	0.000000
2542	4	3	0.000000
2543	4	2	0.000000
2544	4	2	0.000000
2545	4	3	0.000000
2546	4	1	0.000000
2547	4	3	0.000000
2548	4	2	0.000000
2549	4	1	0.000000
2550	4	3	0.000000
2551	4	1	0.000000
2552	4	1	0.000000
2553	4	3	0.000000
2554	4	0	0.000000
2555	4	2	0.000000
2556	4	3	0.000000
2557	4	3	0.000000
2558	4	1	0.000000
2559	4	1	0.000000
2560	4	1	0.000000
2561	4	1	0.000000
2562	4	1	0.000000
2563	4	1	0.000000
2564	4	1	0.000000
2565	4	1	0.000000
2566	4	1	0.000000
2567	4	1	0.000000
2568	4	3	0.000000
2569	4	3	0.000000
2570	4	1	0.000000
2571	4	1	0.000000
2572	4	1	0.000000
2573	4	1	0.000000
2574	4	2	0.000000
2575	4	2	0.000000
2576	4	1	0.000000
2577	4	1	0.000000
2578	4	1	0.000000
2579	4	1	0.000000
2580	4	1	0.000000
2581	4	2	0.000000
2582	4	1	0.000000
2583	4	2	0.000000
2584	4	1	0.000000
2585	4	1	0.000000
2586	4	2	0.000000
2587	4	2	0.000000
2588	4	1	0.000000
2589	4	0	0.000000
2590	4	3	0.000000
2591	4	1	0.000000
2592	4	1	0.000000
2593	4	1	0.000000
2594	4	1	0.000000
2595	4	3	0.000000
2596	4	1	0.000000
2597	4	1	0.000000
2598	4	1	0.000000
2599	4	1	0.000000
2600	4	1	0.000000
2601	4	1	0.000000
2602	4	0	0.000000
2603	4	1	0.000000
2604	3	3	0.000000
2605	4	3	0.000000
2606	3	3	0.000000
2607	3	2	0.000000
2608	3	0	0.000000
2609	3	3	0.000000
2610	3	3	0.000000
2611	3	3	0.000000
2612	3	3	0.000000
2613	3	3	0.000000
2614	3	3	0.000000
2615	3	2	0.000000
2616	2	0	0.000000
2617	2	0	0.000000
2618	2	0	0.000000
2619	2	5	0.000000
2620	2	2	0.000000
2621	1	3	0.000000
2622	1	3	0.000000
2623	2	1	0.000000
2624	2	5	0.000000
2625	2	0	0.000000
2626	2	1	0.000000
2627	2	0	0.000000
2628	2	0	0.000000
2629	2	0	0.000000
2630	2	1	0.000000
2631	2	0	0.000000
2632	2	0	0.000000
2633	2	0	0.000000
2634	2	3	0.000000
2635	2	3	0.000000
2636	2	2	0.000000
2637	2	0	0.000000
2638	2	4	0.000000
2639	2	1	0.000000
2640	2	0	0.000000
2641	2	0	0.000000
2642	2	0	0.000000
2643	2	0	0.000000
2644	3	1	0.000000
2645	3	3	0.000000
2646	3	1	0.000000
2647	3	3	0.000000
2648	3	1	0.000000
2649	3	0	0.000000
2650	3	0	0.000000
2651	3	2	0.000000
2652	3	3	0.000000
2653	3	1	0.000000
2654	3	3	0.000000
2655	3	3	0.000000
2656	3	3	0.000000
2657	3	3	0.000000
2658	3	3	0.000000
2659	3	3	0.000000
2660	3	3	0.000000
2661	2	4	0.000000
2662	2	2	0.000000
2663	2	0	0.000000
2664	2	0	0.000000
2665	2	0	0.000000
2666	2	0	0.000000
2667	2	0	0.000000
2668	2	5	0.000000
2669	2	0	0.000000
2670	2	3	0.000000
2671	2	5	0.000000
2672	2	4	0.000000
2673	2	5	0.000000
2674	2	3	0.000000
2675	2	0	0.000000
2676	2	4	0.000000
2677	2	0	0.000000
2678	2	0	0.000000
2679	2	0	0.000000
2680	2	1	0.000000
2681	2	0	0.000000
2682	2	0	0.000000
2683	2	1	0.000000
2684	2	0	0.000000
2685	2	0	0.000000
2686	2	0	0.000000
2687	3	2	0.000000
2688	3	3	0.000000
2689	3	3	0.000000
2690	3	1	0.000000
2691	3	3	0.000000
2692	3	1	0.000000
2693	3	3	0.000000
2694	3	3	0.000000
2695	3	2	0.000000
2696	3	3	0.000000
2697	3	3	0.000000
2698	3	3	0.000000
2699	3	3	0.000000
2700	3	1	0.000000
2701	3	3	0.000000
2702	3	3	0.000000
2703	2	2	0.000000
2704	2	0	0.000000
2705	2	5	0.000000
2706	2	0	0.000000
2707	2	0	0.000000
2708	2	0	0.000000
2709	2	2	0.000000
2710	2	0	0.000000
2711	2	0	0.000000
2712	2	0	0.000000
2713	3	3	0.000000
2714	3	2	0.000000
2715	2	0	0.000000
2716	2	0	0.000000
2717	2	0	0.000000
2718	2	0	0.000000
2719	2	4	0.000000
2720	2	0	0.000000
2721	2	0	0.000000
2722	2	0	0.000000
2723	2	0	0.000000
2724	2	0	0.000000
2725	3	3	0.000000
2726	3	2	0.000000
2727	3	2	0.000000
2728	3	2	0.000000
2729	3	0	0.000000
2730	3	1	0.000000
2731	3	3	0.000000
2732	3	2	0.000000
2733	3	0	0.000000
2734	3	3	0.000000
2735	3	1	0.000000
2736	3	3	0.000000
2737	3	2	0.000000
2738	3	3	0.000000
2739	3	3	0.000000
2740	3	3	0.000000
2741	3	1	0.000000
2742	3	2	0.000000
2743	3	3	0.000000
2744	3	3	0.000000
2745	3	3	0.000000
2746	3	3	0.000000
2747	3	0	0.000000
2748	3	3	0.000000
2749	3	1	0.000000
2750	3	3	0.000000
2751	3	3	0.000000
2752	3	3	0.000000
2753	3	1	0.000000
2754	3	1	0.000000
2755	3	1	0.000000
2756	3	3	0.000000
2757	3	1	0.000000
2758	3	3	0.000000
2759	3	1	0.000000
2760	3	3	0.000000
2761	3	3	0.000000
2762	3	3	0.000000
2763	3	1	0.000000
2764	3	1	0.000000
2765	3	3	0.000000
2766	3	3	0.000000
2767	3	0	0.000000
2768	3	1	0.000000
2769	3	3	0.000000
2770	3	3	0.000000
2771	3	0	0.000000
2772	2	0	0.000000
2773	2	0	0.000000
2774	2	2	0.000000
2775	2	0	0.000000
2776	2	0	0.000000
2777	2	0	0.000000
2778	2	4	0.000000
2779	2	2	0.000000
2780	2	0	0.000000
2781	2	4	0.000000
2782	2	4	0.000000
2783	2	0	0.000000
2784	2	0	0.000000
2785	2	0	0.000000
2786	2	1	0.000000
2787	2	2	0.000000
2788	2	0	0.000000
2789	2	1	0.000000
2790	2	0	0.000000
2791	2	0	0.000000
2792	2	1	0.000000
2793	2	4	0.000000
2794	2	0	0.000000
2795	2	0	0.000000
2796	2	0	0.000000
2797	2	0	0.000000
2798	2	0	0.000000
2799	2	0	0.000000
2800	2	0	0.000000
2801	2	5	0.000000
2802	3	3	0.000000
2803	3	3	0.000000
2804	3	3	0.000000
2805	3	3	0.000000
2806	3	1	0.000000
2807	3	0	0.000000
2808	3	3	0.000000
2809	3	0	0.000000
2810	3	3	0.000000
2811	3	3	0.000000
2812	3	3	0.000000
2813	3	0	0.000000
2814	3	3	0.000000
2815	3	2	0.000000
2816	3	3	0.000000
2817	2	4	0.000000
2818	2	2	0.000000
2819	2	0	0.000000
2820	2	1	0.000000
2821	2	0	0.000000
2822	2	0	0.000000
2823	2	0	0.000000
2824	2	4	0.000000
2825	2	0	0.000000
2826	2	5	0.000000
2827	2	5	0.000000
2828	2	0	0.000000
2829	2	4	0.000000
2830	2	0	0.000000
2831	2	4	0.000000
2832	2	2	0.000000
2833	2	0	0.000000
2834	2	0	0.000000
2835	2	0	0.000000
2836	2	5	0.000000
2837	2	3	0.000000
2838	2	0	0.000000
2839	2	0	0.000000
2840	2	0	0.000000
2841	2	0	0.000000
2842	3	1	0.000000
2843	3	0	0.000000
2844	3	3	0.000000
2845	3	1	0.000000
2846	3	1	0.000000
2847	3	3	0.000000
2848	3	3	0.000000
2849	3	0	0.000000
2850	3	1	0.000000
2851	3	0	0.000000
2852	3	3	0.000000
2853	3	3	0.000000
2854	3	3	0.000000
2855	3	2	0.000000
2856	2	0	0.000000
2857	2	2	0.000000
2858	2	3	0.000000
2859	2	0	0.000000
2860	2	1	0.000000
2861	2	4	0.000000
2862	2	5	0.000000
2863	2	0	0.000000
2864	2	0	0.000000
2865	2	0	0.000000
2866	2	0	0.000000
2867	2	0	0.000000
2868	2	0	0.000000
2869	2	0	0.000000
2870	2	1	0.000000
2871	2	0	0.000000
2872	2	0	0.000000
2873	2	1	0.000000
2874	2	4	0.000000
2875	3	0	0.000000
2876	3	3	0.000000
2877	3	1	0.000000
2878	3	3	0.000000
2879	3	3	0.000000
2880	3	3	0.000000
2881	3	3	0.000000
2882	3	3	0.000000
2883	3	3	0.000000
2884	3	1	0.000000
2885	2	4	0.000000
2886	2	0	0.000000
2887	2	3	0.000000
2888	2	0	0.000000
2889	2	3	0.000000
2890	2	1	0.000000
2891	2	0	0.000000
2892	2	0	0.000000
2893	2	4	0.000000
2894	2	4	0.000000
2895	2	2	0.000000
2896	2	0	0.000000
2897	2	2	0.000000
2898	2	0	0.000000
2899	2	1	0.000000
2900	2	0	0.000000
2901	2	0	0.000000
2902	2	4	0.000000
2903	2	0	0.000000
2904	2	0	0.000000
2905	2	0	0.000000
2906	2	0	0.000000
2907	2	0	0.000000
2908	2	0	0.000000
2909	2	3	0.000000
2910	2	0	0.000000
2911	3	3	0.000000
2912	3	3	0.000000
2913	3	1	0.000000
2914	3	3	0.000000
2915	3	1	0.000000
2916	3	3	0.000000
2917	3	3	0.000000
2918	3	2	0.000000
2919	3	3	0.000000
2920	3	0	0.000000
2921	3	3	0.000000
2922	3	2	0.000000
2923	3	3	0.000000
2924	3	3	0.000000
2925	3	3	0.000000
2926	3	3	0.000000
2927	3	3	0.000000
2928	3	3	0.000000
2929	3	3	0.000000
2930	3	3	0.000000
2931	3	3	0.000000
2932	2	5	0.000000
2933	2	3	0.000000
2934	2	0	0.000000
2935	2	2	0.000000
2936	2	4	0.000000
2937	2	0	0.000000
2938	1	3	0.000000
2939	2	0	0.000000
2940	1	3	0.000000
2941	1	3	0.000000
2942	1	3	0.000000
2943	1	3	0.000000
2944	2	5	0.000000
2945	2	3	0.000000
2946	2	0	0.000000
2947	1	3	0.000000
2948	1	0	0.000000
2949	1	3	0.000000
2950	1	1	0.000000
2951	1	0	0.000000
2952	1	0	0.000000
2953	1	3	0.000000
2954	2	0	0.000000
2955	2	0	0.000000
2956	2	0	0.000000
2957	2	5	0.000000
2958	2	1	0.000000
2959	2	0	0.000000
2960	2	0	0.000000
2961	2	0	0.000000
2962	2	0	0.000000
2963	2	0	0.000000
2964	2	0	0.000000
2965	2	0	0.000000
2966	2	0	0.000000
2967	2	1	0.000000
2968	2	0	0.000000
2969	2	0	0.000000
2970	2	0	0.000000
2971	2	5	0.000000
2972	2	0	0.000000
2973	3	3	0.000000
2974	3	3	0.000000
2975	2	2	0.000000
2976	3	0	0.000000
2977	3	3	0.000000
2978	3	3	0.000000
2979	3	0	0.000000
2980	3	3	0.000000
2981	3	3	0.000000
2982	3	2	0.000000
2983	3	3	0.000000
2984	3	2	0.000000
2985	3	2	0.000000
2986	2	1	0.000000
2987	2	2	0.000000
2988	2	0	0.000000
2989	2	1	0.000000
2990	2	1	0.000000
2991	2	0	0.000000
2992	2	0	0.000000
2993	2	0	0.000000
2994	2	0	0.000000
2995	2	2	0.000000
2996	2	4	0.000000
2997	2	3	0.000000
2998	2	0	0.000000
2999	2	0	0.000000
3000	2	0	0.000000
3001	2	0	0.000000
3002	2	3	0.000000
3003	2	0	0.000000
3004	2	4	0.000000
3005	2	0	0.000000
3006	2	1	0.000000
3007	3	2	0.000000
3008	2	5	0.000000
3009	3	3	0.000000
3010	3	1	0.000000
3011	3	3	0.000000
3012	3	3	0.000000
3013	3	1	0.000000
3014	3	3	0.000000
3015	3	3	0.000000
3016	3	3	0.000000
3017	3	3	0.000000
3018	3	3	0.000000
3019	2	0	0.000000
3020	2	4	0.000000
3021	2	1	0.000000
3022	2	1	0.000000
3023	2	0	0.000000
3024	2	0	0.000000
3025	2	1	0.000000
3026	2	0	0.000000
3027	2	0	0.000000
3028	2	0	0.000000
3029	2	0	0.000000
3030	2	3	0.000000
3031	2	5	0.000000
3032	2	0	0.000000
3033	2	5	0.000000
3034	2	0	0.000000
3035	2	5	0.000000
3036	2	0	0.000000
3037	2	1	0.000000
3038	2	4	0.000000
3039	2	3	0.000000
3040	2	0	0.000000
3041	2	0	0.000000
3042	2	0	0.000000
3043	2	1	0.000000
3044	2	0	0.000000
3045	2	3	0.000000
3046	2	3	0.000000
3047	2	4	0.000000
3048	2	0	0.000000
3049	2	0	0.000000
3050	3	2	0.000000
3051	3	3	0.000000
3052	3	3	0.000000
3053	3	3	0.000000
3054	3	3	0.000000
3055	3	3	0.000000
3056	3	3	0.000000
3057	3	1	0.000000
3058	3	2	0.000000
3059	3	3	0.000000
3060	3	3	0.000000
3061	3	3	0.000000
3062	2	0	0.000000
3063	2	3	0.000000
3064	2	5	0.000000
3065	2	0	0.000000
3066	2	0	0.000000
3067	2	0	0.000000
3068	2	4	0.000000
3069	2	0	0.000000
3070	1	0	0.000000
3071	1	3	0.000000
3072	2	2	0.000000
3073	2	1	0.000000
3074	2	3	0.000000
3075	2	4	0.000000
3076	2	0	0.000000
3077	2	0	0.000000
3078	2	3	0.000000
3079	2	5	0.000000
3080	2	0	0.000000
3081	2	2	0.000000
3082	2	0	0.000000
3083	2	1	0.000000
3084	2	0	0.000000
3085	2	0	0.000000
3086	2	0	0.000000
3087	2	2	0.000000
3088	2	0	0.000000
3089	2	0	0.000000
3090	2	0	0.000000
3091	2	5	0.000000
3092	2	0	0.000000
3093	3	3	0.000000
3094	3	3	0.000000
3095	3	3	0.000000
3096	3	3	0.000000
3097	3	3	0.000000
3098	3	3	0.000000
3099	3	3	0.000000
3100	3	0	0.000000
3101	3	3	0.000000
3102	3	0	0.000000
3103	3	0	0.000000
3104	3	0	0.000000
3105	2	0	0.000000
3106	2	0	0.000000
3107	2	2	0.000000
3108	2	0	0.000000
3109	2	0	0.000000
3110	2	0	0.000000
3111	2	5	0.000000
3112	2	5	0.000000
3113	2	3	0.000000
3114	2	0	0.000000
3115	2	3	0.000000
3116	2	2	0.000000
3117	2	3	0.000000
3118	2	1	0.000000
3119	2	0	0.000000
3120	2	0	0.000000
3121	2	5	0.000000
3122	2	0	0.000000
3123	2	0	0.000000
3124	2	0	0.000000
3125	2	4	0.000000
3126	3	3	0.000000
3127	3	3	0.000000
3128	3	3	0.000000
3129	3	3	0.000000
3130	3	2	0.000000
3131	3	3	0.000000
3132	3	3	0.000000
3133	3	3	0.000000
3134	3	3	0.000000
3135	3	3	0.000000
3136	3	1	0.000000
3137	2	2	0.000000
3138	2	3	0.000000
3139	2	0	0.000000
3140	2	4	0.000000
3141	2	0	0.000000
3142	1	3	0.000000
3143	1	3	0.000000
3144	1	1	0.000000
3145	1	3	0.000000
3146	1	3	0.000000
3147	1	0	0.000000
3148	1	3	0.000000
3149	1	3	0.000000
3150	1	3	0.000000
3151	1	3	0.000000
3152	1	1	0.000000
3153	1	3	0.000000
3154	1	2	0.000000
3155	2	0	0.000000
3156	2	0	0.000000
3157	2	0	0.000000
3158	2	0	0.000000
3159	2	0	0.000000
3160	2	0	0.000000
3161	2	1	0.000000
3162	3	1	0.000000
3163	3	3	0.000000
3164	3	1	0.000000
3165	3	3	0.000000
3166	3	1	0.000000
3167	3	2	0.000000
3168	3	3	0.000000
3169	3	0	0.000000
3170	3	1	0.000000
3171	3	3	0.000000
3172	3	3	0.000000
3173	3	2	0.000000
3174	3	0	0.000000
3175	3	1	0.000000
3176	3	0	0.000000
3177	2	0	0.000000
3178	2	0	0.000000
3179	2	0	0.000000
3180	2	0	0.000000
3181	2	0	0.000000
3182	2	0	0.000000
3183	2	0	0.000000
3184	2	0	0.000000
3185	2	0	0.000000
3186	2	2	0.000000
3187	2	0	0.000000
3188	2	0	0.000000
3189	2	0	0.000000
3190	2	3	0.000000
3191	2	0	0.000000
3192	2	0	0.000000
3193	2	0	0.000000
3194	2	0	0.000000
3195	2	2	0.000000
3196	2	3	0.000000
3197	2	1	0.000000
3198	2	0	0.000000
3199	2	0	0.000000
3200	3	1	0.000000
3201	3	3	0.000000
3202	3	3	0.000000
3203	3	1	0.000000
3204	3	3	0.000000
3205	3	3	0.000000
3206	3	3	0.000000
3207	3	3	0.000000
3208	3	3	0.000000
3209	3	2	0.000000
3210	3	0	0.000000
3211	3	1	0.000000
3212	2	0	0.000000
3213	2	1	0.000000
3214	2	0	0.000000
3215	2	5	0.000000
3216	2	0	0.000000
3217	2	0	0.000000
3218	2	0	0.000000
3219	2	0	0.000000
3220	2	2	0.000000
3221	2	0	0.000000
3222	2	0	0.000000
3223	2	1	0.000000
3224	2	0	0.000000
3225	2	0	0.000000
3226	2	0	0.000000
3227	2	0	0.000000
3228	2	1	0.000000
3229	2	0	0.000000
3230	2	0	0.000000
3231	2	0	0.000000
3232	2	2	0.000000
3233	2	0	0.000000
3234	2	5	0.000000
3235	2	5	0.000000
3236	2	4	0.000000
3237	2	0	0.000000
3238	2	4	0.000000
3239	2	2	0.000000
3240	2	2	0.000000
3241	2	0	0.000000
3242	2	5	0.000000
3243	2	0	0.000000
3244	2	2	0.000000
3245	2	4	0.000000
3246	2	0	0.000000
3247	2	0	0.000000
3248	2	0	0.000000
3249	2	2	0.000000
3250	2	0	0.000000
3251	2	0	0.000000
3252	2	5	0.000000
3253	2	0	0.000000
3254	2	0	0.000000
3255	2	0	0.000000
3256	2	0	0.000000
3257	3	2	0.000000
3258	3	3	0.000000
3259	3	3	0.000000
3260	3	0	0.000000
3261	3	0	0.000000
3262	3	1	0.000000
3263	3	0	0.000000
3264	3	3	0.000000
3265	3	3	0.000000
3266	3	3	0.000000
3267	2	5	0.000000
3268	2	0	0.000000
3269	2	1	0.000000
3270	2	0	0.000000
3271	2	0	0.000000
3272	2	3	0.000000
3273	2	2	0.000000
3274	2	0	0.000000
3275	2	0	0.000000
3276	2	1	0.000000
3277	2	0	0.000000
3278	2	0	0.000000
3279	2	1	0.000000
3280	2	0	0.000000
3281	2	0	0.000000
3282	2	0	0.000000
3283	2	0	0.000000
3284	2	0	0.000000
3285	2	1	0.000000
3286	2	5	0.000000
3287	3	1	0.000000
3288	3	3	0.000000
3289	3	0	0.000000
3290	3	2	0.000000
3291	3	0	0.000000
3292	3	3	0.000000
3293	3	0	0.000000
3294	3	3	0.000000
3295	3	3	0.000000
3296	2	4	0.000000
3297	2	0	0.000000
3298	2	0	0.000000
3299	2	3	0.000000
3300	2	2	0.000000
3301	2	4	0.000000
3302	2	0	0.000000
3303	2	2	0.000000
3304	2	0	0.000000
3305	2	0	0.000000
3306	2	4	0.000000
3307	2	0	0.000000
3308	2	2	0.000000
3309	2	1	0.000000
3310	2	3	0.000000
3311	2	1	0.000000
3312	2	1	0.000000
3313	2	3	0.000000
3314	2	0	0.000000
3315	2	2	0.000000
3316	2	1	0.000000
3317	2	4	0.000000
3318	2	0	0.000000
3319	2	4	0.000000
3320	2	0	0.000000
3321	2	0	0.000000
3322	2	0	0.000000
3323	2	3	0.000000
3324	2	4	0.000000
3325	2	5	0.000000
3326	3	3	0.000000
3327	3	3	0.000000
3328	3	3	0.000000
3329	3	3	0.000000
3330	3	3	0.000000
3331	3	3	0.000000
3332	3	3	0.000000
3333	3	0	0.000000
3334	3	0	0.000000
3335	3	0	0.000000
3336	2	3	0.000000
3337	2	0	0.000000
3338	2	2	0.000000
3339	2	0	0.000000
3340	2	2	0.000000
3341	2	4	0.000000
3342	2	1	0.000000
3343	2	2	0.000000
3344	2	2	0.000000
3345	2	2	0.000000
3346	2	0	0.000000
3347	2	0	0.000000
3348	2	0	0.000000
3349	2	0	0.000000
3350	2	1	0.000000
3351	2	0	0.000000
3352	2	0	0.000000
3353	2	1	0.000000
3354	2	1	0.000000
3355	2	0	0.000000
3356	2	0	0.000000
3357	2	1	0.000000
3358	2	2	0.000000
3359	2	0	0.000000
3360	2	2	0.000000
3361	2	3	0.000000
3362	2	3	0.000000
3363	2	0	0.000000
3364	2	1	0.000000
3365	2	5	0.000000
3366	2	3	0.000000
3367	2	0	0.000000
3368	2	0	0.000000
3369	2	0	0.000000
3370	2	5	0.000000
3371	2	0	0.000000
3372	2	4	0.000000
3373	2	0	0.000000
3374	2	4	0.000000
3375	2	0	0.000000
3376	2	0	0.000000
3377	3	1	0.000000
3378	3	3	0.000000
3379	3	1	0.000000
3380	3	3	0.000000
3381	3	3	0.000000
3382	3	2	0.000000
3383	3	1	0.000000
3384	3	3	0.000000
3385	3	1	0.000000
3386	3	0	0.000000
3387	3	3	0.000000
3388	3	3	0.000000
3389	2	0	0.000000
3390	2	0	0.000000
3391	2	4	0.000000
3392	2	0	0.000000
3393	2	4	0.000000
3394	2	2	0.000000
3395	2	5	0.000000
3396	2	2	0.000000
3397	2	2	0.000000
3398	2	0	0.000000
3399	2	1	0.000000
3400	2	0	0.000000
3401	2	4	0.000000
3402	2	4	0.000000
3403	2	2	0.000000
3404	2	0	0.000000
3405	2	0	0.000000
3406	2	0	0.000000
3407	2	0	0.000000
3408	2	3	0.000000
3409	2	0	0.000000
3410	2	0	0.000000
3411	2	0	0.000000
3412	2	0	0.000000
3413	2	3	0.000000
3414	3	1	0.000000
3415	3	3	0.000000
3416	3	3	0.000000
3417	3	3	0.000000
3418	3	0	0.000000
3419	3	3	0.000000
3420	3	3	0.000000
3421	3	2	0.000000
3422	4	1	0.000000
3423	3	0	0.000000
3424	3	1	0.000000
3425	3	3	0.000000
3426	3	3	0.000000
3427	3	1	0.000000
3428	3	3	0.000000
3429	3	3	0.000000
3430	3	2	0.000000
3431	3	3	0.000000
3432	3	1	0.000000
3433	3	0	0.000000
3434	4	1	0.000000
3435	3	0	0.000000
3436	3	3	0.000000
3437	3	3	0.000000
3438	3	3	0.000000
3439	3	1	0.000000
3440	3	3	0.000000
3441	3	3	0.000000
3442	4	1	0.000000
3443	4	1	0.000000
3444	3	3	0.000000
3445	3	3	0.000000
3446	3	1	0.000000
3447	3	3	0.000000
3448	3	2	0.000000
3449	3	3	0.000000
3450	3	1	0.000000
3451	3	1	0.000000
3452	3	3	0.000000
3453	3	3	0.000000
3454	2	0	0.000000
3455	2	1	0.000000
3456	2	1	0.000000
3457	2	2	0.000000
3458	2	4	0.000000
3459	2	3	0.000000
3460	2	0	0.000000
3461	2	0	0.000000
3462	2	5	0.000000
3463	2	0	0.000000
3464	2	4	0.000000
3465	2	0	0.000000
3466	2	0	0.000000
3467	2	1	0.000000
3468	2	0	0.000000
3469	2	0	0.000000
3470	2	1	0.000000
3471	2	0	0.000000
3472	2	0	0.000000
3473	2	3	0.000000
3474	2	0	0.000000
3475	2	2	0.000000
3476	2	0	0.000000
3477	3	1	0.000000
3478	3	3	0.000000
3479	3	3	0.000000
3480	3	3	0.000000
3481	3	0	0.000000
3482	3	3	0.000000
3483	3	1	0.000000
3484	3	3	0.000000
3485	3	3	0.000000
3486	3	3	0.000000
3487	3	3	0.000000
3488	3	3	0.000000
3489	3	0	0.000000
3490	3	3	0.000000
3491	3	3	0.000000
3492	3	2	0.000000
3493	2	0	0.000000
3494	2	0	0.000000
3495	2	0	0.000000
3496	3	3	0.000000
3497	2	0	0.000000
3498	2	0	0.000000
3499	2	2	0.000000
3500	2	0	0.000000
3501	2	0	0.000000
3502	2	0	0.000000
3503	3	3	0.000000
3504	3	3	0.000000
3505	3	3	0.000000
3506	3	3	0.000000
3507	2	0	0.000000
3508	2	2	0.000000
3509	3	1	0.000000
3510	3	3	0.000000
3511	3	3	0.000000
3512	3	0	0.000000
3513	2	3	0.000000
3514	2	0	0.000000
3515	2	3	0.000000
3516	2	0	0.000000
3517	2	0	0.000000
3518	2	0	0.000000
3519	2	0	0.000000
3520	2	0	0.000000
3521	2	2	0.000000
3522	2	4	0.000000
3523	2	4	0.000000
3524	2	1	0.000000
3525	2	4	0.000000
3526	2	0	0.000000
3527	2	4	0.000000
3528	2	0	0.000000
3529	2	0	0.000000
3530	2	3	0.000000
3531	2	0	0.000000
3532	2	0	0.000000
3533	2	0	0.000000
3534	2	3	0.000000
3535	3	2	0.000000
3536	3	3	0.000000
3537	3	3	0.000000
3538	3	3	0.000000
3539	3	3	0.000000
3540	3	3	0.000000
3541	4	1	0.000000
3542	4	2	0.000000
3543	4	0	0.000000
3544	4	2	0.000000
3545	4	1	0.000000
3546	4	1	0.000000
3547	4	1	0.000000
3548	4	1	0.000000
3549	4	1	0.000000
3550	4	1	0.000000
3551	4	1	0.000000
3552	4	1	0.000000
3553	4	2	0.000000
3554	4	0	0.000000
3555	4	1	0.000000
3556	4	0	0.000000
3557	4	1	0.000000
3558	4	1	0.000000
3559	4	1	0.000000
3560	4	3	0.000000
3561	4	1	0.000000
3562	4	0	0.000000
3563	4	1	0.000000
3564	4	1	0.000000
3565	4	0	0.000000
3566	4	0	0.000000
3567	4	2	0.000000
3568	4	1	0.000000
3569	4	1	0.000000
3570	4	1	0.000000
3571	4	2	0.000000
3572	4	1	0.000000
3573	4	0	0.000000
3574	4	1	0.000000
3575	4	1	0.000000
3576	4	3	0.000000
3577	4	1	0.000000
3578	4	1	0.000000
3579	4	1	0.000000
3580	4	0	0.000000
3581	4	1	0.000000
3582	4	1	0.000000
3583	4	1	0.000000
3584	4	1	0.000000
3585	4	1	0.000000
3586	4	2	0.000000
3587	4	2	0.000000
3588	4	1	0.000000
3589	4	1	0.000000
3590	4	1	0.000000
3591	4	1	0.000000
3592	4	1	0.000000
3593	4	1	0.000000
3594	4	0	0.000000
3595	4	1	0.000000
3596	4	3	0.000000
3597	4	1	0.000000
3598	4	1	0.000000
3599	4	1	0.000000
3600	4	2	0.000000
3601	4	1	0.000000
3602	4	2	0.000000
3603	4	1	0.000000
3604	4	1	0.000000
3605	4	1	0.000000
3606	4	1	0.000000
3607	4	1	0.000000
3608	4	1	0.000000
3609	4	0	0.000000
3610	4	2	0.000000
3611	4	1	0.000000
3612	4	0	0.000000
3613	4	1	0.000000
3614	4	1	0.000000
3615	4	1	0.000000
3616	4	1	0.000000
3617	4	0	0.000000
3618	4	1	0.000000
3619	4	2	0.000000
3620	4	1	0.000000
3621	4	3	0.000000
3622	4	1	0.000000
3623	4	1	0.000000
3624	4	0	0.000000
3625	4	1	0.000000
3626	4	0	0.000000
3627	4	1	0.000000
3628	4	0	0.000000
3629	4	3	0.000000
3630	4	1	0.000000
3631	4	1	0.000000
3632	4	3	0.000000
3633	4	1	0.000000
3634	4	3	0.000000
3635	4	1	0.000000
3636	4	1	0.000000
3637	4	3	0.000000
3638	4	1	0.000000
3639	4	3	0.000000
3640	4	1	0.000000
3641	4	1	0.000000
3642	4	1	0.000000
3643	4	1	0.000000
3644	4	3	0.000000
3645	4	1	0.000000
3646	4	1	0.000000
3647	4	1	0.000000
3648	4	1	0.000000
3649	4	2	0.000000
3650	4	3	0.000000
3651	4	1	0.000000
3652	4	1	0.000000
3653	4	0	0.000000
3654	4	0	0.000000
3655	4	2	0.000000
3656	4	2	0.000000
3657	4	1	0.000000
3658	4	0	0.000000
3659	4	0	0.000000
3660	4	1	0.000000
3661	4	1	0.000000
3662	4	1	0.000000
3663	4	1	0.000000
3664	4	3	0.000000
3665	4	1	0.000000
3666	4	1	0.000000
3667	4	3	0.000000
3668	4	2	0.000000
3669	4	1	0.000000
3670	4	1	0.000000
3671	4	0	0.000000
3672	4	3	0.000000
3673	4	0	0.000000
3674	4	1	0.000000
3675	4	2	0.000000
3676	4	1	0.000000
3677	4	1	0.000000
3678	4	0	0.000000
3679	4	1	0.000000
3680	4	1	0.000000
3681	4	1	0.000000
3682	3	3	0.000000
3683	3	3	0.000000
3684	4	3	0.000000
3685	3	3	0.000000
3686	3	3	0.000000
3687	3	3	0.000000
3688	3	1	0.000000
3689	3	3	0.000000
3690	3	3	0.000000
3691	3	3	0.000000
3692	3	0	0.000000
3693	3	1	0.000000
3694	3	3	0.000000
3695	3	3	0.000000
3696	2	2	0.000000
3697	2	0	0.000000
3698	2	3	0.000000
3699	2	2	0.000000
3700	2	0	0.000000
3701	2	0	0.000000
3702	1	1	0.000000
3703	1	1	0.000000
3704	1	1	0.000000
3705	1	3	0.000000
3706	1	2	0.000000
3707	1	3	0.000000
3708	1	3	0.000000
3709	2	4	0.000000
3710	2	0	0.000000
3711	2	0	0.000000
3712	2	0	0.000000
3713	2	5	0.000000
3714	2	0	0.000000
3715	2	0	0.000000
3716	2	0	0.000000
3717	2	4	0.000000
3718	3	3	0.000000
3719	3	1	0.000000
3720	3	1	0.000000
3721	3	2	0.000000
3722	3	2	0.000000
3723	3	3	0.000000
3724	3	3	0.000000
3725	3	3	0.000000
3726	3	0	0.000000
3727	3	0	0.000000
3728	3	0	0.000000
3729	2	0	0.000000
3730	2	1	0.000000
3731	2	0	0.000000
3732	2	4	0.000000
3733	2	0	0.000000
3734	2	3	0.000000
3735	2	0	0.000000
3736	2	0	0.000000
3737	2	0	0.000000
3738	2	0	0.000000
3739	2	0	0.000000
3740	2	0	0.000000
3741	2	0	0.000000
3742	3	3	0.000000
3743	3	1	0.000000
3744	3	3	0.000000
3745	3	3	0.000000
3746	3	3	0.000000
3747	3	3	0.000000
3748	3	3	0.000000
3749	3	1	0.000000
3750	3	0	0.000000
3751	3	3	0.000000
3752	3	2	0.000000
3753	3	3	0.000000
3754	2	0	0.000000
3755	2	0	0.000000
3756	2	0	0.000000
3757	2	0	0.000000
3758	2	0	0.000000
3759	2	2	0.000000
3760	2	0	0.000000
3761	2	0	0.000000
3762	2	0	0.000000
3763	2	0	0.000000
3764	2	1	0.000000
3765	2	0	0.000000
3766	2	0	0.000000
3767	2	0	0.000000
3768	2	4	0.000000
3769	2	3	0.000000
3770	2	0	0.000000
3771	3	1	0.000000
3772	3	3	0.000000
3773	3	3	0.000000
3774	3	3	0.000000
3775	3	1	0.000000
3776	3	0	0.000000
3777	3	3	0.000000
3778	3	3	0.000000
3779	3	3	0.000000
3780	3	0	0.000000
3781	3	0	0.000000
3782	3	3	0.000000
3783	3	2	0.000000
3784	3	2	0.000000
3785	3	0	0.000000
3786	3	3	0.000000
3787	3	3	0.000000
3788	4	3	0.000000
3789	4	1	0.000000
3790	4	2	0.000000
3791	4	0	0.000000
3792	4	1	0.000000
3793	4	1	0.000000
3794	4	1	0.000000
3795	4	0	0.000000
3796	4	1	0.000000
3797	4	1	0.000000
3798	4	1	0.000000
3799	4	0	0.000000
3800	4	1	0.000000
3801	4	3	0.000000
3802	4	0	0.000000
3803	4	2	0.000000
3804	4	1	0.000000
3805	4	1	0.000000
3806	4	1	0.000000
3807	4	1	0.000000
3808	4	3	0.000000
3809	4	3	0.000000
3810	4	3	0.000000
3811	4	1	0.000000
3812	4	2	0.000000
3813	4	1	0.000000
3814	4	2	0.000000
3815	4	1	0.000000
3816	4	1	0.000000
3817	3	1	0.000000
3818	3	2	0.000000
3819	3	3	0.000000
3820	3	3	0.000000
3821	3	3	0.000000
3822	3	0	0.000000
3823	3	1	0.000000
3824	3	3	0.000000
3825	3	3	0.000000
3826	3	2	0.000000
3827	3	3	0.000000
3828	3	0	0.000000
3829	3	3	0.000000
3830	3	3	0.000000
3831	3	3	0.000000
3832	3	3	0.000000
3833	3	1	0.000000
3834	2	0	0.000000
3835	2	0	0.000000
3836	2	4	0.000000
3837	2	0	0.000000
3838	2	0	0.000000
3839	2	0	0.000000
3840	2	0	0.000000
3841	2	0	0.000000
3842	2	0	0.000000
3843	2	5	0.000000
3844	2	3	0.000000
3845	2	0	0.000000
3846	2	0	0.000000
3847	2	5	0.000000
3848	2	1	0.000000
3849	2	0	0.000000
3850	2	0	0.000000
3851	2	0	0.000000
3852	2	5	0.000000
3853	2	0	0.000000
3854	2	0	0.000000
3855	2	0	0.000000
3856	2	3	0.000000
3857	2	2	0.000000
3858	2	4	0.000000
3859	3	3	0.000000
3860	3	3	0.000000
3861	3	3	0.000000
3862	3	3	0.000000
3863	3	3	0.000000
3864	3	1	0.000000
3865	3	3	0.000000
3866	3	3	0.000000
3867	3	2	0.000000
3868	3	1	0.000000
3869	3	2	0.000000
3870	3	1	0.000000
3871	3	2	0.000000
3872	3	3	0.000000
3873	3	1	0.000000
3874	3	2	0.000000
3875	3	1	0.000000
3876	3	3	0.000000
3877	3	2	0.000000
3878	3	3	0.000000
3879	3	0	0.000000
3880	3	1	0.000000
3881	3	0	0.000000
3882	3	3	0.000000
3883	3	3	0.000000
3884	3	3	0.000000
3885	2	1	0.000000
3886	2	0	0.000000
3887	2	0	0.000000
3888	2	3	0.000000
3889	2	0	0.000000
3890	2	3	0.000000
3891	2	2	0.000000
3892	2	2	0.000000
3893	2	0	0.000000
3894	2	0	0.000000
3895	2	0	0.000000
3896	2	5	0.000000
3897	2	0	0.000000
3898	2	2	0.000000
3899	2	0	0.000000
3900	2	0	0.000000
3901	2	2	0.000000
3902	3	3	0.000000
3903	2	4	0.000000
3904	3	2	0.000000
3905	3	2	0.000000
3906	3	3	0.000000
3907	3	0	0.000000
3908	3	3	0.000000
3909	2	0	0.000000
3910	2	4	0.000000
3911	2	2	0.000000
3912	2	0	0.000000
3913	2	5	0.000000
3914	2	0	0.000000
3915	2	0	0.000000
3916	2	0	0.000000
3917	2	5	0.000000
3918	2	4	0.000000
3919	2	0	0.000000
3920	2	1	0.000000
3921	2	2	0.000000
3922	2	3	0.000000
3923	2	0	0.000000
3924	2	2	0.000000
3925	2	0	0.000000
3926	2	5	0.000000
3927	2	0	0.000000
3928	2	0	0.000000
3929	2	0	0.000000
3930	2	2	0.000000
3931	2	0	0.000000
3932	2	5	0.000000
3933	2	0	0.000000
3934	2	0	0.000000
3935	2	0	0.000000
3936	3	3	0.000000
3937	3	3	0.000000
3938	3	0	0.000000
3939	3	3	0.000000
3940	3	3	0.000000
3941	3	3	0.000000
3942	3	1	0.000000
3943	3	1	0.000000
3944	3	3	0.000000
3945	3	3	0.000000
3946	3	2	0.000000
3947	3	0	0.000000
3948	3	3	0.000000
3949	3	3	0.000000
3950	2	0	0.000000
3951	2	2	0.000000
3952	2	0	0.000000
3953	2	0	0.000000
3954	2	1	0.000000
3955	2	0	0.000000
3956	2	0	0.000000
3957	2	4	0.000000
3958	2	5	0.000000
3959	2	2	0.000000
3960	2	0	0.000000
3961	2	4	0.000000
3962	2	4	0.000000
3963	2	0	0.000000
3964	2	0	0.000000
3965	2	0	0.000000
3966	2	5	0.000000
3967	2	0	0.000000
3968	2	0	0.000000
3969	2	0	0.000000
3970	2	1	0.000000
3971	2	3	0.000000
3972	2	0	0.000000
3973	3	3	0.000000
3974	3	3	0.000000
3975	3	1	0.000000
3976	3	0	0.000000
3977	3	1	0.000000
3978	3	3	0.000000
3979	3	3	0.000000
3980	3	3	0.000000
3981	3	3	0.000000
3982	3	0	0.000000
3983	3	3	0.000000
3984	3	0	0.000000
3985	3	3	0.000000
3986	2	5	0.000000
3987	2	0	0.000000
3988	2	5	0.000000
3989	2	0	0.000000
3990	2	5	0.000000
3991	2	0	0.000000
3992	2	0	0.000000
3993	2	5	0.000000
3994	2	2	0.000000
3995	2	0	0.000000
3996	2	2	0.000000
3997	2	0	0.000000
3998	2	0	0.000000
3999	1	1	0.000000
4000	1	3	0.000000
4001	2	0	0.000000
4002	1	1	0.000000
4003	1	3	0.000000
4004	1	3	0.000000
4005	1	0	0.000000
4006	1	3	0.000000
4007	2	2	0.000000
4008	2	0	0.000000
4009	1	3	0.000000
4010	1	3	0.000000
4011	2	0	0.000000
4012	2	0	0.000000
4013	2	0	0.000000
4014	2	5	0.000000
4015	2	0	0.000000
4016	2	0	0.000000
4017	2	0	0.000000
4018	2	1	0.000000
4019	2	0	0.000000
4020	2	0	0.000000
4021	2	2	0.000000
4022	2	0	0.000000
4023	2	0	0.000000
4024	2	4	0.000000
4025	3	3	0.000000
4026	3	3	0.000000
4027	3	3	0.000000
4028	3	2	0.000000
4029	3	3	0.000000
4030	3	1	0.000000
4031	3	1	0.000000
4032	3	0	0.000000
4033	2	5	0.000000
4034	3	3	0.000000
4035	3	3	0.000000
4036	2	3	0.000000
4037	2	0	0.000000
4038	2	0	0.000000
4039	2	4	0.000000
4040	2	0	0.000000
4041	2	5	0.000000
4042	2	1	0.000000
4043	2	0	0.000000
4044	2	0	0.000000
4045	2	0	0.000000
4046	2	3	0.000000
4047	2	5	0.000000
4048	2	0	0.000000
4049	2	0	0.000000
4050	2	2	0.000000
4051	2	0	0.000000
4052	2	0	0.000000
4053	2	4	0.000000
4054	2	2	0.000000
4055	2	4	0.000000
4056	2	5	0.000000
4057	2	0	0.000000
4058	2	0	0.000000
4059	3	3	0.000000
4060	3	3	0.000000
4061	2	5	0.000000
4062	2	3	0.000000
4063	2	2	0.000000
4064	2	1	49.776000
4065	0	0	0.000000
