StartTime	2015/10/21 04:06:32
FinishTime	2015/10/21 04:07:22
ElapsedTime	50.000000
/home/daisuke/git/ReinforcementLearning/log/EV3LineTracer_20151021020428_10Setting_20151021020429.log
0	1.000000
1	0.125000	0.125000	0.625000	0.125000
2	0.083333	0.083333	0.583333	0.083333	0.083333	0.083333
3	0.125000	0.125000	0.625000	0.125000
4	0.125000	0.125000	0.625000	0.125000
5	0.125000	0.125000	0.125000	0.625000
6	0.125000	0.125000	0.125000	0.625000
3843
0	2	2	0.000000
1	2	2	0.000000
2	2	3	0.000000
3	2	2	0.000000
4	2	3	0.000000
5	2	2	0.000000
6	2	0	0.000000
7	2	0	0.000000
8	2	2	0.000000
9	2	5	0.000000
10	2	2	0.000000
11	2	5	0.000000
12	2	3	0.000000
13	2	1	0.000000
14	2	2	0.000000
15	2	2	0.000000
16	2	2	0.000000
17	1	3	0.000000
18	1	2	0.000000
19	1	0	0.000000
20	1	2	0.000000
21	1	2	0.000000
22	1	2	0.000000
23	1	2	0.000000
24	1	3	0.000000
25	1	2	0.000000
26	2	2	0.000000
27	2	0	0.000000
28	2	2	0.000000
29	2	2	0.000000
30	2	3	0.000000
31	3	2	0.000000
32	3	2	0.000000
33	4	2	0.000000
34	3	1	0.000000
35	3	0	0.000000
36	3	3	0.000000
37	3	2	0.000000
38	3	2	0.000000
39	3	2	0.000000
40	3	2	0.000000
41	3	3	0.000000
42	3	1	0.000000
43	3	2	0.000000
44	2	2	0.000000
45	2	2	0.000000
46	2	3	0.000000
47	2	2	0.000000
48	1	2	0.000000
49	1	0	0.000000
50	1	2	0.000000
51	1	2	0.000000
52	1	2	0.000000
53	1	2	0.000000
54	1	0	0.000000
55	1	0	0.000000
56	1	3	0.000000
57	1	2	0.000000
58	1	3	0.000000
59	1	2	0.000000
60	1	2	0.000000
61	1	2	0.000000
62	1	2	0.000000
63	2	2	0.000000
64	2	2	0.000000
65	2	2	0.000000
66	2	2	0.000000
67	2	2	0.000000
68	2	2	0.000000
69	2	0	0.000000
70	2	2	0.000000
71	3	2	0.000000
72	3	1	0.000000
73	3	3	0.000000
74	3	3	0.000000
75	3	2	0.000000
76	2	2	0.000000
77	2	2	0.000000
78	2	4	0.000000
79	2	3	0.000000
80	2	1	0.000000
81	2	3	0.000000
82	2	2	0.000000
83	2	2	0.000000
84	2	2	0.000000
85	2	2	0.000000
86	2	3	0.000000
87	2	5	0.000000
88	2	2	0.000000
89	2	3	0.000000
90	2	2	0.000000
91	2	4	0.000000
92	2	2	0.000000
93	2	2	0.000000
94	2	0	0.000000
95	2	4	0.000000
96	1	2	0.000000
97	1	2	0.000000
98	1	2	0.000000
99	1	0	0.000000
100	1	2	0.000000
101	1	2	0.000000
102	1	2	0.000000
103	1	2	0.000000
104	1	2	0.000000
105	1	0	0.000000
106	2	5	0.000000
107	2	0	0.000000
108	2	2	0.000000
109	2	2	0.000000
110	3	2	0.000000
111	3	1	0.000000
112	3	2	0.000000
113	3	1	0.000000
114	3	2	0.000000
115	3	1	0.000000
116	3	2	0.000000
117	3	2	0.000000
118	3	0	0.000000
119	2	0	0.000000
120	2	2	0.000000
121	2	2	0.000000
122	2	4	0.000000
123	2	2	0.000000
124	2	4	0.000000
125	2	2	0.000000
126	2	5	0.000000
127	2	1	0.000000
128	2	3	0.000000
129	2	5	0.000000
130	2	4	0.000000
131	2	2	0.000000
132	2	2	0.000000
133	2	3	0.000000
134	2	4	0.000000
135	2	2	0.000000
136	2	1	0.000000
137	2	2	0.000000
138	2	2	0.000000
139	2	1	0.000000
140	2	2	0.000000
141	2	2	0.000000
142	2	2	0.000000
143	2	2	0.000000
144	2	2	0.000000
145	2	4	0.000000
146	2	2	0.000000
147	1	2	0.000000
148	1	2	0.000000
149	1	2	0.000000
150	1	2	0.000000
151	1	3	0.000000
152	1	2	0.000000
153	1	2	0.000000
154	1	2	0.000000
155	1	2	0.000000
156	1	2	0.000000
157	1	2	0.000000
158	1	2	0.000000
159	2	2	0.000000
160	2	1	0.000000
161	2	0	0.000000
162	2	2	0.000000
163	2	2	0.000000
164	2	2	0.000000
165	2	2	0.000000
166	3	2	0.000000
167	3	2	0.000000
168	3	2	0.000000
169	3	0	0.000000
170	3	2	0.000000
171	3	1	0.000000
172	3	2	0.000000
173	3	1	0.000000
174	3	2	0.000000
175	3	1	0.000000
176	3	2	0.000000
177	2	2	0.000000
178	2	2	0.000000
179	2	2	0.000000
180	2	2	0.000000
181	2	4	0.000000
182	2	2	0.000000
183	2	2	0.000000
184	2	2	0.000000
185	2	0	0.000000
186	2	2	0.000000
187	2	2	0.000000
188	2	3	0.000000
189	2	2	0.000000
190	2	3	0.000000
191	2	5	0.000000
192	2	2	0.000000
193	1	3	0.000000
194	1	2	0.000000
195	1	2	0.000000
196	1	2	0.000000
197	1	2	0.000000
198	1	1	0.000000
199	1	2	0.000000
200	1	2	0.000000
201	1	2	0.000000
202	1	2	0.000000
203	1	0	0.000000
204	1	2	0.000000
205	2	2	0.000000
206	2	4	0.000000
207	2	2	0.000000
208	2	2	0.000000
209	3	1	0.000000
210	3	3	0.000000
211	3	2	0.000000
212	3	0	0.000000
213	3	3	0.000000
214	3	1	0.000000
215	3	2	0.000000
216	3	2	0.000000
217	3	2	0.000000
218	3	2	0.000000
219	2	3	0.000000
220	2	2	0.000000
221	2	2	0.000000
222	2	2	0.000000
223	2	2	0.000000
224	2	2	0.000000
225	1	2	0.000000
226	1	3	0.000000
227	2	4	0.000000
228	2	2	0.000000
229	1	2	0.000000
230	1	2	0.000000
231	1	1	0.000000
232	2	2	0.000000
233	2	2	0.000000
234	2	2	0.000000
235	2	0	0.000000
236	2	2	0.000000
237	2	2	0.000000
238	2	2	0.000000
239	2	2	0.000000
240	2	4	0.000000
241	2	2	0.000000
242	2	2	0.000000
243	2	2	0.000000
244	2	2	0.000000
245	2	2	0.000000
246	2	2	0.000000
247	2	4	0.000000
248	1	2	0.000000
249	1	0	0.000000
250	1	2	0.000000
251	1	2	0.000000
252	1	2	0.000000
253	1	2	0.000000
254	1	2	0.000000
255	1	2	0.000000
256	1	3	0.000000
257	1	2	0.000000
258	1	2	0.000000
259	2	2	0.000000
260	2	2	0.000000
261	2	2	0.000000
262	2	4	0.000000
263	2	2	0.000000
264	2	2	0.000000
265	2	2	0.000000
266	3	2	0.000000
267	3	0	0.000000
268	3	1	0.000000
269	3	3	0.000000
270	2	2	0.000000
271	2	2	0.000000
272	2	2	0.000000
273	2	2	0.000000
274	2	0	0.000000
275	2	2	0.000000
276	2	2	0.000000
277	2	4	0.000000
278	2	1	0.000000
279	1	3	0.000000
280	1	0	0.000000
281	1	2	0.000000
282	1	2	0.000000
283	1	3	0.000000
284	1	2	0.000000
285	1	3	0.000000
286	1	2	0.000000
287	1	2	0.000000
288	1	3	0.000000
289	2	2	0.000000
290	2	2	0.000000
291	2	4	0.000000
292	2	0	0.000000
293	2	2	0.000000
294	2	2	0.000000
295	2	2	0.000000
296	2	1	0.000000
297	2	2	0.000000
298	2	2	0.000000
299	2	2	0.000000
300	2	1	0.000000
301	2	4	0.000000
302	2	2	0.000000
303	2	2	0.000000
304	2	2	0.000000
305	2	3	0.000000
306	2	2	0.000000
307	2	0	0.000000
308	1	2	0.000000
309	1	0	0.000000
310	1	1	0.000000
311	1	2	0.000000
312	1	0	0.000000
313	1	2	0.000000
314	2	3	0.000000
315	1	2	0.000000
316	1	2	0.000000
317	1	1	0.000000
318	2	1	0.000000
319	2	2	0.000000
320	2	5	0.000000
321	2	2	0.000000
322	2	0	0.000000
323	3	2	0.000000
324	4	0	0.000000
325	4	2	0.000000
326	4	3	0.000000
327	4	2	0.000000
328	4	2	0.000000
329	4	0	0.000000
330	4	2	0.000000
331	3	2	0.000000
332	3	2	0.000000
333	3	2	0.000000
334	3	2	0.000000
335	3	2	0.000000
336	3	1	0.000000
337	3	2	0.000000
338	3	2	0.000000
339	3	2	0.000000
340	2	2	0.000000
341	2	2	0.000000
342	2	3	0.000000
343	2	2	0.000000
344	2	3	0.000000
345	2	3	0.000000
346	2	2	0.000000
347	2	2	0.000000
348	2	2	0.000000
349	2	3	0.000000
350	2	2	0.000000
351	2	1	0.000000
352	2	3	0.000000
353	2	4	0.000000
354	2	2	0.000000
355	2	2	0.000000
356	2	2	0.000000
357	2	2	0.000000
358	2	3	0.000000
359	2	1	0.000000
360	3	2	0.000000
361	3	1	0.000000
362	2	2	0.000000
363	2	2	0.000000
364	2	3	0.000000
365	2	5	0.000000
366	2	0	0.000000
367	2	2	0.000000
368	2	2	0.000000
369	2	3	0.000000
370	2	2	0.000000
371	2	4	0.000000
372	2	2	0.000000
373	2	4	0.000000
374	2	2	0.000000
375	2	2	0.000000
376	2	2	0.000000
377	2	2	0.000000
378	2	1	0.000000
379	2	4	0.000000
380	2	2	0.000000
381	2	2	0.000000
382	2	2	0.000000
383	2	1	0.000000
384	2	2	0.000000
385	2	1	0.000000
386	1	0	0.000000
387	1	2	0.000000
388	1	2	0.000000
389	1	1	0.000000
390	2	5	0.000000
391	2	3	0.000000
392	2	2	0.000000
393	2	2	0.000000
394	2	1	0.000000
395	2	1	0.000000
396	2	2	0.000000
397	2	2	0.000000
398	3	2	0.000000
399	3	2	0.000000
400	3	1	0.000000
401	3	3	0.000000
402	3	1	0.000000
403	3	2	0.000000
404	2	2	0.000000
405	2	5	0.000000
406	2	4	0.000000
407	2	2	0.000000
408	2	2	0.000000
409	2	0	0.000000
410	1	1	0.000000
411	1	2	0.000000
412	1	0	0.000000
413	2	3	0.000000
414	2	3	0.000000
415	2	2	0.000000
416	2	2	0.000000
417	2	2	0.000000
418	2	2	0.000000
419	2	4	0.000000
420	2	4	0.000000
421	2	5	0.000000
422	2	4	0.000000
423	3	1	0.000000
424	3	3	0.000000
425	2	2	0.000000
426	2	2	0.000000
427	2	2	0.000000
428	2	2	0.000000
429	2	5	0.000000
430	1	0	0.000000
431	1	1	0.000000
432	1	2	0.000000
433	1	2	0.000000
434	1	3	0.000000
435	1	2	0.000000
436	1	2	0.000000
437	1	2	0.000000
438	1	2	0.000000
439	1	2	0.000000
440	1	2	0.000000
441	2	0	0.000000
442	2	2	0.000000
443	3	3	0.000000
444	3	2	0.000000
445	4	2	0.000000
446	4	2	0.000000
447	4	2	0.000000
448	4	3	0.000000
449	5	0	0.000000
450	5	3	0.000000
451	4	2	0.000000
452	4	2	0.000000
453	4	0	0.000000
454	4	2	0.000000
455	3	2	0.000000
456	3	0	0.000000
457	3	2	0.000000
458	3	2	0.000000
459	3	0	0.000000
460	2	3	0.000000
461	2	1	0.000000
462	2	4	0.000000
463	2	1	0.000000
464	2	2	0.000000
465	2	0	0.000000
466	2	2	0.000000
467	2	2	0.000000
468	2	2	0.000000
469	2	2	0.000000
470	2	0	0.000000
471	2	2	0.000000
472	2	4	0.000000
473	2	2	0.000000
474	2	2	0.000000
475	2	3	0.000000
476	2	4	0.000000
477	2	2	0.000000
478	3	2	0.000000
479	3	3	0.000000
480	2	5	0.000000
481	2	1	0.000000
482	1	2	0.000000
483	1	1	0.000000
484	1	2	0.000000
485	1	1	0.000000
486	1	2	0.000000
487	1	0	0.000000
488	1	2	0.000000
489	1	2	0.000000
490	1	2	0.000000
491	1	3	0.000000
492	2	2	0.000000
493	2	2	0.000000
494	2	5	0.000000
495	2	2	0.000000
496	2	5	0.000000
497	2	2	0.000000
498	2	2	0.000000
499	2	4	0.000000
500	2	2	0.000000
501	2	2	0.000000
502	2	2	0.000000
503	2	3	0.000000
504	2	5	0.000000
505	2	2	0.000000
506	2	2	0.000000
507	2	2	0.000000
508	2	2	0.000000
509	2	0	0.000000
510	2	2	0.000000
511	2	3	0.000000
512	2	2	0.000000
513	2	2	0.000000
514	2	2	0.000000
515	2	2	0.000000
516	2	5	0.000000
517	2	2	0.000000
518	2	2	0.000000
519	2	2	0.000000
520	2	2	0.000000
521	2	2	0.000000
522	2	0	0.000000
523	2	2	0.000000
524	2	0	0.000000
525	2	2	0.000000
526	2	2	0.000000
527	2	2	0.000000
528	2	4	0.000000
529	3	3	0.000000
530	3	2	0.000000
531	3	3	0.000000
532	3	0	0.000000
533	3	3	0.000000
534	3	1	0.000000
535	3	2	0.000000
536	3	0	0.000000
537	2	2	0.000000
538	3	2	0.000000
539	3	2	0.000000
540	2	3	0.000000
541	2	2	0.000000
542	2	4	0.000000
543	2	3	0.000000
544	2	2	0.000000
545	2	5	0.000000
546	2	2	0.000000
547	2	2	0.000000
548	2	1	0.000000
549	2	1	0.000000
550	3	3	0.000000
551	3	2	0.000000
552	3	1	0.000000
553	3	3	0.000000
554	3	0	0.000000
555	3	0	0.000000
556	3	2	0.000000
557	3	3	0.000000
558	3	0	0.000000
559	2	2	0.000000
560	2	2	0.000000
561	2	2	0.000000
562	2	1	0.000000
563	2	2	0.000000
564	2	1	0.000000
565	2	0	0.000000
566	2	1	0.000000
567	2	0	0.000000
568	2	2	0.000000
569	2	2	0.000000
570	2	2	0.000000
571	2	3	0.000000
572	2	2	0.000000
573	2	2	0.000000
574	2	4	0.000000
575	2	2	0.000000
576	2	2	0.000000
577	2	2	0.000000
578	2	2	0.000000
579	2	4	0.000000
580	2	5	0.000000
581	2	2	0.000000
582	2	2	0.000000
583	2	2	0.000000
584	2	0	0.000000
585	2	3	0.000000
586	2	0	0.000000
587	2	2	0.000000
588	2	2	0.000000
589	2	4	0.000000
590	2	2	0.000000
591	2	2	0.000000
592	2	2	0.000000
593	2	3	0.000000
594	2	2	0.000000
595	2	2	0.000000
596	2	2	0.000000
597	2	4	0.000000
598	2	2	0.000000
599	2	1	0.000000
600	2	2	0.000000
601	2	1	0.000000
602	1	0	0.000000
603	1	0	0.000000
604	1	2	0.000000
605	1	3	0.000000
606	1	0	0.000000
607	1	2	0.000000
608	1	1	0.000000
609	1	2	0.000000
610	1	3	0.000000
611	1	2	0.000000
612	2	1	0.000000
613	2	1	0.000000
614	2	2	0.000000
615	2	3	0.000000
616	2	2	0.000000
617	3	3	0.000000
618	3	2	0.000000
619	3	2	0.000000
620	3	2	0.000000
621	3	2	0.000000
622	3	0	0.000000
623	3	2	0.000000
624	3	2	0.000000
625	3	2	0.000000
626	3	2	0.000000
627	3	2	0.000000
628	3	2	0.000000
629	3	0	0.000000
630	3	2	0.000000
631	3	0	0.000000
632	3	2	0.000000
633	3	2	0.000000
634	3	2	0.000000
635	3	2	0.000000
636	3	2	0.000000
637	3	2	0.000000
638	3	2	0.000000
639	3	2	0.000000
640	3	0	0.000000
641	3	3	0.000000
642	3	2	0.000000
643	3	0	0.000000
644	3	2	0.000000
645	3	2	0.000000
646	3	2	0.000000
647	3	2	0.000000
648	3	2	0.000000
649	3	2	0.000000
650	3	3	0.000000
651	3	3	0.000000
652	3	0	0.000000
653	3	2	0.000000
654	3	2	0.000000
655	3	2	0.000000
656	3	2	0.000000
657	3	2	0.000000
658	3	1	0.000000
659	3	0	0.000000
660	3	2	0.000000
661	3	2	0.000000
662	3	0	0.000000
663	3	2	0.000000
664	3	1	0.000000
665	3	2	0.000000
666	3	0	0.000000
667	3	1	0.000000
668	3	1	0.000000
669	3	3	0.000000
670	3	2	0.000000
671	3	0	0.000000
672	3	2	0.000000
673	3	3	0.000000
674	3	0	0.000000
675	3	2	0.000000
676	3	2	0.000000
677	3	2	0.000000
678	3	3	0.000000
679	3	0	0.000000
680	3	2	0.000000
681	3	1	0.000000
682	3	3	0.000000
683	2	5	0.000000
684	2	5	0.000000
685	2	2	0.000000
686	2	5	0.000000
687	2	3	0.000000
688	2	0	0.000000
689	2	2	0.000000
690	2	2	0.000000
691	2	2	0.000000
692	2	0	0.000000
693	2	1	0.000000
694	2	5	0.000000
695	2	3	0.000000
696	2	2	0.000000
697	2	2	0.000000
698	2	4	0.000000
699	2	2	0.000000
700	2	2	0.000000
701	2	0	0.000000
702	2	0	0.000000
703	2	2	0.000000
704	2	4	0.000000
705	2	5	0.000000
706	2	5	0.000000
707	2	2	0.000000
708	2	1	0.000000
709	2	2	0.000000
710	2	2	0.000000
711	2	2	0.000000
712	2	2	0.000000
713	2	0	0.000000
714	2	2	0.000000
715	2	2	0.000000
716	2	2	0.000000
717	2	2	0.000000
718	2	1	0.000000
719	1	2	0.000000
720	2	2	0.000000
721	1	3	0.000000
722	1	1	0.000000
723	1	2	0.000000
724	1	0	0.000000
725	1	2	0.000000
726	1	2	0.000000
727	1	3	0.000000
728	1	2	0.000000
729	1	0	0.000000
730	2	5	0.000000
731	2	4	0.000000
732	2	2	0.000000
733	2	2	0.000000
734	2	2	0.000000
735	2	0	0.000000
736	2	2	0.000000
737	2	2	0.000000
738	2	2	0.000000
739	2	2	0.000000
740	2	2	0.000000
741	2	2	0.000000
742	2	1	0.000000
743	2	2	0.000000
744	2	2	0.000000
745	2	2	0.000000
746	2	5	0.000000
747	2	4	0.000000
748	2	2	0.000000
749	2	3	0.000000
750	2	2	0.000000
751	2	2	0.000000
752	2	2	0.000000
753	2	2	0.000000
754	2	4	0.000000
755	2	5	0.000000
756	2	2	0.000000
757	2	2	0.000000
758	2	2	0.000000
759	2	2	0.000000
760	2	1	0.000000
761	2	2	0.000000
762	2	2	0.000000
763	2	2	0.000000
764	2	2	0.000000
765	2	4	0.000000
766	2	4	0.000000
767	2	4	0.000000
768	1	2	0.000000
769	1	2	0.000000
770	1	3	0.000000
771	1	1	0.000000
772	1	2	0.000000
773	1	2	0.000000
774	1	2	0.000000
775	1	2	0.000000
776	1	0	0.000000
777	1	2	0.000000
778	1	2	0.000000
779	1	2	0.000000
780	2	0	0.000000
781	2	2	0.000000
782	2	2	0.000000
783	2	2	0.000000
784	2	4	0.000000
785	3	3	0.000000
786	3	2	0.000000
787	3	2	0.000000
788	3	2	0.000000
789	3	1	0.000000
790	3	0	0.000000
791	3	2	0.000000
792	3	2	0.000000
793	3	2	0.000000
794	3	0	0.000000
795	3	1	0.000000
796	3	2	0.000000
797	3	2	0.000000
798	3	2	0.000000
799	3	2	0.000000
800	3	2	0.000000
801	3	3	0.000000
802	3	0	0.000000
803	3	2	0.000000
804	3	3	0.000000
805	3	0	0.000000
806	3	2	0.000000
807	3	2	0.000000
808	3	2	0.000000
809	3	3	0.000000
810	3	2	0.000000
811	3	2	0.000000
812	3	1	0.000000
813	3	2	0.000000
814	3	2	0.000000
815	3	2	0.000000
816	3	2	0.000000
817	3	2	0.000000
818	3	2	0.000000
819	3	3	0.000000
820	3	2	0.000000
821	3	2	0.000000
822	3	2	0.000000
823	3	0	0.000000
824	3	2	0.000000
825	3	3	0.000000
826	3	2	0.000000
827	3	2	0.000000
828	3	2	0.000000
829	3	3	0.000000
830	3	3	0.000000
831	3	2	0.000000
832	3	2	0.000000
833	3	3	0.000000
834	3	3	0.000000
835	3	2	0.000000
836	4	2	0.000000
837	4	2	0.000000
838	3	2	0.000000
839	3	2	0.000000
840	3	1	0.000000
841	3	1	0.000000
842	3	2	0.000000
843	3	2	0.000000
844	3	2	0.000000
845	3	0	0.000000
846	3	2	0.000000
847	4	2	0.000000
848	3	3	0.000000
849	3	2	0.000000
850	3	2	0.000000
851	3	2	0.000000
852	3	1	0.000000
853	3	2	0.000000
854	3	0	0.000000
855	3	3	0.000000
856	3	0	0.000000
857	3	2	0.000000
858	3	2	0.000000
859	3	2	0.000000
860	3	2	0.000000
861	3	2	0.000000
862	3	2	0.000000
863	3	2	0.000000
864	3	3	0.000000
865	3	0	0.000000
866	3	0	0.000000
867	3	3	0.000000
868	3	1	0.000000
869	3	0	0.000000
870	3	2	0.000000
871	3	2	0.000000
872	3	2	0.000000
873	3	2	0.000000
874	3	2	0.000000
875	3	1	0.000000
876	3	2	0.000000
877	3	2	0.000000
878	3	2	0.000000
879	3	2	0.000000
880	3	2	0.000000
881	3	3	0.000000
882	3	3	0.000000
883	3	3	0.000000
884	3	2	0.000000
885	3	0	0.000000
886	3	2	0.000000
887	3	2	0.000000
888	3	2	0.000000
889	3	2	0.000000
890	2	2	0.000000
891	2	2	0.000000
892	2	0	0.000000
893	2	2	0.000000
894	2	2	0.000000
895	2	0	0.000000
896	2	2	0.000000
897	2	5	0.000000
898	2	2	0.000000
899	2	4	0.000000
900	2	1	0.000000
901	2	2	0.000000
902	2	3	0.000000
903	2	4	0.000000
904	2	0	0.000000
905	2	2	0.000000
906	2	0	0.000000
907	2	4	0.000000
908	2	2	0.000000
909	2	2	0.000000
910	2	2	0.000000
911	2	0	0.000000
912	2	2	0.000000
913	2	2	0.000000
914	2	3	0.000000
915	2	2	0.000000
916	2	2	0.000000
917	2	4	0.000000
918	2	3	0.000000
919	2	0	0.000000
920	1	2	0.000000
921	1	2	0.000000
922	1	3	0.000000
923	1	2	0.000000
924	1	2	0.000000
925	1	2	0.000000
926	1	2	0.000000
927	1	2	0.000000
928	2	1	0.000000
929	2	2	0.000000
930	2	2	0.000000
931	2	3	0.000000
932	2	2	0.000000
933	3	2	0.000000
934	3	2	0.000000
935	3	2	0.000000
936	3	1	0.000000
937	3	0	0.000000
938	3	1	0.000000
939	3	2	0.000000
940	3	0	0.000000
941	3	2	0.000000
942	3	2	0.000000
943	3	1	0.000000
944	3	2	0.000000
945	3	0	0.000000
946	2	2	0.000000
947	2	2	0.000000
948	2	2	0.000000
949	2	0	0.000000
950	2	2	0.000000
951	2	2	0.000000
952	2	2	0.000000
953	2	0	0.000000
954	2	5	0.000000
955	2	2	0.000000
956	2	2	0.000000
957	2	2	0.000000
958	2	2	0.000000
959	2	2	0.000000
960	2	3	0.000000
961	2	3	0.000000
962	2	2	0.000000
963	2	2	0.000000
964	2	2	0.000000
965	2	4	0.000000
966	2	2	0.000000
967	2	2	0.000000
968	2	2	0.000000
969	2	2	0.000000
970	2	2	0.000000
971	2	2	0.000000
972	2	2	0.000000
973	2	2	0.000000
974	2	4	0.000000
975	2	2	0.000000
976	1	2	0.000000
977	1	1	0.000000
978	1	3	0.000000
979	1	0	0.000000
980	1	0	0.000000
981	1	1	0.000000
982	1	0	0.000000
983	1	2	0.000000
984	1	2	0.000000
985	1	2	0.000000
986	1	2	0.000000
987	1	3	0.000000
988	1	3	0.000000
989	1	2	0.000000
990	1	2	0.000000
991	1	2	0.000000
992	2	0	0.000000
993	2	2	0.000000
994	2	1	0.000000
995	2	2	0.000000
996	2	2	0.000000
997	2	5	0.000000
998	3	2	0.000000
999	3	2	0.000000
1000	3	2	0.000000
1001	3	2	0.000000
1002	3	2	0.000000
1003	3	2	0.000000
1004	3	1	0.000000
1005	3	0	0.000000
1006	3	2	0.000000
1007	3	0	0.000000
1008	2	1	0.000000
1009	2	2	0.000000
1010	2	4	0.000000
1011	2	4	0.000000
1012	2	2	0.000000
1013	2	2	0.000000
1014	2	2	0.000000
1015	2	1	0.000000
1016	2	2	0.000000
1017	2	2	0.000000
1018	2	4	0.000000
1019	2	2	0.000000
1020	2	3	0.000000
1021	2	0	0.000000
1022	2	2	0.000000
1023	2	2	0.000000
1024	2	4	0.000000
1025	2	2	0.000000
1026	1	3	0.000000
1027	1	2	0.000000
1028	2	2	0.000000
1029	2	3	0.000000
1030	2	2	0.000000
1031	1	3	0.000000
1032	1	3	0.000000
1033	1	2	0.000000
1034	1	2	0.000000
1035	1	2	0.000000
1036	1	2	0.000000
1037	2	1	0.000000
1038	2	1	0.000000
1039	2	2	0.000000
1040	2	5	0.000000
1041	2	5	0.000000
1042	2	2	0.000000
1043	3	0	0.000000
1044	3	2	0.000000
1045	3	2	0.000000
1046	3	2	0.000000
1047	3	2	0.000000
1048	3	2	0.000000
1049	2	5	0.000000
1050	2	2	0.000000
1051	2	1	0.000000
1052	2	2	0.000000
1053	2	2	0.000000
1054	2	4	0.000000
1055	2	3	0.000000
1056	2	3	0.000000
1057	1	2	0.000000
1058	1	2	0.000000
1059	1	2	0.000000
1060	1	1	0.000000
1061	1	2	0.000000
1062	1	2	0.000000
1063	1	2	0.000000
1064	1	2	0.000000
1065	1	2	0.000000
1066	1	2	0.000000
1067	2	2	0.000000
1068	2	2	0.000000
1069	3	2	0.000000
1070	3	3	0.000000
1071	3	2	0.000000
1072	3	0	0.000000
1073	3	2	0.000000
1074	3	3	0.000000
1075	4	2	0.000000
1076	4	1	0.000000
1077	4	2	0.000000
1078	4	2	0.000000
1079	4	2	0.000000
1080	4	1	0.000000
1081	4	2	0.000000
1082	3	2	0.000000
1083	4	1	0.000000
1084	4	3	0.000000
1085	4	2	0.000000
1086	4	2	0.000000
1087	4	2	0.000000
1088	4	2	0.000000
1089	4	2	0.000000
1090	4	1	0.000000
1091	4	2	0.000000
1092	4	1	0.000000
1093	4	2	0.000000
1094	4	2	0.000000
1095	4	2	0.000000
1096	4	3	0.000000
1097	4	0	0.000000
1098	4	2	0.000000
1099	4	2	0.000000
1100	4	3	0.000000
1101	4	2	0.000000
1102	4	1	0.000000
1103	4	2	0.000000
1104	4	2	0.000000
1105	4	1	0.000000
1106	4	2	0.000000
1107	4	2	0.000000
1108	4	3	0.000000
1109	4	2	0.000000
1110	4	2	0.000000
1111	4	2	0.000000
1112	4	3	0.000000
1113	4	2	0.000000
1114	4	2	0.000000
1115	4	1	0.000000
1116	4	2	0.000000
1117	4	2	0.000000
1118	4	2	0.000000
1119	4	2	0.000000
1120	4	2	0.000000
1121	4	2	0.000000
1122	4	2	0.000000
1123	4	2	0.000000
1124	4	2	0.000000
1125	4	2	0.000000
1126	4	2	0.000000
1127	4	2	0.000000
1128	4	2	0.000000
1129	4	1	0.000000
1130	4	2	0.000000
1131	4	2	0.000000
1132	4	0	0.000000
1133	4	2	0.000000
1134	4	2	0.000000
1135	4	2	0.000000
1136	4	0	0.000000
1137	4	3	0.000000
1138	4	0	0.000000
1139	4	3	0.000000
1140	4	2	0.000000
1141	4	1	0.000000
1142	4	2	0.000000
1143	4	1	0.000000
1144	4	3	0.000000
1145	4	2	0.000000
1146	4	2	0.000000
1147	4	2	0.000000
1148	4	2	0.000000
1149	4	2	0.000000
1150	4	1	0.000000
1151	4	2	0.000000
1152	4	2	0.000000
1153	4	0	0.000000
1154	4	1	0.000000
1155	4	3	0.000000
1156	4	2	0.000000
1157	4	1	0.000000
1158	4	2	0.000000
1159	4	1	0.000000
1160	4	1	0.000000
1161	4	0	0.000000
1162	4	0	0.000000
1163	3	1	0.000000
1164	3	2	0.000000
1165	3	2	0.000000
1166	3	3	0.000000
1167	3	2	0.000000
1168	3	2	0.000000
1169	3	1	0.000000
1170	3	2	0.000000
1171	3	2	0.000000
1172	3	2	0.000000
1173	3	2	0.000000
1174	3	3	0.000000
1175	3	2	0.000000
1176	3	1	0.000000
1177	3	2	0.000000
1178	3	2	0.000000
1179	2	4	0.000000
1180	2	0	0.000000
1181	2	2	0.000000
1182	2	0	0.000000
1183	2	2	0.000000
1184	2	4	0.000000
1185	1	0	0.000000
1186	1	3	0.000000
1187	1	1	0.000000
1188	1	2	0.000000
1189	1	2	0.000000
1190	2	3	0.000000
1191	2	5	0.000000
1192	2	3	0.000000
1193	2	1	0.000000
1194	2	2	0.000000
1195	2	2	0.000000
1196	2	2	0.000000
1197	2	2	0.000000
1198	2	2	0.000000
1199	2	2	0.000000
1200	3	3	0.000000
1201	3	2	0.000000
1202	3	1	0.000000
1203	3	0	0.000000
1204	2	2	0.000000
1205	2	1	0.000000
1206	2	2	0.000000
1207	2	2	0.000000
1208	2	4	0.000000
1209	2	0	0.000000
1210	2	1	0.000000
1211	2	2	0.000000
1212	2	2	0.000000
1213	2	2	0.000000
1214	2	2	0.000000
1215	2	1	0.000000
1216	2	2	0.000000
1217	2	5	0.000000
1218	3	2	0.000000
1219	3	0	0.000000
1220	3	2	0.000000
1221	3	1	0.000000
1222	3	1	0.000000
1223	3	0	0.000000
1224	3	2	0.000000
1225	3	2	0.000000
1226	3	1	0.000000
1227	3	1	0.000000
1228	3	0	0.000000
1229	3	0	0.000000
1230	3	2	0.000000
1231	3	0	0.000000
1232	3	1	0.000000
1233	3	1	0.000000
1234	3	3	0.000000
1235	3	1	0.000000
1236	3	2	0.000000
1237	3	2	0.000000
1238	3	2	0.000000
1239	3	2	0.000000
1240	3	1	0.000000
1241	3	2	0.000000
1242	3	2	0.000000
1243	3	2	0.000000
1244	3	2	0.000000
1245	3	1	0.000000
1246	3	2	0.000000
1247	3	2	0.000000
1248	3	0	0.000000
1249	3	2	0.000000
1250	3	2	0.000000
1251	3	2	0.000000
1252	3	2	0.000000
1253	3	2	0.000000
1254	3	3	0.000000
1255	3	1	0.000000
1256	3	0	0.000000
1257	3	1	0.000000
1258	3	2	0.000000
1259	3	2	0.000000
1260	3	2	0.000000
1261	3	2	0.000000
1262	3	3	0.000000
1263	3	2	0.000000
1264	3	0	0.000000
1265	3	0	0.000000
1266	3	3	0.000000
1267	2	5	0.000000
1268	2	2	0.000000
1269	2	2	0.000000
1270	2	2	0.000000
1271	2	2	0.000000
1272	2	3	0.000000
1273	2	0	0.000000
1274	2	3	0.000000
1275	2	4	0.000000
1276	2	2	0.000000
1277	2	2	0.000000
1278	2	2	0.000000
1279	2	2	0.000000
1280	2	0	0.000000
1281	2	2	0.000000
1282	2	2	0.000000
1283	2	2	0.000000
1284	2	0	0.000000
1285	2	2	0.000000
1286	2	3	0.000000
1287	2	2	0.000000
1288	2	2	0.000000
1289	2	0	0.000000
1290	2	0	0.000000
1291	2	2	0.000000
1292	2	4	0.000000
1293	2	2	0.000000
1294	2	2	0.000000
1295	2	2	0.000000
1296	2	0	0.000000
1297	2	2	0.000000
1298	2	5	0.000000
1299	2	3	0.000000
1300	2	2	0.000000
1301	2	2	0.000000
1302	2	2	0.000000
1303	2	4	0.000000
1304	2	2	0.000000
1305	2	2	0.000000
1306	2	3	0.000000
1307	2	0	0.000000
1308	2	4	0.000000
1309	2	0	0.000000
1310	2	2	0.000000
1311	2	1	0.000000
1312	2	1	0.000000
1313	2	3	0.000000
1314	2	2	0.000000
1315	2	2	0.000000
1316	2	2	0.000000
1317	2	2	0.000000
1318	2	1	0.000000
1319	2	2	0.000000
1320	2	2	0.000000
1321	2	1	0.000000
1322	2	2	0.000000
1323	2	2	0.000000
1324	2	2	0.000000
1325	2	1	0.000000
1326	2	2	0.000000
1327	2	2	0.000000
1328	2	3	0.000000
1329	2	4	0.000000
1330	2	2	0.000000
1331	2	4	0.000000
1332	2	2	0.000000
1333	2	2	0.000000
1334	2	2	0.000000
1335	2	2	0.000000
1336	2	5	0.000000
1337	2	3	0.000000
1338	2	2	0.000000
1339	2	2	0.000000
1340	2	3	0.000000
1341	2	2	0.000000
1342	2	2	0.000000
1343	2	2	0.000000
1344	2	1	0.000000
1345	2	0	0.000000
1346	2	5	0.000000
1347	2	2	0.000000
1348	2	2	0.000000
1349	2	5	0.000000
1350	2	2	0.000000
1351	2	5	0.000000
1352	2	2	0.000000
1353	2	2	0.000000
1354	2	2	0.000000
1355	2	2	0.000000
1356	2	2	0.000000
1357	2	3	0.000000
1358	2	4	0.000000
1359	2	2	0.000000
1360	1	3	0.000000
1361	1	2	0.000000
1362	1	2	0.000000
1363	1	3	0.000000
1364	1	2	0.000000
1365	1	2	0.000000
1366	1	2	0.000000
1367	1	2	0.000000
1368	1	2	0.000000
1369	2	2	0.000000
1370	2	2	0.000000
1371	2	3	0.000000
1372	2	2	0.000000
1373	2	2	0.000000
1374	2	2	0.000000
1375	3	0	0.000000
1376	3	0	0.000000
1377	3	2	0.000000
1378	3	3	0.000000
1379	3	2	0.000000
1380	3	2	0.000000
1381	3	2	0.000000
1382	3	2	0.000000
1383	3	2	0.000000
1384	3	2	0.000000
1385	3	1	0.000000
1386	3	2	0.000000
1387	3	0	0.000000
1388	3	1	0.000000
1389	3	2	0.000000
1390	3	2	0.000000
1391	3	2	0.000000
1392	3	2	0.000000
1393	3	2	0.000000
1394	3	0	0.000000
1395	4	2	0.000000
1396	4	3	0.000000
1397	4	3	0.000000
1398	4	2	0.000000
1399	4	2	0.000000
1400	4	2	0.000000
1401	4	2	0.000000
1402	4	1	0.000000
1403	4	2	0.000000
1404	4	2	0.000000
1405	4	2	0.000000
1406	4	2	0.000000
1407	4	2	0.000000
1408	4	1	0.000000
1409	4	2	0.000000
1410	4	2	0.000000
1411	4	0	0.000000
1412	4	3	0.000000
1413	4	3	0.000000
1414	4	0	0.000000
1415	4	2	0.000000
1416	4	0	0.000000
1417	4	2	0.000000
1418	4	2	0.000000
1419	4	1	0.000000
1420	4	3	0.000000
1421	4	2	0.000000
1422	4	2	0.000000
1423	4	2	0.000000
1424	4	2	0.000000
1425	4	2	0.000000
1426	4	0	0.000000
1427	4	2	0.000000
1428	4	0	0.000000
1429	4	2	0.000000
1430	4	3	0.000000
1431	4	3	0.000000
1432	4	2	0.000000
1433	4	3	0.000000
1434	4	2	0.000000
1435	4	1	0.000000
1436	4	0	0.000000
1437	4	3	0.000000
1438	4	2	0.000000
1439	4	2	0.000000
1440	4	0	0.000000
1441	4	2	0.000000
1442	4	2	0.000000
1443	4	1	0.000000
1444	4	2	0.000000
1445	4	2	0.000000
1446	4	2	0.000000
1447	4	2	0.000000
1448	4	0	0.000000
1449	4	2	0.000000
1450	4	0	0.000000
1451	4	3	0.000000
1452	4	2	0.000000
1453	4	1	0.000000
1454	4	0	0.000000
1455	4	2	0.000000
1456	4	0	0.000000
1457	4	3	0.000000
1458	4	3	0.000000
1459	4	2	0.000000
1460	4	2	0.000000
1461	4	2	0.000000
1462	4	3	0.000000
1463	4	2	0.000000
1464	4	2	0.000000
1465	4	2	0.000000
1466	4	2	0.000000
1467	4	2	0.000000
1468	4	2	0.000000
1469	4	1	0.000000
1470	4	2	0.000000
1471	4	2	0.000000
1472	4	3	0.000000
1473	4	2	0.000000
1474	3	1	0.000000
1475	3	3	0.000000
1476	3	2	0.000000
1477	3	3	0.000000
1478	3	2	0.000000
1479	3	2	0.000000
1480	3	1	0.000000
1481	3	2	0.000000
1482	3	2	0.000000
1483	3	2	0.000000
1484	3	2	0.000000
1485	3	2	0.000000
1486	3	2	0.000000
1487	3	2	0.000000
1488	3	3	0.000000
1489	3	3	0.000000
1490	2	4	0.000000
1491	2	2	0.000000
1492	2	4	0.000000
1493	2	2	0.000000
1494	2	5	0.000000
1495	1	2	0.000000
1496	1	2	0.000000
1497	1	1	0.000000
1498	1	1	0.000000
1499	1	0	0.000000
1500	1	0	0.000000
1501	1	2	0.000000
1502	1	2	0.000000
1503	1	2	0.000000
1504	1	2	0.000000
1505	1	0	0.000000
1506	1	2	0.000000
1507	1	2	0.000000
1508	1	1	0.000000
1509	1	1	0.000000
1510	1	2	0.000000
1511	1	2	0.000000
1512	1	0	0.000000
1513	1	2	0.000000
1514	1	2	0.000000
1515	1	0	0.000000
1516	1	0	0.000000
1517	1	2	0.000000
1518	1	2	0.000000
1519	1	2	0.000000
1520	1	2	0.000000
1521	1	2	0.000000
1522	1	3	0.000000
1523	1	2	0.000000
1524	1	0	0.000000
1525	1	2	0.000000
1526	1	2	0.000000
1527	1	2	0.000000
1528	1	2	0.000000
1529	1	2	0.000000
1530	1	2	0.000000
1531	1	0	0.000000
1532	1	2	0.000000
1533	1	2	0.000000
1534	2	2	0.000000
1535	1	2	0.000000
1536	1	2	0.000000
1537	1	2	0.000000
1538	1	1	0.000000
1539	1	2	0.000000
1540	1	2	0.000000
1541	1	1	0.000000
1542	1	2	0.000000
1543	2	3	0.000000
1544	1	2	0.000000
1545	1	1	0.000000
1546	1	1	0.000000
1547	1	0	0.000000
1548	1	1	0.000000
1549	1	2	0.000000
1550	1	2	0.000000
1551	1	2	0.000000
1552	2	2	0.000000
1553	2	2	0.000000
1554	2	5	0.000000
1555	2	4	0.000000
1556	2	2	0.000000
1557	2	5	0.000000
1558	2	4	0.000000
1559	2	2	0.000000
1560	2	0	0.000000
1561	2	4	0.000000
1562	2	2	0.000000
1563	1	2	0.000000
1564	1	2	0.000000
1565	1	0	0.000000
1566	1	0	0.000000
1567	1	2	0.000000
1568	1	2	0.000000
1569	1	0	0.000000
1570	1	2	0.000000
1571	1	2	0.000000
1572	1	2	0.000000
1573	1	2	0.000000
1574	1	2	0.000000
1575	1	1	0.000000
1576	1	2	0.000000
1577	1	0	0.000000
1578	1	0	0.000000
1579	1	2	0.000000
1580	1	2	0.000000
1581	1	2	0.000000
1582	1	2	0.000000
1583	1	2	0.000000
1584	1	2	0.000000
1585	1	3	0.000000
1586	1	3	0.000000
1587	1	2	0.000000
1588	1	3	0.000000
1589	1	2	0.000000
1590	1	2	0.000000
1591	1	1	0.000000
1592	2	5	0.000000
1593	2	0	0.000000
1594	1	2	0.000000
1595	1	3	0.000000
1596	1	2	0.000000
1597	1	2	0.000000
1598	1	2	0.000000
1599	1	0	0.000000
1600	1	2	0.000000
1601	1	0	0.000000
1602	1	2	0.000000
1603	1	2	0.000000
1604	1	2	0.000000
1605	1	2	0.000000
1606	1	0	0.000000
1607	1	0	0.000000
1608	1	2	0.000000
1609	1	0	0.000000
1610	1	2	0.000000
1611	1	3	0.000000
1612	1	2	0.000000
1613	1	1	0.000000
1614	1	2	0.000000
1615	1	2	0.000000
1616	1	1	0.000000
1617	1	3	0.000000
1618	1	2	0.000000
1619	1	2	0.000000
1620	1	3	0.000000
1621	1	2	0.000000
1622	1	2	0.000000
1623	1	0	0.000000
1624	1	2	0.000000
1625	1	2	0.000000
1626	1	2	0.000000
1627	1	2	0.000000
1628	1	2	0.000000
1629	1	0	0.000000
1630	1	0	0.000000
1631	1	0	0.000000
1632	1	0	0.000000
1633	1	0	0.000000
1634	1	2	0.000000
1635	1	1	0.000000
1636	1	2	0.000000
1637	1	0	0.000000
1638	1	2	0.000000
1639	1	2	0.000000
1640	1	2	0.000000
1641	1	1	0.000000
1642	1	2	0.000000
1643	1	1	0.000000
1644	1	1	0.000000
1645	1	2	0.000000
1646	1	2	0.000000
1647	1	2	0.000000
1648	1	2	0.000000
1649	1	2	0.000000
1650	1	2	0.000000
1651	1	2	0.000000
1652	1	0	0.000000
1653	1	2	0.000000
1654	1	1	0.000000
1655	1	2	0.000000
1656	1	0	0.000000
1657	1	2	0.000000
1658	1	0	0.000000
1659	1	2	0.000000
1660	1	3	0.000000
1661	1	2	0.000000
1662	1	2	0.000000
1663	1	1	0.000000
1664	1	2	0.000000
1665	1	2	0.000000
1666	1	3	0.000000
1667	1	2	0.000000
1668	1	2	0.000000
1669	1	2	0.000000
1670	1	3	0.000000
1671	1	2	0.000000
1672	1	2	0.000000
1673	1	2	0.000000
1674	1	2	0.000000
1675	1	3	0.000000
1676	1	2	0.000000
1677	1	2	0.000000
1678	2	4	0.000000
1679	2	2	0.000000
1680	2	2	0.000000
1681	2	2	0.000000
1682	3	2	0.000000
1683	3	2	0.000000
1684	3	2	0.000000
1685	3	1	0.000000
1686	4	0	0.000000
1687	4	2	0.000000
1688	4	3	0.000000
1689	4	1	0.000000
1690	4	0	0.000000
1691	3	2	0.000000
1692	3	0	0.000000
1693	3	2	0.000000
1694	3	2	0.000000
1695	3	2	0.000000
1696	3	2	0.000000
1697	3	0	0.000000
1698	3	2	0.000000
1699	3	2	0.000000
1700	3	2	0.000000
1701	3	3	0.000000
1702	3	2	0.000000
1703	3	2	0.000000
1704	3	0	0.000000
1705	3	1	0.000000
1706	3	1	0.000000
1707	3	1	0.000000
1708	3	2	0.000000
1709	3	1	0.000000
1710	3	2	0.000000
1711	3	2	0.000000
1712	3	2	0.000000
1713	3	2	0.000000
1714	3	1	0.000000
1715	3	0	0.000000
1716	3	2	0.000000
1717	3	1	0.000000
1718	3	1	0.000000
1719	3	2	0.000000
1720	3	2	0.000000
1721	3	3	0.000000
1722	3	2	0.000000
1723	3	2	0.000000
1724	3	1	0.000000
1725	2	2	0.000000
1726	2	2	0.000000
1727	2	2	0.000000
1728	2	2	0.000000
1729	2	3	0.000000
1730	2	2	0.000000
1731	2	2	0.000000
1732	2	5	0.000000
1733	2	2	0.000000
1734	2	2	0.000000
1735	2	2	0.000000
1736	2	2	0.000000
1737	2	2	0.000000
1738	2	5	0.000000
1739	2	2	0.000000
1740	2	2	0.000000
1741	2	1	0.000000
1742	2	2	0.000000
1743	2	1	0.000000
1744	2	2	0.000000
1745	1	0	0.000000
1746	1	2	0.000000
1747	1	2	0.000000
1748	1	2	0.000000
1749	1	1	0.000000
1750	1	2	0.000000
1751	1	3	0.000000
1752	1	2	0.000000
1753	1	2	0.000000
1754	1	1	0.000000
1755	1	2	0.000000
1756	1	2	0.000000
1757	1	1	0.000000
1758	2	2	0.000000
1759	2	2	0.000000
1760	2	1	0.000000
1761	2	1	0.000000
1762	2	2	0.000000
1763	3	1	0.000000
1764	3	0	0.000000
1765	3	0	0.000000
1766	3	2	0.000000
1767	3	1	0.000000
1768	3	2	0.000000
1769	3	2	0.000000
1770	3	0	0.000000
1771	3	3	0.000000
1772	3	2	0.000000
1773	3	2	0.000000
1774	2	4	0.000000
1775	2	2	0.000000
1776	2	2	0.000000
1777	2	2	0.000000
1778	2	1	0.000000
1779	2	5	0.000000
1780	2	2	0.000000
1781	2	3	0.000000
1782	2	1	0.000000
1783	2	2	0.000000
1784	2	2	0.000000
1785	2	2	0.000000
1786	2	4	0.000000
1787	2	2	0.000000
1788	2	2	0.000000
1789	2	1	0.000000
1790	2	2	0.000000
1791	2	0	0.000000
1792	2	4	0.000000
1793	2	3	0.000000
1794	2	2	0.000000
1795	2	1	0.000000
1796	2	1	0.000000
1797	2	2	0.000000
1798	2	2	0.000000
1799	2	2	0.000000
1800	2	2	0.000000
1801	2	2	0.000000
1802	2	5	0.000000
1803	2	2	0.000000
1804	2	4	0.000000
1805	2	2	0.000000
1806	2	0	0.000000
1807	2	2	0.000000
1808	2	5	0.000000
1809	2	2	0.000000
1810	1	1	0.000000
1811	1	3	0.000000
1812	1	1	0.000000
1813	1	3	0.000000
1814	1	2	0.000000
1815	1	2	0.000000
1816	1	3	0.000000
1817	1	0	0.000000
1818	1	3	0.000000
1819	1	2	0.000000
1820	1	2	0.000000
1821	2	2	0.000000
1822	2	5	0.000000
1823	2	3	0.000000
1824	2	0	0.000000
1825	2	2	0.000000
1826	3	0	0.000000
1827	3	2	0.000000
1828	3	2	0.000000
1829	3	2	0.000000
1830	3	2	0.000000
1831	3	2	0.000000
1832	3	2	0.000000
1833	3	2	0.000000
1834	3	0	0.000000
1835	3	1	0.000000
1836	3	1	0.000000
1837	3	2	0.000000
1838	3	2	0.000000
1839	3	2	0.000000
1840	3	1	0.000000
1841	3	1	0.000000
1842	3	3	0.000000
1843	3	2	0.000000
1844	3	2	0.000000
1845	3	2	0.000000
1846	3	2	0.000000
1847	3	2	0.000000
1848	3	2	0.000000
1849	3	2	0.000000
1850	3	2	0.000000
1851	3	2	0.000000
1852	3	1	0.000000
1853	3	3	0.000000
1854	3	2	0.000000
1855	3	2	0.000000
1856	3	0	0.000000
1857	3	0	0.000000
1858	3	2	0.000000
1859	4	2	0.000000
1860	4	2	0.000000
1861	4	2	0.000000
1862	3	2	0.000000
1863	3	2	0.000000
1864	3	2	0.000000
1865	3	2	0.000000
1866	3	2	0.000000
1867	3	2	0.000000
1868	3	2	0.000000
1869	3	2	0.000000
1870	3	1	0.000000
1871	4	2	0.000000
1872	4	1	0.000000
1873	3	1	0.000000
1874	3	2	0.000000
1875	3	0	0.000000
1876	3	2	0.000000
1877	3	2	0.000000
1878	3	0	0.000000
1879	4	3	0.000000
1880	4	0	0.000000
1881	4	1	0.000000
1882	3	1	0.000000
1883	3	3	0.000000
1884	3	2	0.000000
1885	3	2	0.000000
1886	3	2	0.000000
1887	3	3	0.000000
1888	4	1	0.000000
1889	4	0	0.000000
1890	3	0	0.000000
1891	3	0	0.000000
1892	3	2	0.000000
1893	3	2	0.000000
1894	3	0	0.000000
1895	4	0	0.000000
1896	4	0	0.000000
1897	4	2	0.000000
1898	4	0	0.000000
1899	4	2	0.000000
1900	4	2	0.000000
1901	4	2	0.000000
1902	4	2	0.000000
1903	3	2	0.000000
1904	4	1	0.000000
1905	3	3	0.000000
1906	3	2	0.000000
1907	3	1	0.000000
1908	3	2	0.000000
1909	3	2	0.000000
1910	3	2	0.000000
1911	3	1	0.000000
1912	4	0	0.000000
1913	4	2	0.000000
1914	4	2	0.000000
1915	4	2	0.000000
1916	4	2	0.000000
1917	4	2	0.000000
1918	4	0	0.000000
1919	4	3	0.000000
1920	4	0	0.000000
1921	4	2	0.000000
1922	4	2	0.000000
1923	4	1	0.000000
1924	4	0	0.000000
1925	4	0	0.000000
1926	4	2	0.000000
1927	4	2	0.000000
1928	4	2	0.000000
1929	4	2	0.000000
1930	4	1	0.000000
1931	4	2	0.000000
1932	4	2	0.000000
1933	4	1	0.000000
1934	4	2	0.000000
1935	4	2	0.000000
1936	4	0	0.000000
1937	4	0	0.000000
1938	4	2	0.000000
1939	4	1	0.000000
1940	4	2	0.000000
1941	4	2	0.000000
1942	4	2	0.000000
1943	4	0	0.000000
1944	4	2	0.000000
1945	4	0	0.000000
1946	4	2	0.000000
1947	4	2	0.000000
1948	4	2	0.000000
1949	4	2	0.000000
1950	4	1	0.000000
1951	4	0	0.000000
1952	4	3	0.000000
1953	4	3	0.000000
1954	4	2	0.000000
1955	4	2	0.000000
1956	4	2	0.000000
1957	4	2	0.000000
1958	4	2	0.000000
1959	4	1	0.000000
1960	4	1	0.000000
1961	4	2	0.000000
1962	4	2	0.000000
1963	4	2	0.000000
1964	4	2	0.000000
1965	4	2	0.000000
1966	4	2	0.000000
1967	4	1	0.000000
1968	4	2	0.000000
1969	4	1	0.000000
1970	4	0	0.000000
1971	4	2	0.000000
1972	4	0	0.000000
1973	4	0	0.000000
1974	4	2	0.000000
1975	4	2	0.000000
1976	4	2	0.000000
1977	4	2	0.000000
1978	4	2	0.000000
1979	4	2	0.000000
1980	4	2	0.000000
1981	4	2	0.000000
1982	4	2	0.000000
1983	4	2	0.000000
1984	3	2	0.000000
1985	4	2	0.000000
1986	4	2	0.000000
1987	3	2	0.000000
1988	3	0	0.000000
1989	3	2	0.000000
1990	3	1	0.000000
1991	3	2	0.000000
1992	3	3	0.000000
1993	3	2	0.000000
1994	3	2	0.000000
1995	3	2	0.000000
1996	4	3	0.000000
1997	4	2	0.000000
1998	4	2	0.000000
1999	4	1	0.000000
2000	4	2	0.000000
2001	4	2	0.000000
2002	4	3	0.000000
2003	4	0	0.000000
2004	4	2	0.000000
2005	4	0	0.000000
2006	4	3	0.000000
2007	4	2	0.000000
2008	4	0	0.000000
2009	4	2	0.000000
2010	4	1	0.000000
2011	4	1	0.000000
2012	4	2	0.000000
2013	4	2	0.000000
2014	4	2	0.000000
2015	4	2	0.000000
2016	4	0	0.000000
2017	4	2	0.000000
2018	4	2	0.000000
2019	4	2	0.000000
2020	3	3	0.000000
2021	3	2	0.000000
2022	3	3	0.000000
2023	3	2	0.000000
2024	3	3	0.000000
2025	3	2	0.000000
2026	4	3	0.000000
2027	4	2	0.000000
2028	3	3	0.000000
2029	3	2	0.000000
2030	3	2	0.000000
2031	3	2	0.000000
2032	3	2	0.000000
2033	3	2	0.000000
2034	3	2	0.000000
2035	3	2	0.000000
2036	3	3	0.000000
2037	3	3	0.000000
2038	3	2	0.000000
2039	3	2	0.000000
2040	3	2	0.000000
2041	3	2	0.000000
2042	3	0	0.000000
2043	3	2	0.000000
2044	3	2	0.000000
2045	3	2	0.000000
2046	3	2	0.000000
2047	3	2	0.000000
2048	3	3	0.000000
2049	3	2	0.000000
2050	3	2	0.000000
2051	3	0	0.000000
2052	3	2	0.000000
2053	3	2	0.000000
2054	3	2	0.000000
2055	3	2	0.000000
2056	3	1	0.000000
2057	3	0	0.000000
2058	3	1	0.000000
2059	3	2	0.000000
2060	3	2	0.000000
2061	3	2	0.000000
2062	3	2	0.000000
2063	3	2	0.000000
2064	3	0	0.000000
2065	3	3	0.000000
2066	3	2	0.000000
2067	2	4	0.000000
2068	2	2	0.000000
2069	2	0	0.000000
2070	2	2	0.000000
2071	2	2	0.000000
2072	2	3	0.000000
2073	2	2	0.000000
2074	1	2	0.000000
2075	1	2	0.000000
2076	1	2	0.000000
2077	1	2	0.000000
2078	1	2	0.000000
2079	1	2	0.000000
2080	1	2	0.000000
2081	1	0	0.000000
2082	1	2	0.000000
2083	1	2	0.000000
2084	1	2	0.000000
2085	1	0	0.000000
2086	1	1	0.000000
2087	1	0	0.000000
2088	2	2	0.000000
2089	2	2	0.000000
2090	2	5	0.000000
2091	2	0	0.000000
2092	2	2	0.000000
2093	2	4	0.000000
2094	2	2	0.000000
2095	2	2	0.000000
2096	2	2	0.000000
2097	2	2	0.000000
2098	2	2	0.000000
2099	2	2	0.000000
2100	2	2	0.000000
2101	2	2	0.000000
2102	2	2	0.000000
2103	2	2	0.000000
2104	1	2	0.000000
2105	1	2	0.000000
2106	1	2	0.000000
2107	1	2	0.000000
2108	1	0	0.000000
2109	1	2	0.000000
2110	1	2	0.000000
2111	1	2	0.000000
2112	1	1	0.000000
2113	1	2	0.000000
2114	1	1	0.000000
2115	1	2	0.000000
2116	1	2	0.000000
2117	1	2	0.000000
2118	1	2	0.000000
2119	2	2	0.000000
2120	2	2	0.000000
2121	2	2	0.000000
2122	2	5	0.000000
2123	2	5	0.000000
2124	2	2	0.000000
2125	2	0	0.000000
2126	2	1	0.000000
2127	2	3	0.000000
2128	2	2	0.000000
2129	2	5	0.000000
2130	2	4	0.000000
2131	2	2	0.000000
2132	2	2	0.000000
2133	2	2	0.000000
2134	2	2	0.000000
2135	2	2	0.000000
2136	2	0	0.000000
2137	2	2	0.000000
2138	2	2	0.000000
2139	2	0	0.000000
2140	2	3	0.000000
2141	2	2	0.000000
2142	2	2	0.000000
2143	1	2	0.000000
2144	1	1	0.000000
2145	1	3	0.000000
2146	1	2	0.000000
2147	1	2	0.000000
2148	1	2	0.000000
2149	1	0	0.000000
2150	1	2	0.000000
2151	2	5	0.000000
2152	2	1	0.000000
2153	2	2	0.000000
2154	1	2	0.000000
2155	1	2	0.000000
2156	2	5	0.000000
2157	2	2	0.000000
2158	2	2	0.000000
2159	2	3	0.000000
2160	2	2	0.000000
2161	2	2	0.000000
2162	2	2	0.000000
2163	2	1	0.000000
2164	2	2	0.000000
2165	2	4	0.000000
2166	2	1	0.000000
2167	2	2	0.000000
2168	2	2	0.000000
2169	2	2	0.000000
2170	2	0	0.000000
2171	2	2	0.000000
2172	2	2	0.000000
2173	2	2	0.000000
2174	2	4	0.000000
2175	2	5	0.000000
2176	2	3	0.000000
2177	1	3	0.000000
2178	1	2	0.000000
2179	1	1	0.000000
2180	1	2	0.000000
2181	1	2	0.000000
2182	1	3	0.000000
2183	1	2	0.000000
2184	2	2	0.000000
2185	2	2	0.000000
2186	2	2	0.000000
2187	1	2	0.000000
2188	1	2	0.000000
2189	1	3	0.000000
2190	2	5	0.000000
2191	2	0	0.000000
2192	2	2	0.000000
2193	2	2	0.000000
2194	1	2	0.000000
2195	1	2	0.000000
2196	1	1	0.000000
2197	1	2	0.000000
2198	1	2	0.000000
2199	1	2	0.000000
2200	2	0	0.000000
2201	2	2	0.000000
2202	2	2	0.000000
2203	2	2	0.000000
2204	2	4	0.000000
2205	2	5	0.000000
2206	2	2	0.000000
2207	2	2	0.000000
2208	2	2	0.000000
2209	2	2	0.000000
2210	2	2	0.000000
2211	2	5	0.000000
2212	2	2	0.000000
2213	2	0	0.000000
2214	2	2	0.000000
2215	2	2	0.000000
2216	2	2	0.000000
2217	2	2	0.000000
2218	2	2	0.000000
2219	2	2	0.000000
2220	1	2	0.000000
2221	1	2	0.000000
2222	1	2	0.000000
2223	1	2	0.000000
2224	1	0	0.000000
2225	1	2	0.000000
2226	1	2	0.000000
2227	1	0	0.000000
2228	1	2	0.000000
2229	1	2	0.000000
2230	1	3	0.000000
2231	2	4	0.000000
2232	2	2	0.000000
2233	2	2	0.000000
2234	2	2	0.000000
2235	2	1	0.000000
2236	2	2	0.000000
2237	2	1	0.000000
2238	2	2	0.000000
2239	3	2	0.000000
2240	3	2	0.000000
2241	2	3	0.000000
2242	2	3	0.000000
2243	2	2	0.000000
2244	2	2	0.000000
2245	2	2	0.000000
2246	2	2	0.000000
2247	2	5	0.000000
2248	2	2	0.000000
2249	2	2	0.000000
2250	2	2	0.000000
2251	2	1	0.000000
2252	2	2	0.000000
2253	2	2	0.000000
2254	2	2	0.000000
2255	2	5	0.000000
2256	2	5	0.000000
2257	1	1	0.000000
2258	1	1	0.000000
2259	1	3	0.000000
2260	1	3	0.000000
2261	1	0	0.000000
2262	1	2	0.000000
2263	1	2	0.000000
2264	1	2	0.000000
2265	1	3	0.000000
2266	1	0	0.000000
2267	1	2	0.000000
2268	1	2	0.000000
2269	2	1	0.000000
2270	2	5	0.000000
2271	1	2	0.000000
2272	1	2	0.000000
2273	1	2	0.000000
2274	1	2	0.000000
2275	2	2	0.000000
2276	2	5	0.000000
2277	2	2	0.000000
2278	2	0	0.000000
2279	1	2	0.000000
2280	1	1	0.000000
2281	1	2	0.000000
2282	1	2	0.000000
2283	1	2	0.000000
2284	2	2	0.000000
2285	2	2	0.000000
2286	2	2	0.000000
2287	2	5	0.000000
2288	2	5	0.000000
2289	2	4	0.000000
2290	2	2	0.000000
2291	2	3	0.000000
2292	2	2	0.000000
2293	2	2	0.000000
2294	2	2	0.000000
2295	2	1	0.000000
2296	2	2	0.000000
2297	2	2	0.000000
2298	3	2	0.000000
2299	3	2	0.000000
2300	3	0	0.000000
2301	3	2	0.000000
2302	3	2	0.000000
2303	3	0	0.000000
2304	3	2	0.000000
2305	3	1	0.000000
2306	3	2	0.000000
2307	3	2	0.000000
2308	3	2	0.000000
2309	3	2	0.000000
2310	3	3	0.000000
2311	3	2	0.000000
2312	3	2	0.000000
2313	3	3	0.000000
2314	3	2	0.000000
2315	3	1	0.000000
2316	3	2	0.000000
2317	3	2	0.000000
2318	3	3	0.000000
2319	3	3	0.000000
2320	3	0	0.000000
2321	3	0	0.000000
2322	3	2	0.000000
2323	3	2	0.000000
2324	3	3	0.000000
2325	3	3	0.000000
2326	3	2	0.000000
2327	3	2	0.000000
2328	3	2	0.000000
2329	3	2	0.000000
2330	3	2	0.000000
2331	3	2	0.000000
2332	3	2	0.000000
2333	3	2	0.000000
2334	3	2	0.000000
2335	3	2	0.000000
2336	3	1	0.000000
2337	3	2	0.000000
2338	3	0	0.000000
2339	3	0	0.000000
2340	3	2	0.000000
2341	3	2	0.000000
2342	3	1	0.000000
2343	3	2	0.000000
2344	4	3	0.000000
2345	4	1	0.000000
2346	4	2	0.000000
2347	4	1	0.000000
2348	4	2	0.000000
2349	4	3	0.000000
2350	4	2	0.000000
2351	4	1	0.000000
2352	3	3	0.000000
2353	3	3	0.000000
2354	3	2	0.000000
2355	3	2	0.000000
2356	3	3	0.000000
2357	4	1	0.000000
2358	3	3	0.000000
2359	3	0	0.000000
2360	4	0	0.000000
2361	4	2	0.000000
2362	4	2	0.000000
2363	4	2	0.000000
2364	4	1	0.000000
2365	4	2	0.000000
2366	4	0	0.000000
2367	4	3	0.000000
2368	4	0	0.000000
2369	4	2	0.000000
2370	4	2	0.000000
2371	4	2	0.000000
2372	4	3	0.000000
2373	4	3	0.000000
2374	4	2	0.000000
2375	4	2	0.000000
2376	4	2	0.000000
2377	4	0	0.000000
2378	3	2	0.000000
2379	3	2	0.000000
2380	4	1	0.000000
2381	4	1	0.000000
2382	4	2	0.000000
2383	4	3	0.000000
2384	4	3	0.000000
2385	4	2	0.000000
2386	4	2	0.000000
2387	4	0	0.000000
2388	4	2	0.000000
2389	4	2	0.000000
2390	4	3	0.000000
2391	4	2	0.000000
2392	4	1	0.000000
2393	4	2	0.000000
2394	4	2	0.000000
2395	4	2	0.000000
2396	3	2	0.000000
2397	3	2	0.000000
2398	3	3	0.000000
2399	3	0	0.000000
2400	3	3	0.000000
2401	3	3	0.000000
2402	3	2	0.000000
2403	3	2	0.000000
2404	3	0	0.000000
2405	3	1	0.000000
2406	3	1	0.000000
2407	3	2	0.000000
2408	3	3	0.000000
2409	3	2	0.000000
2410	3	2	0.000000
2411	3	2	0.000000
2412	3	1	0.000000
2413	3	1	0.000000
2414	3	1	0.000000
2415	3	0	0.000000
2416	3	2	0.000000
2417	3	2	0.000000
2418	3	2	0.000000
2419	3	2	0.000000
2420	3	1	0.000000
2421	3	2	0.000000
2422	3	2	0.000000
2423	3	2	0.000000
2424	3	2	0.000000
2425	3	2	0.000000
2426	3	2	0.000000
2427	3	2	0.000000
2428	3	1	0.000000
2429	3	3	0.000000
2430	4	1	0.000000
2431	4	2	0.000000
2432	4	2	0.000000
2433	4	1	0.000000
2434	4	2	0.000000
2435	4	2	0.000000
2436	4	2	0.000000
2437	4	2	0.000000
2438	4	2	0.000000
2439	4	3	0.000000
2440	4	2	0.000000
2441	4	3	0.000000
2442	4	2	0.000000
2443	4	3	0.000000
2444	4	2	0.000000
2445	4	1	0.000000
2446	4	2	0.000000
2447	4	3	0.000000
2448	4	0	0.000000
2449	4	2	0.000000
2450	4	2	0.000000
2451	4	2	0.000000
2452	4	2	0.000000
2453	4	2	0.000000
2454	4	1	0.000000
2455	4	2	0.000000
2456	4	2	0.000000
2457	4	2	0.000000
2458	4	1	0.000000
2459	4	1	0.000000
2460	4	3	0.000000
2461	4	2	0.000000
2462	4	2	0.000000
2463	4	1	0.000000
2464	4	2	0.000000
2465	4	2	0.000000
2466	4	2	0.000000
2467	4	2	0.000000
2468	4	0	0.000000
2469	4	3	0.000000
2470	4	2	0.000000
2471	4	2	0.000000
2472	4	2	0.000000
2473	4	2	0.000000
2474	3	2	0.000000
2475	3	2	0.000000
2476	3	1	0.000000
2477	3	2	0.000000
2478	3	2	0.000000
2479	3	1	0.000000
2480	3	2	0.000000
2481	3	2	0.000000
2482	3	2	0.000000
2483	3	3	0.000000
2484	3	3	0.000000
2485	3	2	0.000000
2486	3	2	0.000000
2487	3	3	0.000000
2488	3	2	0.000000
2489	2	1	0.000000
2490	2	0	0.000000
2491	2	2	0.000000
2492	2	3	0.000000
2493	2	5	0.000000
2494	2	2	0.000000
2495	2	1	0.000000
2496	2	4	0.000000
2497	2	2	0.000000
2498	2	0	0.000000
2499	2	2	0.000000
2500	2	3	0.000000
2501	2	1	0.000000
2502	2	3	0.000000
2503	2	5	0.000000
2504	2	2	0.000000
2505	2	2	0.000000
2506	2	2	0.000000
2507	2	1	0.000000
2508	2	2	0.000000
2509	2	2	0.000000
2510	2	2	0.000000
2511	2	2	0.000000
2512	2	3	0.000000
2513	2	2	0.000000
2514	2	3	0.000000
2515	2	2	0.000000
2516	1	1	0.000000
2517	1	0	0.000000
2518	1	2	0.000000
2519	1	2	0.000000
2520	1	0	0.000000
2521	1	3	0.000000
2522	1	1	0.000000
2523	1	2	0.000000
2524	1	2	0.000000
2525	1	2	0.000000
2526	1	1	0.000000
2527	2	0	0.000000
2528	2	2	0.000000
2529	2	4	0.000000
2530	2	4	0.000000
2531	2	1	0.000000
2532	3	2	0.000000
2533	3	1	0.000000
2534	3	2	0.000000
2535	3	2	0.000000
2536	3	2	0.000000
2537	3	2	0.000000
2538	3	2	0.000000
2539	3	2	0.000000
2540	3	2	0.000000
2541	3	1	0.000000
2542	3	2	0.000000
2543	3	0	0.000000
2544	3	3	0.000000
2545	3	2	0.000000
2546	3	2	0.000000
2547	3	2	0.000000
2548	2	2	0.000000
2549	2	2	0.000000
2550	2	0	0.000000
2551	2	0	0.000000
2552	2	2	0.000000
2553	2	2	0.000000
2554	2	2	0.000000
2555	2	1	0.000000
2556	2	1	0.000000
2557	2	4	0.000000
2558	2	4	0.000000
2559	2	3	0.000000
2560	2	2	0.000000
2561	2	3	0.000000
2562	2	2	0.000000
2563	2	5	0.000000
2564	2	2	0.000000
2565	2	2	0.000000
2566	2	2	0.000000
2567	2	1	0.000000
2568	2	4	0.000000
2569	2	2	0.000000
2570	2	2	0.000000
2571	2	0	0.000000
2572	2	2	0.000000
2573	2	2	0.000000
2574	2	5	0.000000
2575	2	2	0.000000
2576	2	0	0.000000
2577	2	2	0.000000
2578	2	2	0.000000
2579	2	5	0.000000
2580	2	1	0.000000
2581	2	2	0.000000
2582	2	1	0.000000
2583	2	1	0.000000
2584	2	3	0.000000
2585	2	0	0.000000
2586	2	2	0.000000
2587	2	1	0.000000
2588	2	1	0.000000
2589	2	2	0.000000
2590	2	2	0.000000
2591	2	4	0.000000
2592	2	2	0.000000
2593	2	5	0.000000
2594	2	4	0.000000
2595	2	2	0.000000
2596	2	2	0.000000
2597	2	2	0.000000
2598	2	2	0.000000
2599	2	3	0.000000
2600	2	2	0.000000
2601	2	2	0.000000
2602	2	3	0.000000
2603	2	2	0.000000
2604	2	2	0.000000
2605	2	0	0.000000
2606	2	2	0.000000
2607	2	2	0.000000
2608	3	1	0.000000
2609	3	2	0.000000
2610	3	2	0.000000
2611	3	2	0.000000
2612	3	2	0.000000
2613	3	2	0.000000
2614	3	0	0.000000
2615	3	0	0.000000
2616	3	2	0.000000
2617	2	0	0.000000
2618	2	2	0.000000
2619	2	1	0.000000
2620	2	2	0.000000
2621	2	2	0.000000
2622	2	1	0.000000
2623	2	0	0.000000
2624	2	3	0.000000
2625	3	2	0.000000
2626	2	2	0.000000
2627	3	2	0.000000
2628	3	2	0.000000
2629	3	2	0.000000
2630	3	2	0.000000
2631	3	2	0.000000
2632	3	2	0.000000
2633	3	2	0.000000
2634	3	3	0.000000
2635	3	2	0.000000
2636	3	3	0.000000
2637	3	1	0.000000
2638	3	2	0.000000
2639	3	2	0.000000
2640	3	2	0.000000
2641	3	2	0.000000
2642	3	2	0.000000
2643	3	2	0.000000
2644	3	1	0.000000
2645	3	3	0.000000
2646	3	3	0.000000
2647	3	2	0.000000
2648	3	2	0.000000
2649	3	2	0.000000
2650	3	2	0.000000
2651	3	3	0.000000
2652	3	1	0.000000
2653	3	0	0.000000
2654	3	2	0.000000
2655	3	0	0.000000
2656	3	2	0.000000
2657	2	5	0.000000
2658	2	4	0.000000
2659	2	2	0.000000
2660	2	2	0.000000
2661	2	2	0.000000
2662	2	4	0.000000
2663	2	2	0.000000
2664	2	2	0.000000
2665	2	2	0.000000
2666	2	2	0.000000
2667	2	4	0.000000
2668	2	2	0.000000
2669	2	2	0.000000
2670	2	3	0.000000
2671	2	1	0.000000
2672	2	2	0.000000
2673	2	2	0.000000
2674	2	2	0.000000
2675	1	2	0.000000
2676	1	2	0.000000
2677	1	2	0.000000
2678	1	2	0.000000
2679	1	2	0.000000
2680	1	2	0.000000
2681	1	2	0.000000
2682	1	3	0.000000
2683	1	1	0.000000
2684	1	2	0.000000
2685	1	2	0.000000
2686	2	2	0.000000
2687	2	5	0.000000
2688	2	4	0.000000
2689	2	2	0.000000
2690	2	1	0.000000
2691	3	2	0.000000
2692	3	0	0.000000
2693	3	2	0.000000
2694	3	1	0.000000
2695	3	2	0.000000
2696	3	1	0.000000
2697	3	0	0.000000
2698	3	2	0.000000
2699	3	3	0.000000
2700	2	3	0.000000
2701	2	2	0.000000
2702	2	4	0.000000
2703	2	2	0.000000
2704	2	2	0.000000
2705	2	2	0.000000
2706	2	0	0.000000
2707	2	2	0.000000
2708	2	2	0.000000
2709	2	3	0.000000
2710	2	5	0.000000
2711	2	2	0.000000
2712	2	2	0.000000
2713	2	1	0.000000
2714	2	2	0.000000
2715	2	0	0.000000
2716	2	1	0.000000
2717	2	2	0.000000
2718	2	2	0.000000
2719	2	5	0.000000
2720	2	2	0.000000
2721	2	2	0.000000
2722	2	5	0.000000
2723	2	2	0.000000
2724	2	2	0.000000
2725	2	1	0.000000
2726	2	0	0.000000
2727	2	4	0.000000
2728	2	2	0.000000
2729	1	2	0.000000
2730	1	2	0.000000
2731	1	1	0.000000
2732	1	3	0.000000
2733	1	2	0.000000
2734	1	3	0.000000
2735	1	2	0.000000
2736	1	2	0.000000
2737	1	2	0.000000
2738	1	2	0.000000
2739	1	1	0.000000
2740	2	2	0.000000
2741	2	4	0.000000
2742	2	1	0.000000
2743	2	2	0.000000
2744	2	2	0.000000
2745	2	5	0.000000
2746	3	1	0.000000
2747	3	2	0.000000
2748	3	2	0.000000
2749	3	2	0.000000
2750	3	2	0.000000
2751	3	2	0.000000
2752	3	0	0.000000
2753	3	2	0.000000
2754	3	2	0.000000
2755	2	2	0.000000
2756	2	4	0.000000
2757	2	2	0.000000
2758	2	2	0.000000
2759	2	0	0.000000
2760	2	3	0.000000
2761	2	5	0.000000
2762	2	2	0.000000
2763	2	1	0.000000
2764	2	0	0.000000
2765	2	2	0.000000
2766	2	2	0.000000
2767	2	1	0.000000
2768	2	2	0.000000
2769	2	2	0.000000
2770	2	2	0.000000
2771	2	2	0.000000
2772	2	0	0.000000
2773	2	4	0.000000
2774	2	1	0.000000
2775	2	2	0.000000
2776	2	2	0.000000
2777	2	0	0.000000
2778	2	2	0.000000
2779	2	5	0.000000
2780	2	4	0.000000
2781	2	2	0.000000
2782	2	2	0.000000
2783	2	2	0.000000
2784	2	0	0.000000
2785	2	0	0.000000
2786	2	5	0.000000
2787	2	0	0.000000
2788	2	1	0.000000
2789	2	2	0.000000
2790	1	0	0.000000
2791	2	5	0.000000
2792	1	2	0.000000
2793	2	2	0.000000
2794	2	4	0.000000
2795	2	1	0.000000
2796	2	5	0.000000
2797	1	2	0.000000
2798	1	2	0.000000
2799	1	2	0.000000
2800	1	1	0.000000
2801	1	2	0.000000
2802	1	2	0.000000
2803	1	2	0.000000
2804	1	2	0.000000
2805	1	2	0.000000
2806	1	0	0.000000
2807	1	2	0.000000
2808	1	2	0.000000
2809	2	2	0.000000
2810	2	2	0.000000
2811	2	0	0.000000
2812	2	3	0.000000
2813	2	2	0.000000
2814	2	2	0.000000
2815	3	3	0.000000
2816	3	2	0.000000
2817	3	2	0.000000
2818	3	2	0.000000
2819	3	2	0.000000
2820	3	3	0.000000
2821	3	2	0.000000
2822	3	2	0.000000
2823	3	2	0.000000
2824	3	3	0.000000
2825	2	2	0.000000
2826	2	2	0.000000
2827	2	2	0.000000
2828	2	0	0.000000
2829	2	2	0.000000
2830	2	2	0.000000
2831	2	2	0.000000
2832	2	2	0.000000
2833	2	1	0.000000
2834	2	2	0.000000
2835	2	2	0.000000
2836	2	0	0.000000
2837	2	2	0.000000
2838	2	2	0.000000
2839	2	0	0.000000
2840	1	2	0.000000
2841	1	3	0.000000
2842	1	2	0.000000
2843	1	2	0.000000
2844	1	0	0.000000
2845	1	2	0.000000
2846	1	3	0.000000
2847	1	2	0.000000
2848	1	2	0.000000
2849	1	3	0.000000
2850	1	0	0.000000
2851	2	2	0.000000
2852	2	5	0.000000
2853	2	2	0.000000
2854	2	2	0.000000
2855	2	0	0.000000
2856	2	2	0.000000
2857	2	2	0.000000
2858	2	3	0.000000
2859	3	2	0.000000
2860	2	0	0.000000
2861	2	0	0.000000
2862	2	2	0.000000
2863	2	2	0.000000
2864	2	2	0.000000
2865	2	2	0.000000
2866	2	1	0.000000
2867	2	2	0.000000
2868	2	2	0.000000
2869	2	2	0.000000
2870	2	4	0.000000
2871	2	5	0.000000
2872	2	2	0.000000
2873	2	3	0.000000
2874	2	0	0.000000
2875	2	2	0.000000
2876	2	2	0.000000
2877	2	0	0.000000
2878	2	2	0.000000
2879	2	3	0.000000
2880	2	2	0.000000
2881	2	1	0.000000
2882	2	2	0.000000
2883	2	1	0.000000
2884	2	2	0.000000
2885	2	1	0.000000
2886	2	3	0.000000
2887	2	2	0.000000
2888	1	2	0.000000
2889	1	3	0.000000
2890	1	2	0.000000
2891	1	0	0.000000
2892	1	3	0.000000
2893	1	2	0.000000
2894	1	3	0.000000
2895	2	3	0.000000
2896	2	2	0.000000
2897	2	2	0.000000
2898	2	0	0.000000
2899	2	3	0.000000
2900	2	2	0.000000
2901	2	2	0.000000
2902	2	2	0.000000
2903	3	3	0.000000
2904	3	2	0.000000
2905	3	2	0.000000
2906	3	1	0.000000
2907	3	3	0.000000
2908	3	0	0.000000
2909	3	1	0.000000
2910	3	2	0.000000
2911	3	1	0.000000
2912	2	3	0.000000
2913	2	0	0.000000
2914	2	3	0.000000
2915	2	2	0.000000
2916	2	4	0.000000
2917	2	5	0.000000
2918	2	2	0.000000
2919	2	4	0.000000
2920	2	2	0.000000
2921	2	2	0.000000
2922	2	2	0.000000
2923	2	2	0.000000
2924	2	1	0.000000
2925	2	2	0.000000
2926	2	2	0.000000
2927	2	2	0.000000
2928	2	2	0.000000
2929	1	2	0.000000
2930	1	3	0.000000
2931	1	3	0.000000
2932	1	2	0.000000
2933	1	2	0.000000
2934	1	3	0.000000
2935	1	2	0.000000
2936	1	1	0.000000
2937	1	2	0.000000
2938	1	1	0.000000
2939	1	2	0.000000
2940	1	2	0.000000
2941	2	3	0.000000
2942	2	1	0.000000
2943	2	2	0.000000
2944	2	2	0.000000
2945	2	2	0.000000
2946	2	2	0.000000
2947	2	2	0.000000
2948	2	2	0.000000
2949	3	2	0.000000
2950	3	2	0.000000
2951	3	2	0.000000
2952	3	0	0.000000
2953	3	2	0.000000
2954	3	2	0.000000
2955	3	2	0.000000
2956	3	2	0.000000
2957	3	3	0.000000
2958	3	2	0.000000
2959	2	3	0.000000
2960	2	2	0.000000
2961	2	0	0.000000
2962	2	2	0.000000
2963	2	5	0.000000
2964	2	2	0.000000
2965	2	2	0.000000
2966	2	1	0.000000
2967	2	2	0.000000
2968	2	2	0.000000
2969	2	2	0.000000
2970	2	3	0.000000
2971	2	4	0.000000
2972	2	0	0.000000
2973	2	5	0.000000
2974	1	2	0.000000
2975	1	0	0.000000
2976	1	0	0.000000
2977	1	2	0.000000
2978	1	1	0.000000
2979	1	0	0.000000
2980	1	2	0.000000
2981	1	2	0.000000
2982	1	3	0.000000
2983	1	2	0.000000
2984	1	3	0.000000
2985	1	2	0.000000
2986	1	2	0.000000
2987	2	5	0.000000
2988	2	2	0.000000
2989	2	5	0.000000
2990	2	3	0.000000
2991	2	2	0.000000
2992	2	2	0.000000
2993	2	2	0.000000
2994	3	3	0.000000
2995	3	2	0.000000
2996	3	2	0.000000
2997	2	2	0.000000
2998	2	2	0.000000
2999	2	3	0.000000
3000	2	0	0.000000
3001	2	2	0.000000
3002	2	2	0.000000
3003	2	1	0.000000
3004	2	2	0.000000
3005	2	3	0.000000
3006	2	1	0.000000
3007	2	0	0.000000
3008	2	3	0.000000
3009	2	4	0.000000
3010	2	2	0.000000
3011	2	2	0.000000
3012	2	5	0.000000
3013	2	4	0.000000
3014	2	2	0.000000
3015	2	2	0.000000
3016	2	4	0.000000
3017	2	4	0.000000
3018	2	2	0.000000
3019	1	2	0.000000
3020	1	0	0.000000
3021	1	2	0.000000
3022	1	2	0.000000
3023	1	2	0.000000
3024	1	2	0.000000
3025	1	2	0.000000
3026	1	0	0.000000
3027	1	2	0.000000
3028	1	2	0.000000
3029	1	0	0.000000
3030	1	2	0.000000
3031	1	2	0.000000
3032	2	1	0.000000
3033	2	0	0.000000
3034	2	2	0.000000
3035	2	2	0.000000
3036	2	3	0.000000
3037	2	5	0.000000
3038	2	4	0.000000
3039	2	3	0.000000
3040	3	2	0.000000
3041	3	2	0.000000
3042	3	2	0.000000
3043	2	2	0.000000
3044	2	5	0.000000
3045	2	2	0.000000
3046	2	0	0.000000
3047	2	4	0.000000
3048	2	1	0.000000
3049	2	2	0.000000
3050	2	2	0.000000
3051	2	2	0.000000
3052	2	2	0.000000
3053	2	2	0.000000
3054	2	4	0.000000
3055	2	2	0.000000
3056	2	2	0.000000
3057	2	2	0.000000
3058	2	5	0.000000
3059	2	2	0.000000
3060	2	0	0.000000
3061	2	0	0.000000
3062	2	3	0.000000
3063	2	2	0.000000
3064	2	2	0.000000
3065	2	2	0.000000
3066	2	2	0.000000
3067	1	2	0.000000
3068	2	0	0.000000
3069	1	2	0.000000
3070	1	0	0.000000
3071	2	2	0.000000
3072	2	2	0.000000
3073	2	5	0.000000
3074	2	2	0.000000
3075	2	3	0.000000
3076	2	2	0.000000
3077	2	5	0.000000
3078	2	1	0.000000
3079	2	2	0.000000
3080	2	2	0.000000
3081	1	3	0.000000
3082	1	2	0.000000
3083	1	1	0.000000
3084	1	2	0.000000
3085	1	2	0.000000
3086	1	2	0.000000
3087	1	2	0.000000
3088	1	0	0.000000
3089	1	2	0.000000
3090	1	2	0.000000
3091	1	2	0.000000
3092	2	2	0.000000
3093	1	3	0.000000
3094	2	2	0.000000
3095	2	0	0.000000
3096	2	2	0.000000
3097	2	2	0.000000
3098	2	2	0.000000
3099	2	4	0.000000
3100	3	2	0.000000
3101	3	2	0.000000
3102	3	2	0.000000
3103	3	3	0.000000
3104	3	2	0.000000
3105	3	1	0.000000
3106	3	0	0.000000
3107	3	2	0.000000
3108	3	2	0.000000
3109	2	2	0.000000
3110	2	5	0.000000
3111	2	2	0.000000
3112	2	1	0.000000
3113	2	5	0.000000
3114	2	1	0.000000
3115	2	4	0.000000
3116	2	2	0.000000
3117	2	2	0.000000
3118	2	2	0.000000
3119	2	2	0.000000
3120	1	2	0.000000
3121	1	2	0.000000
3122	1	0	0.000000
3123	1	2	0.000000
3124	1	2	0.000000
3125	1	2	0.000000
3126	1	2	0.000000
3127	1	3	0.000000
3128	1	1	0.000000
3129	1	3	0.000000
3130	1	2	0.000000
3131	1	2	0.000000
3132	1	0	0.000000
3133	2	2	0.000000
3134	2	2	0.000000
3135	2	2	0.000000
3136	2	2	0.000000
3137	2	2	0.000000
3138	2	2	0.000000
3139	2	2	0.000000
3140	3	0	0.000000
3141	3	2	0.000000
3142	3	2	0.000000
3143	3	3	0.000000
3144	3	1	0.000000
3145	3	2	0.000000
3146	2	2	0.000000
3147	2	2	0.000000
3148	2	2	0.000000
3149	2	4	0.000000
3150	2	5	0.000000
3151	2	2	0.000000
3152	2	2	0.000000
3153	1	2	0.000000
3154	1	2	0.000000
3155	1	2	0.000000
3156	1	1	0.000000
3157	1	2	0.000000
3158	1	3	0.000000
3159	1	2	0.000000
3160	1	2	0.000000
3161	1	3	0.000000
3162	1	3	0.000000
3163	1	3	0.000000
3164	1	2	0.000000
3165	1	2	0.000000
3166	2	3	0.000000
3167	2	3	0.000000
3168	2	1	0.000000
3169	2	2	0.000000
3170	2	2	0.000000
3171	2	5	0.000000
3172	2	1	0.000000
3173	3	2	0.000000
3174	3	2	0.000000
3175	3	2	0.000000
3176	3	1	0.000000
3177	3	2	0.000000
3178	3	2	0.000000
3179	3	3	0.000000
3180	3	3	0.000000
3181	3	2	0.000000
3182	2	2	0.000000
3183	2	2	0.000000
3184	2	4	0.000000
3185	2	2	0.000000
3186	2	3	0.000000
3187	2	2	0.000000
3188	2	3	0.000000
3189	2	2	0.000000
3190	2	0	0.000000
3191	1	3	0.000000
3192	2	5	0.000000
3193	1	2	0.000000
3194	1	2	0.000000
3195	1	3	0.000000
3196	1	0	0.000000
3197	1	3	0.000000
3198	1	0	0.000000
3199	1	2	0.000000
3200	1	1	0.000000
3201	1	2	0.000000
3202	2	2	0.000000
3203	2	2	0.000000
3204	2	2	0.000000
3205	2	2	0.000000
3206	2	5	0.000000
3207	2	2	0.000000
3208	2	2	0.000000
3209	2	3	0.000000
3210	3	1	0.000000
3211	2	1	0.000000
3212	2	4	0.000000
3213	2	2	0.000000
3214	2	5	0.000000
3215	2	0	0.000000
3216	2	2	0.000000
3217	2	4	0.000000
3218	2	2	0.000000
3219	2	0	0.000000
3220	2	2	0.000000
3221	2	2	0.000000
3222	2	2	0.000000
3223	2	2	0.000000
3224	2	2	0.000000
3225	2	1	0.000000
3226	2	2	0.000000
3227	2	2	0.000000
3228	2	2	0.000000
3229	2	2	0.000000
3230	1	2	0.000000
3231	2	2	0.000000
3232	2	2	0.000000
3233	2	3	0.000000
3234	2	1	0.000000
3235	1	2	0.000000
3236	1	2	0.000000
3237	1	2	0.000000
3238	1	0	0.000000
3239	1	2	0.000000
3240	1	2	0.000000
3241	1	2	0.000000
3242	2	2	0.000000
3243	2	5	0.000000
3244	2	2	0.000000
3245	2	2	0.000000
3246	2	2	0.000000
3247	2	2	0.000000
3248	2	2	0.000000
3249	3	3	0.000000
3250	3	2	0.000000
3251	3	2	0.000000
3252	3	2	0.000000
3253	3	3	0.000000
3254	3	2	0.000000
3255	3	1	0.000000
3256	3	3	0.000000
3257	3	2	0.000000
3258	3	2	0.000000
3259	3	2	0.000000
3260	3	0	0.000000
3261	3	2	0.000000
3262	2	0	0.000000
3263	3	1	0.000000
3264	3	2	0.000000
3265	3	0	0.000000
3266	3	0	0.000000
3267	3	2	0.000000
3268	3	2	0.000000
3269	3	3	0.000000
3270	3	2	0.000000
3271	3	3	0.000000
3272	3	2	0.000000
3273	3	3	0.000000
3274	3	1	0.000000
3275	3	2	0.000000
3276	3	2	0.000000
3277	3	2	0.000000
3278	3	3	0.000000
3279	3	2	0.000000
3280	2	2	0.000000
3281	2	1	0.000000
3282	2	5	0.000000
3283	2	5	0.000000
3284	2	1	0.000000
3285	2	4	0.000000
3286	2	2	0.000000
3287	2	5	0.000000
3288	2	2	0.000000
3289	2	2	0.000000
3290	2	2	0.000000
3291	2	5	0.000000
3292	2	2	0.000000
3293	2	0	0.000000
3294	2	4	0.000000
3295	2	1	0.000000
3296	2	3	0.000000
3297	2	2	0.000000
3298	2	3	0.000000
3299	2	2	0.000000
3300	1	2	0.000000
3301	2	2	0.000000
3302	2	4	0.000000
3303	2	2	0.000000
3304	2	2	0.000000
3305	2	1	0.000000
3306	2	2	0.000000
3307	2	4	0.000000
3308	2	2	0.000000
3309	2	3	0.000000
3310	2	4	0.000000
3311	2	3	0.000000
3312	2	4	0.000000
3313	2	2	0.000000
3314	2	5	0.000000
3315	2	2	0.000000
3316	2	2	0.000000
3317	1	2	0.000000
3318	2	2	0.000000
3319	2	0	0.000000
3320	2	2	0.000000
3321	2	4	0.000000
3322	2	3	0.000000
3323	2	2	0.000000
3324	2	2	0.000000
3325	2	2	0.000000
3326	2	1	0.000000
3327	2	2	0.000000
3328	2	3	0.000000
3329	2	3	0.000000
3330	2	5	0.000000
3331	2	2	0.000000
3332	2	2	0.000000
3333	2	3	0.000000
3334	2	2	0.000000
3335	2	2	0.000000
3336	2	2	0.000000
3337	2	5	0.000000
3338	2	2	0.000000
3339	2	2	0.000000
3340	2	3	0.000000
3341	2	2	0.000000
3342	2	1	0.000000
3343	2	3	0.000000
3344	2	1	0.000000
3345	2	2	0.000000
3346	2	1	0.000000
3347	2	2	0.000000
3348	2	2	0.000000
3349	2	2	0.000000
3350	2	3	0.000000
3351	2	2	0.000000
3352	2	2	0.000000
3353	2	4	0.000000
3354	2	0	0.000000
3355	2	5	0.000000
3356	2	2	0.000000
3357	2	2	0.000000
3358	1	1	0.000000
3359	1	3	0.000000
3360	1	2	0.000000
3361	1	3	0.000000
3362	2	0	0.000000
3363	2	3	0.000000
3364	2	3	0.000000
3365	2	2	0.000000
3366	2	2	0.000000
3367	2	2	0.000000
3368	2	5	0.000000
3369	2	2	0.000000
3370	2	2	0.000000
3371	2	2	0.000000
3372	3	2	0.000000
3373	3	2	0.000000
3374	3	2	0.000000
3375	3	2	0.000000
3376	3	2	0.000000
3377	3	2	0.000000
3378	3	2	0.000000
3379	3	3	0.000000
3380	3	2	0.000000
3381	3	3	0.000000
3382	3	3	0.000000
3383	3	2	0.000000
3384	3	0	0.000000
3385	3	2	0.000000
3386	3	1	0.000000
3387	3	2	0.000000
3388	3	2	0.000000
3389	4	3	0.000000
3390	4	2	0.000000
3391	4	2	0.000000
3392	4	2	0.000000
3393	4	2	0.000000
3394	4	2	0.000000
3395	4	2	0.000000
3396	4	1	0.000000
3397	4	0	0.000000
3398	4	2	0.000000
3399	4	0	0.000000
3400	4	0	0.000000
3401	4	2	0.000000
3402	4	2	0.000000
3403	4	2	0.000000
3404	4	0	0.000000
3405	4	2	0.000000
3406	4	2	0.000000
3407	4	2	0.000000
3408	4	2	0.000000
3409	4	0	0.000000
3410	4	0	0.000000
3411	4	2	0.000000
3412	4	3	0.000000
3413	4	2	0.000000
3414	4	2	0.000000
3415	4	2	0.000000
3416	4	2	0.000000
3417	4	2	0.000000
3418	4	2	0.000000
3419	4	2	0.000000
3420	4	2	0.000000
3421	4	2	0.000000
3422	4	2	0.000000
3423	4	2	0.000000
3424	4	2	0.000000
3425	4	2	0.000000
3426	4	2	0.000000
3427	4	3	0.000000
3428	4	2	0.000000
3429	4	2	0.000000
3430	4	2	0.000000
3431	4	0	0.000000
3432	4	1	0.000000
3433	4	1	0.000000
3434	4	2	0.000000
3435	4	2	0.000000
3436	4	2	0.000000
3437	4	2	0.000000
3438	4	0	0.000000
3439	4	2	0.000000
3440	4	2	0.000000
3441	4	1	0.000000
3442	4	1	0.000000
3443	4	3	0.000000
3444	4	2	0.000000
3445	4	3	0.000000
3446	4	3	0.000000
3447	4	2	0.000000
3448	4	0	0.000000
3449	4	0	0.000000
3450	4	3	0.000000
3451	4	2	0.000000
3452	4	1	0.000000
3453	4	2	0.000000
3454	4	2	0.000000
3455	4	2	0.000000
3456	4	2	0.000000
3457	4	2	0.000000
3458	4	0	0.000000
3459	4	2	0.000000
3460	4	0	0.000000
3461	4	2	0.000000
3462	4	2	0.000000
3463	4	1	0.000000
3464	4	2	0.000000
3465	4	2	0.000000
3466	4	0	0.000000
3467	4	2	0.000000
3468	4	2	0.000000
3469	4	1	0.000000
3470	4	0	0.000000
3471	4	2	0.000000
3472	4	3	0.000000
3473	4	2	0.000000
3474	4	2	0.000000
3475	4	0	0.000000
3476	4	0	0.000000
3477	4	2	0.000000
3478	4	0	0.000000
3479	4	2	0.000000
3480	4	1	0.000000
3481	4	2	0.000000
3482	4	3	0.000000
3483	4	3	0.000000
3484	4	1	0.000000
3485	4	2	0.000000
3486	4	2	0.000000
3487	4	1	0.000000
3488	4	2	0.000000
3489	4	2	0.000000
3490	4	2	0.000000
3491	4	2	0.000000
3492	4	2	0.000000
3493	4	2	0.000000
3494	4	2	0.000000
3495	4	2	0.000000
3496	4	2	0.000000
3497	4	1	0.000000
3498	4	1	0.000000
3499	4	1	0.000000
3500	4	2	0.000000
3501	4	2	0.000000
3502	4	2	0.000000
3503	4	3	0.000000
3504	4	2	0.000000
3505	4	2	0.000000
3506	4	3	0.000000
3507	4	2	0.000000
3508	4	2	0.000000
3509	4	3	0.000000
3510	4	1	0.000000
3511	4	2	0.000000
3512	4	2	0.000000
3513	4	2	0.000000
3514	4	2	0.000000
3515	4	3	0.000000
3516	4	3	0.000000
3517	4	2	0.000000
3518	4	1	0.000000
3519	3	0	0.000000
3520	3	2	0.000000
3521	3	2	0.000000
3522	3	3	0.000000
3523	3	3	0.000000
3524	3	0	0.000000
3525	3	0	0.000000
3526	3	2	0.000000
3527	3	0	0.000000
3528	2	5	0.000000
3529	2	2	0.000000
3530	2	2	0.000000
3531	2	0	0.000000
3532	2	4	0.000000
3533	2	5	0.000000
3534	2	2	0.000000
3535	2	2	0.000000
3536	2	3	0.000000
3537	2	2	0.000000
3538	2	3	0.000000
3539	2	4	0.000000
3540	2	2	0.000000
3541	2	2	0.000000
3542	2	1	0.000000
3543	2	4	0.000000
3544	2	2	0.000000
3545	2	4	0.000000
3546	2	2	0.000000
3547	2	2	0.000000
3548	2	2	0.000000
3549	2	5	0.000000
3550	2	2	0.000000
3551	2	4	0.000000
3552	2	0	0.000000
3553	2	2	0.000000
3554	2	2	0.000000
3555	2	2	0.000000
3556	2	3	0.000000
3557	2	2	0.000000
3558	2	2	0.000000
3559	2	1	0.000000
3560	2	2	0.000000
3561	2	2	0.000000
3562	2	3	0.000000
3563	2	3	0.000000
3564	2	2	0.000000
3565	2	2	0.000000
3566	2	0	0.000000
3567	2	3	0.000000
3568	2	2	0.000000
3569	2	4	0.000000
3570	2	2	0.000000
3571	2	4	0.000000
3572	2	2	0.000000
3573	2	2	0.000000
3574	2	2	0.000000
3575	2	2	0.000000
3576	2	2	0.000000
3577	2	2	0.000000
3578	2	2	0.000000
3579	2	2	0.000000
3580	2	5	0.000000
3581	2	2	0.000000
3582	2	4	0.000000
3583	2	0	0.000000
3584	2	0	0.000000
3585	2	2	0.000000
3586	2	1	0.000000
3587	2	2	0.000000
3588	2	4	0.000000
3589	2	2	0.000000
3590	2	1	0.000000
3591	2	5	0.000000
3592	2	1	0.000000
3593	2	2	0.000000
3594	2	2	0.000000
3595	2	2	0.000000
3596	2	4	0.000000
3597	2	2	0.000000
3598	2	2	0.000000
3599	2	2	0.000000
3600	2	2	0.000000
3601	2	0	0.000000
3602	2	5	0.000000
3603	2	2	0.000000
3604	2	2	0.000000
3605	2	2	0.000000
3606	2	5	0.000000
3607	2	4	0.000000
3608	2	3	0.000000
3609	2	2	0.000000
3610	2	5	0.000000
3611	2	2	0.000000
3612	2	1	0.000000
3613	2	2	0.000000
3614	2	2	0.000000
3615	2	2	0.000000
3616	2	2	0.000000
3617	2	2	0.000000
3618	2	2	0.000000
3619	2	2	0.000000
3620	2	2	0.000000
3621	2	5	0.000000
3622	2	4	0.000000
3623	2	2	0.000000
3624	2	2	0.000000
3625	2	2	0.000000
3626	2	5	0.000000
3627	2	0	0.000000
3628	2	2	0.000000
3629	2	2	0.000000
3630	2	4	0.000000
3631	1	2	0.000000
3632	1	2	0.000000
3633	1	2	0.000000
3634	1	2	0.000000
3635	1	2	0.000000
3636	1	3	0.000000
3637	1	2	0.000000
3638	1	2	0.000000
3639	1	2	0.000000
3640	2	2	0.000000
3641	2	4	0.000000
3642	2	2	0.000000
3643	2	2	0.000000
3644	2	2	0.000000
3645	2	3	0.000000
3646	2	5	0.000000
3647	2	4	0.000000
3648	3	2	0.000000
3649	3	1	0.000000
3650	3	2	0.000000
3651	3	1	0.000000
3652	3	2	0.000000
3653	3	3	0.000000
3654	3	2	0.000000
3655	2	2	0.000000
3656	2	0	0.000000
3657	2	3	0.000000
3658	2	2	0.000000
3659	2	2	0.000000
3660	2	2	0.000000
3661	2	2	0.000000
3662	2	1	0.000000
3663	2	2	0.000000
3664	2	2	0.000000
3665	2	2	0.000000
3666	2	4	0.000000
3667	2	3	0.000000
3668	2	3	0.000000
3669	2	0	0.000000
3670	2	2	0.000000
3671	2	2	0.000000
3672	2	2	0.000000
3673	2	2	0.000000
3674	2	3	0.000000
3675	2	0	0.000000
3676	2	1	0.000000
3677	2	2	0.000000
3678	2	2	0.000000
3679	2	0	0.000000
3680	2	5	0.000000
3681	2	2	0.000000
3682	2	2	0.000000
3683	2	2	0.000000
3684	2	2	0.000000
3685	2	2	0.000000
3686	2	2	0.000000
3687	2	0	0.000000
3688	2	2	0.000000
3689	2	0	0.000000
3690	2	2	0.000000
3691	2	2	0.000000
3692	2	5	0.000000
3693	2	1	0.000000
3694	2	1	0.000000
3695	2	2	0.000000
3696	2	5	0.000000
3697	2	2	0.000000
3698	2	4	0.000000
3699	2	2	0.000000
3700	2	5	0.000000
3701	2	2	0.000000
3702	2	2	0.000000
3703	1	2	0.000000
3704	1	2	0.000000
3705	1	2	0.000000
3706	1	2	0.000000
3707	1	2	0.000000
3708	1	2	0.000000
3709	1	0	0.000000
3710	1	2	0.000000
3711	1	2	0.000000
3712	1	2	0.000000
3713	1	2	0.000000
3714	1	2	0.000000
3715	1	2	0.000000
3716	2	2	0.000000
3717	2	2	0.000000
3718	2	2	0.000000
3719	2	3	0.000000
3720	3	2	0.000000
3721	3	2	0.000000
3722	3	0	0.000000
3723	3	2	0.000000
3724	3	2	0.000000
3725	3	0	0.000000
3726	3	2	0.000000
3727	3	2	0.000000
3728	3	2	0.000000
3729	3	2	0.000000
3730	3	1	0.000000
3731	3	2	0.000000
3732	2	2	0.000000
3733	3	2	0.000000
3734	2	2	0.000000
3735	2	2	0.000000
3736	2	3	0.000000
3737	2	1	0.000000
3738	3	2	0.000000
3739	3	2	0.000000
3740	3	2	0.000000
3741	3	2	0.000000
3742	3	2	0.000000
3743	2	3	0.000000
3744	2	1	0.000000
3745	2	3	0.000000
3746	2	2	0.000000
3747	2	2	0.000000
3748	2	2	0.000000
3749	2	0	0.000000
3750	2	2	0.000000
3751	2	2	0.000000
3752	2	1	0.000000
3753	2	2	0.000000
3754	2	1	0.000000
3755	2	0	0.000000
3756	2	5	0.000000
3757	2	5	0.000000
3758	2	2	0.000000
3759	2	2	0.000000
3760	2	5	0.000000
3761	2	3	0.000000
3762	2	0	0.000000
3763	2	0	0.000000
3764	2	2	0.000000
3765	2	2	0.000000
3766	2	2	0.000000
3767	2	2	0.000000
3768	2	2	0.000000
3769	2	2	0.000000
3770	2	2	0.000000
3771	2	2	0.000000
3772	2	5	0.000000
3773	2	3	0.000000
3774	2	1	0.000000
3775	2	1	0.000000
3776	2	0	0.000000
3777	2	2	0.000000
3778	2	4	0.000000
3779	2	2	0.000000
3780	1	2	0.000000
3781	1	1	0.000000
3782	2	0	0.000000
3783	2	4	0.000000
3784	2	2	0.000000
3785	1	0	0.000000
3786	1	2	0.000000
3787	1	0	0.000000
3788	1	2	0.000000
3789	1	3	0.000000
3790	1	2	0.000000
3791	1	2	0.000000
3792	1	2	0.000000
3793	2	1	0.000000
3794	2	3	0.000000
3795	2	2	0.000000
3796	2	2	0.000000
3797	2	2	0.000000
3798	2	2	0.000000
3799	3	3	0.000000
3800	3	0	0.000000
3801	3	2	0.000000
3802	3	2	0.000000
3803	3	0	0.000000
3804	3	2	0.000000
3805	3	0	0.000000
3806	3	0	0.000000
3807	3	2	0.000000
3808	3	0	0.000000
3809	3	3	0.000000
3810	3	2	0.000000
3811	3	3	0.000000
3812	2	0	0.000000
3813	2	2	0.000000
3814	2	4	0.000000
3815	2	2	0.000000
3816	2	3	0.000000
3817	2	5	0.000000
3818	2	2	0.000000
3819	2	0	0.000000
3820	2	3	0.000000
3821	2	1	0.000000
3822	2	2	0.000000
3823	2	0	0.000000
3824	2	2	0.000000
3825	2	4	0.000000
3826	2	2	0.000000
3827	2	5	0.000000
3828	2	2	0.000000
3829	2	2	0.000000
3830	2	4	0.000000
3831	2	2	0.000000
3832	2	3	0.000000
3833	2	0	0.000000
3834	2	4	0.000000
3835	2	2	0.000000
3836	2	2	0.000000
3837	2	2	0.000000
3838	2	2	0.000000
3839	2	1	0.000000
3840	2	3	0.000000
3841	2	2	47.188000
3842	0	0	0.000000
