StartTime	2015/10/21 04:42:25
FinishTime	2015/10/21 04:43:15
ElapsedTime	50.000000
/home/daisuke/git/ReinforcementLearning/log/EV3LineTracer_20151021020428_10Setting_20151021020429.log
0	1.000000
1	0.125000	0.125000	0.625000	0.125000
2	0.083333	0.083333	0.583333	0.083333	0.083333	0.083333
3	0.125000	0.125000	0.625000	0.125000
4	0.125000	0.125000	0.625000	0.125000
5	0.125000	0.125000	0.125000	0.625000
6	0.125000	0.125000	0.125000	0.625000
3862
0	2	2	0.000000
1	2	2	0.000000
2	2	0	0.000000
3	2	0	0.000000
4	2	5	0.000000
5	2	0	0.000000
6	2	2	0.000000
7	2	2	0.000000
8	2	2	0.000000
9	2	2	0.000000
10	2	1	0.000000
11	2	2	0.000000
12	2	2	0.000000
13	2	2	0.000000
14	2	5	0.000000
15	2	4	0.000000
16	2	1	0.000000
17	2	0	0.000000
18	2	2	0.000000
19	2	2	0.000000
20	2	2	0.000000
21	2	1	0.000000
22	2	2	0.000000
23	2	2	0.000000
24	2	2	0.000000
25	2	3	0.000000
26	2	2	0.000000
27	2	2	0.000000
28	2	2	0.000000
29	2	2	0.000000
30	2	1	0.000000
31	2	0	0.000000
32	2	0	0.000000
33	2	2	0.000000
34	2	2	0.000000
35	1	0	0.000000
36	2	1	0.000000
37	1	1	0.000000
38	2	1	0.000000
39	1	2	0.000000
40	1	2	0.000000
41	2	3	0.000000
42	1	2	0.000000
43	2	2	0.000000
44	2	1	0.000000
45	2	3	0.000000
46	2	2	0.000000
47	2	2	0.000000
48	2	3	0.000000
49	3	2	0.000000
50	3	0	0.000000
51	3	3	0.000000
52	3	2	0.000000
53	3	0	0.000000
54	2	1	0.000000
55	2	5	0.000000
56	2	0	0.000000
57	2	0	0.000000
58	2	2	0.000000
59	2	1	0.000000
60	2	4	0.000000
61	2	0	0.000000
62	2	2	0.000000
63	2	1	0.000000
64	2	0	0.000000
65	2	2	0.000000
66	2	3	0.000000
67	2	1	0.000000
68	2	1	0.000000
69	2	2	0.000000
70	2	3	0.000000
71	2	5	0.000000
72	2	1	0.000000
73	2	2	0.000000
74	2	4	0.000000
75	2	2	0.000000
76	2	4	0.000000
77	2	2	0.000000
78	2	1	0.000000
79	1	3	0.000000
80	1	0	0.000000
81	1	2	0.000000
82	1	2	0.000000
83	1	2	0.000000
84	1	3	0.000000
85	1	2	0.000000
86	1	0	0.000000
87	1	2	0.000000
88	2	2	0.000000
89	2	0	0.000000
90	2	1	0.000000
91	2	2	0.000000
92	2	2	0.000000
93	2	0	0.000000
94	2	5	0.000000
95	2	2	0.000000
96	2	2	0.000000
97	3	2	0.000000
98	3	1	0.000000
99	2	2	0.000000
100	2	2	0.000000
101	2	2	0.000000
102	2	2	0.000000
103	2	0	0.000000
104	2	3	0.000000
105	2	2	0.000000
106	2	2	0.000000
107	2	4	0.000000
108	2	2	0.000000
109	2	5	0.000000
110	2	1	0.000000
111	2	5	0.000000
112	2	5	0.000000
113	2	2	0.000000
114	2	2	0.000000
115	2	1	0.000000
116	2	2	0.000000
117	2	0	0.000000
118	2	2	0.000000
119	2	2	0.000000
120	1	2	0.000000
121	1	2	0.000000
122	1	1	0.000000
123	1	2	0.000000
124	1	2	0.000000
125	1	2	0.000000
126	1	2	0.000000
127	1	2	0.000000
128	1	0	0.000000
129	1	2	0.000000
130	1	3	0.000000
131	1	2	0.000000
132	1	1	0.000000
133	2	0	0.000000
134	2	3	0.000000
135	2	5	0.000000
136	2	2	0.000000
137	2	2	0.000000
138	3	2	0.000000
139	3	3	0.000000
140	3	1	0.000000
141	3	3	0.000000
142	3	2	0.000000
143	3	2	0.000000
144	3	2	0.000000
145	3	2	0.000000
146	3	1	0.000000
147	2	2	0.000000
148	2	1	0.000000
149	2	0	0.000000
150	2	4	0.000000
151	2	2	0.000000
152	2	2	0.000000
153	2	5	0.000000
154	2	2	0.000000
155	2	2	0.000000
156	2	1	0.000000
157	2	2	0.000000
158	2	2	0.000000
159	2	2	0.000000
160	2	4	0.000000
161	2	2	0.000000
162	2	2	0.000000
163	1	2	0.000000
164	1	0	0.000000
165	1	2	0.000000
166	1	1	0.000000
167	1	2	0.000000
168	1	3	0.000000
169	1	2	0.000000
170	1	0	0.000000
171	1	2	0.000000
172	1	2	0.000000
173	1	2	0.000000
174	1	0	0.000000
175	2	2	0.000000
176	2	1	0.000000
177	2	3	0.000000
178	2	4	0.000000
179	2	2	0.000000
180	2	1	0.000000
181	2	2	0.000000
182	3	2	0.000000
183	3	2	0.000000
184	3	2	0.000000
185	3	0	0.000000
186	3	3	0.000000
187	3	1	0.000000
188	2	2	0.000000
189	2	2	0.000000
190	2	3	0.000000
191	2	5	0.000000
192	2	0	0.000000
193	2	1	0.000000
194	2	2	0.000000
195	2	2	0.000000
196	2	4	0.000000
197	2	2	0.000000
198	2	2	0.000000
199	2	2	0.000000
200	2	4	0.000000
201	2	2	0.000000
202	2	4	0.000000
203	2	2	0.000000
204	2	2	0.000000
205	1	2	0.000000
206	1	1	0.000000
207	1	2	0.000000
208	1	2	0.000000
209	1	3	0.000000
210	1	0	0.000000
211	1	2	0.000000
212	1	2	0.000000
213	1	2	0.000000
214	1	3	0.000000
215	1	2	0.000000
216	1	0	0.000000
217	1	2	0.000000
218	1	2	0.000000
219	2	2	0.000000
220	2	2	0.000000
221	2	2	0.000000
222	2	2	0.000000
223	3	2	0.000000
224	3	1	0.000000
225	3	2	0.000000
226	3	0	0.000000
227	3	2	0.000000
228	3	2	0.000000
229	3	2	0.000000
230	3	3	0.000000
231	3	1	0.000000
232	3	0	0.000000
233	3	2	0.000000
234	2	4	0.000000
235	2	2	0.000000
236	2	3	0.000000
237	2	3	0.000000
238	2	4	0.000000
239	2	3	0.000000
240	2	2	0.000000
241	2	2	0.000000
242	2	2	0.000000
243	2	0	0.000000
244	2	1	0.000000
245	2	0	0.000000
246	2	2	0.000000
247	2	2	0.000000
248	2	5	0.000000
249	2	2	0.000000
250	2	2	0.000000
251	2	2	0.000000
252	2	2	0.000000
253	2	1	0.000000
254	2	2	0.000000
255	2	2	0.000000
256	2	4	0.000000
257	2	2	0.000000
258	2	2	0.000000
259	2	2	0.000000
260	2	4	0.000000
261	2	2	0.000000
262	2	4	0.000000
263	2	5	0.000000
264	2	0	0.000000
265	1	2	0.000000
266	1	2	0.000000
267	1	2	0.000000
268	1	2	0.000000
269	1	3	0.000000
270	1	0	0.000000
271	1	2	0.000000
272	1	0	0.000000
273	2	2	0.000000
274	2	3	0.000000
275	1	2	0.000000
276	1	2	0.000000
277	1	1	0.000000
278	2	2	0.000000
279	2	1	0.000000
280	1	0	0.000000
281	2	2	0.000000
282	1	2	0.000000
283	2	1	0.000000
284	2	3	0.000000
285	2	4	0.000000
286	2	4	0.000000
287	2	2	0.000000
288	2	2	0.000000
289	2	2	0.000000
290	2	1	0.000000
291	2	5	0.000000
292	2	0	0.000000
293	2	2	0.000000
294	2	4	0.000000
295	2	2	0.000000
296	2	0	0.000000
297	2	2	0.000000
298	1	2	0.000000
299	1	1	0.000000
300	1	3	0.000000
301	1	1	0.000000
302	2	2	0.000000
303	2	2	0.000000
304	2	2	0.000000
305	2	2	0.000000
306	2	1	0.000000
307	2	2	0.000000
308	2	2	0.000000
309	2	2	0.000000
310	2	2	0.000000
311	2	0	0.000000
312	1	1	0.000000
313	1	2	0.000000
314	1	1	0.000000
315	1	0	0.000000
316	2	1	0.000000
317	2	2	0.000000
318	1	3	0.000000
319	2	1	0.000000
320	2	2	0.000000
321	2	2	0.000000
322	2	5	0.000000
323	2	2	0.000000
324	2	2	0.000000
325	2	2	0.000000
326	2	2	0.000000
327	1	2	0.000000
328	1	2	0.000000
329	1	2	0.000000
330	1	2	0.000000
331	1	2	0.000000
332	1	2	0.000000
333	1	3	0.000000
334	1	2	0.000000
335	1	3	0.000000
336	1	0	0.000000
337	1	2	0.000000
338	1	2	0.000000
339	1	2	0.000000
340	1	2	0.000000
341	2	1	0.000000
342	2	2	0.000000
343	2	2	0.000000
344	3	2	0.000000
345	4	3	0.000000
346	4	1	0.000000
347	4	2	0.000000
348	4	2	0.000000
349	5	1	0.000000
350	5	3	0.000000
351	5	3	0.000000
352	5	0	0.000000
353	5	3	0.000000
354	5	1	0.000000
355	4	2	0.000000
356	4	2	0.000000
357	4	2	0.000000
358	4	3	0.000000
359	4	1	0.000000
360	4	2	0.000000
361	3	0	0.000000
362	3	2	0.000000
363	3	2	0.000000
364	3	2	0.000000
365	3	1	0.000000
366	3	2	0.000000
367	3	1	0.000000
368	3	1	0.000000
369	2	3	0.000000
370	2	3	0.000000
371	2	2	0.000000
372	2	0	0.000000
373	2	2	0.000000
374	2	5	0.000000
375	2	4	0.000000
376	2	2	0.000000
377	2	2	0.000000
378	2	2	0.000000
379	2	3	0.000000
380	2	2	0.000000
381	2	2	0.000000
382	2	2	0.000000
383	2	2	0.000000
384	2	2	0.000000
385	2	2	0.000000
386	1	2	0.000000
387	1	2	0.000000
388	2	2	0.000000
389	2	2	0.000000
390	1	2	0.000000
391	1	2	0.000000
392	1	2	0.000000
393	1	2	0.000000
394	2	5	0.000000
395	2	1	0.000000
396	2	4	0.000000
397	2	1	0.000000
398	2	2	0.000000
399	2	5	0.000000
400	2	5	0.000000
401	2	5	0.000000
402	3	2	0.000000
403	3	2	0.000000
404	3	2	0.000000
405	2	2	0.000000
406	2	4	0.000000
407	2	0	0.000000
408	2	2	0.000000
409	1	2	0.000000
410	1	2	0.000000
411	2	2	0.000000
412	2	0	0.000000
413	1	1	0.000000
414	1	2	0.000000
415	1	3	0.000000
416	1	1	0.000000
417	1	2	0.000000
418	2	1	0.000000
419	2	4	0.000000
420	2	2	0.000000
421	2	2	0.000000
422	3	3	0.000000
423	4	2	0.000000
424	4	2	0.000000
425	4	0	0.000000
426	4	2	0.000000
427	4	2	0.000000
428	4	2	0.000000
429	3	2	0.000000
430	3	0	0.000000
431	2	1	0.000000
432	2	1	0.000000
433	2	1	0.000000
434	2	2	0.000000
435	2	2	0.000000
436	2	2	0.000000
437	2	2	0.000000
438	2	2	0.000000
439	2	2	0.000000
440	2	4	0.000000
441	2	3	0.000000
442	2	2	0.000000
443	2	3	0.000000
444	1	2	0.000000
445	1	2	0.000000
446	1	2	0.000000
447	1	3	0.000000
448	1	1	0.000000
449	1	3	0.000000
450	2	3	0.000000
451	2	2	0.000000
452	2	2	0.000000
453	3	2	0.000000
454	3	1	0.000000
455	4	1	0.000000
456	4	3	0.000000
457	4	2	0.000000
458	4	2	0.000000
459	4	0	0.000000
460	4	2	0.000000
461	4	2	0.000000
462	4	2	0.000000
463	4	0	0.000000
464	4	2	0.000000
465	3	2	0.000000
466	3	2	0.000000
467	3	3	0.000000
468	3	2	0.000000
469	3	1	0.000000
470	2	4	0.000000
471	2	5	0.000000
472	2	2	0.000000
473	2	5	0.000000
474	2	4	0.000000
475	2	2	0.000000
476	2	2	0.000000
477	2	2	0.000000
478	2	2	0.000000
479	2	2	0.000000
480	2	2	0.000000
481	2	5	0.000000
482	1	2	0.000000
483	1	2	0.000000
484	2	2	0.000000
485	3	2	0.000000
486	2	2	0.000000
487	2	2	0.000000
488	1	2	0.000000
489	1	2	0.000000
490	1	2	0.000000
491	1	2	0.000000
492	1	2	0.000000
493	1	2	0.000000
494	1	3	0.000000
495	1	2	0.000000
496	1	3	0.000000
497	1	2	0.000000
498	1	2	0.000000
499	1	2	0.000000
500	1	0	0.000000
501	1	2	0.000000
502	1	1	0.000000
503	3	2	0.000000
504	3	2	0.000000
505	2	4	0.000000
506	2	2	0.000000
507	2	1	0.000000
508	2	2	0.000000
509	2	1	0.000000
510	2	2	0.000000
511	2	2	0.000000
512	2	2	0.000000
513	2	5	0.000000
514	2	2	0.000000
515	2	0	0.000000
516	2	3	0.000000
517	2	2	0.000000
518	2	2	0.000000
519	2	5	0.000000
520	2	2	0.000000
521	2	2	0.000000
522	2	2	0.000000
523	2	2	0.000000
524	2	3	0.000000
525	2	2	0.000000
526	2	2	0.000000
527	2	3	0.000000
528	2	2	0.000000
529	2	0	0.000000
530	2	0	0.000000
531	2	2	0.000000
532	2	2	0.000000
533	2	1	0.000000
534	2	2	0.000000
535	3	0	0.000000
536	3	3	0.000000
537	3	2	0.000000
538	3	2	0.000000
539	3	0	0.000000
540	3	0	0.000000
541	3	2	0.000000
542	3	1	0.000000
543	3	2	0.000000
544	3	2	0.000000
545	3	2	0.000000
546	3	2	0.000000
547	3	2	0.000000
548	3	3	0.000000
549	3	2	0.000000
550	3	0	0.000000
551	3	2	0.000000
552	3	2	0.000000
553	3	2	0.000000
554	3	2	0.000000
555	3	0	0.000000
556	3	2	0.000000
557	3	2	0.000000
558	3	2	0.000000
559	3	2	0.000000
560	3	2	0.000000
561	3	2	0.000000
562	3	3	0.000000
563	3	2	0.000000
564	3	0	0.000000
565	3	3	0.000000
566	3	0	0.000000
567	3	2	0.000000
568	3	2	0.000000
569	3	2	0.000000
570	3	0	0.000000
571	3	2	0.000000
572	3	0	0.000000
573	3	1	0.000000
574	3	2	0.000000
575	3	2	0.000000
576	3	2	0.000000
577	3	2	0.000000
578	3	1	0.000000
579	3	2	0.000000
580	3	3	0.000000
581	3	2	0.000000
582	3	1	0.000000
583	3	2	0.000000
584	3	2	0.000000
585	3	2	0.000000
586	3	2	0.000000
587	3	2	0.000000
588	2	2	0.000000
589	2	3	0.000000
590	2	3	0.000000
591	2	4	0.000000
592	2	3	0.000000
593	2	2	0.000000
594	2	2	0.000000
595	2	0	0.000000
596	2	5	0.000000
597	2	2	0.000000
598	2	2	0.000000
599	2	1	0.000000
600	2	5	0.000000
601	2	0	0.000000
602	2	2	0.000000
603	2	0	0.000000
604	2	2	0.000000
605	2	5	0.000000
606	2	2	0.000000
607	2	2	0.000000
608	2	2	0.000000
609	2	2	0.000000
610	2	2	0.000000
611	2	3	0.000000
612	2	0	0.000000
613	2	4	0.000000
614	2	2	0.000000
615	2	1	0.000000
616	2	5	0.000000
617	2	5	0.000000
618	2	3	0.000000
619	2	2	0.000000
620	2	2	0.000000
621	2	2	0.000000
622	2	4	0.000000
623	2	1	0.000000
624	2	2	0.000000
625	2	5	0.000000
626	2	2	0.000000
627	2	2	0.000000
628	2	2	0.000000
629	2	1	0.000000
630	2	2	0.000000
631	2	2	0.000000
632	2	2	0.000000
633	2	2	0.000000
634	2	2	0.000000
635	2	2	0.000000
636	2	1	0.000000
637	2	3	0.000000
638	2	2	0.000000
639	2	2	0.000000
640	2	5	0.000000
641	2	2	0.000000
642	2	2	0.000000
643	2	2	0.000000
644	2	2	0.000000
645	2	2	0.000000
646	2	2	0.000000
647	2	5	0.000000
648	2	4	0.000000
649	2	2	0.000000
650	2	2	0.000000
651	2	0	0.000000
652	2	2	0.000000
653	2	5	0.000000
654	2	2	0.000000
655	2	1	0.000000
656	2	0	0.000000
657	2	4	0.000000
658	2	2	0.000000
659	2	2	0.000000
660	2	2	0.000000
661	2	5	0.000000
662	2	0	0.000000
663	2	2	0.000000
664	2	2	0.000000
665	2	2	0.000000
666	2	2	0.000000
667	2	1	0.000000
668	2	5	0.000000
669	2	2	0.000000
670	2	2	0.000000
671	2	0	0.000000
672	2	2	0.000000
673	2	2	0.000000
674	2	0	0.000000
675	2	2	0.000000
676	2	2	0.000000
677	2	0	0.000000
678	2	4	0.000000
679	2	0	0.000000
680	2	5	0.000000
681	2	2	0.000000
682	2	4	0.000000
683	2	2	0.000000
684	2	2	0.000000
685	2	2	0.000000
686	2	2	0.000000
687	2	2	0.000000
688	2	2	0.000000
689	2	2	0.000000
690	2	2	0.000000
691	2	0	0.000000
692	2	1	0.000000
693	2	2	0.000000
694	2	3	0.000000
695	2	0	0.000000
696	2	0	0.000000
697	2	2	0.000000
698	2	5	0.000000
699	2	2	0.000000
700	2	2	0.000000
701	2	2	0.000000
702	2	0	0.000000
703	2	2	0.000000
704	2	2	0.000000
705	2	2	0.000000
706	2	2	0.000000
707	2	5	0.000000
708	2	2	0.000000
709	2	2	0.000000
710	2	0	0.000000
711	1	2	0.000000
712	1	2	0.000000
713	1	2	0.000000
714	1	1	0.000000
715	1	2	0.000000
716	1	2	0.000000
717	1	2	0.000000
718	1	0	0.000000
719	1	2	0.000000
720	2	2	0.000000
721	2	5	0.000000
722	2	2	0.000000
723	2	4	0.000000
724	2	2	0.000000
725	2	2	0.000000
726	2	2	0.000000
727	3	2	0.000000
728	3	2	0.000000
729	3	2	0.000000
730	3	2	0.000000
731	3	0	0.000000
732	3	3	0.000000
733	3	2	0.000000
734	3	2	0.000000
735	3	0	0.000000
736	3	2	0.000000
737	2	3	0.000000
738	2	2	0.000000
739	2	2	0.000000
740	2	4	0.000000
741	2	2	0.000000
742	2	1	0.000000
743	2	2	0.000000
744	2	2	0.000000
745	2	5	0.000000
746	2	1	0.000000
747	2	2	0.000000
748	2	2	0.000000
749	2	2	0.000000
750	2	2	0.000000
751	2	5	0.000000
752	2	2	0.000000
753	2	2	0.000000
754	2	2	0.000000
755	2	2	0.000000
756	2	5	0.000000
757	2	2	0.000000
758	2	2	0.000000
759	2	1	0.000000
760	2	0	0.000000
761	2	2	0.000000
762	2	2	0.000000
763	2	2	0.000000
764	2	3	0.000000
765	2	1	0.000000
766	2	2	0.000000
767	2	2	0.000000
768	2	0	0.000000
769	2	3	0.000000
770	2	2	0.000000
771	2	0	0.000000
772	2	2	0.000000
773	2	2	0.000000
774	2	2	0.000000
775	2	2	0.000000
776	2	2	0.000000
777	2	2	0.000000
778	2	1	0.000000
779	2	4	0.000000
780	2	2	0.000000
781	2	2	0.000000
782	2	2	0.000000
783	2	0	0.000000
784	2	2	0.000000
785	2	2	0.000000
786	2	2	0.000000
787	2	2	0.000000
788	2	1	0.000000
789	2	2	0.000000
790	2	2	0.000000
791	2	2	0.000000
792	2	2	0.000000
793	2	2	0.000000
794	2	2	0.000000
795	1	0	0.000000
796	1	2	0.000000
797	1	2	0.000000
798	1	3	0.000000
799	1	2	0.000000
800	1	2	0.000000
801	1	2	0.000000
802	1	2	0.000000
803	1	3	0.000000
804	1	0	0.000000
805	1	2	0.000000
806	1	1	0.000000
807	1	2	0.000000
808	1	2	0.000000
809	2	5	0.000000
810	2	2	0.000000
811	2	2	0.000000
812	2	5	0.000000
813	2	2	0.000000
814	2	2	0.000000
815	3	2	0.000000
816	3	2	0.000000
817	3	2	0.000000
818	3	3	0.000000
819	3	0	0.000000
820	3	2	0.000000
821	3	2	0.000000
822	3	1	0.000000
823	2	1	0.000000
824	2	3	0.000000
825	2	0	0.000000
826	2	2	0.000000
827	2	2	0.000000
828	2	2	0.000000
829	2	2	0.000000
830	2	5	0.000000
831	2	2	0.000000
832	2	4	0.000000
833	2	2	0.000000
834	2	2	0.000000
835	2	2	0.000000
836	2	2	0.000000
837	2	0	0.000000
838	2	2	0.000000
839	2	2	0.000000
840	2	3	0.000000
841	2	2	0.000000
842	2	2	0.000000
843	2	2	0.000000
844	2	2	0.000000
845	2	2	0.000000
846	3	2	0.000000
847	3	1	0.000000
848	3	2	0.000000
849	3	2	0.000000
850	3	2	0.000000
851	3	2	0.000000
852	3	2	0.000000
853	3	2	0.000000
854	3	3	0.000000
855	3	0	0.000000
856	3	2	0.000000
857	3	2	0.000000
858	3	0	0.000000
859	3	0	0.000000
860	3	2	0.000000
861	3	2	0.000000
862	3	0	0.000000
863	3	2	0.000000
864	3	2	0.000000
865	3	2	0.000000
866	3	2	0.000000
867	3	0	0.000000
868	3	0	0.000000
869	3	2	0.000000
870	3	2	0.000000
871	3	2	0.000000
872	3	2	0.000000
873	3	3	0.000000
874	3	2	0.000000
875	3	3	0.000000
876	3	2	0.000000
877	3	0	0.000000
878	3	2	0.000000
879	3	2	0.000000
880	3	2	0.000000
881	3	0	0.000000
882	3	0	0.000000
883	3	2	0.000000
884	3	3	0.000000
885	3	2	0.000000
886	3	2	0.000000
887	3	2	0.000000
888	3	2	0.000000
889	3	2	0.000000
890	3	3	0.000000
891	3	2	0.000000
892	3	1	0.000000
893	3	2	0.000000
894	3	2	0.000000
895	3	2	0.000000
896	3	2	0.000000
897	3	0	0.000000
898	3	2	0.000000
899	3	2	0.000000
900	3	2	0.000000
901	3	2	0.000000
902	3	2	0.000000
903	3	1	0.000000
904	3	0	0.000000
905	3	2	0.000000
906	3	2	0.000000
907	3	2	0.000000
908	3	1	0.000000
909	3	0	0.000000
910	3	3	0.000000
911	3	2	0.000000
912	3	2	0.000000
913	3	2	0.000000
914	3	0	0.000000
915	3	2	0.000000
916	3	3	0.000000
917	3	0	0.000000
918	3	2	0.000000
919	3	2	0.000000
920	3	3	0.000000
921	3	2	0.000000
922	3	1	0.000000
923	3	1	0.000000
924	3	2	0.000000
925	3	1	0.000000
926	3	0	0.000000
927	3	2	0.000000
928	3	2	0.000000
929	2	2	0.000000
930	2	4	0.000000
931	2	2	0.000000
932	2	0	0.000000
933	2	4	0.000000
934	2	2	0.000000
935	2	3	0.000000
936	2	2	0.000000
937	2	2	0.000000
938	2	2	0.000000
939	2	2	0.000000
940	2	0	0.000000
941	2	2	0.000000
942	2	2	0.000000
943	2	2	0.000000
944	2	2	0.000000
945	2	2	0.000000
946	2	2	0.000000
947	2	2	0.000000
948	2	2	0.000000
949	2	2	0.000000
950	2	5	0.000000
951	2	2	0.000000
952	2	2	0.000000
953	2	1	0.000000
954	2	0	0.000000
955	2	3	0.000000
956	2	4	0.000000
957	2	0	0.000000
958	2	4	0.000000
959	2	2	0.000000
960	2	4	0.000000
961	2	4	0.000000
962	2	0	0.000000
963	2	2	0.000000
964	2	2	0.000000
965	2	2	0.000000
966	2	0	0.000000
967	2	2	0.000000
968	2	2	0.000000
969	2	5	0.000000
970	2	1	0.000000
971	2	5	0.000000
972	2	2	0.000000
973	1	0	0.000000
974	1	2	0.000000
975	1	0	0.000000
976	1	3	0.000000
977	1	1	0.000000
978	1	2	0.000000
979	1	2	0.000000
980	1	2	0.000000
981	1	2	0.000000
982	1	0	0.000000
983	1	2	0.000000
984	2	2	0.000000
985	2	2	0.000000
986	2	2	0.000000
987	2	5	0.000000
988	2	5	0.000000
989	2	2	0.000000
990	2	2	0.000000
991	2	5	0.000000
992	3	2	0.000000
993	3	2	0.000000
994	3	3	0.000000
995	3	1	0.000000
996	3	2	0.000000
997	3	2	0.000000
998	2	2	0.000000
999	2	1	0.000000
1000	2	5	0.000000
1001	2	2	0.000000
1002	2	5	0.000000
1003	2	2	0.000000
1004	2	2	0.000000
1005	2	3	0.000000
1006	2	4	0.000000
1007	2	4	0.000000
1008	2	1	0.000000
1009	2	2	0.000000
1010	2	4	0.000000
1011	2	0	0.000000
1012	2	4	0.000000
1013	2	2	0.000000
1014	2	0	0.000000
1015	2	2	0.000000
1016	2	2	0.000000
1017	2	5	0.000000
1018	1	0	0.000000
1019	1	2	0.000000
1020	1	2	0.000000
1021	1	0	0.000000
1022	1	2	0.000000
1023	1	2	0.000000
1024	1	2	0.000000
1025	1	2	0.000000
1026	1	2	0.000000
1027	1	0	0.000000
1028	1	2	0.000000
1029	1	2	0.000000
1030	2	2	0.000000
1031	2	2	0.000000
1032	2	4	0.000000
1033	2	2	0.000000
1034	2	1	0.000000
1035	2	4	0.000000
1036	3	2	0.000000
1037	3	2	0.000000
1038	3	2	0.000000
1039	3	2	0.000000
1040	3	2	0.000000
1041	3	3	0.000000
1042	3	3	0.000000
1043	3	0	0.000000
1044	3	2	0.000000
1045	2	2	0.000000
1046	2	1	0.000000
1047	2	2	0.000000
1048	2	2	0.000000
1049	2	2	0.000000
1050	2	2	0.000000
1051	2	1	0.000000
1052	2	4	0.000000
1053	2	5	0.000000
1054	2	2	0.000000
1055	2	2	0.000000
1056	2	2	0.000000
1057	2	2	0.000000
1058	2	2	0.000000
1059	2	2	0.000000
1060	2	2	0.000000
1061	2	4	0.000000
1062	2	4	0.000000
1063	2	4	0.000000
1064	2	2	0.000000
1065	2	2	0.000000
1066	2	3	0.000000
1067	2	2	0.000000
1068	1	2	0.000000
1069	1	3	0.000000
1070	1	2	0.000000
1071	1	1	0.000000
1072	1	2	0.000000
1073	1	2	0.000000
1074	1	1	0.000000
1075	1	0	0.000000
1076	1	0	0.000000
1077	1	2	0.000000
1078	1	2	0.000000
1079	2	2	0.000000
1080	2	2	0.000000
1081	2	4	0.000000
1082	2	2	0.000000
1083	2	2	0.000000
1084	2	2	0.000000
1085	2	2	0.000000
1086	3	0	0.000000
1087	3	2	0.000000
1088	3	2	0.000000
1089	3	2	0.000000
1090	3	2	0.000000
1091	2	1	0.000000
1092	2	4	0.000000
1093	2	3	0.000000
1094	2	2	0.000000
1095	2	4	0.000000
1096	2	2	0.000000
1097	2	3	0.000000
1098	2	4	0.000000
1099	1	2	0.000000
1100	1	0	0.000000
1101	1	3	0.000000
1102	1	2	0.000000
1103	1	2	0.000000
1104	2	2	0.000000
1105	2	1	0.000000
1106	2	3	0.000000
1107	2	2	0.000000
1108	2	2	0.000000
1109	2	2	0.000000
1110	2	1	0.000000
1111	3	2	0.000000
1112	3	2	0.000000
1113	3	2	0.000000
1114	3	3	0.000000
1115	3	2	0.000000
1116	3	2	0.000000
1117	3	0	0.000000
1118	3	0	0.000000
1119	3	2	0.000000
1120	3	2	0.000000
1121	3	2	0.000000
1122	3	2	0.000000
1123	3	0	0.000000
1124	3	2	0.000000
1125	3	2	0.000000
1126	3	3	0.000000
1127	3	2	0.000000
1128	3	2	0.000000
1129	4	2	0.000000
1130	4	2	0.000000
1131	4	2	0.000000
1132	4	2	0.000000
1133	4	2	0.000000
1134	4	2	0.000000
1135	4	0	0.000000
1136	4	3	0.000000
1137	4	2	0.000000
1138	4	0	0.000000
1139	4	2	0.000000
1140	4	2	0.000000
1141	4	1	0.000000
1142	4	2	0.000000
1143	4	2	0.000000
1144	4	3	0.000000
1145	4	2	0.000000
1146	4	0	0.000000
1147	4	2	0.000000
1148	4	2	0.000000
1149	4	2	0.000000
1150	4	0	0.000000
1151	4	2	0.000000
1152	4	2	0.000000
1153	4	2	0.000000
1154	4	3	0.000000
1155	4	1	0.000000
1156	4	2	0.000000
1157	4	2	0.000000
1158	4	0	0.000000
1159	4	3	0.000000
1160	4	2	0.000000
1161	4	2	0.000000
1162	4	1	0.000000
1163	4	2	0.000000
1164	4	1	0.000000
1165	4	2	0.000000
1166	4	1	0.000000
1167	4	3	0.000000
1168	4	2	0.000000
1169	4	2	0.000000
1170	4	2	0.000000
1171	4	1	0.000000
1172	4	1	0.000000
1173	4	1	0.000000
1174	4	2	0.000000
1175	4	2	0.000000
1176	4	2	0.000000
1177	4	2	0.000000
1178	4	0	0.000000
1179	4	0	0.000000
1180	4	1	0.000000
1181	4	2	0.000000
1182	4	0	0.000000
1183	4	0	0.000000
1184	4	2	0.000000
1185	4	3	0.000000
1186	4	2	0.000000
1187	4	0	0.000000
1188	4	2	0.000000
1189	4	2	0.000000
1190	4	1	0.000000
1191	4	0	0.000000
1192	4	2	0.000000
1193	4	2	0.000000
1194	4	3	0.000000
1195	4	0	0.000000
1196	4	3	0.000000
1197	4	0	0.000000
1198	4	2	0.000000
1199	4	0	0.000000
1200	4	2	0.000000
1201	4	2	0.000000
1202	4	2	0.000000
1203	3	3	0.000000
1204	3	0	0.000000
1205	3	2	0.000000
1206	3	0	0.000000
1207	3	3	0.000000
1208	3	2	0.000000
1209	3	2	0.000000
1210	3	2	0.000000
1211	3	2	0.000000
1212	3	3	0.000000
1213	3	2	0.000000
1214	3	2	0.000000
1215	3	1	0.000000
1216	3	3	0.000000
1217	3	2	0.000000
1218	3	2	0.000000
1219	2	2	0.000000
1220	2	2	0.000000
1221	2	2	0.000000
1222	2	2	0.000000
1223	2	2	0.000000
1224	2	4	0.000000
1225	1	2	0.000000
1226	1	2	0.000000
1227	1	1	0.000000
1228	1	3	0.000000
1229	1	2	0.000000
1230	1	2	0.000000
1231	1	1	0.000000
1232	1	3	0.000000
1233	1	2	0.000000
1234	1	2	0.000000
1235	1	1	0.000000
1236	1	2	0.000000
1237	1	3	0.000000
1238	2	3	0.000000
1239	2	2	0.000000
1240	2	2	0.000000
1241	2	2	0.000000
1242	3	2	0.000000
1243	3	2	0.000000
1244	3	0	0.000000
1245	3	2	0.000000
1246	3	2	0.000000
1247	3	0	0.000000
1248	3	0	0.000000
1249	3	2	0.000000
1250	3	2	0.000000
1251	3	2	0.000000
1252	3	0	0.000000
1253	3	0	0.000000
1254	3	2	0.000000
1255	3	2	0.000000
1256	3	2	0.000000
1257	3	2	0.000000
1258	3	2	0.000000
1259	3	1	0.000000
1260	4	2	0.000000
1261	4	1	0.000000
1262	4	2	0.000000
1263	4	2	0.000000
1264	4	2	0.000000
1265	4	2	0.000000
1266	4	1	0.000000
1267	4	2	0.000000
1268	4	2	0.000000
1269	4	3	0.000000
1270	4	3	0.000000
1271	4	3	0.000000
1272	4	2	0.000000
1273	4	1	0.000000
1274	4	3	0.000000
1275	4	2	0.000000
1276	4	2	0.000000
1277	4	2	0.000000
1278	4	1	0.000000
1279	4	2	0.000000
1280	4	1	0.000000
1281	4	3	0.000000
1282	4	2	0.000000
1283	4	2	0.000000
1284	4	1	0.000000
1285	4	2	0.000000
1286	4	2	0.000000
1287	4	3	0.000000
1288	4	2	0.000000
1289	4	2	0.000000
1290	4	3	0.000000
1291	4	1	0.000000
1292	4	2	0.000000
1293	3	3	0.000000
1294	3	2	0.000000
1295	3	1	0.000000
1296	3	2	0.000000
1297	3	0	0.000000
1298	3	0	0.000000
1299	3	2	0.000000
1300	3	1	0.000000
1301	3	2	0.000000
1302	3	3	0.000000
1303	3	0	0.000000
1304	3	3	0.000000
1305	3	2	0.000000
1306	3	2	0.000000
1307	3	2	0.000000
1308	3	1	0.000000
1309	3	2	0.000000
1310	3	2	0.000000
1311	3	0	0.000000
1312	3	2	0.000000
1313	3	2	0.000000
1314	3	2	0.000000
1315	3	2	0.000000
1316	3	2	0.000000
1317	3	0	0.000000
1318	3	2	0.000000
1319	3	3	0.000000
1320	3	2	0.000000
1321	3	2	0.000000
1322	3	2	0.000000
1323	3	2	0.000000
1324	3	1	0.000000
1325	3	2	0.000000
1326	3	3	0.000000
1327	2	2	0.000000
1328	2	2	0.000000
1329	2	2	0.000000
1330	2	0	0.000000
1331	2	5	0.000000
1332	2	2	0.000000
1333	2	2	0.000000
1334	2	1	0.000000
1335	2	2	0.000000
1336	2	2	0.000000
1337	2	2	0.000000
1338	2	0	0.000000
1339	2	2	0.000000
1340	2	3	0.000000
1341	2	2	0.000000
1342	2	2	0.000000
1343	2	2	0.000000
1344	2	2	0.000000
1345	2	5	0.000000
1346	2	2	0.000000
1347	2	2	0.000000
1348	2	0	0.000000
1349	2	5	0.000000
1350	2	4	0.000000
1351	2	2	0.000000
1352	2	0	0.000000
1353	2	2	0.000000
1354	2	2	0.000000
1355	2	2	0.000000
1356	2	2	0.000000
1357	2	2	0.000000
1358	2	2	0.000000
1359	2	2	0.000000
1360	1	1	0.000000
1361	1	1	0.000000
1362	1	1	0.000000
1363	1	0	0.000000
1364	1	2	0.000000
1365	1	2	0.000000
1366	1	2	0.000000
1367	1	2	0.000000
1368	1	3	0.000000
1369	1	2	0.000000
1370	1	2	0.000000
1371	1	0	0.000000
1372	1	2	0.000000
1373	1	0	0.000000
1374	1	2	0.000000
1375	1	2	0.000000
1376	2	2	0.000000
1377	2	3	0.000000
1378	2	4	0.000000
1379	2	2	0.000000
1380	3	2	0.000000
1381	3	2	0.000000
1382	3	2	0.000000
1383	3	2	0.000000
1384	3	2	0.000000
1385	3	2	0.000000
1386	3	1	0.000000
1387	3	2	0.000000
1388	3	2	0.000000
1389	3	2	0.000000
1390	3	3	0.000000
1391	3	2	0.000000
1392	3	2	0.000000
1393	3	2	0.000000
1394	3	0	0.000000
1395	3	3	0.000000
1396	3	1	0.000000
1397	3	3	0.000000
1398	3	1	0.000000
1399	3	2	0.000000
1400	3	2	0.000000
1401	3	3	0.000000
1402	3	0	0.000000
1403	4	1	0.000000
1404	3	2	0.000000
1405	4	3	0.000000
1406	4	1	0.000000
1407	4	1	0.000000
1408	4	3	0.000000
1409	4	0	0.000000
1410	4	2	0.000000
1411	4	2	0.000000
1412	4	2	0.000000
1413	4	1	0.000000
1414	4	3	0.000000
1415	4	0	0.000000
1416	4	3	0.000000
1417	4	2	0.000000
1418	4	2	0.000000
1419	4	2	0.000000
1420	4	2	0.000000
1421	4	2	0.000000
1422	4	2	0.000000
1423	4	2	0.000000
1424	4	2	0.000000
1425	4	2	0.000000
1426	4	2	0.000000
1427	4	0	0.000000
1428	4	2	0.000000
1429	4	2	0.000000
1430	4	1	0.000000
1431	4	2	0.000000
1432	4	2	0.000000
1433	4	2	0.000000
1434	4	2	0.000000
1435	4	2	0.000000
1436	4	2	0.000000
1437	4	2	0.000000
1438	4	1	0.000000
1439	4	2	0.000000
1440	4	1	0.000000
1441	4	1	0.000000
1442	4	2	0.000000
1443	4	1	0.000000
1444	4	2	0.000000
1445	4	1	0.000000
1446	4	1	0.000000
1447	4	2	0.000000
1448	4	2	0.000000
1449	4	0	0.000000
1450	4	2	0.000000
1451	4	2	0.000000
1452	4	1	0.000000
1453	4	2	0.000000
1454	4	2	0.000000
1455	4	3	0.000000
1456	4	2	0.000000
1457	4	2	0.000000
1458	4	2	0.000000
1459	4	2	0.000000
1460	4	3	0.000000
1461	4	1	0.000000
1462	4	2	0.000000
1463	4	2	0.000000
1464	4	2	0.000000
1465	4	3	0.000000
1466	4	2	0.000000
1467	4	1	0.000000
1468	4	3	0.000000
1469	4	3	0.000000
1470	4	2	0.000000
1471	4	2	0.000000
1472	4	0	0.000000
1473	4	1	0.000000
1474	4	2	0.000000
1475	4	2	0.000000
1476	4	2	0.000000
1477	4	2	0.000000
1478	4	2	0.000000
1479	4	2	0.000000
1480	4	0	0.000000
1481	4	2	0.000000
1482	4	2	0.000000
1483	4	2	0.000000
1484	4	2	0.000000
1485	4	1	0.000000
1486	4	2	0.000000
1487	4	2	0.000000
1488	4	2	0.000000
1489	4	0	0.000000
1490	4	3	0.000000
1491	4	2	0.000000
1492	4	3	0.000000
1493	3	2	0.000000
1494	3	2	0.000000
1495	3	2	0.000000
1496	3	2	0.000000
1497	3	1	0.000000
1498	3	2	0.000000
1499	3	1	0.000000
1500	3	2	0.000000
1501	3	2	0.000000
1502	3	2	0.000000
1503	3	3	0.000000
1504	3	2	0.000000
1505	3	2	0.000000
1506	3	2	0.000000
1507	3	2	0.000000
1508	2	2	0.000000
1509	2	2	0.000000
1510	2	2	0.000000
1511	2	2	0.000000
1512	2	2	0.000000
1513	1	0	0.000000
1514	1	2	0.000000
1515	1	2	0.000000
1516	2	2	0.000000
1517	2	2	0.000000
1518	2	2	0.000000
1519	2	0	0.000000
1520	2	2	0.000000
1521	1	0	0.000000
1522	1	2	0.000000
1523	1	2	0.000000
1524	1	0	0.000000
1525	1	2	0.000000
1526	1	2	0.000000
1527	1	2	0.000000
1528	1	2	0.000000
1529	1	2	0.000000
1530	1	2	0.000000
1531	1	1	0.000000
1532	1	2	0.000000
1533	1	2	0.000000
1534	1	2	0.000000
1535	1	2	0.000000
1536	1	3	0.000000
1537	1	0	0.000000
1538	1	2	0.000000
1539	1	3	0.000000
1540	1	2	0.000000
1541	1	1	0.000000
1542	1	2	0.000000
1543	1	2	0.000000
1544	1	2	0.000000
1545	1	0	0.000000
1546	1	2	0.000000
1547	1	2	0.000000
1548	1	2	0.000000
1549	1	0	0.000000
1550	1	0	0.000000
1551	1	0	0.000000
1552	1	0	0.000000
1553	1	2	0.000000
1554	1	1	0.000000
1555	1	2	0.000000
1556	1	2	0.000000
1557	1	2	0.000000
1558	1	2	0.000000
1559	1	2	0.000000
1560	1	2	0.000000
1561	1	3	0.000000
1562	1	2	0.000000
1563	1	2	0.000000
1564	1	2	0.000000
1565	1	1	0.000000
1566	2	2	0.000000
1567	1	2	0.000000
1568	1	2	0.000000
1569	1	3	0.000000
1570	1	2	0.000000
1571	1	2	0.000000
1572	1	2	0.000000
1573	1	3	0.000000
1574	1	2	0.000000
1575	1	2	0.000000
1576	1	2	0.000000
1577	1	2	0.000000
1578	1	3	0.000000
1579	1	2	0.000000
1580	1	2	0.000000
1581	1	1	0.000000
1582	1	2	0.000000
1583	1	3	0.000000
1584	1	2	0.000000
1585	1	0	0.000000
1586	1	3	0.000000
1587	1	2	0.000000
1588	1	3	0.000000
1589	1	0	0.000000
1590	1	1	0.000000
1591	1	1	0.000000
1592	1	2	0.000000
1593	1	2	0.000000
1594	1	2	0.000000
1595	1	2	0.000000
1596	1	2	0.000000
1597	1	2	0.000000
1598	1	0	0.000000
1599	1	2	0.000000
1600	1	1	0.000000
1601	1	2	0.000000
1602	1	2	0.000000
1603	1	1	0.000000
1604	1	2	0.000000
1605	1	2	0.000000
1606	1	1	0.000000
1607	1	2	0.000000
1608	1	2	0.000000
1609	1	2	0.000000
1610	1	0	0.000000
1611	1	2	0.000000
1612	1	2	0.000000
1613	1	1	0.000000
1614	1	2	0.000000
1615	1	3	0.000000
1616	1	2	0.000000
1617	1	0	0.000000
1618	1	2	0.000000
1619	1	0	0.000000
1620	1	0	0.000000
1621	1	2	0.000000
1622	1	2	0.000000
1623	1	2	0.000000
1624	1	2	0.000000
1625	1	2	0.000000
1626	1	2	0.000000
1627	1	2	0.000000
1628	2	2	0.000000
1629	1	2	0.000000
1630	2	5	0.000000
1631	2	2	0.000000
1632	2	2	0.000000
1633	2	2	0.000000
1634	2	1	0.000000
1635	2	3	0.000000
1636	2	2	0.000000
1637	2	4	0.000000
1638	2	2	0.000000
1639	2	2	0.000000
1640	2	2	0.000000
1641	2	2	0.000000
1642	2	4	0.000000
1643	2	2	0.000000
1644	2	4	0.000000
1645	2	0	0.000000
1646	2	1	0.000000
1647	2	2	0.000000
1648	2	3	0.000000
1649	1	0	0.000000
1650	1	2	0.000000
1651	1	2	0.000000
1652	1	0	0.000000
1653	1	2	0.000000
1654	1	2	0.000000
1655	1	0	0.000000
1656	1	1	0.000000
1657	1	2	0.000000
1658	1	2	0.000000
1659	1	1	0.000000
1660	1	2	0.000000
1661	1	2	0.000000
1662	1	2	0.000000
1663	1	2	0.000000
1664	1	2	0.000000
1665	2	3	0.000000
1666	1	2	0.000000
1667	1	2	0.000000
1668	1	2	0.000000
1669	1	2	0.000000
1670	1	0	0.000000
1671	1	2	0.000000
1672	1	2	0.000000
1673	1	2	0.000000
1674	1	0	0.000000
1675	1	1	0.000000
1676	1	3	0.000000
1677	1	2	0.000000
1678	1	2	0.000000
1679	1	3	0.000000
1680	1	2	0.000000
1681	1	2	0.000000
1682	1	2	0.000000
1683	1	3	0.000000
1684	1	2	0.000000
1685	1	2	0.000000
1686	1	2	0.000000
1687	1	2	0.000000
1688	1	2	0.000000
1689	1	0	0.000000
1690	1	3	0.000000
1691	1	2	0.000000
1692	1	0	0.000000
1693	1	2	0.000000
1694	1	2	0.000000
1695	1	1	0.000000
1696	1	2	0.000000
1697	1	2	0.000000
1698	1	0	0.000000
1699	1	2	0.000000
1700	1	2	0.000000
1701	1	0	0.000000
1702	1	0	0.000000
1703	1	2	0.000000
1704	1	2	0.000000
1705	1	2	0.000000
1706	1	2	0.000000
1707	1	2	0.000000
1708	2	2	0.000000
1709	2	2	0.000000
1710	2	5	0.000000
1711	2	5	0.000000
1712	2	2	0.000000
1713	3	2	0.000000
1714	3	2	0.000000
1715	3	0	0.000000
1716	3	2	0.000000
1717	3	3	0.000000
1718	3	0	0.000000
1719	3	2	0.000000
1720	3	2	0.000000
1721	3	2	0.000000
1722	3	2	0.000000
1723	3	3	0.000000
1724	3	2	0.000000
1725	3	1	0.000000
1726	3	2	0.000000
1727	3	2	0.000000
1728	3	2	0.000000
1729	3	3	0.000000
1730	3	0	0.000000
1731	3	1	0.000000
1732	3	2	0.000000
1733	3	2	0.000000
1734	3	3	0.000000
1735	3	1	0.000000
1736	3	2	0.000000
1737	3	0	0.000000
1738	3	1	0.000000
1739	3	2	0.000000
1740	3	2	0.000000
1741	3	2	0.000000
1742	3	3	0.000000
1743	3	3	0.000000
1744	3	2	0.000000
1745	3	1	0.000000
1746	3	0	0.000000
1747	3	2	0.000000
1748	2	5	0.000000
1749	2	2	0.000000
1750	2	2	0.000000
1751	2	2	0.000000
1752	2	2	0.000000
1753	2	2	0.000000
1754	2	0	0.000000
1755	2	2	0.000000
1756	2	2	0.000000
1757	2	2	0.000000
1758	2	2	0.000000
1759	2	3	0.000000
1760	2	1	0.000000
1761	2	2	0.000000
1762	2	5	0.000000
1763	1	0	0.000000
1764	2	2	0.000000
1765	2	2	0.000000
1766	1	2	0.000000
1767	1	2	0.000000
1768	1	3	0.000000
1769	1	1	0.000000
1770	1	2	0.000000
1771	1	2	0.000000
1772	1	2	0.000000
1773	1	3	0.000000
1774	1	2	0.000000
1775	1	1	0.000000
1776	1	0	0.000000
1777	2	5	0.000000
1778	2	1	0.000000
1779	2	5	0.000000
1780	2	1	0.000000
1781	2	0	0.000000
1782	2	2	0.000000
1783	2	2	0.000000
1784	2	0	0.000000
1785	2	2	0.000000
1786	2	2	0.000000
1787	2	2	0.000000
1788	2	1	0.000000
1789	2	2	0.000000
1790	2	2	0.000000
1791	2	2	0.000000
1792	2	2	0.000000
1793	2	2	0.000000
1794	2	1	0.000000
1795	2	2	0.000000
1796	2	2	0.000000
1797	2	2	0.000000
1798	2	2	0.000000
1799	2	4	0.000000
1800	2	2	0.000000
1801	2	2	0.000000
1802	2	3	0.000000
1803	2	2	0.000000
1804	2	1	0.000000
1805	2	2	0.000000
1806	2	4	0.000000
1807	2	0	0.000000
1808	2	2	0.000000
1809	2	4	0.000000
1810	2	4	0.000000
1811	2	2	0.000000
1812	2	2	0.000000
1813	2	2	0.000000
1814	2	3	0.000000
1815	2	2	0.000000
1816	2	2	0.000000
1817	2	3	0.000000
1818	2	2	0.000000
1819	2	2	0.000000
1820	2	2	0.000000
1821	2	2	0.000000
1822	2	5	0.000000
1823	2	2	0.000000
1824	2	3	0.000000
1825	2	2	0.000000
1826	2	2	0.000000
1827	2	2	0.000000
1828	2	4	0.000000
1829	1	2	0.000000
1830	1	2	0.000000
1831	1	2	0.000000
1832	1	2	0.000000
1833	1	2	0.000000
1834	1	2	0.000000
1835	1	2	0.000000
1836	1	0	0.000000
1837	1	2	0.000000
1838	1	2	0.000000
1839	1	1	0.000000
1840	2	2	0.000000
1841	2	2	0.000000
1842	2	4	0.000000
1843	3	2	0.000000
1844	3	3	0.000000
1845	3	1	0.000000
1846	3	0	0.000000
1847	3	0	0.000000
1848	3	3	0.000000
1849	3	2	0.000000
1850	3	2	0.000000
1851	3	2	0.000000
1852	3	3	0.000000
1853	3	0	0.000000
1854	3	0	0.000000
1855	3	0	0.000000
1856	3	2	0.000000
1857	3	3	0.000000
1858	3	0	0.000000
1859	3	2	0.000000
1860	3	2	0.000000
1861	3	2	0.000000
1862	3	3	0.000000
1863	3	2	0.000000
1864	3	2	0.000000
1865	3	2	0.000000
1866	3	2	0.000000
1867	3	2	0.000000
1868	3	2	0.000000
1869	3	2	0.000000
1870	3	1	0.000000
1871	3	2	0.000000
1872	3	2	0.000000
1873	3	0	0.000000
1874	3	2	0.000000
1875	3	2	0.000000
1876	3	2	0.000000
1877	4	2	0.000000
1878	3	2	0.000000
1879	3	2	0.000000
1880	3	1	0.000000
1881	3	1	0.000000
1882	3	3	0.000000
1883	3	2	0.000000
1884	3	0	0.000000
1885	3	2	0.000000
1886	3	2	0.000000
1887	3	2	0.000000
1888	3	2	0.000000
1889	3	2	0.000000
1890	3	2	0.000000
1891	3	0	0.000000
1892	3	2	0.000000
1893	3	2	0.000000
1894	3	0	0.000000
1895	3	1	0.000000
1896	3	2	0.000000
1897	3	2	0.000000
1898	3	2	0.000000
1899	3	3	0.000000
1900	3	2	0.000000
1901	3	3	0.000000
1902	3	0	0.000000
1903	3	2	0.000000
1904	3	1	0.000000
1905	3	2	0.000000
1906	3	2	0.000000
1907	3	2	0.000000
1908	3	2	0.000000
1909	3	2	0.000000
1910	3	2	0.000000
1911	3	2	0.000000
1912	3	2	0.000000
1913	3	2	0.000000
1914	4	2	0.000000
1915	3	1	0.000000
1916	3	2	0.000000
1917	3	2	0.000000
1918	3	2	0.000000
1919	3	0	0.000000
1920	3	1	0.000000
1921	4	2	0.000000
1922	3	2	0.000000
1923	3	0	0.000000
1924	4	2	0.000000
1925	4	2	0.000000
1926	4	2	0.000000
1927	4	0	0.000000
1928	4	1	0.000000
1929	4	2	0.000000
1930	4	2	0.000000
1931	4	0	0.000000
1932	3	2	0.000000
1933	4	1	0.000000
1934	4	2	0.000000
1935	4	3	0.000000
1936	4	1	0.000000
1937	4	2	0.000000
1938	4	2	0.000000
1939	4	0	0.000000
1940	4	2	0.000000
1941	4	2	0.000000
1942	4	2	0.000000
1943	4	0	0.000000
1944	4	2	0.000000
1945	4	3	0.000000
1946	4	3	0.000000
1947	4	2	0.000000
1948	4	0	0.000000
1949	4	2	0.000000
1950	4	2	0.000000
1951	4	2	0.000000
1952	4	2	0.000000
1953	3	2	0.000000
1954	3	0	0.000000
1955	3	0	0.000000
1956	4	1	0.000000
1957	3	2	0.000000
1958	4	2	0.000000
1959	4	2	0.000000
1960	4	2	0.000000
1961	4	1	0.000000
1962	4	2	0.000000
1963	4	1	0.000000
1964	4	0	0.000000
1965	4	2	0.000000
1966	4	2	0.000000
1967	4	3	0.000000
1968	4	2	0.000000
1969	4	2	0.000000
1970	4	1	0.000000
1971	4	0	0.000000
1972	4	3	0.000000
1973	4	2	0.000000
1974	4	1	0.000000
1975	4	2	0.000000
1976	4	2	0.000000
1977	4	2	0.000000
1978	4	2	0.000000
1979	4	3	0.000000
1980	4	1	0.000000
1981	4	1	0.000000
1982	4	2	0.000000
1983	4	1	0.000000
1984	4	2	0.000000
1985	4	2	0.000000
1986	4	2	0.000000
1987	4	0	0.000000
1988	4	3	0.000000
1989	4	1	0.000000
1990	4	2	0.000000
1991	4	2	0.000000
1992	4	2	0.000000
1993	4	2	0.000000
1994	4	1	0.000000
1995	4	0	0.000000
1996	4	3	0.000000
1997	4	2	0.000000
1998	3	2	0.000000
1999	4	2	0.000000
2000	3	0	0.000000
2001	3	2	0.000000
2002	3	2	0.000000
2003	3	2	0.000000
2004	3	0	0.000000
2005	3	3	0.000000
2006	4	1	0.000000
2007	4	2	0.000000
2008	3	2	0.000000
2009	4	2	0.000000
2010	4	2	0.000000
2011	4	0	0.000000
2012	4	2	0.000000
2013	4	3	0.000000
2014	4	0	0.000000
2015	4	3	0.000000
2016	4	0	0.000000
2017	4	2	0.000000
2018	4	2	0.000000
2019	4	2	0.000000
2020	4	2	0.000000
2021	4	2	0.000000
2022	4	2	0.000000
2023	4	2	0.000000
2024	3	2	0.000000
2025	3	2	0.000000
2026	4	2	0.000000
2027	4	2	0.000000
2028	4	2	0.000000
2029	4	2	0.000000
2030	3	2	0.000000
2031	4	2	0.000000
2032	4	3	0.000000
2033	4	2	0.000000
2034	4	0	0.000000
2035	4	1	0.000000
2036	4	1	0.000000
2037	4	2	0.000000
2038	4	3	0.000000
2039	3	0	0.000000
2040	3	0	0.000000
2041	4	0	0.000000
2042	3	0	0.000000
2043	3	2	0.000000
2044	3	0	0.000000
2045	3	0	0.000000
2046	3	2	0.000000
2047	3	2	0.000000
2048	3	2	0.000000
2049	3	2	0.000000
2050	3	2	0.000000
2051	3	0	0.000000
2052	3	2	0.000000
2053	3	0	0.000000
2054	3	2	0.000000
2055	3	2	0.000000
2056	3	2	0.000000
2057	3	2	0.000000
2058	3	2	0.000000
2059	3	2	0.000000
2060	3	3	0.000000
2061	3	2	0.000000
2062	3	2	0.000000
2063	3	2	0.000000
2064	3	2	0.000000
2065	3	2	0.000000
2066	3	0	0.000000
2067	3	2	0.000000
2068	3	0	0.000000
2069	3	3	0.000000
2070	3	0	0.000000
2071	3	2	0.000000
2072	3	0	0.000000
2073	3	2	0.000000
2074	3	2	0.000000
2075	3	2	0.000000
2076	3	0	0.000000
2077	3	1	0.000000
2078	2	1	0.000000
2079	2	2	0.000000
2080	2	2	0.000000
2081	2	2	0.000000
2082	2	1	0.000000
2083	2	2	0.000000
2084	2	0	0.000000
2085	2	1	0.000000
2086	2	1	0.000000
2087	2	4	0.000000
2088	2	2	0.000000
2089	2	2	0.000000
2090	2	1	0.000000
2091	2	2	0.000000
2092	2	2	0.000000
2093	2	2	0.000000
2094	2	1	0.000000
2095	2	2	0.000000
2096	2	2	0.000000
2097	1	0	0.000000
2098	1	0	0.000000
2099	1	2	0.000000
2100	1	2	0.000000
2101	1	3	0.000000
2102	1	1	0.000000
2103	1	2	0.000000
2104	1	3	0.000000
2105	1	2	0.000000
2106	1	2	0.000000
2107	1	2	0.000000
2108	1	2	0.000000
2109	1	1	0.000000
2110	1	0	0.000000
2111	1	2	0.000000
2112	1	2	0.000000
2113	1	3	0.000000
2114	1	1	0.000000
2115	1	2	0.000000
2116	2	0	0.000000
2117	2	2	0.000000
2118	2	2	0.000000
2119	2	2	0.000000
2120	2	1	0.000000
2121	2	2	0.000000
2122	2	5	0.000000
2123	2	5	0.000000
2124	2	4	0.000000
2125	2	2	0.000000
2126	2	2	0.000000
2127	2	5	0.000000
2128	2	5	0.000000
2129	2	4	0.000000
2130	1	2	0.000000
2131	1	2	0.000000
2132	1	2	0.000000
2133	1	2	0.000000
2134	1	2	0.000000
2135	1	2	0.000000
2136	1	1	0.000000
2137	1	2	0.000000
2138	1	0	0.000000
2139	1	1	0.000000
2140	1	2	0.000000
2141	1	0	0.000000
2142	1	3	0.000000
2143	1	2	0.000000
2144	1	2	0.000000
2145	1	0	0.000000
2146	2	1	0.000000
2147	2	2	0.000000
2148	2	2	0.000000
2149	2	2	0.000000
2150	2	0	0.000000
2151	2	1	0.000000
2152	2	2	0.000000
2153	2	4	0.000000
2154	2	2	0.000000
2155	2	5	0.000000
2156	2	2	0.000000
2157	2	2	0.000000
2158	2	5	0.000000
2159	2	2	0.000000
2160	2	0	0.000000
2161	2	3	0.000000
2162	2	5	0.000000
2163	2	1	0.000000
2164	2	2	0.000000
2165	1	0	0.000000
2166	1	0	0.000000
2167	1	2	0.000000
2168	1	1	0.000000
2169	1	2	0.000000
2170	1	0	0.000000
2171	1	2	0.000000
2172	1	2	0.000000
2173	1	2	0.000000
2174	1	2	0.000000
2175	2	2	0.000000
2176	2	2	0.000000
2177	2	2	0.000000
2178	2	5	0.000000
2179	2	2	0.000000
2180	2	2	0.000000
2181	2	2	0.000000
2182	2	5	0.000000
2183	2	2	0.000000
2184	2	3	0.000000
2185	2	2	0.000000
2186	2	1	0.000000
2187	2	2	0.000000
2188	2	2	0.000000
2189	2	2	0.000000
2190	2	4	0.000000
2191	2	5	0.000000
2192	2	2	0.000000
2193	2	2	0.000000
2194	2	2	0.000000
2195	2	2	0.000000
2196	2	4	0.000000
2197	2	2	0.000000
2198	2	4	0.000000
2199	2	1	0.000000
2200	2	2	0.000000
2201	1	2	0.000000
2202	1	1	0.000000
2203	1	2	0.000000
2204	1	2	0.000000
2205	1	2	0.000000
2206	1	2	0.000000
2207	1	2	0.000000
2208	1	3	0.000000
2209	1	3	0.000000
2210	1	3	0.000000
2211	1	0	0.000000
2212	1	2	0.000000
2213	1	2	0.000000
2214	1	2	0.000000
2215	1	2	0.000000
2216	2	2	0.000000
2217	2	2	0.000000
2218	2	2	0.000000
2219	2	3	0.000000
2220	2	2	0.000000
2221	2	1	0.000000
2222	2	3	0.000000
2223	2	3	0.000000
2224	3	2	0.000000
2225	2	0	0.000000
2226	2	2	0.000000
2227	2	2	0.000000
2228	2	2	0.000000
2229	2	3	0.000000
2230	2	2	0.000000
2231	2	0	0.000000
2232	2	1	0.000000
2233	2	2	0.000000
2234	3	0	0.000000
2235	3	0	0.000000
2236	3	2	0.000000
2237	3	1	0.000000
2238	3	2	0.000000
2239	2	3	0.000000
2240	2	2	0.000000
2241	2	2	0.000000
2242	2	2	0.000000
2243	2	2	0.000000
2244	2	1	0.000000
2245	2	2	0.000000
2246	2	3	0.000000
2247	2	5	0.000000
2248	2	2	0.000000
2249	2	2	0.000000
2250	2	2	0.000000
2251	2	1	0.000000
2252	2	4	0.000000
2253	2	1	0.000000
2254	2	2	0.000000
2255	2	1	0.000000
2256	2	5	0.000000
2257	2	0	0.000000
2258	2	2	0.000000
2259	2	2	0.000000
2260	2	0	0.000000
2261	2	2	0.000000
2262	1	1	0.000000
2263	1	2	0.000000
2264	2	2	0.000000
2265	2	4	0.000000
2266	2	2	0.000000
2267	1	2	0.000000
2268	1	3	0.000000
2269	1	0	0.000000
2270	1	2	0.000000
2271	1	0	0.000000
2272	1	1	0.000000
2273	1	2	0.000000
2274	1	2	0.000000
2275	1	2	0.000000
2276	1	2	0.000000
2277	2	2	0.000000
2278	2	5	0.000000
2279	2	2	0.000000
2280	2	2	0.000000
2281	2	2	0.000000
2282	2	4	0.000000
2283	2	3	0.000000
2284	2	2	0.000000
2285	2	2	0.000000
2286	2	1	0.000000
2287	2	2	0.000000
2288	2	2	0.000000
2289	2	2	0.000000
2290	2	4	0.000000
2291	2	2	0.000000
2292	2	2	0.000000
2293	2	2	0.000000
2294	2	4	0.000000
2295	2	3	0.000000
2296	2	2	0.000000
2297	2	2	0.000000
2298	2	2	0.000000
2299	2	2	0.000000
2300	2	1	0.000000
2301	2	3	0.000000
2302	2	2	0.000000
2303	2	2	0.000000
2304	2	2	0.000000
2305	2	2	0.000000
2306	1	2	0.000000
2307	1	2	0.000000
2308	1	2	0.000000
2309	1	2	0.000000
2310	1	1	0.000000
2311	1	2	0.000000
2312	1	2	0.000000
2313	1	1	0.000000
2314	1	0	0.000000
2315	1	2	0.000000
2316	1	2	0.000000
2317	1	3	0.000000
2318	2	2	0.000000
2319	2	4	0.000000
2320	2	2	0.000000
2321	2	2	0.000000
2322	2	2	0.000000
2323	3	3	0.000000
2324	3	2	0.000000
2325	3	2	0.000000
2326	3	3	0.000000
2327	3	2	0.000000
2328	3	2	0.000000
2329	3	2	0.000000
2330	3	1	0.000000
2331	3	2	0.000000
2332	3	3	0.000000
2333	3	3	0.000000
2334	3	0	0.000000
2335	3	1	0.000000
2336	3	1	0.000000
2337	3	2	0.000000
2338	3	2	0.000000
2339	3	0	0.000000
2340	3	1	0.000000
2341	4	2	0.000000
2342	4	2	0.000000
2343	4	2	0.000000
2344	3	2	0.000000
2345	3	2	0.000000
2346	3	2	0.000000
2347	3	2	0.000000
2348	3	2	0.000000
2349	3	3	0.000000
2350	3	2	0.000000
2351	3	2	0.000000
2352	3	2	0.000000
2353	3	2	0.000000
2354	3	3	0.000000
2355	3	3	0.000000
2356	3	0	0.000000
2357	3	0	0.000000
2358	3	2	0.000000
2359	3	2	0.000000
2360	3	2	0.000000
2361	3	2	0.000000
2362	3	2	0.000000
2363	3	2	0.000000
2364	3	1	0.000000
2365	3	1	0.000000
2366	3	2	0.000000
2367	3	1	0.000000
2368	3	1	0.000000
2369	3	2	0.000000
2370	4	2	0.000000
2371	3	2	0.000000
2372	3	2	0.000000
2373	4	2	0.000000
2374	4	1	0.000000
2375	4	3	0.000000
2376	4	2	0.000000
2377	4	3	0.000000
2378	4	2	0.000000
2379	4	3	0.000000
2380	3	1	0.000000
2381	4	2	0.000000
2382	4	0	0.000000
2383	4	0	0.000000
2384	4	3	0.000000
2385	4	2	0.000000
2386	4	2	0.000000
2387	4	2	0.000000
2388	4	2	0.000000
2389	4	3	0.000000
2390	4	2	0.000000
2391	4	2	0.000000
2392	4	0	0.000000
2393	4	3	0.000000
2394	4	2	0.000000
2395	4	2	0.000000
2396	4	2	0.000000
2397	4	0	0.000000
2398	4	3	0.000000
2399	4	3	0.000000
2400	4	2	0.000000
2401	4	2	0.000000
2402	4	2	0.000000
2403	4	2	0.000000
2404	4	1	0.000000
2405	4	3	0.000000
2406	4	2	0.000000
2407	4	2	0.000000
2408	4	2	0.000000
2409	4	2	0.000000
2410	3	2	0.000000
2411	3	0	0.000000
2412	3	2	0.000000
2413	3	2	0.000000
2414	3	2	0.000000
2415	4	3	0.000000
2416	4	1	0.000000
2417	4	2	0.000000
2418	4	2	0.000000
2419	4	2	0.000000
2420	3	2	0.000000
2421	4	2	0.000000
2422	4	1	0.000000
2423	4	2	0.000000
2424	4	3	0.000000
2425	4	2	0.000000
2426	4	2	0.000000
2427	4	2	0.000000
2428	4	2	0.000000
2429	4	2	0.000000
2430	4	2	0.000000
2431	4	0	0.000000
2432	4	2	0.000000
2433	4	2	0.000000
2434	4	2	0.000000
2435	4	3	0.000000
2436	4	2	0.000000
2437	4	2	0.000000
2438	4	0	0.000000
2439	4	2	0.000000
2440	4	3	0.000000
2441	4	2	0.000000
2442	4	2	0.000000
2443	4	0	0.000000
2444	4	2	0.000000
2445	4	0	0.000000
2446	4	2	0.000000
2447	4	2	0.000000
2448	4	2	0.000000
2449	4	2	0.000000
2450	4	2	0.000000
2451	4	1	0.000000
2452	4	2	0.000000
2453	4	2	0.000000
2454	4	2	0.000000
2455	4	3	0.000000
2456	4	2	0.000000
2457	4	2	0.000000
2458	4	2	0.000000
2459	4	2	0.000000
2460	4	2	0.000000
2461	4	2	0.000000
2462	4	0	0.000000
2463	4	2	0.000000
2464	4	0	0.000000
2465	4	2	0.000000
2466	4	2	0.000000
2467	4	0	0.000000
2468	4	2	0.000000
2469	4	2	0.000000
2470	4	2	0.000000
2471	4	3	0.000000
2472	4	1	0.000000
2473	4	0	0.000000
2474	4	2	0.000000
2475	4	1	0.000000
2476	4	2	0.000000
2477	4	2	0.000000
2478	4	2	0.000000
2479	4	2	0.000000
2480	4	0	0.000000
2481	4	2	0.000000
2482	4	2	0.000000
2483	4	1	0.000000
2484	4	2	0.000000
2485	4	2	0.000000
2486	4	2	0.000000
2487	4	2	0.000000
2488	4	2	0.000000
2489	4	2	0.000000
2490	4	2	0.000000
2491	4	0	0.000000
2492	4	2	0.000000
2493	4	3	0.000000
2494	4	2	0.000000
2495	4	2	0.000000
2496	4	1	0.000000
2497	4	2	0.000000
2498	4	2	0.000000
2499	4	2	0.000000
2500	4	2	0.000000
2501	4	0	0.000000
2502	4	2	0.000000
2503	4	3	0.000000
2504	4	2	0.000000
2505	4	2	0.000000
2506	4	2	0.000000
2507	4	2	0.000000
2508	4	3	0.000000
2509	4	2	0.000000
2510	4	2	0.000000
2511	4	3	0.000000
2512	4	3	0.000000
2513	4	0	0.000000
2514	4	2	0.000000
2515	4	2	0.000000
2516	4	2	0.000000
2517	4	3	0.000000
2518	4	2	0.000000
2519	4	2	0.000000
2520	4	1	0.000000
2521	4	3	0.000000
2522	4	2	0.000000
2523	4	3	0.000000
2524	4	2	0.000000
2525	4	1	0.000000
2526	4	1	0.000000
2527	3	0	0.000000
2528	3	3	0.000000
2529	3	2	0.000000
2530	3	0	0.000000
2531	3	0	0.000000
2532	3	2	0.000000
2533	3	2	0.000000
2534	3	2	0.000000
2535	3	0	0.000000
2536	3	3	0.000000
2537	3	2	0.000000
2538	3	2	0.000000
2539	3	0	0.000000
2540	3	2	0.000000
2541	3	2	0.000000
2542	3	3	0.000000
2543	3	3	0.000000
2544	2	0	0.000000
2545	2	2	0.000000
2546	2	5	0.000000
2547	2	2	0.000000
2548	2	4	0.000000
2549	2	2	0.000000
2550	2	0	0.000000
2551	2	2	0.000000
2552	1	2	0.000000
2553	1	2	0.000000
2554	2	2	0.000000
2555	2	2	0.000000
2556	2	2	0.000000
2557	2	2	0.000000
2558	2	2	0.000000
2559	2	2	0.000000
2560	2	2	0.000000
2561	2	2	0.000000
2562	2	2	0.000000
2563	2	2	0.000000
2564	1	2	0.000000
2565	1	2	0.000000
2566	1	2	0.000000
2567	1	2	0.000000
2568	1	2	0.000000
2569	1	2	0.000000
2570	1	2	0.000000
2571	1	0	0.000000
2572	1	2	0.000000
2573	1	3	0.000000
2574	1	2	0.000000
2575	1	2	0.000000
2576	2	3	0.000000
2577	2	2	0.000000
2578	2	2	0.000000
2579	2	2	0.000000
2580	2	3	0.000000
2581	2	4	0.000000
2582	2	2	0.000000
2583	2	5	0.000000
2584	2	2	0.000000
2585	2	2	0.000000
2586	2	2	0.000000
2587	2	2	0.000000
2588	2	0	0.000000
2589	2	2	0.000000
2590	2	2	0.000000
2591	2	2	0.000000
2592	2	0	0.000000
2593	2	2	0.000000
2594	2	1	0.000000
2595	2	4	0.000000
2596	2	2	0.000000
2597	2	2	0.000000
2598	2	2	0.000000
2599	2	2	0.000000
2600	2	2	0.000000
2601	2	5	0.000000
2602	2	5	0.000000
2603	2	5	0.000000
2604	2	1	0.000000
2605	2	0	0.000000
2606	2	1	0.000000
2607	2	2	0.000000
2608	2	2	0.000000
2609	2	2	0.000000
2610	2	0	0.000000
2611	2	2	0.000000
2612	2	3	0.000000
2613	2	3	0.000000
2614	2	2	0.000000
2615	2	2	0.000000
2616	2	5	0.000000
2617	2	2	0.000000
2618	2	4	0.000000
2619	2	2	0.000000
2620	2	2	0.000000
2621	2	0	0.000000
2622	2	4	0.000000
2623	2	2	0.000000
2624	2	2	0.000000
2625	2	1	0.000000
2626	2	2	0.000000
2627	2	2	0.000000
2628	2	2	0.000000
2629	2	2	0.000000
2630	2	2	0.000000
2631	2	1	0.000000
2632	2	2	0.000000
2633	2	5	0.000000
2634	2	4	0.000000
2635	2	2	0.000000
2636	2	2	0.000000
2637	2	1	0.000000
2638	2	5	0.000000
2639	2	3	0.000000
2640	2	3	0.000000
2641	2	1	0.000000
2642	2	4	0.000000
2643	2	2	0.000000
2644	2	2	0.000000
2645	2	2	0.000000
2646	2	1	0.000000
2647	2	2	0.000000
2648	2	4	0.000000
2649	2	2	0.000000
2650	2	5	0.000000
2651	2	3	0.000000
2652	2	4	0.000000
2653	2	2	0.000000
2654	2	2	0.000000
2655	2	0	0.000000
2656	2	2	0.000000
2657	2	2	0.000000
2658	2	4	0.000000
2659	2	5	0.000000
2660	2	2	0.000000
2661	2	0	0.000000
2662	2	2	0.000000
2663	2	3	0.000000
2664	2	5	0.000000
2665	2	2	0.000000
2666	2	5	0.000000
2667	2	2	0.000000
2668	2	1	0.000000
2669	2	2	0.000000
2670	2	2	0.000000
2671	2	4	0.000000
2672	2	2	0.000000
2673	2	2	0.000000
2674	2	2	0.000000
2675	2	1	0.000000
2676	2	2	0.000000
2677	2	2	0.000000
2678	2	2	0.000000
2679	2	1	0.000000
2680	2	3	0.000000
2681	2	4	0.000000
2682	2	2	0.000000
2683	2	0	0.000000
2684	2	2	0.000000
2685	2	2	0.000000
2686	2	2	0.000000
2687	2	2	0.000000
2688	2	4	0.000000
2689	2	2	0.000000
2690	2	2	0.000000
2691	2	0	0.000000
2692	2	4	0.000000
2693	2	3	0.000000
2694	2	2	0.000000
2695	2	5	0.000000
2696	2	2	0.000000
2697	2	2	0.000000
2698	2	3	0.000000
2699	2	2	0.000000
2700	2	4	0.000000
2701	2	3	0.000000
2702	2	1	0.000000
2703	2	2	0.000000
2704	2	4	0.000000
2705	2	2	0.000000
2706	2	2	0.000000
2707	1	2	0.000000
2708	1	2	0.000000
2709	1	0	0.000000
2710	1	1	0.000000
2711	1	2	0.000000
2712	1	2	0.000000
2713	1	2	0.000000
2714	1	1	0.000000
2715	1	2	0.000000
2716	1	2	0.000000
2717	1	0	0.000000
2718	2	2	0.000000
2719	2	2	0.000000
2720	2	4	0.000000
2721	2	2	0.000000
2722	2	2	0.000000
2723	2	2	0.000000
2724	3	2	0.000000
2725	3	2	0.000000
2726	3	1	0.000000
2727	3	2	0.000000
2728	3	0	0.000000
2729	3	2	0.000000
2730	3	2	0.000000
2731	3	2	0.000000
2732	2	3	0.000000
2733	2	2	0.000000
2734	2	2	0.000000
2735	2	2	0.000000
2736	2	2	0.000000
2737	2	2	0.000000
2738	2	2	0.000000
2739	2	3	0.000000
2740	2	2	0.000000
2741	2	2	0.000000
2742	2	2	0.000000
2743	2	2	0.000000
2744	2	3	0.000000
2745	2	2	0.000000
2746	2	2	0.000000
2747	2	2	0.000000
2748	2	1	0.000000
2749	2	2	0.000000
2750	2	1	0.000000
2751	2	2	0.000000
2752	2	2	0.000000
2753	2	2	0.000000
2754	2	0	0.000000
2755	2	2	0.000000
2756	2	0	0.000000
2757	2	4	0.000000
2758	2	2	0.000000
2759	2	0	0.000000
2760	2	2	0.000000
2761	2	4	0.000000
2762	2	2	0.000000
2763	2	2	0.000000
2764	2	2	0.000000
2765	1	3	0.000000
2766	2	4	0.000000
2767	1	2	0.000000
2768	1	3	0.000000
2769	1	1	0.000000
2770	1	2	0.000000
2771	1	2	0.000000
2772	1	2	0.000000
2773	1	2	0.000000
2774	1	2	0.000000
2775	1	3	0.000000
2776	1	2	0.000000
2777	1	2	0.000000
2778	2	2	0.000000
2779	2	2	0.000000
2780	2	0	0.000000
2781	2	2	0.000000
2782	2	2	0.000000
2783	2	2	0.000000
2784	3	0	0.000000
2785	3	2	0.000000
2786	3	2	0.000000
2787	3	1	0.000000
2788	3	3	0.000000
2789	3	2	0.000000
2790	3	2	0.000000
2791	3	2	0.000000
2792	3	2	0.000000
2793	3	0	0.000000
2794	2	5	0.000000
2795	2	2	0.000000
2796	2	2	0.000000
2797	2	2	0.000000
2798	2	2	0.000000
2799	2	2	0.000000
2800	2	2	0.000000
2801	2	5	0.000000
2802	2	2	0.000000
2803	2	2	0.000000
2804	2	2	0.000000
2805	2	3	0.000000
2806	2	2	0.000000
2807	2	2	0.000000
2808	2	2	0.000000
2809	2	2	0.000000
2810	2	3	0.000000
2811	2	2	0.000000
2812	2	2	0.000000
2813	2	2	0.000000
2814	2	2	0.000000
2815	2	2	0.000000
2816	2	2	0.000000
2817	1	3	0.000000
2818	1	2	0.000000
2819	1	2	0.000000
2820	1	2	0.000000
2821	1	1	0.000000
2822	1	1	0.000000
2823	1	2	0.000000
2824	1	0	0.000000
2825	1	2	0.000000
2826	1	2	0.000000
2827	1	3	0.000000
2828	1	2	0.000000
2829	1	0	0.000000
2830	1	3	0.000000
2831	2	2	0.000000
2832	1	2	0.000000
2833	2	2	0.000000
2834	2	2	0.000000
2835	2	4	0.000000
2836	2	4	0.000000
2837	2	2	0.000000
2838	2	2	0.000000
2839	2	3	0.000000
2840	2	2	0.000000
2841	2	1	0.000000
2842	2	5	0.000000
2843	2	2	0.000000
2844	2	2	0.000000
2845	2	0	0.000000
2846	2	2	0.000000
2847	2	2	0.000000
2848	2	0	0.000000
2849	2	4	0.000000
2850	2	2	0.000000
2851	2	5	0.000000
2852	2	5	0.000000
2853	2	3	0.000000
2854	2	2	0.000000
2855	2	2	0.000000
2856	2	2	0.000000
2857	2	1	0.000000
2858	2	3	0.000000
2859	2	4	0.000000
2860	2	2	0.000000
2861	2	3	0.000000
2862	2	1	0.000000
2863	2	1	0.000000
2864	2	2	0.000000
2865	2	5	0.000000
2866	2	2	0.000000
2867	2	2	0.000000
2868	2	4	0.000000
2869	2	3	0.000000
2870	2	2	0.000000
2871	2	2	0.000000
2872	1	0	0.000000
2873	1	2	0.000000
2874	1	2	0.000000
2875	1	2	0.000000
2876	1	3	0.000000
2877	1	2	0.000000
2878	1	2	0.000000
2879	1	2	0.000000
2880	1	2	0.000000
2881	1	2	0.000000
2882	1	2	0.000000
2883	2	1	0.000000
2884	2	2	0.000000
2885	2	2	0.000000
2886	2	1	0.000000
2887	2	1	0.000000
2888	2	2	0.000000
2889	2	2	0.000000
2890	3	2	0.000000
2891	3	3	0.000000
2892	3	2	0.000000
2893	3	2	0.000000
2894	3	2	0.000000
2895	3	2	0.000000
2896	3	2	0.000000
2897	2	2	0.000000
2898	2	2	0.000000
2899	2	2	0.000000
2900	2	2	0.000000
2901	2	2	0.000000
2902	2	3	0.000000
2903	2	2	0.000000
2904	2	2	0.000000
2905	2	5	0.000000
2906	2	5	0.000000
2907	2	2	0.000000
2908	2	3	0.000000
2909	2	1	0.000000
2910	2	2	0.000000
2911	2	2	0.000000
2912	2	2	0.000000
2913	2	3	0.000000
2914	2	2	0.000000
2915	2	0	0.000000
2916	1	2	0.000000
2917	1	2	0.000000
2918	1	2	0.000000
2919	1	2	0.000000
2920	1	2	0.000000
2921	1	3	0.000000
2922	1	2	0.000000
2923	1	2	0.000000
2924	1	1	0.000000
2925	1	2	0.000000
2926	1	0	0.000000
2927	1	2	0.000000
2928	2	2	0.000000
2929	2	4	0.000000
2930	2	2	0.000000
2931	2	2	0.000000
2932	3	2	0.000000
2933	3	2	0.000000
2934	3	2	0.000000
2935	3	2	0.000000
2936	3	2	0.000000
2937	3	1	0.000000
2938	3	2	0.000000
2939	3	2	0.000000
2940	3	2	0.000000
2941	2	2	0.000000
2942	2	4	0.000000
2943	2	0	0.000000
2944	2	4	0.000000
2945	2	5	0.000000
2946	2	0	0.000000
2947	2	2	0.000000
2948	2	1	0.000000
2949	2	0	0.000000
2950	2	0	0.000000
2951	2	1	0.000000
2952	2	2	0.000000
2953	2	2	0.000000
2954	2	2	0.000000
2955	2	2	0.000000
2956	2	1	0.000000
2957	2	2	0.000000
2958	2	2	0.000000
2959	2	2	0.000000
2960	2	2	0.000000
2961	2	5	0.000000
2962	2	4	0.000000
2963	2	2	0.000000
2964	1	2	0.000000
2965	1	2	0.000000
2966	1	2	0.000000
2967	1	2	0.000000
2968	1	2	0.000000
2969	1	2	0.000000
2970	1	2	0.000000
2971	1	2	0.000000
2972	1	2	0.000000
2973	1	2	0.000000
2974	1	2	0.000000
2975	1	0	0.000000
2976	2	2	0.000000
2977	2	2	0.000000
2978	2	0	0.000000
2979	2	2	0.000000
2980	2	2	0.000000
2981	2	4	0.000000
2982	2	2	0.000000
2983	2	2	0.000000
2984	3	2	0.000000
2985	3	1	0.000000
2986	3	2	0.000000
2987	3	2	0.000000
2988	3	2	0.000000
2989	3	0	0.000000
2990	2	4	0.000000
2991	2	0	0.000000
2992	2	3	0.000000
2993	2	2	0.000000
2994	2	2	0.000000
2995	2	0	0.000000
2996	2	2	0.000000
2997	2	0	0.000000
2998	2	4	0.000000
2999	2	2	0.000000
3000	2	2	0.000000
3001	2	2	0.000000
3002	2	2	0.000000
3003	2	3	0.000000
3004	2	2	0.000000
3005	2	0	0.000000
3006	2	4	0.000000
3007	2	2	0.000000
3008	2	2	0.000000
3009	2	2	0.000000
3010	2	2	0.000000
3011	2	2	0.000000
3012	2	2	0.000000
3013	2	1	0.000000
3014	2	2	0.000000
3015	2	3	0.000000
3016	2	2	0.000000
3017	2	2	0.000000
3018	1	1	0.000000
3019	1	2	0.000000
3020	1	2	0.000000
3021	1	2	0.000000
3022	1	3	0.000000
3023	1	2	0.000000
3024	1	2	0.000000
3025	1	2	0.000000
3026	1	2	0.000000
3027	1	2	0.000000
3028	1	2	0.000000
3029	2	2	0.000000
3030	2	2	0.000000
3031	2	2	0.000000
3032	2	2	0.000000
3033	2	1	0.000000
3034	2	2	0.000000
3035	3	0	0.000000
3036	3	2	0.000000
3037	3	2	0.000000
3038	3	1	0.000000
3039	3	2	0.000000
3040	3	0	0.000000
3041	3	1	0.000000
3042	3	3	0.000000
3043	3	2	0.000000
3044	3	2	0.000000
3045	2	4	0.000000
3046	2	5	0.000000
3047	2	0	0.000000
3048	2	0	0.000000
3049	2	0	0.000000
3050	2	4	0.000000
3051	2	0	0.000000
3052	1	3	0.000000
3053	1	2	0.000000
3054	1	2	0.000000
3055	1	2	0.000000
3056	1	0	0.000000
3057	1	2	0.000000
3058	1	0	0.000000
3059	2	2	0.000000
3060	2	2	0.000000
3061	2	3	0.000000
3062	2	1	0.000000
3063	2	2	0.000000
3064	2	2	0.000000
3065	2	2	0.000000
3066	2	0	0.000000
3067	2	5	0.000000
3068	2	0	0.000000
3069	2	1	0.000000
3070	2	0	0.000000
3071	2	5	0.000000
3072	2	2	0.000000
3073	2	2	0.000000
3074	2	2	0.000000
3075	2	5	0.000000
3076	2	1	0.000000
3077	2	2	0.000000
3078	2	2	0.000000
3079	2	4	0.000000
3080	2	4	0.000000
3081	2	0	0.000000
3082	2	1	0.000000
3083	2	0	0.000000
3084	2	3	0.000000
3085	1	2	0.000000
3086	1	3	0.000000
3087	2	5	0.000000
3088	2	2	0.000000
3089	2	4	0.000000
3090	2	2	0.000000
3091	2	1	0.000000
3092	2	2	0.000000
3093	2	2	0.000000
3094	2	2	0.000000
3095	2	2	0.000000
3096	2	1	0.000000
3097	2	3	0.000000
3098	2	2	0.000000
3099	2	2	0.000000
3100	2	2	0.000000
3101	2	3	0.000000
3102	2	4	0.000000
3103	2	2	0.000000
3104	2	2	0.000000
3105	2	2	0.000000
3106	2	1	0.000000
3107	2	2	0.000000
3108	2	4	0.000000
3109	2	0	0.000000
3110	2	2	0.000000
3111	2	2	0.000000
3112	2	2	0.000000
3113	2	2	0.000000
3114	1	0	0.000000
3115	1	2	0.000000
3116	1	2	0.000000
3117	1	2	0.000000
3118	1	2	0.000000
3119	1	2	0.000000
3120	1	1	0.000000
3121	1	2	0.000000
3122	2	2	0.000000
3123	1	1	0.000000
3124	2	2	0.000000
3125	2	2	0.000000
3126	2	2	0.000000
3127	2	1	0.000000
3128	2	2	0.000000
3129	2	5	0.000000
3130	3	2	0.000000
3131	3	1	0.000000
3132	3	0	0.000000
3133	3	3	0.000000
3134	2	1	0.000000
3135	2	0	0.000000
3136	2	3	0.000000
3137	2	2	0.000000
3138	2	2	0.000000
3139	2	2	0.000000
3140	2	5	0.000000
3141	2	2	0.000000
3142	2	2	0.000000
3143	2	3	0.000000
3144	2	3	0.000000
3145	2	5	0.000000
3146	2	5	0.000000
3147	2	4	0.000000
3148	2	2	0.000000
3149	2	3	0.000000
3150	1	2	0.000000
3151	1	3	0.000000
3152	1	2	0.000000
3153	1	2	0.000000
3154	1	3	0.000000
3155	1	0	0.000000
3156	1	2	0.000000
3157	1	2	0.000000
3158	2	2	0.000000
3159	2	2	0.000000
3160	2	2	0.000000
3161	2	3	0.000000
3162	2	2	0.000000
3163	2	1	0.000000
3164	2	2	0.000000
3165	2	2	0.000000
3166	3	2	0.000000
3167	3	0	0.000000
3168	3	3	0.000000
3169	3	1	0.000000
3170	2	2	0.000000
3171	2	2	0.000000
3172	2	3	0.000000
3173	2	4	0.000000
3174	2	2	0.000000
3175	2	2	0.000000
3176	2	4	0.000000
3177	2	0	0.000000
3178	2	5	0.000000
3179	2	2	0.000000
3180	2	2	0.000000
3181	2	2	0.000000
3182	2	3	0.000000
3183	2	4	0.000000
3184	2	1	0.000000
3185	2	1	0.000000
3186	2	0	0.000000
3187	1	2	0.000000
3188	1	3	0.000000
3189	1	2	0.000000
3190	1	2	0.000000
3191	1	3	0.000000
3192	1	2	0.000000
3193	1	2	0.000000
3194	1	2	0.000000
3195	2	2	0.000000
3196	2	5	0.000000
3197	2	1	0.000000
3198	2	2	0.000000
3199	2	2	0.000000
3200	3	2	0.000000
3201	3	0	0.000000
3202	3	2	0.000000
3203	3	2	0.000000
3204	3	2	0.000000
3205	3	1	0.000000
3206	3	2	0.000000
3207	2	4	0.000000
3208	2	5	0.000000
3209	2	2	0.000000
3210	2	2	0.000000
3211	2	2	0.000000
3212	2	2	0.000000
3213	2	2	0.000000
3214	2	2	0.000000
3215	2	2	0.000000
3216	2	2	0.000000
3217	2	4	0.000000
3218	1	3	0.000000
3219	1	1	0.000000
3220	1	2	0.000000
3221	1	2	0.000000
3222	1	2	0.000000
3223	1	1	0.000000
3224	1	2	0.000000
3225	1	2	0.000000
3226	1	2	0.000000
3227	1	2	0.000000
3228	1	0	0.000000
3229	1	3	0.000000
3230	1	3	0.000000
3231	2	5	0.000000
3232	2	2	0.000000
3233	2	2	0.000000
3234	2	2	0.000000
3235	3	3	0.000000
3236	3	2	0.000000
3237	3	0	0.000000
3238	3	2	0.000000
3239	3	2	0.000000
3240	3	2	0.000000
3241	3	2	0.000000
3242	3	2	0.000000
3243	3	2	0.000000
3244	3	2	0.000000
3245	2	1	0.000000
3246	2	2	0.000000
3247	2	5	0.000000
3248	2	5	0.000000
3249	2	2	0.000000
3250	2	0	0.000000
3251	2	2	0.000000
3252	2	1	0.000000
3253	2	2	0.000000
3254	2	4	0.000000
3255	2	2	0.000000
3256	1	2	0.000000
3257	1	2	0.000000
3258	1	2	0.000000
3259	1	0	0.000000
3260	1	2	0.000000
3261	1	2	0.000000
3262	1	2	0.000000
3263	1	2	0.000000
3264	1	2	0.000000
3265	1	2	0.000000
3266	1	2	0.000000
3267	1	2	0.000000
3268	1	2	0.000000
3269	1	2	0.000000
3270	2	2	0.000000
3271	2	2	0.000000
3272	2	2	0.000000
3273	2	3	0.000000
3274	3	0	0.000000
3275	3	1	0.000000
3276	3	2	0.000000
3277	3	3	0.000000
3278	3	2	0.000000
3279	3	2	0.000000
3280	3	2	0.000000
3281	3	2	0.000000
3282	3	0	0.000000
3283	3	3	0.000000
3284	3	2	0.000000
3285	3	0	0.000000
3286	3	2	0.000000
3287	3	2	0.000000
3288	3	2	0.000000
3289	3	1	0.000000
3290	3	2	0.000000
3291	3	2	0.000000
3292	3	1	0.000000
3293	3	1	0.000000
3294	3	2	0.000000
3295	3	2	0.000000
3296	3	3	0.000000
3297	3	2	0.000000
3298	3	0	0.000000
3299	3	2	0.000000
3300	3	2	0.000000
3301	3	2	0.000000
3302	3	0	0.000000
3303	3	2	0.000000
3304	3	2	0.000000
3305	3	2	0.000000
3306	3	2	0.000000
3307	3	1	0.000000
3308	3	2	0.000000
3309	3	3	0.000000
3310	3	0	0.000000
3311	3	3	0.000000
3312	3	2	0.000000
3313	3	2	0.000000
3314	3	2	0.000000
3315	3	3	0.000000
3316	3	2	0.000000
3317	3	2	0.000000
3318	3	3	0.000000
3319	3	2	0.000000
3320	3	0	0.000000
3321	3	3	0.000000
3322	3	2	0.000000
3323	3	2	0.000000
3324	3	1	0.000000
3325	3	2	0.000000
3326	3	2	0.000000
3327	3	2	0.000000
3328	2	2	0.000000
3329	2	0	0.000000
3330	2	5	0.000000
3331	2	2	0.000000
3332	2	4	0.000000
3333	2	0	0.000000
3334	2	1	0.000000
3335	2	2	0.000000
3336	2	2	0.000000
3337	2	2	0.000000
3338	2	2	0.000000
3339	2	2	0.000000
3340	2	2	0.000000
3341	2	2	0.000000
3342	2	4	0.000000
3343	2	4	0.000000
3344	2	0	0.000000
3345	2	0	0.000000
3346	2	0	0.000000
3347	2	2	0.000000
3348	2	5	0.000000
3349	2	0	0.000000
3350	2	3	0.000000
3351	2	0	0.000000
3352	2	2	0.000000
3353	2	2	0.000000
3354	2	2	0.000000
3355	2	2	0.000000
3356	2	4	0.000000
3357	2	2	0.000000
3358	2	4	0.000000
3359	2	3	0.000000
3360	2	2	0.000000
3361	2	2	0.000000
3362	2	0	0.000000
3363	2	2	0.000000
3364	2	3	0.000000
3365	2	2	0.000000
3366	2	2	0.000000
3367	2	2	0.000000
3368	2	3	0.000000
3369	2	2	0.000000
3370	2	3	0.000000
3371	2	2	0.000000
3372	2	4	0.000000
3373	2	2	0.000000
3374	2	2	0.000000
3375	2	5	0.000000
3376	2	3	0.000000
3377	2	2	0.000000
3378	2	3	0.000000
3379	2	4	0.000000
3380	2	3	0.000000
3381	2	2	0.000000
3382	2	2	0.000000
3383	2	1	0.000000
3384	2	2	0.000000
3385	2	2	0.000000
3386	2	2	0.000000
3387	2	4	0.000000
3388	2	2	0.000000
3389	2	4	0.000000
3390	2	5	0.000000
3391	2	2	0.000000
3392	2	3	0.000000
3393	2	4	0.000000
3394	2	2	0.000000
3395	2	2	0.000000
3396	2	1	0.000000
3397	2	3	0.000000
3398	2	2	0.000000
3399	1	2	0.000000
3400	2	1	0.000000
3401	2	2	0.000000
3402	2	2	0.000000
3403	2	2	0.000000
3404	2	2	0.000000
3405	2	2	0.000000
3406	2	2	0.000000
3407	2	0	0.000000
3408	2	0	0.000000
3409	2	2	0.000000
3410	2	0	0.000000
3411	2	2	0.000000
3412	2	5	0.000000
3413	2	5	0.000000
3414	2	5	0.000000
3415	2	2	0.000000
3416	2	3	0.000000
3417	2	4	0.000000
3418	2	1	0.000000
3419	2	1	0.000000
3420	2	4	0.000000
3421	2	2	0.000000
3422	2	2	0.000000
3423	2	4	0.000000
3424	2	2	0.000000
3425	2	2	0.000000
3426	2	0	0.000000
3427	2	2	0.000000
3428	2	2	0.000000
3429	3	2	0.000000
3430	3	2	0.000000
3431	3	2	0.000000
3432	3	2	0.000000
3433	3	0	0.000000
3434	3	2	0.000000
3435	3	0	0.000000
3436	3	2	0.000000
3437	3	3	0.000000
3438	3	3	0.000000
3439	3	2	0.000000
3440	3	2	0.000000
3441	3	0	0.000000
3442	4	2	0.000000
3443	4	0	0.000000
3444	4	2	0.000000
3445	4	2	0.000000
3446	4	1	0.000000
3447	4	2	0.000000
3448	4	2	0.000000
3449	4	2	0.000000
3450	4	2	0.000000
3451	4	2	0.000000
3452	4	2	0.000000
3453	4	0	0.000000
3454	4	3	0.000000
3455	4	2	0.000000
3456	4	0	0.000000
3457	4	2	0.000000
3458	4	2	0.000000
3459	4	2	0.000000
3460	4	2	0.000000
3461	4	2	0.000000
3462	4	2	0.000000
3463	4	2	0.000000
3464	4	2	0.000000
3465	4	2	0.000000
3466	4	2	0.000000
3467	4	2	0.000000
3468	4	0	0.000000
3469	4	3	0.000000
3470	4	2	0.000000
3471	4	2	0.000000
3472	4	0	0.000000
3473	4	0	0.000000
3474	4	2	0.000000
3475	4	3	0.000000
3476	4	2	0.000000
3477	4	2	0.000000
3478	4	2	0.000000
3479	4	2	0.000000
3480	4	3	0.000000
3481	4	2	0.000000
3482	4	2	0.000000
3483	4	2	0.000000
3484	4	2	0.000000
3485	4	0	0.000000
3486	4	2	0.000000
3487	4	2	0.000000
3488	4	2	0.000000
3489	4	1	0.000000
3490	4	2	0.000000
3491	4	2	0.000000
3492	4	2	0.000000
3493	4	2	0.000000
3494	4	2	0.000000
3495	4	2	0.000000
3496	4	1	0.000000
3497	4	2	0.000000
3498	4	1	0.000000
3499	4	2	0.000000
3500	4	2	0.000000
3501	4	2	0.000000
3502	4	0	0.000000
3503	4	1	0.000000
3504	4	2	0.000000
3505	4	2	0.000000
3506	4	2	0.000000
3507	4	3	0.000000
3508	4	1	0.000000
3509	4	2	0.000000
3510	4	2	0.000000
3511	4	2	0.000000
3512	4	2	0.000000
3513	4	2	0.000000
3514	4	3	0.000000
3515	4	2	0.000000
3516	4	1	0.000000
3517	4	2	0.000000
3518	4	1	0.000000
3519	4	2	0.000000
3520	4	2	0.000000
3521	4	2	0.000000
3522	4	2	0.000000
3523	4	2	0.000000
3524	4	0	0.000000
3525	4	2	0.000000
3526	4	3	0.000000
3527	4	2	0.000000
3528	4	2	0.000000
3529	4	2	0.000000
3530	4	2	0.000000
3531	4	2	0.000000
3532	4	2	0.000000
3533	4	2	0.000000
3534	4	2	0.000000
3535	4	2	0.000000
3536	4	2	0.000000
3537	4	0	0.000000
3538	4	2	0.000000
3539	4	2	0.000000
3540	4	2	0.000000
3541	4	2	0.000000
3542	4	1	0.000000
3543	4	2	0.000000
3544	4	3	0.000000
3545	4	2	0.000000
3546	4	1	0.000000
3547	4	2	0.000000
3548	4	2	0.000000
3549	4	1	0.000000
3550	4	2	0.000000
3551	4	0	0.000000
3552	4	2	0.000000
3553	3	2	0.000000
3554	3	2	0.000000
3555	3	0	0.000000
3556	3	2	0.000000
3557	3	2	0.000000
3558	3	2	0.000000
3559	3	2	0.000000
3560	3	0	0.000000
3561	3	0	0.000000
3562	3	2	0.000000
3563	3	2	0.000000
3564	3	2	0.000000
3565	3	2	0.000000
3566	3	3	0.000000
3567	3	2	0.000000
3568	3	1	0.000000
3569	2	2	0.000000
3570	2	4	0.000000
3571	2	2	0.000000
3572	2	2	0.000000
3573	2	2	0.000000
3574	2	2	0.000000
3575	2	2	0.000000
3576	2	2	0.000000
3577	2	3	0.000000
3578	2	2	0.000000
3579	2	2	0.000000
3580	2	0	0.000000
3581	2	2	0.000000
3582	2	4	0.000000
3583	2	0	0.000000
3584	1	0	0.000000
3585	1	2	0.000000
3586	1	0	0.000000
3587	1	2	0.000000
3588	1	2	0.000000
3589	1	3	0.000000
3590	1	2	0.000000
3591	1	0	0.000000
3592	1	1	0.000000
3593	1	2	0.000000
3594	1	2	0.000000
3595	2	4	0.000000
3596	2	4	0.000000
3597	3	2	0.000000
3598	3	2	0.000000
3599	3	2	0.000000
3600	3	2	0.000000
3601	3	2	0.000000
3602	3	3	0.000000
3603	4	2	0.000000
3604	4	2	0.000000
3605	4	2	0.000000
3606	4	3	0.000000
3607	4	3	0.000000
3608	4	2	0.000000
3609	4	2	0.000000
3610	4	2	0.000000
3611	4	2	0.000000
3612	4	2	0.000000
3613	4	0	0.000000
3614	4	2	0.000000
3615	4	3	0.000000
3616	4	2	0.000000
3617	4	2	0.000000
3618	4	2	0.000000
3619	4	2	0.000000
3620	4	2	0.000000
3621	4	2	0.000000
3622	4	0	0.000000
3623	4	0	0.000000
3624	3	2	0.000000
3625	3	0	0.000000
3626	3	2	0.000000
3627	3	1	0.000000
3628	3	0	0.000000
3629	3	0	0.000000
3630	3	2	0.000000
3631	3	3	0.000000
3632	3	0	0.000000
3633	3	2	0.000000
3634	3	2	0.000000
3635	3	2	0.000000
3636	3	1	0.000000
3637	3	3	0.000000
3638	3	2	0.000000
3639	3	2	0.000000
3640	3	2	0.000000
3641	3	2	0.000000
3642	3	1	0.000000
3643	3	2	0.000000
3644	3	2	0.000000
3645	3	2	0.000000
3646	3	1	0.000000
3647	3	0	0.000000
3648	3	1	0.000000
3649	3	2	0.000000
3650	3	2	0.000000
3651	3	0	0.000000
3652	3	2	0.000000
3653	3	2	0.000000
3654	3	2	0.000000
3655	3	2	0.000000
3656	3	2	0.000000
3657	3	2	0.000000
3658	3	2	0.000000
3659	3	1	0.000000
3660	3	2	0.000000
3661	3	2	0.000000
3662	3	1	0.000000
3663	3	2	0.000000
3664	3	2	0.000000
3665	2	0	0.000000
3666	2	0	0.000000
3667	2	1	0.000000
3668	2	2	0.000000
3669	2	2	0.000000
3670	2	2	0.000000
3671	2	0	0.000000
3672	2	2	0.000000
3673	2	1	0.000000
3674	2	3	0.000000
3675	2	2	0.000000
3676	2	5	0.000000
3677	2	2	0.000000
3678	2	2	0.000000
3679	2	4	0.000000
3680	2	2	0.000000
3681	2	2	0.000000
3682	2	2	0.000000
3683	2	2	0.000000
3684	2	2	0.000000
3685	2	2	0.000000
3686	2	4	0.000000
3687	2	2	0.000000
3688	2	2	0.000000
3689	2	5	0.000000
3690	2	3	0.000000
3691	2	3	0.000000
3692	2	2	0.000000
3693	2	2	0.000000
3694	2	2	0.000000
3695	2	2	0.000000
3696	2	2	0.000000
3697	1	3	0.000000
3698	2	2	0.000000
3699	1	0	0.000000
3700	1	3	0.000000
3701	2	4	0.000000
3702	1	2	0.000000
3703	1	2	0.000000
3704	1	2	0.000000
3705	1	2	0.000000
3706	1	0	0.000000
3707	1	3	0.000000
3708	1	2	0.000000
3709	1	2	0.000000
3710	1	2	0.000000
3711	1	0	0.000000
3712	2	5	0.000000
3713	2	3	0.000000
3714	2	2	0.000000
3715	2	5	0.000000
3716	2	4	0.000000
3717	2	2	0.000000
3718	3	1	0.000000
3719	3	3	0.000000
3720	3	1	0.000000
3721	3	2	0.000000
3722	3	2	0.000000
3723	3	2	0.000000
3724	3	2	0.000000
3725	3	2	0.000000
3726	2	0	0.000000
3727	2	2	0.000000
3728	2	5	0.000000
3729	2	2	0.000000
3730	2	1	0.000000
3731	2	2	0.000000
3732	2	2	0.000000
3733	2	2	0.000000
3734	2	5	0.000000
3735	2	2	0.000000
3736	2	0	0.000000
3737	2	2	0.000000
3738	2	3	0.000000
3739	2	2	0.000000
3740	2	5	0.000000
3741	2	2	0.000000
3742	2	1	0.000000
3743	2	2	0.000000
3744	2	2	0.000000
3745	2	2	0.000000
3746	2	2	0.000000
3747	2	3	0.000000
3748	2	0	0.000000
3749	2	2	0.000000
3750	2	2	0.000000
3751	2	3	0.000000
3752	2	1	0.000000
3753	2	2	0.000000
3754	2	2	0.000000
3755	2	1	0.000000
3756	2	4	0.000000
3757	2	4	0.000000
3758	1	3	0.000000
3759	1	0	0.000000
3760	1	2	0.000000
3761	1	1	0.000000
3762	1	2	0.000000
3763	1	2	0.000000
3764	1	2	0.000000
3765	1	2	0.000000
3766	2	0	0.000000
3767	1	3	0.000000
3768	1	2	0.000000
3769	2	3	0.000000
3770	2	2	0.000000
3771	2	2	0.000000
3772	2	4	0.000000
3773	2	2	0.000000
3774	2	0	0.000000
3775	3	1	0.000000
3776	3	2	0.000000
3777	3	2	0.000000
3778	3	2	0.000000
3779	3	1	0.000000
3780	3	2	0.000000
3781	3	1	0.000000
3782	3	2	0.000000
3783	3	1	0.000000
3784	3	2	0.000000
3785	3	2	0.000000
3786	3	0	0.000000
3787	3	0	0.000000
3788	3	2	0.000000
3789	2	1	0.000000
3790	2	0	0.000000
3791	2	2	0.000000
3792	3	2	0.000000
3793	3	3	0.000000
3794	3	2	0.000000
3795	2	2	0.000000
3796	2	2	0.000000
3797	2	2	0.000000
3798	2	0	0.000000
3799	2	2	0.000000
3800	2	2	0.000000
3801	2	4	0.000000
3802	2	2	0.000000
3803	2	2	0.000000
3804	2	2	0.000000
3805	2	5	0.000000
3806	2	0	0.000000
3807	2	2	0.000000
3808	2	3	0.000000
3809	2	2	0.000000
3810	2	5	0.000000
3811	2	1	0.000000
3812	2	4	0.000000
3813	2	2	0.000000
3814	2	0	0.000000
3815	2	2	0.000000
3816	2	2	0.000000
3817	1	2	0.000000
3818	1	2	0.000000
3819	1	2	0.000000
3820	1	0	0.000000
3821	1	2	0.000000
3822	1	2	0.000000
3823	1	0	0.000000
3824	1	3	0.000000
3825	1	2	0.000000
3826	1	0	0.000000
3827	1	1	0.000000
3828	1	1	0.000000
3829	2	4	0.000000
3830	2	2	0.000000
3831	2	2	0.000000
3832	2	4	0.000000
3833	2	2	0.000000
3834	2	4	0.000000
3835	2	3	0.000000
3836	2	2	0.000000
3837	2	1	0.000000
3838	2	4	0.000000
3839	2	2	0.000000
3840	2	3	0.000000
3841	2	2	0.000000
3842	2	0	0.000000
3843	2	3	0.000000
3844	2	2	0.000000
3845	2	2	0.000000
3846	2	5	0.000000
3847	2	2	0.000000
3848	2	2	0.000000
3849	2	2	0.000000
3850	2	0	0.000000
3851	2	1	0.000000
3852	2	5	0.000000
3853	2	5	0.000000
3854	2	2	0.000000
3855	2	2	0.000000
3856	2	2	0.000000
3857	2	2	0.000000
3858	2	2	0.000000
3859	2	2	0.000000
3860	2	2	47.177000
3861	0	0	0.000000
