StartTime	2015/09/06 11:07:07
FinishTime	2015/09/06 11:08:17
ElapsedTime	70.000000
/home/daisuke/git/ReinforcementLearning/log/EV3LineTracer_20150906110224_10Setting_20150906110225.log
0	1.000000
1	0.937500	0.062500
2	0.937500	0.062500
3	0.062500	0.937500
4	0.062500	0.937500
5	0.062500	0.937500
6	0.062500	0.937500
7	0.062500	0.937500
8	0.062500	0.937500
9	0.062500	0.937500
5399
0	2	0	0.000000
1	2	1	0.000000
2	2	0	0.000000
3	2	0	0.000000
4	2	0	0.000000
5	2	0	0.000000
6	2	0	0.000000
7	2	0	0.000000
8	2	1	0.000000
9	2	0	0.000000
10	2	0	0.000000
11	2	0	0.000000
12	2	1	0.000000
13	3	1	0.000000
14	3	1	0.000000
15	3	0	0.000000
16	3	1	0.000000
17	3	1	0.000000
18	3	1	0.000000
19	3	1	0.000000
20	3	1	0.000000
21	3	1	0.000000
22	3	1	0.000000
23	3	1	0.000000
24	2	0	0.000000
25	2	0	0.000000
26	2	1	0.000000
27	2	1	0.000000
28	2	0	0.000000
29	2	0	0.000000
30	2	0	0.000000
31	2	0	0.000000
32	2	0	0.000000
33	2	0	0.000000
34	2	0	0.000000
35	2	0	0.000000
36	2	1	0.000000
37	2	1	0.000000
38	3	1	0.000000
39	3	1	0.000000
40	4	1	0.000000
41	4	1	0.000000
42	4	1	0.000000
43	3	1	0.000000
44	3	1	0.000000
45	3	1	0.000000
46	3	1	0.000000
47	2	0	0.000000
48	2	0	0.000000
49	2	0	0.000000
50	2	0	0.000000
51	2	0	0.000000
52	2	0	0.000000
53	3	1	0.000000
54	3	1	0.000000
55	2	0	0.000000
56	2	0	0.000000
57	2	0	0.000000
58	2	0	0.000000
59	2	0	0.000000
60	2	0	0.000000
61	2	0	0.000000
62	2	0	0.000000
63	2	0	0.000000
64	2	0	0.000000
65	3	1	0.000000
66	3	1	0.000000
67	3	1	0.000000
68	4	1	0.000000
69	3	1	0.000000
70	4	1	0.000000
71	4	1	0.000000
72	3	1	0.000000
73	3	0	0.000000
74	3	1	0.000000
75	3	1	0.000000
76	2	0	0.000000
77	2	0	0.000000
78	2	0	0.000000
79	2	1	0.000000
80	2	0	0.000000
81	2	0	0.000000
82	2	0	0.000000
83	2	0	0.000000
84	2	0	0.000000
85	3	1	0.000000
86	3	1	0.000000
87	3	1	0.000000
88	4	1	0.000000
89	4	1	0.000000
90	4	1	0.000000
91	4	1	0.000000
92	3	0	0.000000
93	3	1	0.000000
94	3	0	0.000000
95	2	0	0.000000
96	2	0	0.000000
97	2	0	0.000000
98	2	0	0.000000
99	2	0	0.000000
100	2	0	0.000000
101	2	0	0.000000
102	3	1	0.000000
103	3	1	0.000000
104	3	0	0.000000
105	3	1	0.000000
106	3	1	0.000000
107	3	1	0.000000
108	3	0	0.000000
109	3	1	0.000000
110	3	1	0.000000
111	3	1	0.000000
112	3	1	0.000000
113	3	1	0.000000
114	3	1	0.000000
115	3	1	0.000000
116	3	1	0.000000
117	3	1	0.000000
118	3	1	0.000000
119	2	0	0.000000
120	2	0	0.000000
121	2	0	0.000000
122	2	0	0.000000
123	2	0	0.000000
124	2	0	0.000000
125	2	0	0.000000
126	2	0	0.000000
127	2	0	0.000000
128	2	0	0.000000
129	2	0	0.000000
130	2	0	0.000000
131	2	0	0.000000
132	3	1	0.000000
133	3	1	0.000000
134	3	0	0.000000
135	3	1	0.000000
136	3	1	0.000000
137	3	1	0.000000
138	3	1	0.000000
139	3	1	0.000000
140	3	1	0.000000
141	3	1	0.000000
142	3	1	0.000000
143	3	1	0.000000
144	3	1	0.000000
145	2	0	0.000000
146	2	0	0.000000
147	2	0	0.000000
148	2	0	0.000000
149	2	0	0.000000
150	2	0	0.000000
151	2	0	0.000000
152	2	0	0.000000
153	2	0	0.000000
154	2	0	0.000000
155	2	0	0.000000
156	2	0	0.000000
157	3	1	0.000000
158	3	1	0.000000
159	3	1	0.000000
160	3	1	0.000000
161	3	1	0.000000
162	3	1	0.000000
163	3	1	0.000000
164	3	1	0.000000
165	3	1	0.000000
166	3	1	0.000000
167	3	1	0.000000
168	3	0	0.000000
169	2	0	0.000000
170	2	0	0.000000
171	2	0	0.000000
172	2	0	0.000000
173	2	0	0.000000
174	2	0	0.000000
175	2	0	0.000000
176	2	0	0.000000
177	2	0	0.000000
178	3	0	0.000000
179	3	1	0.000000
180	3	1	0.000000
181	3	1	0.000000
182	3	1	0.000000
183	3	1	0.000000
184	3	1	0.000000
185	3	1	0.000000
186	3	1	0.000000
187	3	1	0.000000
188	3	1	0.000000
189	3	1	0.000000
190	3	1	0.000000
191	2	0	0.000000
192	2	0	0.000000
193	2	0	0.000000
194	2	0	0.000000
195	2	0	0.000000
196	2	0	0.000000
197	2	0	0.000000
198	2	0	0.000000
199	2	0	0.000000
200	2	0	0.000000
201	2	0	0.000000
202	3	1	0.000000
203	3	1	0.000000
204	3	1	0.000000
205	3	1	0.000000
206	3	0	0.000000
207	3	1	0.000000
208	3	1	0.000000
209	3	1	0.000000
210	3	1	0.000000
211	3	0	0.000000
212	3	1	0.000000
213	3	1	0.000000
214	3	1	0.000000
215	3	1	0.000000
216	2	1	0.000000
217	2	0	0.000000
218	2	0	0.000000
219	2	0	0.000000
220	2	0	0.000000
221	2	0	0.000000
222	2	0	0.000000
223	2	0	0.000000
224	2	0	0.000000
225	2	0	0.000000
226	2	1	0.000000
227	2	0	0.000000
228	2	0	0.000000
229	2	0	0.000000
230	3	1	0.000000
231	3	1	0.000000
232	3	1	0.000000
233	3	1	0.000000
234	3	0	0.000000
235	3	1	0.000000
236	3	1	0.000000
237	3	1	0.000000
238	3	1	0.000000
239	3	0	0.000000
240	2	0	0.000000
241	2	0	0.000000
242	2	0	0.000000
243	2	0	0.000000
244	2	0	0.000000
245	2	0	0.000000
246	2	0	0.000000
247	2	0	0.000000
248	2	0	0.000000
249	3	1	0.000000
250	3	0	0.000000
251	3	1	0.000000
252	3	1	0.000000
253	3	1	0.000000
254	3	1	0.000000
255	3	1	0.000000
256	3	1	0.000000
257	3	1	0.000000
258	3	1	0.000000
259	3	1	0.000000
260	3	1	0.000000
261	3	1	0.000000
262	3	1	0.000000
263	3	0	0.000000
264	3	1	0.000000
265	2	0	0.000000
266	2	0	0.000000
267	2	0	0.000000
268	2	0	0.000000
269	2	0	0.000000
270	2	1	0.000000
271	2	0	0.000000
272	2	0	0.000000
273	2	0	0.000000
274	2	0	0.000000
275	2	0	0.000000
276	2	0	0.000000
277	2	0	0.000000
278	2	0	0.000000
279	3	1	0.000000
280	3	1	0.000000
281	3	1	0.000000
282	3	1	0.000000
283	3	1	0.000000
284	3	1	0.000000
285	3	1	0.000000
286	3	1	0.000000
287	3	1	0.000000
288	3	0	0.000000
289	3	1	0.000000
290	3	1	0.000000
291	3	1	0.000000
292	2	0	0.000000
293	2	0	0.000000
294	2	0	0.000000
295	2	0	0.000000
296	2	0	0.000000
297	2	0	0.000000
298	2	0	0.000000
299	2	0	0.000000
300	2	0	0.000000
301	2	0	0.000000
302	2	0	0.000000
303	3	1	0.000000
304	3	1	0.000000
305	3	0	0.000000
306	3	1	0.000000
307	3	1	0.000000
308	3	1	0.000000
309	3	1	0.000000
310	3	1	0.000000
311	3	1	0.000000
312	3	1	0.000000
313	3	1	0.000000
314	3	1	0.000000
315	3	1	0.000000
316	3	1	0.000000
317	3	0	0.000000
318	2	0	0.000000
319	2	0	0.000000
320	2	1	0.000000
321	2	0	0.000000
322	2	0	0.000000
323	2	0	0.000000
324	2	0	0.000000
325	2	0	0.000000
326	2	0	0.000000
327	2	0	0.000000
328	2	0	0.000000
329	2	0	0.000000
330	3	1	0.000000
331	3	1	0.000000
332	3	1	0.000000
333	3	1	0.000000
334	3	1	0.000000
335	4	1	0.000000
336	4	1	0.000000
337	4	1	0.000000
338	3	1	0.000000
339	3	1	0.000000
340	3	1	0.000000
341	3	1	0.000000
342	3	1	0.000000
343	2	0	0.000000
344	2	0	0.000000
345	2	0	0.000000
346	2	0	0.000000
347	2	0	0.000000
348	2	0	0.000000
349	2	0	0.000000
350	2	0	0.000000
351	2	0	0.000000
352	2	0	0.000000
353	2	0	0.000000
354	2	0	0.000000
355	3	1	0.000000
356	3	1	0.000000
357	3	1	0.000000
358	3	1	0.000000
359	3	0	0.000000
360	3	1	0.000000
361	3	1	0.000000
362	3	1	0.000000
363	3	1	0.000000
364	3	1	0.000000
365	3	1	0.000000
366	3	0	0.000000
367	3	1	0.000000
368	3	1	0.000000
369	2	0	0.000000
370	2	1	0.000000
371	2	0	0.000000
372	2	1	0.000000
373	2	0	0.000000
374	2	0	0.000000
375	2	0	0.000000
376	2	0	0.000000
377	2	0	0.000000
378	2	0	0.000000
379	2	0	0.000000
380	2	0	0.000000
381	2	0	0.000000
382	2	0	0.000000
383	2	0	0.000000
384	2	0	0.000000
385	2	0	0.000000
386	2	0	0.000000
387	2	0	0.000000
388	2	0	0.000000
389	3	1	0.000000
390	3	1	0.000000
391	3	1	0.000000
392	3	1	0.000000
393	3	1	0.000000
394	3	0	0.000000
395	4	1	0.000000
396	4	1	0.000000
397	3	1	0.000000
398	3	1	0.000000
399	3	1	0.000000
400	3	1	0.000000
401	3	1	0.000000
402	3	1	0.000000
403	2	0	0.000000
404	2	0	0.000000
405	2	0	0.000000
406	2	0	0.000000
407	2	0	0.000000
408	2	0	0.000000
409	2	0	0.000000
410	2	0	0.000000
411	2	0	0.000000
412	2	0	0.000000
413	2	1	0.000000
414	3	1	0.000000
415	3	1	0.000000
416	3	1	0.000000
417	3	0	0.000000
418	3	1	0.000000
419	3	1	0.000000
420	3	1	0.000000
421	3	1	0.000000
422	3	1	0.000000
423	2	0	0.000000
424	2	1	0.000000
425	2	0	0.000000
426	2	0	0.000000
427	2	0	0.000000
428	2	0	0.000000
429	2	0	0.000000
430	2	0	0.000000
431	2	0	0.000000
432	2	0	0.000000
433	2	0	0.000000
434	3	1	0.000000
435	3	1	0.000000
436	3	1	0.000000
437	3	1	0.000000
438	4	1	0.000000
439	4	1	0.000000
440	4	1	0.000000
441	4	1	0.000000
442	4	1	0.000000
443	4	0	0.000000
444	4	1	0.000000
445	4	1	0.000000
446	4	1	0.000000
447	4	1	0.000000
448	4	1	0.000000
449	3	1	0.000000
450	3	0	0.000000
451	3	1	0.000000
452	3	1	0.000000
453	3	1	0.000000
454	3	1	0.000000
455	3	1	0.000000
456	3	0	0.000000
457	3	1	0.000000
458	3	1	0.000000
459	3	1	0.000000
460	3	1	0.000000
461	3	1	0.000000
462	3	0	0.000000
463	3	1	0.000000
464	3	1	0.000000
465	3	1	0.000000
466	3	1	0.000000
467	3	1	0.000000
468	3	1	0.000000
469	3	1	0.000000
470	3	1	0.000000
471	3	1	0.000000
472	3	1	0.000000
473	3	1	0.000000
474	3	1	0.000000
475	3	1	0.000000
476	2	0	0.000000
477	2	0	0.000000
478	2	0	0.000000
479	2	0	0.000000
480	2	0	0.000000
481	2	0	0.000000
482	2	0	0.000000
483	2	0	0.000000
484	2	0	0.000000
485	2	0	0.000000
486	2	0	0.000000
487	2	0	0.000000
488	3	1	0.000000
489	3	1	0.000000
490	3	1	0.000000
491	4	0	0.000000
492	4	1	0.000000
493	4	0	0.000000
494	4	1	0.000000
495	4	1	0.000000
496	4	1	0.000000
497	4	1	0.000000
498	4	1	0.000000
499	4	1	0.000000
500	4	1	0.000000
501	4	1	0.000000
502	4	1	0.000000
503	4	1	0.000000
504	3	1	0.000000
505	3	1	0.000000
506	3	1	0.000000
507	3	1	0.000000
508	3	1	0.000000
509	3	1	0.000000
510	3	1	0.000000
511	3	1	0.000000
512	3	1	0.000000
513	2	0	0.000000
514	2	0	0.000000
515	2	0	0.000000
516	2	0	0.000000
517	2	0	0.000000
518	2	0	0.000000
519	2	0	0.000000
520	2	0	0.000000
521	2	0	0.000000
522	2	0	0.000000
523	2	0	0.000000
524	2	0	0.000000
525	3	1	0.000000
526	3	1	0.000000
527	3	1	0.000000
528	3	1	0.000000
529	4	1	0.000000
530	4	1	0.000000
531	4	1	0.000000
532	4	1	0.000000
533	4	1	0.000000
534	4	1	0.000000
535	4	1	0.000000
536	3	1	0.000000
537	3	0	0.000000
538	3	1	0.000000
539	3	1	0.000000
540	3	1	0.000000
541	3	1	0.000000
542	2	0	0.000000
543	2	0	0.000000
544	2	0	0.000000
545	2	0	0.000000
546	2	0	0.000000
547	2	0	0.000000
548	2	0	0.000000
549	2	0	0.000000
550	2	0	0.000000
551	3	1	0.000000
552	3	1	0.000000
553	3	1	0.000000
554	4	1	0.000000
555	4	1	0.000000
556	4	1	0.000000
557	4	1	0.000000
558	4	1	0.000000
559	4	1	0.000000
560	4	1	0.000000
561	3	1	0.000000
562	3	1	0.000000
563	3	1	0.000000
564	3	1	0.000000
565	2	0	0.000000
566	2	0	0.000000
567	2	0	0.000000
568	2	0	0.000000
569	2	0	0.000000
570	2	0	0.000000
571	2	0	0.000000
572	2	0	0.000000
573	2	0	0.000000
574	2	0	0.000000
575	2	0	0.000000
576	3	1	0.000000
577	3	1	0.000000
578	3	1	0.000000
579	4	1	0.000000
580	4	1	0.000000
581	4	1	0.000000
582	4	1	0.000000
583	4	1	0.000000
584	4	0	0.000000
585	3	1	0.000000
586	3	1	0.000000
587	3	1	0.000000
588	3	1	0.000000
589	3	1	0.000000
590	2	0	0.000000
591	2	0	0.000000
592	2	0	0.000000
593	2	0	0.000000
594	2	0	0.000000
595	2	0	0.000000
596	2	0	0.000000
597	2	0	0.000000
598	3	1	0.000000
599	3	1	0.000000
600	3	1	0.000000
601	3	0	0.000000
602	3	1	0.000000
603	3	1	0.000000
604	4	1	0.000000
605	4	1	0.000000
606	3	1	0.000000
607	3	1	0.000000
608	3	1	0.000000
609	3	1	0.000000
610	2	0	0.000000
611	2	0	0.000000
612	2	0	0.000000
613	2	0	0.000000
614	2	0	0.000000
615	2	0	0.000000
616	2	0	0.000000
617	2	0	0.000000
618	2	0	0.000000
619	2	0	0.000000
620	2	0	0.000000
621	2	0	0.000000
622	3	1	0.000000
623	3	1	0.000000
624	3	1	0.000000
625	3	1	0.000000
626	4	1	0.000000
627	4	1	0.000000
628	4	1	0.000000
629	4	1	0.000000
630	4	1	0.000000
631	3	0	0.000000
632	3	1	0.000000
633	3	1	0.000000
634	3	1	0.000000
635	2	0	0.000000
636	2	1	0.000000
637	2	0	0.000000
638	2	0	0.000000
639	2	0	0.000000
640	2	0	0.000000
641	2	0	0.000000
642	2	0	0.000000
643	2	0	0.000000
644	2	0	0.000000
645	2	0	0.000000
646	3	1	0.000000
647	3	1	0.000000
648	3	1	0.000000
649	3	1	0.000000
650	3	1	0.000000
651	4	1	0.000000
652	4	1	0.000000
653	4	1	0.000000
654	3	1	0.000000
655	3	1	0.000000
656	3	1	0.000000
657	2	0	0.000000
658	2	0	0.000000
659	2	0	0.000000
660	2	0	0.000000
661	2	0	0.000000
662	2	0	0.000000
663	2	0	0.000000
664	2	0	0.000000
665	2	0	0.000000
666	2	0	0.000000
667	3	1	0.000000
668	3	1	0.000000
669	3	1	0.000000
670	3	1	0.000000
671	4	1	0.000000
672	4	1	0.000000
673	4	1	0.000000
674	4	1	0.000000
675	4	1	0.000000
676	3	1	0.000000
677	3	1	0.000000
678	3	1	0.000000
679	3	1	0.000000
680	3	1	0.000000
681	3	1	0.000000
682	2	0	0.000000
683	2	0	0.000000
684	2	0	0.000000
685	2	0	0.000000
686	2	1	0.000000
687	2	0	0.000000
688	2	0	0.000000
689	2	0	0.000000
690	2	0	0.000000
691	3	1	0.000000
692	4	1	0.000000
693	4	1	0.000000
694	4	1	0.000000
695	4	1	0.000000
696	4	1	0.000000
697	4	1	0.000000
698	4	1	0.000000
699	4	1	0.000000
700	4	1	0.000000
701	4	1	0.000000
702	4	1	0.000000
703	4	1	0.000000
704	4	1	0.000000
705	5	1	0.000000
706	5	1	0.000000
707	5	1	0.000000
708	5	1	0.000000
709	5	1	0.000000
710	5	1	0.000000
711	5	1	0.000000
712	5	1	0.000000
713	5	1	0.000000
714	5	1	0.000000
715	5	1	0.000000
716	5	1	0.000000
717	5	1	0.000000
718	5	1	0.000000
719	5	1	0.000000
720	5	1	0.000000
721	5	1	0.000000
722	5	1	0.000000
723	5	1	0.000000
724	5	1	0.000000
725	6	1	0.000000
726	5	1	0.000000
727	5	1	0.000000
728	5	1	0.000000
729	5	1	0.000000
730	5	1	0.000000
731	5	0	0.000000
732	5	1	0.000000
733	5	1	0.000000
734	5	1	0.000000
735	5	1	0.000000
736	5	1	0.000000
737	5	1	0.000000
738	5	1	0.000000
739	5	0	0.000000
740	5	1	0.000000
741	5	1	0.000000
742	5	1	0.000000
743	5	1	0.000000
744	5	1	0.000000
745	5	1	0.000000
746	5	1	0.000000
747	5	1	0.000000
748	5	1	0.000000
749	5	1	0.000000
750	5	1	0.000000
751	5	1	0.000000
752	5	1	0.000000
753	5	1	0.000000
754	5	1	0.000000
755	5	1	0.000000
756	4	1	0.000000
757	4	1	0.000000
758	4	1	0.000000
759	4	1	0.000000
760	4	1	0.000000
761	4	1	0.000000
762	4	1	0.000000
763	4	1	0.000000
764	4	1	0.000000
765	3	1	0.000000
766	3	1	0.000000
767	3	1	0.000000
768	3	1	0.000000
769	3	1	0.000000
770	2	0	0.000000
771	2	0	0.000000
772	2	0	0.000000
773	2	0	0.000000
774	2	0	0.000000
775	2	0	0.000000
776	2	0	0.000000
777	2	0	0.000000
778	2	0	0.000000
779	2	0	0.000000
780	2	0	0.000000
781	2	0	0.000000
782	2	0	0.000000
783	2	0	0.000000
784	3	1	0.000000
785	3	1	0.000000
786	3	1	0.000000
787	3	1	0.000000
788	3	1	0.000000
789	4	1	0.000000
790	4	1	0.000000
791	4	1	0.000000
792	3	1	0.000000
793	3	1	0.000000
794	3	1	0.000000
795	3	1	0.000000
796	3	1	0.000000
797	3	1	0.000000
798	3	1	0.000000
799	2	0	0.000000
800	2	0	0.000000
801	2	0	0.000000
802	2	0	0.000000
803	2	0	0.000000
804	2	0	0.000000
805	2	0	0.000000
806	2	0	0.000000
807	2	0	0.000000
808	2	0	0.000000
809	2	0	0.000000
810	3	1	0.000000
811	4	1	0.000000
812	4	0	0.000000
813	4	1	0.000000
814	4	1	0.000000
815	4	1	0.000000
816	4	1	0.000000
817	5	1	0.000000
818	5	1	0.000000
819	5	1	0.000000
820	5	0	0.000000
821	5	1	0.000000
822	5	1	0.000000
823	5	1	0.000000
824	4	1	0.000000
825	4	1	0.000000
826	4	1	0.000000
827	4	1	0.000000
828	4	1	0.000000
829	5	1	0.000000
830	5	1	0.000000
831	4	1	0.000000
832	4	0	0.000000
833	4	0	0.000000
834	4	1	0.000000
835	5	1	0.000000
836	5	1	0.000000
837	5	1	0.000000
838	5	1	0.000000
839	5	0	0.000000
840	5	1	0.000000
841	5	1	0.000000
842	5	1	0.000000
843	5	1	0.000000
844	5	1	0.000000
845	5	1	0.000000
846	5	1	0.000000
847	5	1	0.000000
848	5	1	0.000000
849	5	1	0.000000
850	5	1	0.000000
851	5	1	0.000000
852	5	1	0.000000
853	5	1	0.000000
854	5	1	0.000000
855	5	1	0.000000
856	5	1	0.000000
857	5	1	0.000000
858	5	1	0.000000
859	5	0	0.000000
860	5	1	0.000000
861	5	1	0.000000
862	5	1	0.000000
863	5	1	0.000000
864	5	1	0.000000
865	5	1	0.000000
866	5	1	0.000000
867	5	1	0.000000
868	5	0	0.000000
869	5	1	0.000000
870	5	1	0.000000
871	5	1	0.000000
872	5	1	0.000000
873	5	1	0.000000
874	5	1	0.000000
875	5	1	0.000000
876	5	1	0.000000
877	5	1	0.000000
878	5	1	0.000000
879	5	1	0.000000
880	5	1	0.000000
881	5	1	0.000000
882	5	1	0.000000
883	5	0	0.000000
884	5	1	0.000000
885	5	1	0.000000
886	5	1	0.000000
887	5	1	0.000000
888	5	1	0.000000
889	5	1	0.000000
890	5	1	0.000000
891	5	1	0.000000
892	5	1	0.000000
893	5	1	0.000000
894	5	1	0.000000
895	5	1	0.000000
896	5	1	0.000000
897	5	1	0.000000
898	5	1	0.000000
899	5	1	0.000000
900	5	1	0.000000
901	5	1	0.000000
902	5	1	0.000000
903	5	1	0.000000
904	4	1	0.000000
905	4	0	0.000000
906	4	1	0.000000
907	4	1	0.000000
908	4	1	0.000000
909	4	1	0.000000
910	4	1	0.000000
911	3	1	0.000000
912	3	1	0.000000
913	3	0	0.000000
914	3	1	0.000000
915	3	1	0.000000
916	3	1	0.000000
917	3	1	0.000000
918	3	1	0.000000
919	3	1	0.000000
920	3	1	0.000000
921	2	0	0.000000
922	2	0	0.000000
923	2	0	0.000000
924	2	1	0.000000
925	2	0	0.000000
926	2	0	0.000000
927	2	0	0.000000
928	2	0	0.000000
929	2	0	0.000000
930	2	0	0.000000
931	2	0	0.000000
932	2	0	0.000000
933	2	0	0.000000
934	2	0	0.000000
935	2	0	0.000000
936	3	1	0.000000
937	3	1	0.000000
938	3	1	0.000000
939	3	1	0.000000
940	3	1	0.000000
941	4	1	0.000000
942	4	1	0.000000
943	4	1	0.000000
944	4	1	0.000000
945	4	1	0.000000
946	4	1	0.000000
947	4	1	0.000000
948	3	1	0.000000
949	3	1	0.000000
950	3	1	0.000000
951	3	1	0.000000
952	3	1	0.000000
953	3	1	0.000000
954	3	1	0.000000
955	2	0	0.000000
956	2	0	0.000000
957	2	0	0.000000
958	2	0	0.000000
959	2	0	0.000000
960	2	0	0.000000
961	2	0	0.000000
962	2	1	0.000000
963	2	0	0.000000
964	2	0	0.000000
965	3	1	0.000000
966	3	1	0.000000
967	3	1	0.000000
968	4	1	0.000000
969	4	1	0.000000
970	4	1	0.000000
971	4	1	0.000000
972	4	1	0.000000
973	4	1	0.000000
974	3	1	0.000000
975	3	1	0.000000
976	3	0	0.000000
977	3	0	0.000000
978	3	1	0.000000
979	3	0	0.000000
980	3	1	0.000000
981	3	1	0.000000
982	3	1	0.000000
983	3	1	0.000000
984	3	1	0.000000
985	3	1	0.000000
986	3	1	0.000000
987	3	1	0.000000
988	3	1	0.000000
989	3	1	0.000000
990	2	0	0.000000
991	2	0	0.000000
992	2	0	0.000000
993	2	0	0.000000
994	2	0	0.000000
995	2	0	0.000000
996	2	0	0.000000
997	2	0	0.000000
998	2	0	0.000000
999	2	0	0.000000
1000	3	1	0.000000
1001	3	1	0.000000
1002	3	1	0.000000
1003	3	1	0.000000
1004	4	1	0.000000
1005	4	1	0.000000
1006	4	0	0.000000
1007	4	1	0.000000
1008	3	1	0.000000
1009	3	1	0.000000
1010	3	1	0.000000
1011	3	1	0.000000
1012	3	1	0.000000
1013	3	1	0.000000
1014	3	1	0.000000
1015	3	1	0.000000
1016	3	1	0.000000
1017	3	1	0.000000
1018	3	0	0.000000
1019	2	0	0.000000
1020	2	0	0.000000
1021	2	0	0.000000
1022	2	0	0.000000
1023	2	0	0.000000
1024	2	0	0.000000
1025	2	0	0.000000
1026	2	0	0.000000
1027	2	0	0.000000
1028	2	0	0.000000
1029	3	1	0.000000
1030	3	1	0.000000
1031	3	1	0.000000
1032	3	1	0.000000
1033	3	1	0.000000
1034	3	1	0.000000
1035	3	1	0.000000
1036	4	1	0.000000
1037	4	1	0.000000
1038	4	1	0.000000
1039	4	1	0.000000
1040	3	1	0.000000
1041	3	1	0.000000
1042	3	1	0.000000
1043	3	1	0.000000
1044	3	1	0.000000
1045	3	1	0.000000
1046	3	1	0.000000
1047	2	0	0.000000
1048	2	0	0.000000
1049	2	0	0.000000
1050	2	0	0.000000
1051	2	0	0.000000
1052	2	0	0.000000
1053	2	0	0.000000
1054	2	0	0.000000
1055	2	0	0.000000
1056	2	0	0.000000
1057	2	1	0.000000
1058	3	1	0.000000
1059	3	1	0.000000
1060	3	1	0.000000
1061	3	1	0.000000
1062	3	1	0.000000
1063	3	1	0.000000
1064	3	1	0.000000
1065	3	1	0.000000
1066	3	1	0.000000
1067	3	1	0.000000
1068	3	1	0.000000
1069	3	1	0.000000
1070	3	1	0.000000
1071	2	0	0.000000
1072	2	0	0.000000
1073	2	0	0.000000
1074	2	0	0.000000
1075	2	0	0.000000
1076	2	0	0.000000
1077	2	0	0.000000
1078	2	0	0.000000
1079	3	1	0.000000
1080	3	1	0.000000
1081	3	1	0.000000
1082	4	1	0.000000
1083	4	1	0.000000
1084	4	1	0.000000
1085	5	1	0.000000
1086	5	1	0.000000
1087	5	1	0.000000
1088	5	1	0.000000
1089	5	1	0.000000
1090	5	1	0.000000
1091	5	1	0.000000
1092	5	1	0.000000
1093	5	1	0.000000
1094	5	1	0.000000
1095	5	1	0.000000
1096	5	1	0.000000
1097	5	1	0.000000
1098	5	1	0.000000
1099	5	1	0.000000
1100	5	1	0.000000
1101	5	1	0.000000
1102	5	1	0.000000
1103	5	1	0.000000
1104	5	1	0.000000
1105	5	1	0.000000
1106	5	1	0.000000
1107	5	1	0.000000
1108	5	1	0.000000
1109	5	1	0.000000
1110	5	1	0.000000
1111	5	1	0.000000
1112	5	1	0.000000
1113	5	1	0.000000
1114	5	1	0.000000
1115	5	0	0.000000
1116	5	1	0.000000
1117	5	1	0.000000
1118	5	1	0.000000
1119	5	1	0.000000
1120	6	1	0.000000
1121	6	0	0.000000
1122	6	0	0.000000
1123	6	1	0.000000
1124	5	1	0.000000
1125	5	1	0.000000
1126	5	1	0.000000
1127	5	1	0.000000
1128	5	1	0.000000
1129	5	1	0.000000
1130	5	1	0.000000
1131	5	1	0.000000
1132	6	1	0.000000
1133	6	1	0.000000
1134	6	1	0.000000
1135	6	1	0.000000
1136	6	1	0.000000
1137	6	1	0.000000
1138	6	1	0.000000
1139	6	0	0.000000
1140	6	1	0.000000
1141	5	1	0.000000
1142	5	0	0.000000
1143	5	1	0.000000
1144	5	1	0.000000
1145	5	1	0.000000
1146	6	1	0.000000
1147	6	1	0.000000
1148	6	1	0.000000
1149	6	1	0.000000
1150	6	1	0.000000
1151	6	1	0.000000
1152	6	1	0.000000
1153	6	1	0.000000
1154	6	1	0.000000
1155	6	1	0.000000
1156	5	1	0.000000
1157	5	1	0.000000
1158	5	1	0.000000
1159	5	1	0.000000
1160	5	1	0.000000
1161	5	1	0.000000
1162	5	1	0.000000
1163	5	1	0.000000
1164	5	0	0.000000
1165	5	0	0.000000
1166	5	1	0.000000
1167	5	1	0.000000
1168	5	1	0.000000
1169	5	1	0.000000
1170	5	1	0.000000
1171	5	1	0.000000
1172	5	1	0.000000
1173	5	1	0.000000
1174	5	1	0.000000
1175	5	0	0.000000
1176	5	1	0.000000
1177	5	1	0.000000
1178	5	1	0.000000
1179	5	1	0.000000
1180	5	1	0.000000
1181	5	1	0.000000
1182	5	1	0.000000
1183	5	1	0.000000
1184	5	0	0.000000
1185	5	1	0.000000
1186	4	1	0.000000
1187	4	1	0.000000
1188	4	1	0.000000
1189	4	1	0.000000
1190	4	1	0.000000
1191	4	1	0.000000
1192	4	0	0.000000
1193	4	1	0.000000
1194	4	1	0.000000
1195	4	1	0.000000
1196	4	1	0.000000
1197	4	1	0.000000
1198	4	1	0.000000
1199	4	1	0.000000
1200	4	1	0.000000
1201	4	1	0.000000
1202	4	1	0.000000
1203	3	1	0.000000
1204	3	0	0.000000
1205	3	1	0.000000
1206	3	1	0.000000
1207	3	1	0.000000
1208	3	1	0.000000
1209	3	0	0.000000
1210	3	1	0.000000
1211	3	1	0.000000
1212	3	1	0.000000
1213	3	1	0.000000
1214	3	1	0.000000
1215	2	0	0.000000
1216	2	0	0.000000
1217	2	0	0.000000
1218	2	0	0.000000
1219	2	0	0.000000
1220	2	0	0.000000
1221	2	0	0.000000
1222	2	0	0.000000
1223	2	0	0.000000
1224	2	0	0.000000
1225	2	0	0.000000
1226	2	0	0.000000
1227	3	1	0.000000
1228	3	1	0.000000
1229	3	1	0.000000
1230	3	1	0.000000
1231	3	1	0.000000
1232	3	1	0.000000
1233	3	1	0.000000
1234	3	1	0.000000
1235	3	1	0.000000
1236	3	1	0.000000
1237	3	1	0.000000
1238	3	1	0.000000
1239	3	1	0.000000
1240	3	1	0.000000
1241	2	0	0.000000
1242	2	1	0.000000
1243	2	0	0.000000
1244	2	0	0.000000
1245	2	0	0.000000
1246	2	0	0.000000
1247	2	0	0.000000
1248	2	0	0.000000
1249	2	0	0.000000
1250	2	0	0.000000
1251	2	0	0.000000
1252	3	1	0.000000
1253	3	1	0.000000
1254	3	1	0.000000
1255	3	1	0.000000
1256	3	1	0.000000
1257	3	1	0.000000
1258	4	1	0.000000
1259	4	1	0.000000
1260	4	0	0.000000
1261	4	1	0.000000
1262	3	1	0.000000
1263	3	1	0.000000
1264	3	1	0.000000
1265	3	1	0.000000
1266	3	0	0.000000
1267	3	1	0.000000
1268	3	1	0.000000
1269	3	1	0.000000
1270	3	1	0.000000
1271	3	1	0.000000
1272	3	1	0.000000
1273	3	0	0.000000
1274	3	0	0.000000
1275	2	0	0.000000
1276	2	1	0.000000
1277	2	1	0.000000
1278	2	0	0.000000
1279	2	0	0.000000
1280	2	0	0.000000
1281	2	0	0.000000
1282	2	0	0.000000
1283	2	0	0.000000
1284	2	0	0.000000
1285	2	0	0.000000
1286	3	1	0.000000
1287	3	1	0.000000
1288	3	1	0.000000
1289	3	1	0.000000
1290	3	1	0.000000
1291	3	1	0.000000
1292	3	1	0.000000
1293	3	1	0.000000
1294	3	1	0.000000
1295	3	1	0.000000
1296	3	1	0.000000
1297	3	1	0.000000
1298	3	1	0.000000
1299	3	1	0.000000
1300	3	1	0.000000
1301	2	0	0.000000
1302	2	0	0.000000
1303	2	0	0.000000
1304	2	0	0.000000
1305	2	0	0.000000
1306	2	0	0.000000
1307	2	0	0.000000
1308	2	0	0.000000
1309	2	0	0.000000
1310	2	0	0.000000
1311	2	0	0.000000
1312	3	1	0.000000
1313	3	1	0.000000
1314	3	1	0.000000
1315	3	1	0.000000
1316	3	1	0.000000
1317	3	1	0.000000
1318	3	1	0.000000
1319	3	1	0.000000
1320	3	1	0.000000
1321	3	1	0.000000
1322	3	1	0.000000
1323	3	1	0.000000
1324	3	1	0.000000
1325	3	1	0.000000
1326	3	1	0.000000
1327	2	1	0.000000
1328	2	0	0.000000
1329	2	0	0.000000
1330	2	0	0.000000
1331	2	0	0.000000
1332	2	0	0.000000
1333	2	0	0.000000
1334	2	0	0.000000
1335	2	0	0.000000
1336	2	0	0.000000
1337	2	0	0.000000
1338	2	1	0.000000
1339	2	0	0.000000
1340	3	1	0.000000
1341	3	1	0.000000
1342	3	1	0.000000
1343	3	1	0.000000
1344	3	1	0.000000
1345	3	0	0.000000
1346	3	1	0.000000
1347	3	1	0.000000
1348	3	1	0.000000
1349	3	1	0.000000
1350	3	1	0.000000
1351	3	1	0.000000
1352	3	1	0.000000
1353	3	1	0.000000
1354	2	0	0.000000
1355	2	0	0.000000
1356	2	0	0.000000
1357	2	0	0.000000
1358	2	0	0.000000
1359	2	0	0.000000
1360	2	0	0.000000
1361	2	0	0.000000
1362	2	0	0.000000
1363	2	0	0.000000
1364	3	1	0.000000
1365	3	1	0.000000
1366	3	1	0.000000
1367	3	1	0.000000
1368	3	1	0.000000
1369	3	1	0.000000
1370	3	1	0.000000
1371	3	0	0.000000
1372	3	1	0.000000
1373	3	1	0.000000
1374	3	1	0.000000
1375	3	1	0.000000
1376	3	1	0.000000
1377	3	1	0.000000
1378	3	1	0.000000
1379	3	1	0.000000
1380	3	1	0.000000
1381	2	0	0.000000
1382	2	0	0.000000
1383	2	0	0.000000
1384	2	0	0.000000
1385	2	0	0.000000
1386	2	0	0.000000
1387	2	1	0.000000
1388	2	0	0.000000
1389	2	0	0.000000
1390	2	0	0.000000
1391	2	0	0.000000
1392	2	0	0.000000
1393	3	1	0.000000
1394	3	1	0.000000
1395	3	1	0.000000
1396	3	1	0.000000
1397	3	1	0.000000
1398	3	1	0.000000
1399	4	1	0.000000
1400	3	1	0.000000
1401	3	1	0.000000
1402	3	1	0.000000
1403	3	1	0.000000
1404	2	0	0.000000
1405	2	0	0.000000
1406	2	0	0.000000
1407	2	0	0.000000
1408	2	0	0.000000
1409	2	0	0.000000
1410	2	0	0.000000
1411	2	0	0.000000
1412	2	0	0.000000
1413	2	0	0.000000
1414	2	0	0.000000
1415	3	1	0.000000
1416	3	1	0.000000
1417	3	1	0.000000
1418	3	1	0.000000
1419	3	1	0.000000
1420	3	1	0.000000
1421	4	1	0.000000
1422	4	1	0.000000
1423	3	1	0.000000
1424	3	1	0.000000
1425	3	1	0.000000
1426	3	1	0.000000
1427	3	1	0.000000
1428	2	0	0.000000
1429	2	0	0.000000
1430	2	0	0.000000
1431	2	0	0.000000
1432	2	0	0.000000
1433	2	0	0.000000
1434	2	0	0.000000
1435	2	0	0.000000
1436	2	0	0.000000
1437	2	0	0.000000
1438	2	0	0.000000
1439	2	0	0.000000
1440	2	0	0.000000
1441	2	0	0.000000
1442	2	1	0.000000
1443	2	0	0.000000
1444	2	0	0.000000
1445	2	0	0.000000
1446	2	0	0.000000
1447	2	0	0.000000
1448	2	0	0.000000
1449	2	0	0.000000
1450	2	0	0.000000
1451	2	1	0.000000
1452	2	0	0.000000
1453	3	1	0.000000
1454	4	1	0.000000
1455	4	1	0.000000
1456	4	1	0.000000
1457	4	1	0.000000
1458	5	1	0.000000
1459	5	1	0.000000
1460	5	1	0.000000
1461	5	1	0.000000
1462	5	1	0.000000
1463	5	1	0.000000
1464	5	1	0.000000
1465	5	1	0.000000
1466	5	1	0.000000
1467	5	1	0.000000
1468	5	1	0.000000
1469	5	1	0.000000
1470	5	1	0.000000
1471	5	0	0.000000
1472	5	1	0.000000
1473	5	1	0.000000
1474	5	0	0.000000
1475	5	0	0.000000
1476	5	1	0.000000
1477	5	1	0.000000
1478	5	1	0.000000
1479	5	1	0.000000
1480	5	1	0.000000
1481	5	1	0.000000
1482	5	1	0.000000
1483	5	1	0.000000
1484	5	1	0.000000
1485	5	1	0.000000
1486	5	1	0.000000
1487	5	0	0.000000
1488	5	1	0.000000
1489	5	1	0.000000
1490	5	1	0.000000
1491	5	1	0.000000
1492	5	1	0.000000
1493	5	1	0.000000
1494	5	1	0.000000
1495	5	1	0.000000
1496	5	1	0.000000
1497	5	1	0.000000
1498	5	1	0.000000
1499	5	1	0.000000
1500	5	1	0.000000
1501	5	1	0.000000
1502	5	1	0.000000
1503	5	1	0.000000
1504	5	1	0.000000
1505	5	1	0.000000
1506	5	1	0.000000
1507	5	1	0.000000
1508	5	1	0.000000
1509	5	1	0.000000
1510	5	0	0.000000
1511	5	1	0.000000
1512	5	1	0.000000
1513	5	1	0.000000
1514	5	1	0.000000
1515	5	1	0.000000
1516	5	1	0.000000
1517	5	1	0.000000
1518	5	1	0.000000
1519	5	1	0.000000
1520	5	1	0.000000
1521	5	0	0.000000
1522	5	1	0.000000
1523	5	1	0.000000
1524	5	1	0.000000
1525	5	1	0.000000
1526	5	1	0.000000
1527	5	1	0.000000
1528	5	1	0.000000
1529	5	1	0.000000
1530	5	1	0.000000
1531	5	1	0.000000
1532	5	1	0.000000
1533	5	1	0.000000
1534	5	1	0.000000
1535	5	1	0.000000
1536	5	1	0.000000
1537	5	1	0.000000
1538	5	1	0.000000
1539	5	1	0.000000
1540	5	1	0.000000
1541	5	1	0.000000
1542	5	1	0.000000
1543	5	1	0.000000
1544	5	1	0.000000
1545	5	1	0.000000
1546	5	1	0.000000
1547	5	1	0.000000
1548	5	1	0.000000
1549	5	1	0.000000
1550	5	1	0.000000
1551	5	1	0.000000
1552	5	1	0.000000
1553	5	1	0.000000
1554	5	1	0.000000
1555	5	1	0.000000
1556	5	1	0.000000
1557	4	1	0.000000
1558	4	1	0.000000
1559	4	1	0.000000
1560	4	1	0.000000
1561	4	1	0.000000
1562	4	1	0.000000
1563	4	1	0.000000
1564	4	1	0.000000
1565	4	1	0.000000
1566	4	1	0.000000
1567	4	1	0.000000
1568	4	1	0.000000
1569	4	1	0.000000
1570	4	1	0.000000
1571	4	1	0.000000
1572	3	1	0.000000
1573	3	1	0.000000
1574	3	1	0.000000
1575	3	1	0.000000
1576	3	1	0.000000
1577	3	1	0.000000
1578	3	1	0.000000
1579	3	1	0.000000
1580	3	1	0.000000
1581	3	1	0.000000
1582	3	1	0.000000
1583	3	1	0.000000
1584	2	0	0.000000
1585	2	0	0.000000
1586	2	0	0.000000
1587	2	0	0.000000
1588	2	0	0.000000
1589	2	0	0.000000
1590	2	0	0.000000
1591	2	0	0.000000
1592	2	0	0.000000
1593	2	1	0.000000
1594	2	0	0.000000
1595	2	0	0.000000
1596	2	0	0.000000
1597	2	0	0.000000
1598	2	0	0.000000
1599	2	0	0.000000
1600	2	0	0.000000
1601	2	0	0.000000
1602	2	0	0.000000
1603	2	0	0.000000
1604	2	0	0.000000
1605	3	0	0.000000
1606	3	1	0.000000
1607	3	1	0.000000
1608	3	0	0.000000
1609	3	0	0.000000
1610	3	1	0.000000
1611	3	1	0.000000
1612	4	1	0.000000
1613	4	1	0.000000
1614	3	1	0.000000
1615	4	1	0.000000
1616	4	1	0.000000
1617	4	1	0.000000
1618	4	1	0.000000
1619	4	1	0.000000
1620	4	1	0.000000
1621	4	1	0.000000
1622	3	1	0.000000
1623	3	1	0.000000
1624	3	1	0.000000
1625	3	1	0.000000
1626	3	1	0.000000
1627	3	1	0.000000
1628	3	1	0.000000
1629	3	1	0.000000
1630	3	1	0.000000
1631	3	1	0.000000
1632	3	1	0.000000
1633	3	1	0.000000
1634	2	0	0.000000
1635	2	0	0.000000
1636	2	0	0.000000
1637	2	1	0.000000
1638	2	0	0.000000
1639	2	0	0.000000
1640	2	0	0.000000
1641	2	0	0.000000
1642	2	0	0.000000
1643	2	0	0.000000
1644	2	0	0.000000
1645	2	0	0.000000
1646	3	1	0.000000
1647	3	1	0.000000
1648	3	1	0.000000
1649	3	1	0.000000
1650	3	1	0.000000
1651	3	1	0.000000
1652	3	1	0.000000
1653	3	1	0.000000
1654	3	1	0.000000
1655	3	1	0.000000
1656	2	0	0.000000
1657	2	0	0.000000
1658	2	1	0.000000
1659	2	0	0.000000
1660	2	0	0.000000
1661	1	0	0.000000
1662	1	0	0.000000
1663	2	0	0.000000
1664	2	0	0.000000
1665	2	0	0.000000
1666	2	0	0.000000
1667	3	1	0.000000
1668	3	0	0.000000
1669	3	1	0.000000
1670	3	1	0.000000
1671	3	1	0.000000
1672	3	1	0.000000
1673	3	1	0.000000
1674	3	1	0.000000
1675	3	1	0.000000
1676	3	1	0.000000
1677	3	1	0.000000
1678	3	1	0.000000
1679	3	1	0.000000
1680	3	1	0.000000
1681	3	1	0.000000
1682	3	1	0.000000
1683	3	1	0.000000
1684	3	1	0.000000
1685	3	1	0.000000
1686	3	1	0.000000
1687	3	1	0.000000
1688	3	1	0.000000
1689	4	1	0.000000
1690	4	1	0.000000
1691	4	1	0.000000
1692	4	1	0.000000
1693	4	1	0.000000
1694	4	1	0.000000
1695	4	1	0.000000
1696	4	1	0.000000
1697	4	1	0.000000
1698	4	1	0.000000
1699	4	1	0.000000
1700	4	1	0.000000
1701	4	1	0.000000
1702	4	1	0.000000
1703	4	1	0.000000
1704	4	1	0.000000
1705	4	1	0.000000
1706	4	1	0.000000
1707	4	0	0.000000
1708	4	1	0.000000
1709	4	1	0.000000
1710	4	1	0.000000
1711	4	1	0.000000
1712	5	0	0.000000
1713	5	1	0.000000
1714	4	1	0.000000
1715	5	1	0.000000
1716	4	1	0.000000
1717	5	1	0.000000
1718	5	1	0.000000
1719	5	0	0.000000
1720	5	1	0.000000
1721	5	1	0.000000
1722	5	1	0.000000
1723	5	1	0.000000
1724	5	1	0.000000
1725	5	1	0.000000
1726	5	1	0.000000
1727	5	1	0.000000
1728	5	1	0.000000
1729	5	1	0.000000
1730	5	1	0.000000
1731	5	1	0.000000
1732	5	1	0.000000
1733	5	0	0.000000
1734	5	1	0.000000
1735	5	1	0.000000
1736	5	1	0.000000
1737	5	1	0.000000
1738	5	1	0.000000
1739	5	1	0.000000
1740	5	1	0.000000
1741	5	1	0.000000
1742	5	1	0.000000
1743	5	1	0.000000
1744	5	1	0.000000
1745	5	1	0.000000
1746	5	1	0.000000
1747	5	1	0.000000
1748	5	1	0.000000
1749	5	1	0.000000
1750	5	1	0.000000
1751	5	1	0.000000
1752	5	1	0.000000
1753	5	0	0.000000
1754	5	1	0.000000
1755	5	1	0.000000
1756	5	1	0.000000
1757	5	1	0.000000
1758	5	1	0.000000
1759	5	1	0.000000
1760	5	1	0.000000
1761	5	1	0.000000
1762	5	1	0.000000
1763	5	1	0.000000
1764	5	1	0.000000
1765	5	1	0.000000
1766	5	1	0.000000
1767	5	0	0.000000
1768	5	0	0.000000
1769	5	1	0.000000
1770	5	1	0.000000
1771	5	1	0.000000
1772	5	1	0.000000
1773	5	1	0.000000
1774	5	1	0.000000
1775	5	1	0.000000
1776	5	1	0.000000
1777	5	1	0.000000
1778	5	1	0.000000
1779	5	0	0.000000
1780	5	1	0.000000
1781	5	0	0.000000
1782	5	1	0.000000
1783	5	1	0.000000
1784	5	1	0.000000
1785	5	1	0.000000
1786	5	1	0.000000
1787	5	1	0.000000
1788	5	0	0.000000
1789	5	1	0.000000
1790	5	1	0.000000
1791	5	1	0.000000
1792	5	1	0.000000
1793	5	1	0.000000
1794	5	1	0.000000
1795	5	1	0.000000
1796	5	1	0.000000
1797	5	1	0.000000
1798	5	1	0.000000
1799	5	1	0.000000
1800	5	1	0.000000
1801	5	1	0.000000
1802	5	1	0.000000
1803	5	1	0.000000
1804	5	1	0.000000
1805	5	1	0.000000
1806	5	1	0.000000
1807	5	1	0.000000
1808	5	1	0.000000
1809	5	1	0.000000
1810	5	1	0.000000
1811	5	1	0.000000
1812	5	1	0.000000
1813	5	1	0.000000
1814	4	1	0.000000
1815	4	1	0.000000
1816	4	1	0.000000
1817	4	1	0.000000
1818	4	1	0.000000
1819	4	1	0.000000
1820	4	1	0.000000
1821	4	1	0.000000
1822	4	1	0.000000
1823	4	1	0.000000
1824	4	1	0.000000
1825	4	1	0.000000
1826	3	1	0.000000
1827	3	1	0.000000
1828	3	1	0.000000
1829	3	1	0.000000
1830	3	1	0.000000
1831	3	1	0.000000
1832	3	1	0.000000
1833	3	1	0.000000
1834	3	1	0.000000
1835	3	1	0.000000
1836	2	0	0.000000
1837	2	0	0.000000
1838	2	0	0.000000
1839	2	0	0.000000
1840	2	0	0.000000
1841	2	0	0.000000
1842	2	0	0.000000
1843	2	0	0.000000
1844	2	0	0.000000
1845	2	0	0.000000
1846	2	0	0.000000
1847	2	0	0.000000
1848	2	0	0.000000
1849	2	0	0.000000
1850	2	0	0.000000
1851	2	0	0.000000
1852	2	0	0.000000
1853	2	0	0.000000
1854	3	1	0.000000
1855	3	1	0.000000
1856	3	1	0.000000
1857	3	1	0.000000
1858	3	1	0.000000
1859	3	1	0.000000
1860	3	1	0.000000
1861	4	1	0.000000
1862	3	1	0.000000
1863	3	1	0.000000
1864	3	1	0.000000
1865	3	1	0.000000
1866	3	1	0.000000
1867	2	0	0.000000
1868	2	0	0.000000
1869	2	0	0.000000
1870	2	1	0.000000
1871	2	0	0.000000
1872	2	0	0.000000
1873	2	0	0.000000
1874	2	0	0.000000
1875	2	1	0.000000
1876	3	1	0.000000
1877	3	1	0.000000
1878	3	1	0.000000
1879	3	1	0.000000
1880	4	1	0.000000
1881	4	1	0.000000
1882	4	1	0.000000
1883	4	1	0.000000
1884	4	1	0.000000
1885	4	1	0.000000
1886	4	1	0.000000
1887	4	1	0.000000
1888	4	1	0.000000
1889	4	0	0.000000
1890	5	1	0.000000
1891	5	1	0.000000
1892	5	1	0.000000
1893	5	1	0.000000
1894	5	0	0.000000
1895	5	1	0.000000
1896	5	1	0.000000
1897	5	1	0.000000
1898	5	1	0.000000
1899	5	1	0.000000
1900	5	1	0.000000
1901	5	1	0.000000
1902	5	1	0.000000
1903	5	1	0.000000
1904	5	1	0.000000
1905	5	1	0.000000
1906	5	1	0.000000
1907	5	1	0.000000
1908	5	1	0.000000
1909	5	1	0.000000
1910	5	1	0.000000
1911	5	1	0.000000
1912	5	1	0.000000
1913	5	1	0.000000
1914	5	1	0.000000
1915	5	1	0.000000
1916	5	1	0.000000
1917	5	1	0.000000
1918	5	1	0.000000
1919	5	0	0.000000
1920	5	1	0.000000
1921	5	1	0.000000
1922	5	1	0.000000
1923	5	1	0.000000
1924	5	1	0.000000
1925	5	1	0.000000
1926	5	1	0.000000
1927	5	1	0.000000
1928	5	1	0.000000
1929	5	1	0.000000
1930	5	1	0.000000
1931	5	1	0.000000
1932	5	1	0.000000
1933	5	1	0.000000
1934	5	1	0.000000
1935	5	1	0.000000
1936	5	1	0.000000
1937	5	1	0.000000
1938	5	1	0.000000
1939	5	1	0.000000
1940	5	1	0.000000
1941	5	1	0.000000
1942	5	1	0.000000
1943	5	1	0.000000
1944	5	1	0.000000
1945	5	1	0.000000
1946	5	1	0.000000
1947	5	1	0.000000
1948	5	1	0.000000
1949	5	1	0.000000
1950	5	1	0.000000
1951	5	1	0.000000
1952	5	1	0.000000
1953	5	1	0.000000
1954	5	1	0.000000
1955	5	1	0.000000
1956	5	1	0.000000
1957	5	1	0.000000
1958	5	1	0.000000
1959	5	1	0.000000
1960	5	1	0.000000
1961	5	1	0.000000
1962	5	1	0.000000
1963	5	1	0.000000
1964	5	1	0.000000
1965	5	1	0.000000
1966	5	1	0.000000
1967	5	1	0.000000
1968	5	1	0.000000
1969	5	1	0.000000
1970	5	0	0.000000
1971	5	1	0.000000
1972	5	1	0.000000
1973	5	1	0.000000
1974	5	1	0.000000
1975	5	1	0.000000
1976	5	1	0.000000
1977	5	0	0.000000
1978	5	1	0.000000
1979	5	1	0.000000
1980	5	0	0.000000
1981	5	1	0.000000
1982	5	1	0.000000
1983	5	1	0.000000
1984	5	1	0.000000
1985	5	1	0.000000
1986	5	1	0.000000
1987	5	1	0.000000
1988	5	1	0.000000
1989	5	1	0.000000
1990	5	1	0.000000
1991	5	1	0.000000
1992	5	1	0.000000
1993	5	1	0.000000
1994	4	1	0.000000
1995	4	1	0.000000
1996	5	1	0.000000
1997	4	1	0.000000
1998	4	1	0.000000
1999	4	1	0.000000
2000	5	1	0.000000
2001	5	1	0.000000
2002	5	1	0.000000
2003	4	1	0.000000
2004	4	1	0.000000
2005	4	1	0.000000
2006	4	1	0.000000
2007	4	1	0.000000
2008	4	1	0.000000
2009	4	1	0.000000
2010	4	1	0.000000
2011	4	1	0.000000
2012	4	1	0.000000
2013	4	1	0.000000
2014	4	1	0.000000
2015	4	1	0.000000
2016	4	1	0.000000
2017	4	1	0.000000
2018	4	1	0.000000
2019	4	1	0.000000
2020	4	1	0.000000
2021	4	1	0.000000
2022	4	1	0.000000
2023	4	1	0.000000
2024	3	1	0.000000
2025	3	1	0.000000
2026	3	1	0.000000
2027	3	0	0.000000
2028	3	1	0.000000
2029	3	1	0.000000
2030	3	1	0.000000
2031	3	1	0.000000
2032	3	1	0.000000
2033	3	1	0.000000
2034	3	1	0.000000
2035	3	1	0.000000
2036	3	1	0.000000
2037	3	1	0.000000
2038	2	0	0.000000
2039	2	0	0.000000
2040	2	0	0.000000
2041	2	0	0.000000
2042	2	0	0.000000
2043	2	0	0.000000
2044	2	0	0.000000
2045	2	0	0.000000
2046	2	0	0.000000
2047	2	0	0.000000
2048	2	0	0.000000
2049	2	0	0.000000
2050	2	1	0.000000
2051	2	0	0.000000
2052	2	0	0.000000
2053	2	0	0.000000
2054	2	0	0.000000
2055	2	1	0.000000
2056	2	0	0.000000
2057	2	0	0.000000
2058	2	0	0.000000
2059	3	1	0.000000
2060	3	1	0.000000
2061	3	0	0.000000
2062	3	1	0.000000
2063	3	1	0.000000
2064	3	1	0.000000
2065	3	1	0.000000
2066	3	1	0.000000
2067	3	1	0.000000
2068	3	1	0.000000
2069	3	1	0.000000
2070	3	1	0.000000
2071	3	1	0.000000
2072	2	0	0.000000
2073	2	0	0.000000
2074	2	0	0.000000
2075	2	0	0.000000
2076	2	0	0.000000
2077	2	0	0.000000
2078	2	1	0.000000
2079	2	0	0.000000
2080	2	0	0.000000
2081	2	0	0.000000
2082	2	0	0.000000
2083	2	0	0.000000
2084	2	0	0.000000
2085	2	0	0.000000
2086	2	0	0.000000
2087	2	0	0.000000
2088	2	0	0.000000
2089	1	0	0.000000
2090	1	0	0.000000
2091	2	0	0.000000
2092	2	0	0.000000
2093	2	0	0.000000
2094	1	0	0.000000
2095	2	0	0.000000
2096	1	0	0.000000
2097	1	0	0.000000
2098	1	0	0.000000
2099	1	0	0.000000
2100	1	0	0.000000
2101	1	0	0.000000
2102	1	0	0.000000
2103	1	0	0.000000
2104	2	0	0.000000
2105	2	0	0.000000
2106	2	0	0.000000
2107	2	0	0.000000
2108	2	0	0.000000
2109	2	0	0.000000
2110	2	0	0.000000
2111	2	0	0.000000
2112	2	0	0.000000
2113	2	0	0.000000
2114	2	0	0.000000
2115	2	1	0.000000
2116	1	0	0.000000
2117	2	0	0.000000
2118	2	0	0.000000
2119	1	0	0.000000
2120	1	0	0.000000
2121	1	0	0.000000
2122	1	1	0.000000
2123	1	0	0.000000
2124	1	0	0.000000
2125	1	0	0.000000
2126	1	0	0.000000
2127	1	0	0.000000
2128	1	0	0.000000
2129	1	0	0.000000
2130	1	0	0.000000
2131	1	0	0.000000
2132	1	0	0.000000
2133	1	0	0.000000
2134	1	0	0.000000
2135	1	0	0.000000
2136	1	0	0.000000
2137	1	0	0.000000
2138	1	0	0.000000
2139	1	1	0.000000
2140	1	0	0.000000
2141	1	0	0.000000
2142	1	0	0.000000
2143	1	0	0.000000
2144	1	0	0.000000
2145	1	0	0.000000
2146	2	0	0.000000
2147	2	1	0.000000
2148	2	0	0.000000
2149	2	0	0.000000
2150	2	0	0.000000
2151	2	0	0.000000
2152	2	0	0.000000
2153	2	0	0.000000
2154	2	0	0.000000
2155	2	0	0.000000
2156	2	0	0.000000
2157	2	0	0.000000
2158	2	0	0.000000
2159	2	1	0.000000
2160	2	0	0.000000
2161	2	0	0.000000
2162	2	0	0.000000
2163	3	1	0.000000
2164	3	1	0.000000
2165	3	1	0.000000
2166	3	1	0.000000
2167	3	1	0.000000
2168	3	1	0.000000
2169	3	1	0.000000
2170	3	1	0.000000
2171	3	1	0.000000
2172	3	1	0.000000
2173	3	1	0.000000
2174	3	1	0.000000
2175	3	1	0.000000
2176	2	0	0.000000
2177	2	0	0.000000
2178	2	0	0.000000
2179	2	0	0.000000
2180	2	0	0.000000
2181	2	0	0.000000
2182	2	0	0.000000
2183	2	0	0.000000
2184	2	0	0.000000
2185	2	0	0.000000
2186	2	0	0.000000
2187	2	0	0.000000
2188	1	0	0.000000
2189	1	0	0.000000
2190	1	0	0.000000
2191	1	0	0.000000
2192	1	0	0.000000
2193	1	0	0.000000
2194	1	0	0.000000
2195	1	0	0.000000
2196	1	0	0.000000
2197	2	0	0.000000
2198	2	0	0.000000
2199	2	0	0.000000
2200	2	0	0.000000
2201	2	0	0.000000
2202	2	0	0.000000
2203	2	0	0.000000
2204	2	0	0.000000
2205	2	0	0.000000
2206	2	0	0.000000
2207	2	0	0.000000
2208	2	0	0.000000
2209	2	0	0.000000
2210	2	0	0.000000
2211	2	0	0.000000
2212	1	0	0.000000
2213	1	0	0.000000
2214	1	0	0.000000
2215	1	0	0.000000
2216	1	0	0.000000
2217	1	0	0.000000
2218	1	0	0.000000
2219	1	0	0.000000
2220	1	0	0.000000
2221	1	0	0.000000
2222	1	0	0.000000
2223	1	0	0.000000
2224	1	0	0.000000
2225	1	0	0.000000
2226	1	0	0.000000
2227	1	0	0.000000
2228	1	0	0.000000
2229	1	0	0.000000
2230	1	0	0.000000
2231	1	0	0.000000
2232	1	0	0.000000
2233	1	0	0.000000
2234	1	0	0.000000
2235	1	0	0.000000
2236	1	1	0.000000
2237	1	0	0.000000
2238	2	0	0.000000
2239	2	1	0.000000
2240	2	0	0.000000
2241	2	0	0.000000
2242	2	0	0.000000
2243	1	1	0.000000
2244	1	0	0.000000
2245	1	0	0.000000
2246	1	0	0.000000
2247	1	0	0.000000
2248	1	0	0.000000
2249	1	0	0.000000
2250	1	0	0.000000
2251	1	0	0.000000
2252	1	0	0.000000
2253	1	0	0.000000
2254	1	0	0.000000
2255	1	0	0.000000
2256	1	0	0.000000
2257	1	0	0.000000
2258	1	0	0.000000
2259	1	0	0.000000
2260	1	0	0.000000
2261	1	0	0.000000
2262	1	0	0.000000
2263	1	0	0.000000
2264	1	0	0.000000
2265	1	0	0.000000
2266	1	0	0.000000
2267	1	0	0.000000
2268	1	0	0.000000
2269	1	0	0.000000
2270	1	0	0.000000
2271	1	0	0.000000
2272	1	0	0.000000
2273	1	0	0.000000
2274	1	0	0.000000
2275	1	0	0.000000
2276	1	1	0.000000
2277	1	0	0.000000
2278	1	0	0.000000
2279	1	0	0.000000
2280	1	0	0.000000
2281	1	0	0.000000
2282	1	0	0.000000
2283	1	0	0.000000
2284	1	0	0.000000
2285	1	1	0.000000
2286	1	0	0.000000
2287	1	0	0.000000
2288	1	0	0.000000
2289	1	0	0.000000
2290	1	0	0.000000
2291	1	0	0.000000
2292	1	0	0.000000
2293	1	0	0.000000
2294	1	0	0.000000
2295	1	0	0.000000
2296	1	0	0.000000
2297	1	0	0.000000
2298	1	0	0.000000
2299	1	0	0.000000
2300	1	0	0.000000
2301	1	0	0.000000
2302	1	0	0.000000
2303	1	0	0.000000
2304	1	0	0.000000
2305	1	0	0.000000
2306	1	0	0.000000
2307	1	0	0.000000
2308	1	0	0.000000
2309	1	0	0.000000
2310	1	0	0.000000
2311	1	0	0.000000
2312	1	0	0.000000
2313	1	0	0.000000
2314	1	0	0.000000
2315	1	0	0.000000
2316	1	0	0.000000
2317	1	0	0.000000
2318	1	0	0.000000
2319	1	0	0.000000
2320	1	0	0.000000
2321	1	1	0.000000
2322	1	0	0.000000
2323	1	0	0.000000
2324	1	0	0.000000
2325	1	0	0.000000
2326	1	0	0.000000
2327	1	0	0.000000
2328	1	0	0.000000
2329	1	0	0.000000
2330	1	0	0.000000
2331	1	0	0.000000
2332	1	0	0.000000
2333	1	0	0.000000
2334	1	0	0.000000
2335	1	0	0.000000
2336	1	0	0.000000
2337	1	0	0.000000
2338	1	0	0.000000
2339	1	0	0.000000
2340	1	0	0.000000
2341	1	0	0.000000
2342	1	0	0.000000
2343	1	0	0.000000
2344	1	1	0.000000
2345	1	0	0.000000
2346	1	0	0.000000
2347	1	0	0.000000
2348	1	0	0.000000
2349	1	0	0.000000
2350	1	0	0.000000
2351	1	0	0.000000
2352	1	0	0.000000
2353	1	0	0.000000
2354	1	0	0.000000
2355	1	0	0.000000
2356	1	1	0.000000
2357	1	0	0.000000
2358	1	0	0.000000
2359	1	0	0.000000
2360	1	0	0.000000
2361	1	0	0.000000
2362	1	0	0.000000
2363	1	0	0.000000
2364	1	0	0.000000
2365	1	0	0.000000
2366	1	0	0.000000
2367	1	0	0.000000
2368	1	0	0.000000
2369	1	0	0.000000
2370	1	0	0.000000
2371	1	0	0.000000
2372	1	0	0.000000
2373	1	0	0.000000
2374	1	0	0.000000
2375	1	0	0.000000
2376	1	0	0.000000
2377	1	0	0.000000
2378	1	0	0.000000
2379	1	0	0.000000
2380	1	0	0.000000
2381	1	0	0.000000
2382	1	0	0.000000
2383	1	1	0.000000
2384	1	0	0.000000
2385	1	0	0.000000
2386	1	0	0.000000
2387	1	0	0.000000
2388	1	0	0.000000
2389	1	0	0.000000
2390	1	0	0.000000
2391	1	0	0.000000
2392	1	0	0.000000
2393	1	0	0.000000
2394	1	0	0.000000
2395	1	0	0.000000
2396	1	0	0.000000
2397	1	0	0.000000
2398	1	0	0.000000
2399	1	0	0.000000
2400	1	0	0.000000
2401	1	0	0.000000
2402	1	0	0.000000
2403	1	0	0.000000
2404	2	0	0.000000
2405	2	0	0.000000
2406	2	0	0.000000
2407	2	0	0.000000
2408	2	0	0.000000
2409	2	0	0.000000
2410	2	0	0.000000
2411	3	1	0.000000
2412	3	1	0.000000
2413	3	1	0.000000
2414	3	1	0.000000
2415	3	1	0.000000
2416	4	1	0.000000
2417	4	1	0.000000
2418	4	1	0.000000
2419	4	1	0.000000
2420	4	1	0.000000
2421	4	1	0.000000
2422	4	1	0.000000
2423	4	1	0.000000
2424	4	1	0.000000
2425	4	1	0.000000
2426	4	1	0.000000
2427	4	1	0.000000
2428	4	1	0.000000
2429	4	1	0.000000
2430	4	1	0.000000
2431	4	1	0.000000
2432	4	1	0.000000
2433	4	1	0.000000
2434	4	1	0.000000
2435	3	1	0.000000
2436	3	1	0.000000
2437	3	1	0.000000
2438	3	1	0.000000
2439	3	1	0.000000
2440	3	1	0.000000
2441	3	1	0.000000
2442	3	1	0.000000
2443	3	1	0.000000
2444	3	1	0.000000
2445	3	1	0.000000
2446	3	1	0.000000
2447	3	1	0.000000
2448	3	1	0.000000
2449	3	0	0.000000
2450	3	1	0.000000
2451	3	1	0.000000
2452	3	1	0.000000
2453	3	1	0.000000
2454	3	1	0.000000
2455	3	1	0.000000
2456	3	1	0.000000
2457	3	1	0.000000
2458	3	1	0.000000
2459	3	1	0.000000
2460	3	1	0.000000
2461	3	1	0.000000
2462	3	1	0.000000
2463	3	1	0.000000
2464	3	1	0.000000
2465	3	1	0.000000
2466	3	0	0.000000
2467	2	0	0.000000
2468	2	0	0.000000
2469	2	0	0.000000
2470	2	0	0.000000
2471	2	0	0.000000
2472	2	0	0.000000
2473	2	0	0.000000
2474	2	0	0.000000
2475	2	0	0.000000
2476	2	0	0.000000
2477	2	0	0.000000
2478	2	0	0.000000
2479	2	0	0.000000
2480	3	1	0.000000
2481	3	1	0.000000
2482	3	1	0.000000
2483	3	1	0.000000
2484	3	0	0.000000
2485	3	1	0.000000
2486	4	1	0.000000
2487	4	1	0.000000
2488	4	1	0.000000
2489	4	1	0.000000
2490	3	1	0.000000
2491	3	1	0.000000
2492	3	1	0.000000
2493	3	1	0.000000
2494	3	1	0.000000
2495	3	1	0.000000
2496	3	1	0.000000
2497	3	1	0.000000
2498	3	1	0.000000
2499	3	0	0.000000
2500	3	1	0.000000
2501	3	1	0.000000
2502	3	1	0.000000
2503	3	1	0.000000
2504	3	1	0.000000
2505	3	0	0.000000
2506	3	1	0.000000
2507	3	1	0.000000
2508	3	1	0.000000
2509	3	1	0.000000
2510	3	1	0.000000
2511	2	0	0.000000
2512	2	0	0.000000
2513	2	0	0.000000
2514	2	0	0.000000
2515	2	0	0.000000
2516	2	0	0.000000
2517	2	0	0.000000
2518	2	0	0.000000
2519	2	0	0.000000
2520	2	0	0.000000
2521	2	0	0.000000
2522	3	1	0.000000
2523	3	1	0.000000
2524	3	1	0.000000
2525	3	1	0.000000
2526	4	1	0.000000
2527	4	1	0.000000
2528	4	0	0.000000
2529	4	1	0.000000
2530	4	1	0.000000
2531	4	1	0.000000
2532	4	1	0.000000
2533	4	0	0.000000
2534	4	1	0.000000
2535	3	1	0.000000
2536	3	1	0.000000
2537	3	1	0.000000
2538	3	1	0.000000
2539	3	1	0.000000
2540	3	1	0.000000
2541	3	1	0.000000
2542	3	1	0.000000
2543	3	1	0.000000
2544	3	1	0.000000
2545	3	1	0.000000
2546	3	1	0.000000
2547	2	0	0.000000
2548	2	0	0.000000
2549	2	0	0.000000
2550	2	0	0.000000
2551	2	0	0.000000
2552	2	0	0.000000
2553	2	0	0.000000
2554	2	0	0.000000
2555	2	0	0.000000
2556	2	0	0.000000
2557	3	1	0.000000
2558	3	1	0.000000
2559	3	1	0.000000
2560	3	1	0.000000
2561	3	1	0.000000
2562	4	1	0.000000
2563	4	1	0.000000
2564	4	1	0.000000
2565	4	1	0.000000
2566	3	1	0.000000
2567	3	1	0.000000
2568	3	1	0.000000
2569	3	1	0.000000
2570	3	1	0.000000
2571	3	1	0.000000
2572	3	1	0.000000
2573	3	1	0.000000
2574	3	1	0.000000
2575	3	1	0.000000
2576	3	1	0.000000
2577	2	0	0.000000
2578	2	0	0.000000
2579	2	0	0.000000
2580	2	0	0.000000
2581	2	0	0.000000
2582	2	0	0.000000
2583	2	0	0.000000
2584	2	0	0.000000
2585	2	0	0.000000
2586	2	0	0.000000
2587	2	0	0.000000
2588	2	0	0.000000
2589	3	1	0.000000
2590	3	1	0.000000
2591	3	1	0.000000
2592	3	1	0.000000
2593	3	1	0.000000
2594	4	1	0.000000
2595	4	1	0.000000
2596	4	1	0.000000
2597	4	1	0.000000
2598	4	0	0.000000
2599	4	1	0.000000
2600	3	1	0.000000
2601	3	1	0.000000
2602	3	1	0.000000
2603	3	1	0.000000
2604	3	1	0.000000
2605	3	1	0.000000
2606	3	1	0.000000
2607	3	1	0.000000
2608	3	1	0.000000
2609	3	1	0.000000
2610	3	1	0.000000
2611	3	1	0.000000
2612	3	1	0.000000
2613	3	1	0.000000
2614	3	1	0.000000
2615	3	1	0.000000
2616	3	1	0.000000
2617	4	1	0.000000
2618	4	1	0.000000
2619	4	1	0.000000
2620	4	1	0.000000
2621	4	1	0.000000
2622	4	1	0.000000
2623	4	1	0.000000
2624	4	1	0.000000
2625	4	1	0.000000
2626	5	1	0.000000
2627	5	1	0.000000
2628	5	1	0.000000
2629	5	1	0.000000
2630	5	1	0.000000
2631	5	1	0.000000
2632	5	1	0.000000
2633	5	1	0.000000
2634	5	1	0.000000
2635	5	1	0.000000
2636	5	1	0.000000
2637	5	1	0.000000
2638	5	1	0.000000
2639	5	1	0.000000
2640	5	1	0.000000
2641	5	1	0.000000
2642	5	1	0.000000
2643	5	1	0.000000
2644	5	0	0.000000
2645	5	0	0.000000
2646	5	0	0.000000
2647	5	1	0.000000
2648	5	1	0.000000
2649	5	1	0.000000
2650	5	1	0.000000
2651	5	1	0.000000
2652	5	1	0.000000
2653	5	1	0.000000
2654	5	0	0.000000
2655	5	0	0.000000
2656	5	1	0.000000
2657	5	1	0.000000
2658	5	1	0.000000
2659	5	1	0.000000
2660	5	1	0.000000
2661	5	1	0.000000
2662	5	1	0.000000
2663	5	1	0.000000
2664	5	1	0.000000
2665	5	1	0.000000
2666	5	0	0.000000
2667	5	1	0.000000
2668	5	1	0.000000
2669	5	0	0.000000
2670	5	1	0.000000
2671	5	0	0.000000
2672	5	1	0.000000
2673	5	1	0.000000
2674	5	0	0.000000
2675	5	1	0.000000
2676	5	1	0.000000
2677	5	1	0.000000
2678	5	1	0.000000
2679	5	1	0.000000
2680	5	0	0.000000
2681	5	1	0.000000
2682	5	1	0.000000
2683	5	1	0.000000
2684	5	1	0.000000
2685	5	1	0.000000
2686	5	1	0.000000
2687	5	1	0.000000
2688	5	0	0.000000
2689	5	1	0.000000
2690	5	1	0.000000
2691	5	1	0.000000
2692	5	1	0.000000
2693	5	1	0.000000
2694	5	1	0.000000
2695	5	1	0.000000
2696	5	1	0.000000
2697	5	1	0.000000
2698	5	1	0.000000
2699	5	1	0.000000
2700	5	1	0.000000
2701	5	1	0.000000
2702	5	1	0.000000
2703	5	1	0.000000
2704	5	1	0.000000
2705	5	1	0.000000
2706	5	1	0.000000
2707	5	1	0.000000
2708	5	1	0.000000
2709	5	1	0.000000
2710	5	1	0.000000
2711	5	1	0.000000
2712	5	1	0.000000
2713	5	1	0.000000
2714	5	0	0.000000
2715	5	1	0.000000
2716	5	1	0.000000
2717	5	1	0.000000
2718	5	1	0.000000
2719	5	1	0.000000
2720	5	1	0.000000
2721	5	1	0.000000
2722	5	1	0.000000
2723	5	1	0.000000
2724	5	1	0.000000
2725	5	1	0.000000
2726	5	1	0.000000
2727	5	1	0.000000
2728	5	1	0.000000
2729	5	1	0.000000
2730	5	0	0.000000
2731	5	1	0.000000
2732	5	1	0.000000
2733	5	1	0.000000
2734	5	1	0.000000
2735	5	1	0.000000
2736	5	1	0.000000
2737	5	1	0.000000
2738	5	1	0.000000
2739	5	1	0.000000
2740	5	1	0.000000
2741	5	1	0.000000
2742	5	1	0.000000
2743	5	1	0.000000
2744	5	1	0.000000
2745	5	1	0.000000
2746	5	1	0.000000
2747	5	1	0.000000
2748	5	1	0.000000
2749	5	1	0.000000
2750	5	1	0.000000
2751	5	1	0.000000
2752	5	1	0.000000
2753	5	1	0.000000
2754	5	1	0.000000
2755	5	1	0.000000
2756	5	1	0.000000
2757	5	1	0.000000
2758	5	1	0.000000
2759	5	1	0.000000
2760	5	1	0.000000
2761	5	1	0.000000
2762	5	1	0.000000
2763	5	1	0.000000
2764	5	1	0.000000
2765	5	1	0.000000
2766	5	1	0.000000
2767	5	1	0.000000
2768	5	1	0.000000
2769	5	1	0.000000
2770	5	0	0.000000
2771	5	1	0.000000
2772	5	1	0.000000
2773	5	1	0.000000
2774	5	1	0.000000
2775	5	1	0.000000
2776	5	1	0.000000
2777	5	1	0.000000
2778	5	0	0.000000
2779	5	1	0.000000
2780	5	1	0.000000
2781	5	1	0.000000
2782	5	1	0.000000
2783	5	1	0.000000
2784	5	1	0.000000
2785	5	1	0.000000
2786	5	1	0.000000
2787	5	1	0.000000
2788	5	1	0.000000
2789	5	1	0.000000
2790	5	1	0.000000
2791	5	1	0.000000
2792	5	1	0.000000
2793	5	1	0.000000
2794	5	1	0.000000
2795	5	1	0.000000
2796	5	1	0.000000
2797	5	1	0.000000
2798	5	1	0.000000
2799	5	1	0.000000
2800	5	1	0.000000
2801	5	1	0.000000
2802	5	1	0.000000
2803	5	1	0.000000
2804	5	1	0.000000
2805	5	1	0.000000
2806	5	1	0.000000
2807	5	1	0.000000
2808	5	0	0.000000
2809	5	1	0.000000
2810	5	1	0.000000
2811	5	1	0.000000
2812	5	1	0.000000
2813	5	1	0.000000
2814	5	1	0.000000
2815	5	1	0.000000
2816	5	1	0.000000
2817	5	1	0.000000
2818	5	1	0.000000
2819	5	1	0.000000
2820	5	1	0.000000
2821	5	1	0.000000
2822	5	1	0.000000
2823	5	1	0.000000
2824	5	1	0.000000
2825	5	1	0.000000
2826	5	1	0.000000
2827	5	1	0.000000
2828	5	1	0.000000
2829	5	1	0.000000
2830	5	1	0.000000
2831	5	1	0.000000
2832	5	1	0.000000
2833	5	1	0.000000
2834	5	1	0.000000
2835	5	1	0.000000
2836	5	1	0.000000
2837	5	1	0.000000
2838	5	0	0.000000
2839	5	1	0.000000
2840	5	1	0.000000
2841	5	1	0.000000
2842	5	1	0.000000
2843	5	1	0.000000
2844	5	1	0.000000
2845	5	1	0.000000
2846	5	1	0.000000
2847	5	1	0.000000
2848	5	0	0.000000
2849	5	1	0.000000
2850	5	1	0.000000
2851	5	1	0.000000
2852	5	1	0.000000
2853	5	0	0.000000
2854	5	1	0.000000
2855	5	1	0.000000
2856	5	1	0.000000
2857	5	1	0.000000
2858	5	1	0.000000
2859	5	0	0.000000
2860	5	1	0.000000
2861	5	1	0.000000
2862	5	1	0.000000
2863	5	1	0.000000
2864	5	1	0.000000
2865	5	1	0.000000
2866	5	1	0.000000
2867	5	1	0.000000
2868	5	1	0.000000
2869	5	1	0.000000
2870	5	1	0.000000
2871	5	1	0.000000
2872	5	1	0.000000
2873	5	1	0.000000
2874	5	1	0.000000
2875	5	1	0.000000
2876	4	1	0.000000
2877	4	1	0.000000
2878	4	1	0.000000
2879	4	1	0.000000
2880	4	1	0.000000
2881	4	1	0.000000
2882	4	0	0.000000
2883	4	1	0.000000
2884	4	1	0.000000
2885	4	1	0.000000
2886	3	1	0.000000
2887	3	1	0.000000
2888	3	1	0.000000
2889	3	1	0.000000
2890	3	1	0.000000
2891	3	1	0.000000
2892	3	1	0.000000
2893	3	1	0.000000
2894	3	1	0.000000
2895	3	1	0.000000
2896	2	0	0.000000
2897	2	0	0.000000
2898	2	0	0.000000
2899	2	0	0.000000
2900	2	0	0.000000
2901	2	0	0.000000
2902	2	0	0.000000
2903	2	1	0.000000
2904	2	0	0.000000
2905	2	0	0.000000
2906	2	0	0.000000
2907	2	0	0.000000
2908	2	0	0.000000
2909	2	0	0.000000
2910	2	0	0.000000
2911	2	0	0.000000
2912	2	0	0.000000
2913	2	0	0.000000
2914	2	0	0.000000
2915	2	0	0.000000
2916	2	0	0.000000
2917	2	1	0.000000
2918	2	0	0.000000
2919	2	0	0.000000
2920	2	0	0.000000
2921	2	0	0.000000
2922	3	1	0.000000
2923	3	1	0.000000
2924	3	1	0.000000
2925	3	1	0.000000
2926	3	0	0.000000
2927	3	1	0.000000
2928	3	1	0.000000
2929	3	1	0.000000
2930	3	1	0.000000
2931	3	1	0.000000
2932	3	1	0.000000
2933	3	1	0.000000
2934	3	1	0.000000
2935	3	1	0.000000
2936	2	0	0.000000
2937	2	1	0.000000
2938	2	0	0.000000
2939	2	0	0.000000
2940	2	0	0.000000
2941	2	0	0.000000
2942	2	0	0.000000
2943	2	0	0.000000
2944	2	0	0.000000
2945	2	0	0.000000
2946	2	0	0.000000
2947	2	0	0.000000
2948	2	0	0.000000
2949	2	0	0.000000
2950	2	0	0.000000
2951	2	0	0.000000
2952	3	0	0.000000
2953	3	1	0.000000
2954	3	1	0.000000
2955	3	1	0.000000
2956	3	1	0.000000
2957	3	1	0.000000
2958	3	1	0.000000
2959	3	1	0.000000
2960	3	1	0.000000
2961	3	1	0.000000
2962	3	1	0.000000
2963	3	1	0.000000
2964	3	1	0.000000
2965	3	1	0.000000
2966	2	0	0.000000
2967	2	0	0.000000
2968	2	0	0.000000
2969	2	0	0.000000
2970	2	0	0.000000
2971	2	0	0.000000
2972	2	0	0.000000
2973	2	0	0.000000
2974	2	0	0.000000
2975	2	0	0.000000
2976	2	0	0.000000
2977	2	0	0.000000
2978	2	0	0.000000
2979	2	0	0.000000
2980	2	0	0.000000
2981	2	0	0.000000
2982	2	0	0.000000
2983	2	0	0.000000
2984	3	1	0.000000
2985	3	1	0.000000
2986	3	1	0.000000
2987	3	1	0.000000
2988	3	1	0.000000
2989	3	1	0.000000
2990	3	1	0.000000
2991	3	1	0.000000
2992	3	1	0.000000
2993	3	1	0.000000
2994	3	1	0.000000
2995	3	1	0.000000
2996	3	1	0.000000
2997	3	1	0.000000
2998	3	1	0.000000
2999	3	1	0.000000
3000	2	0	0.000000
3001	2	0	0.000000
3002	2	0	0.000000
3003	2	0	0.000000
3004	2	0	0.000000
3005	2	0	0.000000
3006	2	0	0.000000
3007	2	0	0.000000
3008	2	0	0.000000
3009	2	0	0.000000
3010	2	0	0.000000
3011	2	0	0.000000
3012	2	0	0.000000
3013	3	1	0.000000
3014	3	0	0.000000
3015	3	1	0.000000
3016	3	1	0.000000
3017	3	1	0.000000
3018	3	1	0.000000
3019	3	1	0.000000
3020	3	1	0.000000
3021	3	1	0.000000
3022	3	1	0.000000
3023	3	1	0.000000
3024	3	1	0.000000
3025	3	1	0.000000
3026	3	1	0.000000
3027	3	1	0.000000
3028	2	0	0.000000
3029	2	0	0.000000
3030	2	0	0.000000
3031	2	0	0.000000
3032	2	0	0.000000
3033	1	0	0.000000
3034	1	0	0.000000
3035	1	0	0.000000
3036	2	0	0.000000
3037	2	0	0.000000
3038	2	0	0.000000
3039	2	0	0.000000
3040	2	0	0.000000
3041	2	0	0.000000
3042	2	0	0.000000
3043	3	1	0.000000
3044	3	1	0.000000
3045	3	1	0.000000
3046	3	1	0.000000
3047	4	1	0.000000
3048	4	1	0.000000
3049	4	1	0.000000
3050	4	1	0.000000
3051	3	1	0.000000
3052	3	0	0.000000
3053	3	1	0.000000
3054	3	1	0.000000
3055	3	1	0.000000
3056	2	0	0.000000
3057	2	0	0.000000
3058	2	0	0.000000
3059	2	0	0.000000
3060	2	0	0.000000
3061	2	0	0.000000
3062	2	1	0.000000
3063	2	0	0.000000
3064	2	0	0.000000
3065	2	0	0.000000
3066	2	0	0.000000
3067	3	0	0.000000
3068	3	1	0.000000
3069	3	1	0.000000
3070	3	1	0.000000
3071	3	1	0.000000
3072	3	1	0.000000
3073	3	1	0.000000
3074	3	1	0.000000
3075	3	0	0.000000
3076	3	1	0.000000
3077	3	1	0.000000
3078	3	1	0.000000
3079	3	1	0.000000
3080	2	0	0.000000
3081	2	0	0.000000
3082	2	0	0.000000
3083	2	0	0.000000
3084	2	0	0.000000
3085	2	0	0.000000
3086	2	0	0.000000
3087	2	0	0.000000
3088	2	0	0.000000
3089	3	1	0.000000
3090	3	1	0.000000
3091	3	1	0.000000
3092	3	1	0.000000
3093	3	1	0.000000
3094	3	1	0.000000
3095	3	1	0.000000
3096	3	1	0.000000
3097	3	1	0.000000
3098	3	1	0.000000
3099	3	1	0.000000
3100	3	1	0.000000
3101	2	0	0.000000
3102	2	0	0.000000
3103	2	0	0.000000
3104	2	0	0.000000
3105	2	0	0.000000
3106	2	0	0.000000
3107	2	0	0.000000
3108	2	0	0.000000
3109	2	0	0.000000
3110	2	0	0.000000
3111	2	0	0.000000
3112	2	0	0.000000
3113	2	0	0.000000
3114	2	0	0.000000
3115	2	0	0.000000
3116	3	1	0.000000
3117	3	1	0.000000
3118	3	1	0.000000
3119	3	1	0.000000
3120	3	1	0.000000
3121	3	1	0.000000
3122	4	1	0.000000
3123	3	1	0.000000
3124	3	1	0.000000
3125	3	1	0.000000
3126	3	1	0.000000
3127	3	1	0.000000
3128	3	1	0.000000
3129	3	1	0.000000
3130	3	1	0.000000
3131	2	0	0.000000
3132	2	0	0.000000
3133	2	0	0.000000
3134	2	0	0.000000
3135	2	0	0.000000
3136	2	0	0.000000
3137	2	0	0.000000
3138	2	0	0.000000
3139	2	0	0.000000
3140	2	0	0.000000
3141	2	0	0.000000
3142	2	0	0.000000
3143	2	0	0.000000
3144	2	0	0.000000
3145	2	0	0.000000
3146	3	1	0.000000
3147	3	1	0.000000
3148	3	0	0.000000
3149	3	1	0.000000
3150	3	1	0.000000
3151	3	1	0.000000
3152	3	1	0.000000
3153	3	1	0.000000
3154	3	1	0.000000
3155	3	1	0.000000
3156	3	1	0.000000
3157	3	1	0.000000
3158	3	1	0.000000
3159	3	0	0.000000
3160	3	1	0.000000
3161	3	1	0.000000
3162	2	0	0.000000
3163	2	0	0.000000
3164	2	0	0.000000
3165	2	0	0.000000
3166	2	0	0.000000
3167	2	0	0.000000
3168	2	0	0.000000
3169	2	0	0.000000
3170	2	0	0.000000
3171	2	0	0.000000
3172	2	0	0.000000
3173	3	1	0.000000
3174	3	0	0.000000
3175	3	1	0.000000
3176	3	1	0.000000
3177	3	1	0.000000
3178	3	1	0.000000
3179	3	1	0.000000
3180	3	1	0.000000
3181	3	1	0.000000
3182	3	1	0.000000
3183	3	1	0.000000
3184	3	1	0.000000
3185	3	1	0.000000
3186	3	1	0.000000
3187	2	0	0.000000
3188	2	0	0.000000
3189	2	0	0.000000
3190	2	0	0.000000
3191	2	0	0.000000
3192	2	0	0.000000
3193	2	0	0.000000
3194	2	0	0.000000
3195	2	0	0.000000
3196	2	0	0.000000
3197	2	0	0.000000
3198	2	0	0.000000
3199	2	0	0.000000
3200	2	0	0.000000
3201	3	1	0.000000
3202	3	1	0.000000
3203	3	1	0.000000
3204	3	1	0.000000
3205	3	1	0.000000
3206	3	1	0.000000
3207	3	1	0.000000
3208	3	1	0.000000
3209	3	1	0.000000
3210	3	1	0.000000
3211	3	1	0.000000
3212	3	1	0.000000
3213	2	0	0.000000
3214	2	0	0.000000
3215	2	0	0.000000
3216	2	0	0.000000
3217	2	0	0.000000
3218	2	0	0.000000
3219	2	0	0.000000
3220	2	0	0.000000
3221	2	0	0.000000
3222	2	0	0.000000
3223	2	0	0.000000
3224	2	1	0.000000
3225	3	1	0.000000
3226	3	1	0.000000
3227	3	1	0.000000
3228	3	1	0.000000
3229	3	1	0.000000
3230	3	1	0.000000
3231	3	1	0.000000
3232	3	1	0.000000
3233	3	1	0.000000
3234	3	1	0.000000
3235	2	0	0.000000
3236	2	0	0.000000
3237	2	0	0.000000
3238	2	1	0.000000
3239	2	0	0.000000
3240	2	0	0.000000
3241	2	0	0.000000
3242	2	0	0.000000
3243	2	0	0.000000
3244	2	0	0.000000
3245	2	0	0.000000
3246	2	0	0.000000
3247	2	0	0.000000
3248	2	0	0.000000
3249	2	0	0.000000
3250	2	0	0.000000
3251	2	0	0.000000
3252	2	0	0.000000
3253	2	0	0.000000
3254	2	0	0.000000
3255	2	0	0.000000
3256	2	0	0.000000
3257	2	1	0.000000
3258	2	0	0.000000
3259	2	0	0.000000
3260	2	0	0.000000
3261	2	0	0.000000
3262	2	0	0.000000
3263	2	0	0.000000
3264	2	0	0.000000
3265	3	1	0.000000
3266	3	1	0.000000
3267	3	1	0.000000
3268	3	1	0.000000
3269	4	1	0.000000
3270	4	1	0.000000
3271	5	1	0.000000
3272	5	1	0.000000
3273	5	1	0.000000
3274	5	1	0.000000
3275	5	1	0.000000
3276	5	1	0.000000
3277	5	1	0.000000
3278	5	1	0.000000
3279	5	0	0.000000
3280	5	1	0.000000
3281	5	1	0.000000
3282	5	1	0.000000
3283	5	1	0.000000
3284	5	1	0.000000
3285	5	1	0.000000
3286	5	1	0.000000
3287	5	1	0.000000
3288	5	1	0.000000
3289	5	1	0.000000
3290	5	1	0.000000
3291	5	1	0.000000
3292	5	1	0.000000
3293	5	1	0.000000
3294	5	1	0.000000
3295	5	1	0.000000
3296	5	1	0.000000
3297	5	1	0.000000
3298	5	0	0.000000
3299	5	1	0.000000
3300	6	1	0.000000
3301	6	1	0.000000
3302	5	1	0.000000
3303	5	0	0.000000
3304	5	1	0.000000
3305	5	1	0.000000
3306	5	1	0.000000
3307	5	1	0.000000
3308	5	1	0.000000
3309	5	1	0.000000
3310	5	1	0.000000
3311	5	1	0.000000
3312	5	1	0.000000
3313	5	1	0.000000
3314	5	1	0.000000
3315	5	1	0.000000
3316	5	1	0.000000
3317	5	0	0.000000
3318	5	1	0.000000
3319	5	1	0.000000
3320	5	0	0.000000
3321	5	1	0.000000
3322	5	1	0.000000
3323	5	1	0.000000
3324	5	1	0.000000
3325	5	1	0.000000
3326	5	0	0.000000
3327	5	1	0.000000
3328	5	1	0.000000
3329	5	1	0.000000
3330	5	1	0.000000
3331	5	1	0.000000
3332	5	1	0.000000
3333	5	1	0.000000
3334	5	1	0.000000
3335	5	1	0.000000
3336	5	1	0.000000
3337	5	1	0.000000
3338	5	1	0.000000
3339	5	1	0.000000
3340	5	1	0.000000
3341	5	1	0.000000
3342	5	1	0.000000
3343	5	1	0.000000
3344	5	1	0.000000
3345	5	1	0.000000
3346	5	0	0.000000
3347	5	1	0.000000
3348	5	1	0.000000
3349	5	1	0.000000
3350	5	1	0.000000
3351	5	1	0.000000
3352	5	1	0.000000
3353	5	1	0.000000
3354	5	1	0.000000
3355	5	1	0.000000
3356	5	1	0.000000
3357	5	1	0.000000
3358	5	1	0.000000
3359	5	1	0.000000
3360	5	1	0.000000
3361	5	1	0.000000
3362	5	1	0.000000
3363	5	1	0.000000
3364	5	0	0.000000
3365	5	1	0.000000
3366	5	1	0.000000
3367	5	1	0.000000
3368	5	1	0.000000
3369	5	1	0.000000
3370	5	1	0.000000
3371	5	1	0.000000
3372	5	1	0.000000
3373	5	1	0.000000
3374	5	1	0.000000
3375	5	1	0.000000
3376	5	1	0.000000
3377	5	1	0.000000
3378	5	1	0.000000
3379	5	1	0.000000
3380	5	1	0.000000
3381	5	1	0.000000
3382	5	1	0.000000
3383	5	1	0.000000
3384	5	1	0.000000
3385	5	1	0.000000
3386	5	1	0.000000
3387	5	1	0.000000
3388	5	1	0.000000
3389	5	1	0.000000
3390	5	1	0.000000
3391	5	1	0.000000
3392	5	1	0.000000
3393	5	1	0.000000
3394	5	1	0.000000
3395	5	1	0.000000
3396	5	1	0.000000
3397	5	1	0.000000
3398	5	1	0.000000
3399	5	0	0.000000
3400	5	1	0.000000
3401	5	1	0.000000
3402	5	0	0.000000
3403	5	1	0.000000
3404	5	1	0.000000
3405	5	1	0.000000
3406	5	1	0.000000
3407	5	1	0.000000
3408	5	1	0.000000
3409	5	1	0.000000
3410	5	1	0.000000
3411	5	1	0.000000
3412	5	1	0.000000
3413	5	1	0.000000
3414	5	1	0.000000
3415	5	1	0.000000
3416	5	1	0.000000
3417	5	0	0.000000
3418	5	1	0.000000
3419	5	1	0.000000
3420	5	1	0.000000
3421	5	1	0.000000
3422	5	1	0.000000
3423	5	1	0.000000
3424	5	1	0.000000
3425	5	1	0.000000
3426	5	1	0.000000
3427	5	1	0.000000
3428	5	0	0.000000
3429	5	1	0.000000
3430	5	1	0.000000
3431	5	1	0.000000
3432	5	1	0.000000
3433	5	1	0.000000
3434	5	1	0.000000
3435	5	1	0.000000
3436	5	1	0.000000
3437	5	1	0.000000
3438	5	1	0.000000
3439	5	1	0.000000
3440	5	1	0.000000
3441	5	1	0.000000
3442	5	1	0.000000
3443	5	1	0.000000
3444	5	1	0.000000
3445	5	1	0.000000
3446	5	1	0.000000
3447	5	1	0.000000
3448	5	1	0.000000
3449	5	1	0.000000
3450	5	1	0.000000
3451	5	1	0.000000
3452	5	1	0.000000
3453	5	1	0.000000
3454	5	0	0.000000
3455	5	1	0.000000
3456	5	1	0.000000
3457	5	1	0.000000
3458	5	1	0.000000
3459	5	0	0.000000
3460	5	1	0.000000
3461	5	1	0.000000
3462	6	1	0.000000
3463	6	1	0.000000
3464	6	1	0.000000
3465	6	1	0.000000
3466	6	1	0.000000
3467	5	1	0.000000
3468	5	1	0.000000
3469	5	1	0.000000
3470	5	1	0.000000
3471	5	0	0.000000
3472	5	1	0.000000
3473	5	1	0.000000
3474	5	1	0.000000
3475	5	1	0.000000
3476	5	1	0.000000
3477	5	1	0.000000
3478	5	1	0.000000
3479	5	0	0.000000
3480	5	1	0.000000
3481	5	1	0.000000
3482	5	1	0.000000
3483	6	1	0.000000
3484	5	0	0.000000
3485	6	1	0.000000
3486	6	1	0.000000
3487	6	1	0.000000
3488	6	1	0.000000
3489	5	1	0.000000
3490	5	1	0.000000
3491	5	1	0.000000
3492	5	1	0.000000
3493	5	1	0.000000
3494	5	1	0.000000
3495	5	1	0.000000
3496	6	1	0.000000
3497	5	1	0.000000
3498	5	1	0.000000
3499	5	1	0.000000
3500	5	0	0.000000
3501	5	1	0.000000
3502	5	1	0.000000
3503	5	1	0.000000
3504	5	1	0.000000
3505	5	1	0.000000
3506	5	1	0.000000
3507	5	1	0.000000
3508	5	1	0.000000
3509	5	1	0.000000
3510	6	1	0.000000
3511	5	1	0.000000
3512	6	0	0.000000
3513	5	1	0.000000
3514	5	1	0.000000
3515	5	1	0.000000
3516	5	1	0.000000
3517	5	1	0.000000
3518	5	1	0.000000
3519	5	1	0.000000
3520	5	1	0.000000
3521	5	1	0.000000
3522	5	1	0.000000
3523	5	1	0.000000
3524	5	1	0.000000
3525	5	1	0.000000
3526	5	1	0.000000
3527	5	1	0.000000
3528	5	1	0.000000
3529	5	1	0.000000
3530	5	1	0.000000
3531	5	1	0.000000
3532	5	1	0.000000
3533	5	1	0.000000
3534	5	1	0.000000
3535	5	1	0.000000
3536	5	1	0.000000
3537	5	1	0.000000
3538	5	1	0.000000
3539	5	1	0.000000
3540	5	1	0.000000
3541	5	1	0.000000
3542	5	0	0.000000
3543	5	1	0.000000
3544	5	1	0.000000
3545	5	1	0.000000
3546	5	1	0.000000
3547	5	1	0.000000
3548	5	1	0.000000
3549	5	1	0.000000
3550	5	1	0.000000
3551	5	1	0.000000
3552	5	1	0.000000
3553	5	1	0.000000
3554	5	1	0.000000
3555	5	1	0.000000
3556	5	1	0.000000
3557	5	1	0.000000
3558	5	1	0.000000
3559	5	1	0.000000
3560	4	1	0.000000
3561	4	1	0.000000
3562	4	1	0.000000
3563	4	1	0.000000
3564	4	1	0.000000
3565	4	1	0.000000
3566	3	1	0.000000
3567	3	0	0.000000
3568	3	1	0.000000
3569	3	0	0.000000
3570	3	1	0.000000
3571	3	1	0.000000
3572	3	1	0.000000
3573	3	1	0.000000
3574	3	1	0.000000
3575	3	1	0.000000
3576	3	1	0.000000
3577	3	1	0.000000
3578	3	1	0.000000
3579	3	1	0.000000
3580	2	0	0.000000
3581	2	0	0.000000
3582	2	0	0.000000
3583	2	0	0.000000
3584	2	0	0.000000
3585	2	0	0.000000
3586	2	0	0.000000
3587	2	0	0.000000
3588	2	0	0.000000
3589	2	0	0.000000
3590	2	0	0.000000
3591	2	0	0.000000
3592	2	0	0.000000
3593	2	0	0.000000
3594	2	1	0.000000
3595	3	1	0.000000
3596	3	1	0.000000
3597	3	1	0.000000
3598	4	1	0.000000
3599	4	1	0.000000
3600	4	1	0.000000
3601	4	1	0.000000
3602	4	1	0.000000
3603	4	1	0.000000
3604	4	1	0.000000
3605	3	1	0.000000
3606	3	1	0.000000
3607	3	1	0.000000
3608	3	1	0.000000
3609	3	1	0.000000
3610	3	1	0.000000
3611	3	1	0.000000
3612	2	0	0.000000
3613	2	0	0.000000
3614	2	0	0.000000
3615	2	0	0.000000
3616	2	0	0.000000
3617	2	1	0.000000
3618	2	0	0.000000
3619	2	0	0.000000
3620	2	0	0.000000
3621	2	0	0.000000
3622	2	0	0.000000
3623	2	1	0.000000
3624	3	0	0.000000
3625	3	1	0.000000
3626	3	1	0.000000
3627	3	1	0.000000
3628	3	1	0.000000
3629	4	0	0.000000
3630	4	1	0.000000
3631	4	0	0.000000
3632	4	1	0.000000
3633	4	1	0.000000
3634	4	1	0.000000
3635	3	1	0.000000
3636	3	1	0.000000
3637	3	1	0.000000
3638	3	1	0.000000
3639	3	1	0.000000
3640	3	1	0.000000
3641	3	1	0.000000
3642	3	1	0.000000
3643	3	1	0.000000
3644	3	1	0.000000
3645	3	1	0.000000
3646	3	1	0.000000
3647	3	1	0.000000
3648	3	1	0.000000
3649	3	1	0.000000
3650	3	1	0.000000
3651	3	1	0.000000
3652	3	1	0.000000
3653	2	0	0.000000
3654	2	0	0.000000
3655	2	0	0.000000
3656	2	0	0.000000
3657	2	0	0.000000
3658	2	0	0.000000
3659	2	0	0.000000
3660	2	0	0.000000
3661	2	0	0.000000
3662	2	0	0.000000
3663	2	0	0.000000
3664	2	0	0.000000
3665	2	0	0.000000
3666	2	0	0.000000
3667	3	1	0.000000
3668	3	1	0.000000
3669	3	0	0.000000
3670	3	1	0.000000
3671	3	1	0.000000
3672	3	1	0.000000
3673	3	1	0.000000
3674	3	1	0.000000
3675	3	1	0.000000
3676	3	1	0.000000
3677	3	1	0.000000
3678	3	1	0.000000
3679	2	0	0.000000
3680	2	0	0.000000
3681	3	1	0.000000
3682	2	0	0.000000
3683	2	0	0.000000
3684	2	0	0.000000
3685	2	0	0.000000
3686	2	0	0.000000
3687	2	0	0.000000
3688	2	0	0.000000
3689	2	0	0.000000
3690	3	1	0.000000
3691	3	1	0.000000
3692	3	1	0.000000
3693	3	1	0.000000
3694	3	1	0.000000
3695	3	1	0.000000
3696	4	1	0.000000
3697	3	1	0.000000
3698	3	1	0.000000
3699	3	1	0.000000
3700	3	1	0.000000
3701	3	1	0.000000
3702	3	1	0.000000
3703	2	0	0.000000
3704	2	0	0.000000
3705	2	0	0.000000
3706	2	0	0.000000
3707	2	0	0.000000
3708	2	0	0.000000
3709	3	1	0.000000
3710	3	1	0.000000
3711	3	1	0.000000
3712	3	0	0.000000
3713	3	1	0.000000
3714	4	1	0.000000
3715	4	1	0.000000
3716	4	1	0.000000
3717	4	1	0.000000
3718	4	1	0.000000
3719	4	1	0.000000
3720	4	1	0.000000
3721	4	1	0.000000
3722	4	1	0.000000
3723	4	0	0.000000
3724	4	1	0.000000
3725	4	1	0.000000
3726	5	1	0.000000
3727	5	1	0.000000
3728	5	1	0.000000
3729	5	1	0.000000
3730	5	1	0.000000
3731	5	1	0.000000
3732	5	1	0.000000
3733	5	1	0.000000
3734	5	1	0.000000
3735	5	1	0.000000
3736	5	1	0.000000
3737	5	1	0.000000
3738	5	1	0.000000
3739	5	1	0.000000
3740	5	1	0.000000
3741	5	0	0.000000
3742	5	1	0.000000
3743	5	1	0.000000
3744	5	1	0.000000
3745	5	1	0.000000
3746	5	1	0.000000
3747	5	1	0.000000
3748	5	1	0.000000
3749	5	1	0.000000
3750	5	1	0.000000
3751	5	1	0.000000
3752	5	1	0.000000
3753	5	1	0.000000
3754	5	0	0.000000
3755	5	1	0.000000
3756	5	1	0.000000
3757	5	1	0.000000
3758	5	1	0.000000
3759	5	1	0.000000
3760	5	1	0.000000
3761	5	1	0.000000
3762	5	1	0.000000
3763	5	1	0.000000
3764	5	1	0.000000
3765	5	1	0.000000
3766	5	1	0.000000
3767	5	1	0.000000
3768	5	1	0.000000
3769	5	1	0.000000
3770	5	1	0.000000
3771	4	1	0.000000
3772	4	1	0.000000
3773	4	0	0.000000
3774	4	1	0.000000
3775	4	1	0.000000
3776	4	1	0.000000
3777	4	1	0.000000
3778	4	1	0.000000
3779	4	1	0.000000
3780	4	1	0.000000
3781	4	1	0.000000
3782	4	0	0.000000
3783	3	1	0.000000
3784	3	1	0.000000
3785	3	1	0.000000
3786	3	1	0.000000
3787	3	1	0.000000
3788	3	1	0.000000
3789	3	1	0.000000
3790	3	1	0.000000
3791	3	1	0.000000
3792	3	1	0.000000
3793	3	1	0.000000
3794	3	1	0.000000
3795	3	1	0.000000
3796	2	0	0.000000
3797	2	0	0.000000
3798	2	0	0.000000
3799	2	0	0.000000
3800	2	1	0.000000
3801	2	0	0.000000
3802	2	0	0.000000
3803	2	0	0.000000
3804	2	0	0.000000
3805	2	0	0.000000
3806	2	0	0.000000
3807	2	0	0.000000
3808	2	0	0.000000
3809	2	0	0.000000
3810	2	0	0.000000
3811	2	0	0.000000
3812	2	0	0.000000
3813	2	0	0.000000
3814	3	1	0.000000
3815	3	1	0.000000
3816	3	1	0.000000
3817	4	1	0.000000
3818	4	1	0.000000
3819	4	1	0.000000
3820	4	1	0.000000
3821	4	1	0.000000
3822	4	1	0.000000
3823	4	1	0.000000
3824	4	1	0.000000
3825	4	0	0.000000
3826	4	1	0.000000
3827	3	1	0.000000
3828	3	1	0.000000
3829	3	0	0.000000
3830	3	1	0.000000
3831	3	1	0.000000
3832	3	0	0.000000
3833	3	1	0.000000
3834	3	1	0.000000
3835	3	1	0.000000
3836	3	0	0.000000
3837	3	1	0.000000
3838	3	1	0.000000
3839	3	1	0.000000
3840	3	1	0.000000
3841	3	1	0.000000
3842	3	1	0.000000
3843	3	1	0.000000
3844	3	1	0.000000
3845	3	1	0.000000
3846	3	0	0.000000
3847	3	1	0.000000
3848	3	1	0.000000
3849	3	1	0.000000
3850	2	0	0.000000
3851	2	0	0.000000
3852	2	0	0.000000
3853	2	0	0.000000
3854	2	0	0.000000
3855	2	0	0.000000
3856	2	0	0.000000
3857	2	0	0.000000
3858	2	0	0.000000
3859	2	1	0.000000
3860	2	0	0.000000
3861	2	0	0.000000
3862	3	1	0.000000
3863	3	1	0.000000
3864	3	1	0.000000
3865	3	1	0.000000
3866	3	1	0.000000
3867	3	1	0.000000
3868	3	1	0.000000
3869	3	1	0.000000
3870	3	1	0.000000
3871	3	1	0.000000
3872	3	1	0.000000
3873	3	1	0.000000
3874	3	1	0.000000
3875	2	0	0.000000
3876	2	0	0.000000
3877	2	0	0.000000
3878	2	0	0.000000
3879	2	0	0.000000
3880	2	0	0.000000
3881	2	0	0.000000
3882	2	0	0.000000
3883	3	1	0.000000
3884	3	1	0.000000
3885	2	0	0.000000
3886	3	1	0.000000
3887	3	0	0.000000
3888	3	1	0.000000
3889	3	1	0.000000
3890	3	1	0.000000
3891	3	1	0.000000
3892	3	1	0.000000
3893	3	1	0.000000
3894	3	1	0.000000
3895	3	1	0.000000
3896	3	1	0.000000
3897	3	1	0.000000
3898	3	0	0.000000
3899	2	0	0.000000
3900	2	0	0.000000
3901	2	0	0.000000
3902	2	0	0.000000
3903	2	0	0.000000
3904	2	0	0.000000
3905	2	0	0.000000
3906	2	0	0.000000
3907	2	0	0.000000
3908	3	1	0.000000
3909	3	1	0.000000
3910	3	1	0.000000
3911	3	0	0.000000
3912	3	1	0.000000
3913	3	1	0.000000
3914	4	1	0.000000
3915	4	1	0.000000
3916	4	1	0.000000
3917	4	1	0.000000
3918	4	1	0.000000
3919	4	1	0.000000
3920	3	1	0.000000
3921	3	1	0.000000
3922	3	1	0.000000
3923	3	1	0.000000
3924	3	1	0.000000
3925	3	1	0.000000
3926	2	0	0.000000
3927	2	0	0.000000
3928	2	0	0.000000
3929	2	0	0.000000
3930	2	0	0.000000
3931	2	0	0.000000
3932	2	0	0.000000
3933	2	0	0.000000
3934	2	0	0.000000
3935	2	0	0.000000
3936	2	0	0.000000
3937	3	0	0.000000
3938	3	1	0.000000
3939	3	1	0.000000
3940	3	1	0.000000
3941	3	1	0.000000
3942	3	1	0.000000
3943	4	1	0.000000
3944	4	1	0.000000
3945	4	0	0.000000
3946	4	1	0.000000
3947	4	1	0.000000
3948	3	1	0.000000
3949	3	1	0.000000
3950	3	1	0.000000
3951	3	1	0.000000
3952	3	1	0.000000
3953	3	1	0.000000
3954	3	1	0.000000
3955	3	1	0.000000
3956	2	0	0.000000
3957	2	0	0.000000
3958	2	0	0.000000
3959	2	0	0.000000
3960	2	0	0.000000
3961	2	0	0.000000
3962	2	0	0.000000
3963	2	0	0.000000
3964	2	0	0.000000
3965	2	0	0.000000
3966	2	0	0.000000
3967	3	1	0.000000
3968	3	1	0.000000
3969	3	1	0.000000
3970	3	1	0.000000
3971	3	1	0.000000
3972	3	1	0.000000
3973	3	1	0.000000
3974	3	1	0.000000
3975	3	1	0.000000
3976	3	1	0.000000
3977	3	1	0.000000
3978	3	1	0.000000
3979	3	1	0.000000
3980	2	0	0.000000
3981	2	0	0.000000
3982	2	0	0.000000
3983	2	0	0.000000
3984	2	0	0.000000
3985	2	0	0.000000
3986	2	1	0.000000
3987	2	0	0.000000
3988	2	0	0.000000
3989	2	0	0.000000
3990	3	1	0.000000
3991	3	1	0.000000
3992	3	1	0.000000
3993	3	1	0.000000
3994	3	1	0.000000
3995	3	1	0.000000
3996	3	1	0.000000
3997	3	1	0.000000
3998	3	1	0.000000
3999	3	1	0.000000
4000	2	0	0.000000
4001	2	0	0.000000
4002	2	0	0.000000
4003	2	0	0.000000
4004	2	0	0.000000
4005	2	0	0.000000
4006	2	0	0.000000
4007	2	0	0.000000
4008	2	0	0.000000
4009	2	0	0.000000
4010	2	0	0.000000
4011	2	0	0.000000
4012	3	1	0.000000
4013	3	1	0.000000
4014	3	1	0.000000
4015	3	1	0.000000
4016	3	1	0.000000
4017	3	1	0.000000
4018	3	1	0.000000
4019	3	1	0.000000
4020	3	1	0.000000
4021	3	1	0.000000
4022	3	0	0.000000
4023	3	1	0.000000
4024	3	1	0.000000
4025	3	1	0.000000
4026	2	0	0.000000
4027	2	0	0.000000
4028	2	0	0.000000
4029	2	0	0.000000
4030	2	0	0.000000
4031	2	0	0.000000
4032	2	0	0.000000
4033	2	0	0.000000
4034	2	0	0.000000
4035	2	0	0.000000
4036	2	0	0.000000
4037	2	0	0.000000
4038	2	0	0.000000
4039	3	1	0.000000
4040	3	1	0.000000
4041	3	1	0.000000
4042	4	1	0.000000
4043	4	1	0.000000
4044	4	1	0.000000
4045	4	1	0.000000
4046	4	1	0.000000
4047	4	1	0.000000
4048	3	1	0.000000
4049	3	1	0.000000
4050	3	1	0.000000
4051	3	1	0.000000
4052	3	1	0.000000
4053	3	1	0.000000
4054	3	1	0.000000
4055	2	0	0.000000
4056	2	1	0.000000
4057	2	0	0.000000
4058	2	0	0.000000
4059	2	0	0.000000
4060	2	0	0.000000
4061	2	0	0.000000
4062	2	1	0.000000
4063	2	1	0.000000
4064	2	0	0.000000
4065	2	0	0.000000
4066	2	0	0.000000
4067	2	0	0.000000
4068	2	0	0.000000
4069	2	0	0.000000
4070	2	0	0.000000
4071	2	0	0.000000
4072	2	0	0.000000
4073	2	0	0.000000
4074	2	0	0.000000
4075	2	0	0.000000
4076	3	1	0.000000
4077	3	1	0.000000
4078	3	1	0.000000
4079	3	0	0.000000
4080	3	1	0.000000
4081	3	1	0.000000
4082	3	1	0.000000
4083	3	1	0.000000
4084	3	1	0.000000
4085	3	1	0.000000
4086	3	1	0.000000
4087	3	1	0.000000
4088	3	1	0.000000
4089	3	1	0.000000
4090	3	1	0.000000
4091	3	1	0.000000
4092	3	1	0.000000
4093	2	0	0.000000
4094	2	0	0.000000
4095	2	0	0.000000
4096	2	0	0.000000
4097	2	0	0.000000
4098	2	0	0.000000
4099	2	0	0.000000
4100	2	0	0.000000
4101	2	0	0.000000
4102	2	0	0.000000
4103	2	0	0.000000
4104	3	1	0.000000
4105	3	1	0.000000
4106	3	1	0.000000
4107	3	1	0.000000
4108	3	1	0.000000
4109	3	1	0.000000
4110	3	1	0.000000
4111	3	1	0.000000
4112	3	0	0.000000
4113	3	1	0.000000
4114	3	1	0.000000
4115	3	1	0.000000
4116	3	1	0.000000
4117	2	0	0.000000
4118	2	0	0.000000
4119	2	0	0.000000
4120	2	0	0.000000
4121	2	0	0.000000
4122	2	0	0.000000
4123	2	0	0.000000
4124	2	0	0.000000
4125	2	1	0.000000
4126	2	0	0.000000
4127	3	1	0.000000
4128	3	1	0.000000
4129	3	1	0.000000
4130	3	1	0.000000
4131	3	1	0.000000
4132	3	1	0.000000
4133	3	1	0.000000
4134	3	1	0.000000
4135	3	1	0.000000
4136	3	1	0.000000
4137	3	1	0.000000
4138	2	0	0.000000
4139	2	0	0.000000
4140	2	0	0.000000
4141	2	0	0.000000
4142	2	0	0.000000
4143	2	0	0.000000
4144	2	0	0.000000
4145	2	0	0.000000
4146	2	0	0.000000
4147	2	0	0.000000
4148	2	0	0.000000
4149	2	0	0.000000
4150	2	0	0.000000
4151	3	1	0.000000
4152	3	1	0.000000
4153	3	1	0.000000
4154	3	1	0.000000
4155	3	1	0.000000
4156	3	1	0.000000
4157	3	1	0.000000
4158	3	1	0.000000
4159	3	1	0.000000
4160	3	1	0.000000
4161	3	1	0.000000
4162	2	0	0.000000
4163	2	0	0.000000
4164	2	0	0.000000
4165	2	0	0.000000
4166	2	0	0.000000
4167	2	0	0.000000
4168	2	0	0.000000
4169	2	0	0.000000
4170	2	0	0.000000
4171	2	0	0.000000
4172	2	1	0.000000
4173	2	0	0.000000
4174	3	1	0.000000
4175	3	1	0.000000
4176	3	1	0.000000
4177	3	1	0.000000
4178	3	1	0.000000
4179	3	1	0.000000
4180	3	1	0.000000
4181	3	1	0.000000
4182	3	1	0.000000
4183	2	0	0.000000
4184	2	0	0.000000
4185	2	0	0.000000
4186	2	0	0.000000
4187	2	0	0.000000
4188	2	0	0.000000
4189	2	0	0.000000
4190	2	0	0.000000
4191	2	0	0.000000
4192	2	0	0.000000
4193	3	1	0.000000
4194	3	1	0.000000
4195	3	1	0.000000
4196	3	1	0.000000
4197	3	1	0.000000
4198	3	1	0.000000
4199	3	1	0.000000
4200	3	1	0.000000
4201	3	1	0.000000
4202	3	1	0.000000
4203	3	1	0.000000
4204	3	1	0.000000
4205	3	1	0.000000
4206	2	0	0.000000
4207	2	1	0.000000
4208	2	0	0.000000
4209	2	0	0.000000
4210	2	0	0.000000
4211	2	0	0.000000
4212	2	0	0.000000
4213	2	0	0.000000
4214	2	0	0.000000
4215	2	0	0.000000
4216	2	0	0.000000
4217	2	0	0.000000
4218	2	0	0.000000
4219	3	1	0.000000
4220	3	1	0.000000
4221	3	1	0.000000
4222	3	0	0.000000
4223	3	1	0.000000
4224	3	1	0.000000
4225	3	1	0.000000
4226	3	1	0.000000
4227	3	1	0.000000
4228	3	1	0.000000
4229	3	1	0.000000
4230	3	1	0.000000
4231	3	1	0.000000
4232	3	0	0.000000
4233	3	1	0.000000
4234	2	0	0.000000
4235	2	1	0.000000
4236	2	0	0.000000
4237	2	0	0.000000
4238	2	0	0.000000
4239	2	0	0.000000
4240	2	0	0.000000
4241	2	0	0.000000
4242	2	0	0.000000
4243	2	0	0.000000
4244	2	0	0.000000
4245	2	0	0.000000
4246	2	0	0.000000
4247	2	0	0.000000
4248	3	0	0.000000
4249	3	1	0.000000
4250	3	1	0.000000
4251	3	1	0.000000
4252	3	1	0.000000
4253	3	1	0.000000
4254	3	1	0.000000
4255	3	0	0.000000
4256	3	1	0.000000
4257	3	1	0.000000
4258	3	1	0.000000
4259	3	1	0.000000
4260	3	1	0.000000
4261	2	1	0.000000
4262	2	0	0.000000
4263	2	0	0.000000
4264	2	1	0.000000
4265	2	0	0.000000
4266	2	0	0.000000
4267	2	0	0.000000
4268	2	0	0.000000
4269	2	0	0.000000
4270	2	0	0.000000
4271	2	0	0.000000
4272	2	0	0.000000
4273	3	1	0.000000
4274	3	1	0.000000
4275	3	1	0.000000
4276	3	1	0.000000
4277	3	1	0.000000
4278	3	1	0.000000
4279	3	1	0.000000
4280	3	1	0.000000
4281	3	1	0.000000
4282	3	1	0.000000
4283	3	1	0.000000
4284	2	0	0.000000
4285	2	0	0.000000
4286	2	0	0.000000
4287	2	0	0.000000
4288	2	0	0.000000
4289	2	0	0.000000
4290	2	0	0.000000
4291	2	0	0.000000
4292	2	0	0.000000
4293	2	0	0.000000
4294	2	1	0.000000
4295	3	1	0.000000
4296	3	1	0.000000
4297	3	1	0.000000
4298	3	1	0.000000
4299	3	1	0.000000
4300	3	1	0.000000
4301	3	1	0.000000
4302	3	1	0.000000
4303	3	1	0.000000
4304	3	0	0.000000
4305	3	1	0.000000
4306	2	0	0.000000
4307	2	1	0.000000
4308	2	0	0.000000
4309	2	0	0.000000
4310	2	0	0.000000
4311	2	0	0.000000
4312	2	0	0.000000
4313	2	0	0.000000
4314	2	0	0.000000
4315	2	0	0.000000
4316	2	0	0.000000
4317	2	0	0.000000
4318	2	0	0.000000
4319	2	0	0.000000
4320	2	0	0.000000
4321	2	0	0.000000
4322	2	0	0.000000
4323	2	0	0.000000
4324	3	1	0.000000
4325	3	0	0.000000
4326	3	1	0.000000
4327	3	1	0.000000
4328	3	1	0.000000
4329	3	1	0.000000
4330	4	1	0.000000
4331	4	1	0.000000
4332	4	1	0.000000
4333	3	1	0.000000
4334	3	1	0.000000
4335	3	1	0.000000
4336	3	1	0.000000
4337	3	1	0.000000
4338	3	1	0.000000
4339	3	1	0.000000
4340	2	0	0.000000
4341	2	0	0.000000
4342	2	0	0.000000
4343	2	0	0.000000
4344	2	1	0.000000
4345	2	0	0.000000
4346	2	0	0.000000
4347	2	0	0.000000
4348	2	0	0.000000
4349	2	0	0.000000
4350	2	0	0.000000
4351	2	0	0.000000
4352	3	1	0.000000
4353	3	1	0.000000
4354	3	1	0.000000
4355	3	1	0.000000
4356	3	0	0.000000
4357	3	1	0.000000
4358	3	1	0.000000
4359	3	1	0.000000
4360	3	1	0.000000
4361	3	1	0.000000
4362	3	1	0.000000
4363	3	1	0.000000
4364	3	1	0.000000
4365	3	1	0.000000
4366	2	0	0.000000
4367	2	1	0.000000
4368	2	0	0.000000
4369	2	0	0.000000
4370	2	0	0.000000
4371	2	0	0.000000
4372	2	0	0.000000
4373	2	1	0.000000
4374	2	0	0.000000
4375	2	0	0.000000
4376	2	0	0.000000
4377	2	0	0.000000
4378	2	0	0.000000
4379	2	0	0.000000
4380	2	0	0.000000
4381	2	0	0.000000
4382	2	0	0.000000
4383	3	1	0.000000
4384	3	1	0.000000
4385	3	1	0.000000
4386	3	1	0.000000
4387	3	1	0.000000
4388	3	0	0.000000
4389	3	1	0.000000
4390	3	1	0.000000
4391	3	1	0.000000
4392	3	0	0.000000
4393	3	1	0.000000
4394	2	0	0.000000
4395	2	0	0.000000
4396	2	0	0.000000
4397	2	0	0.000000
4398	2	0	0.000000
4399	2	0	0.000000
4400	2	0	0.000000
4401	2	0	0.000000
4402	3	1	0.000000
4403	3	1	0.000000
4404	3	0	0.000000
4405	3	1	0.000000
4406	3	1	0.000000
4407	3	1	0.000000
4408	3	1	0.000000
4409	3	1	0.000000
4410	3	1	0.000000
4411	3	1	0.000000
4412	3	1	0.000000
4413	3	1	0.000000
4414	3	1	0.000000
4415	3	1	0.000000
4416	2	0	0.000000
4417	2	0	0.000000
4418	2	0	0.000000
4419	2	0	0.000000
4420	2	0	0.000000
4421	2	0	0.000000
4422	2	0	0.000000
4423	2	1	0.000000
4424	2	0	0.000000
4425	2	0	0.000000
4426	2	1	0.000000
4427	3	1	0.000000
4428	3	1	0.000000
4429	3	1	0.000000
4430	3	1	0.000000
4431	3	1	0.000000
4432	3	1	0.000000
4433	3	1	0.000000
4434	3	1	0.000000
4435	3	1	0.000000
4436	2	0	0.000000
4437	2	0	0.000000
4438	2	0	0.000000
4439	2	0	0.000000
4440	2	0	0.000000
4441	2	0	0.000000
4442	2	0	0.000000
4443	2	0	0.000000
4444	2	0	0.000000
4445	2	0	0.000000
4446	2	0	0.000000
4447	3	1	0.000000
4448	3	1	0.000000
4449	3	1	0.000000
4450	3	1	0.000000
4451	3	1	0.000000
4452	3	0	0.000000
4453	3	1	0.000000
4454	3	1	0.000000
4455	3	1	0.000000
4456	3	1	0.000000
4457	3	1	0.000000
4458	2	0	0.000000
4459	2	0	0.000000
4460	2	0	0.000000
4461	2	0	0.000000
4462	2	0	0.000000
4463	2	0	0.000000
4464	2	0	0.000000
4465	2	0	0.000000
4466	2	0	0.000000
4467	2	0	0.000000
4468	3	1	0.000000
4469	3	1	0.000000
4470	3	1	0.000000
4471	3	1	0.000000
4472	3	1	0.000000
4473	3	1	0.000000
4474	3	1	0.000000
4475	3	1	0.000000
4476	3	0	0.000000
4477	3	1	0.000000
4478	3	1	0.000000
4479	2	0	0.000000
4480	2	0	0.000000
4481	2	0	0.000000
4482	2	0	0.000000
4483	2	0	0.000000
4484	2	0	0.000000
4485	2	0	0.000000
4486	2	0	0.000000
4487	2	0	0.000000
4488	2	0	0.000000
4489	3	1	0.000000
4490	3	1	0.000000
4491	3	1	0.000000
4492	3	1	0.000000
4493	3	1	0.000000
4494	3	1	0.000000
4495	3	1	0.000000
4496	3	1	0.000000
4497	3	1	0.000000
4498	3	1	0.000000
4499	3	1	0.000000
4500	3	1	0.000000
4501	3	1	0.000000
4502	3	1	0.000000
4503	3	1	0.000000
4504	2	0	0.000000
4505	2	1	0.000000
4506	2	0	0.000000
4507	2	0	0.000000
4508	2	0	0.000000
4509	2	0	0.000000
4510	2	0	0.000000
4511	2	0	0.000000
4512	2	0	0.000000
4513	2	0	0.000000
4514	2	0	0.000000
4515	2	0	0.000000
4516	2	0	0.000000
4517	2	0	0.000000
4518	2	1	0.000000
4519	2	0	0.000000
4520	2	0	0.000000
4521	2	0	0.000000
4522	3	1	0.000000
4523	3	1	0.000000
4524	3	1	0.000000
4525	3	1	0.000000
4526	4	1	0.000000
4527	4	1	0.000000
4528	4	1	0.000000
4529	4	1	0.000000
4530	4	1	0.000000
4531	3	1	0.000000
4532	3	1	0.000000
4533	3	1	0.000000
4534	3	1	0.000000
4535	3	1	0.000000
4536	3	1	0.000000
4537	3	1	0.000000
4538	2	0	0.000000
4539	2	0	0.000000
4540	2	0	0.000000
4541	2	0	0.000000
4542	2	0	0.000000
4543	2	0	0.000000
4544	2	0	0.000000
4545	2	0	0.000000
4546	2	0	0.000000
4547	2	0	0.000000
4548	2	0	0.000000
4549	2	0	0.000000
4550	2	0	0.000000
4551	2	0	0.000000
4552	3	1	0.000000
4553	3	1	0.000000
4554	3	1	0.000000
4555	3	1	0.000000
4556	3	0	0.000000
4557	4	1	0.000000
4558	4	1	0.000000
4559	4	1	0.000000
4560	3	1	0.000000
4561	3	1	0.000000
4562	3	1	0.000000
4563	3	1	0.000000
4564	3	1	0.000000
4565	3	1	0.000000
4566	3	1	0.000000
4567	2	0	0.000000
4568	2	0	0.000000
4569	2	0	0.000000
4570	2	0	0.000000
4571	2	0	0.000000
4572	2	0	0.000000
4573	2	0	0.000000
4574	2	1	0.000000
4575	2	0	0.000000
4576	2	0	0.000000
4577	3	0	0.000000
4578	3	1	0.000000
4579	3	1	0.000000
4580	3	1	0.000000
4581	3	1	0.000000
4582	3	1	0.000000
4583	3	1	0.000000
4584	3	1	0.000000
4585	3	1	0.000000
4586	3	1	0.000000
4587	3	0	0.000000
4588	3	1	0.000000
4589	3	1	0.000000
4590	3	1	0.000000
4591	3	1	0.000000
4592	3	1	0.000000
4593	3	1	0.000000
4594	3	1	0.000000
4595	3	1	0.000000
4596	3	1	0.000000
4597	3	1	0.000000
4598	3	1	0.000000
4599	3	1	0.000000
4600	3	1	0.000000
4601	3	1	0.000000
4602	3	1	0.000000
4603	3	1	0.000000
4604	3	0	0.000000
4605	3	1	0.000000
4606	3	1	0.000000
4607	3	1	0.000000
4608	3	0	0.000000
4609	3	1	0.000000
4610	3	1	0.000000
4611	3	1	0.000000
4612	3	1	0.000000
4613	3	1	0.000000
4614	3	1	0.000000
4615	3	1	0.000000
4616	3	1	0.000000
4617	3	1	0.000000
4618	3	1	0.000000
4619	3	0	0.000000
4620	3	1	0.000000
4621	3	1	0.000000
4622	3	1	0.000000
4623	3	1	0.000000
4624	3	1	0.000000
4625	3	1	0.000000
4626	3	1	0.000000
4627	3	1	0.000000
4628	3	1	0.000000
4629	3	1	0.000000
4630	3	1	0.000000
4631	3	1	0.000000
4632	3	1	0.000000
4633	3	0	0.000000
4634	3	0	0.000000
4635	3	1	0.000000
4636	3	1	0.000000
4637	3	1	0.000000
4638	3	1	0.000000
4639	3	1	0.000000
4640	3	1	0.000000
4641	3	0	0.000000
4642	3	1	0.000000
4643	3	1	0.000000
4644	3	1	0.000000
4645	3	1	0.000000
4646	3	1	0.000000
4647	3	1	0.000000
4648	3	1	0.000000
4649	3	1	0.000000
4650	3	1	0.000000
4651	3	1	0.000000
4652	3	1	0.000000
4653	3	1	0.000000
4654	3	1	0.000000
4655	3	1	0.000000
4656	3	1	0.000000
4657	3	1	0.000000
4658	2	0	0.000000
4659	2	0	0.000000
4660	2	0	0.000000
4661	2	0	0.000000
4662	2	0	0.000000
4663	2	0	0.000000
4664	2	0	0.000000
4665	2	0	0.000000
4666	2	0	0.000000
4667	2	1	0.000000
4668	2	0	0.000000
4669	2	0	0.000000
4670	2	0	0.000000
4671	2	0	0.000000
4672	3	1	0.000000
4673	3	1	0.000000
4674	3	0	0.000000
4675	3	1	0.000000
4676	3	0	0.000000
4677	3	1	0.000000
4678	3	1	0.000000
4679	3	1	0.000000
4680	3	1	0.000000
4681	3	1	0.000000
4682	3	1	0.000000
4683	3	1	0.000000
4684	3	1	0.000000
4685	3	1	0.000000
4686	3	0	0.000000
4687	3	1	0.000000
4688	3	0	0.000000
4689	3	1	0.000000
4690	3	1	0.000000
4691	3	1	0.000000
4692	3	1	0.000000
4693	3	1	0.000000
4694	3	1	0.000000
4695	3	1	0.000000
4696	3	1	0.000000
4697	3	1	0.000000
4698	3	1	0.000000
4699	3	1	0.000000
4700	3	1	0.000000
4701	3	1	0.000000
4702	3	1	0.000000
4703	3	1	0.000000
4704	3	1	0.000000
4705	3	1	0.000000
4706	3	1	0.000000
4707	3	1	0.000000
4708	3	1	0.000000
4709	3	1	0.000000
4710	3	1	0.000000
4711	3	1	0.000000
4712	2	0	0.000000
4713	2	0	0.000000
4714	2	0	0.000000
4715	2	0	0.000000
4716	2	0	0.000000
4717	2	0	0.000000
4718	2	0	0.000000
4719	2	0	0.000000
4720	2	0	0.000000
4721	2	0	0.000000
4722	2	0	0.000000
4723	2	0	0.000000
4724	2	0	0.000000
4725	2	0	0.000000
4726	3	1	0.000000
4727	3	1	0.000000
4728	3	1	0.000000
4729	3	1	0.000000
4730	3	1	0.000000
4731	3	1	0.000000
4732	3	1	0.000000
4733	3	0	0.000000
4734	3	1	0.000000
4735	3	1	0.000000
4736	3	1	0.000000
4737	3	1	0.000000
4738	3	1	0.000000
4739	2	0	0.000000
4740	2	0	0.000000
4741	2	0	0.000000
4742	2	0	0.000000
4743	2	0	0.000000
4744	2	0	0.000000
4745	2	0	0.000000
4746	2	0	0.000000
4747	2	0	0.000000
4748	2	0	0.000000
4749	3	1	0.000000
4750	3	1	0.000000
4751	3	1	0.000000
4752	4	0	0.000000
4753	4	1	0.000000
4754	4	1	0.000000
4755	4	1	0.000000
4756	4	1	0.000000
4757	4	1	0.000000
4758	4	1	0.000000
4759	4	0	0.000000
4760	4	1	0.000000
4761	4	1	0.000000
4762	4	1	0.000000
4763	4	1	0.000000
4764	4	1	0.000000
4765	3	1	0.000000
4766	3	1	0.000000
4767	3	1	0.000000
4768	3	1	0.000000
4769	3	1	0.000000
4770	4	1	0.000000
4771	4	1	0.000000
4772	4	1	0.000000
4773	4	1	0.000000
4774	4	1	0.000000
4775	4	1	0.000000
4776	4	1	0.000000
4777	4	1	0.000000
4778	5	1	0.000000
4779	5	1	0.000000
4780	5	1	0.000000
4781	5	1	0.000000
4782	5	1	0.000000
4783	5	1	0.000000
4784	5	1	0.000000
4785	5	1	0.000000
4786	5	1	0.000000
4787	5	1	0.000000
4788	5	1	0.000000
4789	5	1	0.000000
4790	5	1	0.000000
4791	5	1	0.000000
4792	5	1	0.000000
4793	5	1	0.000000
4794	5	1	0.000000
4795	5	1	0.000000
4796	5	1	0.000000
4797	5	1	0.000000
4798	5	1	0.000000
4799	5	1	0.000000
4800	5	1	0.000000
4801	5	1	0.000000
4802	5	1	0.000000
4803	5	1	0.000000
4804	5	1	0.000000
4805	5	1	0.000000
4806	5	1	0.000000
4807	5	1	0.000000
4808	5	1	0.000000
4809	5	1	0.000000
4810	5	1	0.000000
4811	5	1	0.000000
4812	5	1	0.000000
4813	5	1	0.000000
4814	5	1	0.000000
4815	5	1	0.000000
4816	5	1	0.000000
4817	5	1	0.000000
4818	5	1	0.000000
4819	5	1	0.000000
4820	5	1	0.000000
4821	5	1	0.000000
4822	5	1	0.000000
4823	5	1	0.000000
4824	5	1	0.000000
4825	5	1	0.000000
4826	5	1	0.000000
4827	5	1	0.000000
4828	5	1	0.000000
4829	5	1	0.000000
4830	5	1	0.000000
4831	5	0	0.000000
4832	5	1	0.000000
4833	5	0	0.000000
4834	5	1	0.000000
4835	5	1	0.000000
4836	5	1	0.000000
4837	5	1	0.000000
4838	5	1	0.000000
4839	5	1	0.000000
4840	5	1	0.000000
4841	5	1	0.000000
4842	5	1	0.000000
4843	5	1	0.000000
4844	5	1	0.000000
4845	5	1	0.000000
4846	5	1	0.000000
4847	5	1	0.000000
4848	5	1	0.000000
4849	5	1	0.000000
4850	5	1	0.000000
4851	5	1	0.000000
4852	5	1	0.000000
4853	5	1	0.000000
4854	5	1	0.000000
4855	5	1	0.000000
4856	5	1	0.000000
4857	5	1	0.000000
4858	5	1	0.000000
4859	5	1	0.000000
4860	5	1	0.000000
4861	5	1	0.000000
4862	5	1	0.000000
4863	5	1	0.000000
4864	5	1	0.000000
4865	5	1	0.000000
4866	5	1	0.000000
4867	5	1	0.000000
4868	5	1	0.000000
4869	5	1	0.000000
4870	5	1	0.000000
4871	5	1	0.000000
4872	5	1	0.000000
4873	5	1	0.000000
4874	5	1	0.000000
4875	5	1	0.000000
4876	5	1	0.000000
4877	5	1	0.000000
4878	5	1	0.000000
4879	5	1	0.000000
4880	5	1	0.000000
4881	5	1	0.000000
4882	5	1	0.000000
4883	5	1	0.000000
4884	5	1	0.000000
4885	5	1	0.000000
4886	5	1	0.000000
4887	5	1	0.000000
4888	5	1	0.000000
4889	5	1	0.000000
4890	5	1	0.000000
4891	5	0	0.000000
4892	5	1	0.000000
4893	5	1	0.000000
4894	5	1	0.000000
4895	5	1	0.000000
4896	5	1	0.000000
4897	5	1	0.000000
4898	5	1	0.000000
4899	5	1	0.000000
4900	5	1	0.000000
4901	5	1	0.000000
4902	5	1	0.000000
4903	5	1	0.000000
4904	5	0	0.000000
4905	5	1	0.000000
4906	5	1	0.000000
4907	5	1	0.000000
4908	5	1	0.000000
4909	5	1	0.000000
4910	5	1	0.000000
4911	5	1	0.000000
4912	5	1	0.000000
4913	5	1	0.000000
4914	5	1	0.000000
4915	5	1	0.000000
4916	5	1	0.000000
4917	5	1	0.000000
4918	5	1	0.000000
4919	5	1	0.000000
4920	5	1	0.000000
4921	5	1	0.000000
4922	4	0	0.000000
4923	4	1	0.000000
4924	4	1	0.000000
4925	4	1	0.000000
4926	4	1	0.000000
4927	4	1	0.000000
4928	4	1	0.000000
4929	4	1	0.000000
4930	4	1	0.000000
4931	4	1	0.000000
4932	4	1	0.000000
4933	4	0	0.000000
4934	4	1	0.000000
4935	4	1	0.000000
4936	4	0	0.000000
4937	4	1	0.000000
4938	4	1	0.000000
4939	4	0	0.000000
4940	4	1	0.000000
4941	4	1	0.000000
4942	4	1	0.000000
4943	4	1	0.000000
4944	4	1	0.000000
4945	4	1	0.000000
4946	4	1	0.000000
4947	4	1	0.000000
4948	4	1	0.000000
4949	4	1	0.000000
4950	4	1	0.000000
4951	4	1	0.000000
4952	3	1	0.000000
4953	3	1	0.000000
4954	3	1	0.000000
4955	3	1	0.000000
4956	3	1	0.000000
4957	2	0	0.000000
4958	2	0	0.000000
4959	2	0	0.000000
4960	2	0	0.000000
4961	2	0	0.000000
4962	2	0	0.000000
4963	2	0	0.000000
4964	2	0	0.000000
4965	2	0	0.000000
4966	2	0	0.000000
4967	2	0	0.000000
4968	2	0	0.000000
4969	2	0	0.000000
4970	2	0	0.000000
4971	2	0	0.000000
4972	2	0	0.000000
4973	3	1	0.000000
4974	3	1	0.000000
4975	3	0	0.000000
4976	3	1	0.000000
4977	3	1	0.000000
4978	3	1	0.000000
4979	3	1	0.000000
4980	4	1	0.000000
4981	4	1	0.000000
4982	4	1	0.000000
4983	4	1	0.000000
4984	3	1	0.000000
4985	3	1	0.000000
4986	3	1	0.000000
4987	3	1	0.000000
4988	3	1	0.000000
4989	3	1	0.000000
4990	3	1	0.000000
4991	3	1	0.000000
4992	3	1	0.000000
4993	3	1	0.000000
4994	2	0	0.000000
4995	2	0	0.000000
4996	2	0	0.000000
4997	2	0	0.000000
4998	2	0	0.000000
4999	2	0	0.000000
5000	2	0	0.000000
5001	2	0	0.000000
5002	2	0	0.000000
5003	2	0	0.000000
5004	2	1	0.000000
5005	2	0	0.000000
5006	2	0	0.000000
5007	3	1	0.000000
5008	3	1	0.000000
5009	3	1	0.000000
5010	3	1	0.000000
5011	3	1	0.000000
5012	3	1	0.000000
5013	3	1	0.000000
5014	3	1	0.000000
5015	3	1	0.000000
5016	3	1	0.000000
5017	3	1	0.000000
5018	2	0	0.000000
5019	2	0	0.000000
5020	2	0	0.000000
5021	2	0	0.000000
5022	2	0	0.000000
5023	2	0	0.000000
5024	2	0	0.000000
5025	2	1	0.000000
5026	2	0	0.000000
5027	3	1	0.000000
5028	3	1	0.000000
5029	4	1	0.000000
5030	4	1	0.000000
5031	4	0	0.000000
5032	4	1	0.000000
5033	5	1	0.000000
5034	5	1	0.000000
5035	5	1	0.000000
5036	5	1	0.000000
5037	5	1	0.000000
5038	5	1	0.000000
5039	5	1	0.000000
5040	5	1	0.000000
5041	5	1	0.000000
5042	5	1	0.000000
5043	5	1	0.000000
5044	5	1	0.000000
5045	5	1	0.000000
5046	5	1	0.000000
5047	5	1	0.000000
5048	5	1	0.000000
5049	5	1	0.000000
5050	5	1	0.000000
5051	5	1	0.000000
5052	5	1	0.000000
5053	5	1	0.000000
5054	5	1	0.000000
5055	5	1	0.000000
5056	5	1	0.000000
5057	5	1	0.000000
5058	5	1	0.000000
5059	5	1	0.000000
5060	5	0	0.000000
5061	5	1	0.000000
5062	5	1	0.000000
5063	5	1	0.000000
5064	5	1	0.000000
5065	5	1	0.000000
5066	5	1	0.000000
5067	5	1	0.000000
5068	5	1	0.000000
5069	5	1	0.000000
5070	5	1	0.000000
5071	5	1	0.000000
5072	5	1	0.000000
5073	5	1	0.000000
5074	5	1	0.000000
5075	5	1	0.000000
5076	5	1	0.000000
5077	5	1	0.000000
5078	5	1	0.000000
5079	5	1	0.000000
5080	5	1	0.000000
5081	5	1	0.000000
5082	5	1	0.000000
5083	5	1	0.000000
5084	5	1	0.000000
5085	5	1	0.000000
5086	5	1	0.000000
5087	5	1	0.000000
5088	5	1	0.000000
5089	5	1	0.000000
5090	5	1	0.000000
5091	5	1	0.000000
5092	5	1	0.000000
5093	5	1	0.000000
5094	5	1	0.000000
5095	5	0	0.000000
5096	5	1	0.000000
5097	5	1	0.000000
5098	5	1	0.000000
5099	5	1	0.000000
5100	5	0	0.000000
5101	5	1	0.000000
5102	5	1	0.000000
5103	4	1	0.000000
5104	4	1	0.000000
5105	4	1	0.000000
5106	4	1	0.000000
5107	4	1	0.000000
5108	4	1	0.000000
5109	4	1	0.000000
5110	4	1	0.000000
5111	4	1	0.000000
5112	4	1	0.000000
5113	4	1	0.000000
5114	4	1	0.000000
5115	4	1	0.000000
5116	4	1	0.000000
5117	4	1	0.000000
5118	4	1	0.000000
5119	3	1	0.000000
5120	3	1	0.000000
5121	3	1	0.000000
5122	3	0	0.000000
5123	3	1	0.000000
5124	3	1	0.000000
5125	3	1	0.000000
5126	3	1	0.000000
5127	2	0	0.000000
5128	2	0	0.000000
5129	2	0	0.000000
5130	2	0	0.000000
5131	2	0	0.000000
5132	2	0	0.000000
5133	2	0	0.000000
5134	2	0	0.000000
5135	2	0	0.000000
5136	2	0	0.000000
5137	2	0	0.000000
5138	3	1	0.000000
5139	3	1	0.000000
5140	3	1	0.000000
5141	3	1	0.000000
5142	3	1	0.000000
5143	3	1	0.000000
5144	3	1	0.000000
5145	3	1	0.000000
5146	3	1	0.000000
5147	3	1	0.000000
5148	3	1	0.000000
5149	3	1	0.000000
5150	2	0	0.000000
5151	2	0	0.000000
5152	2	0	0.000000
5153	2	1	0.000000
5154	2	0	0.000000
5155	2	0	0.000000
5156	2	0	0.000000
5157	2	0	0.000000
5158	2	0	0.000000
5159	2	0	0.000000
5160	3	1	0.000000
5161	3	1	0.000000
5162	3	1	0.000000
5163	3	1	0.000000
5164	4	1	0.000000
5165	4	1	0.000000
5166	4	1	0.000000
5167	4	1	0.000000
5168	4	1	0.000000
5169	3	1	0.000000
5170	3	1	0.000000
5171	3	1	0.000000
5172	3	1	0.000000
5173	3	1	0.000000
5174	3	1	0.000000
5175	2	0	0.000000
5176	2	1	0.000000
5177	2	0	0.000000
5178	2	0	0.000000
5179	2	0	0.000000
5180	2	0	0.000000
5181	2	0	0.000000
5182	2	0	0.000000
5183	2	0	0.000000
5184	2	0	0.000000
5185	2	0	0.000000
5186	2	0	0.000000
5187	3	1	0.000000
5188	3	1	0.000000
5189	3	1	0.000000
5190	3	1	0.000000
5191	4	1	0.000000
5192	4	1	0.000000
5193	4	1	0.000000
5194	4	1	0.000000
5195	4	1	0.000000
5196	4	1	0.000000
5197	3	0	0.000000
5198	3	1	0.000000
5199	3	1	0.000000
5200	3	1	0.000000
5201	3	1	0.000000
5202	3	1	0.000000
5203	3	1	0.000000
5204	3	1	0.000000
5205	2	0	0.000000
5206	3	1	0.000000
5207	2	0	0.000000
5208	2	0	0.000000
5209	2	0	0.000000
5210	2	0	0.000000
5211	2	0	0.000000
5212	2	0	0.000000
5213	2	0	0.000000
5214	2	1	0.000000
5215	2	0	0.000000
5216	3	1	0.000000
5217	3	1	0.000000
5218	3	1	0.000000
5219	3	1	0.000000
5220	3	1	0.000000
5221	3	1	0.000000
5222	4	1	0.000000
5223	4	1	0.000000
5224	3	0	0.000000
5225	3	1	0.000000
5226	3	1	0.000000
5227	3	1	0.000000
5228	3	1	0.000000
5229	3	1	0.000000
5230	3	1	0.000000
5231	2	0	0.000000
5232	2	1	0.000000
5233	2	0	0.000000
5234	2	0	0.000000
5235	2	0	0.000000
5236	2	0	0.000000
5237	2	0	0.000000
5238	2	0	0.000000
5239	2	0	0.000000
5240	2	0	0.000000
5241	2	0	0.000000
5242	2	0	0.000000
5243	2	0	0.000000
5244	3	1	0.000000
5245	3	1	0.000000
5246	3	1	0.000000
5247	3	1	0.000000
5248	3	1	0.000000
5249	3	1	0.000000
5250	3	1	0.000000
5251	3	1	0.000000
5252	3	1	0.000000
5253	3	1	0.000000
5254	3	1	0.000000
5255	3	1	0.000000
5256	3	1	0.000000
5257	3	1	0.000000
5258	2	0	0.000000
5259	2	0	0.000000
5260	2	0	0.000000
5261	2	0	0.000000
5262	2	0	0.000000
5263	2	0	0.000000
5264	2	0	0.000000
5265	2	1	0.000000
5266	2	0	0.000000
5267	2	0	0.000000
5268	2	0	0.000000
5269	3	1	0.000000
5270	3	1	0.000000
5271	3	1	0.000000
5272	3	1	0.000000
5273	3	1	0.000000
5274	3	0	0.000000
5275	4	0	0.000000
5276	3	1	0.000000
5277	3	0	0.000000
5278	3	1	0.000000
5279	3	1	0.000000
5280	3	1	0.000000
5281	3	1	0.000000
5282	3	1	0.000000
5283	3	1	0.000000
5284	3	1	0.000000
5285	3	1	0.000000
5286	3	1	0.000000
5287	3	1	0.000000
5288	3	1	0.000000
5289	2	0	0.000000
5290	2	0	0.000000
5291	2	0	0.000000
5292	2	0	0.000000
5293	2	1	0.000000
5294	2	0	0.000000
5295	2	0	0.000000
5296	2	0	0.000000
5297	2	1	0.000000
5298	2	0	0.000000
5299	2	0	0.000000
5300	2	0	0.000000
5301	3	1	0.000000
5302	2	0	0.000000
5303	3	1	0.000000
5304	3	1	0.000000
5305	3	1	0.000000
5306	3	0	0.000000
5307	3	1	0.000000
5308	3	1	0.000000
5309	3	1	0.000000
5310	3	1	0.000000
5311	2	0	0.000000
5312	2	0	0.000000
5313	2	0	0.000000
5314	2	0	0.000000
5315	2	0	0.000000
5316	2	0	0.000000
5317	2	0	0.000000
5318	2	0	0.000000
5319	2	0	0.000000
5320	2	0	0.000000
5321	3	1	0.000000
5322	3	1	0.000000
5323	3	1	0.000000
5324	3	1	0.000000
5325	4	1	0.000000
5326	4	0	0.000000
5327	4	1	0.000000
5328	4	1	0.000000
5329	3	1	0.000000
5330	3	0	0.000000
5331	3	1	0.000000
5332	3	1	0.000000
5333	3	0	0.000000
5334	3	1	0.000000
5335	3	1	0.000000
5336	3	1	0.000000
5337	3	1	0.000000
5338	3	1	0.000000
5339	3	1	0.000000
5340	3	1	0.000000
5341	2	0	0.000000
5342	2	0	0.000000
5343	2	0	0.000000
5344	2	0	0.000000
5345	2	0	0.000000
5346	2	0	0.000000
5347	2	0	0.000000
5348	2	0	0.000000
5349	2	0	0.000000
5350	2	0	0.000000
5351	2	0	0.000000
5352	2	0	0.000000
5353	3	0	0.000000
5354	3	1	0.000000
5355	3	1	0.000000
5356	3	1	0.000000
5357	3	1	0.000000
5358	4	1	0.000000
5359	4	1	0.000000
5360	4	1	0.000000
5361	4	1	0.000000
5362	3	1	0.000000
5363	3	0	0.000000
5364	3	1	0.000000
5365	3	1	0.000000
5366	3	1	0.000000
5367	3	1	0.000000
5368	3	1	0.000000
5369	3	1	0.000000
5370	2	0	0.000000
5371	2	1	0.000000
5372	2	0	0.000000
5373	2	0	0.000000
5374	2	0	0.000000
5375	2	0	0.000000
5376	2	0	0.000000
5377	2	0	0.000000
5378	2	0	0.000000
5379	2	0	0.000000
5380	2	0	0.000000
5381	2	0	0.000000
5382	3	1	0.000000
5383	3	1	0.000000
5384	3	1	0.000000
5385	3	1	0.000000
5386	3	1	0.000000
5387	3	1	0.000000
5388	4	1	0.000000
5389	4	1	0.000000
5390	3	1	0.000000
5391	3	1	0.000000
5392	3	1	0.000000
5393	3	1	0.000000
5394	2	0	0.000000
5395	2	0	0.000000
5396	2	0	0.000000
5397	2	0	66.569000
5398	0	0	0.000000
