StartTime	2015/09/23 14:13:58
FinishTime	2015/09/23 14:15:24
ElapsedTime	86.000000
/home/daisuke/git/ReinforcementLearning/log/EV3LineTracer_20150923134031_10Setting_20150923134032.log
0	1.000000
1	0.937500	0.062500
2	0.062500	0.937500
3	0.937500	0.062500
4	0.062500	0.937500
5	0.062500	0.937500
6	0.937500	0.062500
7	0.062500	0.937500
8	0.062500	0.937500
9	0.062500	0.937500
1111
0	1	0	0.000000
1	1	0	0.000000
2	2	1	0.000000
3	1	0	0.000000
4	2	1	0.000000
5	1	0	0.000000
6	1	0	0.000000
7	2	1	0.000000
8	2	1	0.000000
9	1	0	0.000000
10	2	0	0.000000
11	2	1	0.000000
12	2	1	0.000000
13	2	1	0.000000
14	2	1	0.000000
15	2	1	0.000000
16	2	1	0.000000
17	2	1	0.000000
18	2	1	0.000000
19	2	1	0.000000
20	2	1	0.000000
21	2	1	0.000000
22	2	1	0.000000
23	2	1	0.000000
24	2	1	0.000000
25	2	1	0.000000
26	2	1	0.000000
27	2	1	0.000000
28	2	1	0.000000
29	2	1	0.000000
30	2	1	0.000000
31	2	1	0.000000
32	2	1	0.000000
33	2	1	0.000000
34	1	0	0.000000
35	1	0	0.000000
36	1	0	0.000000
37	1	0	0.000000
38	1	0	0.000000
39	1	0	0.000000
40	1	0	0.000000
41	1	0	0.000000
42	1	0	0.000000
43	1	0	0.000000
44	1	0	0.000000
45	1	0	0.000000
46	1	0	0.000000
47	1	0	0.000000
48	1	0	0.000000
49	1	0	0.000000
50	1	0	0.000000
51	1	0	0.000000
52	1	0	0.000000
53	2	1	0.000000
54	2	1	0.000000
55	2	1	0.000000
56	2	0	0.000000
57	2	1	0.000000
58	2	1	0.000000
59	2	1	0.000000
60	2	1	0.000000
61	2	0	0.000000
62	2	1	0.000000
63	1	0	0.000000
64	1	0	0.000000
65	1	0	0.000000
66	1	0	0.000000
67	1	1	0.000000
68	1	0	0.000000
69	1	0	0.000000
70	1	0	0.000000
71	2	1	0.000000
72	2	1	0.000000
73	2	1	0.000000
74	2	1	0.000000
75	2	1	0.000000
76	2	1	0.000000
77	2	1	0.000000
78	2	1	0.000000
79	2	1	0.000000
80	2	1	0.000000
81	2	1	0.000000
82	2	1	0.000000
83	2	1	0.000000
84	2	1	0.000000
85	2	1	0.000000
86	2	1	0.000000
87	1	0	0.000000
88	1	0	0.000000
89	1	0	0.000000
90	1	1	0.000000
91	1	0	0.000000
92	1	0	0.000000
93	1	0	0.000000
94	1	0	0.000000
95	1	0	0.000000
96	1	0	0.000000
97	1	0	0.000000
98	1	0	0.000000
99	1	0	0.000000
100	1	1	0.000000
101	1	0	0.000000
102	1	0	0.000000
103	1	0	0.000000
104	1	0	0.000000
105	1	0	0.000000
106	1	0	0.000000
107	1	0	0.000000
108	1	0	0.000000
109	1	0	0.000000
110	1	0	0.000000
111	1	0	0.000000
112	1	1	0.000000
113	1	0	0.000000
114	1	0	0.000000
115	1	1	0.000000
116	2	1	0.000000
117	2	1	0.000000
118	2	1	0.000000
119	2	1	0.000000
120	2	1	0.000000
121	2	1	0.000000
122	2	1	0.000000
123	2	1	0.000000
124	2	0	0.000000
125	2	0	0.000000
126	2	1	0.000000
127	1	0	0.000000
128	1	0	0.000000
129	1	0	0.000000
130	1	0	0.000000
131	1	0	0.000000
132	1	0	0.000000
133	1	0	0.000000
134	1	0	0.000000
135	1	0	0.000000
136	2	1	0.000000
137	2	1	0.000000
138	2	1	0.000000
139	2	1	0.000000
140	2	1	0.000000
141	2	1	0.000000
142	2	1	0.000000
143	2	1	0.000000
144	2	1	0.000000
145	2	1	0.000000
146	2	1	0.000000
147	2	1	0.000000
148	2	0	0.000000
149	2	1	0.000000
150	2	1	0.000000
151	2	0	0.000000
152	2	1	0.000000
153	2	0	0.000000
154	2	1	0.000000
155	2	1	0.000000
156	2	1	0.000000
157	2	1	0.000000
158	2	1	0.000000
159	2	1	0.000000
160	2	1	0.000000
161	2	1	0.000000
162	2	1	0.000000
163	1	0	0.000000
164	1	0	0.000000
165	1	1	0.000000
166	1	1	0.000000
167	1	1	0.000000
168	1	0	0.000000
169	1	0	0.000000
170	1	0	0.000000
171	1	0	0.000000
172	1	0	0.000000
173	1	0	0.000000
174	1	0	0.000000
175	1	1	0.000000
176	1	0	0.000000
177	1	0	0.000000
178	1	1	0.000000
179	1	0	0.000000
180	1	0	0.000000
181	1	0	0.000000
182	1	0	0.000000
183	1	0	0.000000
184	1	0	0.000000
185	1	1	0.000000
186	1	0	0.000000
187	2	1	0.000000
188	2	1	0.000000
189	2	1	0.000000
190	2	1	0.000000
191	1	0	0.000000
192	1	0	0.000000
193	1	0	0.000000
194	1	0	0.000000
195	1	0	0.000000
196	1	0	0.000000
197	1	0	0.000000
198	1	0	0.000000
199	2	1	0.000000
200	2	1	0.000000
201	2	1	0.000000
202	2	1	0.000000
203	2	1	0.000000
204	2	1	0.000000
205	2	1	0.000000
206	2	1	0.000000
207	2	1	0.000000
208	2	1	0.000000
209	2	1	0.000000
210	2	1	0.000000
211	1	0	0.000000
212	1	0	0.000000
213	1	1	0.000000
214	1	0	0.000000
215	1	0	0.000000
216	1	0	0.000000
217	1	0	0.000000
218	1	0	0.000000
219	1	0	0.000000
220	1	0	0.000000
221	1	0	0.000000
222	1	0	0.000000
223	1	0	0.000000
224	1	0	0.000000
225	1	0	0.000000
226	2	1	0.000000
227	1	0	0.000000
228	2	1	0.000000
229	2	1	0.000000
230	2	1	0.000000
231	2	1	0.000000
232	2	1	0.000000
233	2	1	0.000000
234	2	1	0.000000
235	2	1	0.000000
236	2	1	0.000000
237	1	0	0.000000
238	1	0	0.000000
239	1	0	0.000000
240	1	0	0.000000
241	2	1	0.000000
242	2	1	0.000000
243	2	0	0.000000
244	2	1	0.000000
245	2	1	0.000000
246	2	1	0.000000
247	2	1	0.000000
248	2	1	0.000000
249	1	0	0.000000
250	1	0	0.000000
251	1	0	0.000000
252	1	0	0.000000
253	1	0	0.000000
254	1	0	0.000000
255	1	0	0.000000
256	1	0	0.000000
257	1	0	0.000000
258	2	1	0.000000
259	2	1	0.000000
260	2	1	0.000000
261	2	1	0.000000
262	2	1	0.000000
263	2	1	0.000000
264	2	1	0.000000
265	1	0	0.000000
266	2	1	0.000000
267	2	1	0.000000
268	1	0	0.000000
269	1	0	0.000000
270	1	1	0.000000
271	1	0	0.000000
272	1	0	0.000000
273	2	1	0.000000
274	2	1	0.000000
275	2	1	0.000000
276	2	1	0.000000
277	2	1	0.000000
278	2	0	0.000000
279	2	1	0.000000
280	1	0	0.000000
281	1	0	0.000000
282	1	0	0.000000
283	1	0	0.000000
284	1	0	0.000000
285	1	0	0.000000
286	1	0	0.000000
287	1	0	0.000000
288	1	0	0.000000
289	1	0	0.000000
290	2	1	0.000000
291	2	1	0.000000
292	2	1	0.000000
293	2	1	0.000000
294	2	1	0.000000
295	2	1	0.000000
296	2	0	0.000000
297	2	1	0.000000
298	2	1	0.000000
299	1	0	0.000000
300	1	0	0.000000
301	1	1	0.000000
302	1	0	0.000000
303	1	0	0.000000
304	1	0	0.000000
305	1	0	0.000000
306	1	0	0.000000
307	1	0	0.000000
308	1	0	0.000000
309	1	0	0.000000
310	2	1	0.000000
311	2	0	0.000000
312	2	1	0.000000
313	2	0	0.000000
314	2	1	0.000000
315	2	0	0.000000
316	2	1	0.000000
317	2	1	0.000000
318	2	1	0.000000
319	2	1	0.000000
320	2	0	0.000000
321	1	0	0.000000
322	1	0	0.000000
323	1	0	0.000000
324	1	0	0.000000
325	2	1	0.000000
326	2	1	0.000000
327	2	1	0.000000
328	2	0	0.000000
329	2	1	0.000000
330	2	1	0.000000
331	2	1	0.000000
332	2	1	0.000000
333	2	1	0.000000
334	2	1	0.000000
335	2	1	0.000000
336	2	1	0.000000
337	1	0	0.000000
338	1	0	0.000000
339	1	0	0.000000
340	1	0	0.000000
341	1	0	0.000000
342	1	0	0.000000
343	1	0	0.000000
344	1	0	0.000000
345	1	0	0.000000
346	1	0	0.000000
347	1	0	0.000000
348	1	0	0.000000
349	1	0	0.000000
350	1	0	0.000000
351	1	0	0.000000
352	1	0	0.000000
353	1	0	0.000000
354	1	0	0.000000
355	2	1	0.000000
356	2	1	0.000000
357	2	1	0.000000
358	2	1	0.000000
359	2	1	0.000000
360	2	1	0.000000
361	2	1	0.000000
362	2	1	0.000000
363	2	1	0.000000
364	2	1	0.000000
365	2	1	0.000000
366	2	1	0.000000
367	2	1	0.000000
368	2	1	0.000000
369	2	1	0.000000
370	2	1	0.000000
371	2	1	0.000000
372	1	0	0.000000
373	1	0	0.000000
374	1	0	0.000000
375	1	0	0.000000
376	1	0	0.000000
377	1	0	0.000000
378	1	0	0.000000
379	1	0	0.000000
380	1	0	0.000000
381	1	0	0.000000
382	1	0	0.000000
383	2	1	0.000000
384	2	1	0.000000
385	2	1	0.000000
386	2	1	0.000000
387	2	1	0.000000
388	2	1	0.000000
389	1	0	0.000000
390	1	1	0.000000
391	1	0	0.000000
392	1	0	0.000000
393	1	0	0.000000
394	1	0	0.000000
395	1	0	0.000000
396	1	0	0.000000
397	1	0	0.000000
398	1	0	0.000000
399	2	1	0.000000
400	2	0	0.000000
401	2	1	0.000000
402	2	1	0.000000
403	2	0	0.000000
404	2	1	0.000000
405	2	1	0.000000
406	2	1	0.000000
407	2	1	0.000000
408	2	1	0.000000
409	2	1	0.000000
410	2	1	0.000000
411	2	1	0.000000
412	2	1	0.000000
413	2	1	0.000000
414	2	0	0.000000
415	2	1	0.000000
416	2	1	0.000000
417	2	1	0.000000
418	2	1	0.000000
419	2	0	0.000000
420	1	0	0.000000
421	1	0	0.000000
422	1	0	0.000000
423	1	0	0.000000
424	1	0	0.000000
425	1	0	0.000000
426	1	0	0.000000
427	1	0	0.000000
428	1	0	0.000000
429	1	0	0.000000
430	1	1	0.000000
431	1	0	0.000000
432	1	0	0.000000
433	1	0	0.000000
434	1	0	0.000000
435	1	0	0.000000
436	1	0	0.000000
437	1	0	0.000000
438	1	0	0.000000
439	2	1	0.000000
440	2	1	0.000000
441	2	1	0.000000
442	2	1	0.000000
443	2	1	0.000000
444	2	1	0.000000
445	2	1	0.000000
446	3	0	0.000000
447	2	1	0.000000
448	2	1	0.000000
449	2	1	0.000000
450	2	1	0.000000
451	2	1	0.000000
452	2	1	0.000000
453	2	1	0.000000
454	2	1	0.000000
455	2	1	0.000000
456	2	1	0.000000
457	2	1	0.000000
458	2	1	0.000000
459	2	0	0.000000
460	2	1	0.000000
461	2	1	0.000000
462	2	1	0.000000
463	1	0	0.000000
464	1	0	0.000000
465	1	0	0.000000
466	2	1	0.000000
467	2	1	0.000000
468	2	1	0.000000
469	2	1	0.000000
470	2	1	0.000000
471	2	1	0.000000
472	2	1	0.000000
473	2	1	0.000000
474	2	1	0.000000
475	2	1	0.000000
476	2	1	0.000000
477	2	1	0.000000
478	1	0	0.000000
479	2	1	0.000000
480	2	1	0.000000
481	2	1	0.000000
482	1	0	0.000000
483	1	0	0.000000
484	1	0	0.000000
485	1	0	0.000000
486	1	0	0.000000
487	1	0	0.000000
488	1	0	0.000000
489	1	0	0.000000
490	1	0	0.000000
491	1	0	0.000000
492	2	1	0.000000
493	2	0	0.000000
494	2	1	0.000000
495	2	1	0.000000
496	3	0	0.000000
497	3	0	0.000000
498	3	0	0.000000
499	3	0	0.000000
500	3	0	0.000000
501	3	0	0.000000
502	3	0	0.000000
503	3	0	0.000000
504	4	1	0.000000
505	4	1	0.000000
506	4	1	0.000000
507	4	1	0.000000
508	5	0	0.000000
509	5	1	0.000000
510	5	1	0.000000
511	5	1	0.000000
512	5	1	0.000000
513	5	1	0.000000
514	5	1	0.000000
515	5	1	0.000000
516	5	1	0.000000
517	5	1	0.000000
518	5	1	0.000000
519	5	1	0.000000
520	5	1	0.000000
521	5	1	0.000000
522	4	1	0.000000
523	4	1	0.000000
524	4	1	0.000000
525	4	1	0.000000
526	4	1	0.000000
527	4	1	0.000000
528	4	1	0.000000
529	4	1	0.000000
530	4	1	0.000000
531	4	1	0.000000
532	3	0	0.000000
533	3	0	0.000000
534	3	0	0.000000
535	3	0	0.000000
536	3	0	0.000000
537	3	0	0.000000
538	3	0	0.000000
539	3	0	0.000000
540	3	0	0.000000
541	3	0	0.000000
542	3	0	0.000000
543	4	1	0.000000
544	4	1	0.000000
545	4	1	0.000000
546	4	1	0.000000
547	4	1	0.000000
548	4	0	0.000000
549	4	1	0.000000
550	5	1	0.000000
551	4	1	0.000000
552	5	1	0.000000
553	4	1	0.000000
554	4	1	0.000000
555	4	0	0.000000
556	4	1	0.000000
557	4	1	0.000000
558	4	1	0.000000
559	4	1	0.000000
560	4	1	0.000000
561	4	1	0.000000
562	4	1	0.000000
563	4	1	0.000000
564	4	1	0.000000
565	3	0	0.000000
566	3	0	0.000000
567	3	0	0.000000
568	3	0	0.000000
569	3	1	0.000000
570	3	0	0.000000
571	3	0	0.000000
572	3	0	0.000000
573	2	1	0.000000
574	3	0	0.000000
575	3	1	0.000000
576	4	1	0.000000
577	4	1	0.000000
578	4	1	0.000000
579	4	1	0.000000
580	4	1	0.000000
581	3	0	0.000000
582	3	0	0.000000
583	3	0	0.000000
584	3	0	0.000000
585	3	0	0.000000
586	2	1	0.000000
587	2	1	0.000000
588	2	1	0.000000
589	2	1	0.000000
590	3	0	0.000000
591	3	0	0.000000
592	4	1	0.000000
593	4	1	0.000000
594	3	0	0.000000
595	3	0	0.000000
596	3	0	0.000000
597	3	0	0.000000
598	3	0	0.000000
599	3	0	0.000000
600	4	1	0.000000
601	4	1	0.000000
602	4	1	0.000000
603	4	1	0.000000
604	4	1	0.000000
605	4	1	0.000000
606	4	0	0.000000
607	5	1	0.000000
608	5	1	0.000000
609	4	1	0.000000
610	4	1	0.000000
611	4	1	0.000000
612	4	1	0.000000
613	4	1	0.000000
614	3	0	0.000000
615	3	0	0.000000
616	3	0	0.000000
617	3	0	0.000000
618	3	0	0.000000
619	3	0	0.000000
620	3	0	0.000000
621	3	0	0.000000
622	3	0	0.000000
623	3	0	0.000000
624	3	0	0.000000
625	4	1	0.000000
626	4	1	0.000000
627	4	1	0.000000
628	4	1	0.000000
629	4	1	0.000000
630	5	1	0.000000
631	5	1	0.000000
632	5	1	0.000000
633	5	1	0.000000
634	5	1	0.000000
635	4	1	0.000000
636	4	1	0.000000
637	4	1	0.000000
638	4	1	0.000000
639	3	0	0.000000
640	3	0	0.000000
641	3	0	0.000000
642	3	0	0.000000
643	3	0	0.000000
644	3	0	0.000000
645	3	0	0.000000
646	3	0	0.000000
647	3	0	0.000000
648	3	0	0.000000
649	3	0	0.000000
650	4	1	0.000000
651	4	0	0.000000
652	4	0	0.000000
653	4	1	0.000000
654	4	1	0.000000
655	5	0	0.000000
656	4	1	0.000000
657	5	1	0.000000
658	5	1	0.000000
659	5	1	0.000000
660	5	1	0.000000
661	5	1	0.000000
662	5	1	0.000000
663	4	1	0.000000
664	4	1	0.000000
665	4	1	0.000000
666	4	1	0.000000
667	4	1	0.000000
668	4	1	0.000000
669	4	0	0.000000
670	3	0	0.000000
671	3	0	0.000000
672	3	0	0.000000
673	3	0	0.000000
674	3	0	0.000000
675	3	0	0.000000
676	3	0	0.000000
677	3	0	0.000000
678	3	0	0.000000
679	3	0	0.000000
680	4	1	0.000000
681	4	0	0.000000
682	4	1	0.000000
683	4	1	0.000000
684	4	1	0.000000
685	5	1	0.000000
686	5	1	0.000000
687	5	1	0.000000
688	5	1	0.000000
689	5	1	0.000000
690	4	1	0.000000
691	4	1	0.000000
692	4	1	0.000000
693	4	1	0.000000
694	4	1	0.000000
695	4	1	0.000000
696	3	0	0.000000
697	4	1	0.000000
698	4	1	0.000000
699	4	0	0.000000
700	4	1	0.000000
701	4	1	0.000000
702	4	1	0.000000
703	4	1	0.000000
704	4	1	0.000000
705	4	1	0.000000
706	5	1	0.000000
707	5	1	0.000000
708	5	1	0.000000
709	5	1	0.000000
710	5	1	0.000000
711	5	1	0.000000
712	5	1	0.000000
713	5	1	0.000000
714	6	0	0.000000
715	6	0	0.000000
716	6	0	0.000000
717	5	0	0.000000
718	5	1	0.000000
719	5	1	0.000000
720	5	1	0.000000
721	5	1	0.000000
722	5	0	0.000000
723	5	1	0.000000
724	5	1	0.000000
725	5	1	0.000000
726	5	1	0.000000
727	5	1	0.000000
728	5	1	0.000000
729	5	1	0.000000
730	5	1	0.000000
731	5	1	0.000000
732	5	1	0.000000
733	5	1	0.000000
734	6	0	0.000000
735	6	0	0.000000
736	6	0	0.000000
737	6	0	0.000000
738	6	0	0.000000
739	5	1	0.000000
740	5	0	0.000000
741	5	1	0.000000
742	5	1	0.000000
743	5	0	0.000000
744	5	1	0.000000
745	5	1	0.000000
746	5	1	0.000000
747	5	0	0.000000
748	5	1	0.000000
749	6	0	0.000000
750	6	0	0.000000
751	6	0	0.000000
752	6	0	0.000000
753	6	0	0.000000
754	6	0	0.000000
755	6	0	0.000000
756	6	0	0.000000
757	5	1	0.000000
758	5	1	0.000000
759	5	1	0.000000
760	5	0	0.000000
761	5	1	0.000000
762	5	1	0.000000
763	5	1	0.000000
764	5	1	0.000000
765	5	1	0.000000
766	5	0	0.000000
767	5	1	0.000000
768	5	1	0.000000
769	5	0	0.000000
770	5	1	0.000000
771	6	0	0.000000
772	6	0	0.000000
773	6	0	0.000000
774	6	0	0.000000
775	5	1	0.000000
776	5	1	0.000000
777	5	1	0.000000
778	5	1	0.000000
779	5	1	0.000000
780	6	0	0.000000
781	5	0	0.000000
782	5	1	0.000000
783	5	1	0.000000
784	5	1	0.000000
785	5	1	0.000000
786	5	1	0.000000
787	5	1	0.000000
788	5	1	0.000000
789	6	0	0.000000
790	5	1	0.000000
791	6	0	0.000000
792	6	0	0.000000
793	6	0	0.000000
794	6	0	0.000000
795	5	1	0.000000
796	5	1	0.000000
797	5	1	0.000000
798	5	1	0.000000
799	5	1	0.000000
800	5	1	0.000000
801	5	1	0.000000
802	6	0	0.000000
803	6	0	0.000000
804	6	0	0.000000
805	6	0	0.000000
806	6	0	0.000000
807	6	0	0.000000
808	6	0	0.000000
809	6	0	0.000000
810	6	0	0.000000
811	6	0	0.000000
812	6	0	0.000000
813	5	1	0.000000
814	6	0	0.000000
815	6	1	0.000000
816	6	0	0.000000
817	5	1	0.000000
818	5	1	0.000000
819	5	1	0.000000
820	5	1	0.000000
821	5	1	0.000000
822	6	0	0.000000
823	6	0	0.000000
824	6	0	0.000000
825	5	1	0.000000
826	5	1	0.000000
827	5	1	0.000000
828	5	1	0.000000
829	5	1	0.000000
830	5	1	0.000000
831	5	1	0.000000
832	5	1	0.000000
833	5	1	0.000000
834	5	1	0.000000
835	5	1	0.000000
836	6	0	0.000000
837	5	1	0.000000
838	5	1	0.000000
839	6	0	0.000000
840	6	0	0.000000
841	6	0	0.000000
842	6	0	0.000000
843	6	1	0.000000
844	6	0	0.000000
845	5	1	0.000000
846	6	0	0.000000
847	5	1	0.000000
848	5	0	0.000000
849	5	1	0.000000
850	6	0	0.000000
851	6	0	0.000000
852	5	1	0.000000
853	6	0	0.000000
854	6	0	0.000000
855	6	0	0.000000
856	6	0	0.000000
857	6	1	0.000000
858	6	0	0.000000
859	6	0	0.000000
860	6	0	0.000000
861	6	0	0.000000
862	6	0	0.000000
863	5	1	0.000000
864	5	1	0.000000
865	5	1	0.000000
866	5	1	0.000000
867	5	0	0.000000
868	5	1	0.000000
869	5	1	0.000000
870	5	1	0.000000
871	5	1	0.000000
872	5	0	0.000000
873	5	1	0.000000
874	5	1	0.000000
875	5	1	0.000000
876	5	1	0.000000
877	5	1	0.000000
878	5	1	0.000000
879	5	1	0.000000
880	5	1	0.000000
881	5	1	0.000000
882	5	1	0.000000
883	5	1	0.000000
884	6	0	0.000000
885	6	0	0.000000
886	6	0	0.000000
887	5	1	0.000000
888	5	1	0.000000
889	6	1	0.000000
890	6	0	0.000000
891	6	0	0.000000
892	6	0	0.000000
893	6	0	0.000000
894	6	0	0.000000
895	6	0	0.000000
896	6	0	0.000000
897	6	0	0.000000
898	6	0	0.000000
899	6	0	0.000000
900	6	0	0.000000
901	6	0	0.000000
902	6	0	0.000000
903	6	1	0.000000
904	6	0	0.000000
905	6	0	0.000000
906	6	0	0.000000
907	6	0	0.000000
908	6	0	0.000000
909	6	0	0.000000
910	6	0	0.000000
911	6	0	0.000000
912	6	0	0.000000
913	6	0	0.000000
914	6	0	0.000000
915	6	0	0.000000
916	6	0	0.000000
917	6	0	0.000000
918	6	0	0.000000
919	6	1	0.000000
920	6	0	0.000000
921	6	0	0.000000
922	6	0	0.000000
923	6	0	0.000000
924	6	0	0.000000
925	6	0	0.000000
926	6	0	0.000000
927	6	0	0.000000
928	6	0	0.000000
929	6	0	0.000000
930	6	0	0.000000
931	6	0	0.000000
932	6	0	0.000000
933	6	0	0.000000
934	6	0	0.000000
935	6	1	0.000000
936	6	0	0.000000
937	6	0	0.000000
938	6	0	0.000000
939	6	0	0.000000
940	6	0	0.000000
941	6	0	0.000000
942	6	0	0.000000
943	6	0	0.000000
944	6	0	0.000000
945	6	0	0.000000
946	6	0	0.000000
947	6	0	0.000000
948	6	0	0.000000
949	6	0	0.000000
950	6	0	0.000000
951	6	0	0.000000
952	6	0	0.000000
953	6	0	0.000000
954	6	0	0.000000
955	6	0	0.000000
956	6	1	0.000000
957	6	0	0.000000
958	6	0	0.000000
959	6	0	0.000000
960	6	0	0.000000
961	6	1	0.000000
962	6	0	0.000000
963	6	0	0.000000
964	6	0	0.000000
965	6	0	0.000000
966	6	0	0.000000
967	6	1	0.000000
968	6	0	0.000000
969	6	0	0.000000
970	6	0	0.000000
971	6	0	0.000000
972	5	1	0.000000
973	6	0	0.000000
974	6	0	0.000000
975	6	0	0.000000
976	6	0	0.000000
977	6	0	0.000000
978	6	0	0.000000
979	6	0	0.000000
980	6	0	0.000000
981	6	0	0.000000
982	6	0	0.000000
983	6	0	0.000000
984	6	1	0.000000
985	5	1	0.000000
986	5	1	0.000000
987	5	1	0.000000
988	5	1	0.000000
989	6	0	0.000000
990	5	1	0.000000
991	6	0	0.000000
992	6	0	0.000000
993	6	0	0.000000
994	6	0	0.000000
995	5	0	0.000000
996	6	0	0.000000
997	5	1	0.000000
998	5	1	0.000000
999	5	0	0.000000
1000	5	1	0.000000
1001	5	1	0.000000
1002	5	1	0.000000
1003	5	1	0.000000
1004	5	1	0.000000
1005	6	0	0.000000
1006	5	1	0.000000
1007	5	1	0.000000
1008	5	1	0.000000
1009	5	1	0.000000
1010	5	1	0.000000
1011	5	1	0.000000
1012	5	1	0.000000
1013	5	1	0.000000
1014	5	1	0.000000
1015	5	1	0.000000
1016	5	1	0.000000
1017	6	0	0.000000
1018	6	0	0.000000
1019	6	0	0.000000
1020	5	1	0.000000
1021	5	1	0.000000
1022	5	1	0.000000
1023	5	1	0.000000
1024	5	1	0.000000
1025	5	1	0.000000
1026	5	1	0.000000
1027	5	1	0.000000
1028	5	1	0.000000
1029	5	1	0.000000
1030	5	1	0.000000
1031	5	1	0.000000
1032	5	1	0.000000
1033	5	1	0.000000
1034	5	1	0.000000
1035	5	1	0.000000
1036	5	1	0.000000
1037	5	1	0.000000
1038	5	1	0.000000
1039	5	1	0.000000
1040	5	1	0.000000
1041	5	1	0.000000
1042	5	1	0.000000
1043	5	1	0.000000
1044	5	1	0.000000
1045	5	1	0.000000
1046	5	1	0.000000
1047	5	1	0.000000
1048	5	1	0.000000
1049	5	1	0.000000
1050	5	1	0.000000
1051	5	1	0.000000
1052	5	1	0.000000
1053	5	1	0.000000
1054	5	1	0.000000
1055	5	1	0.000000
1056	5	1	0.000000
1057	6	0	0.000000
1058	6	0	0.000000
1059	6	0	0.000000
1060	6	0	0.000000
1061	6	0	0.000000
1062	6	0	0.000000
1063	6	0	0.000000
1064	6	0	0.000000
1065	6	0	0.000000
1066	5	1	0.000000
1067	6	0	0.000000
1068	6	0	0.000000
1069	5	0	0.000000
1070	5	1	0.000000
1071	5	0	0.000000
1072	5	1	0.000000
1073	5	1	0.000000
1074	5	1	0.000000
1075	5	1	0.000000
1076	5	1	0.000000
1077	5	1	0.000000
1078	5	1	0.000000
1079	5	1	0.000000
1080	5	1	0.000000
1081	5	1	0.000000
1082	5	1	0.000000
1083	5	1	0.000000
1084	5	1	0.000000
1085	5	1	0.000000
1086	5	1	0.000000
1087	5	1	0.000000
1088	5	1	0.000000
1089	5	1	0.000000
1090	5	1	0.000000
1091	5	1	0.000000
1092	5	1	0.000000
1093	5	1	0.000000
1094	5	1	0.000000
1095	5	1	0.000000
1096	5	1	0.000000
1097	5	1	0.000000
1098	5	1	0.000000
1099	5	1	0.000000
1100	5	1	0.000000
1101	5	1	0.000000
1102	5	1	0.000000
1103	5	1	0.000000
1104	5	1	0.000000
1105	5	1	0.000000
1106	5	1	0.000000
1107	5	0	0.000000
1108	5	1	0.000000
1109	5	1	600.000000
1110	0	0	0.000000
