StartTime	2015/11/05 04:34:31
FinishTime	2015/11/05 04:35:10
ElapsedTime	39.000000
/home/daisuke/git/ReinforcementLearning/log/EV3LineTracer_20151105014519_10Setting_20151105014520.log
0	1.000000
1	0.031250	0.031250	0.031250	0.906250
2	0.020833	0.020833	0.020833	0.020833	0.020833	0.895833
3	0.031250	0.031250	0.031250	0.906250
4	0.031250	0.031250	0.031250	0.906250
5	0.906250	0.031250	0.031250	0.031250
6	0.031250	0.906250	0.031250	0.031250
2935
0	3	3	1.000000
1	3	3	1.000000
2	3	3	1.000000
3	3	3	1.000000
4	3	3	1.000000
5	3	1	1.000000
6	3	3	1.000000
7	3	3	1.000000
8	3	0	1.000000
9	3	3	0.125000
10	2	5	0.125000
11	2	5	0.125000
12	2	5	1.000000
13	3	3	1.000000
14	3	3	1.000000
15	3	3	0.125000
16	2	5	0.125000
17	2	5	0.125000
18	2	5	0.125000
19	2	3	0.125000
20	2	5	0.125000
21	1	3	0.125000
22	1	3	0.125000
23	1	3	0.125000
24	1	3	0.125000
25	1	3	0.125000
26	1	3	0.125000
27	1	2	0.125000
28	1	3	0.125000
29	1	3	0.125000
30	1	3	0.125000
31	1	3	0.125000
32	1	3	0.125000
33	1	3	0.125000
34	1	3	0.125000
35	1	3	0.125000
36	1	3	0.125000
37	1	3	0.125000
38	1	3	0.125000
39	1	3	0.125000
40	1	3	0.125000
41	1	2	0.125000
42	1	3	0.125000
43	1	3	0.125000
44	2	5	0.125000
45	2	5	0.125000
46	2	2	0.125000
47	2	5	0.125000
48	2	5	0.125000
49	2	0	0.125000
50	2	5	0.125000
51	2	5	0.125000
52	2	5	0.125000
53	2	5	0.125000
54	2	5	0.125000
55	2	5	0.125000
56	2	5	0.125000
57	1	3	0.125000
58	1	2	0.125000
59	1	3	0.125000
60	1	3	0.125000
61	1	2	0.125000
62	1	3	0.125000
63	1	3	0.125000
64	1	3	0.125000
65	1	3	0.125000
66	1	3	0.125000
67	1	3	0.125000
68	1	3	0.125000
69	1	3	0.125000
70	1	3	0.125000
71	1	1	0.125000
72	1	3	0.125000
73	1	3	0.125000
74	1	3	0.125000
75	2	5	0.125000
76	2	5	0.125000
77	2	5	0.125000
78	2	5	0.125000
79	2	5	0.125000
80	2	5	0.125000
81	2	5	0.125000
82	2	5	0.125000
83	2	5	0.125000
84	2	5	0.125000
85	2	4	0.125000
86	2	5	0.125000
87	2	5	0.125000
88	2	5	0.125000
89	1	3	0.125000
90	1	3	0.125000
91	1	3	0.125000
92	1	3	0.125000
93	1	3	0.125000
94	1	3	0.125000
95	2	5	0.125000
96	2	5	0.125000
97	2	5	0.125000
98	1	3	0.125000
99	1	3	0.125000
100	1	3	0.125000
101	1	3	0.125000
102	1	3	0.125000
103	1	3	0.125000
104	1	2	0.125000
105	1	3	0.125000
106	1	3	0.125000
107	1	3	0.125000
108	1	3	0.125000
109	1	3	0.125000
110	1	3	0.125000
111	1	3	0.125000
112	1	3	0.125000
113	1	3	0.125000
114	1	3	0.125000
115	1	3	0.125000
116	1	3	0.125000
117	1	3	0.125000
118	1	3	0.125000
119	2	5	0.125000
120	2	5	0.125000
121	2	5	0.125000
122	2	5	0.125000
123	2	5	0.125000
124	2	5	0.125000
125	2	5	0.125000
126	2	5	0.125000
127	2	5	0.125000
128	2	5	0.125000
129	2	5	0.125000
130	2	5	0.125000
131	2	5	0.125000
132	1	1	0.125000
133	1	3	0.125000
134	1	3	0.125000
135	2	5	0.125000
136	2	5	0.125000
137	1	3	0.125000
138	1	3	0.125000
139	1	3	0.125000
140	1	3	0.125000
141	1	3	0.125000
142	1	3	0.125000
143	2	4	0.125000
144	2	5	0.125000
145	2	5	0.125000
146	2	2	0.125000
147	2	5	0.125000
148	2	5	0.125000
149	2	5	0.125000
150	2	0	0.125000
151	1	3	0.125000
152	1	3	0.125000
153	1	3	0.125000
154	1	3	0.125000
155	1	3	0.125000
156	1	3	0.125000
157	1	3	0.125000
158	1	3	0.125000
159	1	3	0.125000
160	1	2	0.125000
161	1	3	0.125000
162	1	2	0.125000
163	1	3	0.125000
164	1	3	0.125000
165	1	3	0.125000
166	1	3	0.125000
167	1	3	0.125000
168	1	3	0.125000
169	1	1	0.125000
170	1	3	0.125000
171	1	3	0.125000
172	1	3	0.125000
173	2	5	0.125000
174	2	5	0.125000
175	2	5	0.125000
176	2	1	0.125000
177	2	5	0.125000
178	1	3	0.125000
179	1	3	0.125000
180	1	0	0.125000
181	1	3	0.125000
182	1	3	0.125000
183	1	3	0.125000
184	1	0	0.125000
185	1	3	0.125000
186	2	5	0.125000
187	2	5	0.125000
188	2	5	0.125000
189	2	5	0.125000
190	2	5	0.125000
191	2	5	0.125000
192	2	5	0.125000
193	2	5	0.125000
194	2	5	0.125000
195	2	5	0.125000
196	2	0	0.125000
197	2	5	0.125000
198	2	5	0.125000
199	2	5	0.125000
200	1	3	0.125000
201	1	3	0.125000
202	1	2	0.125000
203	1	3	0.125000
204	1	3	0.125000
205	1	3	0.125000
206	1	3	0.125000
207	1	3	0.125000
208	1	3	0.125000
209	1	2	0.125000
210	1	3	0.125000
211	1	3	0.125000
212	1	3	0.125000
213	1	3	0.125000
214	1	3	0.125000
215	1	3	0.125000
216	1	3	0.125000
217	1	3	0.125000
218	1	3	0.125000
219	1	3	0.125000
220	1	3	0.125000
221	1	3	0.125000
222	1	3	0.125000
223	1	3	0.125000
224	1	1	0.125000
225	1	3	0.125000
226	1	3	0.125000
227	2	5	0.125000
228	2	5	0.125000
229	2	5	0.125000
230	2	5	0.125000
231	2	5	0.125000
232	2	5	1.000000
233	3	3	1.000000
234	3	2	1.000000
235	3	3	1.000000
236	3	3	1.000000
237	3	3	1.000000
238	3	3	1.000000
239	3	1	0.125000
240	2	5	0.125000
241	2	5	0.125000
242	2	5	0.125000
243	2	2	0.125000
244	2	5	0.125000
245	2	5	0.125000
246	2	5	0.125000
247	2	5	0.125000
248	2	5	0.125000
249	2	5	0.125000
250	2	5	0.125000
251	1	3	0.125000
252	1	0	0.125000
253	1	3	0.125000
254	1	3	0.125000
255	1	3	0.125000
256	1	3	0.125000
257	1	3	0.125000
258	1	3	0.125000
259	2	5	0.125000
260	2	5	0.125000
261	2	5	0.125000
262	2	5	0.125000
263	2	5	0.125000
264	1	3	0.125000
265	1	3	0.125000
266	1	3	0.125000
267	1	3	0.125000
268	1	0	0.125000
269	1	3	0.125000
270	1	2	0.125000
271	1	3	0.125000
272	2	5	0.125000
273	2	5	0.125000
274	2	2	0.125000
275	1	3	0.125000
276	1	3	0.125000
277	1	3	0.125000
278	1	3	0.125000
279	1	3	0.125000
280	2	5	0.125000
281	2	1	0.125000
282	2	5	0.125000
283	2	5	0.125000
284	2	5	0.125000
285	2	5	0.125000
286	2	5	0.125000
287	2	5	0.125000
288	2	5	0.125000
289	2	5	0.125000
290	2	5	0.125000
291	2	5	0.125000
292	2	0	0.125000
293	2	5	0.125000
294	1	3	0.125000
295	1	3	0.125000
296	1	3	0.125000
297	1	3	0.125000
298	1	3	0.125000
299	1	3	0.125000
300	1	3	0.125000
301	1	3	0.125000
302	1	3	0.125000
303	2	5	0.125000
304	2	5	0.125000
305	2	5	0.125000
306	1	3	0.125000
307	1	0	0.125000
308	1	2	0.125000
309	1	3	0.125000
310	1	3	0.125000
311	1	3	0.125000
312	2	5	0.125000
313	2	5	0.125000
314	2	5	0.125000
315	1	3	0.125000
316	2	5	0.125000
317	2	5	0.125000
318	2	5	0.125000
319	2	5	0.125000
320	2	5	0.125000
321	2	5	0.125000
322	2	5	0.125000
323	2	5	0.125000
324	2	5	0.125000
325	2	5	0.125000
326	1	3	0.125000
327	1	3	0.125000
328	2	5	0.125000
329	2	5	0.125000
330	2	5	0.125000
331	1	3	0.125000
332	1	3	0.125000
333	1	3	0.125000
334	1	1	0.125000
335	1	3	0.125000
336	1	1	0.125000
337	1	3	0.125000
338	1	3	0.125000
339	1	3	0.125000
340	1	3	0.125000
341	1	3	0.125000
342	1	3	0.125000
343	1	3	0.125000
344	1	3	0.125000
345	2	5	0.125000
346	2	5	0.125000
347	2	5	0.125000
348	1	3	0.125000
349	1	3	0.125000
350	1	3	0.125000
351	1	3	0.125000
352	1	0	0.125000
353	1	3	0.125000
354	1	3	0.125000
355	1	3	0.125000
356	1	3	0.125000
357	2	0	0.125000
358	2	5	1.000000
359	3	2	1.000000
360	3	3	0.125000
361	2	5	0.125000
362	2	5	0.125000
363	2	5	0.125000
364	2	5	0.125000
365	2	5	0.125000
366	2	5	0.125000
367	2	5	0.125000
368	2	5	0.125000
369	2	5	0.125000
370	2	5	0.125000
371	2	5	0.125000
372	2	5	0.125000
373	1	3	0.125000
374	1	1	0.125000
375	1	3	0.125000
376	2	5	0.125000
377	2	5	0.125000
378	2	5	0.125000
379	2	5	0.125000
380	2	5	0.125000
381	2	5	0.125000
382	2	5	0.125000
383	2	5	0.125000
384	2	5	0.125000
385	2	5	0.125000
386	2	2	0.125000
387	2	5	0.125000
388	2	3	0.125000
389	2	5	0.125000
390	2	5	0.125000
391	2	5	0.125000
392	2	5	0.125000
393	2	0	0.125000
394	2	5	0.125000
395	2	5	0.125000
396	2	5	0.125000
397	1	3	0.125000
398	1	3	0.125000
399	2	5	0.125000
400	2	5	0.125000
401	2	5	0.125000
402	1	3	0.125000
403	1	3	0.125000
404	1	3	0.125000
405	1	3	0.125000
406	1	3	0.125000
407	1	3	0.125000
408	1	3	0.125000
409	1	3	0.125000
410	1	3	0.125000
411	1	3	0.125000
412	1	3	0.125000
413	1	3	0.125000
414	1	3	0.125000
415	1	2	0.125000
416	1	3	0.125000
417	1	3	0.125000
418	1	3	0.125000
419	2	5	0.125000
420	2	5	0.125000
421	2	5	0.125000
422	2	5	1.000000
423	3	3	1.000000
424	3	3	1.000000
425	3	3	1.000000
426	3	3	1.000000
427	3	3	1.000000
428	3	3	1.000000
429	3	3	1.000000
430	3	3	1.000000
431	3	3	1.000000
432	3	3	1.000000
433	3	3	1.000000
434	3	3	1.000000
435	3	3	1.000000
436	3	3	1.000000
437	3	3	1.000000
438	3	3	1.000000
439	3	3	1.000000
440	3	3	1.000000
441	3	3	1.000000
442	3	3	1.000000
443	3	3	1.000000
444	3	3	1.000000
445	3	3	1.000000
446	3	3	0.125000
447	2	5	0.125000
448	2	4	0.125000
449	2	5	0.125000
450	2	5	0.125000
451	2	5	0.125000
452	2	0	0.125000
453	2	5	0.125000
454	2	5	0.125000
455	2	5	0.125000
456	2	5	0.125000
457	2	5	0.125000
458	1	3	0.125000
459	1	3	0.125000
460	1	3	0.125000
461	1	1	0.125000
462	1	3	0.125000
463	1	3	0.125000
464	1	2	0.125000
465	1	3	0.125000
466	1	3	0.125000
467	1	3	0.125000
468	1	3	0.125000
469	1	3	0.125000
470	1	3	0.125000
471	2	5	0.125000
472	2	5	0.125000
473	2	5	0.125000
474	2	5	1.000000
475	3	3	1.000000
476	3	3	1.000000
477	3	2	1.000000
478	3	3	1.000000
479	3	3	1.000000
480	3	3	1.000000
481	3	3	1.000000
482	3	2	1.000000
483	3	0	1.000000
484	3	3	1.000000
485	3	3	1.000000
486	3	3	1.000000
487	3	3	1.000000
488	3	3	1.000000
489	3	3	1.000000
490	3	3	0.125000
491	2	5	0.125000
492	2	5	0.125000
493	2	5	0.125000
494	2	5	0.125000
495	2	5	0.125000
496	2	5	0.125000
497	2	5	0.125000
498	2	5	0.125000
499	2	5	0.125000
500	1	1	0.125000
501	1	3	0.125000
502	1	3	0.125000
503	1	1	0.125000
504	1	0	0.125000
505	1	3	0.125000
506	1	3	0.125000
507	1	3	0.125000
508	1	3	0.125000
509	1	0	0.125000
510	1	3	0.125000
511	1	3	0.125000
512	1	3	0.125000
513	1	3	0.125000
514	1	3	0.125000
515	1	3	0.125000
516	1	3	0.125000
517	2	5	0.125000
518	2	5	0.125000
519	2	5	0.125000
520	2	5	0.125000
521	2	1	0.125000
522	2	5	0.125000
523	2	5	0.125000
524	2	5	0.125000
525	2	5	0.125000
526	2	5	0.125000
527	2	5	0.125000
528	2	5	0.125000
529	2	5	0.125000
530	2	5	0.125000
531	2	5	0.125000
532	2	5	0.125000
533	2	5	0.125000
534	2	5	0.125000
535	2	5	0.125000
536	2	5	0.125000
537	1	0	0.125000
538	1	3	0.125000
539	1	3	0.125000
540	1	3	0.125000
541	1	3	0.125000
542	1	3	0.125000
543	1	3	0.125000
544	1	3	0.125000
545	1	3	0.125000
546	1	3	0.125000
547	1	3	0.125000
548	1	3	0.125000
549	1	3	0.125000
550	1	3	0.125000
551	1	3	0.125000
552	1	3	0.125000
553	1	3	0.125000
554	1	3	0.125000
555	2	2	0.125000
556	2	5	0.125000
557	2	5	0.125000
558	2	5	0.125000
559	2	5	0.125000
560	2	5	0.125000
561	2	5	1.000000
562	3	3	0.125000
563	2	5	0.125000
564	2	5	0.125000
565	2	5	0.125000
566	2	5	0.125000
567	2	5	0.125000
568	2	4	0.125000
569	2	5	0.125000
570	2	5	0.125000
571	2	5	0.125000
572	2	5	0.125000
573	2	5	0.125000
574	2	5	0.125000
575	2	5	0.125000
576	2	5	0.125000
577	2	5	0.125000
578	2	5	0.125000
579	2	5	0.125000
580	2	5	0.125000
581	2	5	0.125000
582	2	5	0.125000
583	2	5	0.125000
584	2	5	0.125000
585	2	5	0.125000
586	2	5	0.125000
587	2	5	0.125000
588	2	5	0.125000
589	2	5	0.125000
590	2	5	0.125000
591	2	5	0.125000
592	2	1	0.125000
593	1	3	0.125000
594	1	3	0.125000
595	1	3	0.125000
596	1	1	0.125000
597	1	1	0.125000
598	1	3	0.125000
599	1	3	0.125000
600	2	5	0.125000
601	2	5	0.125000
602	2	5	0.125000
603	2	5	0.125000
604	2	5	0.125000
605	2	5	0.125000
606	2	5	0.125000
607	2	5	0.125000
608	2	5	0.125000
609	2	5	0.125000
610	2	5	0.125000
611	2	0	0.125000
612	1	3	0.125000
613	2	5	0.125000
614	1	3	0.125000
615	1	3	0.125000
616	1	3	0.125000
617	1	3	0.125000
618	1	3	0.125000
619	2	5	0.125000
620	2	5	0.125000
621	2	4	0.125000
622	2	5	0.125000
623	2	5	0.125000
624	2	5	0.125000
625	2	5	0.125000
626	2	5	0.125000
627	2	5	0.125000
628	2	5	0.125000
629	2	3	0.125000
630	2	5	0.125000
631	1	0	0.125000
632	1	3	0.125000
633	1	3	0.125000
634	1	3	0.125000
635	1	3	0.125000
636	1	3	0.125000
637	2	5	0.125000
638	2	5	0.125000
639	2	3	0.125000
640	2	3	0.125000
641	2	5	0.125000
642	2	5	0.125000
643	2	5	0.125000
644	2	5	0.125000
645	2	5	0.125000
646	2	5	0.125000
647	2	5	0.125000
648	2	5	0.125000
649	2	5	0.125000
650	2	3	0.125000
651	2	5	0.125000
652	2	5	0.125000
653	2	5	0.125000
654	2	5	0.125000
655	2	5	0.125000
656	2	3	0.125000
657	2	0	0.125000
658	2	5	0.125000
659	1	3	0.125000
660	1	3	0.125000
661	1	3	0.125000
662	1	3	0.125000
663	1	3	0.125000
664	2	5	0.125000
665	2	5	0.125000
666	2	5	0.125000
667	2	5	0.125000
668	2	5	0.125000
669	2	5	0.125000
670	2	1	0.125000
671	2	5	0.125000
672	2	5	0.125000
673	2	5	0.125000
674	2	5	0.125000
675	2	5	0.125000
676	2	5	0.125000
677	2	5	0.125000
678	2	5	0.125000
679	2	5	0.125000
680	2	5	0.125000
681	2	5	0.125000
682	1	3	0.125000
683	1	3	0.125000
684	1	3	0.125000
685	1	3	0.125000
686	1	3	0.125000
687	1	3	0.125000
688	1	3	0.125000
689	1	3	0.125000
690	1	3	0.125000
691	1	3	0.125000
692	1	3	0.125000
693	1	3	0.125000
694	1	1	0.125000
695	1	3	0.125000
696	1	3	0.125000
697	1	3	0.125000
698	1	3	0.125000
699	1	3	0.125000
700	1	3	0.125000
701	2	5	0.125000
702	2	5	0.125000
703	2	5	0.125000
704	2	5	0.125000
705	1	3	0.125000
706	1	3	0.125000
707	1	0	0.125000
708	1	3	0.125000
709	1	3	0.125000
710	1	3	0.125000
711	1	3	0.125000
712	1	3	0.125000
713	1	3	0.125000
714	1	3	0.125000
715	1	3	0.125000
716	1	3	0.125000
717	2	5	0.125000
718	2	5	0.125000
719	2	5	0.125000
720	2	5	0.125000
721	2	5	0.125000
722	2	5	1.000000
723	3	3	1.000000
724	3	3	1.000000
725	3	3	1.000000
726	3	3	1.000000
727	3	3	0.125000
728	2	5	0.125000
729	2	4	0.125000
730	2	5	0.125000
731	2	5	0.125000
732	2	5	0.125000
733	2	5	0.125000
734	2	5	0.125000
735	2	5	0.125000
736	2	5	0.125000
737	1	3	0.125000
738	1	3	0.125000
739	1	3	0.125000
740	1	3	0.125000
741	1	0	0.125000
742	1	3	0.125000
743	1	3	0.125000
744	1	3	0.125000
745	2	5	0.125000
746	2	5	0.125000
747	1	3	0.125000
748	1	3	0.125000
749	1	3	0.125000
750	1	3	0.125000
751	1	3	0.125000
752	1	3	0.125000
753	1	3	0.125000
754	1	3	0.125000
755	1	3	0.125000
756	1	3	0.125000
757	1	3	0.125000
758	1	3	0.125000
759	1	3	0.125000
760	1	3	0.125000
761	2	5	0.125000
762	2	5	0.125000
763	2	5	0.125000
764	2	5	0.125000
765	2	3	0.125000
766	2	5	1.000000
767	3	3	1.000000
768	3	3	1.000000
769	3	3	1.000000
770	3	2	1.000000
771	3	3	0.125000
772	2	5	0.125000
773	2	5	0.125000
774	2	5	0.125000
775	1	3	0.125000
776	1	3	0.125000
777	1	3	0.125000
778	1	3	0.125000
779	1	3	0.125000
780	1	3	0.125000
781	1	3	0.125000
782	1	1	0.125000
783	1	3	0.125000
784	1	3	0.125000
785	1	3	0.125000
786	1	3	0.125000
787	1	3	0.125000
788	2	5	0.125000
789	2	3	0.125000
790	2	5	0.125000
791	2	5	1.000000
792	3	3	1.000000
793	3	3	1.000000
794	3	3	1.000000
795	3	3	1.000000
796	3	3	1.000000
797	4	3	1.000000
798	4	3	1.000000
799	4	3	1.000000
800	4	3	1.000000
801	4	3	1.000000
802	4	1	1.000000
803	4	3	1.000000
804	4	3	1.000000
805	4	3	1.000000
806	4	3	1.000000
807	4	3	1.000000
808	4	3	1.000000
809	4	3	1.000000
810	4	3	1.000000
811	4	1	1.000000
812	4	3	1.000000
813	4	3	1.000000
814	4	3	1.000000
815	4	3	1.000000
816	4	3	1.000000
817	4	3	1.000000
818	4	3	1.000000
819	4	3	1.000000
820	4	1	1.000000
821	4	3	1.000000
822	4	3	1.000000
823	4	3	1.000000
824	4	3	1.000000
825	4	3	1.000000
826	4	3	1.000000
827	4	2	1.000000
828	4	3	1.000000
829	4	1	1.000000
830	3	3	1.000000
831	3	3	1.000000
832	3	3	1.000000
833	3	3	1.000000
834	3	3	1.000000
835	3	3	1.000000
836	3	3	1.000000
837	3	3	1.000000
838	3	3	0.125000
839	2	5	0.125000
840	2	5	0.125000
841	2	5	0.125000
842	2	4	0.125000
843	2	5	0.125000
844	2	5	0.125000
845	1	1	0.125000
846	1	3	0.125000
847	1	3	0.125000
848	1	3	0.125000
849	1	3	0.125000
850	1	3	0.125000
851	1	3	0.125000
852	1	3	0.125000
853	1	3	0.125000
854	1	3	0.125000
855	1	3	0.125000
856	1	3	0.125000
857	1	3	0.125000
858	1	3	0.125000
859	1	3	0.125000
860	1	3	0.125000
861	2	2	0.125000
862	2	5	0.125000
863	2	5	1.000000
864	3	3	1.000000
865	3	3	1.000000
866	3	3	1.000000
867	3	3	1.000000
868	3	3	1.000000
869	3	3	1.000000
870	3	3	1.000000
871	3	3	1.000000
872	3	3	1.000000
873	3	3	0.125000
874	2	5	0.125000
875	2	2	0.125000
876	2	5	0.125000
877	2	5	0.125000
878	1	3	0.125000
879	1	3	0.125000
880	1	3	0.125000
881	1	3	0.125000
882	1	3	0.125000
883	1	2	0.125000
884	1	3	0.125000
885	1	3	0.125000
886	1	3	0.125000
887	1	3	0.125000
888	1	3	0.125000
889	1	3	0.125000
890	1	3	0.125000
891	2	5	0.125000
892	2	5	0.125000
893	2	5	0.125000
894	2	5	0.125000
895	2	5	0.125000
896	2	5	0.125000
897	2	5	0.125000
898	2	5	0.125000
899	2	5	0.125000
900	2	5	0.125000
901	2	5	0.125000
902	2	5	0.125000
903	2	5	0.125000
904	2	5	0.125000
905	2	5	0.125000
906	2	5	0.125000
907	2	5	1.000000
908	3	3	1.000000
909	3	3	1.000000
910	3	1	1.000000
911	3	2	1.000000
912	3	3	1.000000
913	3	3	1.000000
914	3	3	1.000000
915	3	3	1.000000
916	3	3	0.125000
917	2	5	0.125000
918	2	5	0.125000
919	2	5	0.125000
920	2	5	0.125000
921	2	5	0.125000
922	2	5	0.125000
923	2	5	0.125000
924	2	5	0.125000
925	2	5	0.125000
926	2	5	0.125000
927	2	5	0.125000
928	2	5	0.125000
929	2	5	0.125000
930	2	5	0.125000
931	2	5	0.125000
932	2	5	0.125000
933	1	1	0.125000
934	1	3	0.125000
935	1	3	0.125000
936	1	3	0.125000
937	1	3	0.125000
938	1	3	0.125000
939	1	3	0.125000
940	1	3	0.125000
941	1	3	0.125000
942	1	3	0.125000
943	1	3	0.125000
944	1	3	0.125000
945	1	3	0.125000
946	1	3	0.125000
947	2	5	0.125000
948	2	5	0.125000
949	2	5	0.125000
950	2	5	0.125000
951	2	5	1.000000
952	3	3	1.000000
953	3	3	1.000000
954	3	3	1.000000
955	3	3	1.000000
956	3	3	1.000000
957	3	3	1.000000
958	3	3	1.000000
959	3	3	1.000000
960	3	3	1.000000
961	3	3	1.000000
962	3	3	1.000000
963	3	3	1.000000
964	3	3	1.000000
965	3	3	1.000000
966	3	3	1.000000
967	3	3	0.125000
968	2	5	0.125000
969	2	5	0.125000
970	2	5	0.125000
971	2	5	0.125000
972	2	5	0.125000
973	2	5	0.125000
974	2	5	0.125000
975	2	5	0.125000
976	2	5	0.125000
977	2	5	0.125000
978	2	5	0.125000
979	2	5	0.125000
980	1	3	0.125000
981	1	1	0.125000
982	1	3	0.125000
983	1	3	0.125000
984	1	3	0.125000
985	2	5	0.125000
986	2	5	0.125000
987	2	5	0.125000
988	1	3	0.125000
989	1	3	0.125000
990	1	3	0.125000
991	1	3	0.125000
992	1	0	0.125000
993	1	3	0.125000
994	1	3	0.125000
995	1	1	0.125000
996	1	3	0.125000
997	1	3	0.125000
998	1	3	0.125000
999	1	2	0.125000
1000	1	0	0.125000
1001	1	3	0.125000
1002	1	3	0.125000
1003	1	3	0.125000
1004	1	2	0.125000
1005	1	3	0.125000
1006	1	3	0.125000
1007	1	3	0.125000
1008	2	5	0.125000
1009	2	5	0.125000
1010	2	5	0.125000
1011	2	5	1.000000
1012	3	3	1.000000
1013	3	3	1.000000
1014	3	3	1.000000
1015	3	3	1.000000
1016	3	3	1.000000
1017	4	3	1.000000
1018	4	3	1.000000
1019	3	3	1.000000
1020	3	3	1.000000
1021	3	3	1.000000
1022	3	3	1.000000
1023	3	3	1.000000
1024	4	3	1.000000
1025	4	3	1.000000
1026	4	1	1.000000
1027	4	3	1.000000
1028	4	3	1.000000
1029	4	3	1.000000
1030	4	3	1.000000
1031	4	3	1.000000
1032	4	3	1.000000
1033	4	2	1.000000
1034	4	3	1.000000
1035	4	3	1.000000
1036	4	3	1.000000
1037	4	3	1.000000
1038	4	3	1.000000
1039	4	3	1.000000
1040	4	3	1.000000
1041	4	3	1.000000
1042	4	3	1.000000
1043	4	3	1.000000
1044	4	3	1.000000
1045	4	0	1.000000
1046	4	3	1.000000
1047	4	3	1.000000
1048	4	3	1.000000
1049	4	3	1.000000
1050	4	1	1.000000
1051	4	3	1.000000
1052	4	3	1.000000
1053	4	3	1.000000
1054	4	2	1.000000
1055	4	3	1.000000
1056	4	3	1.000000
1057	4	3	1.000000
1058	4	3	1.000000
1059	4	3	1.000000
1060	4	3	1.000000
1061	4	2	1.000000
1062	4	3	1.000000
1063	4	3	1.000000
1064	4	3	1.000000
1065	4	3	1.000000
1066	4	3	1.000000
1067	4	2	1.000000
1068	4	3	1.000000
1069	4	3	1.000000
1070	4	3	1.000000
1071	4	3	1.000000
1072	3	3	1.000000
1073	3	3	1.000000
1074	3	3	1.000000
1075	3	3	1.000000
1076	3	3	1.000000
1077	3	3	1.000000
1078	3	1	1.000000
1079	3	3	1.000000
1080	3	2	1.000000
1081	3	3	0.125000
1082	2	5	0.125000
1083	2	5	0.125000
1084	2	5	0.125000
1085	2	5	0.125000
1086	1	3	0.125000
1087	1	3	0.125000
1088	1	3	0.125000
1089	1	3	0.125000
1090	1	3	0.125000
1091	1	3	0.125000
1092	1	3	0.125000
1093	1	3	0.125000
1094	1	3	0.125000
1095	1	3	0.125000
1096	1	3	0.125000
1097	1	3	0.125000
1098	1	3	0.125000
1099	1	3	0.125000
1100	1	3	0.125000
1101	2	5	0.125000
1102	2	5	0.125000
1103	2	5	0.125000
1104	2	5	0.125000
1105	2	5	1.000000
1106	3	3	0.125000
1107	2	4	0.125000
1108	2	5	0.125000
1109	2	5	0.125000
1110	2	5	0.125000
1111	2	5	0.125000
1112	2	5	0.125000
1113	1	3	0.125000
1114	1	3	0.125000
1115	2	5	0.125000
1116	1	0	0.125000
1117	1	3	0.125000
1118	1	3	0.125000
1119	1	3	0.125000
1120	1	3	0.125000
1121	1	3	0.125000
1122	1	3	0.125000
1123	1	3	0.125000
1124	1	3	0.125000
1125	1	1	0.125000
1126	1	3	0.125000
1127	1	3	0.125000
1128	1	3	0.125000
1129	1	3	0.125000
1130	1	2	0.125000
1131	1	3	0.125000
1132	1	3	0.125000
1133	1	2	0.125000
1134	1	3	0.125000
1135	1	0	0.125000
1136	1	3	0.125000
1137	1	0	0.125000
1138	1	3	0.125000
1139	1	3	0.125000
1140	1	3	0.125000
1141	1	3	0.125000
1142	1	3	0.125000
1143	1	3	0.125000
1144	1	1	0.125000
1145	1	2	0.125000
1146	1	3	0.125000
1147	1	0	0.125000
1148	1	3	0.125000
1149	1	3	0.125000
1150	1	3	0.125000
1151	1	3	0.125000
1152	1	3	0.125000
1153	1	3	0.125000
1154	1	3	0.125000
1155	1	3	0.125000
1156	1	3	0.125000
1157	1	3	0.125000
1158	1	3	0.125000
1159	1	1	0.125000
1160	1	3	0.125000
1161	1	3	0.125000
1162	1	2	0.125000
1163	1	0	0.125000
1164	1	3	0.125000
1165	1	3	0.125000
1166	1	3	0.125000
1167	1	3	0.125000
1168	1	3	0.125000
1169	1	3	0.125000
1170	1	3	0.125000
1171	1	3	0.125000
1172	1	1	0.125000
1173	1	3	0.125000
1174	1	3	0.125000
1175	1	3	0.125000
1176	1	3	0.125000
1177	1	3	0.125000
1178	1	2	0.125000
1179	1	3	0.125000
1180	1	3	0.125000
1181	1	3	0.125000
1182	1	0	0.125000
1183	1	3	0.125000
1184	1	3	0.125000
1185	1	3	0.125000
1186	1	3	0.125000
1187	1	3	0.125000
1188	1	1	0.125000
1189	1	3	0.125000
1190	1	3	0.125000
1191	1	3	0.125000
1192	1	3	0.125000
1193	1	3	0.125000
1194	1	3	0.125000
1195	1	3	0.125000
1196	1	3	0.125000
1197	1	3	0.125000
1198	1	3	0.125000
1199	1	3	0.125000
1200	1	3	0.125000
1201	1	3	0.125000
1202	1	3	0.125000
1203	1	3	0.125000
1204	1	3	0.125000
1205	1	3	0.125000
1206	1	3	0.125000
1207	1	3	0.125000
1208	1	3	0.125000
1209	1	3	0.125000
1210	1	3	0.125000
1211	1	3	0.125000
1212	1	3	0.125000
1213	1	3	0.125000
1214	1	3	0.125000
1215	1	3	0.125000
1216	1	3	0.125000
1217	1	3	0.125000
1218	1	3	0.125000
1219	1	3	0.125000
1220	1	3	0.125000
1221	1	3	0.125000
1222	1	3	0.125000
1223	1	3	0.125000
1224	1	3	0.125000
1225	1	3	0.125000
1226	1	3	0.125000
1227	1	3	0.125000
1228	1	3	0.125000
1229	1	3	0.125000
1230	1	3	0.125000
1231	1	3	0.125000
1232	1	3	0.125000
1233	1	3	0.125000
1234	1	3	0.125000
1235	1	3	0.125000
1236	1	3	0.125000
1237	1	2	0.125000
1238	1	1	0.125000
1239	1	3	0.125000
1240	1	3	0.125000
1241	1	3	0.125000
1242	1	3	0.125000
1243	1	3	0.125000
1244	1	3	0.125000
1245	1	3	0.125000
1246	1	3	0.125000
1247	1	3	0.125000
1248	1	3	0.125000
1249	1	3	0.125000
1250	1	3	0.125000
1251	1	3	0.125000
1252	1	3	0.125000
1253	1	3	0.125000
1254	1	3	0.125000
1255	1	3	0.125000
1256	1	3	0.125000
1257	1	3	0.125000
1258	1	3	0.125000
1259	1	3	0.125000
1260	1	3	0.125000
1261	1	0	0.125000
1262	1	0	0.125000
1263	1	3	0.125000
1264	1	3	0.125000
1265	1	3	0.125000
1266	1	3	0.125000
1267	1	3	0.125000
1268	1	3	0.125000
1269	1	1	0.125000
1270	1	3	0.125000
1271	1	3	0.125000
1272	1	3	0.125000
1273	1	3	0.125000
1274	1	2	0.125000
1275	1	3	0.125000
1276	1	3	0.125000
1277	1	3	0.125000
1278	1	3	0.125000
1279	1	3	0.125000
1280	1	3	0.125000
1281	1	3	0.125000
1282	1	1	0.125000
1283	1	3	0.125000
1284	1	3	0.125000
1285	1	3	0.125000
1286	1	3	0.125000
1287	1	3	0.125000
1288	1	3	0.125000
1289	1	3	0.125000
1290	1	3	0.125000
1291	1	3	0.125000
1292	1	2	0.125000
1293	1	3	0.125000
1294	1	3	0.125000
1295	1	3	0.125000
1296	1	2	0.125000
1297	1	3	0.125000
1298	1	3	0.125000
1299	1	3	0.125000
1300	1	3	0.125000
1301	1	3	0.125000
1302	1	3	0.125000
1303	1	0	0.125000
1304	1	1	0.125000
1305	1	3	0.125000
1306	1	3	0.125000
1307	1	3	0.125000
1308	1	2	0.125000
1309	1	3	0.125000
1310	1	3	0.125000
1311	1	3	0.125000
1312	1	3	0.125000
1313	1	3	0.125000
1314	1	3	0.125000
1315	1	1	0.125000
1316	1	3	0.125000
1317	1	3	0.125000
1318	1	3	0.125000
1319	1	3	0.125000
1320	1	3	0.125000
1321	1	2	0.125000
1322	1	3	0.125000
1323	1	3	0.125000
1324	1	3	0.125000
1325	1	3	0.125000
1326	1	3	0.125000
1327	1	3	0.125000
1328	1	3	0.125000
1329	1	3	0.125000
1330	1	3	0.125000
1331	1	3	0.125000
1332	1	3	0.125000
1333	1	2	0.125000
1334	1	3	0.125000
1335	1	3	0.125000
1336	1	3	0.125000
1337	1	3	0.125000
1338	1	3	0.125000
1339	1	3	0.125000
1340	2	5	0.125000
1341	2	1	0.125000
1342	2	5	0.125000
1343	2	5	0.125000
1344	2	5	1.000000
1345	3	3	1.000000
1346	3	3	1.000000
1347	3	3	1.000000
1348	3	3	1.000000
1349	3	3	1.000000
1350	3	3	1.000000
1351	3	1	1.000000
1352	3	3	1.000000
1353	3	3	1.000000
1354	3	3	1.000000
1355	3	3	1.000000
1356	3	3	1.000000
1357	3	3	1.000000
1358	3	3	1.000000
1359	3	3	1.000000
1360	3	3	1.000000
1361	3	3	1.000000
1362	3	3	1.000000
1363	3	3	1.000000
1364	3	3	1.000000
1365	3	3	1.000000
1366	3	3	1.000000
1367	3	3	1.000000
1368	3	3	1.000000
1369	3	3	1.000000
1370	3	3	1.000000
1371	3	3	1.000000
1372	3	3	1.000000
1373	3	3	1.000000
1374	3	3	1.000000
1375	3	3	1.000000
1376	3	3	0.125000
1377	2	5	0.125000
1378	2	3	0.125000
1379	2	5	0.125000
1380	2	5	0.125000
1381	2	5	0.125000
1382	2	5	0.125000
1383	2	5	0.125000
1384	1	3	0.125000
1385	1	3	0.125000
1386	1	3	0.125000
1387	1	3	0.125000
1388	1	3	0.125000
1389	1	3	0.125000
1390	1	3	0.125000
1391	1	3	0.125000
1392	1	3	0.125000
1393	1	3	0.125000
1394	2	5	0.125000
1395	2	5	0.125000
1396	2	4	0.125000
1397	1	3	0.125000
1398	1	3	0.125000
1399	1	3	0.125000
1400	1	3	0.125000
1401	1	3	0.125000
1402	1	3	0.125000
1403	2	5	0.125000
1404	2	0	0.125000
1405	2	5	0.125000
1406	2	5	0.125000
1407	2	5	0.125000
1408	2	5	1.000000
1409	3	3	1.000000
1410	3	3	1.000000
1411	3	3	1.000000
1412	3	3	1.000000
1413	3	3	1.000000
1414	3	3	1.000000
1415	3	3	1.000000
1416	3	3	1.000000
1417	3	3	1.000000
1418	3	3	1.000000
1419	3	3	1.000000
1420	3	3	1.000000
1421	4	3	1.000000
1422	4	3	1.000000
1423	4	3	1.000000
1424	3	1	1.000000
1425	3	3	1.000000
1426	3	3	1.000000
1427	3	3	1.000000
1428	3	3	1.000000
1429	3	3	1.000000
1430	3	3	1.000000
1431	3	3	1.000000
1432	3	3	1.000000
1433	3	3	1.000000
1434	3	3	1.000000
1435	3	1	1.000000
1436	3	3	1.000000
1437	3	3	1.000000
1438	3	1	1.000000
1439	3	3	1.000000
1440	3	3	1.000000
1441	3	3	1.000000
1442	3	3	1.000000
1443	3	3	1.000000
1444	3	0	1.000000
1445	3	3	1.000000
1446	3	3	1.000000
1447	3	3	1.000000
1448	3	1	1.000000
1449	3	3	1.000000
1450	3	3	1.000000
1451	3	3	1.000000
1452	3	3	1.000000
1453	3	2	1.000000
1454	3	3	1.000000
1455	3	3	1.000000
1456	3	3	1.000000
1457	3	3	1.000000
1458	3	3	1.000000
1459	3	3	1.000000
1460	3	3	1.000000
1461	3	1	1.000000
1462	3	0	1.000000
1463	3	3	1.000000
1464	3	0	1.000000
1465	3	3	1.000000
1466	3	3	1.000000
1467	3	3	1.000000
1468	3	3	1.000000
1469	3	3	1.000000
1470	3	3	1.000000
1471	3	3	1.000000
1472	3	3	1.000000
1473	3	1	1.000000
1474	3	3	1.000000
1475	3	3	1.000000
1476	3	3	1.000000
1477	3	3	1.000000
1478	3	3	1.000000
1479	3	3	1.000000
1480	3	3	1.000000
1481	3	3	1.000000
1482	3	3	1.000000
1483	3	3	1.000000
1484	3	3	1.000000
1485	3	3	1.000000
1486	3	3	1.000000
1487	3	3	1.000000
1488	3	3	1.000000
1489	3	2	1.000000
1490	3	3	1.000000
1491	3	3	1.000000
1492	3	3	1.000000
1493	3	3	1.000000
1494	3	3	1.000000
1495	3	3	1.000000
1496	3	0	1.000000
1497	3	3	1.000000
1498	3	3	1.000000
1499	3	3	1.000000
1500	3	3	1.000000
1501	3	3	1.000000
1502	3	3	1.000000
1503	3	3	1.000000
1504	3	3	1.000000
1505	3	3	1.000000
1506	3	3	1.000000
1507	3	0	1.000000
1508	3	3	1.000000
1509	3	3	1.000000
1510	3	3	1.000000
1511	3	3	1.000000
1512	3	3	1.000000
1513	3	3	1.000000
1514	3	3	1.000000
1515	3	3	1.000000
1516	3	3	1.000000
1517	3	3	1.000000
1518	3	3	1.000000
1519	3	3	1.000000
1520	3	3	1.000000
1521	3	3	1.000000
1522	3	3	1.000000
1523	3	3	0.125000
1524	2	5	0.125000
1525	2	5	0.125000
1526	2	0	0.125000
1527	2	5	0.125000
1528	2	5	0.125000
1529	2	5	0.125000
1530	2	5	0.125000
1531	2	5	0.125000
1532	2	5	0.125000
1533	1	3	0.125000
1534	1	3	0.125000
1535	1	3	0.125000
1536	2	5	0.125000
1537	2	5	0.125000
1538	2	5	0.125000
1539	2	5	0.125000
1540	1	3	0.125000
1541	1	3	0.125000
1542	1	3	0.125000
1543	1	3	0.125000
1544	1	3	0.125000
1545	1	3	0.125000
1546	1	1	0.125000
1547	1	1	0.125000
1548	1	3	0.125000
1549	1	3	0.125000
1550	1	3	0.125000
1551	1	3	0.125000
1552	1	3	0.125000
1553	1	3	0.125000
1554	1	3	0.125000
1555	1	3	0.125000
1556	1	3	0.125000
1557	1	3	0.125000
1558	1	0	0.125000
1559	1	3	0.125000
1560	1	3	0.125000
1561	1	1	0.125000
1562	1	3	0.125000
1563	2	5	0.125000
1564	2	5	0.125000
1565	2	5	0.125000
1566	2	5	0.125000
1567	2	5	0.125000
1568	2	5	0.125000
1569	2	3	0.125000
1570	2	5	0.125000
1571	2	2	0.125000
1572	2	5	0.125000
1573	2	5	0.125000
1574	2	5	0.125000
1575	2	5	0.125000
1576	2	5	0.125000
1577	2	5	0.125000
1578	1	3	0.125000
1579	1	2	0.125000
1580	1	3	0.125000
1581	1	3	0.125000
1582	1	3	0.125000
1583	1	3	0.125000
1584	1	3	0.125000
1585	2	3	0.125000
1586	2	5	0.125000
1587	1	3	0.125000
1588	1	3	0.125000
1589	1	3	0.125000
1590	1	3	0.125000
1591	1	3	0.125000
1592	1	3	0.125000
1593	1	3	0.125000
1594	1	3	0.125000
1595	1	3	0.125000
1596	1	3	0.125000
1597	1	3	0.125000
1598	2	5	0.125000
1599	2	5	0.125000
1600	2	5	0.125000
1601	2	5	0.125000
1602	2	5	0.125000
1603	2	5	0.125000
1604	2	5	0.125000
1605	2	5	0.125000
1606	2	2	0.125000
1607	2	5	0.125000
1608	2	5	0.125000
1609	2	5	0.125000
1610	2	5	0.125000
1611	1	0	0.125000
1612	1	3	0.125000
1613	1	3	0.125000
1614	1	3	0.125000
1615	1	3	0.125000
1616	1	3	0.125000
1617	1	2	0.125000
1618	1	1	0.125000
1619	1	3	0.125000
1620	1	3	0.125000
1621	1	3	0.125000
1622	1	0	0.125000
1623	1	3	0.125000
1624	1	3	0.125000
1625	1	3	0.125000
1626	1	3	0.125000
1627	1	1	0.125000
1628	2	5	0.125000
1629	2	5	0.125000
1630	2	5	0.125000
1631	2	5	0.125000
1632	2	5	0.125000
1633	2	5	0.125000
1634	2	2	0.125000
1635	2	3	0.125000
1636	2	5	0.125000
1637	2	5	0.125000
1638	2	5	0.125000
1639	2	5	0.125000
1640	2	5	0.125000
1641	2	5	0.125000
1642	2	5	0.125000
1643	1	1	0.125000
1644	1	3	0.125000
1645	1	3	0.125000
1646	1	0	0.125000
1647	1	3	0.125000
1648	1	3	0.125000
1649	1	1	0.125000
1650	1	3	0.125000
1651	2	5	0.125000
1652	2	5	0.125000
1653	2	5	0.125000
1654	2	5	0.125000
1655	2	5	0.125000
1656	2	5	0.125000
1657	2	5	0.125000
1658	2	5	0.125000
1659	2	5	0.125000
1660	1	3	0.125000
1661	1	3	0.125000
1662	1	3	0.125000
1663	1	3	0.125000
1664	1	3	0.125000
1665	1	3	0.125000
1666	1	3	0.125000
1667	1	3	0.125000
1668	1	1	0.125000
1669	1	3	0.125000
1670	1	3	0.125000
1671	1	3	0.125000
1672	1	3	0.125000
1673	1	3	0.125000
1674	1	2	0.125000
1675	1	3	0.125000
1676	1	3	0.125000
1677	1	1	0.125000
1678	1	0	0.125000
1679	1	3	0.125000
1680	1	3	0.125000
1681	1	3	0.125000
1682	1	3	0.125000
1683	1	3	0.125000
1684	2	5	0.125000
1685	2	5	0.125000
1686	2	5	0.125000
1687	2	5	0.125000
1688	2	5	0.125000
1689	1	1	0.125000
1690	1	3	0.125000
1691	1	3	0.125000
1692	1	3	0.125000
1693	2	5	0.125000
1694	2	5	0.125000
1695	2	3	0.125000
1696	2	5	0.125000
1697	2	5	0.125000
1698	1	3	0.125000
1699	1	3	0.125000
1700	1	2	0.125000
1701	1	3	0.125000
1702	1	3	0.125000
1703	1	3	0.125000
1704	1	3	0.125000
1705	1	3	0.125000
1706	1	3	0.125000
1707	1	3	0.125000
1708	1	3	0.125000
1709	1	3	0.125000
1710	1	3	0.125000
1711	1	3	0.125000
1712	1	3	0.125000
1713	1	3	0.125000
1714	1	3	0.125000
1715	2	5	0.125000
1716	2	5	0.125000
1717	2	5	0.125000
1718	2	5	0.125000
1719	2	5	0.125000
1720	2	5	0.125000
1721	2	5	0.125000
1722	2	5	0.125000
1723	2	5	0.125000
1724	2	5	0.125000
1725	2	5	0.125000
1726	2	5	0.125000
1727	2	5	0.125000
1728	1	3	0.125000
1729	2	5	0.125000
1730	1	3	0.125000
1731	1	3	0.125000
1732	1	3	0.125000
1733	1	3	0.125000
1734	1	3	0.125000
1735	1	3	0.125000
1736	1	0	0.125000
1737	1	0	0.125000
1738	1	3	0.125000
1739	1	3	0.125000
1740	1	3	0.125000
1741	2	5	0.125000
1742	2	5	0.125000
1743	1	3	0.125000
1744	1	3	0.125000
1745	1	3	0.125000
1746	1	3	0.125000
1747	1	2	0.125000
1748	2	5	0.125000
1749	2	5	0.125000
1750	2	5	0.125000
1751	2	5	0.125000
1752	1	3	0.125000
1753	1	3	0.125000
1754	1	3	0.125000
1755	1	3	0.125000
1756	1	3	0.125000
1757	1	3	0.125000
1758	1	3	0.125000
1759	1	3	0.125000
1760	1	3	0.125000
1761	1	3	0.125000
1762	1	3	0.125000
1763	1	3	0.125000
1764	1	3	0.125000
1765	1	3	0.125000
1766	1	3	0.125000
1767	1	3	0.125000
1768	1	3	0.125000
1769	1	3	0.125000
1770	2	5	0.125000
1771	2	5	0.125000
1772	2	5	0.125000
1773	2	5	1.000000
1774	3	3	1.000000
1775	3	3	1.000000
1776	3	3	1.000000
1777	3	3	1.000000
1778	4	3	1.000000
1779	4	3	1.000000
1780	4	3	1.000000
1781	4	3	1.000000
1782	4	3	1.000000
1783	4	3	1.000000
1784	3	3	1.000000
1785	4	3	1.000000
1786	4	3	1.000000
1787	4	3	1.000000
1788	4	3	1.000000
1789	4	3	1.000000
1790	4	3	1.000000
1791	4	3	1.000000
1792	4	3	1.000000
1793	4	3	1.000000
1794	4	3	1.000000
1795	4	3	1.000000
1796	3	3	1.000000
1797	3	3	1.000000
1798	3	3	1.000000
1799	3	3	1.000000
1800	3	3	1.000000
1801	4	3	1.000000
1802	4	3	1.000000
1803	4	3	1.000000
1804	4	3	1.000000
1805	4	1	1.000000
1806	4	3	1.000000
1807	4	2	1.000000
1808	4	2	1.000000
1809	4	3	1.000000
1810	4	3	1.000000
1811	4	3	1.000000
1812	4	3	1.000000
1813	4	3	1.000000
1814	4	3	1.000000
1815	4	3	1.000000
1816	4	3	1.000000
1817	4	3	1.000000
1818	4	3	1.000000
1819	4	3	1.000000
1820	4	3	1.000000
1821	4	3	1.000000
1822	4	3	1.000000
1823	4	3	1.000000
1824	4	3	1.000000
1825	4	0	1.000000
1826	4	3	1.000000
1827	4	3	1.000000
1828	4	3	1.000000
1829	4	3	1.000000
1830	4	3	1.000000
1831	4	3	1.000000
1832	4	3	1.000000
1833	3	3	1.000000
1834	3	3	1.000000
1835	4	0	1.000000
1836	4	3	1.000000
1837	4	3	1.000000
1838	3	3	1.000000
1839	3	1	1.000000
1840	3	1	1.000000
1841	3	3	1.000000
1842	3	3	1.000000
1843	3	1	1.000000
1844	3	3	1.000000
1845	3	3	1.000000
1846	3	3	1.000000
1847	3	3	1.000000
1848	3	3	1.000000
1849	3	0	1.000000
1850	3	3	1.000000
1851	3	3	1.000000
1852	3	3	0.125000
1853	2	5	0.125000
1854	2	5	0.125000
1855	2	5	0.125000
1856	2	5	0.125000
1857	2	5	0.125000
1858	2	5	0.125000
1859	1	3	0.125000
1860	1	3	0.125000
1861	1	3	0.125000
1862	1	3	0.125000
1863	1	3	0.125000
1864	2	5	0.125000
1865	2	5	0.125000
1866	2	5	0.125000
1867	2	5	0.125000
1868	1	3	0.125000
1869	1	3	0.125000
1870	1	3	0.125000
1871	1	3	0.125000
1872	1	3	0.125000
1873	1	3	0.125000
1874	1	1	0.125000
1875	2	5	0.125000
1876	2	5	0.125000
1877	2	5	0.125000
1878	2	5	0.125000
1879	2	5	0.125000
1880	2	5	0.125000
1881	2	5	0.125000
1882	2	5	0.125000
1883	2	5	0.125000
1884	2	5	0.125000
1885	2	5	0.125000
1886	2	5	0.125000
1887	2	5	0.125000
1888	2	5	0.125000
1889	2	5	0.125000
1890	2	5	0.125000
1891	2	5	0.125000
1892	2	5	1.000000
1893	3	3	1.000000
1894	3	3	1.000000
1895	3	3	1.000000
1896	3	3	1.000000
1897	3	3	1.000000
1898	3	3	1.000000
1899	3	3	1.000000
1900	3	3	0.125000
1901	2	5	0.125000
1902	2	1	0.125000
1903	2	5	0.125000
1904	2	5	0.125000
1905	2	5	0.125000
1906	2	5	0.125000
1907	2	5	0.125000
1908	2	5	0.125000
1909	2	5	0.125000
1910	2	5	0.125000
1911	2	5	0.125000
1912	2	5	0.125000
1913	2	5	0.125000
1914	2	5	0.125000
1915	1	3	0.125000
1916	1	3	0.125000
1917	1	3	0.125000
1918	1	3	0.125000
1919	1	3	0.125000
1920	1	3	0.125000
1921	1	3	0.125000
1922	1	0	0.125000
1923	1	3	0.125000
1924	1	3	0.125000
1925	1	3	0.125000
1926	1	3	0.125000
1927	1	3	0.125000
1928	1	3	0.125000
1929	1	3	0.125000
1930	1	3	0.125000
1931	1	3	0.125000
1932	2	5	0.125000
1933	2	5	0.125000
1934	2	5	0.125000
1935	2	1	0.125000
1936	2	5	0.125000
1937	2	5	1.000000
1938	3	3	1.000000
1939	3	3	1.000000
1940	3	3	1.000000
1941	3	1	1.000000
1942	3	3	1.000000
1943	3	3	1.000000
1944	3	3	1.000000
1945	3	3	1.000000
1946	3	3	1.000000
1947	3	3	0.125000
1948	2	5	0.125000
1949	2	5	0.125000
1950	2	5	0.125000
1951	2	0	0.125000
1952	2	5	0.125000
1953	2	5	0.125000
1954	2	5	0.125000
1955	2	5	0.125000
1956	2	5	0.125000
1957	1	3	0.125000
1958	1	3	0.125000
1959	1	3	0.125000
1960	1	3	0.125000
1961	1	3	0.125000
1962	1	3	0.125000
1963	1	3	0.125000
1964	1	3	0.125000
1965	1	3	0.125000
1966	1	3	0.125000
1967	1	3	0.125000
1968	1	3	0.125000
1969	1	3	0.125000
1970	1	3	0.125000
1971	1	3	0.125000
1972	1	3	0.125000
1973	2	1	0.125000
1974	2	5	0.125000
1975	2	1	0.125000
1976	2	5	0.125000
1977	2	5	0.125000
1978	2	5	0.125000
1979	2	5	0.125000
1980	2	5	0.125000
1981	2	5	0.125000
1982	2	5	0.125000
1983	2	5	0.125000
1984	2	5	0.125000
1985	2	5	0.125000
1986	2	2	0.125000
1987	2	5	0.125000
1988	1	3	0.125000
1989	1	3	0.125000
1990	1	3	0.125000
1991	1	3	0.125000
1992	1	3	0.125000
1993	1	3	0.125000
1994	1	3	0.125000
1995	1	3	0.125000
1996	1	3	0.125000
1997	1	0	0.125000
1998	1	3	0.125000
1999	1	3	0.125000
2000	1	3	0.125000
2001	1	3	0.125000
2002	1	3	0.125000
2003	2	5	0.125000
2004	2	5	0.125000
2005	2	5	0.125000
2006	2	5	0.125000
2007	2	5	0.125000
2008	2	1	0.125000
2009	2	5	1.000000
2010	3	3	1.000000
2011	3	3	1.000000
2012	3	3	1.000000
2013	3	3	1.000000
2014	3	3	1.000000
2015	3	3	0.125000
2016	2	5	0.125000
2017	2	5	0.125000
2018	2	5	0.125000
2019	2	3	1.000000
2020	3	3	0.125000
2021	2	5	1.000000
2022	3	3	1.000000
2023	3	3	1.000000
2024	3	2	1.000000
2025	3	3	1.000000
2026	3	3	1.000000
2027	3	0	0.125000
2028	2	4	0.125000
2029	2	5	0.125000
2030	2	5	0.125000
2031	2	5	0.125000
2032	2	5	0.125000
2033	2	5	0.125000
2034	2	5	0.125000
2035	2	5	0.125000
2036	2	5	0.125000
2037	2	4	0.125000
2038	2	5	0.125000
2039	2	5	0.125000
2040	2	5	0.125000
2041	2	5	0.125000
2042	2	3	0.125000
2043	2	5	0.125000
2044	2	5	0.125000
2045	2	5	0.125000
2046	2	5	0.125000
2047	2	5	0.125000
2048	1	3	0.125000
2049	1	3	0.125000
2050	1	3	0.125000
2051	1	3	0.125000
2052	1	3	0.125000
2053	1	3	0.125000
2054	1	3	0.125000
2055	1	3	0.125000
2056	1	3	0.125000
2057	1	3	0.125000
2058	1	3	0.125000
2059	1	3	0.125000
2060	1	3	0.125000
2061	1	3	0.125000
2062	1	3	0.125000
2063	2	5	0.125000
2064	2	5	0.125000
2065	2	5	0.125000
2066	2	5	0.125000
2067	2	5	0.125000
2068	2	5	0.125000
2069	2	5	0.125000
2070	2	5	0.125000
2071	2	5	0.125000
2072	2	5	0.125000
2073	2	5	0.125000
2074	2	4	0.125000
2075	2	5	0.125000
2076	2	5	0.125000
2077	2	5	0.125000
2078	2	5	0.125000
2079	2	5	0.125000
2080	2	5	0.125000
2081	2	5	0.125000
2082	1	3	0.125000
2083	1	3	0.125000
2084	1	3	0.125000
2085	1	3	0.125000
2086	1	3	0.125000
2087	1	1	0.125000
2088	1	3	0.125000
2089	1	3	0.125000
2090	1	3	0.125000
2091	1	3	0.125000
2092	1	3	0.125000
2093	1	3	0.125000
2094	1	2	0.125000
2095	1	3	0.125000
2096	1	3	0.125000
2097	1	3	0.125000
2098	1	3	0.125000
2099	1	3	0.125000
2100	2	5	0.125000
2101	2	5	0.125000
2102	2	5	0.125000
2103	2	5	0.125000
2104	2	5	0.125000
2105	2	5	0.125000
2106	2	5	0.125000
2107	2	5	0.125000
2108	2	5	0.125000
2109	2	5	0.125000
2110	2	5	0.125000
2111	2	5	0.125000
2112	2	5	0.125000
2113	2	5	0.125000
2114	2	5	0.125000
2115	1	3	0.125000
2116	1	3	0.125000
2117	1	3	0.125000
2118	1	3	0.125000
2119	1	3	0.125000
2120	1	3	0.125000
2121	1	3	0.125000
2122	1	3	0.125000
2123	1	3	0.125000
2124	1	3	0.125000
2125	1	3	0.125000
2126	1	3	0.125000
2127	1	3	0.125000
2128	1	3	0.125000
2129	1	3	0.125000
2130	1	3	0.125000
2131	2	5	0.125000
2132	2	5	0.125000
2133	2	5	0.125000
2134	2	5	0.125000
2135	2	5	0.125000
2136	2	5	0.125000
2137	2	5	0.125000
2138	2	5	0.125000
2139	2	5	0.125000
2140	2	5	0.125000
2141	2	5	0.125000
2142	2	5	0.125000
2143	2	5	0.125000
2144	2	5	0.125000
2145	2	3	0.125000
2146	2	5	0.125000
2147	1	3	0.125000
2148	1	3	0.125000
2149	1	3	0.125000
2150	1	3	0.125000
2151	1	3	0.125000
2152	1	3	0.125000
2153	1	3	0.125000
2154	1	3	0.125000
2155	1	3	0.125000
2156	1	3	0.125000
2157	1	3	0.125000
2158	1	3	0.125000
2159	1	3	0.125000
2160	1	3	0.125000
2161	1	3	0.125000
2162	1	3	0.125000
2163	2	1	0.125000
2164	1	3	0.125000
2165	2	5	0.125000
2166	2	5	0.125000
2167	2	5	0.125000
2168	2	5	0.125000
2169	2	5	0.125000
2170	2	5	0.125000
2171	2	5	0.125000
2172	2	1	0.125000
2173	2	5	0.125000
2174	2	5	0.125000
2175	2	5	0.125000
2176	2	5	0.125000
2177	2	5	0.125000
2178	1	3	0.125000
2179	1	3	0.125000
2180	1	3	0.125000
2181	1	0	0.125000
2182	1	3	0.125000
2183	1	0	0.125000
2184	1	3	0.125000
2185	1	3	0.125000
2186	1	3	0.125000
2187	1	2	0.125000
2188	1	3	0.125000
2189	1	2	0.125000
2190	1	3	0.125000
2191	1	3	0.125000
2192	1	3	0.125000
2193	1	3	0.125000
2194	1	3	0.125000
2195	1	3	0.125000
2196	1	2	0.125000
2197	1	3	0.125000
2198	1	3	0.125000
2199	2	5	0.125000
2200	2	5	0.125000
2201	2	5	0.125000
2202	2	5	0.125000
2203	2	5	0.125000
2204	2	3	0.125000
2205	2	5	0.125000
2206	2	5	0.125000
2207	2	4	0.125000
2208	2	5	0.125000
2209	2	5	0.125000
2210	2	5	0.125000
2211	2	5	0.125000
2212	2	5	0.125000
2213	1	3	0.125000
2214	1	2	0.125000
2215	1	3	0.125000
2216	1	3	0.125000
2217	1	3	0.125000
2218	1	0	0.125000
2219	1	3	0.125000
2220	2	1	0.125000
2221	2	5	0.125000
2222	2	1	0.125000
2223	1	3	0.125000
2224	1	2	0.125000
2225	2	2	0.125000
2226	2	5	0.125000
2227	2	5	0.125000
2228	1	3	0.125000
2229	1	3	0.125000
2230	1	3	0.125000
2231	1	3	0.125000
2232	1	3	0.125000
2233	1	3	0.125000
2234	1	3	0.125000
2235	1	3	0.125000
2236	1	3	0.125000
2237	1	3	0.125000
2238	1	3	0.125000
2239	1	3	0.125000
2240	2	5	0.125000
2241	2	4	0.125000
2242	2	5	0.125000
2243	2	5	0.125000
2244	2	5	0.125000
2245	2	5	0.125000
2246	2	5	0.125000
2247	2	5	0.125000
2248	2	5	0.125000
2249	2	5	0.125000
2250	2	0	0.125000
2251	2	5	0.125000
2252	2	5	0.125000
2253	1	3	0.125000
2254	1	3	0.125000
2255	1	3	0.125000
2256	1	3	0.125000
2257	1	0	0.125000
2258	1	3	0.125000
2259	1	3	0.125000
2260	1	3	0.125000
2261	1	3	0.125000
2262	1	3	0.125000
2263	1	1	0.125000
2264	1	3	0.125000
2265	1	3	0.125000
2266	1	3	0.125000
2267	1	3	0.125000
2268	1	3	0.125000
2269	1	3	0.125000
2270	1	3	0.125000
2271	1	3	0.125000
2272	1	3	0.125000
2273	2	5	0.125000
2274	2	2	0.125000
2275	2	5	0.125000
2276	2	2	0.125000
2277	2	5	0.125000
2278	2	5	0.125000
2279	2	5	0.125000
2280	2	5	0.125000
2281	2	5	0.125000
2282	2	5	0.125000
2283	2	5	0.125000
2284	2	5	0.125000
2285	2	3	0.125000
2286	2	5	0.125000
2287	1	3	0.125000
2288	1	2	0.125000
2289	1	0	0.125000
2290	1	3	0.125000
2291	1	3	0.125000
2292	1	0	0.125000
2293	1	3	0.125000
2294	1	3	0.125000
2295	1	3	0.125000
2296	1	3	0.125000
2297	1	2	0.125000
2298	1	3	0.125000
2299	1	3	0.125000
2300	1	3	0.125000
2301	1	3	0.125000
2302	1	3	0.125000
2303	1	3	0.125000
2304	2	5	0.125000
2305	2	5	0.125000
2306	2	5	0.125000
2307	2	5	0.125000
2308	2	5	0.125000
2309	2	5	0.125000
2310	2	5	0.125000
2311	2	5	0.125000
2312	2	5	0.125000
2313	2	5	0.125000
2314	2	5	0.125000
2315	2	0	0.125000
2316	2	5	0.125000
2317	2	5	0.125000
2318	1	3	0.125000
2319	1	3	0.125000
2320	1	3	0.125000
2321	1	3	0.125000
2322	1	3	0.125000
2323	1	3	0.125000
2324	1	3	0.125000
2325	1	3	0.125000
2326	1	0	0.125000
2327	1	3	0.125000
2328	1	3	0.125000
2329	1	3	0.125000
2330	1	0	0.125000
2331	1	2	0.125000
2332	1	3	0.125000
2333	1	3	0.125000
2334	1	3	0.125000
2335	1	3	0.125000
2336	2	5	0.125000
2337	2	5	0.125000
2338	2	5	0.125000
2339	2	5	0.125000
2340	2	5	0.125000
2341	2	5	0.125000
2342	2	5	0.125000
2343	2	5	0.125000
2344	2	5	0.125000
2345	2	5	0.125000
2346	2	5	0.125000
2347	2	5	0.125000
2348	2	5	0.125000
2349	1	3	0.125000
2350	1	3	0.125000
2351	1	3	0.125000
2352	1	3	0.125000
2353	1	3	0.125000
2354	1	3	0.125000
2355	1	3	0.125000
2356	1	3	0.125000
2357	1	3	0.125000
2358	1	3	0.125000
2359	1	3	0.125000
2360	1	3	0.125000
2361	1	3	0.125000
2362	1	3	0.125000
2363	1	3	0.125000
2364	1	3	0.125000
2365	1	3	0.125000
2366	1	3	0.125000
2367	1	3	0.125000
2368	1	3	0.125000
2369	1	3	0.125000
2370	1	3	0.125000
2371	1	3	0.125000
2372	2	5	0.125000
2373	2	5	0.125000
2374	2	4	0.125000
2375	2	5	0.125000
2376	2	5	0.125000
2377	2	5	0.125000
2378	2	4	0.125000
2379	2	5	0.125000
2380	2	5	0.125000
2381	2	3	0.125000
2382	2	5	0.125000
2383	2	5	0.125000
2384	2	5	0.125000
2385	1	3	0.125000
2386	1	3	0.125000
2387	1	3	0.125000
2388	1	1	0.125000
2389	1	3	0.125000
2390	1	3	0.125000
2391	1	3	0.125000
2392	1	3	0.125000
2393	1	3	0.125000
2394	1	3	0.125000
2395	1	3	0.125000
2396	1	3	0.125000
2397	1	3	0.125000
2398	1	3	0.125000
2399	1	3	0.125000
2400	2	1	0.125000
2401	2	5	0.125000
2402	2	5	0.125000
2403	2	5	0.125000
2404	2	0	0.125000
2405	2	5	0.125000
2406	2	5	0.125000
2407	2	5	0.125000
2408	2	1	0.125000
2409	2	5	0.125000
2410	2	5	0.125000
2411	2	1	0.125000
2412	2	5	0.125000
2413	2	5	0.125000
2414	1	3	0.125000
2415	1	3	0.125000
2416	1	3	0.125000
2417	1	3	0.125000
2418	1	3	0.125000
2419	1	3	0.125000
2420	1	3	0.125000
2421	1	3	0.125000
2422	1	3	0.125000
2423	1	3	0.125000
2424	1	3	0.125000
2425	1	3	0.125000
2426	1	3	0.125000
2427	1	3	0.125000
2428	1	0	0.125000
2429	1	3	0.125000
2430	1	3	0.125000
2431	1	3	0.125000
2432	1	3	0.125000
2433	1	3	0.125000
2434	1	3	0.125000
2435	2	5	0.125000
2436	2	5	0.125000
2437	2	5	0.125000
2438	2	3	0.125000
2439	2	5	0.125000
2440	2	5	0.125000
2441	2	5	0.125000
2442	2	5	0.125000
2443	2	5	0.125000
2444	2	5	0.125000
2445	2	5	0.125000
2446	2	5	0.125000
2447	2	5	0.125000
2448	2	4	0.125000
2449	1	0	0.125000
2450	1	2	0.125000
2451	1	3	0.125000
2452	1	3	0.125000
2453	1	3	0.125000
2454	1	3	0.125000
2455	1	3	0.125000
2456	1	3	0.125000
2457	1	2	0.125000
2458	1	2	0.125000
2459	1	3	0.125000
2460	1	3	0.125000
2461	1	3	0.125000
2462	1	3	0.125000
2463	1	3	0.125000
2464	1	3	0.125000
2465	2	5	0.125000
2466	2	5	0.125000
2467	2	2	0.125000
2468	2	5	0.125000
2469	2	5	0.125000
2470	2	5	0.125000
2471	2	5	0.125000
2472	2	5	1.000000
2473	3	3	1.000000
2474	3	3	1.000000
2475	3	3	0.125000
2476	2	5	0.125000
2477	2	5	0.125000
2478	2	0	0.125000
2479	2	5	0.125000
2480	2	5	0.125000
2481	2	5	0.125000
2482	2	5	0.125000
2483	2	5	0.125000
2484	2	5	0.125000
2485	2	5	0.125000
2486	2	5	0.125000
2487	2	5	0.125000
2488	2	5	0.125000
2489	2	5	0.125000
2490	2	5	0.125000
2491	2	4	0.125000
2492	2	5	0.125000
2493	1	3	0.125000
2494	1	3	0.125000
2495	1	3	0.125000
2496	1	3	0.125000
2497	1	3	0.125000
2498	1	3	0.125000
2499	1	2	0.125000
2500	1	3	0.125000
2501	1	3	0.125000
2502	1	3	0.125000
2503	1	3	0.125000
2504	1	3	0.125000
2505	1	3	0.125000
2506	1	3	0.125000
2507	1	2	0.125000
2508	2	1	0.125000
2509	2	5	0.125000
2510	2	5	1.000000
2511	3	3	1.000000
2512	3	3	1.000000
2513	3	3	1.000000
2514	3	3	1.000000
2515	3	3	1.000000
2516	3	3	1.000000
2517	3	3	1.000000
2518	3	3	1.000000
2519	3	0	1.000000
2520	3	3	1.000000
2521	3	3	0.125000
2522	2	5	0.125000
2523	2	5	0.125000
2524	2	5	0.125000
2525	2	5	0.125000
2526	2	5	0.125000
2527	2	5	0.125000
2528	2	5	0.125000
2529	2	5	0.125000
2530	2	5	0.125000
2531	2	5	0.125000
2532	2	5	0.125000
2533	2	5	0.125000
2534	2	5	0.125000
2535	2	5	0.125000
2536	2	2	0.125000
2537	2	5	0.125000
2538	2	5	0.125000
2539	2	5	0.125000
2540	2	5	0.125000
2541	1	3	0.125000
2542	1	3	0.125000
2543	1	3	0.125000
2544	1	3	0.125000
2545	1	3	0.125000
2546	1	3	0.125000
2547	1	3	0.125000
2548	1	3	0.125000
2549	1	3	0.125000
2550	1	1	0.125000
2551	1	3	0.125000
2552	1	3	0.125000
2553	1	3	0.125000
2554	1	3	0.125000
2555	1	2	0.125000
2556	1	3	0.125000
2557	2	5	0.125000
2558	2	5	0.125000
2559	2	5	0.125000
2560	2	5	0.125000
2561	2	1	0.125000
2562	2	5	0.125000
2563	2	0	0.125000
2564	2	5	0.125000
2565	2	5	0.125000
2566	2	5	0.125000
2567	2	4	0.125000
2568	2	5	0.125000
2569	2	5	0.125000
2570	2	5	0.125000
2571	2	5	0.125000
2572	2	5	0.125000
2573	2	2	0.125000
2574	2	5	0.125000
2575	2	5	0.125000
2576	2	5	0.125000
2577	2	5	0.125000
2578	2	5	0.125000
2579	2	5	0.125000
2580	2	5	0.125000
2581	2	5	0.125000
2582	2	5	0.125000
2583	2	2	0.125000
2584	2	5	0.125000
2585	2	3	0.125000
2586	2	5	0.125000
2587	2	5	0.125000
2588	2	5	0.125000
2589	2	5	0.125000
2590	2	5	0.125000
2591	2	5	0.125000
2592	2	5	0.125000
2593	2	5	0.125000
2594	2	5	0.125000
2595	2	5	0.125000
2596	2	5	0.125000
2597	2	5	0.125000
2598	2	5	0.125000
2599	2	5	0.125000
2600	2	5	0.125000
2601	2	5	0.125000
2602	2	5	0.125000
2603	2	5	0.125000
2604	2	5	0.125000
2605	2	5	0.125000
2606	2	5	0.125000
2607	2	5	0.125000
2608	2	5	0.125000
2609	2	5	0.125000
2610	2	5	0.125000
2611	2	5	0.125000
2612	2	5	0.125000
2613	2	5	0.125000
2614	2	5	0.125000
2615	2	5	0.125000
2616	2	5	0.125000
2617	2	5	0.125000
2618	1	3	0.125000
2619	1	2	0.125000
2620	1	3	0.125000
2621	1	3	0.125000
2622	1	3	0.125000
2623	1	3	0.125000
2624	1	3	0.125000
2625	1	3	0.125000
2626	1	3	0.125000
2627	1	3	0.125000
2628	1	0	0.125000
2629	1	3	0.125000
2630	2	1	0.125000
2631	2	5	0.125000
2632	2	5	0.125000
2633	2	5	0.125000
2634	2	5	0.125000
2635	2	5	0.125000
2636	2	5	1.000000
2637	3	3	1.000000
2638	3	3	1.000000
2639	3	3	1.000000
2640	3	3	1.000000
2641	3	3	1.000000
2642	3	0	1.000000
2643	3	3	1.000000
2644	3	3	1.000000
2645	3	3	1.000000
2646	3	3	1.000000
2647	3	3	1.000000
2648	3	1	1.000000
2649	3	1	1.000000
2650	3	3	1.000000
2651	3	3	1.000000
2652	3	3	1.000000
2653	3	3	1.000000
2654	3	3	1.000000
2655	3	3	0.125000
2656	2	5	0.125000
2657	2	5	0.125000
2658	2	5	0.125000
2659	2	5	0.125000
2660	2	5	0.125000
2661	2	5	0.125000
2662	2	4	0.125000
2663	2	5	0.125000
2664	2	5	0.125000
2665	1	3	0.125000
2666	1	3	0.125000
2667	1	3	0.125000
2668	1	3	0.125000
2669	1	3	0.125000
2670	2	5	0.125000
2671	1	3	0.125000
2672	1	3	0.125000
2673	1	3	0.125000
2674	1	3	0.125000
2675	1	3	0.125000
2676	1	3	0.125000
2677	1	3	0.125000
2678	1	3	0.125000
2679	1	3	0.125000
2680	1	3	0.125000
2681	1	1	0.125000
2682	1	3	0.125000
2683	2	5	0.125000
2684	2	3	0.125000
2685	2	5	0.125000
2686	2	5	0.125000
2687	2	5	0.125000
2688	2	2	0.125000
2689	2	5	1.000000
2690	3	3	1.000000
2691	3	3	1.000000
2692	3	3	1.000000
2693	3	3	1.000000
2694	3	2	0.125000
2695	2	5	0.125000
2696	2	3	0.125000
2697	2	5	0.125000
2698	2	5	0.125000
2699	2	5	0.125000
2700	2	5	0.125000
2701	2	3	0.125000
2702	2	5	0.125000
2703	2	5	0.125000
2704	2	5	0.125000
2705	2	5	0.125000
2706	1	3	0.125000
2707	1	3	0.125000
2708	2	5	0.125000
2709	2	5	0.125000
2710	2	5	0.125000
2711	2	5	0.125000
2712	1	3	0.125000
2713	1	3	0.125000
2714	1	3	0.125000
2715	1	3	0.125000
2716	1	3	0.125000
2717	1	3	0.125000
2718	1	3	0.125000
2719	1	3	0.125000
2720	1	3	0.125000
2721	1	3	0.125000
2722	1	3	0.125000
2723	1	3	0.125000
2724	1	3	0.125000
2725	1	3	0.125000
2726	1	3	0.125000
2727	1	3	0.125000
2728	1	3	0.125000
2729	1	3	0.125000
2730	1	3	0.125000
2731	2	5	0.125000
2732	2	5	0.125000
2733	2	5	1.000000
2734	3	3	1.000000
2735	3	3	1.000000
2736	3	3	1.000000
2737	3	3	1.000000
2738	3	3	1.000000
2739	4	3	1.000000
2740	4	3	1.000000
2741	4	3	1.000000
2742	4	3	1.000000
2743	4	3	1.000000
2744	4	3	1.000000
2745	4	3	1.000000
2746	4	3	1.000000
2747	4	3	1.000000
2748	4	3	1.000000
2749	4	3	1.000000
2750	4	3	1.000000
2751	4	3	1.000000
2752	4	3	1.000000
2753	4	3	1.000000
2754	4	3	1.000000
2755	4	3	1.000000
2756	4	3	1.000000
2757	4	3	1.000000
2758	4	3	1.000000
2759	4	3	1.000000
2760	4	3	1.000000
2761	4	3	1.000000
2762	4	0	1.000000
2763	4	3	1.000000
2764	3	3	1.000000
2765	3	3	1.000000
2766	3	3	1.000000
2767	3	3	1.000000
2768	3	3	1.000000
2769	3	2	1.000000
2770	3	3	1.000000
2771	3	3	0.125000
2772	2	5	0.125000
2773	2	5	0.125000
2774	2	5	0.125000
2775	2	5	0.125000
2776	2	5	0.125000
2777	2	5	0.125000
2778	2	5	0.125000
2779	2	5	0.125000
2780	1	3	0.125000
2781	1	3	0.125000
2782	1	3	0.125000
2783	1	3	0.125000
2784	1	3	0.125000
2785	1	3	0.125000
2786	1	3	0.125000
2787	1	3	0.125000
2788	2	5	0.125000
2789	2	5	0.125000
2790	2	5	0.125000
2791	1	3	0.125000
2792	1	2	0.125000
2793	1	3	0.125000
2794	1	3	0.125000
2795	1	3	0.125000
2796	1	3	0.125000
2797	1	3	0.125000
2798	1	3	0.125000
2799	1	1	0.125000
2800	1	3	0.125000
2801	1	3	0.125000
2802	1	0	0.125000
2803	1	3	0.125000
2804	2	5	0.125000
2805	2	5	0.125000
2806	2	5	0.125000
2807	2	5	0.125000
2808	2	5	1.000000
2809	3	3	1.000000
2810	3	3	1.000000
2811	3	3	1.000000
2812	3	3	1.000000
2813	3	3	1.000000
2814	3	3	1.000000
2815	3	1	0.125000
2816	2	5	0.125000
2817	2	5	0.125000
2818	2	5	0.125000
2819	2	5	0.125000
2820	2	5	0.125000
2821	2	5	0.125000
2822	2	5	0.125000
2823	2	5	0.125000
2824	2	5	0.125000
2825	2	5	0.125000
2826	2	5	0.125000
2827	2	5	0.125000
2828	1	3	0.125000
2829	1	2	0.125000
2830	1	3	0.125000
2831	1	3	0.125000
2832	1	0	0.125000
2833	1	3	0.125000
2834	1	3	0.125000
2835	1	3	0.125000
2836	1	3	0.125000
2837	1	3	0.125000
2838	1	3	0.125000
2839	1	3	0.125000
2840	1	3	0.125000
2841	1	2	0.125000
2842	1	3	0.125000
2843	1	3	0.125000
2844	1	3	0.125000
2845	1	3	0.125000
2846	1	3	0.125000
2847	1	3	0.125000
2848	1	3	0.125000
2849	2	5	0.125000
2850	2	5	0.125000
2851	2	3	0.125000
2852	2	5	0.125000
2853	2	5	0.125000
2854	2	5	0.125000
2855	2	5	0.125000
2856	2	5	0.125000
2857	2	3	0.125000
2858	2	5	0.125000
2859	2	5	0.125000
2860	2	5	0.125000
2861	2	5	0.125000
2862	2	5	0.125000
2863	2	5	0.125000
2864	2	5	0.125000
2865	2	5	0.125000
2866	2	5	0.125000
2867	1	3	0.125000
2868	1	3	0.125000
2869	1	3	0.125000
2870	1	3	0.125000
2871	1	3	0.125000
2872	1	3	0.125000
2873	1	3	0.125000
2874	1	3	0.125000
2875	1	3	0.125000
2876	1	3	0.125000
2877	1	3	0.125000
2878	1	3	0.125000
2879	1	3	0.125000
2880	1	3	0.125000
2881	1	3	0.125000
2882	1	2	0.125000
2883	1	3	0.125000
2884	1	3	0.125000
2885	1	3	0.125000
2886	2	5	0.125000
2887	2	5	0.125000
2888	2	5	0.125000
2889	2	5	0.125000
2890	2	5	0.125000
2891	2	5	0.125000
2892	2	5	0.125000
2893	2	0	0.125000
2894	2	5	0.125000
2895	2	5	0.125000
2896	2	4	0.125000
2897	2	5	0.125000
2898	2	5	0.125000
2899	2	5	0.125000
2900	2	5	0.125000
2901	2	5	0.125000
2902	1	3	0.125000
2903	1	3	0.125000
2904	1	3	0.125000
2905	1	3	0.125000
2906	1	3	0.125000
2907	1	3	0.125000
2908	1	3	0.125000
2909	1	3	0.125000
2910	1	0	0.125000
2911	1	3	0.125000
2912	1	3	0.125000
2913	1	0	0.125000
2914	1	3	0.125000
2915	1	3	0.125000
2916	1	3	0.125000
2917	1	0	0.125000
2918	1	1	0.125000
2919	1	3	0.125000
2920	2	5	0.125000
2921	2	5	0.125000
2922	2	5	0.125000
2923	2	5	0.125000
2924	2	5	0.125000
2925	2	5	0.125000
2926	2	1	0.125000
2927	2	3	0.125000
2928	2	5	0.125000
2929	2	5	0.125000
2930	2	5	0.125000
2931	2	5	0.125000
2932	1	3	0.125000
2933	1	3	0.125000
2934	0	0	0.000000
