StartTime	2015/09/23 18:41:55
FinishTime	2015/09/23 18:42:36
ElapsedTime	41.000000
/home/daisuke/git/ReinforcementLearning/log/EV3LineTracer_20150923170738_10Setting_20150923170739.log
0	1.000000
1	0.041667	0.041667	0.916667
2	0.041667	0.041667	0.916667
3	0.041667	0.041667	0.916667
4	0.916667	0.041667	0.041667
5	0.041667	0.916667	0.041667
6	0.041667	0.916667	0.041667
2397
0	5	1	0.000000
1	5	1	0.000000
2	5	1	0.000000
3	5	1	0.000000
4	5	0	0.000000
5	5	1	0.000000
6	5	1	0.000000
7	5	1	0.000000
8	5	1	0.000000
9	5	1	0.000000
10	5	1	0.000000
11	5	1	0.000000
12	5	1	0.000000
13	5	1	0.000000
14	5	1	0.000000
15	5	1	0.000000
16	5	2	0.000000
17	5	1	0.000000
18	5	1	0.000000
19	5	1	0.000000
20	5	1	0.000000
21	5	1	0.000000
22	5	1	0.000000
23	5	1	0.000000
24	5	2	0.000000
25	5	1	0.000000
26	5	2	0.000000
27	5	1	0.000000
28	5	1	0.000000
29	5	1	0.000000
30	5	1	0.000000
31	5	1	0.000000
32	5	1	0.000000
33	5	1	0.000000
34	5	1	0.000000
35	5	1	0.000000
36	5	1	0.000000
37	5	1	0.000000
38	5	1	0.000000
39	5	1	0.000000
40	5	1	0.000000
41	5	1	0.000000
42	5	1	0.000000
43	5	1	0.000000
44	5	1	0.000000
45	5	1	0.000000
46	5	1	0.000000
47	5	1	0.000000
48	5	1	0.000000
49	5	0	0.000000
50	5	1	0.000000
51	5	1	0.000000
52	5	1	0.000000
53	5	1	0.000000
54	5	1	0.000000
55	5	1	0.000000
56	5	1	0.000000
57	5	1	0.000000
58	5	1	0.000000
59	5	1	0.000000
60	5	1	0.000000
61	5	1	0.000000
62	5	1	0.000000
63	5	1	0.000000
64	5	1	0.000000
65	5	1	0.000000
66	5	0	0.000000
67	5	1	0.000000
68	5	1	0.000000
69	5	1	0.000000
70	5	1	0.000000
71	5	1	0.000000
72	5	1	0.000000
73	5	1	0.000000
74	5	1	0.000000
75	5	1	0.000000
76	5	1	0.000000
77	5	1	0.000000
78	5	0	0.000000
79	5	1	0.000000
80	5	1	0.000000
81	5	1	0.000000
82	5	1	0.000000
83	5	1	0.000000
84	5	0	0.000000
85	5	1	0.000000
86	5	1	0.000000
87	5	1	0.000000
88	5	1	0.000000
89	5	1	0.000000
90	5	1	0.000000
91	5	1	0.000000
92	5	1	0.000000
93	5	0	0.000000
94	5	1	0.000000
95	5	1	0.000000
96	5	1	0.000000
97	5	1	0.000000
98	5	1	0.000000
99	5	1	0.000000
100	5	1	0.000000
101	5	1	0.000000
102	5	1	0.000000
103	5	1	0.000000
104	5	1	0.000000
105	5	1	0.000000
106	5	1	0.000000
107	5	1	0.000000
108	5	1	0.000000
109	5	1	0.000000
110	5	1	0.000000
111	5	1	0.000000
112	5	1	0.000000
113	5	1	0.000000
114	5	1	0.000000
115	5	0	0.000000
116	5	1	0.000000
117	5	0	0.000000
118	5	1	0.000000
119	5	1	0.000000
120	5	1	0.000000
121	5	1	0.000000
122	5	1	0.000000
123	5	1	0.000000
124	5	2	0.000000
125	5	1	0.000000
126	5	1	0.000000
127	5	1	0.000000
128	5	0	0.000000
129	5	1	0.000000
130	5	1	0.000000
131	5	1	0.000000
132	5	1	0.000000
133	5	1	0.000000
134	5	1	0.000000
135	5	1	0.000000
136	5	1	0.000000
137	5	1	0.000000
138	5	1	0.000000
139	5	1	0.000000
140	5	1	0.000000
141	4	0	0.000000
142	4	0	0.000000
143	4	0	0.000000
144	4	0	0.000000
145	4	0	0.000000
146	4	0	0.000000
147	4	0	0.000000
148	4	0	0.000000
149	4	1	0.000000
150	3	2	0.000000
151	3	2	0.000000
152	3	2	0.000000
153	3	2	0.000000
154	3	2	0.000000
155	3	2	0.000000
156	2	2	0.000000
157	2	1	0.000000
158	2	2	0.000000
159	2	2	0.000000
160	2	2	0.000000
161	3	2	0.000000
162	3	2	0.000000
163	3	2	0.000000
164	3	2	0.000000
165	3	2	0.000000
166	3	2	0.000000
167	3	2	0.000000
168	3	2	0.000000
169	3	2	0.000000
170	3	2	0.000000
171	3	2	0.000000
172	3	2	0.000000
173	3	2	0.000000
174	3	2	0.000000
175	3	2	0.000000
176	3	2	0.000000
177	3	2	0.000000
178	3	2	0.000000
179	3	0	0.000000
180	3	2	0.000000
181	3	2	0.000000
182	3	2	0.000000
183	3	2	0.000000
184	3	1	0.000000
185	3	2	0.000000
186	3	2	0.000000
187	3	2	0.000000
188	3	2	0.000000
189	3	2	0.000000
190	3	2	0.000000
191	3	2	0.000000
192	3	2	0.000000
193	3	2	0.000000
194	3	2	0.000000
195	3	2	0.000000
196	3	2	0.000000
197	3	2	0.000000
198	3	2	0.000000
199	3	2	0.000000
200	3	2	0.000000
201	3	2	0.000000
202	4	0	0.000000
203	4	0	0.000000
204	4	0	0.000000
205	4	0	0.000000
206	4	1	0.000000
207	4	0	0.000000
208	4	0	0.000000
209	4	0	0.000000
210	4	0	0.000000
211	4	0	0.000000
212	4	2	0.000000
213	4	0	0.000000
214	4	0	0.000000
215	4	0	0.000000
216	4	0	0.000000
217	4	0	0.000000
218	4	0	0.000000
219	3	2	0.000000
220	3	2	0.000000
221	3	2	0.000000
222	3	2	0.000000
223	3	2	0.000000
224	3	2	0.000000
225	3	2	0.000000
226	2	2	0.000000
227	2	2	0.000000
228	3	2	0.000000
229	3	2	0.000000
230	3	2	0.000000
231	3	2	0.000000
232	3	2	0.000000
233	3	2	0.000000
234	3	2	0.000000
235	3	2	0.000000
236	3	2	0.000000
237	3	2	0.000000
238	4	0	0.000000
239	4	0	0.000000
240	4	0	0.000000
241	4	0	0.000000
242	4	0	0.000000
243	4	0	0.000000
244	4	2	0.000000
245	4	0	0.000000
246	4	0	0.000000
247	4	0	0.000000
248	4	0	0.000000
249	3	2	0.000000
250	3	2	0.000000
251	3	2	0.000000
252	3	2	0.000000
253	3	2	0.000000
254	3	2	0.000000
255	3	2	0.000000
256	3	2	0.000000
257	3	2	0.000000
258	3	2	0.000000
259	3	2	0.000000
260	3	2	0.000000
261	3	2	0.000000
262	3	1	0.000000
263	4	0	0.000000
264	4	0	0.000000
265	4	0	0.000000
266	4	0	0.000000
267	4	0	0.000000
268	4	0	0.000000
269	4	2	0.000000
270	4	0	0.000000
271	4	0	0.000000
272	4	0	0.000000
273	3	2	0.000000
274	3	2	0.000000
275	3	2	0.000000
276	3	2	0.000000
277	3	2	0.000000
278	3	2	0.000000
279	3	2	0.000000
280	3	1	0.000000
281	3	2	0.000000
282	3	2	0.000000
283	3	2	0.000000
284	4	0	0.000000
285	4	2	0.000000
286	4	0	0.000000
287	4	0	0.000000
288	4	0	0.000000
289	4	0	0.000000
290	4	0	0.000000
291	4	0	0.000000
292	4	0	0.000000
293	4	0	0.000000
294	4	0	0.000000
295	4	0	0.000000
296	3	2	0.000000
297	3	2	0.000000
298	3	2	0.000000
299	2	2	0.000000
300	2	0	0.000000
301	2	2	0.000000
302	2	2	0.000000
303	2	2	0.000000
304	3	2	0.000000
305	3	2	0.000000
306	3	0	0.000000
307	3	1	0.000000
308	3	2	0.000000
309	3	2	0.000000
310	3	2	0.000000
311	3	2	0.000000
312	3	2	0.000000
313	3	2	0.000000
314	3	2	0.000000
315	3	2	0.000000
316	3	2	0.000000
317	3	2	0.000000
318	3	2	0.000000
319	4	0	0.000000
320	4	0	0.000000
321	4	0	0.000000
322	4	0	0.000000
323	4	0	0.000000
324	4	1	0.000000
325	4	0	0.000000
326	5	1	0.000000
327	5	1	0.000000
328	4	0	0.000000
329	4	0	0.000000
330	4	0	0.000000
331	4	0	0.000000
332	4	0	0.000000
333	3	2	0.000000
334	3	2	0.000000
335	3	2	0.000000
336	3	2	0.000000
337	3	2	0.000000
338	3	2	0.000000
339	3	2	0.000000
340	3	2	0.000000
341	3	2	0.000000
342	3	2	0.000000
343	3	2	0.000000
344	3	2	0.000000
345	4	0	0.000000
346	4	0	0.000000
347	4	0	0.000000
348	4	0	0.000000
349	4	0	0.000000
350	4	0	0.000000
351	4	0	0.000000
352	4	0	0.000000
353	4	0	0.000000
354	4	0	0.000000
355	4	0	0.000000
356	4	0	0.000000
357	3	2	0.000000
358	3	2	0.000000
359	3	2	0.000000
360	2	2	0.000000
361	2	2	0.000000
362	2	2	0.000000
363	2	2	0.000000
364	2	2	0.000000
365	2	2	0.000000
366	2	2	0.000000
367	3	2	0.000000
368	3	2	0.000000
369	3	2	0.000000
370	3	2	0.000000
371	3	2	0.000000
372	4	0	0.000000
373	4	0	0.000000
374	4	0	0.000000
375	4	0	0.000000
376	4	0	0.000000
377	4	0	0.000000
378	4	1	0.000000
379	4	0	0.000000
380	4	0	0.000000
381	3	2	0.000000
382	3	1	0.000000
383	3	2	0.000000
384	3	2	0.000000
385	2	2	0.000000
386	2	2	0.000000
387	2	2	0.000000
388	2	2	0.000000
389	2	2	0.000000
390	2	1	0.000000
391	3	2	0.000000
392	3	2	0.000000
393	3	2	0.000000
394	3	1	0.000000
395	3	2	0.000000
396	3	2	0.000000
397	3	2	0.000000
398	3	0	0.000000
399	3	2	0.000000
400	3	2	0.000000
401	3	2	0.000000
402	3	2	0.000000
403	3	2	0.000000
404	3	2	0.000000
405	3	2	0.000000
406	3	0	0.000000
407	3	2	0.000000
408	3	2	0.000000
409	3	2	0.000000
410	3	2	0.000000
411	3	2	0.000000
412	3	2	0.000000
413	3	2	0.000000
414	3	0	0.000000
415	3	2	0.000000
416	3	2	0.000000
417	3	2	0.000000
418	3	1	0.000000
419	3	2	0.000000
420	3	0	0.000000
421	3	1	0.000000
422	3	2	0.000000
423	4	0	0.000000
424	4	0	0.000000
425	4	0	0.000000
426	4	0	0.000000
427	4	0	0.000000
428	3	2	0.000000
429	3	2	0.000000
430	3	2	0.000000
431	3	2	0.000000
432	3	2	0.000000
433	3	2	0.000000
434	3	2	0.000000
435	2	2	0.000000
436	2	2	0.000000
437	3	2	0.000000
438	3	2	0.000000
439	3	2	0.000000
440	3	2	0.000000
441	3	1	0.000000
442	3	2	0.000000
443	3	2	0.000000
444	3	2	0.000000
445	3	2	0.000000
446	3	2	0.000000
447	3	2	0.000000
448	3	2	0.000000
449	3	2	0.000000
450	4	0	0.000000
451	4	0	0.000000
452	4	0	0.000000
453	4	0	0.000000
454	4	1	0.000000
455	4	0	0.000000
456	4	0	0.000000
457	4	0	0.000000
458	4	0	0.000000
459	4	0	0.000000
460	4	0	0.000000
461	4	0	0.000000
462	4	0	0.000000
463	4	0	0.000000
464	4	1	0.000000
465	3	2	0.000000
466	3	2	0.000000
467	3	2	0.000000
468	3	2	0.000000
469	3	2	0.000000
470	2	2	0.000000
471	2	2	0.000000
472	2	2	0.000000
473	3	2	0.000000
474	3	2	0.000000
475	3	2	0.000000
476	3	2	0.000000
477	3	2	0.000000
478	3	2	0.000000
479	3	0	0.000000
480	3	2	0.000000
481	3	2	0.000000
482	3	2	0.000000
483	4	0	0.000000
484	4	0	0.000000
485	4	0	0.000000
486	4	0	0.000000
487	4	0	0.000000
488	4	0	0.000000
489	4	0	0.000000
490	4	0	0.000000
491	4	0	0.000000
492	4	1	0.000000
493	3	2	0.000000
494	3	2	0.000000
495	3	2	0.000000
496	3	2	0.000000
497	2	2	0.000000
498	2	2	0.000000
499	2	2	0.000000
500	2	2	0.000000
501	3	2	0.000000
502	3	2	0.000000
503	3	2	0.000000
504	3	2	0.000000
505	4	0	0.000000
506	4	0	0.000000
507	4	0	0.000000
508	4	0	0.000000
509	4	0	0.000000
510	4	0	0.000000
511	4	0	0.000000
512	4	0	0.000000
513	4	0	0.000000
514	3	2	0.000000
515	3	2	0.000000
516	3	2	0.000000
517	3	2	0.000000
518	3	2	0.000000
519	2	2	0.000000
520	2	2	0.000000
521	2	2	0.000000
522	2	2	0.000000
523	3	2	0.000000
524	3	2	0.000000
525	3	2	0.000000
526	3	2	0.000000
527	4	0	0.000000
528	4	0	0.000000
529	4	0	0.000000
530	4	0	0.000000
531	4	0	0.000000
532	4	0	0.000000
533	4	1	0.000000
534	4	0	0.000000
535	4	0	0.000000
536	3	2	0.000000
537	3	0	0.000000
538	3	2	0.000000
539	3	2	0.000000
540	3	2	0.000000
541	3	2	0.000000
542	2	2	0.000000
543	2	2	0.000000
544	2	2	0.000000
545	3	2	0.000000
546	3	2	0.000000
547	3	2	0.000000
548	3	2	0.000000
549	3	2	0.000000
550	4	0	0.000000
551	4	0	0.000000
552	4	0	0.000000
553	4	0	0.000000
554	4	0	0.000000
555	4	0	0.000000
556	4	0	0.000000
557	4	0	0.000000
558	4	0	0.000000
559	4	0	0.000000
560	4	0	0.000000
561	4	0	0.000000
562	3	2	0.000000
563	3	0	0.000000
564	3	2	0.000000
565	3	2	0.000000
566	2	2	0.000000
567	2	2	0.000000
568	2	2	0.000000
569	2	2	0.000000
570	2	2	0.000000
571	2	2	0.000000
572	2	1	0.000000
573	3	2	0.000000
574	3	2	0.000000
575	3	2	0.000000
576	3	2	0.000000
577	3	2	0.000000
578	3	2	0.000000
579	3	2	0.000000
580	3	2	0.000000
581	3	2	0.000000
582	4	0	0.000000
583	4	0	0.000000
584	4	0	0.000000
585	4	0	0.000000
586	4	0	0.000000
587	5	1	0.000000
588	5	1	0.000000
589	5	1	0.000000
590	5	2	0.000000
591	5	0	0.000000
592	4	0	0.000000
593	4	0	0.000000
594	4	0	0.000000
595	4	0	0.000000
596	4	0	0.000000
597	4	0	0.000000
598	4	0	0.000000
599	4	0	0.000000
600	4	0	0.000000
601	4	0	0.000000
602	3	2	0.000000
603	3	2	0.000000
604	3	2	0.000000
605	3	2	0.000000
606	2	2	0.000000
607	2	2	0.000000
608	2	1	0.000000
609	2	2	0.000000
610	2	2	0.000000
611	2	2	0.000000
612	2	2	0.000000
613	2	2	0.000000
614	2	2	0.000000
615	2	2	0.000000
616	2	2	0.000000
617	2	0	0.000000
618	2	2	0.000000
619	2	2	0.000000
620	2	2	0.000000
621	2	2	0.000000
622	2	2	0.000000
623	2	2	0.000000
624	2	2	0.000000
625	2	2	0.000000
626	2	2	0.000000
627	2	2	0.000000
628	2	2	0.000000
629	2	2	0.000000
630	2	2	0.000000
631	2	2	0.000000
632	2	2	0.000000
633	2	2	0.000000
634	2	2	0.000000
635	2	2	0.000000
636	2	2	0.000000
637	1	2	0.000000
638	1	0	0.000000
639	1	2	0.000000
640	2	2	0.000000
641	2	2	0.000000
642	2	2	0.000000
643	2	2	0.000000
644	2	2	0.000000
645	2	2	0.000000
646	2	2	0.000000
647	2	2	0.000000
648	1	2	0.000000
649	1	2	0.000000
650	1	2	0.000000
651	2	2	0.000000
652	1	2	0.000000
653	1	2	0.000000
654	2	2	0.000000
655	2	2	0.000000
656	2	2	0.000000
657	2	2	0.000000
658	2	2	0.000000
659	2	2	0.000000
660	2	2	0.000000
661	2	2	0.000000
662	2	2	0.000000
663	2	0	0.000000
664	2	2	0.000000
665	2	2	0.000000
666	2	2	0.000000
667	2	2	0.000000
668	2	2	0.000000
669	2	2	0.000000
670	2	2	0.000000
671	2	2	0.000000
672	2	2	0.000000
673	2	2	0.000000
674	2	2	0.000000
675	2	2	0.000000
676	2	2	0.000000
677	2	1	0.000000
678	2	2	0.000000
679	2	2	0.000000
680	2	2	0.000000
681	2	2	0.000000
682	2	2	0.000000
683	2	2	0.000000
684	2	2	0.000000
685	2	2	0.000000
686	3	2	0.000000
687	3	2	0.000000
688	3	2	0.000000
689	3	2	0.000000
690	3	2	0.000000
691	3	2	0.000000
692	3	2	0.000000
693	3	2	0.000000
694	3	2	0.000000
695	4	0	0.000000
696	4	0	0.000000
697	4	0	0.000000
698	4	0	0.000000
699	4	0	0.000000
700	4	0	0.000000
701	4	0	0.000000
702	4	0	0.000000
703	4	0	0.000000
704	4	0	0.000000
705	4	0	0.000000
706	4	1	0.000000
707	4	0	0.000000
708	4	1	0.000000
709	3	2	0.000000
710	4	0	0.000000
711	3	2	0.000000
712	3	2	0.000000
713	3	2	0.000000
714	3	1	0.000000
715	3	2	0.000000
716	3	2	0.000000
717	3	2	0.000000
718	3	2	0.000000
719	3	2	0.000000
720	3	2	0.000000
721	3	2	0.000000
722	3	2	0.000000
723	3	2	0.000000
724	3	2	0.000000
725	3	2	0.000000
726	3	2	0.000000
727	3	2	0.000000
728	3	2	0.000000
729	3	1	0.000000
730	3	2	0.000000
731	3	2	0.000000
732	3	2	0.000000
733	2	2	0.000000
734	2	2	0.000000
735	2	2	0.000000
736	2	2	0.000000
737	2	2	0.000000
738	2	2	0.000000
739	2	1	0.000000
740	2	2	0.000000
741	2	2	0.000000
742	2	2	0.000000
743	2	2	0.000000
744	2	2	0.000000
745	2	2	0.000000
746	2	1	0.000000
747	2	2	0.000000
748	2	2	0.000000
749	2	2	0.000000
750	2	2	0.000000
751	2	2	0.000000
752	2	2	0.000000
753	2	2	0.000000
754	2	0	0.000000
755	2	2	0.000000
756	2	2	0.000000
757	2	2	0.000000
758	2	2	0.000000
759	2	2	0.000000
760	2	2	0.000000
761	2	2	0.000000
762	2	2	0.000000
763	2	2	0.000000
764	2	2	0.000000
765	2	2	0.000000
766	2	2	0.000000
767	2	2	0.000000
768	2	2	0.000000
769	2	2	0.000000
770	2	2	0.000000
771	3	1	0.000000
772	3	2	0.000000
773	3	2	0.000000
774	3	2	0.000000
775	3	2	0.000000
776	3	2	0.000000
777	3	2	0.000000
778	3	2	0.000000
779	3	2	0.000000
780	3	2	0.000000
781	3	2	0.000000
782	3	2	0.000000
783	4	2	0.000000
784	4	0	0.000000
785	4	0	0.000000
786	4	0	0.000000
787	4	1	0.000000
788	4	0	0.000000
789	4	0	0.000000
790	4	0	0.000000
791	4	0	0.000000
792	4	0	0.000000
793	4	1	0.000000
794	4	0	0.000000
795	4	0	0.000000
796	4	0	0.000000
797	4	0	0.000000
798	4	0	0.000000
799	3	2	0.000000
800	3	2	0.000000
801	3	2	0.000000
802	3	1	0.000000
803	3	2	0.000000
804	2	1	0.000000
805	3	2	0.000000
806	3	2	0.000000
807	3	2	0.000000
808	3	2	0.000000
809	3	2	0.000000
810	2	2	0.000000
811	2	2	0.000000
812	3	2	0.000000
813	3	2	0.000000
814	3	2	0.000000
815	3	2	0.000000
816	3	2	0.000000
817	3	2	0.000000
818	3	2	0.000000
819	3	2	0.000000
820	3	2	0.000000
821	3	1	0.000000
822	3	2	0.000000
823	3	2	0.000000
824	3	2	0.000000
825	3	2	0.000000
826	3	2	0.000000
827	3	2	0.000000
828	3	2	0.000000
829	3	2	0.000000
830	3	2	0.000000
831	3	2	0.000000
832	3	2	0.000000
833	3	2	0.000000
834	3	1	0.000000
835	3	2	0.000000
836	3	1	0.000000
837	3	2	0.000000
838	3	2	0.000000
839	4	0	0.000000
840	4	0	0.000000
841	4	0	0.000000
842	4	0	0.000000
843	4	0	0.000000
844	4	0	0.000000
845	4	0	0.000000
846	4	0	0.000000
847	4	0	0.000000
848	4	0	0.000000
849	4	0	0.000000
850	4	0	0.000000
851	4	0	0.000000
852	4	0	0.000000
853	4	0	0.000000
854	3	2	0.000000
855	3	2	0.000000
856	3	2	0.000000
857	3	2	0.000000
858	3	2	0.000000
859	2	2	0.000000
860	2	2	0.000000
861	2	2	0.000000
862	2	2	0.000000
863	3	0	0.000000
864	3	2	0.000000
865	3	2	0.000000
866	3	0	0.000000
867	3	2	0.000000
868	3	2	0.000000
869	3	2	0.000000
870	3	2	0.000000
871	3	2	0.000000
872	3	2	0.000000
873	3	2	0.000000
874	3	2	0.000000
875	3	2	0.000000
876	3	2	0.000000
877	3	1	0.000000
878	3	2	0.000000
879	3	2	0.000000
880	3	2	0.000000
881	3	2	0.000000
882	4	0	0.000000
883	4	0	0.000000
884	4	0	0.000000
885	4	0	0.000000
886	4	0	0.000000
887	4	1	0.000000
888	4	0	0.000000
889	4	0	0.000000
890	4	0	0.000000
891	4	1	0.000000
892	4	0	0.000000
893	4	0	0.000000
894	4	0	0.000000
895	3	2	0.000000
896	3	2	0.000000
897	3	0	0.000000
898	3	2	0.000000
899	3	2	0.000000
900	3	2	0.000000
901	3	2	0.000000
902	3	2	0.000000
903	3	2	0.000000
904	3	2	0.000000
905	3	2	0.000000
906	3	2	0.000000
907	3	2	0.000000
908	3	2	0.000000
909	3	2	0.000000
910	4	0	0.000000
911	4	0	0.000000
912	4	0	0.000000
913	4	0	0.000000
914	4	1	0.000000
915	4	0	0.000000
916	4	0	0.000000
917	4	0	0.000000
918	4	0	0.000000
919	4	0	0.000000
920	4	0	0.000000
921	3	2	0.000000
922	3	2	0.000000
923	3	2	0.000000
924	3	2	0.000000
925	3	1	0.000000
926	3	2	0.000000
927	3	2	0.000000
928	3	2	0.000000
929	3	2	0.000000
930	3	2	0.000000
931	3	2	0.000000
932	3	2	0.000000
933	3	2	0.000000
934	3	2	0.000000
935	3	2	0.000000
936	3	2	0.000000
937	3	2	0.000000
938	3	2	0.000000
939	3	2	0.000000
940	3	2	0.000000
941	3	2	0.000000
942	3	2	0.000000
943	3	2	0.000000
944	2	1	0.000000
945	2	2	0.000000
946	2	2	0.000000
947	2	2	0.000000
948	2	2	0.000000
949	2	2	0.000000
950	2	2	0.000000
951	2	2	0.000000
952	2	2	0.000000
953	2	2	0.000000
954	2	0	0.000000
955	2	2	0.000000
956	1	2	0.000000
957	1	2	0.000000
958	1	2	0.000000
959	1	0	0.000000
960	1	2	0.000000
961	1	2	0.000000
962	1	2	0.000000
963	1	2	0.000000
964	1	2	0.000000
965	1	2	0.000000
966	1	2	0.000000
967	1	0	0.000000
968	1	2	0.000000
969	1	2	0.000000
970	1	2	0.000000
971	1	2	0.000000
972	1	2	0.000000
973	1	2	0.000000
974	1	2	0.000000
975	1	2	0.000000
976	1	2	0.000000
977	1	2	0.000000
978	1	2	0.000000
979	1	2	0.000000
980	1	2	0.000000
981	1	2	0.000000
982	1	2	0.000000
983	1	2	0.000000
984	1	2	0.000000
985	1	2	0.000000
986	1	2	0.000000
987	1	2	0.000000
988	1	2	0.000000
989	1	2	0.000000
990	1	2	0.000000
991	1	2	0.000000
992	1	2	0.000000
993	1	2	0.000000
994	1	2	0.000000
995	1	2	0.000000
996	2	2	0.000000
997	2	2	0.000000
998	2	2	0.000000
999	2	2	0.000000
1000	2	2	0.000000
1001	2	2	0.000000
1002	2	2	0.000000
1003	2	2	0.000000
1004	2	2	0.000000
1005	2	2	0.000000
1006	2	2	0.000000
1007	2	2	0.000000
1008	2	2	0.000000
1009	2	2	0.000000
1010	2	2	0.000000
1011	2	2	0.000000
1012	2	2	0.000000
1013	2	2	0.000000
1014	2	2	0.000000
1015	2	2	0.000000
1016	2	2	0.000000
1017	2	2	0.000000
1018	2	2	0.000000
1019	2	2	0.000000
1020	2	2	0.000000
1021	2	2	0.000000
1022	2	2	0.000000
1023	2	2	0.000000
1024	2	2	0.000000
1025	2	2	0.000000
1026	2	2	0.000000
1027	2	0	0.000000
1028	2	2	0.000000
1029	3	2	0.000000
1030	3	2	0.000000
1031	3	2	0.000000
1032	3	2	0.000000
1033	3	2	0.000000
1034	3	2	0.000000
1035	3	0	0.000000
1036	3	2	0.000000
1037	3	2	0.000000
1038	3	2	0.000000
1039	3	2	0.000000
1040	3	2	0.000000
1041	3	1	0.000000
1042	3	2	0.000000
1043	3	2	0.000000
1044	3	2	0.000000
1045	3	2	0.000000
1046	4	0	0.000000
1047	4	0	0.000000
1048	4	1	0.000000
1049	4	2	0.000000
1050	4	0	0.000000
1051	4	0	0.000000
1052	4	0	0.000000
1053	4	0	0.000000
1054	4	0	0.000000
1055	4	2	0.000000
1056	4	0	0.000000
1057	4	1	0.000000
1058	4	0	0.000000
1059	4	0	0.000000
1060	4	0	0.000000
1061	4	0	0.000000
1062	4	0	0.000000
1063	3	2	0.000000
1064	3	2	0.000000
1065	3	2	0.000000
1066	3	2	0.000000
1067	3	1	0.000000
1068	3	2	0.000000
1069	3	2	0.000000
1070	3	2	0.000000
1071	3	0	0.000000
1072	3	2	0.000000
1073	3	2	0.000000
1074	3	2	0.000000
1075	3	2	0.000000
1076	4	0	0.000000
1077	3	2	0.000000
1078	4	0	0.000000
1079	3	2	0.000000
1080	3	2	0.000000
1081	4	0	0.000000
1082	4	0	0.000000
1083	4	0	0.000000
1084	4	0	0.000000
1085	4	0	0.000000
1086	4	0	0.000000
1087	4	0	0.000000
1088	4	0	0.000000
1089	3	2	0.000000
1090	3	2	0.000000
1091	3	2	0.000000
1092	3	2	0.000000
1093	2	2	0.000000
1094	2	1	0.000000
1095	2	2	0.000000
1096	2	2	0.000000
1097	2	2	0.000000
1098	2	2	0.000000
1099	2	2	0.000000
1100	2	1	0.000000
1101	2	2	0.000000
1102	2	2	0.000000
1103	3	2	0.000000
1104	3	2	0.000000
1105	3	2	0.000000
1106	3	0	0.000000
1107	3	2	0.000000
1108	3	2	0.000000
1109	3	2	0.000000
1110	3	2	0.000000
1111	3	2	0.000000
1112	3	2	0.000000
1113	3	1	0.000000
1114	3	2	0.000000
1115	3	2	0.000000
1116	4	0	0.000000
1117	4	0	0.000000
1118	4	0	0.000000
1119	4	0	0.000000
1120	4	2	0.000000
1121	4	0	0.000000
1122	4	0	0.000000
1123	4	0	0.000000
1124	4	0	0.000000
1125	4	0	0.000000
1126	3	2	0.000000
1127	3	2	0.000000
1128	3	2	0.000000
1129	3	2	0.000000
1130	2	2	0.000000
1131	2	2	0.000000
1132	2	2	0.000000
1133	2	2	0.000000
1134	2	2	0.000000
1135	3	2	0.000000
1136	3	2	0.000000
1137	3	2	0.000000
1138	3	2	0.000000
1139	4	0	0.000000
1140	4	0	0.000000
1141	4	0	0.000000
1142	4	0	0.000000
1143	4	0	0.000000
1144	4	0	0.000000
1145	4	0	0.000000
1146	4	0	0.000000
1147	4	0	0.000000
1148	4	0	0.000000
1149	3	2	0.000000
1150	3	2	0.000000
1151	3	2	0.000000
1152	2	2	0.000000
1153	2	2	0.000000
1154	2	2	0.000000
1155	2	2	0.000000
1156	2	2	0.000000
1157	2	2	0.000000
1158	3	2	0.000000
1159	3	2	0.000000
1160	3	2	0.000000
1161	3	2	0.000000
1162	3	2	0.000000
1163	3	2	0.000000
1164	3	2	0.000000
1165	3	2	0.000000
1166	3	2	0.000000
1167	4	0	0.000000
1168	4	0	0.000000
1169	4	0	0.000000
1170	4	0	0.000000
1171	4	0	0.000000
1172	4	2	0.000000
1173	4	1	0.000000
1174	4	0	0.000000
1175	4	0	0.000000
1176	4	0	0.000000
1177	4	0	0.000000
1178	4	0	0.000000
1179	4	0	0.000000
1180	4	1	0.000000
1181	4	0	0.000000
1182	3	2	0.000000
1183	3	2	0.000000
1184	3	1	0.000000
1185	3	2	0.000000
1186	3	2	0.000000
1187	2	2	0.000000
1188	2	2	0.000000
1189	2	2	0.000000
1190	3	2	0.000000
1191	3	2	0.000000
1192	3	2	0.000000
1193	3	2	0.000000
1194	3	2	0.000000
1195	3	2	0.000000
1196	3	2	0.000000
1197	4	0	0.000000
1198	4	0	0.000000
1199	4	0	0.000000
1200	4	0	0.000000
1201	4	0	0.000000
1202	4	0	0.000000
1203	4	0	0.000000
1204	4	0	0.000000
1205	4	0	0.000000
1206	4	0	0.000000
1207	4	0	0.000000
1208	3	2	0.000000
1209	3	2	0.000000
1210	3	2	0.000000
1211	3	2	0.000000
1212	3	2	0.000000
1213	3	2	0.000000
1214	3	2	0.000000
1215	3	2	0.000000
1216	3	2	0.000000
1217	3	2	0.000000
1218	3	2	0.000000
1219	3	2	0.000000
1220	4	0	0.000000
1221	4	2	0.000000
1222	4	0	0.000000
1223	4	0	0.000000
1224	4	0	0.000000
1225	4	0	0.000000
1226	4	0	0.000000
1227	4	0	0.000000
1228	4	0	0.000000
1229	4	0	0.000000
1230	4	0	0.000000
1231	4	0	0.000000
1232	3	2	0.000000
1233	3	2	0.000000
1234	3	2	0.000000
1235	3	2	0.000000
1236	3	0	0.000000
1237	3	2	0.000000
1238	2	2	0.000000
1239	3	1	0.000000
1240	3	2	0.000000
1241	3	2	0.000000
1242	3	2	0.000000
1243	3	2	0.000000
1244	3	2	0.000000
1245	3	2	0.000000
1246	3	2	0.000000
1247	3	2	0.000000
1248	3	2	0.000000
1249	3	2	0.000000
1250	3	2	0.000000
1251	4	0	0.000000
1252	4	0	0.000000
1253	4	0	0.000000
1254	4	0	0.000000
1255	4	1	0.000000
1256	4	0	0.000000
1257	4	0	0.000000
1258	4	0	0.000000
1259	4	0	0.000000
1260	4	0	0.000000
1261	4	0	0.000000
1262	4	0	0.000000
1263	4	0	0.000000
1264	4	0	0.000000
1265	3	2	0.000000
1266	3	2	0.000000
1267	3	2	0.000000
1268	3	2	0.000000
1269	2	2	0.000000
1270	2	2	0.000000
1271	2	2	0.000000
1272	2	2	0.000000
1273	2	1	0.000000
1274	2	0	0.000000
1275	3	2	0.000000
1276	3	2	0.000000
1277	3	0	0.000000
1278	3	2	0.000000
1279	3	2	0.000000
1280	3	2	0.000000
1281	3	2	0.000000
1282	3	2	0.000000
1283	3	2	0.000000
1284	3	1	0.000000
1285	3	2	0.000000
1286	3	2	0.000000
1287	3	2	0.000000
1288	3	2	0.000000
1289	3	2	0.000000
1290	3	2	0.000000
1291	3	2	0.000000
1292	3	2	0.000000
1293	3	2	0.000000
1294	3	2	0.000000
1295	3	1	0.000000
1296	3	2	0.000000
1297	3	2	0.000000
1298	3	2	0.000000
1299	3	2	0.000000
1300	3	2	0.000000
1301	3	2	0.000000
1302	2	2	0.000000
1303	2	2	0.000000
1304	2	2	0.000000
1305	2	2	0.000000
1306	2	2	0.000000
1307	2	2	0.000000
1308	2	2	0.000000
1309	2	2	0.000000
1310	2	2	0.000000
1311	2	2	0.000000
1312	2	2	0.000000
1313	2	2	0.000000
1314	2	2	0.000000
1315	2	2	0.000000
1316	2	2	0.000000
1317	2	2	0.000000
1318	2	2	0.000000
1319	2	0	0.000000
1320	2	2	0.000000
1321	2	2	0.000000
1322	2	2	0.000000
1323	2	2	0.000000
1324	2	2	0.000000
1325	2	2	0.000000
1326	2	2	0.000000
1327	1	2	0.000000
1328	1	2	0.000000
1329	1	2	0.000000
1330	1	2	0.000000
1331	1	2	0.000000
1332	1	2	0.000000
1333	1	2	0.000000
1334	1	2	0.000000
1335	2	2	0.000000
1336	2	2	0.000000
1337	2	2	0.000000
1338	2	2	0.000000
1339	2	0	0.000000
1340	2	2	0.000000
1341	2	2	0.000000
1342	2	2	0.000000
1343	2	2	0.000000
1344	2	2	0.000000
1345	2	2	0.000000
1346	2	2	0.000000
1347	2	2	0.000000
1348	2	1	0.000000
1349	2	2	0.000000
1350	2	2	0.000000
1351	2	2	0.000000
1352	3	1	0.000000
1353	3	2	0.000000
1354	3	2	0.000000
1355	3	2	0.000000
1356	3	2	0.000000
1357	3	2	0.000000
1358	3	2	0.000000
1359	3	2	0.000000
1360	3	2	0.000000
1361	3	2	0.000000
1362	3	2	0.000000
1363	3	2	0.000000
1364	3	2	0.000000
1365	3	2	0.000000
1366	4	0	0.000000
1367	3	2	0.000000
1368	3	2	0.000000
1369	4	0	0.000000
1370	4	0	0.000000
1371	4	0	0.000000
1372	4	0	0.000000
1373	4	0	0.000000
1374	4	0	0.000000
1375	4	0	0.000000
1376	4	0	0.000000
1377	4	0	0.000000
1378	4	0	0.000000
1379	4	2	0.000000
1380	3	2	0.000000
1381	3	2	0.000000
1382	3	2	0.000000
1383	3	2	0.000000
1384	3	2	0.000000
1385	3	2	0.000000
1386	3	2	0.000000
1387	3	2	0.000000
1388	3	2	0.000000
1389	3	2	0.000000
1390	3	2	0.000000
1391	3	2	0.000000
1392	3	2	0.000000
1393	3	2	0.000000
1394	3	2	0.000000
1395	3	2	0.000000
1396	4	0	0.000000
1397	4	0	0.000000
1398	4	0	0.000000
1399	4	0	0.000000
1400	4	0	0.000000
1401	4	0	0.000000
1402	4	0	0.000000
1403	4	0	0.000000
1404	3	2	0.000000
1405	3	2	0.000000
1406	3	2	0.000000
1407	3	2	0.000000
1408	3	2	0.000000
1409	3	2	0.000000
1410	3	2	0.000000
1411	2	2	0.000000
1412	3	2	0.000000
1413	3	2	0.000000
1414	3	2	0.000000
1415	3	2	0.000000
1416	3	2	0.000000
1417	3	2	0.000000
1418	3	2	0.000000
1419	3	2	0.000000
1420	3	2	0.000000
1421	3	2	0.000000
1422	3	2	0.000000
1423	3	2	0.000000
1424	3	2	0.000000
1425	4	0	0.000000
1426	4	0	0.000000
1427	4	0	0.000000
1428	4	1	0.000000
1429	4	0	0.000000
1430	4	0	0.000000
1431	4	0	0.000000
1432	4	0	0.000000
1433	4	0	0.000000
1434	4	0	0.000000
1435	4	0	0.000000
1436	4	0	0.000000
1437	4	0	0.000000
1438	4	0	0.000000
1439	3	2	0.000000
1440	3	2	0.000000
1441	3	2	0.000000
1442	3	2	0.000000
1443	2	2	0.000000
1444	2	2	0.000000
1445	2	2	0.000000
1446	2	2	0.000000
1447	2	2	0.000000
1448	3	2	0.000000
1449	3	2	0.000000
1450	3	2	0.000000
1451	3	2	0.000000
1452	3	2	0.000000
1453	3	2	0.000000
1454	3	2	0.000000
1455	3	2	0.000000
1456	3	2	0.000000
1457	3	2	0.000000
1458	3	2	0.000000
1459	3	2	0.000000
1460	4	0	0.000000
1461	4	0	0.000000
1462	4	0	0.000000
1463	4	0	0.000000
1464	4	0	0.000000
1465	4	0	0.000000
1466	4	0	0.000000
1467	4	0	0.000000
1468	4	0	0.000000
1469	4	0	0.000000
1470	4	0	0.000000
1471	4	0	0.000000
1472	3	2	0.000000
1473	3	2	0.000000
1474	3	2	0.000000
1475	2	2	0.000000
1476	2	2	0.000000
1477	2	2	0.000000
1478	2	2	0.000000
1479	2	2	0.000000
1480	2	2	0.000000
1481	2	2	0.000000
1482	2	2	0.000000
1483	2	2	0.000000
1484	2	2	0.000000
1485	2	2	0.000000
1486	2	2	0.000000
1487	2	2	0.000000
1488	2	2	0.000000
1489	2	2	0.000000
1490	2	2	0.000000
1491	2	2	0.000000
1492	2	2	0.000000
1493	2	2	0.000000
1494	2	2	0.000000
1495	2	2	0.000000
1496	2	2	0.000000
1497	2	2	0.000000
1498	2	2	0.000000
1499	1	2	0.000000
1500	1	2	0.000000
1501	1	2	0.000000
1502	1	2	0.000000
1503	1	2	0.000000
1504	1	2	0.000000
1505	1	2	0.000000
1506	1	2	0.000000
1507	1	2	0.000000
1508	1	1	0.000000
1509	1	2	0.000000
1510	1	2	0.000000
1511	1	2	0.000000
1512	1	2	0.000000
1513	1	2	0.000000
1514	1	2	0.000000
1515	1	2	0.000000
1516	1	2	0.000000
1517	1	1	0.000000
1518	1	2	0.000000
1519	1	2	0.000000
1520	1	2	0.000000
1521	1	2	0.000000
1522	1	0	0.000000
1523	1	2	0.000000
1524	1	2	0.000000
1525	1	1	0.000000
1526	1	2	0.000000
1527	1	2	0.000000
1528	1	2	0.000000
1529	1	2	0.000000
1530	1	2	0.000000
1531	1	2	0.000000
1532	1	2	0.000000
1533	1	2	0.000000
1534	1	2	0.000000
1535	1	2	0.000000
1536	1	2	0.000000
1537	1	2	0.000000
1538	1	2	0.000000
1539	1	2	0.000000
1540	1	2	0.000000
1541	1	2	0.000000
1542	1	2	0.000000
1543	1	2	0.000000
1544	1	2	0.000000
1545	1	2	0.000000
1546	1	2	0.000000
1547	1	2	0.000000
1548	1	2	0.000000
1549	1	2	0.000000
1550	1	2	0.000000
1551	1	2	0.000000
1552	1	2	0.000000
1553	1	2	0.000000
1554	1	2	0.000000
1555	1	2	0.000000
1556	1	2	0.000000
1557	1	0	0.000000
1558	1	2	0.000000
1559	1	2	0.000000
1560	1	2	0.000000
1561	1	2	0.000000
1562	1	2	0.000000
1563	1	2	0.000000
1564	1	2	0.000000
1565	1	2	0.000000
1566	1	2	0.000000
1567	1	2	0.000000
1568	2	2	0.000000
1569	2	2	0.000000
1570	2	2	0.000000
1571	2	2	0.000000
1572	2	2	0.000000
1573	2	2	0.000000
1574	2	2	0.000000
1575	2	2	0.000000
1576	2	2	0.000000
1577	2	0	0.000000
1578	2	2	0.000000
1579	2	2	0.000000
1580	2	2	0.000000
1581	2	2	0.000000
1582	2	2	0.000000
1583	2	2	0.000000
1584	2	2	0.000000
1585	2	2	0.000000
1586	2	2	0.000000
1587	2	0	0.000000
1588	2	2	0.000000
1589	2	1	0.000000
1590	2	2	0.000000
1591	2	1	0.000000
1592	2	2	0.000000
1593	2	2	0.000000
1594	2	2	0.000000
1595	2	2	0.000000
1596	2	0	0.000000
1597	2	2	0.000000
1598	2	2	0.000000
1599	2	2	0.000000
1600	2	2	0.000000
1601	2	2	0.000000
1602	2	2	0.000000
1603	2	2	0.000000
1604	2	2	0.000000
1605	2	2	0.000000
1606	2	2	0.000000
1607	2	2	0.000000
1608	2	2	0.000000
1609	3	2	0.000000
1610	3	2	0.000000
1611	3	2	0.000000
1612	3	2	0.000000
1613	3	2	0.000000
1614	3	2	0.000000
1615	3	2	0.000000
1616	3	2	0.000000
1617	3	2	0.000000
1618	3	2	0.000000
1619	3	2	0.000000
1620	4	0	0.000000
1621	4	1	0.000000
1622	4	0	0.000000
1623	4	0	0.000000
1624	4	0	0.000000
1625	4	0	0.000000
1626	4	0	0.000000
1627	4	0	0.000000
1628	4	0	0.000000
1629	4	0	0.000000
1630	4	0	0.000000
1631	4	0	0.000000
1632	4	0	0.000000
1633	3	2	0.000000
1634	3	2	0.000000
1635	3	2	0.000000
1636	3	2	0.000000
1637	3	2	0.000000
1638	3	2	0.000000
1639	3	2	0.000000
1640	2	2	0.000000
1641	3	0	0.000000
1642	2	2	0.000000
1643	3	2	0.000000
1644	3	2	0.000000
1645	3	0	0.000000
1646	2	2	0.000000
1647	2	2	0.000000
1648	2	2	0.000000
1649	2	2	0.000000
1650	2	2	0.000000
1651	2	2	0.000000
1652	2	2	0.000000
1653	2	2	0.000000
1654	2	2	0.000000
1655	2	2	0.000000
1656	2	2	0.000000
1657	1	2	0.000000
1658	1	0	0.000000
1659	1	2	0.000000
1660	1	2	0.000000
1661	2	2	0.000000
1662	2	1	0.000000
1663	1	2	0.000000
1664	1	2	0.000000
1665	1	2	0.000000
1666	1	2	0.000000
1667	1	2	0.000000
1668	1	2	0.000000
1669	1	2	0.000000
1670	1	2	0.000000
1671	1	2	0.000000
1672	1	2	0.000000
1673	1	2	0.000000
1674	1	2	0.000000
1675	2	2	0.000000
1676	2	2	0.000000
1677	2	2	0.000000
1678	2	2	0.000000
1679	2	2	0.000000
1680	2	2	0.000000
1681	2	2	0.000000
1682	1	2	0.000000
1683	1	2	0.000000
1684	1	2	0.000000
1685	1	2	0.000000
1686	1	2	0.000000
1687	1	2	0.000000
1688	1	2	0.000000
1689	1	2	0.000000
1690	1	2	0.000000
1691	1	2	0.000000
1692	1	2	0.000000
1693	1	2	0.000000
1694	1	2	0.000000
1695	1	2	0.000000
1696	1	2	0.000000
1697	1	2	0.000000
1698	1	1	0.000000
1699	1	2	0.000000
1700	1	2	0.000000
1701	1	2	0.000000
1702	1	2	0.000000
1703	1	2	0.000000
1704	1	2	0.000000
1705	1	2	0.000000
1706	1	0	0.000000
1707	1	2	0.000000
1708	1	2	0.000000
1709	1	2	0.000000
1710	1	2	0.000000
1711	1	2	0.000000
1712	1	2	0.000000
1713	1	2	0.000000
1714	1	2	0.000000
1715	2	2	0.000000
1716	2	2	0.000000
1717	2	2	0.000000
1718	1	2	0.000000
1719	1	2	0.000000
1720	1	2	0.000000
1721	1	2	0.000000
1722	1	2	0.000000
1723	1	2	0.000000
1724	1	2	0.000000
1725	1	2	0.000000
1726	1	2	0.000000
1727	1	2	0.000000
1728	1	2	0.000000
1729	1	2	0.000000
1730	1	2	0.000000
1731	1	2	0.000000
1732	1	2	0.000000
1733	2	2	0.000000
1734	2	2	0.000000
1735	2	2	0.000000
1736	2	2	0.000000
1737	2	2	0.000000
1738	2	2	0.000000
1739	2	2	0.000000
1740	2	2	0.000000
1741	2	2	0.000000
1742	2	2	0.000000
1743	2	2	0.000000
1744	2	2	0.000000
1745	2	2	0.000000
1746	2	2	0.000000
1747	2	2	0.000000
1748	2	2	0.000000
1749	2	2	0.000000
1750	2	2	0.000000
1751	2	2	0.000000
1752	2	2	0.000000
1753	2	2	0.000000
1754	2	2	0.000000
1755	2	2	0.000000
1756	2	1	0.000000
1757	2	2	0.000000
1758	2	2	0.000000
1759	2	2	0.000000
1760	2	2	0.000000
1761	2	2	0.000000
1762	2	2	0.000000
1763	2	2	0.000000
1764	2	2	0.000000
1765	2	2	0.000000
1766	2	2	0.000000
1767	2	2	0.000000
1768	2	2	0.000000
1769	3	2	0.000000
1770	3	2	0.000000
1771	3	2	0.000000
1772	3	2	0.000000
1773	3	2	0.000000
1774	3	2	0.000000
1775	3	2	0.000000
1776	3	2	0.000000
1777	4	0	0.000000
1778	4	0	0.000000
1779	4	0	0.000000
1780	4	0	0.000000
1781	4	0	0.000000
1782	4	1	0.000000
1783	4	0	0.000000
1784	4	0	0.000000
1785	4	0	0.000000
1786	4	0	0.000000
1787	4	0	0.000000
1788	4	0	0.000000
1789	4	0	0.000000
1790	3	2	0.000000
1791	3	2	0.000000
1792	3	2	0.000000
1793	3	2	0.000000
1794	3	2	0.000000
1795	3	0	0.000000
1796	3	2	0.000000
1797	3	2	0.000000
1798	3	2	0.000000
1799	3	2	0.000000
1800	3	1	0.000000
1801	4	0	0.000000
1802	4	0	0.000000
1803	4	0	0.000000
1804	4	0	0.000000
1805	4	0	0.000000
1806	4	0	0.000000
1807	4	0	0.000000
1808	4	0	0.000000
1809	3	2	0.000000
1810	3	2	0.000000
1811	3	2	0.000000
1812	3	2	0.000000
1813	3	2	0.000000
1814	3	2	0.000000
1815	3	2	0.000000
1816	3	2	0.000000
1817	3	2	0.000000
1818	3	2	0.000000
1819	3	2	0.000000
1820	3	2	0.000000
1821	3	2	0.000000
1822	3	2	0.000000
1823	4	0	0.000000
1824	4	0	0.000000
1825	4	0	0.000000
1826	4	0	0.000000
1827	4	0	0.000000
1828	4	0	0.000000
1829	5	1	0.000000
1830	5	1	0.000000
1831	5	1	0.000000
1832	5	1	0.000000
1833	5	1	0.000000
1834	5	1	0.000000
1835	5	2	0.000000
1836	5	1	0.000000
1837	5	1	0.000000
1838	5	1	0.000000
1839	5	1	0.000000
1840	5	1	0.000000
1841	5	1	0.000000
1842	5	1	0.000000
1843	5	1	0.000000
1844	5	1	0.000000
1845	5	1	0.000000
1846	5	1	0.000000
1847	5	1	0.000000
1848	5	1	0.000000
1849	5	1	0.000000
1850	5	1	0.000000
1851	5	1	0.000000
1852	5	1	0.000000
1853	5	1	0.000000
1854	5	1	0.000000
1855	5	1	0.000000
1856	5	1	0.000000
1857	5	1	0.000000
1858	5	1	0.000000
1859	5	1	0.000000
1860	5	1	0.000000
1861	5	1	0.000000
1862	5	1	0.000000
1863	5	1	0.000000
1864	5	1	0.000000
1865	5	1	0.000000
1866	5	0	0.000000
1867	5	1	0.000000
1868	5	1	0.000000
1869	5	1	0.000000
1870	5	1	0.000000
1871	5	1	0.000000
1872	5	1	0.000000
1873	5	1	0.000000
1874	5	1	0.000000
1875	5	1	0.000000
1876	5	1	0.000000
1877	5	1	0.000000
1878	5	1	0.000000
1879	5	2	0.000000
1880	5	1	0.000000
1881	5	1	0.000000
1882	5	1	0.000000
1883	5	0	0.000000
1884	5	1	0.000000
1885	5	1	0.000000
1886	5	1	0.000000
1887	5	1	0.000000
1888	5	2	0.000000
1889	5	1	0.000000
1890	5	1	0.000000
1891	5	1	0.000000
1892	5	1	0.000000
1893	5	1	0.000000
1894	5	1	0.000000
1895	5	1	0.000000
1896	5	1	0.000000
1897	5	1	0.000000
1898	5	1	0.000000
1899	5	1	0.000000
1900	5	1	0.000000
1901	5	0	0.000000
1902	5	1	0.000000
1903	5	1	0.000000
1904	5	1	0.000000
1905	5	1	0.000000
1906	5	1	0.000000
1907	5	1	0.000000
1908	5	1	0.000000
1909	5	1	0.000000
1910	5	1	0.000000
1911	5	1	0.000000
1912	5	1	0.000000
1913	5	1	0.000000
1914	5	1	0.000000
1915	5	0	0.000000
1916	5	1	0.000000
1917	5	1	0.000000
1918	5	1	0.000000
1919	5	1	0.000000
1920	5	1	0.000000
1921	5	1	0.000000
1922	5	1	0.000000
1923	5	1	0.000000
1924	5	1	0.000000
1925	5	1	0.000000
1926	5	1	0.000000
1927	5	1	0.000000
1928	5	1	0.000000
1929	5	1	0.000000
1930	5	1	0.000000
1931	5	1	0.000000
1932	5	1	0.000000
1933	5	1	0.000000
1934	5	1	0.000000
1935	5	1	0.000000
1936	5	1	0.000000
1937	5	1	0.000000
1938	5	2	0.000000
1939	5	1	0.000000
1940	5	1	0.000000
1941	5	1	0.000000
1942	5	1	0.000000
1943	5	1	0.000000
1944	5	1	0.000000
1945	5	1	0.000000
1946	5	1	0.000000
1947	5	1	0.000000
1948	5	1	0.000000
1949	5	1	0.000000
1950	5	1	0.000000
1951	5	1	0.000000
1952	5	1	0.000000
1953	5	1	0.000000
1954	5	1	0.000000
1955	5	1	0.000000
1956	5	0	0.000000
1957	5	1	0.000000
1958	5	1	0.000000
1959	5	1	0.000000
1960	5	1	0.000000
1961	5	1	0.000000
1962	5	1	0.000000
1963	5	1	0.000000
1964	5	0	0.000000
1965	5	1	0.000000
1966	5	1	0.000000
1967	5	1	0.000000
1968	5	1	0.000000
1969	5	1	0.000000
1970	5	1	0.000000
1971	5	1	0.000000
1972	5	1	0.000000
1973	5	1	0.000000
1974	5	1	0.000000
1975	5	1	0.000000
1976	5	1	0.000000
1977	5	1	0.000000
1978	5	1	0.000000
1979	5	1	0.000000
1980	5	1	0.000000
1981	5	2	0.000000
1982	5	1	0.000000
1983	5	1	0.000000
1984	5	1	0.000000
1985	5	1	0.000000
1986	5	1	0.000000
1987	5	1	0.000000
1988	5	1	0.000000
1989	5	2	0.000000
1990	5	1	0.000000
1991	5	1	0.000000
1992	5	1	0.000000
1993	5	1	0.000000
1994	5	1	0.000000
1995	5	1	0.000000
1996	5	1	0.000000
1997	5	1	0.000000
1998	5	1	0.000000
1999	5	1	0.000000
2000	5	1	0.000000
2001	5	1	0.000000
2002	5	1	0.000000
2003	5	1	0.000000
2004	5	1	0.000000
2005	5	1	0.000000
2006	5	1	0.000000
2007	5	1	0.000000
2008	5	1	0.000000
2009	5	1	0.000000
2010	5	1	0.000000
2011	5	1	0.000000
2012	5	0	0.000000
2013	5	1	0.000000
2014	5	1	0.000000
2015	5	1	0.000000
2016	5	1	0.000000
2017	5	1	0.000000
2018	5	1	0.000000
2019	5	1	0.000000
2020	5	1	0.000000
2021	5	1	0.000000
2022	5	1	0.000000
2023	5	1	0.000000
2024	5	1	0.000000
2025	5	1	0.000000
2026	5	1	0.000000
2027	5	1	0.000000
2028	5	1	0.000000
2029	5	1	0.000000
2030	5	1	0.000000
2031	5	1	0.000000
2032	5	1	0.000000
2033	5	1	0.000000
2034	5	1	0.000000
2035	5	1	0.000000
2036	5	1	0.000000
2037	5	1	0.000000
2038	5	1	0.000000
2039	5	1	0.000000
2040	5	1	0.000000
2041	5	1	0.000000
2042	5	1	0.000000
2043	5	1	0.000000
2044	5	1	0.000000
2045	5	1	0.000000
2046	5	1	0.000000
2047	5	1	0.000000
2048	5	1	0.000000
2049	5	1	0.000000
2050	5	1	0.000000
2051	5	1	0.000000
2052	5	1	0.000000
2053	5	1	0.000000
2054	5	1	0.000000
2055	5	1	0.000000
2056	5	1	0.000000
2057	5	2	0.000000
2058	5	1	0.000000
2059	5	1	0.000000
2060	5	1	0.000000
2061	5	1	0.000000
2062	5	1	0.000000
2063	5	1	0.000000
2064	5	1	0.000000
2065	5	1	0.000000
2066	5	1	0.000000
2067	5	1	0.000000
2068	5	1	0.000000
2069	5	1	0.000000
2070	5	1	0.000000
2071	5	1	0.000000
2072	5	1	0.000000
2073	5	1	0.000000
2074	5	1	0.000000
2075	5	1	0.000000
2076	5	1	0.000000
2077	5	1	0.000000
2078	5	2	0.000000
2079	5	2	0.000000
2080	5	1	0.000000
2081	5	1	0.000000
2082	5	1	0.000000
2083	5	1	0.000000
2084	5	1	0.000000
2085	5	1	0.000000
2086	5	1	0.000000
2087	5	1	0.000000
2088	5	1	0.000000
2089	5	2	0.000000
2090	5	1	0.000000
2091	5	1	0.000000
2092	5	1	0.000000
2093	5	1	0.000000
2094	5	1	0.000000
2095	5	1	0.000000
2096	5	1	0.000000
2097	5	1	0.000000
2098	5	1	0.000000
2099	5	1	0.000000
2100	5	1	0.000000
2101	5	1	0.000000
2102	5	1	0.000000
2103	5	2	0.000000
2104	5	1	0.000000
2105	5	1	0.000000
2106	5	1	0.000000
2107	5	2	0.000000
2108	5	1	0.000000
2109	5	1	0.000000
2110	5	1	0.000000
2111	5	1	0.000000
2112	5	1	0.000000
2113	5	1	0.000000
2114	5	1	0.000000
2115	5	1	0.000000
2116	5	1	0.000000
2117	5	1	0.000000
2118	5	1	0.000000
2119	5	1	0.000000
2120	5	1	0.000000
2121	5	0	0.000000
2122	5	1	0.000000
2123	5	1	0.000000
2124	5	1	0.000000
2125	5	1	0.000000
2126	5	1	0.000000
2127	5	1	0.000000
2128	5	1	0.000000
2129	5	1	0.000000
2130	5	1	0.000000
2131	5	1	0.000000
2132	5	1	0.000000
2133	5	1	0.000000
2134	5	1	0.000000
2135	4	0	0.000000
2136	5	1	0.000000
2137	4	0	0.000000
2138	5	1	0.000000
2139	5	1	0.000000
2140	5	1	0.000000
2141	5	1	0.000000
2142	5	1	0.000000
2143	5	1	0.000000
2144	4	0	0.000000
2145	4	0	0.000000
2146	4	0	0.000000
2147	5	1	0.000000
2148	4	0	0.000000
2149	5	1	0.000000
2150	5	1	0.000000
2151	5	1	0.000000
2152	5	1	0.000000
2153	5	1	0.000000
2154	5	1	0.000000
2155	4	0	0.000000
2156	5	1	0.000000
2157	5	1	0.000000
2158	4	0	0.000000
2159	4	0	0.000000
2160	4	0	0.000000
2161	4	0	0.000000
2162	4	0	0.000000
2163	4	0	0.000000
2164	4	0	0.000000
2165	4	0	0.000000
2166	4	0	0.000000
2167	4	0	0.000000
2168	4	0	0.000000
2169	4	0	0.000000
2170	4	0	0.000000
2171	4	0	0.000000
2172	4	0	0.000000
2173	4	0	0.000000
2174	4	0	0.000000
2175	4	0	0.000000
2176	4	2	0.000000
2177	4	0	0.000000
2178	4	1	0.000000
2179	4	2	0.000000
2180	4	0	0.000000
2181	4	2	0.000000
2182	4	0	0.000000
2183	4	0	0.000000
2184	4	0	0.000000
2185	4	0	0.000000
2186	4	0	0.000000
2187	4	0	0.000000
2188	4	0	0.000000
2189	4	0	0.000000
2190	4	0	0.000000
2191	4	0	0.000000
2192	4	0	0.000000
2193	4	0	0.000000
2194	4	0	0.000000
2195	4	0	0.000000
2196	4	2	0.000000
2197	4	0	0.000000
2198	4	0	0.000000
2199	4	0	0.000000
2200	4	0	0.000000
2201	4	0	0.000000
2202	4	2	0.000000
2203	4	0	0.000000
2204	4	0	0.000000
2205	4	0	0.000000
2206	4	0	0.000000
2207	4	0	0.000000
2208	4	0	0.000000
2209	4	0	0.000000
2210	4	0	0.000000
2211	4	1	0.000000
2212	4	0	0.000000
2213	4	0	0.000000
2214	4	0	0.000000
2215	4	0	0.000000
2216	4	0	0.000000
2217	4	0	0.000000
2218	4	0	0.000000
2219	4	0	0.000000
2220	4	0	0.000000
2221	4	0	0.000000
2222	4	0	0.000000
2223	4	0	0.000000
2224	4	2	0.000000
2225	4	0	0.000000
2226	4	0	0.000000
2227	4	0	0.000000
2228	4	0	0.000000
2229	4	0	0.000000
2230	4	2	0.000000
2231	4	0	0.000000
2232	4	0	0.000000
2233	4	0	0.000000
2234	4	0	0.000000
2235	4	0	0.000000
2236	4	0	0.000000
2237	4	0	0.000000
2238	4	0	0.000000
2239	4	0	0.000000
2240	4	0	0.000000
2241	4	0	0.000000
2242	4	0	0.000000
2243	4	0	0.000000
2244	4	0	0.000000
2245	4	0	0.000000
2246	4	0	0.000000
2247	4	0	0.000000
2248	4	0	0.000000
2249	4	0	0.000000
2250	5	1	0.000000
2251	5	1	0.000000
2252	5	1	0.000000
2253	5	1	0.000000
2254	5	1	0.000000
2255	5	1	0.000000
2256	5	1	0.000000
2257	5	1	0.000000
2258	5	1	0.000000
2259	5	1	0.000000
2260	5	1	0.000000
2261	5	1	0.000000
2262	5	1	0.000000
2263	5	1	0.000000
2264	5	1	0.000000
2265	5	1	0.000000
2266	5	1	0.000000
2267	5	1	0.000000
2268	5	1	0.000000
2269	5	1	0.000000
2270	5	2	0.000000
2271	5	1	0.000000
2272	5	1	0.000000
2273	5	1	0.000000
2274	5	1	0.000000
2275	5	1	0.000000
2276	5	1	0.000000
2277	5	1	0.000000
2278	5	1	0.000000
2279	5	1	0.000000
2280	5	1	0.000000
2281	5	1	0.000000
2282	5	1	0.000000
2283	5	1	0.000000
2284	5	1	0.000000
2285	5	2	0.000000
2286	5	1	0.000000
2287	5	1	0.000000
2288	5	1	0.000000
2289	5	1	0.000000
2290	5	1	0.000000
2291	5	1	0.000000
2292	4	0	0.000000
2293	4	0	0.000000
2294	4	0	0.000000
2295	4	0	0.000000
2296	4	0	0.000000
2297	4	2	0.000000
2298	4	0	0.000000
2299	4	0	0.000000
2300	3	2	0.000000
2301	3	2	0.000000
2302	3	2	0.000000
2303	3	2	0.000000
2304	2	2	0.000000
2305	2	2	0.000000
2306	2	2	0.000000
2307	2	2	0.000000
2308	2	2	0.000000
2309	1	2	0.000000
2310	1	2	0.000000
2311	1	2	0.000000
2312	1	2	0.000000
2313	1	2	0.000000
2314	1	2	0.000000
2315	1	2	0.000000
2316	1	2	0.000000
2317	1	2	0.000000
2318	1	2	0.000000
2319	1	2	0.000000
2320	1	2	0.000000
2321	1	2	0.000000
2322	1	2	0.000000
2323	1	2	0.000000
2324	1	1	0.000000
2325	1	2	0.000000
2326	1	2	0.000000
2327	1	2	0.000000
2328	1	2	0.000000
2329	1	1	0.000000
2330	1	2	0.000000
2331	1	2	0.000000
2332	1	2	0.000000
2333	1	2	0.000000
2334	1	2	0.000000
2335	1	2	0.000000
2336	1	2	0.000000
2337	2	2	0.000000
2338	2	2	0.000000
2339	1	2	0.000000
2340	1	2	0.000000
2341	1	2	0.000000
2342	1	2	0.000000
2343	1	2	0.000000
2344	1	2	0.000000
2345	1	2	0.000000
2346	1	2	0.000000
2347	1	2	0.000000
2348	1	2	0.000000
2349	1	2	0.000000
2350	1	2	0.000000
2351	1	2	0.000000
2352	1	2	0.000000
2353	1	2	0.000000
2354	1	2	0.000000
2355	1	2	0.000000
2356	1	2	0.000000
2357	1	2	0.000000
2358	1	2	0.000000
2359	1	2	0.000000
2360	1	2	0.000000
2361	1	2	0.000000
2362	1	2	0.000000
2363	1	2	0.000000
2364	1	2	0.000000
2365	1	2	0.000000
2366	1	1	0.000000
2367	1	2	0.000000
2368	1	2	0.000000
2369	1	2	0.000000
2370	1	2	0.000000
2371	1	2	0.000000
2372	1	2	0.000000
2373	1	2	0.000000
2374	1	1	0.000000
2375	1	2	0.000000
2376	1	2	0.000000
2377	1	2	0.000000
2378	1	2	0.000000
2379	1	2	0.000000
2380	2	2	0.000000
2381	2	2	0.000000
2382	2	2	0.000000
2383	2	2	0.000000
2384	2	2	0.000000
2385	2	2	0.000000
2386	2	2	0.000000
2387	2	2	0.000000
2388	2	2	0.000000
2389	2	2	0.000000
2390	2	2	0.000000
2391	2	0	0.000000
2392	2	2	0.000000
2393	2	2	0.000000
2394	3	1	0.000000
2395	3	2	600.000000
2396	0	0	0.000000
