StartTime	2015/09/23 13:59:57
FinishTime	2015/09/23 14:02:14
ElapsedTime	137.000000
/home/daisuke/git/ReinforcementLearning/log/EV3LineTracer_20150923134031_10Setting_20150923134032.log
0	1.000000
1	0.062500	0.937500
2	0.062500	0.937500
3	0.937500	0.062500
4	0.062500	0.937500
5	0.937500	0.062500
6	0.062500	0.937500
7	0.062500	0.937500
8	0.062500	0.937500
9	0.062500	0.937500
2876
0	2	1	0.000000
1	2	1	0.000000
2	2	1	0.000000
3	2	1	0.000000
4	2	1	0.000000
5	2	1	0.000000
6	2	1	0.000000
7	2	1	0.000000
8	2	1	0.000000
9	2	1	0.000000
10	2	1	0.000000
11	2	1	0.000000
12	2	1	0.000000
13	2	1	0.000000
14	2	1	0.000000
15	2	1	0.000000
16	1	1	0.000000
17	1	0	0.000000
18	1	1	0.000000
19	1	1	0.000000
20	1	1	0.000000
21	1	1	0.000000
22	1	1	0.000000
23	2	1	0.000000
24	2	1	0.000000
25	2	1	0.000000
26	1	1	0.000000
27	1	1	0.000000
28	1	1	0.000000
29	1	1	0.000000
30	1	1	0.000000
31	1	1	0.000000
32	1	1	0.000000
33	1	1	0.000000
34	1	1	0.000000
35	1	1	0.000000
36	1	1	0.000000
37	1	0	0.000000
38	1	1	0.000000
39	1	1	0.000000
40	1	1	0.000000
41	1	1	0.000000
42	1	0	0.000000
43	1	1	0.000000
44	1	1	0.000000
45	1	1	0.000000
46	1	1	0.000000
47	1	1	0.000000
48	1	1	0.000000
49	1	1	0.000000
50	1	1	0.000000
51	1	1	0.000000
52	1	1	0.000000
53	1	1	0.000000
54	1	1	0.000000
55	1	1	0.000000
56	1	1	0.000000
57	1	0	0.000000
58	1	1	0.000000
59	1	1	0.000000
60	1	1	0.000000
61	1	1	0.000000
62	1	1	0.000000
63	1	1	0.000000
64	1	1	0.000000
65	1	1	0.000000
66	1	1	0.000000
67	1	1	0.000000
68	1	1	0.000000
69	1	1	0.000000
70	1	1	0.000000
71	1	0	0.000000
72	1	1	0.000000
73	1	1	0.000000
74	1	1	0.000000
75	1	1	0.000000
76	1	1	0.000000
77	1	0	0.000000
78	1	1	0.000000
79	1	1	0.000000
80	1	1	0.000000
81	1	0	0.000000
82	1	1	0.000000
83	1	1	0.000000
84	1	1	0.000000
85	1	0	0.000000
86	1	1	0.000000
87	1	1	0.000000
88	1	1	0.000000
89	1	1	0.000000
90	1	1	0.000000
91	1	0	0.000000
92	1	1	0.000000
93	1	1	0.000000
94	1	1	0.000000
95	1	1	0.000000
96	1	1	0.000000
97	1	1	0.000000
98	1	1	0.000000
99	1	1	0.000000
100	1	1	0.000000
101	1	1	0.000000
102	1	1	0.000000
103	1	1	0.000000
104	1	1	0.000000
105	1	1	0.000000
106	1	1	0.000000
107	1	1	0.000000
108	1	1	0.000000
109	1	1	0.000000
110	1	1	0.000000
111	1	1	0.000000
112	1	1	0.000000
113	1	0	0.000000
114	1	1	0.000000
115	1	1	0.000000
116	1	1	0.000000
117	1	1	0.000000
118	1	1	0.000000
119	1	1	0.000000
120	2	1	0.000000
121	2	1	0.000000
122	2	1	0.000000
123	2	0	0.000000
124	2	1	0.000000
125	2	1	0.000000
126	2	1	0.000000
127	2	1	0.000000
128	2	1	0.000000
129	2	1	0.000000
130	3	0	0.000000
131	3	0	0.000000
132	3	0	0.000000
133	3	0	0.000000
134	3	0	0.000000
135	3	0	0.000000
136	3	0	0.000000
137	3	0	0.000000
138	3	0	0.000000
139	3	0	0.000000
140	3	0	0.000000
141	4	1	0.000000
142	4	1	0.000000
143	4	1	0.000000
144	3	0	0.000000
145	3	0	0.000000
146	3	0	0.000000
147	3	1	0.000000
148	3	0	0.000000
149	3	0	0.000000
150	3	0	0.000000
151	3	0	0.000000
152	4	1	0.000000
153	4	0	0.000000
154	4	1	0.000000
155	4	1	0.000000
156	4	1	0.000000
157	4	0	0.000000
158	4	1	0.000000
159	4	1	0.000000
160	4	1	0.000000
161	4	1	0.000000
162	4	1	0.000000
163	4	0	0.000000
164	4	1	0.000000
165	4	1	0.000000
166	4	1	0.000000
167	4	1	0.000000
168	4	1	0.000000
169	4	1	0.000000
170	4	1	0.000000
171	4	1	0.000000
172	4	1	0.000000
173	4	1	0.000000
174	4	1	0.000000
175	4	0	0.000000
176	4	1	0.000000
177	4	1	0.000000
178	4	1	0.000000
179	4	1	0.000000
180	4	1	0.000000
181	4	1	0.000000
182	4	1	0.000000
183	4	1	0.000000
184	5	0	0.000000
185	4	1	0.000000
186	4	1	0.000000
187	4	1	0.000000
188	5	0	0.000000
189	5	0	0.000000
190	5	0	0.000000
191	5	1	0.000000
192	5	1	0.000000
193	5	0	0.000000
194	5	0	0.000000
195	5	0	0.000000
196	5	0	0.000000
197	5	0	0.000000
198	5	0	0.000000
199	5	0	0.000000
200	5	0	0.000000
201	5	0	0.000000
202	5	0	0.000000
203	5	0	0.000000
204	4	1	0.000000
205	4	1	0.000000
206	4	1	0.000000
207	4	1	0.000000
208	4	1	0.000000
209	4	1	0.000000
210	5	0	0.000000
211	5	0	0.000000
212	5	0	0.000000
213	5	0	0.000000
214	5	0	0.000000
215	5	0	0.000000
216	5	0	0.000000
217	5	0	0.000000
218	5	0	0.000000
219	4	1	0.000000
220	4	1	0.000000
221	4	1	0.000000
222	4	1	0.000000
223	4	1	0.000000
224	4	0	0.000000
225	5	0	0.000000
226	5	0	0.000000
227	5	0	0.000000
228	5	0	0.000000
229	5	0	0.000000
230	5	0	0.000000
231	5	0	0.000000
232	5	0	0.000000
233	5	0	0.000000
234	5	0	0.000000
235	4	1	0.000000
236	4	1	0.000000
237	4	1	0.000000
238	4	1	0.000000
239	5	0	0.000000
240	5	0	0.000000
241	5	0	0.000000
242	5	0	0.000000
243	5	0	0.000000
244	5	1	0.000000
245	5	0	0.000000
246	5	0	0.000000
247	5	0	0.000000
248	4	1	0.000000
249	4	0	0.000000
250	4	1	0.000000
251	4	1	0.000000
252	4	1	0.000000
253	4	0	0.000000
254	4	1	0.000000
255	5	0	0.000000
256	5	0	0.000000
257	5	0	0.000000
258	5	0	0.000000
259	5	0	0.000000
260	5	0	0.000000
261	5	0	0.000000
262	5	0	0.000000
263	5	0	0.000000
264	4	1	0.000000
265	4	1	0.000000
266	4	1	0.000000
267	4	1	0.000000
268	4	1	0.000000
269	5	0	0.000000
270	5	0	0.000000
271	5	0	0.000000
272	5	0	0.000000
273	5	0	0.000000
274	5	0	0.000000
275	5	0	0.000000
276	5	0	0.000000
277	5	0	0.000000
278	5	0	0.000000
279	5	0	0.000000
280	5	1	0.000000
281	4	1	0.000000
282	4	1	0.000000
283	4	1	0.000000
284	5	0	0.000000
285	5	0	0.000000
286	5	0	0.000000
287	5	0	0.000000
288	5	1	0.000000
289	5	0	0.000000
290	5	0	0.000000
291	5	1	0.000000
292	5	0	0.000000
293	5	0	0.000000
294	5	0	0.000000
295	5	0	0.000000
296	5	0	0.000000
297	5	0	0.000000
298	5	0	0.000000
299	5	0	0.000000
300	4	1	0.000000
301	4	1	0.000000
302	5	0	0.000000
303	5	0	0.000000
304	5	0	0.000000
305	5	0	0.000000
306	5	0	0.000000
307	5	0	0.000000
308	5	0	0.000000
309	5	0	0.000000
310	5	0	0.000000
311	5	1	0.000000
312	5	0	0.000000
313	5	0	0.000000
314	5	0	0.000000
315	5	0	0.000000
316	5	0	0.000000
317	5	0	0.000000
318	5	0	0.000000
319	5	0	0.000000
320	5	0	0.000000
321	5	0	0.000000
322	5	0	0.000000
323	5	0	0.000000
324	5	1	0.000000
325	5	0	0.000000
326	5	0	0.000000
327	5	1	0.000000
328	5	0	0.000000
329	5	0	0.000000
330	5	0	0.000000
331	5	0	0.000000
332	5	0	0.000000
333	5	0	0.000000
334	5	0	0.000000
335	5	0	0.000000
336	5	0	0.000000
337	5	0	0.000000
338	5	0	0.000000
339	5	0	0.000000
340	5	0	0.000000
341	5	0	0.000000
342	5	0	0.000000
343	5	0	0.000000
344	5	0	0.000000
345	5	1	0.000000
346	5	0	0.000000
347	5	0	0.000000
348	5	0	0.000000
349	5	1	0.000000
350	5	0	0.000000
351	5	0	0.000000
352	5	0	0.000000
353	5	1	0.000000
354	5	0	0.000000
355	5	0	0.000000
356	5	1	0.000000
357	5	0	0.000000
358	5	0	0.000000
359	5	0	0.000000
360	5	0	0.000000
361	5	0	0.000000
362	5	0	0.000000
363	5	0	0.000000
364	5	0	0.000000
365	5	1	0.000000
366	5	0	0.000000
367	5	0	0.000000
368	5	0	0.000000
369	5	0	0.000000
370	5	0	0.000000
371	5	0	0.000000
372	5	0	0.000000
373	5	0	0.000000
374	5	0	0.000000
375	5	0	0.000000
376	5	0	0.000000
377	5	0	0.000000
378	5	0	0.000000
379	5	0	0.000000
380	5	0	0.000000
381	5	0	0.000000
382	5	1	0.000000
383	5	1	0.000000
384	5	0	0.000000
385	5	0	0.000000
386	5	0	0.000000
387	5	0	0.000000
388	5	0	0.000000
389	6	1	0.000000
390	6	1	0.000000
391	6	1	0.000000
392	5	0	0.000000
393	5	0	0.000000
394	5	0	0.000000
395	6	1	0.000000
396	5	0	0.000000
397	6	1	0.000000
398	6	1	0.000000
399	5	0	0.000000
400	5	0	0.000000
401	6	1	0.000000
402	5	0	0.000000
403	5	0	0.000000
404	6	1	0.000000
405	6	1	0.000000
406	6	0	0.000000
407	6	1	0.000000
408	6	1	0.000000
409	6	1	0.000000
410	6	1	0.000000
411	6	1	0.000000
412	6	1	0.000000
413	6	1	0.000000
414	6	1	0.000000
415	6	1	0.000000
416	6	0	0.000000
417	5	0	0.000000
418	5	0	0.000000
419	5	0	0.000000
420	5	0	0.000000
421	5	0	0.000000
422	5	0	0.000000
423	6	1	0.000000
424	6	1	0.000000
425	6	1	0.000000
426	6	1	0.000000
427	6	1	0.000000
428	6	1	0.000000
429	6	1	0.000000
430	5	0	0.000000
431	6	1	0.000000
432	5	0	0.000000
433	6	1	0.000000
434	6	1	0.000000
435	6	1	0.000000
436	6	0	0.000000
437	6	1	0.000000
438	6	1	0.000000
439	6	1	0.000000
440	6	1	0.000000
441	6	1	0.000000
442	5	0	0.000000
443	6	1	0.000000
444	6	1	0.000000
445	6	1	0.000000
446	6	1	0.000000
447	6	1	0.000000
448	6	1	0.000000
449	6	1	0.000000
450	6	1	0.000000
451	6	0	0.000000
452	6	1	0.000000
453	6	1	0.000000
454	6	1	0.000000
455	6	1	0.000000
456	6	1	0.000000
457	6	1	0.000000
458	6	1	0.000000
459	6	1	0.000000
460	6	1	0.000000
461	6	1	0.000000
462	6	1	0.000000
463	6	1	0.000000
464	5	0	0.000000
465	5	0	0.000000
466	5	0	0.000000
467	5	0	0.000000
468	6	1	0.000000
469	6	1	0.000000
470	6	1	0.000000
471	6	1	0.000000
472	6	1	0.000000
473	6	1	0.000000
474	6	1	0.000000
475	6	1	0.000000
476	6	1	0.000000
477	6	1	0.000000
478	6	1	0.000000
479	6	1	0.000000
480	6	1	0.000000
481	6	1	0.000000
482	6	1	0.000000
483	6	1	0.000000
484	6	1	0.000000
485	6	1	0.000000
486	6	1	0.000000
487	6	1	0.000000
488	6	0	0.000000
489	6	1	0.000000
490	6	1	0.000000
491	6	1	0.000000
492	6	1	0.000000
493	6	1	0.000000
494	6	0	0.000000
495	6	1	0.000000
496	6	1	0.000000
497	6	1	0.000000
498	6	1	0.000000
499	6	1	0.000000
500	6	1	0.000000
501	6	1	0.000000
502	6	1	0.000000
503	6	1	0.000000
504	6	1	0.000000
505	6	1	0.000000
506	6	1	0.000000
507	6	1	0.000000
508	5	0	0.000000
509	5	0	0.000000
510	5	0	0.000000
511	5	0	0.000000
512	5	0	0.000000
513	5	0	0.000000
514	5	0	0.000000
515	5	0	0.000000
516	5	0	0.000000
517	5	0	0.000000
518	5	0	0.000000
519	5	0	0.000000
520	5	0	0.000000
521	5	0	0.000000
522	5	0	0.000000
523	5	1	0.000000
524	5	0	0.000000
525	5	0	0.000000
526	5	0	0.000000
527	5	0	0.000000
528	5	0	0.000000
529	5	0	0.000000
530	5	0	0.000000
531	5	0	0.000000
532	5	0	0.000000
533	5	0	0.000000
534	6	1	0.000000
535	6	1	0.000000
536	6	1	0.000000
537	6	1	0.000000
538	6	0	0.000000
539	6	1	0.000000
540	6	1	0.000000
541	6	1	0.000000
542	6	1	0.000000
543	6	1	0.000000
544	5	0	0.000000
545	6	1	0.000000
546	5	0	0.000000
547	6	1	0.000000
548	5	0	0.000000
549	6	1	0.000000
550	6	1	0.000000
551	6	1	0.000000
552	6	1	0.000000
553	6	1	0.000000
554	6	1	0.000000
555	6	1	0.000000
556	6	1	0.000000
557	6	1	0.000000
558	6	1	0.000000
559	6	1	0.000000
560	6	1	0.000000
561	6	1	0.000000
562	6	1	0.000000
563	6	1	0.000000
564	6	1	0.000000
565	6	1	0.000000
566	6	1	0.000000
567	5	0	0.000000
568	6	1	0.000000
569	6	1	0.000000
570	6	1	0.000000
571	6	1	0.000000
572	5	0	0.000000
573	5	0	0.000000
574	5	0	0.000000
575	5	0	0.000000
576	6	1	0.000000
577	6	1	0.000000
578	6	1	0.000000
579	6	1	0.000000
580	6	1	0.000000
581	6	1	0.000000
582	6	1	0.000000
583	6	1	0.000000
584	6	0	0.000000
585	6	1	0.000000
586	6	0	0.000000
587	6	0	0.000000
588	6	1	0.000000
589	5	1	0.000000
590	6	1	0.000000
591	5	0	0.000000
592	5	0	0.000000
593	6	1	0.000000
594	6	0	0.000000
595	6	1	0.000000
596	6	1	0.000000
597	6	1	0.000000
598	6	1	0.000000
599	6	1	0.000000
600	6	1	0.000000
601	6	1	0.000000
602	6	1	0.000000
603	6	1	0.000000
604	6	1	0.000000
605	6	1	0.000000
606	6	1	0.000000
607	5	0	0.000000
608	6	1	0.000000
609	5	0	0.000000
610	5	0	0.000000
611	5	0	0.000000
612	6	1	0.000000
613	6	1	0.000000
614	6	1	0.000000
615	6	1	0.000000
616	6	1	0.000000
617	6	0	0.000000
618	6	1	0.000000
619	6	1	0.000000
620	6	1	0.000000
621	5	0	0.000000
622	5	0	0.000000
623	5	1	0.000000
624	5	0	0.000000
625	5	0	0.000000
626	5	0	0.000000
627	5	0	0.000000
628	5	0	0.000000
629	5	0	0.000000
630	5	0	0.000000
631	5	0	0.000000
632	5	0	0.000000
633	5	0	0.000000
634	5	0	0.000000
635	5	0	0.000000
636	5	0	0.000000
637	5	0	0.000000
638	5	1	0.000000
639	5	0	0.000000
640	5	0	0.000000
641	5	0	0.000000
642	5	0	0.000000
643	5	0	0.000000
644	5	0	0.000000
645	5	0	0.000000
646	5	0	0.000000
647	5	1	0.000000
648	5	0	0.000000
649	5	0	0.000000
650	5	0	0.000000
651	5	0	0.000000
652	5	0	0.000000
653	6	1	0.000000
654	6	1	0.000000
655	5	0	0.000000
656	5	0	0.000000
657	5	0	0.000000
658	6	1	0.000000
659	6	1	0.000000
660	6	1	0.000000
661	6	1	0.000000
662	5	0	0.000000
663	6	1	0.000000
664	5	0	0.000000
665	5	0	0.000000
666	5	0	0.000000
667	5	0	0.000000
668	5	0	0.000000
669	5	0	0.000000
670	5	0	0.000000
671	5	0	0.000000
672	5	1	0.000000
673	5	0	0.000000
674	5	0	0.000000
675	5	0	0.000000
676	5	0	0.000000
677	5	0	0.000000
678	5	1	0.000000
679	5	0	0.000000
680	5	0	0.000000
681	5	0	0.000000
682	5	0	0.000000
683	5	0	0.000000
684	5	0	0.000000
685	5	0	0.000000
686	5	0	0.000000
687	5	1	0.000000
688	5	0	0.000000
689	5	0	0.000000
690	5	0	0.000000
691	5	0	0.000000
692	5	0	0.000000
693	5	0	0.000000
694	5	0	0.000000
695	5	0	0.000000
696	5	0	0.000000
697	5	0	0.000000
698	5	0	0.000000
699	5	0	0.000000
700	5	1	0.000000
701	5	0	0.000000
702	5	0	0.000000
703	5	0	0.000000
704	5	0	0.000000
705	5	0	0.000000
706	5	0	0.000000
707	5	0	0.000000
708	5	0	0.000000
709	5	0	0.000000
710	5	1	0.000000
711	5	0	0.000000
712	5	0	0.000000
713	5	0	0.000000
714	5	0	0.000000
715	5	0	0.000000
716	5	0	0.000000
717	5	0	0.000000
718	5	0	0.000000
719	5	0	0.000000
720	5	0	0.000000
721	5	0	0.000000
722	5	0	0.000000
723	5	0	0.000000
724	4	1	0.000000
725	3	0	0.000000
726	3	0	0.000000
727	3	0	0.000000
728	2	1	0.000000
729	2	1	0.000000
730	2	1	0.000000
731	2	1	0.000000
732	2	1	0.000000
733	2	1	0.000000
734	2	1	0.000000
735	2	1	0.000000
736	2	1	0.000000
737	2	1	0.000000
738	2	1	0.000000
739	2	1	0.000000
740	2	1	0.000000
741	2	1	0.000000
742	2	1	0.000000
743	2	1	0.000000
744	2	1	0.000000
745	2	1	0.000000
746	2	1	0.000000
747	2	1	0.000000
748	2	1	0.000000
749	2	1	0.000000
750	1	1	0.000000
751	1	1	0.000000
752	1	1	0.000000
753	1	1	0.000000
754	1	1	0.000000
755	1	1	0.000000
756	1	1	0.000000
757	1	0	0.000000
758	1	0	0.000000
759	1	1	0.000000
760	1	0	0.000000
761	1	1	0.000000
762	1	1	0.000000
763	1	1	0.000000
764	1	0	0.000000
765	1	1	0.000000
766	1	1	0.000000
767	1	0	0.000000
768	1	1	0.000000
769	1	1	0.000000
770	1	1	0.000000
771	1	1	0.000000
772	1	1	0.000000
773	1	1	0.000000
774	1	1	0.000000
775	1	1	0.000000
776	1	1	0.000000
777	1	1	0.000000
778	1	1	0.000000
779	1	1	0.000000
780	1	1	0.000000
781	1	1	0.000000
782	1	1	0.000000
783	1	1	0.000000
784	1	1	0.000000
785	1	0	0.000000
786	1	1	0.000000
787	1	1	0.000000
788	1	1	0.000000
789	1	1	0.000000
790	1	1	0.000000
791	1	1	0.000000
792	1	1	0.000000
793	1	1	0.000000
794	1	1	0.000000
795	1	0	0.000000
796	1	1	0.000000
797	1	1	0.000000
798	1	1	0.000000
799	1	1	0.000000
800	1	1	0.000000
801	1	1	0.000000
802	1	1	0.000000
803	1	1	0.000000
804	1	1	0.000000
805	1	1	0.000000
806	1	1	0.000000
807	1	1	0.000000
808	1	1	0.000000
809	1	1	0.000000
810	1	1	0.000000
811	1	1	0.000000
812	1	1	0.000000
813	1	1	0.000000
814	1	1	0.000000
815	1	1	0.000000
816	1	1	0.000000
817	1	1	0.000000
818	1	1	0.000000
819	1	1	0.000000
820	1	1	0.000000
821	1	1	0.000000
822	1	0	0.000000
823	1	1	0.000000
824	1	1	0.000000
825	1	1	0.000000
826	1	1	0.000000
827	1	1	0.000000
828	1	1	0.000000
829	1	1	0.000000
830	1	1	0.000000
831	1	1	0.000000
832	1	1	0.000000
833	1	1	0.000000
834	1	1	0.000000
835	1	1	0.000000
836	1	1	0.000000
837	1	1	0.000000
838	1	1	0.000000
839	1	1	0.000000
840	1	1	0.000000
841	1	0	0.000000
842	1	1	0.000000
843	1	1	0.000000
844	1	1	0.000000
845	1	1	0.000000
846	1	1	0.000000
847	1	1	0.000000
848	1	1	0.000000
849	1	1	0.000000
850	1	1	0.000000
851	1	1	0.000000
852	1	0	0.000000
853	1	1	0.000000
854	1	1	0.000000
855	1	1	0.000000
856	1	1	0.000000
857	1	1	0.000000
858	1	1	0.000000
859	1	1	0.000000
860	1	1	0.000000
861	1	1	0.000000
862	1	1	0.000000
863	1	1	0.000000
864	1	1	0.000000
865	1	1	0.000000
866	1	1	0.000000
867	1	1	0.000000
868	1	1	0.000000
869	1	1	0.000000
870	1	1	0.000000
871	1	1	0.000000
872	1	1	0.000000
873	1	1	0.000000
874	1	1	0.000000
875	1	1	0.000000
876	1	1	0.000000
877	1	1	0.000000
878	1	1	0.000000
879	1	1	0.000000
880	1	1	0.000000
881	1	1	0.000000
882	1	1	0.000000
883	1	0	0.000000
884	1	1	0.000000
885	1	1	0.000000
886	1	1	0.000000
887	1	1	0.000000
888	1	1	0.000000
889	1	1	0.000000
890	1	1	0.000000
891	1	1	0.000000
892	1	1	0.000000
893	1	1	0.000000
894	1	1	0.000000
895	1	1	0.000000
896	1	1	0.000000
897	1	1	0.000000
898	1	1	0.000000
899	1	1	0.000000
900	1	1	0.000000
901	1	1	0.000000
902	1	1	0.000000
903	1	1	0.000000
904	1	1	0.000000
905	1	1	0.000000
906	1	1	0.000000
907	1	1	0.000000
908	1	1	0.000000
909	1	1	0.000000
910	1	1	0.000000
911	1	1	0.000000
912	1	1	0.000000
913	1	1	0.000000
914	1	1	0.000000
915	1	1	0.000000
916	1	1	0.000000
917	1	1	0.000000
918	1	1	0.000000
919	1	1	0.000000
920	1	1	0.000000
921	1	1	0.000000
922	1	1	0.000000
923	1	1	0.000000
924	1	1	0.000000
925	1	0	0.000000
926	1	1	0.000000
927	1	1	0.000000
928	1	1	0.000000
929	1	1	0.000000
930	1	1	0.000000
931	1	1	0.000000
932	1	1	0.000000
933	1	1	0.000000
934	1	1	0.000000
935	1	1	0.000000
936	1	0	0.000000
937	1	1	0.000000
938	1	1	0.000000
939	1	1	0.000000
940	1	0	0.000000
941	1	1	0.000000
942	1	1	0.000000
943	1	1	0.000000
944	1	1	0.000000
945	1	1	0.000000
946	1	1	0.000000
947	1	1	0.000000
948	1	1	0.000000
949	1	1	0.000000
950	1	1	0.000000
951	1	1	0.000000
952	1	1	0.000000
953	1	1	0.000000
954	1	1	0.000000
955	1	1	0.000000
956	1	1	0.000000
957	1	1	0.000000
958	1	1	0.000000
959	1	1	0.000000
960	1	1	0.000000
961	1	1	0.000000
962	1	1	0.000000
963	1	1	0.000000
964	1	1	0.000000
965	1	1	0.000000
966	1	1	0.000000
967	1	1	0.000000
968	1	1	0.000000
969	1	1	0.000000
970	1	0	0.000000
971	1	0	0.000000
972	1	1	0.000000
973	1	1	0.000000
974	1	1	0.000000
975	1	1	0.000000
976	1	1	0.000000
977	1	1	0.000000
978	1	1	0.000000
979	1	1	0.000000
980	1	1	0.000000
981	1	0	0.000000
982	1	1	0.000000
983	1	1	0.000000
984	1	1	0.000000
985	1	1	0.000000
986	1	1	0.000000
987	1	1	0.000000
988	1	1	0.000000
989	1	1	0.000000
990	1	1	0.000000
991	1	1	0.000000
992	1	1	0.000000
993	1	1	0.000000
994	1	1	0.000000
995	1	1	0.000000
996	1	1	0.000000
997	1	1	0.000000
998	1	1	0.000000
999	1	1	0.000000
1000	1	1	0.000000
1001	1	1	0.000000
1002	1	1	0.000000
1003	1	1	0.000000
1004	1	1	0.000000
1005	1	1	0.000000
1006	1	1	0.000000
1007	1	1	0.000000
1008	1	1	0.000000
1009	1	1	0.000000
1010	1	1	0.000000
1011	1	1	0.000000
1012	1	1	0.000000
1013	1	1	0.000000
1014	1	1	0.000000
1015	1	1	0.000000
1016	1	0	0.000000
1017	1	1	0.000000
1018	1	1	0.000000
1019	1	1	0.000000
1020	1	1	0.000000
1021	1	1	0.000000
1022	1	1	0.000000
1023	1	1	0.000000
1024	1	1	0.000000
1025	1	1	0.000000
1026	1	1	0.000000
1027	1	1	0.000000
1028	1	1	0.000000
1029	1	1	0.000000
1030	1	1	0.000000
1031	1	1	0.000000
1032	1	1	0.000000
1033	1	1	0.000000
1034	1	1	0.000000
1035	1	1	0.000000
1036	1	1	0.000000
1037	1	1	0.000000
1038	1	1	0.000000
1039	1	0	0.000000
1040	1	1	0.000000
1041	1	1	0.000000
1042	1	1	0.000000
1043	1	0	0.000000
1044	1	1	0.000000
1045	1	1	0.000000
1046	1	1	0.000000
1047	1	0	0.000000
1048	1	1	0.000000
1049	1	1	0.000000
1050	1	1	0.000000
1051	1	0	0.000000
1052	1	1	0.000000
1053	1	1	0.000000
1054	1	1	0.000000
1055	1	1	0.000000
1056	1	1	0.000000
1057	1	1	0.000000
1058	1	0	0.000000
1059	1	1	0.000000
1060	1	0	0.000000
1061	1	1	0.000000
1062	1	1	0.000000
1063	1	1	0.000000
1064	1	1	0.000000
1065	1	1	0.000000
1066	1	1	0.000000
1067	1	1	0.000000
1068	1	1	0.000000
1069	1	1	0.000000
1070	1	1	0.000000
1071	1	1	0.000000
1072	1	1	0.000000
1073	1	1	0.000000
1074	1	1	0.000000
1075	1	1	0.000000
1076	1	1	0.000000
1077	1	1	0.000000
1078	1	1	0.000000
1079	1	1	0.000000
1080	1	1	0.000000
1081	1	1	0.000000
1082	1	1	0.000000
1083	1	1	0.000000
1084	1	0	0.000000
1085	1	1	0.000000
1086	1	1	0.000000
1087	1	1	0.000000
1088	1	1	0.000000
1089	1	1	0.000000
1090	1	1	0.000000
1091	1	1	0.000000
1092	1	1	0.000000
1093	1	1	0.000000
1094	1	1	0.000000
1095	1	1	0.000000
1096	1	1	0.000000
1097	1	1	0.000000
1098	1	1	0.000000
1099	1	1	0.000000
1100	1	1	0.000000
1101	1	1	0.000000
1102	1	1	0.000000
1103	1	1	0.000000
1104	1	1	0.000000
1105	1	1	0.000000
1106	1	0	0.000000
1107	1	1	0.000000
1108	1	1	0.000000
1109	1	0	0.000000
1110	1	1	0.000000
1111	1	0	0.000000
1112	1	1	0.000000
1113	1	0	0.000000
1114	1	1	0.000000
1115	1	1	0.000000
1116	1	1	0.000000
1117	1	1	0.000000
1118	1	1	0.000000
1119	1	1	0.000000
1120	1	1	0.000000
1121	1	1	0.000000
1122	1	1	0.000000
1123	1	1	0.000000
1124	1	0	0.000000
1125	2	1	0.000000
1126	2	0	0.000000
1127	2	1	0.000000
1128	2	1	0.000000
1129	2	1	0.000000
1130	2	1	0.000000
1131	2	1	0.000000
1132	2	1	0.000000
1133	2	1	0.000000
1134	2	1	0.000000
1135	2	1	0.000000
1136	2	0	0.000000
1137	2	1	0.000000
1138	2	1	0.000000
1139	2	1	0.000000
1140	2	1	0.000000
1141	2	1	0.000000
1142	2	1	0.000000
1143	2	1	0.000000
1144	2	1	0.000000
1145	2	1	0.000000
1146	2	1	0.000000
1147	2	1	0.000000
1148	3	0	0.000000
1149	3	0	0.000000
1150	3	0	0.000000
1151	3	0	0.000000
1152	4	0	0.000000
1153	4	1	0.000000
1154	4	1	0.000000
1155	4	1	0.000000
1156	4	1	0.000000
1157	4	1	0.000000
1158	4	1	0.000000
1159	4	1	0.000000
1160	4	1	0.000000
1161	4	1	0.000000
1162	4	1	0.000000
1163	4	1	0.000000
1164	4	1	0.000000
1165	4	1	0.000000
1166	4	1	0.000000
1167	4	1	0.000000
1168	5	0	0.000000
1169	5	0	0.000000
1170	5	0	0.000000
1171	5	0	0.000000
1172	5	0	0.000000
1173	5	0	0.000000
1174	5	0	0.000000
1175	5	0	0.000000
1176	5	0	0.000000
1177	5	0	0.000000
1178	5	0	0.000000
1179	5	0	0.000000
1180	5	0	0.000000
1181	5	0	0.000000
1182	5	1	0.000000
1183	5	0	0.000000
1184	5	0	0.000000
1185	5	0	0.000000
1186	5	0	0.000000
1187	5	0	0.000000
1188	5	0	0.000000
1189	5	0	0.000000
1190	5	0	0.000000
1191	5	0	0.000000
1192	5	0	0.000000
1193	4	1	0.000000
1194	4	1	0.000000
1195	4	1	0.000000
1196	4	1	0.000000
1197	4	1	0.000000
1198	4	1	0.000000
1199	4	1	0.000000
1200	4	1	0.000000
1201	4	1	0.000000
1202	4	1	0.000000
1203	4	1	0.000000
1204	4	0	0.000000
1205	4	1	0.000000
1206	4	1	0.000000
1207	4	1	0.000000
1208	4	1	0.000000
1209	5	0	0.000000
1210	5	0	0.000000
1211	5	0	0.000000
1212	5	0	0.000000
1213	5	0	0.000000
1214	5	0	0.000000
1215	5	0	0.000000
1216	5	0	0.000000
1217	5	0	0.000000
1218	5	0	0.000000
1219	5	0	0.000000
1220	4	1	0.000000
1221	4	1	0.000000
1222	4	1	0.000000
1223	4	1	0.000000
1224	4	1	0.000000
1225	4	1	0.000000
1226	4	1	0.000000
1227	4	1	0.000000
1228	4	1	0.000000
1229	5	0	0.000000
1230	5	0	0.000000
1231	5	0	0.000000
1232	5	0	0.000000
1233	5	0	0.000000
1234	5	0	0.000000
1235	5	0	0.000000
1236	5	0	0.000000
1237	5	0	0.000000
1238	4	1	0.000000
1239	4	1	0.000000
1240	4	0	0.000000
1241	4	1	0.000000
1242	4	1	0.000000
1243	4	0	0.000000
1244	4	1	0.000000
1245	4	1	0.000000
1246	4	0	0.000000
1247	4	1	0.000000
1248	4	1	0.000000
1249	4	1	0.000000
1250	4	1	0.000000
1251	5	0	0.000000
1252	5	0	0.000000
1253	5	0	0.000000
1254	5	0	0.000000
1255	5	0	0.000000
1256	5	0	0.000000
1257	5	0	0.000000
1258	5	0	0.000000
1259	5	0	0.000000
1260	4	1	0.000000
1261	4	1	0.000000
1262	4	1	0.000000
1263	4	1	0.000000
1264	4	1	0.000000
1265	4	1	0.000000
1266	4	1	0.000000
1267	4	1	0.000000
1268	4	1	0.000000
1269	4	1	0.000000
1270	4	1	0.000000
1271	5	0	0.000000
1272	5	0	0.000000
1273	5	0	0.000000
1274	5	0	0.000000
1275	5	0	0.000000
1276	5	0	0.000000
1277	5	1	0.000000
1278	5	0	0.000000
1279	5	0	0.000000
1280	5	0	0.000000
1281	5	0	0.000000
1282	4	1	0.000000
1283	4	1	0.000000
1284	4	1	0.000000
1285	4	1	0.000000
1286	4	1	0.000000
1287	4	1	0.000000
1288	4	1	0.000000
1289	4	1	0.000000
1290	4	1	0.000000
1291	4	1	0.000000
1292	5	0	0.000000
1293	5	0	0.000000
1294	5	0	0.000000
1295	5	0	0.000000
1296	5	0	0.000000
1297	5	0	0.000000
1298	5	0	0.000000
1299	5	0	0.000000
1300	5	0	0.000000
1301	5	0	0.000000
1302	5	0	0.000000
1303	4	1	0.000000
1304	4	1	0.000000
1305	4	1	0.000000
1306	4	1	0.000000
1307	4	1	0.000000
1308	4	1	0.000000
1309	4	1	0.000000
1310	4	1	0.000000
1311	4	1	0.000000
1312	4	1	0.000000
1313	4	0	0.000000
1314	4	0	0.000000
1315	5	0	0.000000
1316	5	0	0.000000
1317	5	0	0.000000
1318	5	1	0.000000
1319	5	0	0.000000
1320	5	0	0.000000
1321	4	1	0.000000
1322	4	1	0.000000
1323	4	0	0.000000
1324	4	1	0.000000
1325	4	1	0.000000
1326	4	1	0.000000
1327	4	1	0.000000
1328	4	1	0.000000
1329	4	1	0.000000
1330	4	1	0.000000
1331	5	1	0.000000
1332	5	0	0.000000
1333	5	0	0.000000
1334	5	0	0.000000
1335	5	0	0.000000
1336	5	0	0.000000
1337	5	0	0.000000
1338	5	0	0.000000
1339	5	0	0.000000
1340	5	0	0.000000
1341	5	0	0.000000
1342	4	1	0.000000
1343	4	1	0.000000
1344	4	1	0.000000
1345	3	0	0.000000
1346	3	0	0.000000
1347	3	0	0.000000
1348	3	0	0.000000
1349	3	0	0.000000
1350	3	0	0.000000
1351	3	0	0.000000
1352	3	0	0.000000
1353	2	1	0.000000
1354	2	1	0.000000
1355	1	1	0.000000
1356	1	1	0.000000
1357	1	1	0.000000
1358	1	1	0.000000
1359	1	1	0.000000
1360	1	1	0.000000
1361	1	1	0.000000
1362	1	1	0.000000
1363	1	1	0.000000
1364	2	1	0.000000
1365	1	1	0.000000
1366	1	1	0.000000
1367	1	1	0.000000
1368	1	1	0.000000
1369	1	1	0.000000
1370	1	1	0.000000
1371	1	1	0.000000
1372	2	1	0.000000
1373	2	1	0.000000
1374	2	1	0.000000
1375	1	0	0.000000
1376	1	0	0.000000
1377	1	1	0.000000
1378	1	1	0.000000
1379	1	1	0.000000
1380	1	1	0.000000
1381	1	1	0.000000
1382	1	1	0.000000
1383	1	1	0.000000
1384	1	1	0.000000
1385	1	1	0.000000
1386	1	1	0.000000
1387	1	1	0.000000
1388	1	1	0.000000
1389	1	1	0.000000
1390	1	1	0.000000
1391	1	0	0.000000
1392	1	0	0.000000
1393	1	1	0.000000
1394	1	1	0.000000
1395	1	1	0.000000
1396	1	1	0.000000
1397	1	1	0.000000
1398	1	1	0.000000
1399	1	1	0.000000
1400	1	1	0.000000
1401	1	1	0.000000
1402	1	1	0.000000
1403	1	1	0.000000
1404	1	1	0.000000
1405	1	0	0.000000
1406	1	1	0.000000
1407	1	1	0.000000
1408	1	1	0.000000
1409	1	0	0.000000
1410	1	1	0.000000
1411	1	1	0.000000
1412	1	1	0.000000
1413	1	1	0.000000
1414	1	1	0.000000
1415	1	1	0.000000
1416	1	1	0.000000
1417	1	1	0.000000
1418	1	1	0.000000
1419	1	0	0.000000
1420	1	1	0.000000
1421	1	1	0.000000
1422	1	1	0.000000
1423	1	1	0.000000
1424	1	1	0.000000
1425	1	1	0.000000
1426	1	1	0.000000
1427	1	1	0.000000
1428	1	1	0.000000
1429	1	1	0.000000
1430	1	1	0.000000
1431	1	1	0.000000
1432	1	0	0.000000
1433	1	1	0.000000
1434	1	1	0.000000
1435	1	1	0.000000
1436	1	1	0.000000
1437	1	1	0.000000
1438	1	1	0.000000
1439	1	1	0.000000
1440	1	1	0.000000
1441	1	1	0.000000
1442	1	1	0.000000
1443	1	1	0.000000
1444	1	1	0.000000
1445	1	0	0.000000
1446	1	1	0.000000
1447	1	1	0.000000
1448	1	1	0.000000
1449	1	1	0.000000
1450	1	1	0.000000
1451	1	1	0.000000
1452	1	1	0.000000
1453	1	1	0.000000
1454	1	0	0.000000
1455	1	1	0.000000
1456	1	1	0.000000
1457	1	1	0.000000
1458	1	1	0.000000
1459	1	1	0.000000
1460	1	1	0.000000
1461	1	1	0.000000
1462	1	1	0.000000
1463	1	1	0.000000
1464	1	1	0.000000
1465	1	1	0.000000
1466	1	1	0.000000
1467	1	1	0.000000
1468	2	1	0.000000
1469	2	1	0.000000
1470	2	1	0.000000
1471	2	1	0.000000
1472	2	1	0.000000
1473	2	1	0.000000
1474	2	1	0.000000
1475	2	1	0.000000
1476	2	1	0.000000
1477	2	1	0.000000
1478	2	1	0.000000
1479	2	1	0.000000
1480	2	1	0.000000
1481	2	1	0.000000
1482	2	1	0.000000
1483	2	1	0.000000
1484	2	1	0.000000
1485	2	1	0.000000
1486	2	1	0.000000
1487	2	1	0.000000
1488	2	1	0.000000
1489	3	0	0.000000
1490	3	0	0.000000
1491	3	0	0.000000
1492	3	0	0.000000
1493	3	0	0.000000
1494	3	0	0.000000
1495	3	1	0.000000
1496	3	0	0.000000
1497	3	0	0.000000
1498	3	0	0.000000
1499	3	0	0.000000
1500	3	0	0.000000
1501	3	0	0.000000
1502	3	0	0.000000
1503	3	0	0.000000
1504	3	0	0.000000
1505	3	0	0.000000
1506	2	1	0.000000
1507	2	1	0.000000
1508	2	1	0.000000
1509	2	1	0.000000
1510	2	1	0.000000
1511	2	1	0.000000
1512	2	1	0.000000
1513	2	1	0.000000
1514	2	0	0.000000
1515	2	1	0.000000
1516	2	1	0.000000
1517	2	1	0.000000
1518	2	1	0.000000
1519	2	0	0.000000
1520	2	1	0.000000
1521	2	1	0.000000
1522	2	1	0.000000
1523	2	1	0.000000
1524	3	0	0.000000
1525	3	0	0.000000
1526	3	0	0.000000
1527	3	0	0.000000
1528	3	0	0.000000
1529	3	0	0.000000
1530	3	0	0.000000
1531	3	0	0.000000
1532	2	1	0.000000
1533	2	0	0.000000
1534	2	1	0.000000
1535	2	1	0.000000
1536	2	1	0.000000
1537	2	1	0.000000
1538	2	1	0.000000
1539	1	1	0.000000
1540	1	1	0.000000
1541	1	1	0.000000
1542	1	1	0.000000
1543	1	1	0.000000
1544	1	1	0.000000
1545	1	1	0.000000
1546	1	1	0.000000
1547	1	1	0.000000
1548	1	1	0.000000
1549	1	1	0.000000
1550	1	1	0.000000
1551	1	1	0.000000
1552	1	1	0.000000
1553	1	1	0.000000
1554	1	1	0.000000
1555	1	1	0.000000
1556	1	1	0.000000
1557	1	1	0.000000
1558	1	1	0.000000
1559	1	1	0.000000
1560	1	1	0.000000
1561	1	1	0.000000
1562	1	1	0.000000
1563	1	1	0.000000
1564	1	1	0.000000
1565	1	1	0.000000
1566	1	1	0.000000
1567	1	1	0.000000
1568	1	1	0.000000
1569	1	1	0.000000
1570	1	1	0.000000
1571	1	1	0.000000
1572	1	1	0.000000
1573	1	0	0.000000
1574	1	1	0.000000
1575	1	0	0.000000
1576	1	1	0.000000
1577	1	1	0.000000
1578	1	1	0.000000
1579	1	1	0.000000
1580	1	1	0.000000
1581	1	1	0.000000
1582	1	1	0.000000
1583	1	1	0.000000
1584	1	1	0.000000
1585	1	1	0.000000
1586	1	1	0.000000
1587	1	1	0.000000
1588	1	1	0.000000
1589	1	1	0.000000
1590	1	1	0.000000
1591	1	1	0.000000
1592	1	1	0.000000
1593	1	1	0.000000
1594	1	1	0.000000
1595	1	1	0.000000
1596	1	1	0.000000
1597	1	1	0.000000
1598	1	1	0.000000
1599	1	1	0.000000
1600	1	1	0.000000
1601	1	1	0.000000
1602	1	1	0.000000
1603	1	1	0.000000
1604	1	1	0.000000
1605	1	1	0.000000
1606	1	1	0.000000
1607	1	1	0.000000
1608	1	0	0.000000
1609	1	1	0.000000
1610	1	1	0.000000
1611	1	1	0.000000
1612	1	1	0.000000
1613	1	1	0.000000
1614	1	1	0.000000
1615	1	1	0.000000
1616	1	1	0.000000
1617	1	1	0.000000
1618	1	1	0.000000
1619	1	1	0.000000
1620	1	0	0.000000
1621	1	1	0.000000
1622	1	1	0.000000
1623	1	1	0.000000
1624	1	1	0.000000
1625	1	1	0.000000
1626	1	1	0.000000
1627	1	1	0.000000
1628	1	1	0.000000
1629	1	1	0.000000
1630	1	1	0.000000
1631	1	1	0.000000
1632	1	1	0.000000
1633	1	1	0.000000
1634	1	1	0.000000
1635	1	1	0.000000
1636	1	1	0.000000
1637	1	1	0.000000
1638	1	1	0.000000
1639	1	1	0.000000
1640	1	1	0.000000
1641	1	1	0.000000
1642	1	1	0.000000
1643	1	1	0.000000
1644	1	1	0.000000
1645	1	1	0.000000
1646	1	1	0.000000
1647	1	1	0.000000
1648	1	1	0.000000
1649	1	1	0.000000
1650	1	0	0.000000
1651	1	0	0.000000
1652	1	1	0.000000
1653	1	1	0.000000
1654	1	1	0.000000
1655	2	0	0.000000
1656	2	1	0.000000
1657	1	1	0.000000
1658	1	1	0.000000
1659	1	1	0.000000
1660	1	1	0.000000
1661	1	1	0.000000
1662	1	1	0.000000
1663	1	1	0.000000
1664	1	1	0.000000
1665	2	1	0.000000
1666	2	1	0.000000
1667	2	0	0.000000
1668	2	1	0.000000
1669	2	1	0.000000
1670	2	1	0.000000
1671	2	1	0.000000
1672	2	1	0.000000
1673	2	1	0.000000
1674	2	1	0.000000
1675	2	1	0.000000
1676	2	1	0.000000
1677	2	1	0.000000
1678	2	1	0.000000
1679	2	1	0.000000
1680	2	1	0.000000
1681	2	1	0.000000
1682	2	1	0.000000
1683	2	1	0.000000
1684	2	1	0.000000
1685	2	1	0.000000
1686	2	1	0.000000
1687	2	1	0.000000
1688	2	1	0.000000
1689	2	1	0.000000
1690	2	0	0.000000
1691	2	1	0.000000
1692	2	1	0.000000
1693	2	1	0.000000
1694	2	1	0.000000
1695	2	1	0.000000
1696	2	1	0.000000
1697	2	1	0.000000
1698	2	1	0.000000
1699	2	1	0.000000
1700	2	1	0.000000
1701	2	1	0.000000
1702	2	1	0.000000
1703	2	1	0.000000
1704	2	1	0.000000
1705	2	1	0.000000
1706	2	1	0.000000
1707	2	1	0.000000
1708	2	1	0.000000
1709	2	1	0.000000
1710	2	1	0.000000
1711	2	1	0.000000
1712	2	1	0.000000
1713	2	1	0.000000
1714	2	0	0.000000
1715	2	1	0.000000
1716	2	1	0.000000
1717	2	1	0.000000
1718	2	1	0.000000
1719	2	1	0.000000
1720	2	1	0.000000
1721	2	1	0.000000
1722	2	1	0.000000
1723	2	1	0.000000
1724	2	0	0.000000
1725	2	1	0.000000
1726	2	1	0.000000
1727	2	1	0.000000
1728	2	1	0.000000
1729	2	1	0.000000
1730	2	0	0.000000
1731	2	1	0.000000
1732	2	1	0.000000
1733	2	1	0.000000
1734	1	1	0.000000
1735	2	1	0.000000
1736	2	1	0.000000
1737	2	0	0.000000
1738	2	1	0.000000
1739	2	1	0.000000
1740	2	1	0.000000
1741	2	1	0.000000
1742	2	1	0.000000
1743	2	1	0.000000
1744	2	1	0.000000
1745	2	1	0.000000
1746	2	1	0.000000
1747	2	1	0.000000
1748	2	1	0.000000
1749	2	1	0.000000
1750	2	1	0.000000
1751	2	1	0.000000
1752	2	1	0.000000
1753	2	1	0.000000
1754	2	1	0.000000
1755	2	1	0.000000
1756	2	1	0.000000
1757	2	1	0.000000
1758	2	1	0.000000
1759	2	1	0.000000
1760	2	1	0.000000
1761	2	1	0.000000
1762	2	1	0.000000
1763	2	1	0.000000
1764	2	1	0.000000
1765	2	1	0.000000
1766	2	1	0.000000
1767	2	0	0.000000
1768	2	1	0.000000
1769	2	1	0.000000
1770	2	1	0.000000
1771	2	1	0.000000
1772	3	0	0.000000
1773	3	0	0.000000
1774	3	0	0.000000
1775	3	0	0.000000
1776	3	0	0.000000
1777	3	0	0.000000
1778	3	0	0.000000
1779	3	0	0.000000
1780	3	0	0.000000
1781	3	0	0.000000
1782	3	0	0.000000
1783	2	1	0.000000
1784	2	1	0.000000
1785	2	1	0.000000
1786	2	1	0.000000
1787	2	1	0.000000
1788	2	1	0.000000
1789	2	1	0.000000
1790	1	1	0.000000
1791	2	1	0.000000
1792	2	1	0.000000
1793	2	1	0.000000
1794	2	1	0.000000
1795	2	1	0.000000
1796	2	0	0.000000
1797	2	1	0.000000
1798	2	1	0.000000
1799	2	1	0.000000
1800	2	1	0.000000
1801	2	1	0.000000
1802	2	1	0.000000
1803	2	1	0.000000
1804	2	1	0.000000
1805	2	1	0.000000
1806	2	1	0.000000
1807	2	1	0.000000
1808	2	1	0.000000
1809	2	1	0.000000
1810	3	0	0.000000
1811	3	0	0.000000
1812	3	0	0.000000
1813	3	0	0.000000
1814	3	0	0.000000
1815	3	0	0.000000
1816	3	0	0.000000
1817	3	1	0.000000
1818	3	0	0.000000
1819	3	0	0.000000
1820	2	1	0.000000
1821	2	1	0.000000
1822	2	1	0.000000
1823	2	1	0.000000
1824	2	1	0.000000
1825	2	0	0.000000
1826	2	1	0.000000
1827	2	1	0.000000
1828	2	1	0.000000
1829	2	1	0.000000
1830	2	1	0.000000
1831	2	1	0.000000
1832	2	1	0.000000
1833	2	1	0.000000
1834	2	1	0.000000
1835	2	1	0.000000
1836	2	1	0.000000
1837	2	1	0.000000
1838	2	1	0.000000
1839	2	1	0.000000
1840	2	1	0.000000
1841	3	0	0.000000
1842	3	0	0.000000
1843	3	0	0.000000
1844	3	0	0.000000
1845	3	0	0.000000
1846	3	0	0.000000
1847	3	1	0.000000
1848	3	0	0.000000
1849	3	0	0.000000
1850	2	1	0.000000
1851	2	1	0.000000
1852	2	1	0.000000
1853	2	0	0.000000
1854	2	1	0.000000
1855	2	1	0.000000
1856	2	1	0.000000
1857	2	1	0.000000
1858	2	0	0.000000
1859	2	1	0.000000
1860	2	1	0.000000
1861	2	1	0.000000
1862	2	1	0.000000
1863	2	1	0.000000
1864	2	1	0.000000
1865	2	1	0.000000
1866	2	1	0.000000
1867	2	1	0.000000
1868	2	1	0.000000
1869	2	1	0.000000
1870	2	1	0.000000
1871	3	0	0.000000
1872	3	0	0.000000
1873	3	0	0.000000
1874	3	1	0.000000
1875	3	1	0.000000
1876	3	0	0.000000
1877	3	1	0.000000
1878	3	0	0.000000
1879	3	0	0.000000
1880	3	0	0.000000
1881	4	1	0.000000
1882	3	0	0.000000
1883	3	0	0.000000
1884	4	1	0.000000
1885	4	1	0.000000
1886	4	1	0.000000
1887	4	1	0.000000
1888	4	1	0.000000
1889	4	1	0.000000
1890	4	1	0.000000
1891	4	1	0.000000
1892	5	0	0.000000
1893	5	0	0.000000
1894	5	0	0.000000
1895	5	0	0.000000
1896	5	1	0.000000
1897	5	0	0.000000
1898	5	0	0.000000
1899	5	0	0.000000
1900	5	0	0.000000
1901	5	0	0.000000
1902	5	0	0.000000
1903	5	0	0.000000
1904	5	0	0.000000
1905	5	0	0.000000
1906	5	0	0.000000
1907	5	0	0.000000
1908	5	0	0.000000
1909	5	0	0.000000
1910	5	1	0.000000
1911	5	0	0.000000
1912	5	0	0.000000
1913	5	0	0.000000
1914	5	0	0.000000
1915	5	0	0.000000
1916	5	0	0.000000
1917	5	0	0.000000
1918	5	0	0.000000
1919	5	0	0.000000
1920	5	0	0.000000
1921	5	0	0.000000
1922	5	0	0.000000
1923	5	0	0.000000
1924	5	0	0.000000
1925	5	0	0.000000
1926	5	0	0.000000
1927	5	0	0.000000
1928	5	0	0.000000
1929	5	0	0.000000
1930	5	0	0.000000
1931	5	1	0.000000
1932	5	0	0.000000
1933	5	0	0.000000
1934	5	1	0.000000
1935	5	0	0.000000
1936	5	1	0.000000
1937	5	0	0.000000
1938	5	0	0.000000
1939	5	0	0.000000
1940	5	0	0.000000
1941	5	0	0.000000
1942	5	1	0.000000
1943	5	0	0.000000
1944	5	0	0.000000
1945	5	0	0.000000
1946	5	0	0.000000
1947	5	1	0.000000
1948	5	0	0.000000
1949	5	0	0.000000
1950	5	0	0.000000
1951	5	0	0.000000
1952	5	0	0.000000
1953	5	0	0.000000
1954	5	0	0.000000
1955	5	0	0.000000
1956	5	0	0.000000
1957	5	0	0.000000
1958	5	0	0.000000
1959	5	0	0.000000
1960	5	0	0.000000
1961	5	0	0.000000
1962	5	0	0.000000
1963	5	0	0.000000
1964	5	0	0.000000
1965	5	1	0.000000
1966	5	0	0.000000
1967	5	0	0.000000
1968	5	0	0.000000
1969	5	0	0.000000
1970	5	0	0.000000
1971	5	0	0.000000
1972	5	0	0.000000
1973	5	1	0.000000
1974	5	0	0.000000
1975	5	0	0.000000
1976	5	0	0.000000
1977	5	0	0.000000
1978	5	0	0.000000
1979	5	0	0.000000
1980	5	0	0.000000
1981	5	0	0.000000
1982	5	0	0.000000
1983	5	0	0.000000
1984	5	0	0.000000
1985	5	0	0.000000
1986	5	0	0.000000
1987	5	0	0.000000
1988	5	0	0.000000
1989	5	0	0.000000
1990	5	1	0.000000
1991	5	0	0.000000
1992	5	0	0.000000
1993	4	0	0.000000
1994	4	1	0.000000
1995	4	1	0.000000
1996	4	1	0.000000
1997	4	0	0.000000
1998	4	0	0.000000
1999	4	0	0.000000
2000	4	1	0.000000
2001	4	1	0.000000
2002	4	1	0.000000
2003	4	1	0.000000
2004	4	1	0.000000
2005	4	1	0.000000
2006	4	1	0.000000
2007	4	0	0.000000
2008	4	1	0.000000
2009	4	1	0.000000
2010	4	0	0.000000
2011	4	1	0.000000
2012	4	1	0.000000
2013	4	0	0.000000
2014	4	0	0.000000
2015	4	1	0.000000
2016	4	1	0.000000
2017	4	1	0.000000
2018	4	1	0.000000
2019	4	1	0.000000
2020	4	1	0.000000
2021	4	1	0.000000
2022	5	0	0.000000
2023	5	0	0.000000
2024	5	0	0.000000
2025	5	0	0.000000
2026	5	1	0.000000
2027	5	0	0.000000
2028	5	0	0.000000
2029	5	0	0.000000
2030	5	0	0.000000
2031	5	0	0.000000
2032	5	0	0.000000
2033	5	0	0.000000
2034	5	0	0.000000
2035	5	0	0.000000
2036	5	0	0.000000
2037	5	0	0.000000
2038	5	0	0.000000
2039	5	0	0.000000
2040	5	0	0.000000
2041	5	0	0.000000
2042	5	0	0.000000
2043	5	0	0.000000
2044	5	0	0.000000
2045	5	0	0.000000
2046	5	0	0.000000
2047	5	0	0.000000
2048	5	0	0.000000
2049	5	0	0.000000
2050	5	0	0.000000
2051	5	0	0.000000
2052	5	0	0.000000
2053	5	0	0.000000
2054	5	0	0.000000
2055	5	1	0.000000
2056	5	0	0.000000
2057	5	0	0.000000
2058	5	0	0.000000
2059	5	0	0.000000
2060	5	0	0.000000
2061	5	0	0.000000
2062	5	0	0.000000
2063	5	0	0.000000
2064	5	0	0.000000
2065	5	0	0.000000
2066	5	0	0.000000
2067	5	0	0.000000
2068	5	0	0.000000
2069	5	1	0.000000
2070	5	0	0.000000
2071	5	0	0.000000
2072	5	0	0.000000
2073	5	0	0.000000
2074	5	0	0.000000
2075	5	0	0.000000
2076	5	0	0.000000
2077	5	0	0.000000
2078	5	0	0.000000
2079	5	0	0.000000
2080	5	0	0.000000
2081	5	1	0.000000
2082	5	1	0.000000
2083	5	0	0.000000
2084	5	0	0.000000
2085	5	0	0.000000
2086	5	0	0.000000
2087	5	0	0.000000
2088	5	0	0.000000
2089	5	0	0.000000
2090	5	0	0.000000
2091	5	0	0.000000
2092	5	0	0.000000
2093	5	0	0.000000
2094	5	0	0.000000
2095	5	0	0.000000
2096	5	0	0.000000
2097	5	0	0.000000
2098	5	0	0.000000
2099	5	0	0.000000
2100	5	0	0.000000
2101	5	0	0.000000
2102	5	0	0.000000
2103	5	0	0.000000
2104	6	1	0.000000
2105	6	1	0.000000
2106	5	0	0.000000
2107	6	1	0.000000
2108	5	0	0.000000
2109	5	0	0.000000
2110	5	0	0.000000
2111	5	0	0.000000
2112	5	0	0.000000
2113	5	0	0.000000
2114	6	1	0.000000
2115	6	1	0.000000
2116	5	1	0.000000
2117	5	0	0.000000
2118	5	0	0.000000
2119	5	0	0.000000
2120	5	0	0.000000
2121	5	0	0.000000
2122	5	0	0.000000
2123	5	1	0.000000
2124	5	0	0.000000
2125	5	0	0.000000
2126	5	0	0.000000
2127	5	0	0.000000
2128	5	0	0.000000
2129	5	0	0.000000
2130	5	0	0.000000
2131	5	1	0.000000
2132	5	0	0.000000
2133	5	1	0.000000
2134	5	0	0.000000
2135	6	0	0.000000
2136	6	1	0.000000
2137	5	0	0.000000
2138	5	0	0.000000
2139	5	0	0.000000
2140	5	0	0.000000
2141	5	0	0.000000
2142	5	0	0.000000
2143	5	0	0.000000
2144	5	0	0.000000
2145	6	1	0.000000
2146	5	0	0.000000
2147	5	0	0.000000
2148	5	0	0.000000
2149	5	0	0.000000
2150	5	0	0.000000
2151	5	0	0.000000
2152	6	1	0.000000
2153	6	1	0.000000
2154	6	1	0.000000
2155	6	1	0.000000
2156	6	1	0.000000
2157	6	1	0.000000
2158	6	1	0.000000
2159	6	1	0.000000
2160	6	1	0.000000
2161	6	1	0.000000
2162	6	1	0.000000
2163	6	1	0.000000
2164	6	1	0.000000
2165	6	1	0.000000
2166	6	1	0.000000
2167	6	1	0.000000
2168	6	1	0.000000
2169	6	1	0.000000
2170	6	1	0.000000
2171	6	1	0.000000
2172	6	1	0.000000
2173	6	1	0.000000
2174	6	1	0.000000
2175	6	1	0.000000
2176	6	1	0.000000
2177	6	1	0.000000
2178	6	1	0.000000
2179	6	1	0.000000
2180	6	1	0.000000
2181	6	1	0.000000
2182	6	1	0.000000
2183	6	1	0.000000
2184	6	1	0.000000
2185	6	1	0.000000
2186	6	1	0.000000
2187	6	1	0.000000
2188	6	1	0.000000
2189	6	1	0.000000
2190	6	1	0.000000
2191	6	1	0.000000
2192	6	0	0.000000
2193	6	1	0.000000
2194	6	1	0.000000
2195	6	1	0.000000
2196	6	1	0.000000
2197	6	1	0.000000
2198	6	1	0.000000
2199	6	1	0.000000
2200	6	1	0.000000
2201	6	1	0.000000
2202	6	1	0.000000
2203	6	1	0.000000
2204	6	1	0.000000
2205	6	1	0.000000
2206	6	1	0.000000
2207	5	0	0.000000
2208	5	0	0.000000
2209	5	0	0.000000
2210	5	0	0.000000
2211	6	1	0.000000
2212	6	1	0.000000
2213	6	1	0.000000
2214	6	0	0.000000
2215	6	1	0.000000
2216	6	0	0.000000
2217	6	1	0.000000
2218	6	1	0.000000
2219	6	1	0.000000
2220	6	1	0.000000
2221	6	1	0.000000
2222	6	1	0.000000
2223	6	1	0.000000
2224	5	0	0.000000
2225	5	0	0.000000
2226	5	0	0.000000
2227	5	0	0.000000
2228	5	0	0.000000
2229	5	1	0.000000
2230	5	0	0.000000
2231	5	0	0.000000
2232	5	0	0.000000
2233	5	0	0.000000
2234	6	1	0.000000
2235	6	1	0.000000
2236	6	1	0.000000
2237	5	0	0.000000
2238	5	0	0.000000
2239	5	0	0.000000
2240	5	0	0.000000
2241	5	0	0.000000
2242	5	0	0.000000
2243	5	0	0.000000
2244	5	0	0.000000
2245	5	1	0.000000
2246	5	0	0.000000
2247	5	0	0.000000
2248	5	0	0.000000
2249	6	1	0.000000
2250	6	1	0.000000
2251	6	1	0.000000
2252	6	1	0.000000
2253	6	1	0.000000
2254	6	1	0.000000
2255	6	1	0.000000
2256	6	1	0.000000
2257	6	1	0.000000
2258	5	1	0.000000
2259	5	0	0.000000
2260	5	0	0.000000
2261	5	0	0.000000
2262	5	0	0.000000
2263	5	0	0.000000
2264	5	0	0.000000
2265	5	1	0.000000
2266	5	0	0.000000
2267	5	0	0.000000
2268	5	0	0.000000
2269	5	1	0.000000
2270	6	1	0.000000
2271	6	1	0.000000
2272	6	1	0.000000
2273	6	1	0.000000
2274	6	1	0.000000
2275	6	1	0.000000
2276	6	1	0.000000
2277	6	1	0.000000
2278	6	1	0.000000
2279	6	1	0.000000
2280	6	1	0.000000
2281	5	0	0.000000
2282	5	0	0.000000
2283	5	1	0.000000
2284	6	1	0.000000
2285	6	1	0.000000
2286	5	0	0.000000
2287	5	0	0.000000
2288	6	1	0.000000
2289	5	0	0.000000
2290	5	0	0.000000
2291	5	0	0.000000
2292	5	0	0.000000
2293	5	0	0.000000
2294	5	0	0.000000
2295	5	0	0.000000
2296	5	0	0.000000
2297	5	0	0.000000
2298	5	0	0.000000
2299	5	0	0.000000
2300	5	0	0.000000
2301	5	0	0.000000
2302	5	0	0.000000
2303	5	1	0.000000
2304	5	0	0.000000
2305	5	0	0.000000
2306	5	0	0.000000
2307	5	0	0.000000
2308	5	0	0.000000
2309	5	0	0.000000
2310	5	0	0.000000
2311	5	0	0.000000
2312	5	0	0.000000
2313	5	0	0.000000
2314	5	0	0.000000
2315	5	0	0.000000
2316	5	0	0.000000
2317	5	0	0.000000
2318	5	0	0.000000
2319	5	0	0.000000
2320	5	0	0.000000
2321	5	0	0.000000
2322	5	0	0.000000
2323	5	0	0.000000
2324	5	0	0.000000
2325	5	0	0.000000
2326	5	1	0.000000
2327	5	0	0.000000
2328	5	0	0.000000
2329	5	0	0.000000
2330	5	0	0.000000
2331	5	0	0.000000
2332	5	0	0.000000
2333	5	0	0.000000
2334	5	0	0.000000
2335	5	0	0.000000
2336	5	0	0.000000
2337	5	0	0.000000
2338	5	0	0.000000
2339	5	0	0.000000
2340	5	0	0.000000
2341	5	0	0.000000
2342	5	0	0.000000
2343	5	1	0.000000
2344	5	0	0.000000
2345	5	0	0.000000
2346	5	0	0.000000
2347	5	0	0.000000
2348	5	0	0.000000
2349	5	0	0.000000
2350	5	0	0.000000
2351	5	0	0.000000
2352	5	0	0.000000
2353	5	0	0.000000
2354	5	0	0.000000
2355	5	0	0.000000
2356	5	0	0.000000
2357	5	0	0.000000
2358	5	0	0.000000
2359	5	1	0.000000
2360	5	0	0.000000
2361	5	0	0.000000
2362	5	0	0.000000
2363	5	0	0.000000
2364	5	0	0.000000
2365	5	0	0.000000
2366	5	0	0.000000
2367	5	1	0.000000
2368	5	0	0.000000
2369	5	0	0.000000
2370	5	0	0.000000
2371	5	0	0.000000
2372	5	1	0.000000
2373	5	0	0.000000
2374	5	0	0.000000
2375	5	0	0.000000
2376	5	0	0.000000
2377	5	0	0.000000
2378	5	0	0.000000
2379	5	0	0.000000
2380	5	0	0.000000
2381	5	0	0.000000
2382	5	0	0.000000
2383	5	0	0.000000
2384	5	0	0.000000
2385	5	0	0.000000
2386	5	1	0.000000
2387	5	0	0.000000
2388	5	0	0.000000
2389	5	0	0.000000
2390	5	0	0.000000
2391	5	0	0.000000
2392	5	0	0.000000
2393	5	0	0.000000
2394	5	0	0.000000
2395	5	0	0.000000
2396	5	0	0.000000
2397	5	0	0.000000
2398	6	1	0.000000
2399	5	0	0.000000
2400	5	0	0.000000
2401	6	1	0.000000
2402	6	1	0.000000
2403	6	1	0.000000
2404	6	1	0.000000
2405	5	0	0.000000
2406	6	1	0.000000
2407	6	1	0.000000
2408	6	1	0.000000
2409	6	1	0.000000
2410	6	1	0.000000
2411	5	0	0.000000
2412	5	0	0.000000
2413	5	0	0.000000
2414	5	0	0.000000
2415	5	0	0.000000
2416	5	0	0.000000
2417	5	0	0.000000
2418	5	0	0.000000
2419	5	0	0.000000
2420	5	0	0.000000
2421	5	0	0.000000
2422	5	0	0.000000
2423	5	0	0.000000
2424	5	0	0.000000
2425	5	0	0.000000
2426	5	0	0.000000
2427	5	0	0.000000
2428	6	1	0.000000
2429	5	0	0.000000
2430	5	0	0.000000
2431	5	0	0.000000
2432	5	0	0.000000
2433	5	0	0.000000
2434	5	0	0.000000
2435	5	0	0.000000
2436	5	0	0.000000
2437	5	1	0.000000
2438	5	0	0.000000
2439	5	0	0.000000
2440	5	1	0.000000
2441	5	1	0.000000
2442	5	0	0.000000
2443	6	1	0.000000
2444	6	1	0.000000
2445	5	0	0.000000
2446	6	1	0.000000
2447	5	0	0.000000
2448	5	0	0.000000
2449	6	1	0.000000
2450	5	0	0.000000
2451	5	1	0.000000
2452	5	0	0.000000
2453	6	1	0.000000
2454	5	0	0.000000
2455	5	0	0.000000
2456	5	0	0.000000
2457	5	1	0.000000
2458	5	0	0.000000
2459	5	0	0.000000
2460	5	0	0.000000
2461	5	0	0.000000
2462	5	0	0.000000
2463	5	0	0.000000
2464	5	0	0.000000
2465	5	0	0.000000
2466	5	0	0.000000
2467	5	0	0.000000
2468	5	0	0.000000
2469	5	0	0.000000
2470	5	0	0.000000
2471	5	1	0.000000
2472	5	0	0.000000
2473	5	0	0.000000
2474	4	1	0.000000
2475	4	1	0.000000
2476	3	0	0.000000
2477	3	0	0.000000
2478	3	0	0.000000
2479	2	1	0.000000
2480	2	1	0.000000
2481	2	1	0.000000
2482	2	1	0.000000
2483	1	1	0.000000
2484	1	1	0.000000
2485	1	1	0.000000
2486	1	1	0.000000
2487	1	1	0.000000
2488	1	1	0.000000
2489	1	1	0.000000
2490	1	1	0.000000
2491	1	1	0.000000
2492	2	1	0.000000
2493	2	0	0.000000
2494	1	1	0.000000
2495	1	1	0.000000
2496	1	0	0.000000
2497	1	1	0.000000
2498	1	1	0.000000
2499	1	1	0.000000
2500	1	1	0.000000
2501	1	1	0.000000
2502	1	1	0.000000
2503	1	1	0.000000
2504	1	1	0.000000
2505	1	1	0.000000
2506	1	1	0.000000
2507	1	1	0.000000
2508	1	1	0.000000
2509	1	0	0.000000
2510	1	1	0.000000
2511	1	1	0.000000
2512	1	1	0.000000
2513	1	1	0.000000
2514	1	1	0.000000
2515	1	1	0.000000
2516	1	1	0.000000
2517	1	1	0.000000
2518	1	1	0.000000
2519	1	1	0.000000
2520	1	1	0.000000
2521	1	1	0.000000
2522	1	1	0.000000
2523	1	1	0.000000
2524	1	1	0.000000
2525	1	1	0.000000
2526	1	1	0.000000
2527	1	1	0.000000
2528	1	1	0.000000
2529	1	1	0.000000
2530	1	1	0.000000
2531	1	1	0.000000
2532	1	1	0.000000
2533	1	1	0.000000
2534	1	1	0.000000
2535	1	1	0.000000
2536	1	1	0.000000
2537	1	1	0.000000
2538	1	1	0.000000
2539	1	1	0.000000
2540	1	1	0.000000
2541	1	1	0.000000
2542	1	1	0.000000
2543	1	1	0.000000
2544	1	1	0.000000
2545	1	1	0.000000
2546	1	1	0.000000
2547	1	1	0.000000
2548	1	1	0.000000
2549	1	1	0.000000
2550	1	1	0.000000
2551	1	1	0.000000
2552	1	1	0.000000
2553	1	1	0.000000
2554	1	1	0.000000
2555	1	1	0.000000
2556	1	1	0.000000
2557	1	1	0.000000
2558	1	1	0.000000
2559	2	1	0.000000
2560	2	1	0.000000
2561	2	1	0.000000
2562	2	1	0.000000
2563	2	1	0.000000
2564	2	1	0.000000
2565	2	1	0.000000
2566	2	1	0.000000
2567	2	1	0.000000
2568	2	1	0.000000
2569	2	1	0.000000
2570	2	1	0.000000
2571	2	1	0.000000
2572	2	1	0.000000
2573	3	0	0.000000
2574	3	0	0.000000
2575	3	0	0.000000
2576	3	0	0.000000
2577	3	0	0.000000
2578	3	0	0.000000
2579	3	0	0.000000
2580	4	1	0.000000
2581	4	1	0.000000
2582	4	1	0.000000
2583	4	1	0.000000
2584	4	1	0.000000
2585	4	1	0.000000
2586	4	1	0.000000
2587	4	1	0.000000
2588	4	1	0.000000
2589	4	1	0.000000
2590	4	1	0.000000
2591	4	1	0.000000
2592	4	1	0.000000
2593	4	1	0.000000
2594	4	1	0.000000
2595	4	1	0.000000
2596	4	1	0.000000
2597	4	1	0.000000
2598	4	1	0.000000
2599	4	1	0.000000
2600	5	0	0.000000
2601	5	0	0.000000
2602	5	0	0.000000
2603	5	0	0.000000
2604	5	0	0.000000
2605	5	0	0.000000
2606	5	0	0.000000
2607	5	0	0.000000
2608	5	1	0.000000
2609	5	0	0.000000
2610	5	0	0.000000
2611	5	0	0.000000
2612	5	0	0.000000
2613	5	0	0.000000
2614	5	0	0.000000
2615	5	0	0.000000
2616	5	0	0.000000
2617	5	0	0.000000
2618	5	0	0.000000
2619	5	0	0.000000
2620	5	0	0.000000
2621	5	1	0.000000
2622	5	1	0.000000
2623	5	0	0.000000
2624	5	0	0.000000
2625	5	0	0.000000
2626	5	0	0.000000
2627	5	0	0.000000
2628	5	0	0.000000
2629	5	0	0.000000
2630	5	0	0.000000
2631	5	0	0.000000
2632	5	0	0.000000
2633	5	0	0.000000
2634	5	0	0.000000
2635	5	0	0.000000
2636	5	0	0.000000
2637	5	0	0.000000
2638	5	0	0.000000
2639	5	0	0.000000
2640	5	0	0.000000
2641	5	0	0.000000
2642	5	0	0.000000
2643	5	0	0.000000
2644	5	0	0.000000
2645	5	0	0.000000
2646	5	0	0.000000
2647	5	0	0.000000
2648	5	0	0.000000
2649	5	0	0.000000
2650	5	0	0.000000
2651	5	0	0.000000
2652	5	0	0.000000
2653	5	0	0.000000
2654	5	0	0.000000
2655	5	0	0.000000
2656	5	0	0.000000
2657	5	0	0.000000
2658	5	0	0.000000
2659	5	0	0.000000
2660	5	0	0.000000
2661	5	0	0.000000
2662	5	0	0.000000
2663	5	0	0.000000
2664	5	0	0.000000
2665	5	0	0.000000
2666	5	0	0.000000
2667	5	0	0.000000
2668	5	0	0.000000
2669	5	0	0.000000
2670	5	0	0.000000
2671	5	0	0.000000
2672	5	0	0.000000
2673	5	0	0.000000
2674	5	0	0.000000
2675	5	0	0.000000
2676	5	0	0.000000
2677	5	0	0.000000
2678	5	0	0.000000
2679	5	0	0.000000
2680	5	0	0.000000
2681	5	0	0.000000
2682	5	0	0.000000
2683	5	0	0.000000
2684	5	0	0.000000
2685	5	0	0.000000
2686	5	0	0.000000
2687	5	0	0.000000
2688	5	0	0.000000
2689	5	0	0.000000
2690	5	0	0.000000
2691	5	0	0.000000
2692	5	0	0.000000
2693	5	0	0.000000
2694	5	0	0.000000
2695	5	0	0.000000
2696	5	0	0.000000
2697	5	0	0.000000
2698	5	0	0.000000
2699	5	0	0.000000
2700	5	0	0.000000
2701	5	0	0.000000
2702	5	0	0.000000
2703	5	0	0.000000
2704	5	0	0.000000
2705	5	0	0.000000
2706	5	0	0.000000
2707	5	0	0.000000
2708	5	0	0.000000
2709	5	0	0.000000
2710	5	0	0.000000
2711	5	0	0.000000
2712	5	0	0.000000
2713	5	0	0.000000
2714	5	0	0.000000
2715	5	0	0.000000
2716	5	0	0.000000
2717	5	0	0.000000
2718	5	0	0.000000
2719	5	1	0.000000
2720	5	0	0.000000
2721	5	0	0.000000
2722	5	0	0.000000
2723	5	0	0.000000
2724	5	0	0.000000
2725	5	0	0.000000
2726	5	0	0.000000
2727	5	0	0.000000
2728	5	0	0.000000
2729	5	0	0.000000
2730	5	0	0.000000
2731	5	0	0.000000
2732	5	0	0.000000
2733	5	0	0.000000
2734	5	0	0.000000
2735	5	1	0.000000
2736	5	0	0.000000
2737	5	0	0.000000
2738	5	1	0.000000
2739	5	0	0.000000
2740	5	0	0.000000
2741	5	0	0.000000
2742	5	0	0.000000
2743	5	0	0.000000
2744	5	0	0.000000
2745	5	0	0.000000
2746	5	0	0.000000
2747	5	0	0.000000
2748	5	0	0.000000
2749	5	0	0.000000
2750	5	0	0.000000
2751	5	0	0.000000
2752	5	0	0.000000
2753	5	0	0.000000
2754	5	0	0.000000
2755	5	0	0.000000
2756	5	0	0.000000
2757	5	0	0.000000
2758	5	0	0.000000
2759	5	0	0.000000
2760	5	0	0.000000
2761	5	1	0.000000
2762	5	0	0.000000
2763	5	0	0.000000
2764	5	0	0.000000
2765	5	0	0.000000
2766	5	0	0.000000
2767	5	1	0.000000
2768	5	0	0.000000
2769	5	0	0.000000
2770	5	0	0.000000
2771	5	0	0.000000
2772	5	0	0.000000
2773	5	0	0.000000
2774	5	0	0.000000
2775	5	0	0.000000
2776	5	0	0.000000
2777	5	0	0.000000
2778	5	0	0.000000
2779	5	0	0.000000
2780	6	1	0.000000
2781	6	1	0.000000
2782	6	1	0.000000
2783	6	1	0.000000
2784	6	0	0.000000
2785	6	1	0.000000
2786	6	1	0.000000
2787	6	1	0.000000
2788	6	1	0.000000
2789	6	1	0.000000
2790	6	1	0.000000
2791	6	0	0.000000
2792	6	1	0.000000
2793	6	1	0.000000
2794	6	1	0.000000
2795	5	0	0.000000
2796	5	0	0.000000
2797	5	0	0.000000
2798	5	0	0.000000
2799	6	1	0.000000
2800	6	1	0.000000
2801	6	1	0.000000
2802	6	1	0.000000
2803	6	1	0.000000
2804	6	1	0.000000
2805	6	1	0.000000
2806	5	0	0.000000
2807	5	0	0.000000
2808	5	0	0.000000
2809	6	1	0.000000
2810	5	0	0.000000
2811	5	0	0.000000
2812	5	0	0.000000
2813	5	0	0.000000
2814	5	0	0.000000
2815	5	0	0.000000
2816	5	0	0.000000
2817	5	1	0.000000
2818	5	0	0.000000
2819	5	0	0.000000
2820	5	0	0.000000
2821	5	0	0.000000
2822	5	0	0.000000
2823	5	0	0.000000
2824	5	0	0.000000
2825	5	0	0.000000
2826	5	0	0.000000
2827	5	0	0.000000
2828	5	0	0.000000
2829	5	0	0.000000
2830	5	0	0.000000
2831	5	0	0.000000
2832	5	0	0.000000
2833	5	0	0.000000
2834	6	1	0.000000
2835	5	0	0.000000
2836	6	1	0.000000
2837	6	1	0.000000
2838	6	1	0.000000
2839	6	1	0.000000
2840	6	1	0.000000
2841	6	1	0.000000
2842	6	1	0.000000
2843	6	1	0.000000
2844	6	1	0.000000
2845	6	1	0.000000
2846	6	1	0.000000
2847	6	0	0.000000
2848	6	1	0.000000
2849	6	1	0.000000
2850	6	1	0.000000
2851	6	1	0.000000
2852	6	1	0.000000
2853	6	1	0.000000
2854	6	1	0.000000
2855	6	1	0.000000
2856	6	1	0.000000
2857	6	1	0.000000
2858	6	1	0.000000
2859	6	1	0.000000
2860	6	1	0.000000
2861	5	0	0.000000
2862	5	0	0.000000
2863	5	0	0.000000
2864	6	1	0.000000
2865	6	0	0.000000
2866	6	1	0.000000
2867	6	1	0.000000
2868	6	1	0.000000
2869	6	1	0.000000
2870	6	1	0.000000
2871	6	0	0.000000
2872	6	1	0.000000
2873	6	1	0.000000
2874	6	1	600.000000
2875	0	0	0.000000
