StartTime	2015/09/23 18:37:15
FinishTime	2015/09/23 18:37:56
ElapsedTime	41.000000
/home/daisuke/git/ReinforcementLearning/log/EV3LineTracer_20150923170738_10Setting_20150923170739.log
0	1.000000
1	0.041667	0.041667	0.916667
2	0.041667	0.041667	0.916667
3	0.041667	0.041667	0.916667
4	0.916667	0.041667	0.041667
5	0.041667	0.916667	0.041667
6	0.041667	0.916667	0.041667
2424
0	5	2	0.000000
1	5	1	0.000000
2	5	1	0.000000
3	5	1	0.000000
4	5	1	0.000000
5	5	1	0.000000
6	5	1	0.000000
7	5	1	0.000000
8	5	1	0.000000
9	5	2	0.000000
10	5	1	0.000000
11	5	1	0.000000
12	5	1	0.000000
13	5	1	0.000000
14	5	1	0.000000
15	5	1	0.000000
16	5	1	0.000000
17	5	1	0.000000
18	5	1	0.000000
19	5	1	0.000000
20	5	1	0.000000
21	5	1	0.000000
22	5	1	0.000000
23	5	1	0.000000
24	5	2	0.000000
25	5	1	0.000000
26	5	0	0.000000
27	5	2	0.000000
28	5	1	0.000000
29	5	2	0.000000
30	5	1	0.000000
31	5	1	0.000000
32	5	1	0.000000
33	5	1	0.000000
34	5	1	0.000000
35	5	1	0.000000
36	5	1	0.000000
37	5	1	0.000000
38	5	1	0.000000
39	5	1	0.000000
40	5	1	0.000000
41	5	1	0.000000
42	5	1	0.000000
43	5	1	0.000000
44	5	1	0.000000
45	5	1	0.000000
46	5	1	0.000000
47	5	1	0.000000
48	5	1	0.000000
49	5	1	0.000000
50	5	2	0.000000
51	5	1	0.000000
52	5	1	0.000000
53	5	0	0.000000
54	5	1	0.000000
55	5	1	0.000000
56	5	1	0.000000
57	5	1	0.000000
58	5	1	0.000000
59	5	1	0.000000
60	5	1	0.000000
61	5	1	0.000000
62	5	1	0.000000
63	5	1	0.000000
64	5	1	0.000000
65	5	1	0.000000
66	5	1	0.000000
67	5	1	0.000000
68	5	1	0.000000
69	5	1	0.000000
70	5	1	0.000000
71	5	1	0.000000
72	5	1	0.000000
73	5	1	0.000000
74	5	1	0.000000
75	5	1	0.000000
76	5	1	0.000000
77	5	1	0.000000
78	5	1	0.000000
79	5	1	0.000000
80	5	1	0.000000
81	5	1	0.000000
82	5	1	0.000000
83	5	1	0.000000
84	5	1	0.000000
85	5	1	0.000000
86	5	1	0.000000
87	5	1	0.000000
88	5	1	0.000000
89	5	1	0.000000
90	5	1	0.000000
91	5	1	0.000000
92	5	1	0.000000
93	5	1	0.000000
94	5	0	0.000000
95	5	1	0.000000
96	5	1	0.000000
97	5	1	0.000000
98	5	1	0.000000
99	5	1	0.000000
100	5	1	0.000000
101	5	1	0.000000
102	5	0	0.000000
103	5	1	0.000000
104	5	1	0.000000
105	5	1	0.000000
106	5	1	0.000000
107	5	1	0.000000
108	5	1	0.000000
109	5	1	0.000000
110	5	1	0.000000
111	5	1	0.000000
112	5	1	0.000000
113	5	1	0.000000
114	5	1	0.000000
115	5	1	0.000000
116	5	0	0.000000
117	5	1	0.000000
118	5	1	0.000000
119	5	1	0.000000
120	5	1	0.000000
121	5	1	0.000000
122	5	1	0.000000
123	5	1	0.000000
124	5	0	0.000000
125	5	1	0.000000
126	5	1	0.000000
127	5	1	0.000000
128	5	1	0.000000
129	5	1	0.000000
130	5	1	0.000000
131	5	1	0.000000
132	4	0	0.000000
133	5	1	0.000000
134	4	0	0.000000
135	4	0	0.000000
136	4	0	0.000000
137	4	0	0.000000
138	4	0	0.000000
139	4	0	0.000000
140	4	0	0.000000
141	4	0	0.000000
142	3	2	0.000000
143	4	2	0.000000
144	3	2	0.000000
145	3	2	0.000000
146	3	2	0.000000
147	2	2	0.000000
148	2	2	0.000000
149	2	0	0.000000
150	2	1	0.000000
151	2	2	0.000000
152	2	0	0.000000
153	3	2	0.000000
154	3	2	0.000000
155	2	2	0.000000
156	2	0	0.000000
157	2	2	0.000000
158	2	2	0.000000
159	2	2	0.000000
160	2	2	0.000000
161	2	2	0.000000
162	2	2	0.000000
163	2	2	0.000000
164	2	2	0.000000
165	2	2	0.000000
166	2	2	0.000000
167	2	1	0.000000
168	2	1	0.000000
169	2	2	0.000000
170	2	2	0.000000
171	2	2	0.000000
172	2	2	0.000000
173	2	2	0.000000
174	2	2	0.000000
175	2	2	0.000000
176	2	2	0.000000
177	2	2	0.000000
178	2	2	0.000000
179	2	2	0.000000
180	2	1	0.000000
181	2	2	0.000000
182	2	2	0.000000
183	2	2	0.000000
184	2	1	0.000000
185	2	2	0.000000
186	2	2	0.000000
187	2	2	0.000000
188	2	2	0.000000
189	3	2	0.000000
190	2	0	0.000000
191	3	2	0.000000
192	3	2	0.000000
193	3	2	0.000000
194	3	0	0.000000
195	3	0	0.000000
196	3	2	0.000000
197	3	2	0.000000
198	3	2	0.000000
199	3	2	0.000000
200	3	2	0.000000
201	3	2	0.000000
202	3	2	0.000000
203	3	2	0.000000
204	3	2	0.000000
205	3	0	0.000000
206	3	2	0.000000
207	3	2	0.000000
208	3	2	0.000000
209	3	1	0.000000
210	3	2	0.000000
211	3	2	0.000000
212	3	2	0.000000
213	3	2	0.000000
214	3	2	0.000000
215	3	2	0.000000
216	3	2	0.000000
217	4	0	0.000000
218	4	0	0.000000
219	4	0	0.000000
220	4	0	0.000000
221	4	0	0.000000
222	4	0	0.000000
223	4	0	0.000000
224	4	0	0.000000
225	4	2	0.000000
226	4	0	0.000000
227	4	0	0.000000
228	4	0	0.000000
229	4	2	0.000000
230	4	0	0.000000
231	4	0	0.000000
232	4	0	0.000000
233	4	2	0.000000
234	3	2	0.000000
235	3	2	0.000000
236	4	0	0.000000
237	4	0	0.000000
238	3	2	0.000000
239	3	2	0.000000
240	3	0	0.000000
241	3	2	0.000000
242	3	2	0.000000
243	3	2	0.000000
244	3	2	0.000000
245	3	2	0.000000
246	3	2	0.000000
247	3	2	0.000000
248	3	2	0.000000
249	3	2	0.000000
250	3	2	0.000000
251	3	2	0.000000
252	4	0	0.000000
253	4	0	0.000000
254	4	0	0.000000
255	4	0	0.000000
256	4	0	0.000000
257	4	0	0.000000
258	4	0	0.000000
259	4	0	0.000000
260	4	0	0.000000
261	4	0	0.000000
262	4	0	0.000000
263	3	2	0.000000
264	3	2	0.000000
265	3	2	0.000000
266	3	2	0.000000
267	3	2	0.000000
268	3	2	0.000000
269	2	2	0.000000
270	2	2	0.000000
271	2	2	0.000000
272	3	2	0.000000
273	3	2	0.000000
274	3	2	0.000000
275	3	2	0.000000
276	3	2	0.000000
277	3	2	0.000000
278	3	2	0.000000
279	4	0	0.000000
280	4	0	0.000000
281	4	1	0.000000
282	4	0	0.000000
283	4	0	0.000000
284	4	0	0.000000
285	4	0	0.000000
286	4	1	0.000000
287	4	0	0.000000
288	4	0	0.000000
289	4	2	0.000000
290	4	0	0.000000
291	3	2	0.000000
292	3	2	0.000000
293	3	0	0.000000
294	3	2	0.000000
295	3	2	0.000000
296	3	2	0.000000
297	3	2	0.000000
298	3	2	0.000000
299	3	2	0.000000
300	3	2	0.000000
301	3	2	0.000000
302	3	2	0.000000
303	3	2	0.000000
304	4	0	0.000000
305	4	0	0.000000
306	4	0	0.000000
307	4	0	0.000000
308	4	0	0.000000
309	4	0	0.000000
310	4	0	0.000000
311	4	0	0.000000
312	4	0	0.000000
313	4	0	0.000000
314	4	0	0.000000
315	3	2	0.000000
316	3	2	0.000000
317	3	2	0.000000
318	3	2	0.000000
319	2	2	0.000000
320	2	2	0.000000
321	2	2	0.000000
322	2	2	0.000000
323	2	2	0.000000
324	2	2	0.000000
325	2	2	0.000000
326	3	2	0.000000
327	3	2	0.000000
328	3	2	0.000000
329	3	2	0.000000
330	3	2	0.000000
331	3	2	0.000000
332	3	1	0.000000
333	3	2	0.000000
334	3	2	0.000000
335	4	0	0.000000
336	4	2	0.000000
337	4	0	0.000000
338	4	0	0.000000
339	4	0	0.000000
340	4	0	0.000000
341	4	2	0.000000
342	4	1	0.000000
343	4	0	0.000000
344	4	0	0.000000
345	4	1	0.000000
346	4	0	0.000000
347	4	0	0.000000
348	3	2	0.000000
349	3	2	0.000000
350	3	2	0.000000
351	3	2	0.000000
352	3	1	0.000000
353	3	2	0.000000
354	3	0	0.000000
355	3	0	0.000000
356	3	2	0.000000
357	3	2	0.000000
358	3	2	0.000000
359	3	1	0.000000
360	3	2	0.000000
361	3	2	0.000000
362	3	2	0.000000
363	4	0	0.000000
364	4	0	0.000000
365	4	0	0.000000
366	4	0	0.000000
367	4	0	0.000000
368	4	0	0.000000
369	4	0	0.000000
370	4	0	0.000000
371	4	0	0.000000
372	4	0	0.000000
373	3	2	0.000000
374	3	2	0.000000
375	3	2	0.000000
376	3	2	0.000000
377	2	2	0.000000
378	2	2	0.000000
379	2	2	0.000000
380	2	2	0.000000
381	3	2	0.000000
382	3	2	0.000000
383	3	2	0.000000
384	3	2	0.000000
385	4	0	0.000000
386	4	0	0.000000
387	4	0	0.000000
388	4	0	0.000000
389	4	0	0.000000
390	4	0	0.000000
391	4	0	0.000000
392	4	0	0.000000
393	4	1	0.000000
394	3	2	0.000000
395	3	2	0.000000
396	3	2	0.000000
397	2	2	0.000000
398	2	2	0.000000
399	2	2	0.000000
400	2	2	0.000000
401	2	2	0.000000
402	2	2	0.000000
403	2	2	0.000000
404	3	2	0.000000
405	3	2	0.000000
406	3	2	0.000000
407	3	2	0.000000
408	3	2	0.000000
409	3	2	0.000000
410	3	2	0.000000
411	3	2	0.000000
412	3	0	0.000000
413	3	2	0.000000
414	3	2	0.000000
415	3	2	0.000000
416	3	0	0.000000
417	3	2	0.000000
418	3	2	0.000000
419	3	2	0.000000
420	3	2	0.000000
421	3	2	0.000000
422	3	2	0.000000
423	3	2	0.000000
424	3	2	0.000000
425	3	2	0.000000
426	3	2	0.000000
427	3	2	0.000000
428	3	2	0.000000
429	3	2	0.000000
430	3	2	0.000000
431	3	2	0.000000
432	3	2	0.000000
433	4	0	0.000000
434	4	0	0.000000
435	4	0	0.000000
436	4	0	0.000000
437	4	0	0.000000
438	4	0	0.000000
439	4	0	0.000000
440	4	0	0.000000
441	4	0	0.000000
442	4	0	0.000000
443	4	0	0.000000
444	3	2	0.000000
445	3	2	0.000000
446	3	2	0.000000
447	3	2	0.000000
448	3	2	0.000000
449	2	2	0.000000
450	2	2	0.000000
451	2	2	0.000000
452	2	1	0.000000
453	3	2	0.000000
454	3	2	0.000000
455	3	0	0.000000
456	3	0	0.000000
457	3	2	0.000000
458	3	2	0.000000
459	3	2	0.000000
460	3	2	0.000000
461	3	2	0.000000
462	3	2	0.000000
463	3	2	0.000000
464	3	1	0.000000
465	3	2	0.000000
466	3	2	0.000000
467	3	2	0.000000
468	3	2	0.000000
469	3	2	0.000000
470	4	0	0.000000
471	4	0	0.000000
472	4	0	0.000000
473	4	0	0.000000
474	4	0	0.000000
475	4	0	0.000000
476	4	0	0.000000
477	4	0	0.000000
478	4	0	0.000000
479	4	0	0.000000
480	4	0	0.000000
481	4	0	0.000000
482	3	2	0.000000
483	3	2	0.000000
484	2	2	0.000000
485	2	2	0.000000
486	2	2	0.000000
487	2	2	0.000000
488	2	2	0.000000
489	2	2	0.000000
490	2	2	0.000000
491	2	2	0.000000
492	2	2	0.000000
493	2	2	0.000000
494	3	2	0.000000
495	3	1	0.000000
496	3	1	0.000000
497	3	2	0.000000
498	3	2	0.000000
499	3	2	0.000000
500	3	2	0.000000
501	3	2	0.000000
502	3	2	0.000000
503	3	2	0.000000
504	4	0	0.000000
505	4	0	0.000000
506	4	0	0.000000
507	4	0	0.000000
508	4	0	0.000000
509	4	0	0.000000
510	4	0	0.000000
511	4	0	0.000000
512	4	0	0.000000
513	4	0	0.000000
514	4	2	0.000000
515	4	0	0.000000
516	3	2	0.000000
517	3	2	0.000000
518	3	2	0.000000
519	2	2	0.000000
520	2	0	0.000000
521	2	2	0.000000
522	2	2	0.000000
523	2	2	0.000000
524	3	2	0.000000
525	3	0	0.000000
526	3	2	0.000000
527	3	2	0.000000
528	3	1	0.000000
529	3	2	0.000000
530	3	2	0.000000
531	3	2	0.000000
532	4	0	0.000000
533	4	0	0.000000
534	4	0	0.000000
535	4	1	0.000000
536	4	0	0.000000
537	4	0	0.000000
538	4	0	0.000000
539	4	0	0.000000
540	4	0	0.000000
541	4	0	0.000000
542	3	2	0.000000
543	3	2	0.000000
544	2	2	0.000000
545	2	2	0.000000
546	2	2	0.000000
547	2	2	0.000000
548	2	0	0.000000
549	2	2	0.000000
550	2	2	0.000000
551	2	2	0.000000
552	2	2	0.000000
553	2	2	0.000000
554	3	2	0.000000
555	3	2	0.000000
556	3	2	0.000000
557	3	1	0.000000
558	3	2	0.000000
559	3	2	0.000000
560	3	2	0.000000
561	3	2	0.000000
562	3	2	0.000000
563	4	0	0.000000
564	4	0	0.000000
565	4	0	0.000000
566	4	0	0.000000
567	4	0	0.000000
568	4	0	0.000000
569	4	0	0.000000
570	4	0	0.000000
571	4	0	0.000000
572	4	0	0.000000
573	4	0	0.000000
574	4	0	0.000000
575	3	2	0.000000
576	3	0	0.000000
577	3	2	0.000000
578	3	2	0.000000
579	3	2	0.000000
580	3	2	0.000000
581	2	2	0.000000
582	2	2	0.000000
583	2	2	0.000000
584	2	2	0.000000
585	2	2	0.000000
586	3	2	0.000000
587	3	2	0.000000
588	3	2	0.000000
589	4	2	0.000000
590	4	2	0.000000
591	4	0	0.000000
592	4	0	0.000000
593	4	0	0.000000
594	4	0	0.000000
595	4	0	0.000000
596	5	1	0.000000
597	5	1	0.000000
598	5	1	0.000000
599	5	1	0.000000
600	5	1	0.000000
601	4	0	0.000000
602	4	0	0.000000
603	4	0	0.000000
604	4	0	0.000000
605	4	0	0.000000
606	4	2	0.000000
607	4	0	0.000000
608	4	2	0.000000
609	3	2	0.000000
610	3	1	0.000000
611	3	2	0.000000
612	3	2	0.000000
613	3	2	0.000000
614	3	2	0.000000
615	3	2	0.000000
616	3	2	0.000000
617	3	2	0.000000
618	3	2	0.000000
619	3	2	0.000000
620	3	2	0.000000
621	3	2	0.000000
622	3	2	0.000000
623	3	2	0.000000
624	3	2	0.000000
625	3	2	0.000000
626	3	2	0.000000
627	3	2	0.000000
628	3	2	0.000000
629	3	2	0.000000
630	3	2	0.000000
631	3	2	0.000000
632	3	2	0.000000
633	3	2	0.000000
634	3	2	0.000000
635	3	0	0.000000
636	3	2	0.000000
637	3	2	0.000000
638	3	2	0.000000
639	3	2	0.000000
640	2	2	0.000000
641	2	2	0.000000
642	2	2	0.000000
643	2	2	0.000000
644	2	2	0.000000
645	2	2	0.000000
646	2	2	0.000000
647	2	2	0.000000
648	2	2	0.000000
649	2	1	0.000000
650	2	2	0.000000
651	2	2	0.000000
652	2	2	0.000000
653	2	2	0.000000
654	2	2	0.000000
655	2	2	0.000000
656	2	2	0.000000
657	2	2	0.000000
658	3	2	0.000000
659	3	2	0.000000
660	3	2	0.000000
661	3	2	0.000000
662	3	0	0.000000
663	3	2	0.000000
664	3	2	0.000000
665	3	2	0.000000
666	3	2	0.000000
667	3	2	0.000000
668	3	2	0.000000
669	3	2	0.000000
670	3	0	0.000000
671	3	2	0.000000
672	3	1	0.000000
673	3	2	0.000000
674	3	2	0.000000
675	3	1	0.000000
676	4	0	0.000000
677	4	0	0.000000
678	4	0	0.000000
679	3	2	0.000000
680	3	2	0.000000
681	3	2	0.000000
682	3	2	0.000000
683	3	2	0.000000
684	3	2	0.000000
685	3	2	0.000000
686	3	2	0.000000
687	3	2	0.000000
688	3	2	0.000000
689	3	2	0.000000
690	3	2	0.000000
691	4	0	0.000000
692	4	0	0.000000
693	4	0	0.000000
694	4	0	0.000000
695	4	0	0.000000
696	4	2	0.000000
697	4	0	0.000000
698	4	0	0.000000
699	4	0	0.000000
700	4	0	0.000000
701	4	0	0.000000
702	4	0	0.000000
703	3	2	0.000000
704	3	2	0.000000
705	3	2	0.000000
706	3	2	0.000000
707	2	2	0.000000
708	2	2	0.000000
709	2	2	0.000000
710	2	2	0.000000
711	2	2	0.000000
712	2	2	0.000000
713	3	2	0.000000
714	3	2	0.000000
715	3	2	0.000000
716	3	2	0.000000
717	3	2	0.000000
718	3	2	0.000000
719	3	2	0.000000
720	3	2	0.000000
721	3	2	0.000000
722	3	2	0.000000
723	3	2	0.000000
724	3	2	0.000000
725	3	2	0.000000
726	3	2	0.000000
727	3	2	0.000000
728	3	0	0.000000
729	3	2	0.000000
730	3	2	0.000000
731	3	2	0.000000
732	3	2	0.000000
733	3	2	0.000000
734	3	2	0.000000
735	3	2	0.000000
736	3	2	0.000000
737	3	2	0.000000
738	3	2	0.000000
739	3	2	0.000000
740	2	1	0.000000
741	2	2	0.000000
742	3	2	0.000000
743	3	2	0.000000
744	2	2	0.000000
745	3	2	0.000000
746	3	2	0.000000
747	2	2	0.000000
748	3	1	0.000000
749	2	2	0.000000
750	2	2	0.000000
751	2	2	0.000000
752	3	2	0.000000
753	3	2	0.000000
754	3	1	0.000000
755	3	2	0.000000
756	2	2	0.000000
757	2	2	0.000000
758	2	2	0.000000
759	2	2	0.000000
760	2	2	0.000000
761	2	2	0.000000
762	2	2	0.000000
763	3	2	0.000000
764	3	2	0.000000
765	3	2	0.000000
766	3	2	0.000000
767	3	2	0.000000
768	3	2	0.000000
769	3	2	0.000000
770	3	2	0.000000
771	3	2	0.000000
772	3	2	0.000000
773	3	2	0.000000
774	3	2	0.000000
775	4	0	0.000000
776	4	0	0.000000
777	4	0	0.000000
778	4	0	0.000000
779	4	0	0.000000
780	4	0	0.000000
781	4	2	0.000000
782	4	0	0.000000
783	4	0	0.000000
784	4	0	0.000000
785	3	2	0.000000
786	3	2	0.000000
787	3	2	0.000000
788	3	2	0.000000
789	3	2	0.000000
790	3	2	0.000000
791	3	2	0.000000
792	3	2	0.000000
793	3	2	0.000000
794	3	2	0.000000
795	3	2	0.000000
796	3	2	0.000000
797	3	0	0.000000
798	3	0	0.000000
799	3	2	0.000000
800	3	2	0.000000
801	3	2	0.000000
802	3	2	0.000000
803	3	2	0.000000
804	3	2	0.000000
805	3	2	0.000000
806	3	2	0.000000
807	3	1	0.000000
808	3	1	0.000000
809	3	2	0.000000
810	3	2	0.000000
811	3	2	0.000000
812	3	2	0.000000
813	3	2	0.000000
814	3	2	0.000000
815	3	2	0.000000
816	3	2	0.000000
817	3	2	0.000000
818	3	2	0.000000
819	3	2	0.000000
820	3	2	0.000000
821	3	2	0.000000
822	3	2	0.000000
823	3	2	0.000000
824	3	2	0.000000
825	4	0	0.000000
826	4	0	0.000000
827	4	0	0.000000
828	4	0	0.000000
829	4	0	0.000000
830	4	0	0.000000
831	4	0	0.000000
832	4	0	0.000000
833	4	0	0.000000
834	4	0	0.000000
835	4	0	0.000000
836	4	0	0.000000
837	4	0	0.000000
838	4	0	0.000000
839	3	2	0.000000
840	3	2	0.000000
841	3	2	0.000000
842	3	2	0.000000
843	3	2	0.000000
844	2	2	0.000000
845	2	2	0.000000
846	2	2	0.000000
847	2	2	0.000000
848	3	2	0.000000
849	3	2	0.000000
850	3	2	0.000000
851	3	2	0.000000
852	3	2	0.000000
853	3	2	0.000000
854	3	2	0.000000
855	3	2	0.000000
856	3	2	0.000000
857	3	2	0.000000
858	3	2	0.000000
859	3	2	0.000000
860	3	2	0.000000
861	4	0	0.000000
862	4	0	0.000000
863	4	0	0.000000
864	4	0	0.000000
865	4	0	0.000000
866	4	0	0.000000
867	4	0	0.000000
868	4	0	0.000000
869	3	2	0.000000
870	3	2	0.000000
871	3	2	0.000000
872	3	2	0.000000
873	3	2	0.000000
874	3	2	0.000000
875	3	2	0.000000
876	3	2	0.000000
877	3	2	0.000000
878	3	2	0.000000
879	3	2	0.000000
880	3	2	0.000000
881	3	2	0.000000
882	3	2	0.000000
883	3	2	0.000000
884	3	2	0.000000
885	4	0	0.000000
886	4	0	0.000000
887	4	0	0.000000
888	4	0	0.000000
889	4	0	0.000000
890	4	0	0.000000
891	4	0	0.000000
892	4	0	0.000000
893	4	0	0.000000
894	4	0	0.000000
895	4	2	0.000000
896	4	0	0.000000
897	4	0	0.000000
898	4	0	0.000000
899	3	2	0.000000
900	3	2	0.000000
901	3	2	0.000000
902	3	2	0.000000
903	3	2	0.000000
904	3	2	0.000000
905	3	2	0.000000
906	3	2	0.000000
907	3	2	0.000000
908	3	2	0.000000
909	3	1	0.000000
910	3	2	0.000000
911	3	2	0.000000
912	3	2	0.000000
913	3	2	0.000000
914	3	2	0.000000
915	4	0	0.000000
916	4	0	0.000000
917	4	0	0.000000
918	4	0	0.000000
919	4	0	0.000000
920	4	0	0.000000
921	4	0	0.000000
922	4	0	0.000000
923	4	0	0.000000
924	4	0	0.000000
925	4	0	0.000000
926	4	0	0.000000
927	3	2	0.000000
928	3	2	0.000000
929	3	2	0.000000
930	3	2	0.000000
931	2	2	0.000000
932	2	2	0.000000
933	2	2	0.000000
934	2	2	0.000000
935	2	2	0.000000
936	2	2	0.000000
937	3	2	0.000000
938	3	2	0.000000
939	3	2	0.000000
940	3	2	0.000000
941	3	2	0.000000
942	3	2	0.000000
943	3	2	0.000000
944	3	2	0.000000
945	3	2	0.000000
946	3	2	0.000000
947	3	2	0.000000
948	3	2	0.000000
949	4	0	0.000000
950	3	2	0.000000
951	3	2	0.000000
952	3	2	0.000000
953	3	2	0.000000
954	3	2	0.000000
955	3	2	0.000000
956	2	2	0.000000
957	2	2	0.000000
958	2	2	0.000000
959	2	2	0.000000
960	2	2	0.000000
961	2	2	0.000000
962	2	2	0.000000
963	2	2	0.000000
964	2	2	0.000000
965	2	2	0.000000
966	2	2	0.000000
967	2	2	0.000000
968	2	2	0.000000
969	2	2	0.000000
970	2	2	0.000000
971	2	2	0.000000
972	1	2	0.000000
973	1	2	0.000000
974	2	2	0.000000
975	2	2	0.000000
976	2	2	0.000000
977	2	2	0.000000
978	2	1	0.000000
979	2	2	0.000000
980	2	2	0.000000
981	2	2	0.000000
982	2	2	0.000000
983	2	2	0.000000
984	2	2	0.000000
985	2	2	0.000000
986	2	2	0.000000
987	2	2	0.000000
988	2	2	0.000000
989	2	2	0.000000
990	2	2	0.000000
991	2	2	0.000000
992	2	2	0.000000
993	2	2	0.000000
994	2	2	0.000000
995	2	2	0.000000
996	2	2	0.000000
997	2	2	0.000000
998	2	2	0.000000
999	2	2	0.000000
1000	2	2	0.000000
1001	2	2	0.000000
1002	2	2	0.000000
1003	2	2	0.000000
1004	2	1	0.000000
1005	2	2	0.000000
1006	2	2	0.000000
1007	2	2	0.000000
1008	2	2	0.000000
1009	2	2	0.000000
1010	2	2	0.000000
1011	2	2	0.000000
1012	2	2	0.000000
1013	2	2	0.000000
1014	2	2	0.000000
1015	2	2	0.000000
1016	2	2	0.000000
1017	2	2	0.000000
1018	2	2	0.000000
1019	2	2	0.000000
1020	2	2	0.000000
1021	2	2	0.000000
1022	2	0	0.000000
1023	2	2	0.000000
1024	2	2	0.000000
1025	2	2	0.000000
1026	3	2	0.000000
1027	3	2	0.000000
1028	3	2	0.000000
1029	3	2	0.000000
1030	3	2	0.000000
1031	3	2	0.000000
1032	3	2	0.000000
1033	3	2	0.000000
1034	3	2	0.000000
1035	3	2	0.000000
1036	3	2	0.000000
1037	3	2	0.000000
1038	4	0	0.000000
1039	4	1	0.000000
1040	4	0	0.000000
1041	4	0	0.000000
1042	4	0	0.000000
1043	4	0	0.000000
1044	4	0	0.000000
1045	4	0	0.000000
1046	4	0	0.000000
1047	4	0	0.000000
1048	4	0	0.000000
1049	3	2	0.000000
1050	4	0	0.000000
1051	3	2	0.000000
1052	3	2	0.000000
1053	3	1	0.000000
1054	3	2	0.000000
1055	3	2	0.000000
1056	3	2	0.000000
1057	3	2	0.000000
1058	3	2	0.000000
1059	3	2	0.000000
1060	3	2	0.000000
1061	3	2	0.000000
1062	3	2	0.000000
1063	3	2	0.000000
1064	3	0	0.000000
1065	3	2	0.000000
1066	3	2	0.000000
1067	3	2	0.000000
1068	3	2	0.000000
1069	3	2	0.000000
1070	3	2	0.000000
1071	3	2	0.000000
1072	3	2	0.000000
1073	3	2	0.000000
1074	3	2	0.000000
1075	4	0	0.000000
1076	4	0	0.000000
1077	4	0	0.000000
1078	4	0	0.000000
1079	4	1	0.000000
1080	4	0	0.000000
1081	4	0	0.000000
1082	4	0	0.000000
1083	4	0	0.000000
1084	4	0	0.000000
1085	4	0	0.000000
1086	4	2	0.000000
1087	3	2	0.000000
1088	3	2	0.000000
1089	3	2	0.000000
1090	2	1	0.000000
1091	2	2	0.000000
1092	2	2	0.000000
1093	2	2	0.000000
1094	2	2	0.000000
1095	3	2	0.000000
1096	3	2	0.000000
1097	3	2	0.000000
1098	3	2	0.000000
1099	3	2	0.000000
1100	3	2	0.000000
1101	3	2	0.000000
1102	3	2	0.000000
1103	3	2	0.000000
1104	4	0	0.000000
1105	4	0	0.000000
1106	4	0	0.000000
1107	4	0	0.000000
1108	4	0	0.000000
1109	4	0	0.000000
1110	4	0	0.000000
1111	4	0	0.000000
1112	4	0	0.000000
1113	3	2	0.000000
1114	3	0	0.000000
1115	3	2	0.000000
1116	2	2	0.000000
1117	2	2	0.000000
1118	2	2	0.000000
1119	2	2	0.000000
1120	2	2	0.000000
1121	2	2	0.000000
1122	2	2	0.000000
1123	2	2	0.000000
1124	2	2	0.000000
1125	2	2	0.000000
1126	3	2	0.000000
1127	3	2	0.000000
1128	3	2	0.000000
1129	3	2	0.000000
1130	3	2	0.000000
1131	3	2	0.000000
1132	4	0	0.000000
1133	4	0	0.000000
1134	4	0	0.000000
1135	4	0	0.000000
1136	4	0	0.000000
1137	4	0	0.000000
1138	4	0	0.000000
1139	4	0	0.000000
1140	4	0	0.000000
1141	4	0	0.000000
1142	3	2	0.000000
1143	3	2	0.000000
1144	3	2	0.000000
1145	2	2	0.000000
1146	2	2	0.000000
1147	2	2	0.000000
1148	2	2	0.000000
1149	2	2	0.000000
1150	2	2	0.000000
1151	3	2	0.000000
1152	3	2	0.000000
1153	3	0	0.000000
1154	3	2	0.000000
1155	3	0	0.000000
1156	3	2	0.000000
1157	3	2	0.000000
1158	3	2	0.000000
1159	3	2	0.000000
1160	3	2	0.000000
1161	3	2	0.000000
1162	3	2	0.000000
1163	3	2	0.000000
1164	3	2	0.000000
1165	4	0	0.000000
1166	4	0	0.000000
1167	4	0	0.000000
1168	4	0	0.000000
1169	4	1	0.000000
1170	4	0	0.000000
1171	4	0	0.000000
1172	4	0	0.000000
1173	4	2	0.000000
1174	4	0	0.000000
1175	4	0	0.000000
1176	4	0	0.000000
1177	3	2	0.000000
1178	3	2	0.000000
1179	3	2	0.000000
1180	3	2	0.000000
1181	3	2	0.000000
1182	3	2	0.000000
1183	3	2	0.000000
1184	3	2	0.000000
1185	3	2	0.000000
1186	3	2	0.000000
1187	4	0	0.000000
1188	4	0	0.000000
1189	4	0	0.000000
1190	4	0	0.000000
1191	4	0	0.000000
1192	4	0	0.000000
1193	4	0	0.000000
1194	4	0	0.000000
1195	4	0	0.000000
1196	4	2	0.000000
1197	4	1	0.000000
1198	3	2	0.000000
1199	3	2	0.000000
1200	3	2	0.000000
1201	2	2	0.000000
1202	2	2	0.000000
1203	2	2	0.000000
1204	2	2	0.000000
1205	2	2	0.000000
1206	3	2	0.000000
1207	3	2	0.000000
1208	3	2	0.000000
1209	4	0	0.000000
1210	4	0	0.000000
1211	4	0	0.000000
1212	4	0	0.000000
1213	4	0	0.000000
1214	4	0	0.000000
1215	4	0	0.000000
1216	4	0	0.000000
1217	4	1	0.000000
1218	4	0	0.000000
1219	4	0	0.000000
1220	3	2	0.000000
1221	3	2	0.000000
1222	3	2	0.000000
1223	3	2	0.000000
1224	3	2	0.000000
1225	3	2	0.000000
1226	3	2	0.000000
1227	3	2	0.000000
1228	3	2	0.000000
1229	3	2	0.000000
1230	3	2	0.000000
1231	3	2	0.000000
1232	3	2	0.000000
1233	4	1	0.000000
1234	4	0	0.000000
1235	4	0	0.000000
1236	4	0	0.000000
1237	4	0	0.000000
1238	4	0	0.000000
1239	5	1	0.000000
1240	5	1	0.000000
1241	4	0	0.000000
1242	4	0	0.000000
1243	4	0	0.000000
1244	3	2	0.000000
1245	3	2	0.000000
1246	3	2	0.000000
1247	3	2	0.000000
1248	3	2	0.000000
1249	3	2	0.000000
1250	3	2	0.000000
1251	3	2	0.000000
1252	3	0	0.000000
1253	4	0	0.000000
1254	4	0	0.000000
1255	4	0	0.000000
1256	4	0	0.000000
1257	4	0	0.000000
1258	4	0	0.000000
1259	4	0	0.000000
1260	4	0	0.000000
1261	3	2	0.000000
1262	3	2	0.000000
1263	3	2	0.000000
1264	3	2	0.000000
1265	2	2	0.000000
1266	2	2	0.000000
1267	2	2	0.000000
1268	2	2	0.000000
1269	2	2	0.000000
1270	3	2	0.000000
1271	3	2	0.000000
1272	3	2	0.000000
1273	3	2	0.000000
1274	4	0	0.000000
1275	4	0	0.000000
1276	4	0	0.000000
1277	4	0	0.000000
1278	4	0	0.000000
1279	4	0	0.000000
1280	4	0	0.000000
1281	4	0	0.000000
1282	4	0	0.000000
1283	4	0	0.000000
1284	3	2	0.000000
1285	3	2	0.000000
1286	3	2	0.000000
1287	3	2	0.000000
1288	3	2	0.000000
1289	2	2	0.000000
1290	2	2	0.000000
1291	2	2	0.000000
1292	2	2	0.000000
1293	3	0	0.000000
1294	3	2	0.000000
1295	3	2	0.000000
1296	3	2	0.000000
1297	3	2	0.000000
1298	3	2	0.000000
1299	3	2	0.000000
1300	3	0	0.000000
1301	3	2	0.000000
1302	3	2	0.000000
1303	3	2	0.000000
1304	3	2	0.000000
1305	3	2	0.000000
1306	3	2	0.000000
1307	3	2	0.000000
1308	3	2	0.000000
1309	3	2	0.000000
1310	3	2	0.000000
1311	3	2	0.000000
1312	2	0	0.000000
1313	2	2	0.000000
1314	2	2	0.000000
1315	2	2	0.000000
1316	2	2	0.000000
1317	2	2	0.000000
1318	2	2	0.000000
1319	2	2	0.000000
1320	2	2	0.000000
1321	1	2	0.000000
1322	1	2	0.000000
1323	1	2	0.000000
1324	1	2	0.000000
1325	1	2	0.000000
1326	1	2	0.000000
1327	1	2	0.000000
1328	1	0	0.000000
1329	1	2	0.000000
1330	1	2	0.000000
1331	2	2	0.000000
1332	2	2	0.000000
1333	2	2	0.000000
1334	2	2	0.000000
1335	1	2	0.000000
1336	1	2	0.000000
1337	1	2	0.000000
1338	1	2	0.000000
1339	1	2	0.000000
1340	1	2	0.000000
1341	1	2	0.000000
1342	1	2	0.000000
1343	1	2	0.000000
1344	1	2	0.000000
1345	1	2	0.000000
1346	1	2	0.000000
1347	1	2	0.000000
1348	1	2	0.000000
1349	1	0	0.000000
1350	2	2	0.000000
1351	1	2	0.000000
1352	1	2	0.000000
1353	2	1	0.000000
1354	2	2	0.000000
1355	2	2	0.000000
1356	2	2	0.000000
1357	2	2	0.000000
1358	2	2	0.000000
1359	2	2	0.000000
1360	2	2	0.000000
1361	2	2	0.000000
1362	2	2	0.000000
1363	2	2	0.000000
1364	2	2	0.000000
1365	2	2	0.000000
1366	2	2	0.000000
1367	2	2	0.000000
1368	2	2	0.000000
1369	2	2	0.000000
1370	2	2	0.000000
1371	2	2	0.000000
1372	2	0	0.000000
1373	2	2	0.000000
1374	2	2	0.000000
1375	2	2	0.000000
1376	2	2	0.000000
1377	2	2	0.000000
1378	2	2	0.000000
1379	2	2	0.000000
1380	3	2	0.000000
1381	3	2	0.000000
1382	3	2	0.000000
1383	3	2	0.000000
1384	3	2	0.000000
1385	3	2	0.000000
1386	3	2	0.000000
1387	3	2	0.000000
1388	3	2	0.000000
1389	3	2	0.000000
1390	3	2	0.000000
1391	4	1	0.000000
1392	4	0	0.000000
1393	4	0	0.000000
1394	4	0	0.000000
1395	4	0	0.000000
1396	4	2	0.000000
1397	4	0	0.000000
1398	4	0	0.000000
1399	4	0	0.000000
1400	4	1	0.000000
1401	4	0	0.000000
1402	4	0	0.000000
1403	4	0	0.000000
1404	4	0	0.000000
1405	3	2	0.000000
1406	3	0	0.000000
1407	3	2	0.000000
1408	3	2	0.000000
1409	3	2	0.000000
1410	3	0	0.000000
1411	3	2	0.000000
1412	3	2	0.000000
1413	3	2	0.000000
1414	2	2	0.000000
1415	3	2	0.000000
1416	3	2	0.000000
1417	3	2	0.000000
1418	3	2	0.000000
1419	3	2	0.000000
1420	3	2	0.000000
1421	3	2	0.000000
1422	3	2	0.000000
1423	3	2	0.000000
1424	3	2	0.000000
1425	3	2	0.000000
1426	3	2	0.000000
1427	3	2	0.000000
1428	3	2	0.000000
1429	3	2	0.000000
1430	3	2	0.000000
1431	3	2	0.000000
1432	3	2	0.000000
1433	3	2	0.000000
1434	3	2	0.000000
1435	3	2	0.000000
1436	3	2	0.000000
1437	3	2	0.000000
1438	3	2	0.000000
1439	3	2	0.000000
1440	3	2	0.000000
1441	4	0	0.000000
1442	4	0	0.000000
1443	4	0	0.000000
1444	4	0	0.000000
1445	4	0	0.000000
1446	4	0	0.000000
1447	4	0	0.000000
1448	4	0	0.000000
1449	4	0	0.000000
1450	4	0	0.000000
1451	4	0	0.000000
1452	4	0	0.000000
1453	4	0	0.000000
1454	4	0	0.000000
1455	4	0	0.000000
1456	4	0	0.000000
1457	3	2	0.000000
1458	3	2	0.000000
1459	3	1	0.000000
1460	3	2	0.000000
1461	3	2	0.000000
1462	3	2	0.000000
1463	3	2	0.000000
1464	3	2	0.000000
1465	3	2	0.000000
1466	3	2	0.000000
1467	3	2	0.000000
1468	3	2	0.000000
1469	3	2	0.000000
1470	3	2	0.000000
1471	3	2	0.000000
1472	3	2	0.000000
1473	4	2	0.000000
1474	3	2	0.000000
1475	4	0	0.000000
1476	4	0	0.000000
1477	4	1	0.000000
1478	4	0	0.000000
1479	4	0	0.000000
1480	4	0	0.000000
1481	4	0	0.000000
1482	4	0	0.000000
1483	4	0	0.000000
1484	4	0	0.000000
1485	4	0	0.000000
1486	4	0	0.000000
1487	3	2	0.000000
1488	3	2	0.000000
1489	2	2	0.000000
1490	2	2	0.000000
1491	2	2	0.000000
1492	2	1	0.000000
1493	2	2	0.000000
1494	2	2	0.000000
1495	2	2	0.000000
1496	2	1	0.000000
1497	2	2	0.000000
1498	2	2	0.000000
1499	2	2	0.000000
1500	2	2	0.000000
1501	2	2	0.000000
1502	2	2	0.000000
1503	2	2	0.000000
1504	2	2	0.000000
1505	2	2	0.000000
1506	2	2	0.000000
1507	2	0	0.000000
1508	2	2	0.000000
1509	2	2	0.000000
1510	2	2	0.000000
1511	2	2	0.000000
1512	2	2	0.000000
1513	1	2	0.000000
1514	1	2	0.000000
1515	1	1	0.000000
1516	1	2	0.000000
1517	1	2	0.000000
1518	1	2	0.000000
1519	1	2	0.000000
1520	1	0	0.000000
1521	1	2	0.000000
1522	1	0	0.000000
1523	1	2	0.000000
1524	1	2	0.000000
1525	1	2	0.000000
1526	1	2	0.000000
1527	1	2	0.000000
1528	1	2	0.000000
1529	1	2	0.000000
1530	1	2	0.000000
1531	1	2	0.000000
1532	1	2	0.000000
1533	1	2	0.000000
1534	1	0	0.000000
1535	1	2	0.000000
1536	1	2	0.000000
1537	1	2	0.000000
1538	1	2	0.000000
1539	1	0	0.000000
1540	1	2	0.000000
1541	1	2	0.000000
1542	1	0	0.000000
1543	1	2	0.000000
1544	1	2	0.000000
1545	1	1	0.000000
1546	1	1	0.000000
1547	1	2	0.000000
1548	1	2	0.000000
1549	1	2	0.000000
1550	1	0	0.000000
1551	1	2	0.000000
1552	1	2	0.000000
1553	1	2	0.000000
1554	1	2	0.000000
1555	1	2	0.000000
1556	1	2	0.000000
1557	1	2	0.000000
1558	1	2	0.000000
1559	1	2	0.000000
1560	1	2	0.000000
1561	1	2	0.000000
1562	1	2	0.000000
1563	1	2	0.000000
1564	1	2	0.000000
1565	1	2	0.000000
1566	1	2	0.000000
1567	1	2	0.000000
1568	1	2	0.000000
1569	1	2	0.000000
1570	1	2	0.000000
1571	1	2	0.000000
1572	1	2	0.000000
1573	1	2	0.000000
1574	1	2	0.000000
1575	1	2	0.000000
1576	1	2	0.000000
1577	1	2	0.000000
1578	1	2	0.000000
1579	1	2	0.000000
1580	1	2	0.000000
1581	1	2	0.000000
1582	1	0	0.000000
1583	1	1	0.000000
1584	1	2	0.000000
1585	1	2	0.000000
1586	1	2	0.000000
1587	1	2	0.000000
1588	1	2	0.000000
1589	1	2	0.000000
1590	1	2	0.000000
1591	1	2	0.000000
1592	1	2	0.000000
1593	1	2	0.000000
1594	1	2	0.000000
1595	1	2	0.000000
1596	1	2	0.000000
1597	1	2	0.000000
1598	1	2	0.000000
1599	1	2	0.000000
1600	1	0	0.000000
1601	1	1	0.000000
1602	1	2	0.000000
1603	1	2	0.000000
1604	1	2	0.000000
1605	1	1	0.000000
1606	1	0	0.000000
1607	1	2	0.000000
1608	1	2	0.000000
1609	1	2	0.000000
1610	1	2	0.000000
1611	1	2	0.000000
1612	1	2	0.000000
1613	1	2	0.000000
1614	1	2	0.000000
1615	1	2	0.000000
1616	1	2	0.000000
1617	1	2	0.000000
1618	1	2	0.000000
1619	1	2	0.000000
1620	1	1	0.000000
1621	1	2	0.000000
1622	1	2	0.000000
1623	1	2	0.000000
1624	1	2	0.000000
1625	1	2	0.000000
1626	1	2	0.000000
1627	1	2	0.000000
1628	1	2	0.000000
1629	1	2	0.000000
1630	1	2	0.000000
1631	1	1	0.000000
1632	1	2	0.000000
1633	1	2	0.000000
1634	1	2	0.000000
1635	1	2	0.000000
1636	1	2	0.000000
1637	1	2	0.000000
1638	1	2	0.000000
1639	1	0	0.000000
1640	1	2	0.000000
1641	1	2	0.000000
1642	1	2	0.000000
1643	1	2	0.000000
1644	1	2	0.000000
1645	1	2	0.000000
1646	1	1	0.000000
1647	1	2	0.000000
1648	1	2	0.000000
1649	1	2	0.000000
1650	1	2	0.000000
1651	1	2	0.000000
1652	1	2	0.000000
1653	1	2	0.000000
1654	1	2	0.000000
1655	1	1	0.000000
1656	1	2	0.000000
1657	1	1	0.000000
1658	1	2	0.000000
1659	1	2	0.000000
1660	1	2	0.000000
1661	1	2	0.000000
1662	1	2	0.000000
1663	1	2	0.000000
1664	1	2	0.000000
1665	1	2	0.000000
1666	1	2	0.000000
1667	1	2	0.000000
1668	1	2	0.000000
1669	1	2	0.000000
1670	1	0	0.000000
1671	1	2	0.000000
1672	1	2	0.000000
1673	1	2	0.000000
1674	1	2	0.000000
1675	1	2	0.000000
1676	1	2	0.000000
1677	1	2	0.000000
1678	1	2	0.000000
1679	1	2	0.000000
1680	1	2	0.000000
1681	1	2	0.000000
1682	1	2	0.000000
1683	1	2	0.000000
1684	1	2	0.000000
1685	1	2	0.000000
1686	1	2	0.000000
1687	1	2	0.000000
1688	1	2	0.000000
1689	1	2	0.000000
1690	1	2	0.000000
1691	1	2	0.000000
1692	1	2	0.000000
1693	1	2	0.000000
1694	1	2	0.000000
1695	1	2	0.000000
1696	1	2	0.000000
1697	1	2	0.000000
1698	1	2	0.000000
1699	1	0	0.000000
1700	1	2	0.000000
1701	1	2	0.000000
1702	1	2	0.000000
1703	1	0	0.000000
1704	1	2	0.000000
1705	1	2	0.000000
1706	1	0	0.000000
1707	1	2	0.000000
1708	1	1	0.000000
1709	1	2	0.000000
1710	1	2	0.000000
1711	1	2	0.000000
1712	1	2	0.000000
1713	1	2	0.000000
1714	1	2	0.000000
1715	1	0	0.000000
1716	1	2	0.000000
1717	1	2	0.000000
1718	1	2	0.000000
1719	1	2	0.000000
1720	1	2	0.000000
1721	1	2	0.000000
1722	1	2	0.000000
1723	1	2	0.000000
1724	1	2	0.000000
1725	1	2	0.000000
1726	1	2	0.000000
1727	1	2	0.000000
1728	1	2	0.000000
1729	1	2	0.000000
1730	1	2	0.000000
1731	1	2	0.000000
1732	1	2	0.000000
1733	1	2	0.000000
1734	1	2	0.000000
1735	1	2	0.000000
1736	1	2	0.000000
1737	1	2	0.000000
1738	1	2	0.000000
1739	1	2	0.000000
1740	1	2	0.000000
1741	1	2	0.000000
1742	1	2	0.000000
1743	1	2	0.000000
1744	1	2	0.000000
1745	1	2	0.000000
1746	1	2	0.000000
1747	1	2	0.000000
1748	1	2	0.000000
1749	1	2	0.000000
1750	1	2	0.000000
1751	1	2	0.000000
1752	1	2	0.000000
1753	1	2	0.000000
1754	1	1	0.000000
1755	1	2	0.000000
1756	1	2	0.000000
1757	1	2	0.000000
1758	1	2	0.000000
1759	1	2	0.000000
1760	1	2	0.000000
1761	1	2	0.000000
1762	1	2	0.000000
1763	1	2	0.000000
1764	1	2	0.000000
1765	1	2	0.000000
1766	1	2	0.000000
1767	1	2	0.000000
1768	1	2	0.000000
1769	1	2	0.000000
1770	1	2	0.000000
1771	1	2	0.000000
1772	1	2	0.000000
1773	1	2	0.000000
1774	1	2	0.000000
1775	1	1	0.000000
1776	1	2	0.000000
1777	2	2	0.000000
1778	2	2	0.000000
1779	2	2	0.000000
1780	2	2	0.000000
1781	2	2	0.000000
1782	2	2	0.000000
1783	2	2	0.000000
1784	2	2	0.000000
1785	2	2	0.000000
1786	1	2	0.000000
1787	1	2	0.000000
1788	2	2	0.000000
1789	2	1	0.000000
1790	2	2	0.000000
1791	2	2	0.000000
1792	2	2	0.000000
1793	2	2	0.000000
1794	2	2	0.000000
1795	2	2	0.000000
1796	2	2	0.000000
1797	2	2	0.000000
1798	2	2	0.000000
1799	2	2	0.000000
1800	2	2	0.000000
1801	2	2	0.000000
1802	3	1	0.000000
1803	3	2	0.000000
1804	3	2	0.000000
1805	3	2	0.000000
1806	3	1	0.000000
1807	3	2	0.000000
1808	3	2	0.000000
1809	4	0	0.000000
1810	4	0	0.000000
1811	4	0	0.000000
1812	4	0	0.000000
1813	4	0	0.000000
1814	4	0	0.000000
1815	4	0	0.000000
1816	4	0	0.000000
1817	4	0	0.000000
1818	4	0	0.000000
1819	4	0	0.000000
1820	4	0	0.000000
1821	4	0	0.000000
1822	4	0	0.000000
1823	4	0	0.000000
1824	3	2	0.000000
1825	3	2	0.000000
1826	3	2	0.000000
1827	3	2	0.000000
1828	3	0	0.000000
1829	3	2	0.000000
1830	3	2	0.000000
1831	3	2	0.000000
1832	3	2	0.000000
1833	3	2	0.000000
1834	3	2	0.000000
1835	3	2	0.000000
1836	3	2	0.000000
1837	4	0	0.000000
1838	4	0	0.000000
1839	4	0	0.000000
1840	4	0	0.000000
1841	4	0	0.000000
1842	4	0	0.000000
1843	5	0	0.000000
1844	5	1	0.000000
1845	5	2	0.000000
1846	5	1	0.000000
1847	5	1	0.000000
1848	5	1	0.000000
1849	5	1	0.000000
1850	5	1	0.000000
1851	5	1	0.000000
1852	5	0	0.000000
1853	5	0	0.000000
1854	5	1	0.000000
1855	5	1	0.000000
1856	5	1	0.000000
1857	5	1	0.000000
1858	5	1	0.000000
1859	5	1	0.000000
1860	5	1	0.000000
1861	5	1	0.000000
1862	5	1	0.000000
1863	5	1	0.000000
1864	5	1	0.000000
1865	5	1	0.000000
1866	5	1	0.000000
1867	5	1	0.000000
1868	5	1	0.000000
1869	5	1	0.000000
1870	5	1	0.000000
1871	5	1	0.000000
1872	5	1	0.000000
1873	5	1	0.000000
1874	5	1	0.000000
1875	5	1	0.000000
1876	5	1	0.000000
1877	5	1	0.000000
1878	5	2	0.000000
1879	5	1	0.000000
1880	5	1	0.000000
1881	5	1	0.000000
1882	5	1	0.000000
1883	5	1	0.000000
1884	5	1	0.000000
1885	5	1	0.000000
1886	5	1	0.000000
1887	5	1	0.000000
1888	5	1	0.000000
1889	5	1	0.000000
1890	5	1	0.000000
1891	5	1	0.000000
1892	5	1	0.000000
1893	5	1	0.000000
1894	5	1	0.000000
1895	5	1	0.000000
1896	5	1	0.000000
1897	5	1	0.000000
1898	5	2	0.000000
1899	5	1	0.000000
1900	5	1	0.000000
1901	5	1	0.000000
1902	5	1	0.000000
1903	5	1	0.000000
1904	5	1	0.000000
1905	5	1	0.000000
1906	5	1	0.000000
1907	5	1	0.000000
1908	5	1	0.000000
1909	5	2	0.000000
1910	5	1	0.000000
1911	5	1	0.000000
1912	5	1	0.000000
1913	5	1	0.000000
1914	5	1	0.000000
1915	6	1	0.000000
1916	5	0	0.000000
1917	5	1	0.000000
1918	5	1	0.000000
1919	5	1	0.000000
1920	5	1	0.000000
1921	5	1	0.000000
1922	5	1	0.000000
1923	5	1	0.000000
1924	5	1	0.000000
1925	5	2	0.000000
1926	5	1	0.000000
1927	5	1	0.000000
1928	5	1	0.000000
1929	5	1	0.000000
1930	5	1	0.000000
1931	5	1	0.000000
1932	5	0	0.000000
1933	5	1	0.000000
1934	5	0	0.000000
1935	5	1	0.000000
1936	5	1	0.000000
1937	5	1	0.000000
1938	5	1	0.000000
1939	5	1	0.000000
1940	5	1	0.000000
1941	5	1	0.000000
1942	5	1	0.000000
1943	5	1	0.000000
1944	5	1	0.000000
1945	5	1	0.000000
1946	5	1	0.000000
1947	5	1	0.000000
1948	5	1	0.000000
1949	5	1	0.000000
1950	5	1	0.000000
1951	5	1	0.000000
1952	5	1	0.000000
1953	5	1	0.000000
1954	5	1	0.000000
1955	5	1	0.000000
1956	5	1	0.000000
1957	5	1	0.000000
1958	5	1	0.000000
1959	5	1	0.000000
1960	5	1	0.000000
1961	5	1	0.000000
1962	5	0	0.000000
1963	5	1	0.000000
1964	5	1	0.000000
1965	5	1	0.000000
1966	5	1	0.000000
1967	5	1	0.000000
1968	5	1	0.000000
1969	5	1	0.000000
1970	5	0	0.000000
1971	5	1	0.000000
1972	5	1	0.000000
1973	5	1	0.000000
1974	5	1	0.000000
1975	5	1	0.000000
1976	5	1	0.000000
1977	5	1	0.000000
1978	5	1	0.000000
1979	5	1	0.000000
1980	6	1	0.000000
1981	6	1	0.000000
1982	5	1	0.000000
1983	5	1	0.000000
1984	5	1	0.000000
1985	5	1	0.000000
1986	5	1	0.000000
1987	5	1	0.000000
1988	5	1	0.000000
1989	5	2	0.000000
1990	5	0	0.000000
1991	5	1	0.000000
1992	5	1	0.000000
1993	5	1	0.000000
1994	5	1	0.000000
1995	5	1	0.000000
1996	6	1	0.000000
1997	6	1	0.000000
1998	6	1	0.000000
1999	6	1	0.000000
2000	6	1	0.000000
2001	6	1	0.000000
2002	5	1	0.000000
2003	6	1	0.000000
2004	5	1	0.000000
2005	5	1	0.000000
2006	5	1	0.000000
2007	5	1	0.000000
2008	5	0	0.000000
2009	5	1	0.000000
2010	5	2	0.000000
2011	5	1	0.000000
2012	5	1	0.000000
2013	5	1	0.000000
2014	5	1	0.000000
2015	5	1	0.000000
2016	5	1	0.000000
2017	5	1	0.000000
2018	5	1	0.000000
2019	5	1	0.000000
2020	5	1	0.000000
2021	5	1	0.000000
2022	5	1	0.000000
2023	5	1	0.000000
2024	5	0	0.000000
2025	5	1	0.000000
2026	5	1	0.000000
2027	5	2	0.000000
2028	5	1	0.000000
2029	5	1	0.000000
2030	5	1	0.000000
2031	5	1	0.000000
2032	5	1	0.000000
2033	5	0	0.000000
2034	5	2	0.000000
2035	5	1	0.000000
2036	5	1	0.000000
2037	5	1	0.000000
2038	5	1	0.000000
2039	5	1	0.000000
2040	5	1	0.000000
2041	5	1	0.000000
2042	5	1	0.000000
2043	5	0	0.000000
2044	5	1	0.000000
2045	5	1	0.000000
2046	5	1	0.000000
2047	5	1	0.000000
2048	5	1	0.000000
2049	5	1	0.000000
2050	5	1	0.000000
2051	5	1	0.000000
2052	5	1	0.000000
2053	5	1	0.000000
2054	5	1	0.000000
2055	5	1	0.000000
2056	5	1	0.000000
2057	5	1	0.000000
2058	5	1	0.000000
2059	5	1	0.000000
2060	5	1	0.000000
2061	5	1	0.000000
2062	5	1	0.000000
2063	5	1	0.000000
2064	5	1	0.000000
2065	5	1	0.000000
2066	5	1	0.000000
2067	5	1	0.000000
2068	5	1	0.000000
2069	5	0	0.000000
2070	5	1	0.000000
2071	5	1	0.000000
2072	5	1	0.000000
2073	5	1	0.000000
2074	5	1	0.000000
2075	5	1	0.000000
2076	5	1	0.000000
2077	5	1	0.000000
2078	5	1	0.000000
2079	5	1	0.000000
2080	5	1	0.000000
2081	5	1	0.000000
2082	5	1	0.000000
2083	5	1	0.000000
2084	5	1	0.000000
2085	5	0	0.000000
2086	5	1	0.000000
2087	5	1	0.000000
2088	5	1	0.000000
2089	5	1	0.000000
2090	5	1	0.000000
2091	5	1	0.000000
2092	5	1	0.000000
2093	5	1	0.000000
2094	5	1	0.000000
2095	5	1	0.000000
2096	5	1	0.000000
2097	5	1	0.000000
2098	5	1	0.000000
2099	5	1	0.000000
2100	5	1	0.000000
2101	5	1	0.000000
2102	5	1	0.000000
2103	5	1	0.000000
2104	5	1	0.000000
2105	5	1	0.000000
2106	5	1	0.000000
2107	5	1	0.000000
2108	5	1	0.000000
2109	5	1	0.000000
2110	5	1	0.000000
2111	5	1	0.000000
2112	5	1	0.000000
2113	5	1	0.000000
2114	5	1	0.000000
2115	5	1	0.000000
2116	5	1	0.000000
2117	5	1	0.000000
2118	5	2	0.000000
2119	5	1	0.000000
2120	5	1	0.000000
2121	5	1	0.000000
2122	5	1	0.000000
2123	5	1	0.000000
2124	5	1	0.000000
2125	5	1	0.000000
2126	5	1	0.000000
2127	5	1	0.000000
2128	5	1	0.000000
2129	5	1	0.000000
2130	5	1	0.000000
2131	5	1	0.000000
2132	5	1	0.000000
2133	5	1	0.000000
2134	5	1	0.000000
2135	5	1	0.000000
2136	5	0	0.000000
2137	5	1	0.000000
2138	5	1	0.000000
2139	5	1	0.000000
2140	5	1	0.000000
2141	5	1	0.000000
2142	5	1	0.000000
2143	5	1	0.000000
2144	5	1	0.000000
2145	5	1	0.000000
2146	5	1	0.000000
2147	5	1	0.000000
2148	5	1	0.000000
2149	5	1	0.000000
2150	4	0	0.000000
2151	5	1	0.000000
2152	4	0	0.000000
2153	4	0	0.000000
2154	4	0	0.000000
2155	4	0	0.000000
2156	4	0	0.000000
2157	4	0	0.000000
2158	4	0	0.000000
2159	4	0	0.000000
2160	5	1	0.000000
2161	4	0	0.000000
2162	4	0	0.000000
2163	4	1	0.000000
2164	4	0	0.000000
2165	4	2	0.000000
2166	4	2	0.000000
2167	4	0	0.000000
2168	4	0	0.000000
2169	4	0	0.000000
2170	4	0	0.000000
2171	4	1	0.000000
2172	4	2	0.000000
2173	4	0	0.000000
2174	4	0	0.000000
2175	4	0	0.000000
2176	4	0	0.000000
2177	4	0	0.000000
2178	4	0	0.000000
2179	4	0	0.000000
2180	4	0	0.000000
2181	4	0	0.000000
2182	4	0	0.000000
2183	4	0	0.000000
2184	4	2	0.000000
2185	4	1	0.000000
2186	4	0	0.000000
2187	4	2	0.000000
2188	4	0	0.000000
2189	4	0	0.000000
2190	4	0	0.000000
2191	4	1	0.000000
2192	4	0	0.000000
2193	4	0	0.000000
2194	4	0	0.000000
2195	4	0	0.000000
2196	4	0	0.000000
2197	4	0	0.000000
2198	4	0	0.000000
2199	4	0	0.000000
2200	4	0	0.000000
2201	4	0	0.000000
2202	4	0	0.000000
2203	4	0	0.000000
2204	4	0	0.000000
2205	4	0	0.000000
2206	4	0	0.000000
2207	4	0	0.000000
2208	4	0	0.000000
2209	4	0	0.000000
2210	4	0	0.000000
2211	4	0	0.000000
2212	4	0	0.000000
2213	4	0	0.000000
2214	4	0	0.000000
2215	4	0	0.000000
2216	4	0	0.000000
2217	4	1	0.000000
2218	4	0	0.000000
2219	4	0	0.000000
2220	4	0	0.000000
2221	4	0	0.000000
2222	4	0	0.000000
2223	4	0	0.000000
2224	4	0	0.000000
2225	4	0	0.000000
2226	4	0	0.000000
2227	4	0	0.000000
2228	4	0	0.000000
2229	4	0	0.000000
2230	4	0	0.000000
2231	4	0	0.000000
2232	4	0	0.000000
2233	4	0	0.000000
2234	4	0	0.000000
2235	4	0	0.000000
2236	4	0	0.000000
2237	4	0	0.000000
2238	4	0	0.000000
2239	4	0	0.000000
2240	4	0	0.000000
2241	4	0	0.000000
2242	4	0	0.000000
2243	4	0	0.000000
2244	4	0	0.000000
2245	4	0	0.000000
2246	4	0	0.000000
2247	4	0	0.000000
2248	4	0	0.000000
2249	4	0	0.000000
2250	4	0	0.000000
2251	4	0	0.000000
2252	4	0	0.000000
2253	4	0	0.000000
2254	4	0	0.000000
2255	4	2	0.000000
2256	4	1	0.000000
2257	4	0	0.000000
2258	4	0	0.000000
2259	5	1	0.000000
2260	4	0	0.000000
2261	5	1	0.000000
2262	4	0	0.000000
2263	5	1	0.000000
2264	5	1	0.000000
2265	5	1	0.000000
2266	5	0	0.000000
2267	5	1	0.000000
2268	5	1	0.000000
2269	5	1	0.000000
2270	5	1	0.000000
2271	5	1	0.000000
2272	5	1	0.000000
2273	5	1	0.000000
2274	5	1	0.000000
2275	5	1	0.000000
2276	5	1	0.000000
2277	5	1	0.000000
2278	5	1	0.000000
2279	5	1	0.000000
2280	5	1	0.000000
2281	5	1	0.000000
2282	5	1	0.000000
2283	5	2	0.000000
2284	5	1	0.000000
2285	5	1	0.000000
2286	5	1	0.000000
2287	5	1	0.000000
2288	5	1	0.000000
2289	5	1	0.000000
2290	5	1	0.000000
2291	5	1	0.000000
2292	5	1	0.000000
2293	5	0	0.000000
2294	5	1	0.000000
2295	5	1	0.000000
2296	5	1	0.000000
2297	5	2	0.000000
2298	5	1	0.000000
2299	5	1	0.000000
2300	5	1	0.000000
2301	5	1	0.000000
2302	5	1	0.000000
2303	5	1	0.000000
2304	5	1	0.000000
2305	5	1	0.000000
2306	5	1	0.000000
2307	5	1	0.000000
2308	5	1	0.000000
2309	5	1	0.000000
2310	5	1	0.000000
2311	5	1	0.000000
2312	5	1	0.000000
2313	4	0	0.000000
2314	5	1	0.000000
2315	5	1	0.000000
2316	4	0	0.000000
2317	4	0	0.000000
2318	4	0	0.000000
2319	4	0	0.000000
2320	4	0	0.000000
2321	3	2	0.000000
2322	3	2	0.000000
2323	3	2	0.000000
2324	3	2	0.000000
2325	2	2	0.000000
2326	2	0	0.000000
2327	2	2	0.000000
2328	2	2	0.000000
2329	2	2	0.000000
2330	2	2	0.000000
2331	2	2	0.000000
2332	2	2	0.000000
2333	2	2	0.000000
2334	2	2	0.000000
2335	2	2	0.000000
2336	1	2	0.000000
2337	1	2	0.000000
2338	1	2	0.000000
2339	1	2	0.000000
2340	1	2	0.000000
2341	1	2	0.000000
2342	1	2	0.000000
2343	1	2	0.000000
2344	1	2	0.000000
2345	2	2	0.000000
2346	1	2	0.000000
2347	1	2	0.000000
2348	1	2	0.000000
2349	1	2	0.000000
2350	1	2	0.000000
2351	1	2	0.000000
2352	1	2	0.000000
2353	1	0	0.000000
2354	1	2	0.000000
2355	1	2	0.000000
2356	1	2	0.000000
2357	1	2	0.000000
2358	1	2	0.000000
2359	1	2	0.000000
2360	2	2	0.000000
2361	2	2	0.000000
2362	2	2	0.000000
2363	2	2	0.000000
2364	2	2	0.000000
2365	2	2	0.000000
2366	1	2	0.000000
2367	1	2	0.000000
2368	1	2	0.000000
2369	1	2	0.000000
2370	1	2	0.000000
2371	1	2	0.000000
2372	1	2	0.000000
2373	1	2	0.000000
2374	1	2	0.000000
2375	1	0	0.000000
2376	1	2	0.000000
2377	1	2	0.000000
2378	1	2	0.000000
2379	1	2	0.000000
2380	1	2	0.000000
2381	1	2	0.000000
2382	1	2	0.000000
2383	1	2	0.000000
2384	1	2	0.000000
2385	1	2	0.000000
2386	1	2	0.000000
2387	1	2	0.000000
2388	1	2	0.000000
2389	1	0	0.000000
2390	1	2	0.000000
2391	1	2	0.000000
2392	1	2	0.000000
2393	1	2	0.000000
2394	1	2	0.000000
2395	1	2	0.000000
2396	1	1	0.000000
2397	1	2	0.000000
2398	2	2	0.000000
2399	2	2	0.000000
2400	2	0	0.000000
2401	2	2	0.000000
2402	2	0	0.000000
2403	2	1	0.000000
2404	2	2	0.000000
2405	2	2	0.000000
2406	2	2	0.000000
2407	2	2	0.000000
2408	2	2	0.000000
2409	2	2	0.000000
2410	2	2	0.000000
2411	3	2	0.000000
2412	3	2	0.000000
2413	3	2	0.000000
2414	3	2	0.000000
2415	3	2	0.000000
2416	3	2	0.000000
2417	3	2	0.000000
2418	4	0	0.000000
2419	4	0	0.000000
2420	4	0	0.000000
2421	4	0	0.000000
2422	5	1	600.000000
2423	0	0	0.000000
