StartTime	2015/09/23 14:58:24
FinishTime	2015/09/23 14:59:33
ElapsedTime	69.000000
/home/daisuke/git/ReinforcementLearning/log/EV3LineTracer_20150923141747_10Setting_20150923141748.log
0	1.000000
1	0.062500	0.937500
2	0.937500	0.062500
3	0.937500	0.062500
4	0.062500	0.937500
5	0.062500	0.937500
6	0.937500	0.062500
970
0	2	0	0.000000
1	2	0	0.000000
2	2	0	0.000000
3	2	0	0.000000
4	2	0	0.000000
5	2	0	0.000000
6	2	0	0.000000
7	2	1	0.000000
8	2	0	0.000000
9	2	1	0.000000
10	2	1	0.000000
11	2	0	0.000000
12	3	0	0.000000
13	3	0	0.000000
14	3	0	0.000000
15	3	0	0.000000
16	3	0	0.000000
17	3	0	0.000000
18	3	0	0.000000
19	3	0	0.000000
20	3	0	0.000000
21	3	0	0.000000
22	3	1	0.000000
23	3	0	0.000000
24	4	1	0.000000
25	4	1	0.000000
26	4	0	0.000000
27	4	1	0.000000
28	4	1	0.000000
29	4	1	0.000000
30	4	1	0.000000
31	4	1	0.000000
32	4	1	0.000000
33	4	1	0.000000
34	4	1	0.000000
35	4	1	0.000000
36	4	1	0.000000
37	3	0	0.000000
38	3	0	0.000000
39	3	0	0.000000
40	3	0	0.000000
41	3	0	0.000000
42	3	0	0.000000
43	4	0	0.000000
44	4	1	0.000000
45	4	1	0.000000
46	4	1	0.000000
47	4	1	0.000000
48	4	1	0.000000
49	4	1	0.000000
50	4	1	0.000000
51	5	1	0.000000
52	5	1	0.000000
53	5	1	0.000000
54	5	1	0.000000
55	5	1	0.000000
56	5	1	0.000000
57	5	1	0.000000
58	4	1	0.000000
59	4	1	0.000000
60	4	1	0.000000
61	4	1	0.000000
62	4	1	0.000000
63	4	1	0.000000
64	4	0	0.000000
65	4	1	0.000000
66	3	0	0.000000
67	3	0	0.000000
68	2	0	0.000000
69	2	0	0.000000
70	2	0	0.000000
71	2	0	0.000000
72	2	0	0.000000
73	2	0	0.000000
74	2	0	0.000000
75	2	0	0.000000
76	2	0	0.000000
77	3	0	0.000000
78	3	0	0.000000
79	3	0	0.000000
80	3	0	0.000000
81	3	0	0.000000
82	3	0	0.000000
83	4	1	0.000000
84	4	1	0.000000
85	4	1	0.000000
86	5	1	0.000000
87	5	1	0.000000
88	5	1	0.000000
89	5	1	0.000000
90	5	1	0.000000
91	5	1	0.000000
92	5	1	0.000000
93	5	0	0.000000
94	4	1	0.000000
95	4	1	0.000000
96	4	1	0.000000
97	3	0	0.000000
98	3	0	0.000000
99	3	0	0.000000
100	3	1	0.000000
101	3	0	0.000000
102	2	0	0.000000
103	2	0	0.000000
104	2	0	0.000000
105	3	0	0.000000
106	3	0	0.000000
107	3	0	0.000000
108	3	0	0.000000
109	3	0	0.000000
110	3	0	0.000000
111	3	0	0.000000
112	3	0	0.000000
113	3	0	0.000000
114	4	1	0.000000
115	4	1	0.000000
116	4	1	0.000000
117	4	1	0.000000
118	4	1	0.000000
119	4	1	0.000000
120	4	1	0.000000
121	4	1	0.000000
122	4	1	0.000000
123	4	1	0.000000
124	4	1	0.000000
125	4	1	0.000000
126	4	1	0.000000
127	3	0	0.000000
128	3	1	0.000000
129	3	0	0.000000
130	3	0	0.000000
131	3	0	0.000000
132	3	0	0.000000
133	3	0	0.000000
134	3	0	0.000000
135	3	0	0.000000
136	3	0	0.000000
137	3	0	0.000000
138	3	0	0.000000
139	4	1	0.000000
140	4	1	0.000000
141	4	1	0.000000
142	4	1	0.000000
143	4	1	0.000000
144	4	0	0.000000
145	4	1	0.000000
146	4	1	0.000000
147	4	1	0.000000
148	4	1	0.000000
149	4	1	0.000000
150	4	1	0.000000
151	4	1	0.000000
152	4	1	0.000000
153	4	1	0.000000
154	4	0	0.000000
155	4	1	0.000000
156	4	1	0.000000
157	3	0	0.000000
158	3	0	0.000000
159	3	0	0.000000
160	3	0	0.000000
161	3	0	0.000000
162	3	0	0.000000
163	3	0	0.000000
164	3	0	0.000000
165	3	0	0.000000
166	3	0	0.000000
167	3	1	0.000000
168	4	1	0.000000
169	4	1	0.000000
170	4	1	0.000000
171	4	1	0.000000
172	4	1	0.000000
173	4	1	0.000000
174	4	1	0.000000
175	4	1	0.000000
176	4	1	0.000000
177	4	1	0.000000
178	4	1	0.000000
179	3	0	0.000000
180	3	0	0.000000
181	3	0	0.000000
182	3	0	0.000000
183	3	0	0.000000
184	3	0	0.000000
185	3	0	0.000000
186	3	0	0.000000
187	3	0	0.000000
188	3	0	0.000000
189	3	0	0.000000
190	3	0	0.000000
191	4	1	0.000000
192	4	1	0.000000
193	4	1	0.000000
194	4	1	0.000000
195	4	0	0.000000
196	4	1	0.000000
197	4	1	0.000000
198	4	0	0.000000
199	4	1	0.000000
200	4	1	0.000000
201	4	1	0.000000
202	4	1	0.000000
203	4	1	0.000000
204	4	1	0.000000
205	4	1	0.000000
206	3	0	0.000000
207	3	0	0.000000
208	3	0	0.000000
209	3	0	0.000000
210	3	0	0.000000
211	3	0	0.000000
212	3	0	0.000000
213	3	0	0.000000
214	3	0	0.000000
215	3	1	0.000000
216	3	0	0.000000
217	4	1	0.000000
218	4	1	0.000000
219	4	1	0.000000
220	4	1	0.000000
221	4	1	0.000000
222	4	1	0.000000
223	4	0	0.000000
224	4	1	0.000000
225	4	1	0.000000
226	4	0	0.000000
227	4	1	0.000000
228	3	0	0.000000
229	3	0	0.000000
230	3	0	0.000000
231	3	0	0.000000
232	3	0	0.000000
233	3	0	0.000000
234	3	0	0.000000
235	3	0	0.000000
236	3	0	0.000000
237	4	1	0.000000
238	4	1	0.000000
239	4	1	0.000000
240	4	1	0.000000
241	4	1	0.000000
242	4	1	0.000000
243	4	0	0.000000
244	4	1	0.000000
245	4	1	0.000000
246	4	1	0.000000
247	4	1	0.000000
248	3	0	0.000000
249	3	0	0.000000
250	3	0	0.000000
251	3	0	0.000000
252	3	0	0.000000
253	3	0	0.000000
254	3	0	0.000000
255	3	0	0.000000
256	3	0	0.000000
257	3	1	0.000000
258	4	1	0.000000
259	4	1	0.000000
260	4	1	0.000000
261	4	1	0.000000
262	4	1	0.000000
263	4	1	0.000000
264	4	1	0.000000
265	4	1	0.000000
266	4	1	0.000000
267	4	1	0.000000
268	4	1	0.000000
269	4	1	0.000000
270	3	0	0.000000
271	3	0	0.000000
272	3	0	0.000000
273	3	0	0.000000
274	3	0	0.000000
275	3	0	0.000000
276	3	0	0.000000
277	3	0	0.000000
278	3	0	0.000000
279	3	0	0.000000
280	3	0	0.000000
281	3	1	0.000000
282	3	0	0.000000
283	4	1	0.000000
284	4	1	0.000000
285	4	1	0.000000
286	4	1	0.000000
287	4	0	0.000000
288	4	1	0.000000
289	4	1	0.000000
290	4	1	0.000000
291	4	1	0.000000
292	4	1	0.000000
293	4	1	0.000000
294	3	0	0.000000
295	3	1	0.000000
296	3	0	0.000000
297	3	0	0.000000
298	3	1	0.000000
299	3	0	0.000000
300	3	0	0.000000
301	3	0	0.000000
302	3	0	0.000000
303	3	0	0.000000
304	3	0	0.000000
305	3	0	0.000000
306	3	0	0.000000
307	3	0	0.000000
308	4	1	0.000000
309	4	1	0.000000
310	4	1	0.000000
311	4	1	0.000000
312	4	1	0.000000
313	4	1	0.000000
314	4	1	0.000000
315	4	1	0.000000
316	4	1	0.000000
317	4	1	0.000000
318	4	1	0.000000
319	3	0	0.000000
320	3	0	0.000000
321	3	0	0.000000
322	3	0	0.000000
323	3	0	0.000000
324	3	0	0.000000
325	3	0	0.000000
326	3	0	0.000000
327	3	0	0.000000
328	3	0	0.000000
329	4	1	0.000000
330	4	1	0.000000
331	4	1	0.000000
332	4	1	0.000000
333	4	1	0.000000
334	4	1	0.000000
335	4	1	0.000000
336	4	1	0.000000
337	4	1	0.000000
338	4	1	0.000000
339	4	1	0.000000
340	3	0	0.000000
341	3	0	0.000000
342	3	0	0.000000
343	3	0	0.000000
344	3	0	0.000000
345	3	0	0.000000
346	3	0	0.000000
347	3	0	0.000000
348	3	0	0.000000
349	3	0	0.000000
350	3	0	0.000000
351	4	1	0.000000
352	4	1	0.000000
353	4	1	0.000000
354	4	1	0.000000
355	4	0	0.000000
356	4	1	0.000000
357	4	1	0.000000
358	4	1	0.000000
359	4	1	0.000000
360	4	1	0.000000
361	4	1	0.000000
362	3	0	0.000000
363	3	0	0.000000
364	3	0	0.000000
365	3	0	0.000000
366	3	0	0.000000
367	2	0	0.000000
368	2	0	0.000000
369	3	0	0.000000
370	3	0	0.000000
371	3	0	0.000000
372	3	0	0.000000
373	4	1	0.000000
374	4	1	0.000000
375	4	1	0.000000
376	4	1	0.000000
377	4	1	0.000000
378	4	1	0.000000
379	4	1	0.000000
380	4	1	0.000000
381	4	1	0.000000
382	4	1	0.000000
383	4	1	0.000000
384	3	0	0.000000
385	3	0	0.000000
386	3	0	0.000000
387	3	0	0.000000
388	3	0	0.000000
389	3	0	0.000000
390	2	0	0.000000
391	3	0	0.000000
392	3	0	0.000000
393	3	0	0.000000
394	3	1	0.000000
395	4	1	0.000000
396	4	1	0.000000
397	4	1	0.000000
398	4	1	0.000000
399	4	1	0.000000
400	4	1	0.000000
401	4	1	0.000000
402	4	1	0.000000
403	3	0	0.000000
404	3	0	0.000000
405	3	0	0.000000
406	3	0	0.000000
407	3	0	0.000000
408	3	0	0.000000
409	3	1	0.000000
410	3	0	0.000000
411	3	0	0.000000
412	3	0	0.000000
413	3	0	0.000000
414	4	1	0.000000
415	4	1	0.000000
416	4	1	0.000000
417	4	1	0.000000
418	4	1	0.000000
419	4	1	0.000000
420	4	1	0.000000
421	4	1	0.000000
422	4	1	0.000000
423	4	1	0.000000
424	3	0	0.000000
425	3	0	0.000000
426	3	0	0.000000
427	3	1	0.000000
428	2	0	0.000000
429	2	0	0.000000
430	2	0	0.000000
431	2	0	0.000000
432	2	0	0.000000
433	2	0	0.000000
434	3	0	0.000000
435	3	0	0.000000
436	3	0	0.000000
437	3	0	0.000000
438	3	0	0.000000
439	3	0	0.000000
440	4	1	0.000000
441	4	1	0.000000
442	4	1	0.000000
443	4	1	0.000000
444	4	1	0.000000
445	4	1	0.000000
446	4	1	0.000000
447	4	1	0.000000
448	4	1	0.000000
449	4	1	0.000000
450	4	1	0.000000
451	4	1	0.000000
452	4	1	0.000000
453	4	0	0.000000
454	4	0	0.000000
455	4	1	0.000000
456	4	1	0.000000
457	4	1	0.000000
458	4	1	0.000000
459	4	1	0.000000
460	4	1	0.000000
461	4	1	0.000000
462	4	1	0.000000
463	4	1	0.000000
464	4	1	0.000000
465	4	1	0.000000
466	4	1	0.000000
467	3	0	0.000000
468	3	0	0.000000
469	3	0	0.000000
470	3	0	0.000000
471	3	0	0.000000
472	3	0	0.000000
473	3	0	0.000000
474	3	0	0.000000
475	3	0	0.000000
476	4	1	0.000000
477	4	1	0.000000
478	4	1	0.000000
479	5	1	0.000000
480	5	1	0.000000
481	5	1	0.000000
482	5	1	0.000000
483	5	1	0.000000
484	5	1	0.000000
485	5	1	0.000000
486	4	1	0.000000
487	4	1	0.000000
488	4	1	0.000000
489	4	1	0.000000
490	4	1	0.000000
491	4	1	0.000000
492	4	1	0.000000
493	4	1	0.000000
494	4	1	0.000000
495	4	1	0.000000
496	4	1	0.000000
497	4	1	0.000000
498	4	1	0.000000
499	4	1	0.000000
500	4	1	0.000000
501	4	1	0.000000
502	3	0	0.000000
503	3	0	0.000000
504	3	0	0.000000
505	3	0	0.000000
506	3	0	0.000000
507	3	0	0.000000
508	3	0	0.000000
509	3	0	0.000000
510	3	0	0.000000
511	3	0	0.000000
512	3	0	0.000000
513	4	1	0.000000
514	4	1	0.000000
515	4	1	0.000000
516	4	1	0.000000
517	5	1	0.000000
518	5	1	0.000000
519	5	1	0.000000
520	5	1	0.000000
521	4	1	0.000000
522	4	1	0.000000
523	4	1	0.000000
524	4	1	0.000000
525	4	1	0.000000
526	4	1	0.000000
527	4	1	0.000000
528	4	1	0.000000
529	4	1	0.000000
530	3	0	0.000000
531	3	0	0.000000
532	3	0	0.000000
533	3	0	0.000000
534	3	0	0.000000
535	3	0	0.000000
536	3	0	0.000000
537	3	0	0.000000
538	3	0	0.000000
539	3	0	0.000000
540	4	1	0.000000
541	4	1	0.000000
542	4	1	0.000000
543	4	1	0.000000
544	4	1	0.000000
545	5	1	0.000000
546	5	1	0.000000
547	5	1	0.000000
548	4	1	0.000000
549	4	0	0.000000
550	4	1	0.000000
551	4	1	0.000000
552	4	1	0.000000
553	4	1	0.000000
554	4	1	0.000000
555	4	1	0.000000
556	4	1	0.000000
557	4	1	0.000000
558	4	1	0.000000
559	3	0	0.000000
560	3	0	0.000000
561	3	0	0.000000
562	3	0	0.000000
563	3	0	0.000000
564	3	1	0.000000
565	3	0	0.000000
566	3	0	0.000000
567	3	0	0.000000
568	3	0	0.000000
569	3	0	0.000000
570	3	0	0.000000
571	4	1	0.000000
572	4	1	0.000000
573	4	1	0.000000
574	4	1	0.000000
575	4	1	0.000000
576	4	1	0.000000
577	4	0	0.000000
578	4	1	0.000000
579	4	1	0.000000
580	4	1	0.000000
581	3	0	0.000000
582	3	0	0.000000
583	3	0	0.000000
584	3	0	0.000000
585	3	0	0.000000
586	3	0	0.000000
587	3	0	0.000000
588	3	0	0.000000
589	4	1	0.000000
590	4	1	0.000000
591	4	1	0.000000
592	5	1	0.000000
593	5	1	0.000000
594	5	1	0.000000
595	5	1	0.000000
596	5	1	0.000000
597	5	1	0.000000
598	4	1	0.000000
599	4	1	0.000000
600	4	1	0.000000
601	4	1	0.000000
602	4	1	0.000000
603	4	1	0.000000
604	4	1	0.000000
605	3	0	0.000000
606	3	0	0.000000
607	3	0	0.000000
608	3	0	0.000000
609	3	0	0.000000
610	3	0	0.000000
611	3	0	0.000000
612	3	0	0.000000
613	3	0	0.000000
614	3	0	0.000000
615	3	0	0.000000
616	4	1	0.000000
617	4	1	0.000000
618	4	1	0.000000
619	4	1	0.000000
620	4	1	0.000000
621	4	1	0.000000
622	4	1	0.000000
623	4	1	0.000000
624	4	1	0.000000
625	4	1	0.000000
626	4	0	0.000000
627	3	1	0.000000
628	3	0	0.000000
629	3	0	0.000000
630	3	0	0.000000
631	3	0	0.000000
632	3	0	0.000000
633	3	0	0.000000
634	3	0	0.000000
635	3	0	0.000000
636	3	0	0.000000
637	3	0	0.000000
638	3	0	0.000000
639	4	1	0.000000
640	4	0	0.000000
641	4	1	0.000000
642	4	1	0.000000
643	4	1	0.000000
644	5	1	0.000000
645	5	1	0.000000
646	5	1	0.000000
647	5	1	0.000000
648	5	1	0.000000
649	4	1	0.000000
650	4	1	0.000000
651	4	1	0.000000
652	4	1	0.000000
653	4	1	0.000000
654	4	1	0.000000
655	4	1	0.000000
656	4	1	0.000000
657	4	1	0.000000
658	4	1	0.000000
659	3	0	0.000000
660	3	0	0.000000
661	3	0	0.000000
662	3	0	0.000000
663	3	0	0.000000
664	3	0	0.000000
665	3	0	0.000000
666	2	0	0.000000
667	2	0	0.000000
668	2	0	0.000000
669	2	0	0.000000
670	3	0	0.000000
671	3	0	0.000000
672	3	0	0.000000
673	4	1	0.000000
674	4	1	0.000000
675	4	1	0.000000
676	4	1	0.000000
677	4	1	0.000000
678	4	1	0.000000
679	4	1	0.000000
680	4	0	0.000000
681	4	1	0.000000
682	4	1	0.000000
683	4	1	0.000000
684	4	1	0.000000
685	3	0	0.000000
686	3	0	0.000000
687	3	0	0.000000
688	3	0	0.000000
689	3	0	0.000000
690	3	0	0.000000
691	3	0	0.000000
692	3	0	0.000000
693	3	0	0.000000
694	3	0	0.000000
695	4	1	0.000000
696	4	1	0.000000
697	4	1	0.000000
698	5	1	0.000000
699	5	1	0.000000
700	5	1	0.000000
701	5	1	0.000000
702	5	1	0.000000
703	5	0	0.000000
704	5	1	0.000000
705	5	0	0.000000
706	5	1	0.000000
707	5	1	0.000000
708	5	0	0.000000
709	5	1	0.000000
710	5	1	0.000000
711	5	1	0.000000
712	5	1	0.000000
713	5	1	0.000000
714	5	1	0.000000
715	5	1	0.000000
716	5	1	0.000000
717	5	1	0.000000
718	5	1	0.000000
719	6	0	0.000000
720	6	0	0.000000
721	6	0	0.000000
722	6	0	0.000000
723	6	0	0.000000
724	6	0	0.000000
725	6	0	0.000000
726	6	0	0.000000
727	6	0	0.000000
728	5	1	0.000000
729	6	0	0.000000
730	6	0	0.000000
731	5	1	0.000000
732	5	1	0.000000
733	5	1	0.000000
734	6	0	0.000000
735	6	0	0.000000
736	6	0	0.000000
737	6	1	0.000000
738	6	0	0.000000
739	6	0	0.000000
740	6	0	0.000000
741	6	1	0.000000
742	6	0	0.000000
743	6	0	0.000000
744	6	0	0.000000
745	6	0	0.000000
746	6	0	0.000000
747	6	0	0.000000
748	5	1	0.000000
749	5	1	0.000000
750	5	0	0.000000
751	6	0	0.000000
752	6	0	0.000000
753	6	0	0.000000
754	6	0	0.000000
755	6	0	0.000000
756	6	0	0.000000
757	6	0	0.000000
758	6	0	0.000000
759	5	1	0.000000
760	5	1	0.000000
761	5	1	0.000000
762	5	1	0.000000
763	5	0	0.000000
764	6	0	0.000000
765	6	0	0.000000
766	6	0	0.000000
767	6	0	0.000000
768	6	0	0.000000
769	6	0	0.000000
770	6	0	0.000000
771	6	0	0.000000
772	6	0	0.000000
773	6	0	0.000000
774	6	0	0.000000
775	6	0	0.000000
776	6	0	0.000000
777	6	0	0.000000
778	5	1	0.000000
779	6	0	0.000000
780	6	0	0.000000
781	6	0	0.000000
782	6	0	0.000000
783	6	0	0.000000
784	6	0	0.000000
785	5	1	0.000000
786	6	1	0.000000
787	6	0	0.000000
788	5	1	0.000000
789	5	1	0.000000
790	6	0	0.000000
791	6	0	0.000000
792	6	0	0.000000
793	6	0	0.000000
794	6	0	0.000000
795	6	0	0.000000
796	6	0	0.000000
797	6	0	0.000000
798	6	0	0.000000
799	6	0	0.000000
800	6	0	0.000000
801	6	0	0.000000
802	6	0	0.000000
803	6	0	0.000000
804	6	0	0.000000
805	6	0	0.000000
806	5	1	0.000000
807	6	0	0.000000
808	6	0	0.000000
809	5	1	0.000000
810	5	1	0.000000
811	5	1	0.000000
812	6	0	0.000000
813	6	0	0.000000
814	6	0	0.000000
815	6	0	0.000000
816	6	0	0.000000
817	6	0	0.000000
818	6	0	0.000000
819	6	0	0.000000
820	6	0	0.000000
821	6	0	0.000000
822	6	1	0.000000
823	6	0	0.000000
824	6	0	0.000000
825	6	0	0.000000
826	6	0	0.000000
827	6	0	0.000000
828	6	0	0.000000
829	6	1	0.000000
830	6	0	0.000000
831	6	0	0.000000
832	6	0	0.000000
833	6	0	0.000000
834	6	0	0.000000
835	6	0	0.000000
836	6	0	0.000000
837	6	1	0.000000
838	6	0	0.000000
839	6	0	0.000000
840	6	0	0.000000
841	6	0	0.000000
842	6	0	0.000000
843	6	0	0.000000
844	6	0	0.000000
845	6	0	0.000000
846	6	0	0.000000
847	6	0	0.000000
848	6	0	0.000000
849	6	0	0.000000
850	6	0	0.000000
851	6	0	0.000000
852	6	0	0.000000
853	6	0	0.000000
854	6	0	0.000000
855	6	0	0.000000
856	6	0	0.000000
857	6	0	0.000000
858	6	0	0.000000
859	6	0	0.000000
860	6	0	0.000000
861	6	0	0.000000
862	6	0	0.000000
863	6	1	0.000000
864	6	0	0.000000
865	6	0	0.000000
866	6	1	0.000000
867	6	0	0.000000
868	6	0	0.000000
869	6	0	0.000000
870	6	0	0.000000
871	6	0	0.000000
872	6	0	0.000000
873	6	0	0.000000
874	6	0	0.000000
875	6	0	0.000000
876	6	0	0.000000
877	6	0	0.000000
878	6	0	0.000000
879	6	0	0.000000
880	6	0	0.000000
881	6	0	0.000000
882	6	0	0.000000
883	6	0	0.000000
884	6	0	0.000000
885	6	0	0.000000
886	6	1	0.000000
887	6	0	0.000000
888	6	0	0.000000
889	6	1	0.000000
890	6	0	0.000000
891	6	0	0.000000
892	6	0	0.000000
893	6	0	0.000000
894	5	1	0.000000
895	6	0	0.000000
896	5	1	0.000000
897	5	1	0.000000
898	5	1	0.000000
899	5	1	0.000000
900	5	1	0.000000
901	5	1	0.000000
902	6	0	0.000000
903	5	1	0.000000
904	5	1	0.000000
905	6	0	0.000000
906	5	1	0.000000
907	5	1	0.000000
908	6	0	0.000000
909	5	1	0.000000
910	5	1	0.000000
911	6	0	0.000000
912	6	0	0.000000
913	6	0	0.000000
914	6	0	0.000000
915	6	0	0.000000
916	6	0	0.000000
917	6	0	0.000000
918	6	0	0.000000
919	6	0	0.000000
920	6	0	0.000000
921	6	1	0.000000
922	5	1	0.000000
923	5	1	0.000000
924	5	1	0.000000
925	5	0	0.000000
926	5	1	0.000000
927	5	1	0.000000
928	5	1	0.000000
929	5	1	0.000000
930	6	0	0.000000
931	6	0	0.000000
932	6	0	0.000000
933	6	0	0.000000
934	5	1	0.000000
935	5	1	0.000000
936	5	1	0.000000
937	5	1	0.000000
938	5	1	0.000000
939	5	1	0.000000
940	5	0	0.000000
941	5	1	0.000000
942	5	1	0.000000
943	5	1	0.000000
944	5	1	0.000000
945	5	1	0.000000
946	6	0	0.000000
947	6	0	0.000000
948	6	0	0.000000
949	6	0	0.000000
950	6	1	0.000000
951	6	0	0.000000
952	6	1	0.000000
953	6	0	0.000000
954	6	1	0.000000
955	6	0	0.000000
956	6	0	0.000000
957	6	0	0.000000
958	6	0	0.000000
959	6	0	0.000000
960	6	0	0.000000
961	6	0	0.000000
962	6	0	0.000000
963	6	0	0.000000
964	6	0	0.000000
965	5	1	0.000000
966	5	1	0.000000
967	6	0	0.000000
968	6	0	600.000000
969	0	0	0.000000
