StartTime	2015/09/23 16:48:00
FinishTime	2015/09/23 16:48:35
ElapsedTime	35.000000
/home/daisuke/git/ReinforcementLearning/log/EV3LineTracer_20150923163118_10Setting_20150923163119.log
0	1.000000
1	0.041667	0.041667	0.916667
2	0.916667	0.041667	0.041667
3	0.041667	0.916667	0.041667
4	0.916667	0.041667	0.041667
5	0.916667	0.041667	0.041667
6	0.041667	0.041667	0.916667
415
0	2	0	0.000000
1	2	0	0.000000
2	2	0	0.000000
3	2	0	0.000000
4	2	0	0.000000
5	2	0	0.000000
6	2	0	0.000000
7	2	0	0.000000
8	2	0	0.000000
9	2	0	0.000000
10	2	0	0.000000
11	2	0	0.000000
12	2	0	0.000000
13	2	1	0.000000
14	2	0	0.000000
15	3	1	0.000000
16	3	1	0.000000
17	3	1	0.000000
18	3	1	0.000000
19	3	1	0.000000
20	3	1	0.000000
21	3	1	0.000000
22	3	1	0.000000
23	3	1	0.000000
24	3	1	0.000000
25	3	1	0.000000
26	3	1	0.000000
27	3	2	0.000000
28	3	1	0.000000
29	3	1	0.000000
30	3	1	0.000000
31	3	2	0.000000
32	3	1	0.000000
33	3	1	0.000000
34	3	0	0.000000
35	3	1	0.000000
36	3	0	0.000000
37	3	1	0.000000
38	4	0	0.000000
39	4	1	0.000000
40	4	0	0.000000
41	5	0	0.000000
42	5	0	0.000000
43	5	0	0.000000
44	4	0	0.000000
45	4	0	0.000000
46	4	0	0.000000
47	5	0	0.000000
48	5	0	0.000000
49	6	2	0.000000
50	6	2	0.000000
51	6	2	0.000000
52	5	0	0.000000
53	5	0	0.000000
54	5	0	0.000000
55	5	0	0.000000
56	5	0	0.000000
57	5	0	0.000000
58	5	0	0.000000
59	5	0	0.000000
60	5	0	0.000000
61	5	0	0.000000
62	5	1	0.000000
63	5	0	0.000000
64	6	2	0.000000
65	6	2	0.000000
66	6	2	0.000000
67	6	2	0.000000
68	6	2	0.000000
69	6	2	0.000000
70	6	2	0.000000
71	6	2	0.000000
72	6	2	0.000000
73	6	2	0.000000
74	6	0	0.000000
75	6	2	0.000000
76	5	0	0.000000
77	6	2	0.000000
78	6	2	0.000000
79	6	2	0.000000
80	6	2	0.000000
81	6	2	0.000000
82	6	0	0.000000
83	6	2	0.000000
84	5	0	0.000000
85	5	2	0.000000
86	5	2	0.000000
87	5	0	0.000000
88	5	0	0.000000
89	5	0	0.000000
90	5	0	0.000000
91	5	0	0.000000
92	5	0	0.000000
93	5	0	0.000000
94	6	2	0.000000
95	5	0	0.000000
96	5	0	0.000000
97	5	0	0.000000
98	5	0	0.000000
99	5	0	0.000000
100	5	0	0.000000
101	5	0	0.000000
102	5	2	0.000000
103	5	0	0.000000
104	5	0	0.000000
105	5	0	0.000000
106	5	0	0.000000
107	5	0	0.000000
108	5	2	0.000000
109	5	0	0.000000
110	5	0	0.000000
111	5	0	0.000000
112	5	0	0.000000
113	5	0	0.000000
114	5	2	0.000000
115	5	0	0.000000
116	5	0	0.000000
117	5	0	0.000000
118	5	0	0.000000
119	5	0	0.000000
120	5	0	0.000000
121	5	0	0.000000
122	5	0	0.000000
123	5	0	0.000000
124	5	0	0.000000
125	5	0	0.000000
126	5	0	0.000000
127	5	0	0.000000
128	5	0	0.000000
129	5	0	0.000000
130	5	0	0.000000
131	5	0	0.000000
132	5	0	0.000000
133	5	0	0.000000
134	5	0	0.000000
135	5	0	0.000000
136	5	0	0.000000
137	5	0	0.000000
138	5	0	0.000000
139	5	0	0.000000
140	5	0	0.000000
141	5	0	0.000000
142	5	0	0.000000
143	5	0	0.000000
144	5	0	0.000000
145	5	0	0.000000
146	5	0	0.000000
147	5	0	0.000000
148	5	0	0.000000
149	5	1	0.000000
150	5	0	0.000000
151	5	0	0.000000
152	5	1	0.000000
153	5	0	0.000000
154	5	0	0.000000
155	5	0	0.000000
156	5	0	0.000000
157	5	0	0.000000
158	5	0	0.000000
159	5	0	0.000000
160	5	0	0.000000
161	5	0	0.000000
162	5	0	0.000000
163	5	0	0.000000
164	5	0	0.000000
165	5	0	0.000000
166	5	0	0.000000
167	5	0	0.000000
168	5	0	0.000000
169	5	0	0.000000
170	5	0	0.000000
171	5	0	0.000000
172	5	0	0.000000
173	5	0	0.000000
174	5	0	0.000000
175	5	0	0.000000
176	5	0	0.000000
177	5	0	0.000000
178	5	0	0.000000
179	5	0	0.000000
180	5	0	0.000000
181	5	0	0.000000
182	5	2	0.000000
183	5	0	0.000000
184	5	0	0.000000
185	5	0	0.000000
186	5	0	0.000000
187	5	1	0.000000
188	5	0	0.000000
189	5	0	0.000000
190	5	0	0.000000
191	5	0	0.000000
192	5	0	0.000000
193	5	0	0.000000
194	4	0	0.000000
195	4	0	0.000000
196	5	0	0.000000
197	5	0	0.000000
198	5	0	0.000000
199	5	0	0.000000
200	4	0	0.000000
201	5	0	0.000000
202	5	0	0.000000
203	5	0	0.000000
204	5	2	0.000000
205	5	0	0.000000
206	5	0	0.000000
207	5	0	0.000000
208	5	0	0.000000
209	5	0	0.000000
210	5	1	0.000000
211	5	0	0.000000
212	5	0	0.000000
213	5	2	0.000000
214	5	0	0.000000
215	5	0	0.000000
216	5	0	0.000000
217	5	0	0.000000
218	5	0	0.000000
219	5	0	0.000000
220	5	0	0.000000
221	5	0	0.000000
222	4	0	0.000000
223	5	0	0.000000
224	5	0	0.000000
225	5	0	0.000000
226	4	0	0.000000
227	4	0	0.000000
228	4	0	0.000000
229	4	0	0.000000
230	4	0	0.000000
231	4	0	0.000000
232	4	0	0.000000
233	4	0	0.000000
234	4	0	0.000000
235	4	0	0.000000
236	4	0	0.000000
237	4	0	0.000000
238	4	0	0.000000
239	4	0	0.000000
240	4	0	0.000000
241	4	0	0.000000
242	4	0	0.000000
243	4	0	0.000000
244	4	0	0.000000
245	4	0	0.000000
246	4	0	0.000000
247	4	0	0.000000
248	4	0	0.000000
249	4	0	0.000000
250	4	0	0.000000
251	4	0	0.000000
252	4	0	0.000000
253	4	0	0.000000
254	4	0	0.000000
255	4	1	0.000000
256	4	0	0.000000
257	4	0	0.000000
258	4	0	0.000000
259	4	0	0.000000
260	4	0	0.000000
261	4	0	0.000000
262	4	0	0.000000
263	4	0	0.000000
264	4	0	0.000000
265	4	0	0.000000
266	4	0	0.000000
267	4	2	0.000000
268	4	0	0.000000
269	4	0	0.000000
270	4	0	0.000000
271	4	0	0.000000
272	4	0	0.000000
273	4	0	0.000000
274	4	0	0.000000
275	4	0	0.000000
276	4	0	0.000000
277	4	0	0.000000
278	4	0	0.000000
279	4	0	0.000000
280	4	0	0.000000
281	4	1	0.000000
282	4	0	0.000000
283	4	1	0.000000
284	4	2	0.000000
285	4	0	0.000000
286	4	0	0.000000
287	4	0	0.000000
288	4	0	0.000000
289	4	0	0.000000
290	4	0	0.000000
291	4	0	0.000000
292	4	0	0.000000
293	4	0	0.000000
294	4	1	0.000000
295	4	0	0.000000
296	4	0	0.000000
297	4	0	0.000000
298	4	0	0.000000
299	4	0	0.000000
300	4	2	0.000000
301	4	0	0.000000
302	4	0	0.000000
303	4	0	0.000000
304	4	0	0.000000
305	4	0	0.000000
306	4	0	0.000000
307	4	0	0.000000
308	4	0	0.000000
309	4	0	0.000000
310	4	0	0.000000
311	4	0	0.000000
312	4	0	0.000000
313	4	0	0.000000
314	4	0	0.000000
315	4	0	0.000000
316	4	0	0.000000
317	4	0	0.000000
318	4	0	0.000000
319	4	0	0.000000
320	4	0	0.000000
321	4	0	0.000000
322	4	0	0.000000
323	4	0	0.000000
324	4	0	0.000000
325	4	0	0.000000
326	4	0	0.000000
327	4	0	0.000000
328	4	0	0.000000
329	4	2	0.000000
330	4	0	0.000000
331	4	0	0.000000
332	4	0	0.000000
333	4	0	0.000000
334	4	0	0.000000
335	4	0	0.000000
336	4	0	0.000000
337	4	0	0.000000
338	4	0	0.000000
339	4	0	0.000000
340	4	0	0.000000
341	4	0	0.000000
342	4	0	0.000000
343	4	0	0.000000
344	4	0	0.000000
345	4	0	0.000000
346	4	0	0.000000
347	4	0	0.000000
348	4	0	0.000000
349	4	0	0.000000
350	4	0	0.000000
351	4	0	0.000000
352	4	0	0.000000
353	4	0	0.000000
354	4	0	0.000000
355	4	0	0.000000
356	4	0	0.000000
357	5	0	0.000000
358	4	0	0.000000
359	4	0	0.000000
360	4	0	0.000000
361	4	0	0.000000
362	4	2	0.000000
363	5	0	0.000000
364	4	1	0.000000
365	4	0	0.000000
366	4	0	0.000000
367	5	0	0.000000
368	4	0	0.000000
369	5	0	0.000000
370	4	0	0.000000
371	4	0	0.000000
372	4	0	0.000000
373	4	0	0.000000
374	4	1	0.000000
375	4	0	0.000000
376	4	0	0.000000
377	4	0	0.000000
378	4	0	0.000000
379	4	0	0.000000
380	4	0	0.000000
381	4	0	0.000000
382	4	1	0.000000
383	4	0	0.000000
384	4	0	0.000000
385	4	0	0.000000
386	4	1	0.000000
387	4	0	0.000000
388	4	0	0.000000
389	4	0	0.000000
390	4	0	0.000000
391	4	0	0.000000
392	4	0	0.000000
393	4	0	0.000000
394	4	0	0.000000
395	4	0	0.000000
396	4	0	0.000000
397	4	0	0.000000
398	4	0	0.000000
399	4	0	0.000000
400	4	0	0.000000
401	4	0	0.000000
402	4	0	0.000000
403	5	0	0.000000
404	5	0	0.000000
405	5	0	0.000000
406	5	0	0.000000
407	5	0	0.000000
408	5	0	0.000000
409	5	0	0.000000
410	5	0	0.000000
411	5	0	0.000000
412	5	0	0.000000
413	5	0	600.000000
414	0	0	0.000000
