StartTime	2015/09/23 13:51:17
FinishTime	2015/09/23 13:52:57
ElapsedTime	100.000000
/home/daisuke/git/ReinforcementLearning/log/EV3LineTracer_20150923134031_10Setting_20150923134032.log
0	1.000000
1	0.937500	0.062500
2	0.062500	0.937500
3	0.062500	0.937500
4	0.937500	0.062500
5	0.937500	0.062500
6	0.062500	0.937500
7	0.062500	0.937500
8	0.062500	0.937500
9	0.062500	0.937500
1123
0	2	1	0.000000
1	2	1	0.000000
2	2	1	0.000000
3	2	1	0.000000
4	2	1	0.000000
5	2	1	0.000000
6	2	1	0.000000
7	2	1	0.000000
8	2	1	0.000000
9	2	1	0.000000
10	2	1	0.000000
11	2	1	0.000000
12	1	0	0.000000
13	2	1	0.000000
14	2	1	0.000000
15	1	0	0.000000
16	1	0	0.000000
17	1	1	0.000000
18	1	0	0.000000
19	1	0	0.000000
20	1	0	0.000000
21	1	0	0.000000
22	1	0	0.000000
23	1	0	0.000000
24	1	1	0.000000
25	1	0	0.000000
26	1	0	0.000000
27	1	0	0.000000
28	1	0	0.000000
29	1	0	0.000000
30	2	1	0.000000
31	2	1	0.000000
32	2	1	0.000000
33	2	1	0.000000
34	2	1	0.000000
35	2	0	0.000000
36	2	1	0.000000
37	3	1	0.000000
38	3	1	0.000000
39	2	1	0.000000
40	2	1	0.000000
41	2	1	0.000000
42	2	1	0.000000
43	2	1	0.000000
44	2	1	0.000000
45	2	1	0.000000
46	1	0	0.000000
47	1	0	0.000000
48	1	0	0.000000
49	1	0	0.000000
50	2	1	0.000000
51	2	1	0.000000
52	2	1	0.000000
53	2	1	0.000000
54	2	1	0.000000
55	1	0	0.000000
56	1	0	0.000000
57	1	0	0.000000
58	1	0	0.000000
59	1	0	0.000000
60	1	0	0.000000
61	1	0	0.000000
62	1	0	0.000000
63	1	0	0.000000
64	1	0	0.000000
65	1	0	0.000000
66	1	0	0.000000
67	1	0	0.000000
68	1	0	0.000000
69	1	0	0.000000
70	1	1	0.000000
71	1	0	0.000000
72	2	1	0.000000
73	2	1	0.000000
74	2	1	0.000000
75	2	1	0.000000
76	2	1	0.000000
77	2	1	0.000000
78	2	1	0.000000
79	2	1	0.000000
80	2	1	0.000000
81	2	1	0.000000
82	2	1	0.000000
83	1	0	0.000000
84	1	0	0.000000
85	1	0	0.000000
86	1	0	0.000000
87	1	0	0.000000
88	1	0	0.000000
89	1	0	0.000000
90	1	0	0.000000
91	1	0	0.000000
92	1	0	0.000000
93	1	0	0.000000
94	1	0	0.000000
95	1	0	0.000000
96	1	0	0.000000
97	1	0	0.000000
98	2	1	0.000000
99	2	1	0.000000
100	2	1	0.000000
101	2	1	0.000000
102	2	1	0.000000
103	2	1	0.000000
104	2	1	0.000000
105	2	1	0.000000
106	2	1	0.000000
107	2	0	0.000000
108	2	1	0.000000
109	2	1	0.000000
110	1	0	0.000000
111	1	0	0.000000
112	1	0	0.000000
113	1	0	0.000000
114	1	0	0.000000
115	1	0	0.000000
116	1	0	0.000000
117	1	0	0.000000
118	2	1	0.000000
119	2	1	0.000000
120	2	0	0.000000
121	2	1	0.000000
122	2	1	0.000000
123	2	1	0.000000
124	2	1	0.000000
125	2	1	0.000000
126	2	1	0.000000
127	2	1	0.000000
128	2	1	0.000000
129	2	1	0.000000
130	2	1	0.000000
131	1	0	0.000000
132	1	0	0.000000
133	1	0	0.000000
134	1	0	0.000000
135	1	0	0.000000
136	1	0	0.000000
137	1	1	0.000000
138	1	0	0.000000
139	1	0	0.000000
140	1	0	0.000000
141	1	0	0.000000
142	1	0	0.000000
143	2	1	0.000000
144	2	1	0.000000
145	2	1	0.000000
146	2	1	0.000000
147	2	1	0.000000
148	2	1	0.000000
149	2	1	0.000000
150	2	1	0.000000
151	2	1	0.000000
152	2	1	0.000000
153	1	0	0.000000
154	1	0	0.000000
155	1	0	0.000000
156	1	0	0.000000
157	1	0	0.000000
158	1	1	0.000000
159	1	0	0.000000
160	1	0	0.000000
161	1	0	0.000000
162	1	0	0.000000
163	1	0	0.000000
164	1	0	0.000000
165	2	1	0.000000
166	2	1	0.000000
167	2	1	0.000000
168	2	1	0.000000
169	2	1	0.000000
170	2	1	0.000000
171	2	1	0.000000
172	2	1	0.000000
173	2	1	0.000000
174	2	1	0.000000
175	2	1	0.000000
176	2	1	0.000000
177	2	1	0.000000
178	1	0	0.000000
179	1	0	0.000000
180	1	0	0.000000
181	1	0	0.000000
182	1	0	0.000000
183	1	0	0.000000
184	1	0	0.000000
185	1	1	0.000000
186	1	0	0.000000
187	1	0	0.000000
188	1	0	0.000000
189	1	0	0.000000
190	1	1	0.000000
191	1	0	0.000000
192	1	0	0.000000
193	2	1	0.000000
194	2	1	0.000000
195	2	1	0.000000
196	2	1	0.000000
197	2	1	0.000000
198	2	1	0.000000
199	2	1	0.000000
200	2	1	0.000000
201	2	1	0.000000
202	2	1	0.000000
203	2	1	0.000000
204	1	0	0.000000
205	1	0	0.000000
206	1	0	0.000000
207	1	0	0.000000
208	1	0	0.000000
209	1	0	0.000000
210	1	0	0.000000
211	1	0	0.000000
212	1	0	0.000000
213	1	0	0.000000
214	2	1	0.000000
215	2	0	0.000000
216	2	1	0.000000
217	2	1	0.000000
218	2	1	0.000000
219	2	1	0.000000
220	2	1	0.000000
221	2	1	0.000000
222	2	1	0.000000
223	2	1	0.000000
224	2	1	0.000000
225	2	1	0.000000
226	1	0	0.000000
227	1	0	0.000000
228	1	0	0.000000
229	1	0	0.000000
230	1	0	0.000000
231	1	0	0.000000
232	1	0	0.000000
233	1	0	0.000000
234	1	1	0.000000
235	1	0	0.000000
236	1	1	0.000000
237	2	1	0.000000
238	2	1	0.000000
239	2	1	0.000000
240	2	1	0.000000
241	2	0	0.000000
242	2	1	0.000000
243	2	1	0.000000
244	2	1	0.000000
245	2	1	0.000000
246	1	0	0.000000
247	1	0	0.000000
248	1	0	0.000000
249	1	0	0.000000
250	1	0	0.000000
251	1	1	0.000000
252	1	0	0.000000
253	1	0	0.000000
254	2	1	0.000000
255	1	1	0.000000
256	2	1	0.000000
257	2	1	0.000000
258	2	1	0.000000
259	2	1	0.000000
260	2	1	0.000000
261	2	1	0.000000
262	2	1	0.000000
263	1	0	0.000000
264	1	0	0.000000
265	1	0	0.000000
266	1	0	0.000000
267	1	0	0.000000
268	1	0	0.000000
269	1	0	0.000000
270	1	0	0.000000
271	1	0	0.000000
272	1	0	0.000000
273	1	0	0.000000
274	2	1	0.000000
275	2	1	0.000000
276	2	1	0.000000
277	2	1	0.000000
278	2	1	0.000000
279	2	1	0.000000
280	2	1	0.000000
281	2	1	0.000000
282	2	1	0.000000
283	2	1	0.000000
284	2	1	0.000000
285	1	0	0.000000
286	1	0	0.000000
287	1	1	0.000000
288	1	0	0.000000
289	1	0	0.000000
290	1	0	0.000000
291	1	0	0.000000
292	1	0	0.000000
293	1	0	0.000000
294	1	0	0.000000
295	1	0	0.000000
296	1	0	0.000000
297	2	1	0.000000
298	2	1	0.000000
299	2	1	0.000000
300	2	1	0.000000
301	2	1	0.000000
302	2	1	0.000000
303	2	1	0.000000
304	2	1	0.000000
305	2	1	0.000000
306	2	1	0.000000
307	2	1	0.000000
308	2	1	0.000000
309	1	0	0.000000
310	1	0	0.000000
311	2	1	0.000000
312	2	0	0.000000
313	2	1	0.000000
314	2	0	0.000000
315	2	1	0.000000
316	2	1	0.000000
317	2	1	0.000000
318	2	1	0.000000
319	2	1	0.000000
320	2	1	0.000000
321	2	1	0.000000
322	2	1	0.000000
323	2	1	0.000000
324	2	1	0.000000
325	1	0	0.000000
326	1	0	0.000000
327	1	0	0.000000
328	1	0	0.000000
329	1	0	0.000000
330	1	0	0.000000
331	1	0	0.000000
332	1	0	0.000000
333	1	0	0.000000
334	1	0	0.000000
335	2	1	0.000000
336	2	1	0.000000
337	2	1	0.000000
338	2	1	0.000000
339	1	0	0.000000
340	1	0	0.000000
341	1	0	0.000000
342	1	0	0.000000
343	1	0	0.000000
344	1	0	0.000000
345	1	0	0.000000
346	1	0	0.000000
347	1	0	0.000000
348	1	0	0.000000
349	1	0	0.000000
350	1	1	0.000000
351	2	1	0.000000
352	1	0	0.000000
353	1	0	0.000000
354	2	1	0.000000
355	2	1	0.000000
356	2	1	0.000000
357	2	1	0.000000
358	2	0	0.000000
359	2	1	0.000000
360	2	1	0.000000
361	2	1	0.000000
362	2	1	0.000000
363	2	1	0.000000
364	2	1	0.000000
365	2	0	0.000000
366	1	0	0.000000
367	1	0	0.000000
368	1	0	0.000000
369	1	0	0.000000
370	1	0	0.000000
371	1	0	0.000000
372	1	0	0.000000
373	1	0	0.000000
374	2	1	0.000000
375	2	1	0.000000
376	2	1	0.000000
377	2	1	0.000000
378	2	1	0.000000
379	1	0	0.000000
380	2	1	0.000000
381	2	1	0.000000
382	2	1	0.000000
383	2	1	0.000000
384	2	0	0.000000
385	2	1	0.000000
386	2	1	0.000000
387	1	0	0.000000
388	1	0	0.000000
389	1	0	0.000000
390	1	0	0.000000
391	1	0	0.000000
392	1	0	0.000000
393	1	0	0.000000
394	2	1	0.000000
395	2	1	0.000000
396	2	1	0.000000
397	2	1	0.000000
398	2	1	0.000000
399	2	1	0.000000
400	2	1	0.000000
401	2	1	0.000000
402	2	0	0.000000
403	2	1	0.000000
404	1	0	0.000000
405	1	0	0.000000
406	1	0	0.000000
407	1	0	0.000000
408	1	0	0.000000
409	1	0	0.000000
410	1	0	0.000000
411	1	0	0.000000
412	1	0	0.000000
413	1	0	0.000000
414	1	0	0.000000
415	1	0	0.000000
416	1	0	0.000000
417	1	1	0.000000
418	1	0	0.000000
419	1	0	0.000000
420	2	1	0.000000
421	2	1	0.000000
422	2	1	0.000000
423	2	1	0.000000
424	2	1	0.000000
425	2	1	0.000000
426	2	1	0.000000
427	2	1	0.000000
428	1	0	0.000000
429	1	0	0.000000
430	1	0	0.000000
431	1	0	0.000000
432	1	0	0.000000
433	1	0	0.000000
434	1	0	0.000000
435	1	0	0.000000
436	1	0	0.000000
437	2	1	0.000000
438	2	1	0.000000
439	2	1	0.000000
440	2	0	0.000000
441	2	1	0.000000
442	2	1	0.000000
443	2	0	0.000000
444	2	1	0.000000
445	2	1	0.000000
446	2	1	0.000000
447	2	1	0.000000
448	2	0	0.000000
449	2	1	0.000000
450	2	1	0.000000
451	2	1	0.000000
452	2	1	0.000000
453	2	1	0.000000
454	2	1	0.000000
455	2	1	0.000000
456	2	1	0.000000
457	2	1	0.000000
458	2	1	0.000000
459	2	1	0.000000
460	2	1	0.000000
461	2	1	0.000000
462	2	1	0.000000
463	2	1	0.000000
464	2	1	0.000000
465	2	1	0.000000
466	2	1	0.000000
467	2	1	0.000000
468	2	1	0.000000
469	2	1	0.000000
470	2	1	0.000000
471	2	1	0.000000
472	2	1	0.000000
473	2	1	0.000000
474	2	1	0.000000
475	2	1	0.000000
476	1	0	0.000000
477	1	0	0.000000
478	1	0	0.000000
479	1	0	0.000000
480	1	0	0.000000
481	1	0	0.000000
482	1	0	0.000000
483	1	0	0.000000
484	1	0	0.000000
485	1	0	0.000000
486	1	0	0.000000
487	1	0	0.000000
488	1	0	0.000000
489	2	1	0.000000
490	2	1	0.000000
491	2	1	0.000000
492	2	0	0.000000
493	2	1	0.000000
494	2	1	0.000000
495	2	1	0.000000
496	2	1	0.000000
497	2	1	0.000000
498	2	1	0.000000
499	1	0	0.000000
500	1	0	0.000000
501	1	0	0.000000
502	1	0	0.000000
503	1	0	0.000000
504	1	0	0.000000
505	1	0	0.000000
506	1	0	0.000000
507	1	0	0.000000
508	2	1	0.000000
509	2	1	0.000000
510	2	1	0.000000
511	2	1	0.000000
512	2	1	0.000000
513	2	1	0.000000
514	2	1	0.000000
515	2	1	0.000000
516	2	1	0.000000
517	2	1	0.000000
518	2	1	0.000000
519	2	1	0.000000
520	2	1	0.000000
521	2	1	0.000000
522	2	1	0.000000
523	2	1	0.000000
524	2	0	0.000000
525	2	1	0.000000
526	2	1	0.000000
527	2	1	0.000000
528	2	1	0.000000
529	1	0	0.000000
530	1	0	0.000000
531	1	0	0.000000
532	1	0	0.000000
533	1	0	0.000000
534	1	0	0.000000
535	2	1	0.000000
536	2	1	0.000000
537	2	1	0.000000
538	2	1	0.000000
539	2	1	0.000000
540	2	1	0.000000
541	2	1	0.000000
542	2	1	0.000000
543	2	1	0.000000
544	2	1	0.000000
545	2	1	0.000000
546	1	0	0.000000
547	1	1	0.000000
548	1	0	0.000000
549	1	0	0.000000
550	1	1	0.000000
551	1	0	0.000000
552	1	0	0.000000
553	1	0	0.000000
554	2	1	0.000000
555	2	1	0.000000
556	2	1	0.000000
557	2	1	0.000000
558	2	1	0.000000
559	2	1	0.000000
560	2	1	0.000000
561	2	1	0.000000
562	2	1	0.000000
563	2	1	0.000000
564	1	0	0.000000
565	1	0	0.000000
566	1	0	0.000000
567	1	0	0.000000
568	1	0	0.000000
569	1	0	0.000000
570	1	0	0.000000
571	1	0	0.000000
572	1	0	0.000000
573	2	1	0.000000
574	2	1	0.000000
575	2	1	0.000000
576	2	1	0.000000
577	2	1	0.000000
578	2	1	0.000000
579	2	1	0.000000
580	2	1	0.000000
581	2	1	0.000000
582	2	0	0.000000
583	2	1	0.000000
584	1	0	0.000000
585	1	0	0.000000
586	1	0	0.000000
587	1	0	0.000000
588	1	0	0.000000
589	1	0	0.000000
590	1	0	0.000000
591	1	0	0.000000
592	1	0	0.000000
593	1	0	0.000000
594	1	1	0.000000
595	1	0	0.000000
596	2	1	0.000000
597	1	0	0.000000
598	1	0	0.000000
599	2	1	0.000000
600	2	1	0.000000
601	2	1	0.000000
602	2	1	0.000000
603	2	1	0.000000
604	2	1	0.000000
605	2	1	0.000000
606	2	1	0.000000
607	2	0	0.000000
608	1	0	0.000000
609	1	0	0.000000
610	1	0	0.000000
611	2	1	0.000000
612	2	1	0.000000
613	2	1	0.000000
614	2	1	0.000000
615	2	1	0.000000
616	2	1	0.000000
617	2	1	0.000000
618	2	1	0.000000
619	2	1	0.000000
620	2	1	0.000000
621	2	1	0.000000
622	2	1	0.000000
623	2	1	0.000000
624	2	1	0.000000
625	2	1	0.000000
626	2	1	0.000000
627	2	0	0.000000
628	1	0	0.000000
629	1	0	0.000000
630	1	0	0.000000
631	1	0	0.000000
632	1	0	0.000000
633	1	0	0.000000
634	1	1	0.000000
635	1	0	0.000000
636	1	0	0.000000
637	1	0	0.000000
638	1	0	0.000000
639	2	1	0.000000
640	2	1	0.000000
641	2	1	0.000000
642	2	1	0.000000
643	2	1	0.000000
644	2	1	0.000000
645	2	1	0.000000
646	2	1	0.000000
647	2	1	0.000000
648	2	1	0.000000
649	2	1	0.000000
650	2	1	0.000000
651	2	1	0.000000
652	2	1	0.000000
653	1	1	0.000000
654	1	0	0.000000
655	1	0	0.000000
656	1	0	0.000000
657	1	0	0.000000
658	1	0	0.000000
659	1	0	0.000000
660	1	0	0.000000
661	1	0	0.000000
662	1	0	0.000000
663	2	1	0.000000
664	2	1	0.000000
665	1	0	0.000000
666	1	0	0.000000
667	1	0	0.000000
668	1	0	0.000000
669	1	0	0.000000
670	1	0	0.000000
671	1	0	0.000000
672	1	0	0.000000
673	1	0	0.000000
674	1	0	0.000000
675	1	0	0.000000
676	1	0	0.000000
677	1	0	0.000000
678	2	1	0.000000
679	2	1	0.000000
680	2	1	0.000000
681	2	1	0.000000
682	2	1	0.000000
683	2	1	0.000000
684	2	1	0.000000
685	2	1	0.000000
686	3	1	0.000000
687	3	1	0.000000
688	3	1	0.000000
689	3	1	0.000000
690	3	0	0.000000
691	3	1	0.000000
692	2	1	0.000000
693	2	1	0.000000
694	2	1	0.000000
695	2	1	0.000000
696	3	0	0.000000
697	3	1	0.000000
698	3	1	0.000000
699	4	0	0.000000
700	4	0	0.000000
701	4	0	0.000000
702	4	0	0.000000
703	4	1	0.000000
704	4	0	0.000000
705	4	1	0.000000
706	4	0	0.000000
707	5	0	0.000000
708	5	0	0.000000
709	5	0	0.000000
710	5	0	0.000000
711	5	1	0.000000
712	5	0	0.000000
713	5	0	0.000000
714	5	0	0.000000
715	5	0	0.000000
716	6	1	0.000000
717	6	1	0.000000
718	6	1	0.000000
719	6	1	0.000000
720	6	1	0.000000
721	6	1	0.000000
722	6	1	0.000000
723	6	1	0.000000
724	6	1	0.000000
725	6	1	0.000000
726	6	1	0.000000
727	6	1	0.000000
728	6	1	0.000000
729	6	1	0.000000
730	6	1	0.000000
731	6	1	0.000000
732	6	1	0.000000
733	6	1	0.000000
734	6	1	0.000000
735	6	1	0.000000
736	6	1	0.000000
737	6	1	0.000000
738	6	1	0.000000
739	6	1	0.000000
740	6	1	0.000000
741	6	1	0.000000
742	6	1	0.000000
743	6	1	0.000000
744	6	1	0.000000
745	6	1	0.000000
746	6	1	0.000000
747	6	1	0.000000
748	5	0	0.000000
749	6	1	0.000000
750	5	0	0.000000
751	6	0	0.000000
752	5	0	0.000000
753	5	1	0.000000
754	5	0	0.000000
755	5	0	0.000000
756	6	1	0.000000
757	6	1	0.000000
758	6	1	0.000000
759	6	1	0.000000
760	5	0	0.000000
761	6	1	0.000000
762	5	0	0.000000
763	6	1	0.000000
764	6	1	0.000000
765	6	1	0.000000
766	6	1	0.000000
767	6	1	0.000000
768	6	1	0.000000
769	6	1	0.000000
770	5	0	0.000000
771	6	1	0.000000
772	6	1	0.000000
773	5	1	0.000000
774	5	0	0.000000
775	5	0	0.000000
776	5	0	0.000000
777	5	0	0.000000
778	5	0	0.000000
779	5	0	0.000000
780	5	0	0.000000
781	5	0	0.000000
782	5	1	0.000000
783	6	1	0.000000
784	6	1	0.000000
785	5	0	0.000000
786	5	0	0.000000
787	5	0	0.000000
788	5	0	0.000000
789	5	1	0.000000
790	5	0	0.000000
791	5	0	0.000000
792	5	1	0.000000
793	5	0	0.000000
794	5	0	0.000000
795	5	0	0.000000
796	5	0	0.000000
797	6	1	0.000000
798	6	1	0.000000
799	6	1	0.000000
800	6	1	0.000000
801	6	1	0.000000
802	6	1	0.000000
803	6	1	0.000000
804	6	1	0.000000
805	6	1	0.000000
806	5	0	0.000000
807	5	0	0.000000
808	5	0	0.000000
809	5	0	0.000000
810	5	0	0.000000
811	5	1	0.000000
812	5	0	0.000000
813	5	0	0.000000
814	5	0	0.000000
815	6	1	0.000000
816	5	0	0.000000
817	5	0	0.000000
818	5	0	0.000000
819	5	0	0.000000
820	5	0	0.000000
821	5	0	0.000000
822	5	0	0.000000
823	5	0	0.000000
824	5	0	0.000000
825	5	0	0.000000
826	6	1	0.000000
827	6	1	0.000000
828	6	1	0.000000
829	6	1	0.000000
830	6	1	0.000000
831	5	0	0.000000
832	5	0	0.000000
833	5	0	0.000000
834	5	0	0.000000
835	5	0	0.000000
836	5	0	0.000000
837	5	0	0.000000
838	5	0	0.000000
839	5	0	0.000000
840	5	0	0.000000
841	5	0	0.000000
842	5	0	0.000000
843	6	1	0.000000
844	5	1	0.000000
845	5	0	0.000000
846	5	0	0.000000
847	5	0	0.000000
848	5	0	0.000000
849	5	0	0.000000
850	5	0	0.000000
851	5	0	0.000000
852	5	1	0.000000
853	5	0	0.000000
854	5	0	0.000000
855	5	0	0.000000
856	5	0	0.000000
857	5	0	0.000000
858	6	1	0.000000
859	6	1	0.000000
860	6	1	0.000000
861	6	1	0.000000
862	6	1	0.000000
863	6	1	0.000000
864	6	1	0.000000
865	5	0	0.000000
866	5	0	0.000000
867	5	0	0.000000
868	5	0	0.000000
869	6	0	0.000000
870	6	1	0.000000
871	6	1	0.000000
872	6	1	0.000000
873	6	1	0.000000
874	6	1	0.000000
875	6	1	0.000000
876	6	1	0.000000
877	6	1	0.000000
878	6	0	0.000000
879	6	1	0.000000
880	6	1	0.000000
881	6	1	0.000000
882	6	1	0.000000
883	6	1	0.000000
884	6	1	0.000000
885	6	1	0.000000
886	6	1	0.000000
887	6	1	0.000000
888	6	1	0.000000
889	6	1	0.000000
890	6	1	0.000000
891	6	1	0.000000
892	6	1	0.000000
893	6	1	0.000000
894	6	1	0.000000
895	6	1	0.000000
896	6	1	0.000000
897	6	1	0.000000
898	6	0	0.000000
899	6	1	0.000000
900	6	1	0.000000
901	6	1	0.000000
902	6	1	0.000000
903	6	1	0.000000
904	6	1	0.000000
905	6	1	0.000000
906	6	1	0.000000
907	6	1	0.000000
908	6	1	0.000000
909	6	1	0.000000
910	6	0	0.000000
911	6	1	0.000000
912	6	1	0.000000
913	6	1	0.000000
914	6	1	0.000000
915	6	1	0.000000
916	6	1	0.000000
917	6	1	0.000000
918	6	1	0.000000
919	6	1	0.000000
920	6	1	0.000000
921	6	1	0.000000
922	6	1	0.000000
923	6	1	0.000000
924	6	1	0.000000
925	6	1	0.000000
926	6	1	0.000000
927	6	1	0.000000
928	6	0	0.000000
929	6	1	0.000000
930	6	1	0.000000
931	6	1	0.000000
932	6	1	0.000000
933	6	1	0.000000
934	6	1	0.000000
935	6	1	0.000000
936	6	1	0.000000
937	6	1	0.000000
938	6	1	0.000000
939	6	1	0.000000
940	6	1	0.000000
941	6	1	0.000000
942	6	0	0.000000
943	6	1	0.000000
944	6	1	0.000000
945	6	1	0.000000
946	6	1	0.000000
947	6	1	0.000000
948	6	1	0.000000
949	6	1	0.000000
950	6	1	0.000000
951	6	1	0.000000
952	6	1	0.000000
953	6	1	0.000000
954	6	1	0.000000
955	6	1	0.000000
956	6	1	0.000000
957	6	1	0.000000
958	6	1	0.000000
959	6	1	0.000000
960	6	1	0.000000
961	6	1	0.000000
962	6	1	0.000000
963	6	1	0.000000
964	6	1	0.000000
965	6	1	0.000000
966	6	1	0.000000
967	6	1	0.000000
968	6	1	0.000000
969	6	1	0.000000
970	6	1	0.000000
971	6	1	0.000000
972	6	1	0.000000
973	6	1	0.000000
974	6	1	0.000000
975	6	1	0.000000
976	6	1	0.000000
977	6	1	0.000000
978	6	1	0.000000
979	6	1	0.000000
980	6	1	0.000000
981	6	1	0.000000
982	6	1	0.000000
983	6	1	0.000000
984	6	1	0.000000
985	6	1	0.000000
986	6	1	0.000000
987	6	1	0.000000
988	6	1	0.000000
989	6	1	0.000000
990	6	1	0.000000
991	6	0	0.000000
992	6	1	0.000000
993	6	1	0.000000
994	6	0	0.000000
995	6	1	0.000000
996	5	0	0.000000
997	6	1	0.000000
998	5	1	0.000000
999	5	1	0.000000
1000	5	0	0.000000
1001	5	0	0.000000
1002	5	0	0.000000
1003	5	0	0.000000
1004	5	0	0.000000
1005	6	1	0.000000
1006	6	1	0.000000
1007	6	1	0.000000
1008	6	1	0.000000
1009	6	1	0.000000
1010	6	1	0.000000
1011	6	1	0.000000
1012	6	1	0.000000
1013	6	1	0.000000
1014	6	1	0.000000
1015	5	0	0.000000
1016	5	0	0.000000
1017	5	0	0.000000
1018	5	0	0.000000
1019	5	0	0.000000
1020	5	0	0.000000
1021	5	0	0.000000
1022	5	0	0.000000
1023	5	0	0.000000
1024	6	1	0.000000
1025	5	0	0.000000
1026	5	1	0.000000
1027	5	0	0.000000
1028	5	0	0.000000
1029	5	0	0.000000
1030	5	0	0.000000
1031	5	0	0.000000
1032	5	0	0.000000
1033	5	0	0.000000
1034	5	0	0.000000
1035	5	0	0.000000
1036	5	0	0.000000
1037	5	0	0.000000
1038	5	0	0.000000
1039	5	0	0.000000
1040	5	0	0.000000
1041	5	0	0.000000
1042	5	1	0.000000
1043	5	0	0.000000
1044	5	0	0.000000
1045	5	0	0.000000
1046	5	1	0.000000
1047	5	0	0.000000
1048	5	1	0.000000
1049	5	0	0.000000
1050	5	0	0.000000
1051	5	0	0.000000
1052	5	0	0.000000
1053	5	0	0.000000
1054	5	0	0.000000
1055	5	0	0.000000
1056	5	0	0.000000
1057	5	0	0.000000
1058	5	0	0.000000
1059	5	0	0.000000
1060	5	0	0.000000
1061	5	0	0.000000
1062	5	0	0.000000
1063	5	0	0.000000
1064	5	0	0.000000
1065	5	0	0.000000
1066	5	0	0.000000
1067	5	0	0.000000
1068	5	0	0.000000
1069	5	1	0.000000
1070	5	0	0.000000
1071	5	0	0.000000
1072	5	0	0.000000
1073	5	0	0.000000
1074	5	1	0.000000
1075	5	0	0.000000
1076	5	1	0.000000
1077	5	0	0.000000
1078	5	0	0.000000
1079	5	0	0.000000
1080	5	0	0.000000
1081	5	0	0.000000
1082	5	0	0.000000
1083	5	0	0.000000
1084	5	0	0.000000
1085	5	0	0.000000
1086	5	0	0.000000
1087	5	0	0.000000
1088	5	0	0.000000
1089	5	0	0.000000
1090	4	0	0.000000
1091	4	0	0.000000
1092	4	0	0.000000
1093	4	1	0.000000
1094	4	0	0.000000
1095	5	0	0.000000
1096	5	1	0.000000
1097	4	0	0.000000
1098	5	0	0.000000
1099	4	1	0.000000
1100	5	0	0.000000
1101	5	0	0.000000
1102	5	0	0.000000
1103	5	0	0.000000
1104	5	0	0.000000
1105	5	1	0.000000
1106	5	0	0.000000
1107	5	1	0.000000
1108	5	0	0.000000
1109	5	0	0.000000
1110	5	0	0.000000
1111	5	0	0.000000
1112	5	0	0.000000
1113	5	0	0.000000
1114	5	0	0.000000
1115	5	0	0.000000
1116	5	0	0.000000
1117	5	0	0.000000
1118	4	0	0.000000
1119	4	0	0.000000
1120	4	0	0.000000
1121	4	0	600.000000
1122	0	0	0.000000
