StartTime	2015/09/23 15:12:51
FinishTime	2015/09/23 15:14:35
ElapsedTime	104.000000
/home/daisuke/git/ReinforcementLearning/log/EV3LineTracer_20150923141747_10Setting_20150923141748.log
0	1.000000
1	0.062500	0.937500
2	0.937500	0.062500
3	0.937500	0.062500
4	0.062500	0.937500
5	0.062500	0.937500
6	0.937500	0.062500
1133
0	2	0	0.000000
1	2	0	0.000000
2	2	0	0.000000
3	2	0	0.000000
4	2	0	0.000000
5	2	0	0.000000
6	2	0	0.000000
7	2	0	0.000000
8	2	0	0.000000
9	2	0	0.000000
10	2	0	0.000000
11	2	0	0.000000
12	2	0	0.000000
13	2	0	0.000000
14	2	0	0.000000
15	2	0	0.000000
16	3	0	0.000000
17	3	0	0.000000
18	3	0	0.000000
19	3	0	0.000000
20	3	0	0.000000
21	3	0	0.000000
22	3	1	0.000000
23	3	0	0.000000
24	3	0	0.000000
25	4	1	0.000000
26	4	1	0.000000
27	4	1	0.000000
28	4	1	0.000000
29	4	1	0.000000
30	4	1	0.000000
31	4	1	0.000000
32	4	1	0.000000
33	4	1	0.000000
34	4	1	0.000000
35	4	1	0.000000
36	4	1	0.000000
37	4	1	0.000000
38	4	1	0.000000
39	4	1	0.000000
40	4	1	0.000000
41	4	0	0.000000
42	4	1	0.000000
43	4	1	0.000000
44	4	1	0.000000
45	4	1	0.000000
46	4	1	0.000000
47	4	1	0.000000
48	4	1	0.000000
49	4	1	0.000000
50	4	1	0.000000
51	4	1	0.000000
52	4	1	0.000000
53	4	1	0.000000
54	4	1	0.000000
55	3	0	0.000000
56	3	0	0.000000
57	3	0	0.000000
58	3	0	0.000000
59	3	0	0.000000
60	3	0	0.000000
61	3	0	0.000000
62	2	0	0.000000
63	3	0	0.000000
64	3	0	0.000000
65	3	0	0.000000
66	3	0	0.000000
67	3	0	0.000000
68	3	0	0.000000
69	4	1	0.000000
70	4	1	0.000000
71	4	1	0.000000
72	4	1	0.000000
73	4	1	0.000000
74	4	1	0.000000
75	4	1	0.000000
76	4	1	0.000000
77	4	1	0.000000
78	4	1	0.000000
79	3	0	0.000000
80	3	0	0.000000
81	3	0	0.000000
82	3	0	0.000000
83	2	0	0.000000
84	3	0	0.000000
85	3	0	0.000000
86	3	0	0.000000
87	3	0	0.000000
88	3	1	0.000000
89	3	0	0.000000
90	4	1	0.000000
91	4	1	0.000000
92	4	1	0.000000
93	5	1	0.000000
94	5	1	0.000000
95	5	1	0.000000
96	4	1	0.000000
97	4	1	0.000000
98	4	1	0.000000
99	3	0	0.000000
100	3	0	0.000000
101	3	0	0.000000
102	3	0	0.000000
103	3	0	0.000000
104	3	0	0.000000
105	3	0	0.000000
106	3	0	0.000000
107	3	0	0.000000
108	3	0	0.000000
109	3	0	0.000000
110	3	0	0.000000
111	3	0	0.000000
112	3	0	0.000000
113	3	0	0.000000
114	3	0	0.000000
115	4	1	0.000000
116	4	1	0.000000
117	4	1	0.000000
118	4	1	0.000000
119	4	1	0.000000
120	4	1	0.000000
121	4	1	0.000000
122	4	1	0.000000
123	4	1	0.000000
124	4	1	0.000000
125	4	1	0.000000
126	4	1	0.000000
127	4	1	0.000000
128	4	1	0.000000
129	4	1	0.000000
130	4	1	0.000000
131	3	0	0.000000
132	3	0	0.000000
133	3	0	0.000000
134	3	0	0.000000
135	3	0	0.000000
136	3	0	0.000000
137	3	1	0.000000
138	3	0	0.000000
139	3	0	0.000000
140	3	0	0.000000
141	3	0	0.000000
142	3	0	0.000000
143	4	1	0.000000
144	4	1	0.000000
145	4	1	0.000000
146	4	1	0.000000
147	4	1	0.000000
148	4	1	0.000000
149	4	1	0.000000
150	4	1	0.000000
151	4	1	0.000000
152	4	1	0.000000
153	4	1	0.000000
154	4	1	0.000000
155	4	1	0.000000
156	3	0	0.000000
157	3	0	0.000000
158	3	0	0.000000
159	3	0	0.000000
160	3	1	0.000000
161	3	1	0.000000
162	3	0	0.000000
163	3	1	0.000000
164	3	0	0.000000
165	3	0	0.000000
166	3	0	0.000000
167	3	0	0.000000
168	3	0	0.000000
169	3	0	0.000000
170	3	0	0.000000
171	3	0	0.000000
172	3	0	0.000000
173	3	0	0.000000
174	3	0	0.000000
175	4	1	0.000000
176	4	1	0.000000
177	4	1	0.000000
178	4	1	0.000000
179	4	1	0.000000
180	4	1	0.000000
181	4	1	0.000000
182	4	1	0.000000
183	4	0	0.000000
184	4	1	0.000000
185	4	1	0.000000
186	4	1	0.000000
187	4	1	0.000000
188	4	1	0.000000
189	3	0	0.000000
190	4	1	0.000000
191	4	1	0.000000
192	3	0	0.000000
193	3	0	0.000000
194	3	0	0.000000
195	3	0	0.000000
196	3	0	0.000000
197	3	0	0.000000
198	3	1	0.000000
199	3	0	0.000000
200	3	0	0.000000
201	3	0	0.000000
202	3	0	0.000000
203	4	1	0.000000
204	4	1	0.000000
205	4	0	0.000000
206	4	1	0.000000
207	4	1	0.000000
208	4	1	0.000000
209	4	1	0.000000
210	4	1	0.000000
211	4	1	0.000000
212	4	1	0.000000
213	4	1	0.000000
214	4	0	0.000000
215	4	1	0.000000
216	4	1	0.000000
217	4	1	0.000000
218	3	1	0.000000
219	3	0	0.000000
220	3	0	0.000000
221	3	0	0.000000
222	3	0	0.000000
223	3	0	0.000000
224	3	0	0.000000
225	3	0	0.000000
226	3	0	0.000000
227	3	0	0.000000
228	3	0	0.000000
229	3	0	0.000000
230	3	0	0.000000
231	3	0	0.000000
232	4	1	0.000000
233	4	1	0.000000
234	4	1	0.000000
235	4	1	0.000000
236	4	1	0.000000
237	4	1	0.000000
238	4	1	0.000000
239	4	1	0.000000
240	4	1	0.000000
241	4	1	0.000000
242	4	1	0.000000
243	3	0	0.000000
244	3	0	0.000000
245	3	0	0.000000
246	3	0	0.000000
247	3	1	0.000000
248	3	0	0.000000
249	3	0	0.000000
250	3	0	0.000000
251	3	0	0.000000
252	3	0	0.000000
253	3	0	0.000000
254	3	0	0.000000
255	3	0	0.000000
256	4	1	0.000000
257	4	1	0.000000
258	4	1	0.000000
259	4	1	0.000000
260	4	1	0.000000
261	4	1	0.000000
262	4	1	0.000000
263	4	1	0.000000
264	4	1	0.000000
265	4	1	0.000000
266	4	1	0.000000
267	4	1	0.000000
268	4	1	0.000000
269	3	0	0.000000
270	3	0	0.000000
271	3	1	0.000000
272	3	1	0.000000
273	3	0	0.000000
274	3	0	0.000000
275	3	0	0.000000
276	3	0	0.000000
277	3	0	0.000000
278	3	0	0.000000
279	3	0	0.000000
280	3	0	0.000000
281	3	0	0.000000
282	3	0	0.000000
283	3	0	0.000000
284	3	0	0.000000
285	4	1	0.000000
286	4	1	0.000000
287	4	1	0.000000
288	4	1	0.000000
289	4	1	0.000000
290	4	1	0.000000
291	4	1	0.000000
292	4	1	0.000000
293	4	1	0.000000
294	4	1	0.000000
295	4	1	0.000000
296	3	1	0.000000
297	3	0	0.000000
298	3	0	0.000000
299	3	0	0.000000
300	3	0	0.000000
301	3	0	0.000000
302	3	0	0.000000
303	3	0	0.000000
304	3	0	0.000000
305	3	0	0.000000
306	3	0	0.000000
307	3	0	0.000000
308	4	1	0.000000
309	4	1	0.000000
310	4	1	0.000000
311	4	1	0.000000
312	4	1	0.000000
313	4	1	0.000000
314	4	1	0.000000
315	4	1	0.000000
316	4	1	0.000000
317	4	1	0.000000
318	3	0	0.000000
319	3	0	0.000000
320	3	0	0.000000
321	3	1	0.000000
322	3	1	0.000000
323	3	0	0.000000
324	3	0	0.000000
325	3	0	0.000000
326	3	0	0.000000
327	3	0	0.000000
328	3	0	0.000000
329	3	0	0.000000
330	3	0	0.000000
331	3	0	0.000000
332	3	0	0.000000
333	4	1	0.000000
334	4	1	0.000000
335	4	1	0.000000
336	4	0	0.000000
337	4	1	0.000000
338	4	1	0.000000
339	4	1	0.000000
340	4	1	0.000000
341	4	1	0.000000
342	4	0	0.000000
343	4	1	0.000000
344	4	0	0.000000
345	4	1	0.000000
346	4	1	0.000000
347	3	0	0.000000
348	3	0	0.000000
349	3	0	0.000000
350	3	0	0.000000
351	3	0	0.000000
352	3	0	0.000000
353	3	1	0.000000
354	3	0	0.000000
355	3	0	0.000000
356	3	0	0.000000
357	3	0	0.000000
358	4	1	0.000000
359	4	1	0.000000
360	4	0	0.000000
361	4	1	0.000000
362	5	1	0.000000
363	5	1	0.000000
364	5	1	0.000000
365	5	1	0.000000
366	5	1	0.000000
367	4	1	0.000000
368	4	1	0.000000
369	4	1	0.000000
370	4	1	0.000000
371	4	1	0.000000
372	4	1	0.000000
373	3	0	0.000000
374	3	1	0.000000
375	3	0	0.000000
376	3	1	0.000000
377	3	0	0.000000
378	3	0	0.000000
379	3	0	0.000000
380	2	0	0.000000
381	2	0	0.000000
382	2	0	0.000000
383	2	0	0.000000
384	3	0	0.000000
385	3	0	0.000000
386	3	0	0.000000
387	3	0	0.000000
388	3	0	0.000000
389	3	0	0.000000
390	3	0	0.000000
391	4	1	0.000000
392	4	1	0.000000
393	4	1	0.000000
394	4	1	0.000000
395	4	0	0.000000
396	4	1	0.000000
397	4	1	0.000000
398	4	1	0.000000
399	4	1	0.000000
400	4	0	0.000000
401	4	1	0.000000
402	4	1	0.000000
403	4	1	0.000000
404	3	0	0.000000
405	3	0	0.000000
406	3	0	0.000000
407	3	0	0.000000
408	3	0	0.000000
409	3	1	0.000000
410	3	0	0.000000
411	3	0	0.000000
412	3	0	0.000000
413	4	1	0.000000
414	4	0	0.000000
415	4	1	0.000000
416	4	1	0.000000
417	4	1	0.000000
418	4	1	0.000000
419	4	0	0.000000
420	4	1	0.000000
421	4	1	0.000000
422	4	1	0.000000
423	3	0	0.000000
424	3	1	0.000000
425	3	0	0.000000
426	3	0	0.000000
427	3	0	0.000000
428	3	0	0.000000
429	2	0	0.000000
430	2	0	0.000000
431	2	0	0.000000
432	3	0	0.000000
433	3	0	0.000000
434	3	0	0.000000
435	3	0	0.000000
436	3	0	0.000000
437	4	1	0.000000
438	4	1	0.000000
439	4	1	0.000000
440	4	1	0.000000
441	4	1	0.000000
442	5	1	0.000000
443	5	1	0.000000
444	5	1	0.000000
445	4	1	0.000000
446	4	1	0.000000
447	4	1	0.000000
448	4	1	0.000000
449	4	1	0.000000
450	4	1	0.000000
451	4	1	0.000000
452	4	1	0.000000
453	4	1	0.000000
454	4	1	0.000000
455	4	1	0.000000
456	4	1	0.000000
457	4	1	0.000000
458	3	0	0.000000
459	3	0	0.000000
460	3	0	0.000000
461	3	0	0.000000
462	3	0	0.000000
463	3	0	0.000000
464	3	0	0.000000
465	3	0	0.000000
466	3	1	0.000000
467	4	1	0.000000
468	4	1	0.000000
469	4	1	0.000000
470	4	1	0.000000
471	4	1	0.000000
472	5	1	0.000000
473	5	1	0.000000
474	5	1	0.000000
475	5	0	0.000000
476	4	1	0.000000
477	4	1	0.000000
478	4	1	0.000000
479	4	1	0.000000
480	4	1	0.000000
481	4	1	0.000000
482	4	1	0.000000
483	4	1	0.000000
484	4	1	0.000000
485	4	1	0.000000
486	4	1	0.000000
487	4	1	0.000000
488	4	1	0.000000
489	4	1	0.000000
490	3	0	0.000000
491	3	0	0.000000
492	3	0	0.000000
493	3	0	0.000000
494	3	0	0.000000
495	3	0	0.000000
496	3	0	0.000000
497	3	0	0.000000
498	3	0	0.000000
499	3	0	0.000000
500	3	0	0.000000
501	4	1	0.000000
502	4	1	0.000000
503	5	1	0.000000
504	5	1	0.000000
505	5	1	0.000000
506	5	1	0.000000
507	5	1	0.000000
508	5	0	0.000000
509	5	1	0.000000
510	5	1	0.000000
511	5	1	0.000000
512	4	1	0.000000
513	4	1	0.000000
514	4	1	0.000000
515	4	1	0.000000
516	4	0	0.000000
517	4	1	0.000000
518	4	1	0.000000
519	4	1	0.000000
520	4	1	0.000000
521	4	1	0.000000
522	4	1	0.000000
523	3	0	0.000000
524	3	0	0.000000
525	3	0	0.000000
526	3	0	0.000000
527	3	0	0.000000
528	3	1	0.000000
529	3	0	0.000000
530	3	0	0.000000
531	3	0	0.000000
532	3	0	0.000000
533	3	1	0.000000
534	4	1	0.000000
535	4	1	0.000000
536	4	1	0.000000
537	4	1	0.000000
538	4	1	0.000000
539	4	0	0.000000
540	4	1	0.000000
541	4	1	0.000000
542	4	1	0.000000
543	4	1	0.000000
544	4	1	0.000000
545	4	1	0.000000
546	4	1	0.000000
547	4	1	0.000000
548	4	1	0.000000
549	4	1	0.000000
550	3	0	0.000000
551	3	0	0.000000
552	3	0	0.000000
553	3	0	0.000000
554	3	0	0.000000
555	3	0	0.000000
556	3	0	0.000000
557	3	0	0.000000
558	3	0	0.000000
559	3	0	0.000000
560	4	1	0.000000
561	4	1	0.000000
562	4	1	0.000000
563	5	1	0.000000
564	5	1	0.000000
565	5	1	0.000000
566	5	1	0.000000
567	5	1	0.000000
568	5	1	0.000000
569	4	0	0.000000
570	4	1	0.000000
571	4	1	0.000000
572	4	1	0.000000
573	4	1	0.000000
574	4	1	0.000000
575	4	0	0.000000
576	4	1	0.000000
577	4	1	0.000000
578	4	1	0.000000
579	3	0	0.000000
580	3	0	0.000000
581	3	0	0.000000
582	3	0	0.000000
583	2	0	0.000000
584	3	0	0.000000
585	2	0	0.000000
586	3	0	0.000000
587	3	0	0.000000
588	3	0	0.000000
589	3	0	0.000000
590	3	0	0.000000
591	3	0	0.000000
592	4	1	0.000000
593	4	1	0.000000
594	4	1	0.000000
595	4	1	0.000000
596	4	1	0.000000
597	4	1	0.000000
598	4	1	0.000000
599	4	1	0.000000
600	4	1	0.000000
601	4	1	0.000000
602	4	1	0.000000
603	4	1	0.000000
604	4	0	0.000000
605	4	1	0.000000
606	4	1	0.000000
607	4	1	0.000000
608	4	1	0.000000
609	4	1	0.000000
610	3	0	0.000000
611	3	0	0.000000
612	3	0	0.000000
613	3	0	0.000000
614	3	0	0.000000
615	3	0	0.000000
616	3	0	0.000000
617	3	1	0.000000
618	3	0	0.000000
619	3	1	0.000000
620	3	0	0.000000
621	4	1	0.000000
622	4	1	0.000000
623	4	1	0.000000
624	4	1	0.000000
625	4	1	0.000000
626	4	1	0.000000
627	4	1	0.000000
628	4	1	0.000000
629	3	0	0.000000
630	3	0	0.000000
631	3	0	0.000000
632	3	0	0.000000
633	3	0	0.000000
634	3	0	0.000000
635	2	0	0.000000
636	2	0	0.000000
637	3	1	0.000000
638	3	0	0.000000
639	3	0	0.000000
640	3	0	0.000000
641	4	1	0.000000
642	4	1	0.000000
643	4	1	0.000000
644	4	1	0.000000
645	4	1	0.000000
646	4	1	0.000000
647	4	1	0.000000
648	4	1	0.000000
649	4	1	0.000000
650	3	0	0.000000
651	3	0	0.000000
652	3	0	0.000000
653	3	0	0.000000
654	3	0	0.000000
655	3	0	0.000000
656	3	1	0.000000
657	3	0	0.000000
658	3	0	0.000000
659	3	0	0.000000
660	4	1	0.000000
661	4	1	0.000000
662	4	1	0.000000
663	4	0	0.000000
664	4	1	0.000000
665	4	1	0.000000
666	4	1	0.000000
667	4	1	0.000000
668	4	1	0.000000
669	4	1	0.000000
670	4	1	0.000000
671	4	1	0.000000
672	3	0	0.000000
673	3	0	0.000000
674	3	0	0.000000
675	3	0	0.000000
676	3	0	0.000000
677	3	0	0.000000
678	3	0	0.000000
679	3	0	0.000000
680	3	0	0.000000
681	3	0	0.000000
682	3	0	0.000000
683	4	0	0.000000
684	4	1	0.000000
685	4	1	0.000000
686	4	1	0.000000
687	4	1	0.000000
688	5	1	0.000000
689	5	1	0.000000
690	5	1	0.000000
691	5	1	0.000000
692	5	1	0.000000
693	4	1	0.000000
694	4	1	0.000000
695	4	1	0.000000
696	4	1	0.000000
697	4	1	0.000000
698	3	0	0.000000
699	3	0	0.000000
700	3	0	0.000000
701	3	0	0.000000
702	4	0	0.000000
703	4	1	0.000000
704	4	1	0.000000
705	4	1	0.000000
706	4	1	0.000000
707	5	1	0.000000
708	5	1	0.000000
709	5	1	0.000000
710	5	1	0.000000
711	5	1	0.000000
712	5	1	0.000000
713	5	1	0.000000
714	5	1	0.000000
715	5	1	0.000000
716	5	1	0.000000
717	5	1	0.000000
718	5	1	0.000000
719	5	1	0.000000
720	5	1	0.000000
721	6	0	0.000000
722	6	0	0.000000
723	6	0	0.000000
724	6	0	0.000000
725	6	0	0.000000
726	5	1	0.000000
727	5	1	0.000000
728	5	1	0.000000
729	5	1	0.000000
730	5	1	0.000000
731	5	1	0.000000
732	5	1	0.000000
733	5	1	0.000000
734	5	1	0.000000
735	5	1	0.000000
736	5	1	0.000000
737	5	1	0.000000
738	5	1	0.000000
739	5	1	0.000000
740	6	0	0.000000
741	6	0	0.000000
742	6	0	0.000000
743	6	0	0.000000
744	6	0	0.000000
745	6	0	0.000000
746	5	1	0.000000
747	5	1	0.000000
748	5	1	0.000000
749	5	1	0.000000
750	5	1	0.000000
751	5	0	0.000000
752	6	0	0.000000
753	6	0	0.000000
754	6	0	0.000000
755	6	1	0.000000
756	6	0	0.000000
757	6	0	0.000000
758	6	0	0.000000
759	6	0	0.000000
760	6	0	0.000000
761	6	0	0.000000
762	5	1	0.000000
763	5	1	0.000000
764	5	1	0.000000
765	5	1	0.000000
766	5	1	0.000000
767	6	0	0.000000
768	6	0	0.000000
769	5	1	0.000000
770	5	1	0.000000
771	5	1	0.000000
772	5	1	0.000000
773	5	1	0.000000
774	5	1	0.000000
775	5	1	0.000000
776	6	0	0.000000
777	5	1	0.000000
778	5	1	0.000000
779	5	1	0.000000
780	5	1	0.000000
781	5	1	0.000000
782	5	1	0.000000
783	5	1	0.000000
784	5	1	0.000000
785	5	1	0.000000
786	5	1	0.000000
787	5	0	0.000000
788	5	1	0.000000
789	6	0	0.000000
790	5	1	0.000000
791	6	0	0.000000
792	6	0	0.000000
793	6	0	0.000000
794	6	0	0.000000
795	6	0	0.000000
796	6	0	0.000000
797	5	1	0.000000
798	5	1	0.000000
799	5	1	0.000000
800	5	1	0.000000
801	5	1	0.000000
802	5	1	0.000000
803	5	1	0.000000
804	5	1	0.000000
805	5	1	0.000000
806	5	1	0.000000
807	5	1	0.000000
808	5	1	0.000000
809	6	0	0.000000
810	6	1	0.000000
811	6	0	0.000000
812	6	1	0.000000
813	6	0	0.000000
814	6	0	0.000000
815	6	0	0.000000
816	6	0	0.000000
817	5	1	0.000000
818	5	1	0.000000
819	5	1	0.000000
820	5	1	0.000000
821	5	1	0.000000
822	5	0	0.000000
823	5	1	0.000000
824	5	1	0.000000
825	5	0	0.000000
826	5	1	0.000000
827	5	1	0.000000
828	5	0	0.000000
829	5	1	0.000000
830	5	0	0.000000
831	5	1	0.000000
832	6	0	0.000000
833	6	0	0.000000
834	5	1	0.000000
835	5	0	0.000000
836	5	1	0.000000
837	5	1	0.000000
838	5	1	0.000000
839	5	1	0.000000
840	5	1	0.000000
841	5	1	0.000000
842	5	1	0.000000
843	5	1	0.000000
844	5	1	0.000000
845	5	1	0.000000
846	5	1	0.000000
847	6	0	0.000000
848	5	1	0.000000
849	6	1	0.000000
850	6	0	0.000000
851	6	0	0.000000
852	6	0	0.000000
853	5	1	0.000000
854	5	1	0.000000
855	5	1	0.000000
856	5	1	0.000000
857	5	1	0.000000
858	5	1	0.000000
859	5	1	0.000000
860	5	1	0.000000
861	5	1	0.000000
862	5	1	0.000000
863	6	0	0.000000
864	6	0	0.000000
865	6	0	0.000000
866	6	0	0.000000
867	6	0	0.000000
868	6	0	0.000000
869	6	0	0.000000
870	6	0	0.000000
871	6	0	0.000000
872	5	1	0.000000
873	5	1	0.000000
874	5	1	0.000000
875	5	1	0.000000
876	5	1	0.000000
877	5	1	0.000000
878	5	1	0.000000
879	5	1	0.000000
880	5	1	0.000000
881	5	1	0.000000
882	5	1	0.000000
883	5	1	0.000000
884	5	1	0.000000
885	6	0	0.000000
886	6	0	0.000000
887	6	0	0.000000
888	6	0	0.000000
889	6	1	0.000000
890	6	0	0.000000
891	6	0	0.000000
892	5	1	0.000000
893	6	0	0.000000
894	5	1	0.000000
895	5	1	0.000000
896	5	1	0.000000
897	5	1	0.000000
898	6	0	0.000000
899	5	1	0.000000
900	6	0	0.000000
901	6	0	0.000000
902	6	0	0.000000
903	6	0	0.000000
904	6	0	0.000000
905	6	0	0.000000
906	6	0	0.000000
907	6	0	0.000000
908	6	0	0.000000
909	6	0	0.000000
910	6	0	0.000000
911	6	0	0.000000
912	6	0	0.000000
913	6	0	0.000000
914	6	0	0.000000
915	6	0	0.000000
916	6	0	0.000000
917	6	0	0.000000
918	6	0	0.000000
919	6	0	0.000000
920	6	0	0.000000
921	6	0	0.000000
922	6	0	0.000000
923	6	0	0.000000
924	6	0	0.000000
925	6	0	0.000000
926	6	0	0.000000
927	6	0	0.000000
928	6	0	0.000000
929	6	0	0.000000
930	6	0	0.000000
931	6	0	0.000000
932	6	0	0.000000
933	6	0	0.000000
934	6	0	0.000000
935	6	0	0.000000
936	6	0	0.000000
937	6	0	0.000000
938	6	0	0.000000
939	6	0	0.000000
940	6	0	0.000000
941	6	0	0.000000
942	6	0	0.000000
943	6	0	0.000000
944	6	0	0.000000
945	6	1	0.000000
946	6	0	0.000000
947	6	0	0.000000
948	6	0	0.000000
949	6	0	0.000000
950	6	0	0.000000
951	6	0	0.000000
952	6	0	0.000000
953	6	0	0.000000
954	6	0	0.000000
955	6	0	0.000000
956	6	0	0.000000
957	6	0	0.000000
958	6	0	0.000000
959	6	0	0.000000
960	6	0	0.000000
961	6	0	0.000000
962	6	0	0.000000
963	6	0	0.000000
964	6	0	0.000000
965	6	0	0.000000
966	6	1	0.000000
967	6	0	0.000000
968	6	0	0.000000
969	6	1	0.000000
970	6	0	0.000000
971	6	0	0.000000
972	6	0	0.000000
973	6	0	0.000000
974	6	0	0.000000
975	6	0	0.000000
976	6	0	0.000000
977	6	0	0.000000
978	6	0	0.000000
979	6	0	0.000000
980	6	0	0.000000
981	6	0	0.000000
982	6	0	0.000000
983	6	0	0.000000
984	6	0	0.000000
985	6	0	0.000000
986	6	1	0.000000
987	6	0	0.000000
988	6	0	0.000000
989	6	0	0.000000
990	6	0	0.000000
991	6	0	0.000000
992	6	1	0.000000
993	6	0	0.000000
994	5	1	0.000000
995	5	1	0.000000
996	5	1	0.000000
997	5	1	0.000000
998	5	1	0.000000
999	5	1	0.000000
1000	5	1	0.000000
1001	5	1	0.000000
1002	5	1	0.000000
1003	5	1	0.000000
1004	5	1	0.000000
1005	5	1	0.000000
1006	5	1	0.000000
1007	5	1	0.000000
1008	5	1	0.000000
1009	5	0	0.000000
1010	6	0	0.000000
1011	6	0	0.000000
1012	6	0	0.000000
1013	6	0	0.000000
1014	6	0	0.000000
1015	6	0	0.000000
1016	6	1	0.000000
1017	5	1	0.000000
1018	5	1	0.000000
1019	6	0	0.000000
1020	6	0	0.000000
1021	5	1	0.000000
1022	6	0	0.000000
1023	5	1	0.000000
1024	6	0	0.000000
1025	6	0	0.000000
1026	6	0	0.000000
1027	6	0	0.000000
1028	6	0	0.000000
1029	6	0	0.000000
1030	6	0	0.000000
1031	6	0	0.000000
1032	6	0	0.000000
1033	6	0	0.000000
1034	5	1	0.000000
1035	6	0	0.000000
1036	6	0	0.000000
1037	6	0	0.000000
1038	6	0	0.000000
1039	6	0	0.000000
1040	6	0	0.000000
1041	6	0	0.000000
1042	6	0	0.000000
1043	6	0	0.000000
1044	6	0	0.000000
1045	6	0	0.000000
1046	6	0	0.000000
1047	5	1	0.000000
1048	5	1	0.000000
1049	6	0	0.000000
1050	5	0	0.000000
1051	5	1	0.000000
1052	5	1	0.000000
1053	5	0	0.000000
1054	5	1	0.000000
1055	5	1	0.000000
1056	5	1	0.000000
1057	5	1	0.000000
1058	5	0	0.000000
1059	5	1	0.000000
1060	5	1	0.000000
1061	5	0	0.000000
1062	5	1	0.000000
1063	5	1	0.000000
1064	5	1	0.000000
1065	5	1	0.000000
1066	5	1	0.000000
1067	5	1	0.000000
1068	5	1	0.000000
1069	5	1	0.000000
1070	5	1	0.000000
1071	5	1	0.000000
1072	5	1	0.000000
1073	5	1	0.000000
1074	6	0	0.000000
1075	6	0	0.000000
1076	6	0	0.000000
1077	6	0	0.000000
1078	5	1	0.000000
1079	5	1	0.000000
1080	5	1	0.000000
1081	5	1	0.000000
1082	5	1	0.000000
1083	5	0	0.000000
1084	5	1	0.000000
1085	5	1	0.000000
1086	5	1	0.000000
1087	5	1	0.000000
1088	5	1	0.000000
1089	5	1	0.000000
1090	5	1	0.000000
1091	5	1	0.000000
1092	5	1	0.000000
1093	5	1	0.000000
1094	5	1	0.000000
1095	5	1	0.000000
1096	5	1	0.000000
1097	5	1	0.000000
1098	5	0	0.000000
1099	5	1	0.000000
1100	5	1	0.000000
1101	5	1	0.000000
1102	5	0	0.000000
1103	5	1	0.000000
1104	5	1	0.000000
1105	5	1	0.000000
1106	5	1	0.000000
1107	5	1	0.000000
1108	5	0	0.000000
1109	5	1	0.000000
1110	5	1	0.000000
1111	5	1	0.000000
1112	5	1	0.000000
1113	5	1	0.000000
1114	5	1	0.000000
1115	5	1	0.000000
1116	5	1	0.000000
1117	5	1	0.000000
1118	5	0	0.000000
1119	5	1	0.000000
1120	5	0	0.000000
1121	5	1	0.000000
1122	5	0	0.000000
1123	5	1	0.000000
1124	5	1	0.000000
1125	5	1	0.000000
1126	5	1	0.000000
1127	5	1	0.000000
1128	5	1	0.000000
1129	5	1	0.000000
1130	5	1	0.000000
1131	5	1	600.000000
1132	0	0	0.000000
