StartTime	2015/09/23 14:04:57
FinishTime	2015/09/23 14:05:59
ElapsedTime	62.000000
/home/daisuke/git/ReinforcementLearning/log/EV3LineTracer_20150923134031_10Setting_20150923134032.log
0	1.000000
1	0.062500	0.937500
2	0.062500	0.937500
3	0.937500	0.062500
4	0.062500	0.937500
5	0.937500	0.062500
6	0.062500	0.937500
7	0.062500	0.937500
8	0.062500	0.937500
9	0.062500	0.937500
4354
0	3	0	0.000000
1	3	1	0.000000
2	3	0	0.000000
3	3	0	0.000000
4	3	0	0.000000
5	3	0	0.000000
6	3	0	0.000000
7	3	0	0.000000
8	4	1	0.000000
9	4	0	0.000000
10	4	1	0.000000
11	4	1	0.000000
12	4	1	0.000000
13	4	1	0.000000
14	4	1	0.000000
15	4	0	0.000000
16	4	1	0.000000
17	4	1	0.000000
18	4	1	0.000000
19	4	1	0.000000
20	4	1	0.000000
21	4	1	0.000000
22	4	1	0.000000
23	4	1	0.000000
24	4	1	0.000000
25	4	1	0.000000
26	4	1	0.000000
27	4	1	0.000000
28	4	1	0.000000
29	4	1	0.000000
30	4	1	0.000000
31	4	1	0.000000
32	4	1	0.000000
33	4	1	0.000000
34	4	1	0.000000
35	4	1	0.000000
36	4	1	0.000000
37	4	1	0.000000
38	4	1	0.000000
39	4	1	0.000000
40	4	1	0.000000
41	4	1	0.000000
42	4	1	0.000000
43	4	1	0.000000
44	4	1	0.000000
45	4	1	0.000000
46	4	1	0.000000
47	4	1	0.000000
48	4	0	0.000000
49	4	1	0.000000
50	4	1	0.000000
51	4	1	0.000000
52	4	1	0.000000
53	4	1	0.000000
54	4	1	0.000000
55	4	1	0.000000
56	4	1	0.000000
57	4	1	0.000000
58	4	1	0.000000
59	4	0	0.000000
60	4	1	0.000000
61	3	0	0.000000
62	3	0	0.000000
63	3	0	0.000000
64	3	0	0.000000
65	3	0	0.000000
66	3	0	0.000000
67	3	0	0.000000
68	3	0	0.000000
69	3	0	0.000000
70	3	1	0.000000
71	3	1	0.000000
72	4	1	0.000000
73	4	1	0.000000
74	4	1	0.000000
75	4	1	0.000000
76	4	1	0.000000
77	4	1	0.000000
78	4	1	0.000000
79	4	1	0.000000
80	3	0	0.000000
81	3	1	0.000000
82	3	0	0.000000
83	3	1	0.000000
84	3	0	0.000000
85	3	0	0.000000
86	3	0	0.000000
87	3	1	0.000000
88	3	0	0.000000
89	4	1	0.000000
90	4	1	0.000000
91	4	0	0.000000
92	4	1	0.000000
93	4	1	0.000000
94	4	1	0.000000
95	4	1	0.000000
96	4	1	0.000000
97	4	1	0.000000
98	4	1	0.000000
99	4	1	0.000000
100	4	1	0.000000
101	3	0	0.000000
102	3	0	0.000000
103	3	0	0.000000
104	3	0	0.000000
105	3	1	0.000000
106	3	0	0.000000
107	3	0	0.000000
108	4	1	0.000000
109	4	1	0.000000
110	4	1	0.000000
111	4	1	0.000000
112	4	1	0.000000
113	4	1	0.000000
114	4	1	0.000000
115	4	1	0.000000
116	4	1	0.000000
117	4	0	0.000000
118	4	0	0.000000
119	4	1	0.000000
120	4	1	0.000000
121	4	1	0.000000
122	4	1	0.000000
123	4	1	0.000000
124	4	1	0.000000
125	4	1	0.000000
126	4	1	0.000000
127	4	1	0.000000
128	4	1	0.000000
129	4	1	0.000000
130	4	1	0.000000
131	4	1	0.000000
132	3	0	0.000000
133	3	0	0.000000
134	3	0	0.000000
135	3	0	0.000000
136	3	0	0.000000
137	3	0	0.000000
138	3	0	0.000000
139	3	0	0.000000
140	3	0	0.000000
141	3	0	0.000000
142	3	0	0.000000
143	3	0	0.000000
144	4	1	0.000000
145	4	1	0.000000
146	4	0	0.000000
147	4	1	0.000000
148	4	1	0.000000
149	4	1	0.000000
150	4	1	0.000000
151	4	1	0.000000
152	4	1	0.000000
153	4	0	0.000000
154	4	1	0.000000
155	4	1	0.000000
156	4	1	0.000000
157	4	1	0.000000
158	4	1	0.000000
159	3	0	0.000000
160	4	1	0.000000
161	4	1	0.000000
162	4	1	0.000000
163	4	1	0.000000
164	4	1	0.000000
165	4	1	0.000000
166	4	1	0.000000
167	3	0	0.000000
168	3	0	0.000000
169	3	0	0.000000
170	3	0	0.000000
171	3	0	0.000000
172	3	0	0.000000
173	3	0	0.000000
174	3	0	0.000000
175	3	0	0.000000
176	3	0	0.000000
177	3	0	0.000000
178	3	0	0.000000
179	3	0	0.000000
180	3	0	0.000000
181	3	0	0.000000
182	4	1	0.000000
183	4	1	0.000000
184	4	1	0.000000
185	4	1	0.000000
186	4	1	0.000000
187	4	1	0.000000
188	4	1	0.000000
189	4	1	0.000000
190	4	1	0.000000
191	4	1	0.000000
192	4	1	0.000000
193	4	1	0.000000
194	4	1	0.000000
195	4	1	0.000000
196	4	1	0.000000
197	4	1	0.000000
198	4	1	0.000000
199	4	1	0.000000
200	4	1	0.000000
201	4	1	0.000000
202	4	1	0.000000
203	4	1	0.000000
204	3	0	0.000000
205	3	0	0.000000
206	3	0	0.000000
207	3	0	0.000000
208	3	0	0.000000
209	3	0	0.000000
210	3	0	0.000000
211	3	0	0.000000
212	3	1	0.000000
213	3	0	0.000000
214	3	1	0.000000
215	3	0	0.000000
216	3	0	0.000000
217	3	0	0.000000
218	4	1	0.000000
219	4	1	0.000000
220	4	1	0.000000
221	4	1	0.000000
222	4	1	0.000000
223	4	1	0.000000
224	4	1	0.000000
225	4	1	0.000000
226	4	1	0.000000
227	4	1	0.000000
228	3	0	0.000000
229	3	0	0.000000
230	3	0	0.000000
231	3	0	0.000000
232	3	1	0.000000
233	3	0	0.000000
234	3	0	0.000000
235	3	0	0.000000
236	4	1	0.000000
237	4	1	0.000000
238	4	1	0.000000
239	4	1	0.000000
240	4	1	0.000000
241	4	1	0.000000
242	4	1	0.000000
243	4	1	0.000000
244	4	1	0.000000
245	4	1	0.000000
246	3	0	0.000000
247	3	0	0.000000
248	3	0	0.000000
249	3	0	0.000000
250	3	0	0.000000
251	4	1	0.000000
252	4	1	0.000000
253	4	1	0.000000
254	4	1	0.000000
255	4	1	0.000000
256	4	1	0.000000
257	4	1	0.000000
258	4	1	0.000000
259	4	1	0.000000
260	4	1	0.000000
261	4	1	0.000000
262	4	1	0.000000
263	4	1	0.000000
264	4	1	0.000000
265	4	1	0.000000
266	4	0	0.000000
267	4	1	0.000000
268	4	1	0.000000
269	4	0	0.000000
270	4	1	0.000000
271	4	1	0.000000
272	4	1	0.000000
273	4	1	0.000000
274	4	1	0.000000
275	4	1	0.000000
276	4	1	0.000000
277	4	1	0.000000
278	4	1	0.000000
279	4	1	0.000000
280	4	1	0.000000
281	4	1	0.000000
282	4	1	0.000000
283	4	1	0.000000
284	4	1	0.000000
285	4	1	0.000000
286	4	1	0.000000
287	4	1	0.000000
288	4	1	0.000000
289	4	0	0.000000
290	4	1	0.000000
291	4	1	0.000000
292	4	1	0.000000
293	4	1	0.000000
294	4	1	0.000000
295	4	1	0.000000
296	4	1	0.000000
297	4	1	0.000000
298	4	1	0.000000
299	4	1	0.000000
300	4	1	0.000000
301	4	1	0.000000
302	4	1	0.000000
303	4	1	0.000000
304	4	1	0.000000
305	4	1	0.000000
306	4	1	0.000000
307	4	1	0.000000
308	4	1	0.000000
309	4	1	0.000000
310	4	1	0.000000
311	4	1	0.000000
312	4	1	0.000000
313	4	1	0.000000
314	4	1	0.000000
315	4	1	0.000000
316	4	0	0.000000
317	4	1	0.000000
318	4	1	0.000000
319	4	1	0.000000
320	4	0	0.000000
321	4	1	0.000000
322	4	0	0.000000
323	4	1	0.000000
324	4	1	0.000000
325	4	1	0.000000
326	4	1	0.000000
327	4	1	0.000000
328	4	1	0.000000
329	4	1	0.000000
330	4	1	0.000000
331	4	1	0.000000
332	4	1	0.000000
333	4	1	0.000000
334	4	1	0.000000
335	4	1	0.000000
336	4	0	0.000000
337	4	1	0.000000
338	4	1	0.000000
339	4	1	0.000000
340	4	1	0.000000
341	4	0	0.000000
342	4	1	0.000000
343	4	1	0.000000
344	4	1	0.000000
345	4	1	0.000000
346	4	1	0.000000
347	4	1	0.000000
348	4	0	0.000000
349	4	1	0.000000
350	4	1	0.000000
351	4	1	0.000000
352	4	1	0.000000
353	4	1	0.000000
354	4	1	0.000000
355	4	1	0.000000
356	4	0	0.000000
357	4	1	0.000000
358	4	1	0.000000
359	4	1	0.000000
360	4	1	0.000000
361	4	1	0.000000
362	4	1	0.000000
363	4	1	0.000000
364	4	1	0.000000
365	4	1	0.000000
366	3	0	0.000000
367	3	0	0.000000
368	3	0	0.000000
369	3	0	0.000000
370	3	0	0.000000
371	3	0	0.000000
372	3	0	0.000000
373	3	0	0.000000
374	3	0	0.000000
375	3	0	0.000000
376	3	0	0.000000
377	4	1	0.000000
378	4	0	0.000000
379	4	1	0.000000
380	4	1	0.000000
381	4	1	0.000000
382	4	1	0.000000
383	4	1	0.000000
384	4	1	0.000000
385	4	1	0.000000
386	4	1	0.000000
387	3	0	0.000000
388	3	0	0.000000
389	3	0	0.000000
390	3	0	0.000000
391	3	0	0.000000
392	3	0	0.000000
393	3	0	0.000000
394	3	0	0.000000
395	4	1	0.000000
396	4	1	0.000000
397	4	1	0.000000
398	4	1	0.000000
399	4	1	0.000000
400	4	1	0.000000
401	4	0	0.000000
402	4	1	0.000000
403	4	1	0.000000
404	4	1	0.000000
405	4	1	0.000000
406	4	1	0.000000
407	4	1	0.000000
408	4	1	0.000000
409	4	1	0.000000
410	4	1	0.000000
411	4	1	0.000000
412	4	1	0.000000
413	4	1	0.000000
414	4	1	0.000000
415	4	1	0.000000
416	4	1	0.000000
417	4	1	0.000000
418	4	1	0.000000
419	4	1	0.000000
420	4	1	0.000000
421	4	1	0.000000
422	4	1	0.000000
423	4	1	0.000000
424	4	1	0.000000
425	4	1	0.000000
426	4	1	0.000000
427	4	1	0.000000
428	4	1	0.000000
429	3	0	0.000000
430	3	0	0.000000
431	3	0	0.000000
432	3	0	0.000000
433	3	1	0.000000
434	3	0	0.000000
435	3	0	0.000000
436	3	0	0.000000
437	3	0	0.000000
438	3	0	0.000000
439	3	0	0.000000
440	3	0	0.000000
441	3	0	0.000000
442	3	0	0.000000
443	3	0	0.000000
444	3	1	0.000000
445	3	0	0.000000
446	3	0	0.000000
447	3	0	0.000000
448	3	0	0.000000
449	3	0	0.000000
450	3	0	0.000000
451	4	1	0.000000
452	4	1	0.000000
453	4	1	0.000000
454	4	1	0.000000
455	4	1	0.000000
456	4	1	0.000000
457	4	1	0.000000
458	4	1	0.000000
459	4	1	0.000000
460	4	1	0.000000
461	4	1	0.000000
462	4	1	0.000000
463	4	1	0.000000
464	4	1	0.000000
465	4	1	0.000000
466	4	1	0.000000
467	4	1	0.000000
468	4	0	0.000000
469	4	1	0.000000
470	4	1	0.000000
471	4	1	0.000000
472	4	1	0.000000
473	4	1	0.000000
474	4	1	0.000000
475	4	1	0.000000
476	4	1	0.000000
477	4	1	0.000000
478	4	1	0.000000
479	4	1	0.000000
480	4	1	0.000000
481	4	1	0.000000
482	4	1	0.000000
483	4	1	0.000000
484	5	0	0.000000
485	4	1	0.000000
486	4	1	0.000000
487	5	0	0.000000
488	5	0	0.000000
489	4	1	0.000000
490	4	0	0.000000
491	4	1	0.000000
492	5	0	0.000000
493	4	1	0.000000
494	4	0	0.000000
495	4	1	0.000000
496	5	0	0.000000
497	5	0	0.000000
498	5	0	0.000000
499	5	0	0.000000
500	5	0	0.000000
501	4	1	0.000000
502	4	1	0.000000
503	4	1	0.000000
504	4	1	0.000000
505	4	1	0.000000
506	5	0	0.000000
507	5	0	0.000000
508	4	1	0.000000
509	4	1	0.000000
510	4	1	0.000000
511	4	1	0.000000
512	4	1	0.000000
513	4	1	0.000000
514	4	1	0.000000
515	4	1	0.000000
516	4	1	0.000000
517	4	1	0.000000
518	4	1	0.000000
519	4	1	0.000000
520	4	1	0.000000
521	4	1	0.000000
522	4	1	0.000000
523	4	1	0.000000
524	4	1	0.000000
525	5	0	0.000000
526	5	0	0.000000
527	5	0	0.000000
528	5	0	0.000000
529	5	0	0.000000
530	5	0	0.000000
531	5	0	0.000000
532	5	0	0.000000
533	5	0	0.000000
534	5	0	0.000000
535	5	0	0.000000
536	5	0	0.000000
537	5	0	0.000000
538	4	1	0.000000
539	5	0	0.000000
540	4	1	0.000000
541	4	0	0.000000
542	4	1	0.000000
543	4	1	0.000000
544	4	1	0.000000
545	4	1	0.000000
546	4	1	0.000000
547	5	1	0.000000
548	5	0	0.000000
549	5	1	0.000000
550	5	0	0.000000
551	4	1	0.000000
552	4	1	0.000000
553	4	1	0.000000
554	4	1	0.000000
555	5	0	0.000000
556	5	0	0.000000
557	5	0	0.000000
558	5	0	0.000000
559	5	0	0.000000
560	5	0	0.000000
561	5	0	0.000000
562	5	0	0.000000
563	5	0	0.000000
564	4	1	0.000000
565	4	1	0.000000
566	4	1	0.000000
567	4	1	0.000000
568	4	1	0.000000
569	4	1	0.000000
570	4	1	0.000000
571	5	0	0.000000
572	5	0	0.000000
573	5	0	0.000000
574	5	0	0.000000
575	5	0	0.000000
576	5	0	0.000000
577	5	0	0.000000
578	5	0	0.000000
579	5	0	0.000000
580	5	0	0.000000
581	5	0	0.000000
582	5	0	0.000000
583	5	0	0.000000
584	5	0	0.000000
585	5	0	0.000000
586	5	0	0.000000
587	5	0	0.000000
588	5	0	0.000000
589	5	0	0.000000
590	5	1	0.000000
591	5	0	0.000000
592	5	1	0.000000
593	5	0	0.000000
594	5	0	0.000000
595	5	0	0.000000
596	5	0	0.000000
597	5	0	0.000000
598	4	1	0.000000
599	4	1	0.000000
600	4	1	0.000000
601	4	1	0.000000
602	4	1	0.000000
603	4	1	0.000000
604	4	1	0.000000
605	4	0	0.000000
606	4	1	0.000000
607	4	1	0.000000
608	4	1	0.000000
609	3	0	0.000000
610	3	0	0.000000
611	3	0	0.000000
612	3	0	0.000000
613	3	0	0.000000
614	3	0	0.000000
615	3	0	0.000000
616	2	1	0.000000
617	2	1	0.000000
618	2	1	0.000000
619	2	1	0.000000
620	1	1	0.000000
621	1	1	0.000000
622	1	0	0.000000
623	1	1	0.000000
624	1	1	0.000000
625	2	1	0.000000
626	2	1	0.000000
627	3	0	0.000000
628	3	0	0.000000
629	3	0	0.000000
630	3	0	0.000000
631	2	1	0.000000
632	2	1	0.000000
633	2	0	0.000000
634	2	1	0.000000
635	1	1	0.000000
636	1	1	0.000000
637	1	1	0.000000
638	1	1	0.000000
639	1	1	0.000000
640	1	1	0.000000
641	1	1	0.000000
642	1	1	0.000000
643	1	1	0.000000
644	1	1	0.000000
645	1	1	0.000000
646	1	1	0.000000
647	1	1	0.000000
648	1	1	0.000000
649	1	1	0.000000
650	1	1	0.000000
651	1	1	0.000000
652	1	1	0.000000
653	1	1	0.000000
654	1	1	0.000000
655	1	1	0.000000
656	1	1	0.000000
657	1	1	0.000000
658	1	1	0.000000
659	1	1	0.000000
660	1	1	0.000000
661	1	1	0.000000
662	1	1	0.000000
663	1	1	0.000000
664	1	1	0.000000
665	1	1	0.000000
666	1	1	0.000000
667	1	1	0.000000
668	1	1	0.000000
669	1	1	0.000000
670	1	1	0.000000
671	1	1	0.000000
672	1	1	0.000000
673	1	1	0.000000
674	1	1	0.000000
675	1	1	0.000000
676	1	1	0.000000
677	1	1	0.000000
678	1	1	0.000000
679	1	1	0.000000
680	1	1	0.000000
681	1	1	0.000000
682	1	1	0.000000
683	2	1	0.000000
684	2	0	0.000000
685	2	1	0.000000
686	2	1	0.000000
687	2	1	0.000000
688	2	1	0.000000
689	2	1	0.000000
690	2	1	0.000000
691	2	1	0.000000
692	2	1	0.000000
693	2	1	0.000000
694	3	1	0.000000
695	3	0	0.000000
696	3	0	0.000000
697	3	0	0.000000
698	3	0	0.000000
699	3	0	0.000000
700	3	1	0.000000
701	3	0	0.000000
702	4	1	0.000000
703	4	1	0.000000
704	4	1	0.000000
705	4	1	0.000000
706	4	1	0.000000
707	4	1	0.000000
708	4	1	0.000000
709	4	1	0.000000
710	4	1	0.000000
711	4	1	0.000000
712	4	1	0.000000
713	4	1	0.000000
714	4	1	0.000000
715	4	1	0.000000
716	4	1	0.000000
717	4	1	0.000000
718	4	1	0.000000
719	4	1	0.000000
720	4	1	0.000000
721	5	0	0.000000
722	5	0	0.000000
723	4	1	0.000000
724	4	1	0.000000
725	4	1	0.000000
726	4	1	0.000000
727	4	1	0.000000
728	4	1	0.000000
729	4	1	0.000000
730	4	1	0.000000
731	4	1	0.000000
732	4	1	0.000000
733	4	1	0.000000
734	4	1	0.000000
735	4	1	0.000000
736	4	1	0.000000
737	4	1	0.000000
738	4	1	0.000000
739	4	1	0.000000
740	4	1	0.000000
741	4	1	0.000000
742	4	1	0.000000
743	4	1	0.000000
744	4	1	0.000000
745	4	1	0.000000
746	4	1	0.000000
747	4	1	0.000000
748	4	1	0.000000
749	4	1	0.000000
750	4	1	0.000000
751	4	1	0.000000
752	4	1	0.000000
753	4	1	0.000000
754	4	1	0.000000
755	4	0	0.000000
756	4	1	0.000000
757	4	1	0.000000
758	4	1	0.000000
759	4	1	0.000000
760	4	1	0.000000
761	4	1	0.000000
762	5	0	0.000000
763	4	1	0.000000
764	4	0	0.000000
765	4	1	0.000000
766	5	0	0.000000
767	5	0	0.000000
768	5	0	0.000000
769	5	0	0.000000
770	5	1	0.000000
771	5	0	0.000000
772	5	0	0.000000
773	5	0	0.000000
774	5	0	0.000000
775	5	0	0.000000
776	5	0	0.000000
777	5	0	0.000000
778	5	0	0.000000
779	4	1	0.000000
780	4	1	0.000000
781	4	1	0.000000
782	4	1	0.000000
783	4	1	0.000000
784	4	1	0.000000
785	4	1	0.000000
786	4	1	0.000000
787	4	1	0.000000
788	4	1	0.000000
789	4	1	0.000000
790	4	1	0.000000
791	4	1	0.000000
792	4	1	0.000000
793	4	1	0.000000
794	4	1	0.000000
795	4	1	0.000000
796	5	0	0.000000
797	4	1	0.000000
798	5	0	0.000000
799	5	0	0.000000
800	5	0	0.000000
801	5	0	0.000000
802	5	0	0.000000
803	5	0	0.000000
804	5	0	0.000000
805	5	0	0.000000
806	5	0	0.000000
807	5	0	0.000000
808	5	0	0.000000
809	4	1	0.000000
810	4	1	0.000000
811	4	1	0.000000
812	4	1	0.000000
813	4	1	0.000000
814	4	1	0.000000
815	4	1	0.000000
816	4	1	0.000000
817	4	1	0.000000
818	4	1	0.000000
819	4	1	0.000000
820	4	1	0.000000
821	4	1	0.000000
822	4	1	0.000000
823	4	1	0.000000
824	4	1	0.000000
825	4	1	0.000000
826	4	1	0.000000
827	4	1	0.000000
828	4	1	0.000000
829	4	1	0.000000
830	4	1	0.000000
831	4	1	0.000000
832	4	1	0.000000
833	4	1	0.000000
834	4	1	0.000000
835	4	1	0.000000
836	4	1	0.000000
837	4	1	0.000000
838	4	1	0.000000
839	4	1	0.000000
840	4	1	0.000000
841	4	0	0.000000
842	4	0	0.000000
843	4	1	0.000000
844	4	1	0.000000
845	4	1	0.000000
846	4	1	0.000000
847	4	1	0.000000
848	4	1	0.000000
849	4	1	0.000000
850	4	1	0.000000
851	4	1	0.000000
852	4	0	0.000000
853	4	1	0.000000
854	4	1	0.000000
855	4	1	0.000000
856	4	1	0.000000
857	4	1	0.000000
858	4	1	0.000000
859	4	1	0.000000
860	4	1	0.000000
861	4	1	0.000000
862	4	1	0.000000
863	4	1	0.000000
864	4	1	0.000000
865	4	1	0.000000
866	4	1	0.000000
867	4	1	0.000000
868	4	1	0.000000
869	4	1	0.000000
870	4	0	0.000000
871	4	1	0.000000
872	4	1	0.000000
873	4	1	0.000000
874	4	1	0.000000
875	4	1	0.000000
876	4	1	0.000000
877	4	1	0.000000
878	4	1	0.000000
879	4	1	0.000000
880	4	1	0.000000
881	4	1	0.000000
882	4	1	0.000000
883	4	1	0.000000
884	4	1	0.000000
885	4	1	0.000000
886	4	1	0.000000
887	4	1	0.000000
888	4	1	0.000000
889	4	1	0.000000
890	4	1	0.000000
891	4	1	0.000000
892	4	1	0.000000
893	4	1	0.000000
894	4	0	0.000000
895	4	1	0.000000
896	4	1	0.000000
897	4	1	0.000000
898	4	1	0.000000
899	4	1	0.000000
900	4	1	0.000000
901	4	1	0.000000
902	4	0	0.000000
903	4	1	0.000000
904	4	1	0.000000
905	4	1	0.000000
906	4	1	0.000000
907	4	1	0.000000
908	4	1	0.000000
909	4	1	0.000000
910	4	1	0.000000
911	4	1	0.000000
912	4	1	0.000000
913	4	1	0.000000
914	4	1	0.000000
915	4	1	0.000000
916	3	0	0.000000
917	3	0	0.000000
918	3	0	0.000000
919	3	0	0.000000
920	3	0	0.000000
921	3	0	0.000000
922	3	0	0.000000
923	3	0	0.000000
924	3	0	0.000000
925	3	0	0.000000
926	3	0	0.000000
927	3	0	0.000000
928	3	0	0.000000
929	3	0	0.000000
930	3	0	0.000000
931	2	1	0.000000
932	2	1	0.000000
933	2	1	0.000000
934	2	1	0.000000
935	2	1	0.000000
936	2	1	0.000000
937	1	1	0.000000
938	1	1	0.000000
939	1	1	0.000000
940	1	1	0.000000
941	1	1	0.000000
942	1	1	0.000000
943	1	1	0.000000
944	1	1	0.000000
945	1	1	0.000000
946	1	1	0.000000
947	1	1	0.000000
948	1	1	0.000000
949	1	1	0.000000
950	1	1	0.000000
951	1	1	0.000000
952	1	1	0.000000
953	1	1	0.000000
954	1	1	0.000000
955	1	1	0.000000
956	1	1	0.000000
957	1	1	0.000000
958	1	1	0.000000
959	1	1	0.000000
960	1	1	0.000000
961	1	1	0.000000
962	1	1	0.000000
963	1	1	0.000000
964	1	1	0.000000
965	1	1	0.000000
966	1	1	0.000000
967	1	1	0.000000
968	1	1	0.000000
969	1	0	0.000000
970	1	1	0.000000
971	1	1	0.000000
972	1	1	0.000000
973	1	1	0.000000
974	1	1	0.000000
975	1	1	0.000000
976	1	1	0.000000
977	1	1	0.000000
978	1	1	0.000000
979	1	1	0.000000
980	1	1	0.000000
981	1	1	0.000000
982	1	1	0.000000
983	1	1	0.000000
984	1	1	0.000000
985	1	1	0.000000
986	1	1	0.000000
987	1	1	0.000000
988	1	1	0.000000
989	1	1	0.000000
990	1	1	0.000000
991	1	1	0.000000
992	1	0	0.000000
993	1	1	0.000000
994	1	1	0.000000
995	1	1	0.000000
996	1	1	0.000000
997	1	1	0.000000
998	1	0	0.000000
999	1	1	0.000000
1000	1	1	0.000000
1001	1	1	0.000000
1002	1	1	0.000000
1003	1	1	0.000000
1004	1	1	0.000000
1005	1	1	0.000000
1006	1	0	0.000000
1007	1	1	0.000000
1008	1	0	0.000000
1009	1	1	0.000000
1010	1	1	0.000000
1011	1	1	0.000000
1012	1	1	0.000000
1013	1	1	0.000000
1014	1	1	0.000000
1015	1	1	0.000000
1016	1	1	0.000000
1017	1	1	0.000000
1018	1	1	0.000000
1019	2	1	0.000000
1020	1	1	0.000000
1021	1	1	0.000000
1022	1	1	0.000000
1023	1	1	0.000000
1024	1	1	0.000000
1025	1	1	0.000000
1026	1	1	0.000000
1027	1	1	0.000000
1028	1	1	0.000000
1029	1	1	0.000000
1030	1	1	0.000000
1031	1	1	0.000000
1032	1	1	0.000000
1033	1	1	0.000000
1034	1	1	0.000000
1035	1	1	0.000000
1036	1	1	0.000000
1037	1	1	0.000000
1038	1	1	0.000000
1039	1	1	0.000000
1040	1	1	0.000000
1041	1	1	0.000000
1042	1	1	0.000000
1043	1	1	0.000000
1044	1	1	0.000000
1045	1	1	0.000000
1046	1	1	0.000000
1047	1	1	0.000000
1048	1	1	0.000000
1049	1	1	0.000000
1050	1	1	0.000000
1051	1	1	0.000000
1052	1	1	0.000000
1053	1	1	0.000000
1054	1	1	0.000000
1055	1	0	0.000000
1056	1	1	0.000000
1057	1	1	0.000000
1058	1	1	0.000000
1059	1	1	0.000000
1060	1	1	0.000000
1061	1	1	0.000000
1062	1	1	0.000000
1063	1	1	0.000000
1064	1	1	0.000000
1065	1	1	0.000000
1066	1	0	0.000000
1067	1	1	0.000000
1068	1	1	0.000000
1069	1	1	0.000000
1070	1	1	0.000000
1071	1	1	0.000000
1072	1	1	0.000000
1073	1	0	0.000000
1074	1	1	0.000000
1075	1	1	0.000000
1076	1	1	0.000000
1077	1	1	0.000000
1078	2	1	0.000000
1079	2	1	0.000000
1080	2	1	0.000000
1081	2	1	0.000000
1082	2	1	0.000000
1083	2	1	0.000000
1084	2	1	0.000000
1085	2	1	0.000000
1086	2	1	0.000000
1087	2	1	0.000000
1088	2	1	0.000000
1089	2	1	0.000000
1090	2	1	0.000000
1091	2	1	0.000000
1092	2	1	0.000000
1093	3	0	0.000000
1094	3	1	0.000000
1095	3	0	0.000000
1096	3	1	0.000000
1097	3	0	0.000000
1098	4	1	0.000000
1099	4	1	0.000000
1100	4	1	0.000000
1101	4	1	0.000000
1102	4	1	0.000000
1103	5	0	0.000000
1104	5	0	0.000000
1105	5	0	0.000000
1106	5	0	0.000000
1107	5	0	0.000000
1108	5	0	0.000000
1109	4	1	0.000000
1110	5	0	0.000000
1111	5	0	0.000000
1112	5	0	0.000000
1113	5	0	0.000000
1114	5	0	0.000000
1115	5	0	0.000000
1116	5	0	0.000000
1117	5	0	0.000000
1118	5	0	0.000000
1119	5	0	0.000000
1120	5	0	0.000000
1121	5	1	0.000000
1122	5	0	0.000000
1123	5	1	0.000000
1124	5	0	0.000000
1125	5	0	0.000000
1126	5	0	0.000000
1127	5	0	0.000000
1128	5	0	0.000000
1129	5	0	0.000000
1130	5	1	0.000000
1131	5	0	0.000000
1132	5	0	0.000000
1133	5	0	0.000000
1134	5	0	0.000000
1135	5	0	0.000000
1136	5	0	0.000000
1137	5	0	0.000000
1138	5	0	0.000000
1139	5	0	0.000000
1140	5	0	0.000000
1141	5	0	0.000000
1142	5	0	0.000000
1143	5	0	0.000000
1144	5	0	0.000000
1145	5	0	0.000000
1146	5	0	0.000000
1147	5	0	0.000000
1148	5	0	0.000000
1149	5	0	0.000000
1150	5	0	0.000000
1151	5	0	0.000000
1152	5	0	0.000000
1153	5	0	0.000000
1154	5	0	0.000000
1155	5	0	0.000000
1156	5	0	0.000000
1157	4	1	0.000000
1158	4	1	0.000000
1159	4	1	0.000000
1160	4	1	0.000000
1161	3	0	0.000000
1162	3	0	0.000000
1163	3	1	0.000000
1164	3	0	0.000000
1165	3	0	0.000000
1166	3	0	0.000000
1167	3	0	0.000000
1168	2	1	0.000000
1169	2	1	0.000000
1170	2	1	0.000000
1171	2	1	0.000000
1172	1	1	0.000000
1173	1	1	0.000000
1174	1	1	0.000000
1175	1	1	0.000000
1176	1	1	0.000000
1177	2	1	0.000000
1178	1	1	0.000000
1179	1	1	0.000000
1180	1	1	0.000000
1181	1	1	0.000000
1182	1	1	0.000000
1183	1	1	0.000000
1184	1	1	0.000000
1185	1	1	0.000000
1186	1	0	0.000000
1187	1	1	0.000000
1188	1	1	0.000000
1189	1	1	0.000000
1190	1	1	0.000000
1191	1	1	0.000000
1192	1	1	0.000000
1193	1	1	0.000000
1194	1	1	0.000000
1195	1	1	0.000000
1196	1	1	0.000000
1197	2	1	0.000000
1198	2	1	0.000000
1199	2	1	0.000000
1200	2	0	0.000000
1201	1	1	0.000000
1202	1	1	0.000000
1203	1	1	0.000000
1204	1	1	0.000000
1205	1	0	0.000000
1206	1	1	0.000000
1207	1	1	0.000000
1208	1	1	0.000000
1209	1	1	0.000000
1210	1	1	0.000000
1211	1	1	0.000000
1212	1	0	0.000000
1213	1	1	0.000000
1214	1	1	0.000000
1215	1	1	0.000000
1216	1	1	0.000000
1217	1	1	0.000000
1218	1	1	0.000000
1219	1	1	0.000000
1220	1	1	0.000000
1221	1	1	0.000000
1222	1	1	0.000000
1223	1	1	0.000000
1224	1	1	0.000000
1225	1	1	0.000000
1226	1	1	0.000000
1227	1	1	0.000000
1228	1	0	0.000000
1229	1	1	0.000000
1230	1	1	0.000000
1231	1	1	0.000000
1232	1	0	0.000000
1233	1	1	0.000000
1234	1	1	0.000000
1235	1	1	0.000000
1236	1	0	0.000000
1237	1	1	0.000000
1238	1	1	0.000000
1239	1	1	0.000000
1240	1	1	0.000000
1241	1	1	0.000000
1242	1	1	0.000000
1243	1	1	0.000000
1244	1	1	0.000000
1245	1	1	0.000000
1246	1	0	0.000000
1247	1	1	0.000000
1248	1	1	0.000000
1249	1	1	0.000000
1250	1	1	0.000000
1251	1	1	0.000000
1252	1	1	0.000000
1253	1	1	0.000000
1254	1	1	0.000000
1255	1	1	0.000000
1256	1	1	0.000000
1257	1	1	0.000000
1258	1	1	0.000000
1259	1	1	0.000000
1260	1	0	0.000000
1261	1	1	0.000000
1262	1	1	0.000000
1263	1	1	0.000000
1264	1	1	0.000000
1265	1	1	0.000000
1266	1	1	0.000000
1267	1	1	0.000000
1268	1	1	0.000000
1269	1	1	0.000000
1270	1	1	0.000000
1271	1	1	0.000000
1272	1	1	0.000000
1273	1	1	0.000000
1274	1	1	0.000000
1275	1	1	0.000000
1276	1	1	0.000000
1277	1	1	0.000000
1278	1	1	0.000000
1279	1	1	0.000000
1280	1	1	0.000000
1281	1	1	0.000000
1282	1	1	0.000000
1283	1	1	0.000000
1284	1	1	0.000000
1285	1	1	0.000000
1286	2	0	0.000000
1287	2	1	0.000000
1288	2	1	0.000000
1289	2	1	0.000000
1290	2	1	0.000000
1291	2	1	0.000000
1292	2	1	0.000000
1293	2	1	0.000000
1294	2	1	0.000000
1295	2	1	0.000000
1296	2	0	0.000000
1297	2	1	0.000000
1298	2	1	0.000000
1299	2	1	0.000000
1300	2	1	0.000000
1301	2	1	0.000000
1302	2	1	0.000000
1303	2	1	0.000000
1304	2	1	0.000000
1305	2	1	0.000000
1306	2	0	0.000000
1307	2	1	0.000000
1308	2	1	0.000000
1309	2	1	0.000000
1310	2	0	0.000000
1311	2	1	0.000000
1312	2	1	0.000000
1313	3	0	0.000000
1314	3	0	0.000000
1315	3	0	0.000000
1316	3	0	0.000000
1317	3	0	0.000000
1318	3	0	0.000000
1319	3	0	0.000000
1320	3	0	0.000000
1321	3	0	0.000000
1322	3	0	0.000000
1323	3	0	0.000000
1324	3	0	0.000000
1325	3	0	0.000000
1326	3	1	0.000000
1327	3	0	0.000000
1328	2	1	0.000000
1329	2	1	0.000000
1330	2	1	0.000000
1331	2	1	0.000000
1332	2	1	0.000000
1333	3	0	0.000000
1334	3	1	0.000000
1335	3	0	0.000000
1336	3	0	0.000000
1337	3	0	0.000000
1338	4	1	0.000000
1339	4	1	0.000000
1340	4	1	0.000000
1341	4	1	0.000000
1342	4	1	0.000000
1343	4	1	0.000000
1344	4	1	0.000000
1345	4	1	0.000000
1346	4	1	0.000000
1347	4	1	0.000000
1348	4	1	0.000000
1349	5	0	0.000000
1350	5	0	0.000000
1351	5	0	0.000000
1352	5	0	0.000000
1353	5	0	0.000000
1354	5	0	0.000000
1355	5	0	0.000000
1356	5	0	0.000000
1357	5	0	0.000000
1358	5	0	0.000000
1359	5	0	0.000000
1360	5	0	0.000000
1361	5	0	0.000000
1362	5	0	0.000000
1363	5	0	0.000000
1364	5	0	0.000000
1365	5	0	0.000000
1366	5	0	0.000000
1367	5	0	0.000000
1368	5	0	0.000000
1369	5	0	0.000000
1370	5	0	0.000000
1371	5	0	0.000000
1372	5	0	0.000000
1373	5	0	0.000000
1374	5	0	0.000000
1375	5	0	0.000000
1376	5	0	0.000000
1377	5	0	0.000000
1378	5	1	0.000000
1379	5	1	0.000000
1380	5	0	0.000000
1381	5	0	0.000000
1382	5	0	0.000000
1383	5	0	0.000000
1384	5	0	0.000000
1385	5	0	0.000000
1386	5	0	0.000000
1387	5	0	0.000000
1388	5	0	0.000000
1389	5	0	0.000000
1390	5	0	0.000000
1391	5	0	0.000000
1392	5	0	0.000000
1393	5	0	0.000000
1394	5	0	0.000000
1395	5	0	0.000000
1396	5	0	0.000000
1397	5	0	0.000000
1398	5	0	0.000000
1399	5	0	0.000000
1400	5	0	0.000000
1401	5	0	0.000000
1402	5	0	0.000000
1403	5	0	0.000000
1404	5	0	0.000000
1405	5	1	0.000000
1406	5	0	0.000000
1407	5	0	0.000000
1408	5	0	0.000000
1409	5	0	0.000000
1410	5	0	0.000000
1411	5	0	0.000000
1412	5	0	0.000000
1413	5	1	0.000000
1414	5	0	0.000000
1415	5	0	0.000000
1416	5	0	0.000000
1417	5	0	0.000000
1418	5	0	0.000000
1419	5	0	0.000000
1420	5	0	0.000000
1421	5	0	0.000000
1422	5	0	0.000000
1423	5	0	0.000000
1424	5	0	0.000000
1425	5	0	0.000000
1426	4	1	0.000000
1427	4	1	0.000000
1428	4	1	0.000000
1429	4	1	0.000000
1430	4	1	0.000000
1431	4	1	0.000000
1432	4	1	0.000000
1433	4	1	0.000000
1434	4	1	0.000000
1435	4	1	0.000000
1436	4	1	0.000000
1437	4	1	0.000000
1438	4	1	0.000000
1439	4	1	0.000000
1440	4	1	0.000000
1441	4	1	0.000000
1442	5	0	0.000000
1443	5	0	0.000000
1444	5	0	0.000000
1445	5	0	0.000000
1446	5	0	0.000000
1447	5	0	0.000000
1448	5	0	0.000000
1449	5	0	0.000000
1450	5	0	0.000000
1451	5	1	0.000000
1452	5	0	0.000000
1453	5	0	0.000000
1454	5	0	0.000000
1455	5	0	0.000000
1456	5	0	0.000000
1457	5	0	0.000000
1458	5	0	0.000000
1459	5	0	0.000000
1460	5	0	0.000000
1461	5	0	0.000000
1462	5	0	0.000000
1463	5	0	0.000000
1464	5	0	0.000000
1465	5	0	0.000000
1466	5	0	0.000000
1467	4	1	0.000000
1468	4	1	0.000000
1469	4	1	0.000000
1470	4	1	0.000000
1471	4	1	0.000000
1472	4	1	0.000000
1473	4	1	0.000000
1474	4	1	0.000000
1475	4	0	0.000000
1476	4	0	0.000000
1477	5	0	0.000000
1478	5	0	0.000000
1479	5	0	0.000000
1480	5	0	0.000000
1481	5	0	0.000000
1482	5	0	0.000000
1483	5	0	0.000000
1484	5	0	0.000000
1485	5	0	0.000000
1486	5	0	0.000000
1487	5	0	0.000000
1488	5	0	0.000000
1489	5	0	0.000000
1490	5	0	0.000000
1491	5	0	0.000000
1492	5	0	0.000000
1493	5	0	0.000000
1494	5	1	0.000000
1495	5	1	0.000000
1496	5	0	0.000000
1497	5	0	0.000000
1498	5	0	0.000000
1499	5	0	0.000000
1500	5	0	0.000000
1501	5	0	0.000000
1502	5	0	0.000000
1503	5	0	0.000000
1504	5	0	0.000000
1505	5	0	0.000000
1506	5	0	0.000000
1507	5	0	0.000000
1508	5	0	0.000000
1509	5	0	0.000000
1510	5	0	0.000000
1511	5	0	0.000000
1512	5	0	0.000000
1513	5	0	0.000000
1514	5	0	0.000000
1515	5	0	0.000000
1516	5	0	0.000000
1517	5	0	0.000000
1518	5	0	0.000000
1519	5	0	0.000000
1520	5	0	0.000000
1521	5	0	0.000000
1522	5	0	0.000000
1523	5	0	0.000000
1524	5	0	0.000000
1525	5	0	0.000000
1526	5	0	0.000000
1527	5	0	0.000000
1528	5	0	0.000000
1529	5	0	0.000000
1530	5	0	0.000000
1531	5	0	0.000000
1532	5	0	0.000000
1533	5	0	0.000000
1534	5	0	0.000000
1535	5	0	0.000000
1536	5	0	0.000000
1537	5	0	0.000000
1538	5	1	0.000000
1539	5	0	0.000000
1540	5	0	0.000000
1541	5	0	0.000000
1542	5	0	0.000000
1543	5	0	0.000000
1544	5	0	0.000000
1545	5	0	0.000000
1546	5	0	0.000000
1547	5	0	0.000000
1548	5	0	0.000000
1549	5	0	0.000000
1550	5	0	0.000000
1551	5	0	0.000000
1552	5	0	0.000000
1553	5	0	0.000000
1554	5	0	0.000000
1555	5	0	0.000000
1556	5	0	0.000000
1557	5	0	0.000000
1558	5	0	0.000000
1559	5	0	0.000000
1560	5	0	0.000000
1561	5	0	0.000000
1562	5	0	0.000000
1563	5	0	0.000000
1564	4	1	0.000000
1565	4	1	0.000000
1566	4	1	0.000000
1567	4	1	0.000000
1568	3	1	0.000000
1569	3	0	0.000000
1570	2	1	0.000000
1571	2	1	0.000000
1572	2	0	0.000000
1573	2	1	0.000000
1574	2	1	0.000000
1575	2	1	0.000000
1576	2	1	0.000000
1577	2	1	0.000000
1578	2	1	0.000000
1579	2	1	0.000000
1580	2	1	0.000000
1581	2	1	0.000000
1582	2	1	0.000000
1583	2	1	0.000000
1584	2	1	0.000000
1585	2	1	0.000000
1586	2	1	0.000000
1587	2	1	0.000000
1588	2	1	0.000000
1589	2	1	0.000000
1590	2	1	0.000000
1591	2	1	0.000000
1592	2	1	0.000000
1593	2	1	0.000000
1594	2	1	0.000000
1595	2	1	0.000000
1596	2	1	0.000000
1597	2	1	0.000000
1598	2	1	0.000000
1599	2	1	0.000000
1600	2	1	0.000000
1601	2	1	0.000000
1602	2	1	0.000000
1603	2	1	0.000000
1604	2	1	0.000000
1605	2	1	0.000000
1606	2	1	0.000000
1607	2	1	0.000000
1608	2	0	0.000000
1609	2	1	0.000000
1610	2	1	0.000000
1611	2	0	0.000000
1612	2	1	0.000000
1613	2	1	0.000000
1614	2	1	0.000000
1615	2	1	0.000000
1616	2	1	0.000000
1617	2	1	0.000000
1618	2	0	0.000000
1619	2	0	0.000000
1620	2	1	0.000000
1621	2	1	0.000000
1622	2	1	0.000000
1623	2	1	0.000000
1624	2	1	0.000000
1625	2	1	0.000000
1626	2	1	0.000000
1627	2	1	0.000000
1628	2	1	0.000000
1629	2	1	0.000000
1630	2	1	0.000000
1631	2	0	0.000000
1632	2	1	0.000000
1633	2	1	0.000000
1634	2	1	0.000000
1635	2	1	0.000000
1636	2	1	0.000000
1637	2	1	0.000000
1638	2	1	0.000000
1639	2	1	0.000000
1640	2	1	0.000000
1641	2	1	0.000000
1642	2	1	0.000000
1643	3	0	0.000000
1644	3	0	0.000000
1645	3	0	0.000000
1646	3	0	0.000000
1647	3	0	0.000000
1648	3	0	0.000000
1649	3	0	0.000000
1650	3	1	0.000000
1651	3	0	0.000000
1652	3	0	0.000000
1653	2	1	0.000000
1654	2	1	0.000000
1655	2	1	0.000000
1656	2	1	0.000000
1657	2	1	0.000000
1658	2	1	0.000000
1659	2	1	0.000000
1660	2	1	0.000000
1661	2	1	0.000000
1662	2	1	0.000000
1663	2	1	0.000000
1664	2	1	0.000000
1665	2	1	0.000000
1666	2	1	0.000000
1667	3	0	0.000000
1668	3	0	0.000000
1669	3	0	0.000000
1670	3	0	0.000000
1671	3	0	0.000000
1672	3	0	0.000000
1673	3	0	0.000000
1674	3	0	0.000000
1675	3	0	0.000000
1676	3	0	0.000000
1677	2	1	0.000000
1678	2	1	0.000000
1679	2	1	0.000000
1680	2	1	0.000000
1681	2	1	0.000000
1682	2	1	0.000000
1683	2	1	0.000000
1684	2	1	0.000000
1685	2	1	0.000000
1686	2	1	0.000000
1687	2	1	0.000000
1688	2	1	0.000000
1689	2	1	0.000000
1690	2	1	0.000000
1691	2	1	0.000000
1692	2	1	0.000000
1693	2	1	0.000000
1694	2	1	0.000000
1695	2	1	0.000000
1696	2	1	0.000000
1697	2	1	0.000000
1698	2	0	0.000000
1699	2	1	0.000000
1700	2	1	0.000000
1701	2	1	0.000000
1702	2	1	0.000000
1703	2	1	0.000000
1704	3	0	0.000000
1705	3	0	0.000000
1706	3	0	0.000000
1707	3	0	0.000000
1708	3	0	0.000000
1709	3	0	0.000000
1710	3	0	0.000000
1711	3	0	0.000000
1712	3	0	0.000000
1713	3	0	0.000000
1714	3	0	0.000000
1715	3	0	0.000000
1716	2	1	0.000000
1717	2	0	0.000000
1718	2	1	0.000000
1719	2	1	0.000000
1720	2	1	0.000000
1721	2	1	0.000000
1722	2	1	0.000000
1723	2	1	0.000000
1724	2	1	0.000000
1725	2	1	0.000000
1726	2	1	0.000000
1727	2	1	0.000000
1728	2	1	0.000000
1729	2	1	0.000000
1730	1	0	0.000000
1731	1	1	0.000000
1732	1	1	0.000000
1733	1	0	0.000000
1734	1	1	0.000000
1735	1	1	0.000000
1736	1	1	0.000000
1737	1	1	0.000000
1738	1	1	0.000000
1739	1	1	0.000000
1740	1	1	0.000000
1741	1	1	0.000000
1742	1	1	0.000000
1743	1	1	0.000000
1744	1	1	0.000000
1745	1	1	0.000000
1746	1	1	0.000000
1747	1	1	0.000000
1748	1	1	0.000000
1749	1	1	0.000000
1750	1	1	0.000000
1751	1	1	0.000000
1752	1	1	0.000000
1753	1	1	0.000000
1754	1	0	0.000000
1755	1	1	0.000000
1756	1	1	0.000000
1757	1	1	0.000000
1758	1	1	0.000000
1759	1	1	0.000000
1760	1	1	0.000000
1761	1	1	0.000000
1762	1	1	0.000000
1763	1	1	0.000000
1764	1	1	0.000000
1765	1	1	0.000000
1766	1	1	0.000000
1767	1	1	0.000000
1768	1	1	0.000000
1769	1	1	0.000000
1770	1	1	0.000000
1771	1	1	0.000000
1772	1	1	0.000000
1773	1	1	0.000000
1774	1	1	0.000000
1775	1	1	0.000000
1776	1	1	0.000000
1777	1	1	0.000000
1778	1	1	0.000000
1779	1	1	0.000000
1780	1	1	0.000000
1781	1	1	0.000000
1782	1	1	0.000000
1783	1	0	0.000000
1784	1	1	0.000000
1785	1	0	0.000000
1786	1	1	0.000000
1787	1	1	0.000000
1788	1	1	0.000000
1789	1	1	0.000000
1790	1	0	0.000000
1791	1	0	0.000000
1792	1	1	0.000000
1793	1	1	0.000000
1794	1	1	0.000000
1795	1	1	0.000000
1796	1	1	0.000000
1797	1	1	0.000000
1798	1	1	0.000000
1799	1	0	0.000000
1800	1	1	0.000000
1801	1	1	0.000000
1802	1	0	0.000000
1803	1	0	0.000000
1804	1	1	0.000000
1805	1	1	0.000000
1806	1	1	0.000000
1807	1	1	0.000000
1808	1	1	0.000000
1809	1	1	0.000000
1810	1	1	0.000000
1811	1	1	0.000000
1812	1	1	0.000000
1813	1	1	0.000000
1814	1	1	0.000000
1815	1	1	0.000000
1816	1	1	0.000000
1817	1	1	0.000000
1818	1	1	0.000000
1819	1	1	0.000000
1820	1	1	0.000000
1821	1	1	0.000000
1822	1	1	0.000000
1823	1	1	0.000000
1824	1	1	0.000000
1825	1	1	0.000000
1826	1	1	0.000000
1827	1	1	0.000000
1828	1	1	0.000000
1829	1	1	0.000000
1830	1	1	0.000000
1831	1	1	0.000000
1832	1	1	0.000000
1833	1	1	0.000000
1834	1	0	0.000000
1835	1	1	0.000000
1836	1	1	0.000000
1837	1	1	0.000000
1838	1	1	0.000000
1839	1	1	0.000000
1840	1	1	0.000000
1841	1	1	0.000000
1842	1	1	0.000000
1843	1	1	0.000000
1844	1	1	0.000000
1845	1	1	0.000000
1846	1	1	0.000000
1847	1	1	0.000000
1848	1	1	0.000000
1849	1	1	0.000000
1850	1	1	0.000000
1851	1	1	0.000000
1852	1	1	0.000000
1853	1	1	0.000000
1854	1	1	0.000000
1855	1	1	0.000000
1856	1	1	0.000000
1857	1	1	0.000000
1858	1	1	0.000000
1859	1	0	0.000000
1860	1	1	0.000000
1861	1	1	0.000000
1862	1	1	0.000000
1863	1	1	0.000000
1864	1	1	0.000000
1865	1	1	0.000000
1866	1	1	0.000000
1867	1	1	0.000000
1868	1	1	0.000000
1869	1	1	0.000000
1870	1	1	0.000000
1871	1	1	0.000000
1872	1	1	0.000000
1873	1	1	0.000000
1874	1	1	0.000000
1875	1	1	0.000000
1876	1	1	0.000000
1877	1	1	0.000000
1878	1	1	0.000000
1879	1	1	0.000000
1880	1	1	0.000000
1881	1	1	0.000000
1882	1	1	0.000000
1883	1	1	0.000000
1884	1	1	0.000000
1885	1	1	0.000000
1886	1	1	0.000000
1887	1	1	0.000000
1888	1	1	0.000000
1889	1	0	0.000000
1890	1	1	0.000000
1891	1	1	0.000000
1892	1	1	0.000000
1893	1	1	0.000000
1894	1	1	0.000000
1895	1	0	0.000000
1896	1	1	0.000000
1897	1	1	0.000000
1898	1	1	0.000000
1899	1	0	0.000000
1900	1	1	0.000000
1901	1	0	0.000000
1902	1	1	0.000000
1903	1	1	0.000000
1904	1	1	0.000000
1905	1	1	0.000000
1906	1	0	0.000000
1907	1	1	0.000000
1908	1	1	0.000000
1909	1	1	0.000000
1910	1	1	0.000000
1911	1	1	0.000000
1912	1	1	0.000000
1913	1	1	0.000000
1914	1	1	0.000000
1915	1	1	0.000000
1916	1	1	0.000000
1917	1	1	0.000000
1918	1	1	0.000000
1919	1	1	0.000000
1920	1	1	0.000000
1921	1	1	0.000000
1922	1	1	0.000000
1923	1	1	0.000000
1924	1	1	0.000000
1925	1	1	0.000000
1926	1	1	0.000000
1927	1	1	0.000000
1928	1	1	0.000000
1929	1	1	0.000000
1930	1	1	0.000000
1931	1	1	0.000000
1932	1	1	0.000000
1933	1	1	0.000000
1934	1	1	0.000000
1935	1	1	0.000000
1936	1	1	0.000000
1937	1	1	0.000000
1938	1	1	0.000000
1939	1	1	0.000000
1940	1	1	0.000000
1941	1	1	0.000000
1942	1	1	0.000000
1943	1	1	0.000000
1944	1	1	0.000000
1945	1	1	0.000000
1946	1	1	0.000000
1947	1	1	0.000000
1948	1	1	0.000000
1949	1	1	0.000000
1950	1	1	0.000000
1951	1	1	0.000000
1952	1	1	0.000000
1953	1	1	0.000000
1954	1	0	0.000000
1955	1	1	0.000000
1956	1	1	0.000000
1957	1	1	0.000000
1958	1	0	0.000000
1959	1	1	0.000000
1960	1	0	0.000000
1961	1	1	0.000000
1962	1	1	0.000000
1963	1	1	0.000000
1964	1	1	0.000000
1965	1	1	0.000000
1966	1	1	0.000000
1967	1	1	0.000000
1968	1	1	0.000000
1969	1	1	0.000000
1970	1	1	0.000000
1971	1	1	0.000000
1972	1	1	0.000000
1973	1	1	0.000000
1974	1	1	0.000000
1975	1	1	0.000000
1976	1	1	0.000000
1977	1	1	0.000000
1978	1	1	0.000000
1979	1	1	0.000000
1980	1	1	0.000000
1981	1	1	0.000000
1982	1	1	0.000000
1983	1	0	0.000000
1984	1	0	0.000000
1985	1	1	0.000000
1986	1	1	0.000000
1987	1	1	0.000000
1988	1	1	0.000000
1989	1	1	0.000000
1990	1	1	0.000000
1991	1	1	0.000000
1992	1	1	0.000000
1993	1	1	0.000000
1994	1	1	0.000000
1995	1	1	0.000000
1996	1	1	0.000000
1997	1	1	0.000000
1998	1	1	0.000000
1999	1	1	0.000000
2000	1	1	0.000000
2001	1	1	0.000000
2002	1	1	0.000000
2003	1	1	0.000000
2004	1	1	0.000000
2005	1	1	0.000000
2006	1	1	0.000000
2007	1	1	0.000000
2008	1	1	0.000000
2009	1	1	0.000000
2010	1	1	0.000000
2011	1	1	0.000000
2012	1	1	0.000000
2013	1	1	0.000000
2014	1	1	0.000000
2015	1	1	0.000000
2016	1	1	0.000000
2017	1	1	0.000000
2018	1	1	0.000000
2019	1	0	0.000000
2020	1	1	0.000000
2021	1	1	0.000000
2022	1	1	0.000000
2023	1	1	0.000000
2024	1	1	0.000000
2025	1	1	0.000000
2026	1	1	0.000000
2027	1	1	0.000000
2028	1	1	0.000000
2029	1	1	0.000000
2030	1	1	0.000000
2031	1	1	0.000000
2032	1	1	0.000000
2033	1	1	0.000000
2034	1	1	0.000000
2035	1	1	0.000000
2036	1	1	0.000000
2037	1	1	0.000000
2038	1	1	0.000000
2039	1	1	0.000000
2040	1	1	0.000000
2041	1	1	0.000000
2042	1	1	0.000000
2043	1	1	0.000000
2044	1	1	0.000000
2045	1	1	0.000000
2046	1	1	0.000000
2047	1	1	0.000000
2048	1	1	0.000000
2049	1	1	0.000000
2050	1	1	0.000000
2051	1	1	0.000000
2052	1	1	0.000000
2053	2	1	0.000000
2054	2	1	0.000000
2055	2	1	0.000000
2056	2	1	0.000000
2057	2	1	0.000000
2058	2	1	0.000000
2059	2	1	0.000000
2060	2	1	0.000000
2061	3	0	0.000000
2062	3	0	0.000000
2063	3	0	0.000000
2064	3	0	0.000000
2065	3	0	0.000000
2066	4	1	0.000000
2067	4	1	0.000000
2068	4	1	0.000000
2069	4	1	0.000000
2070	4	0	0.000000
2071	4	1	0.000000
2072	4	1	0.000000
2073	4	1	0.000000
2074	4	0	0.000000
2075	4	1	0.000000
2076	4	1	0.000000
2077	4	1	0.000000
2078	4	1	0.000000
2079	4	1	0.000000
2080	4	1	0.000000
2081	4	1	0.000000
2082	4	1	0.000000
2083	5	0	0.000000
2084	5	0	0.000000
2085	5	0	0.000000
2086	5	0	0.000000
2087	5	0	0.000000
2088	5	1	0.000000
2089	5	0	0.000000
2090	5	0	0.000000
2091	5	0	0.000000
2092	5	0	0.000000
2093	5	0	0.000000
2094	5	0	0.000000
2095	5	0	0.000000
2096	5	0	0.000000
2097	5	0	0.000000
2098	5	0	0.000000
2099	5	0	0.000000
2100	5	0	0.000000
2101	5	0	0.000000
2102	5	0	0.000000
2103	5	0	0.000000
2104	5	0	0.000000
2105	5	0	0.000000
2106	5	0	0.000000
2107	5	0	0.000000
2108	5	0	0.000000
2109	5	0	0.000000
2110	5	0	0.000000
2111	5	0	0.000000
2112	5	1	0.000000
2113	5	0	0.000000
2114	5	0	0.000000
2115	4	1	0.000000
2116	4	1	0.000000
2117	4	1	0.000000
2118	4	1	0.000000
2119	4	1	0.000000
2120	4	1	0.000000
2121	4	1	0.000000
2122	4	1	0.000000
2123	4	1	0.000000
2124	4	0	0.000000
2125	5	0	0.000000
2126	5	1	0.000000
2127	5	1	0.000000
2128	5	0	0.000000
2129	5	0	0.000000
2130	5	0	0.000000
2131	5	1	0.000000
2132	5	0	0.000000
2133	5	0	0.000000
2134	5	0	0.000000
2135	5	1	0.000000
2136	5	0	0.000000
2137	5	0	0.000000
2138	5	0	0.000000
2139	5	0	0.000000
2140	5	0	0.000000
2141	5	1	0.000000
2142	5	0	0.000000
2143	5	0	0.000000
2144	5	0	0.000000
2145	5	0	0.000000
2146	5	0	0.000000
2147	5	0	0.000000
2148	5	0	0.000000
2149	5	0	0.000000
2150	5	0	0.000000
2151	5	0	0.000000
2152	4	1	0.000000
2153	4	1	0.000000
2154	4	1	0.000000
2155	4	1	0.000000
2156	4	1	0.000000
2157	4	1	0.000000
2158	4	1	0.000000
2159	4	1	0.000000
2160	4	1	0.000000
2161	4	1	0.000000
2162	4	1	0.000000
2163	4	1	0.000000
2164	5	0	0.000000
2165	5	0	0.000000
2166	5	0	0.000000
2167	5	0	0.000000
2168	5	0	0.000000
2169	5	0	0.000000
2170	5	0	0.000000
2171	5	1	0.000000
2172	5	1	0.000000
2173	5	0	0.000000
2174	5	0	0.000000
2175	5	0	0.000000
2176	5	0	0.000000
2177	4	1	0.000000
2178	4	0	0.000000
2179	5	0	0.000000
2180	5	0	0.000000
2181	5	0	0.000000
2182	5	0	0.000000
2183	5	0	0.000000
2184	5	0	0.000000
2185	5	0	0.000000
2186	5	0	0.000000
2187	4	1	0.000000
2188	4	1	0.000000
2189	4	1	0.000000
2190	4	1	0.000000
2191	4	1	0.000000
2192	4	1	0.000000
2193	4	1	0.000000
2194	4	1	0.000000
2195	4	1	0.000000
2196	4	1	0.000000
2197	4	1	0.000000
2198	4	1	0.000000
2199	4	1	0.000000
2200	4	1	0.000000
2201	4	1	0.000000
2202	5	0	0.000000
2203	5	1	0.000000
2204	5	0	0.000000
2205	5	0	0.000000
2206	5	0	0.000000
2207	5	0	0.000000
2208	5	0	0.000000
2209	5	0	0.000000
2210	5	0	0.000000
2211	5	0	0.000000
2212	5	0	0.000000
2213	5	0	0.000000
2214	5	0	0.000000
2215	5	0	0.000000
2216	5	0	0.000000
2217	5	0	0.000000
2218	5	0	0.000000
2219	5	0	0.000000
2220	5	0	0.000000
2221	5	0	0.000000
2222	5	1	0.000000
2223	5	1	0.000000
2224	4	1	0.000000
2225	4	1	0.000000
2226	4	1	0.000000
2227	4	1	0.000000
2228	4	1	0.000000
2229	4	1	0.000000
2230	4	1	0.000000
2231	4	1	0.000000
2232	4	1	0.000000
2233	4	0	0.000000
2234	4	1	0.000000
2235	4	1	0.000000
2236	4	1	0.000000
2237	4	1	0.000000
2238	4	1	0.000000
2239	4	1	0.000000
2240	5	0	0.000000
2241	5	0	0.000000
2242	5	0	0.000000
2243	5	1	0.000000
2244	5	0	0.000000
2245	5	0	0.000000
2246	5	0	0.000000
2247	5	0	0.000000
2248	5	0	0.000000
2249	5	0	0.000000
2250	5	0	0.000000
2251	5	0	0.000000
2252	5	0	0.000000
2253	5	0	0.000000
2254	5	0	0.000000
2255	5	0	0.000000
2256	4	1	0.000000
2257	4	1	0.000000
2258	4	1	0.000000
2259	4	1	0.000000
2260	4	1	0.000000
2261	4	1	0.000000
2262	4	1	0.000000
2263	4	1	0.000000
2264	4	1	0.000000
2265	5	0	0.000000
2266	5	0	0.000000
2267	5	0	0.000000
2268	5	0	0.000000
2269	5	0	0.000000
2270	5	0	0.000000
2271	5	0	0.000000
2272	5	0	0.000000
2273	4	1	0.000000
2274	4	1	0.000000
2275	4	1	0.000000
2276	4	1	0.000000
2277	4	1	0.000000
2278	4	1	0.000000
2279	4	1	0.000000
2280	4	1	0.000000
2281	4	1	0.000000
2282	4	1	0.000000
2283	4	1	0.000000
2284	5	0	0.000000
2285	5	0	0.000000
2286	5	0	0.000000
2287	5	0	0.000000
2288	5	0	0.000000
2289	5	0	0.000000
2290	5	0	0.000000
2291	5	0	0.000000
2292	5	0	0.000000
2293	5	0	0.000000
2294	5	0	0.000000
2295	5	0	0.000000
2296	4	1	0.000000
2297	4	1	0.000000
2298	4	1	0.000000
2299	4	1	0.000000
2300	4	1	0.000000
2301	4	1	0.000000
2302	4	1	0.000000
2303	4	1	0.000000
2304	4	1	0.000000
2305	4	1	0.000000
2306	5	0	0.000000
2307	5	0	0.000000
2308	5	0	0.000000
2309	5	0	0.000000
2310	5	0	0.000000
2311	5	0	0.000000
2312	5	0	0.000000
2313	5	1	0.000000
2314	5	0	0.000000
2315	5	0	0.000000
2316	5	0	0.000000
2317	5	0	0.000000
2318	5	0	0.000000
2319	5	0	0.000000
2320	4	1	0.000000
2321	5	0	0.000000
2322	5	0	0.000000
2323	4	1	0.000000
2324	4	1	0.000000
2325	4	1	0.000000
2326	4	1	0.000000
2327	4	1	0.000000
2328	4	1	0.000000
2329	4	1	0.000000
2330	4	1	0.000000
2331	4	1	0.000000
2332	4	1	0.000000
2333	4	1	0.000000
2334	4	0	0.000000
2335	4	1	0.000000
2336	4	1	0.000000
2337	4	1	0.000000
2338	4	1	0.000000
2339	4	1	0.000000
2340	4	1	0.000000
2341	5	0	0.000000
2342	5	0	0.000000
2343	5	0	0.000000
2344	5	0	0.000000
2345	5	0	0.000000
2346	5	0	0.000000
2347	5	0	0.000000
2348	5	0	0.000000
2349	5	0	0.000000
2350	4	1	0.000000
2351	4	0	0.000000
2352	4	1	0.000000
2353	4	1	0.000000
2354	3	0	0.000000
2355	3	0	0.000000
2356	3	0	0.000000
2357	3	0	0.000000
2358	3	0	0.000000
2359	3	0	0.000000
2360	3	0	0.000000
2361	3	0	0.000000
2362	2	1	0.000000
2363	2	1	0.000000
2364	2	1	0.000000
2365	2	0	0.000000
2366	1	0	0.000000
2367	1	1	0.000000
2368	1	1	0.000000
2369	1	1	0.000000
2370	1	1	0.000000
2371	1	1	0.000000
2372	1	1	0.000000
2373	1	1	0.000000
2374	1	1	0.000000
2375	1	1	0.000000
2376	1	1	0.000000
2377	1	1	0.000000
2378	1	1	0.000000
2379	1	1	0.000000
2380	1	0	0.000000
2381	1	1	0.000000
2382	1	1	0.000000
2383	1	1	0.000000
2384	1	1	0.000000
2385	1	1	0.000000
2386	1	1	0.000000
2387	1	1	0.000000
2388	1	1	0.000000
2389	1	1	0.000000
2390	1	1	0.000000
2391	1	1	0.000000
2392	1	1	0.000000
2393	1	1	0.000000
2394	1	1	0.000000
2395	1	1	0.000000
2396	1	1	0.000000
2397	1	1	0.000000
2398	1	1	0.000000
2399	1	1	0.000000
2400	1	1	0.000000
2401	1	1	0.000000
2402	1	1	0.000000
2403	1	0	0.000000
2404	1	0	0.000000
2405	1	1	0.000000
2406	1	1	0.000000
2407	1	1	0.000000
2408	1	1	0.000000
2409	1	1	0.000000
2410	1	1	0.000000
2411	1	1	0.000000
2412	1	1	0.000000
2413	1	1	0.000000
2414	1	1	0.000000
2415	1	1	0.000000
2416	1	1	0.000000
2417	1	1	0.000000
2418	1	1	0.000000
2419	1	1	0.000000
2420	1	1	0.000000
2421	1	1	0.000000
2422	1	1	0.000000
2423	1	1	0.000000
2424	1	1	0.000000
2425	1	1	0.000000
2426	1	0	0.000000
2427	1	1	0.000000
2428	1	1	0.000000
2429	1	1	0.000000
2430	1	1	0.000000
2431	1	1	0.000000
2432	1	1	0.000000
2433	1	1	0.000000
2434	1	1	0.000000
2435	1	1	0.000000
2436	1	1	0.000000
2437	1	1	0.000000
2438	1	1	0.000000
2439	1	1	0.000000
2440	1	1	0.000000
2441	1	1	0.000000
2442	1	1	0.000000
2443	1	1	0.000000
2444	1	1	0.000000
2445	1	1	0.000000
2446	1	1	0.000000
2447	1	0	0.000000
2448	1	1	0.000000
2449	1	1	0.000000
2450	1	1	0.000000
2451	1	1	0.000000
2452	1	1	0.000000
2453	1	1	0.000000
2454	1	1	0.000000
2455	1	1	0.000000
2456	1	1	0.000000
2457	1	1	0.000000
2458	1	1	0.000000
2459	1	1	0.000000
2460	1	1	0.000000
2461	1	1	0.000000
2462	1	1	0.000000
2463	1	1	0.000000
2464	1	1	0.000000
2465	1	1	0.000000
2466	1	1	0.000000
2467	1	0	0.000000
2468	1	1	0.000000
2469	1	1	0.000000
2470	1	1	0.000000
2471	1	1	0.000000
2472	1	1	0.000000
2473	1	1	0.000000
2474	1	1	0.000000
2475	1	1	0.000000
2476	1	1	0.000000
2477	1	1	0.000000
2478	1	1	0.000000
2479	1	1	0.000000
2480	1	1	0.000000
2481	1	1	0.000000
2482	1	1	0.000000
2483	1	1	0.000000
2484	1	1	0.000000
2485	1	1	0.000000
2486	1	1	0.000000
2487	1	1	0.000000
2488	1	1	0.000000
2489	1	1	0.000000
2490	1	1	0.000000
2491	1	1	0.000000
2492	1	1	0.000000
2493	1	1	0.000000
2494	1	1	0.000000
2495	1	1	0.000000
2496	1	1	0.000000
2497	1	1	0.000000
2498	1	1	0.000000
2499	1	1	0.000000
2500	1	1	0.000000
2501	1	1	0.000000
2502	1	0	0.000000
2503	1	1	0.000000
2504	1	1	0.000000
2505	1	1	0.000000
2506	1	1	0.000000
2507	1	0	0.000000
2508	1	1	0.000000
2509	1	1	0.000000
2510	1	1	0.000000
2511	1	1	0.000000
2512	1	1	0.000000
2513	1	1	0.000000
2514	1	1	0.000000
2515	1	1	0.000000
2516	1	1	0.000000
2517	1	1	0.000000
2518	1	0	0.000000
2519	1	1	0.000000
2520	1	1	0.000000
2521	1	1	0.000000
2522	1	1	0.000000
2523	1	1	0.000000
2524	1	1	0.000000
2525	1	1	0.000000
2526	1	1	0.000000
2527	1	1	0.000000
2528	1	1	0.000000
2529	1	1	0.000000
2530	1	1	0.000000
2531	1	1	0.000000
2532	1	1	0.000000
2533	1	1	0.000000
2534	1	1	0.000000
2535	1	1	0.000000
2536	1	1	0.000000
2537	1	1	0.000000
2538	1	0	0.000000
2539	1	1	0.000000
2540	1	1	0.000000
2541	1	1	0.000000
2542	1	1	0.000000
2543	1	1	0.000000
2544	1	1	0.000000
2545	1	1	0.000000
2546	1	1	0.000000
2547	1	1	0.000000
2548	1	1	0.000000
2549	1	1	0.000000
2550	1	1	0.000000
2551	1	1	0.000000
2552	1	1	0.000000
2553	1	1	0.000000
2554	1	1	0.000000
2555	1	1	0.000000
2556	1	1	0.000000
2557	1	1	0.000000
2558	1	1	0.000000
2559	1	1	0.000000
2560	1	1	0.000000
2561	1	1	0.000000
2562	1	1	0.000000
2563	1	1	0.000000
2564	1	1	0.000000
2565	1	1	0.000000
2566	1	1	0.000000
2567	1	1	0.000000
2568	1	1	0.000000
2569	1	1	0.000000
2570	1	1	0.000000
2571	1	1	0.000000
2572	1	1	0.000000
2573	1	0	0.000000
2574	1	1	0.000000
2575	1	1	0.000000
2576	1	1	0.000000
2577	1	1	0.000000
2578	1	1	0.000000
2579	1	1	0.000000
2580	1	1	0.000000
2581	1	1	0.000000
2582	1	1	0.000000
2583	1	1	0.000000
2584	1	1	0.000000
2585	1	0	0.000000
2586	1	1	0.000000
2587	1	1	0.000000
2588	1	1	0.000000
2589	1	1	0.000000
2590	1	1	0.000000
2591	1	1	0.000000
2592	1	1	0.000000
2593	1	1	0.000000
2594	1	1	0.000000
2595	1	1	0.000000
2596	1	1	0.000000
2597	1	1	0.000000
2598	1	1	0.000000
2599	1	1	0.000000
2600	1	1	0.000000
2601	1	1	0.000000
2602	1	1	0.000000
2603	1	1	0.000000
2604	1	1	0.000000
2605	1	1	0.000000
2606	1	1	0.000000
2607	1	1	0.000000
2608	1	1	0.000000
2609	1	1	0.000000
2610	1	1	0.000000
2611	1	1	0.000000
2612	1	1	0.000000
2613	1	1	0.000000
2614	1	1	0.000000
2615	1	1	0.000000
2616	1	1	0.000000
2617	1	1	0.000000
2618	1	1	0.000000
2619	1	1	0.000000
2620	1	1	0.000000
2621	1	1	0.000000
2622	1	1	0.000000
2623	1	1	0.000000
2624	1	1	0.000000
2625	1	0	0.000000
2626	1	1	0.000000
2627	1	1	0.000000
2628	1	1	0.000000
2629	1	1	0.000000
2630	1	1	0.000000
2631	1	0	0.000000
2632	1	1	0.000000
2633	1	1	0.000000
2634	1	1	0.000000
2635	1	1	0.000000
2636	1	1	0.000000
2637	1	1	0.000000
2638	1	1	0.000000
2639	1	1	0.000000
2640	1	1	0.000000
2641	1	1	0.000000
2642	1	1	0.000000
2643	1	1	0.000000
2644	1	1	0.000000
2645	1	0	0.000000
2646	1	0	0.000000
2647	1	1	0.000000
2648	1	1	0.000000
2649	1	1	0.000000
2650	1	1	0.000000
2651	1	1	0.000000
2652	1	1	0.000000
2653	1	1	0.000000
2654	1	1	0.000000
2655	1	1	0.000000
2656	1	1	0.000000
2657	1	1	0.000000
2658	1	1	0.000000
2659	1	1	0.000000
2660	1	0	0.000000
2661	1	1	0.000000
2662	1	0	0.000000
2663	1	1	0.000000
2664	1	1	0.000000
2665	1	1	0.000000
2666	1	1	0.000000
2667	1	1	0.000000
2668	1	1	0.000000
2669	1	1	0.000000
2670	1	1	0.000000
2671	1	1	0.000000
2672	1	1	0.000000
2673	1	1	0.000000
2674	1	1	0.000000
2675	1	1	0.000000
2676	1	1	0.000000
2677	1	1	0.000000
2678	1	1	0.000000
2679	1	1	0.000000
2680	1	1	0.000000
2681	1	1	0.000000
2682	1	1	0.000000
2683	1	1	0.000000
2684	1	1	0.000000
2685	2	1	0.000000
2686	2	1	0.000000
2687	2	1	0.000000
2688	2	1	0.000000
2689	2	1	0.000000
2690	2	1	0.000000
2691	2	1	0.000000
2692	2	1	0.000000
2693	2	1	0.000000
2694	2	1	0.000000
2695	2	1	0.000000
2696	2	1	0.000000
2697	2	1	0.000000
2698	2	1	0.000000
2699	2	1	0.000000
2700	3	0	0.000000
2701	3	0	0.000000
2702	3	0	0.000000
2703	3	0	0.000000
2704	3	0	0.000000
2705	3	0	0.000000
2706	3	0	0.000000
2707	3	0	0.000000
2708	3	0	0.000000
2709	3	0	0.000000
2710	3	0	0.000000
2711	3	0	0.000000
2712	3	0	0.000000
2713	3	0	0.000000
2714	3	0	0.000000
2715	3	0	0.000000
2716	3	0	0.000000
2717	2	0	0.000000
2718	2	1	0.000000
2719	2	1	0.000000
2720	2	1	0.000000
2721	2	1	0.000000
2722	2	1	0.000000
2723	1	1	0.000000
2724	1	1	0.000000
2725	1	1	0.000000
2726	1	1	0.000000
2727	1	1	0.000000
2728	1	1	0.000000
2729	1	1	0.000000
2730	1	1	0.000000
2731	1	1	0.000000
2732	1	1	0.000000
2733	1	0	0.000000
2734	1	1	0.000000
2735	1	1	0.000000
2736	1	1	0.000000
2737	1	1	0.000000
2738	1	1	0.000000
2739	1	1	0.000000
2740	1	1	0.000000
2741	1	1	0.000000
2742	1	1	0.000000
2743	1	1	0.000000
2744	1	1	0.000000
2745	1	1	0.000000
2746	1	1	0.000000
2747	1	1	0.000000
2748	1	1	0.000000
2749	1	1	0.000000
2750	1	1	0.000000
2751	1	1	0.000000
2752	1	1	0.000000
2753	1	0	0.000000
2754	1	1	0.000000
2755	1	1	0.000000
2756	1	1	0.000000
2757	1	1	0.000000
2758	1	1	0.000000
2759	1	1	0.000000
2760	1	1	0.000000
2761	1	1	0.000000
2762	1	1	0.000000
2763	1	1	0.000000
2764	1	1	0.000000
2765	1	1	0.000000
2766	1	1	0.000000
2767	1	1	0.000000
2768	1	1	0.000000
2769	1	1	0.000000
2770	1	1	0.000000
2771	1	1	0.000000
2772	1	1	0.000000
2773	1	1	0.000000
2774	1	1	0.000000
2775	1	1	0.000000
2776	1	1	0.000000
2777	1	1	0.000000
2778	2	1	0.000000
2779	2	1	0.000000
2780	2	1	0.000000
2781	2	1	0.000000
2782	2	1	0.000000
2783	2	0	0.000000
2784	2	1	0.000000
2785	2	1	0.000000
2786	2	1	0.000000
2787	2	1	0.000000
2788	2	1	0.000000
2789	2	1	0.000000
2790	2	1	0.000000
2791	2	1	0.000000
2792	2	1	0.000000
2793	2	1	0.000000
2794	2	1	0.000000
2795	2	1	0.000000
2796	2	1	0.000000
2797	2	1	0.000000
2798	2	1	0.000000
2799	3	0	0.000000
2800	3	0	0.000000
2801	3	0	0.000000
2802	3	0	0.000000
2803	3	0	0.000000
2804	3	0	0.000000
2805	3	0	0.000000
2806	3	0	0.000000
2807	3	0	0.000000
2808	3	0	0.000000
2809	3	0	0.000000
2810	3	0	0.000000
2811	3	0	0.000000
2812	3	0	0.000000
2813	2	1	0.000000
2814	2	1	0.000000
2815	2	1	0.000000
2816	2	1	0.000000
2817	2	1	0.000000
2818	2	1	0.000000
2819	2	1	0.000000
2820	2	1	0.000000
2821	2	1	0.000000
2822	2	1	0.000000
2823	2	1	0.000000
2824	2	1	0.000000
2825	2	1	0.000000
2826	2	1	0.000000
2827	2	1	0.000000
2828	2	1	0.000000
2829	2	0	0.000000
2830	2	1	0.000000
2831	2	1	0.000000
2832	2	1	0.000000
2833	2	1	0.000000
2834	2	1	0.000000
2835	2	1	0.000000
2836	2	1	0.000000
2837	2	1	0.000000
2838	2	0	0.000000
2839	2	1	0.000000
2840	2	1	0.000000
2841	2	1	0.000000
2842	2	1	0.000000
2843	2	1	0.000000
2844	2	1	0.000000
2845	2	1	0.000000
2846	2	1	0.000000
2847	2	1	0.000000
2848	2	1	0.000000
2849	2	1	0.000000
2850	3	0	0.000000
2851	3	0	0.000000
2852	3	0	0.000000
2853	3	1	0.000000
2854	3	0	0.000000
2855	3	0	0.000000
2856	3	0	0.000000
2857	3	0	0.000000
2858	3	0	0.000000
2859	3	0	0.000000
2860	3	1	0.000000
2861	3	0	0.000000
2862	3	0	0.000000
2863	3	1	0.000000
2864	3	0	0.000000
2865	2	1	0.000000
2866	2	1	0.000000
2867	2	1	0.000000
2868	2	1	0.000000
2869	2	0	0.000000
2870	2	1	0.000000
2871	2	0	0.000000
2872	2	1	0.000000
2873	2	1	0.000000
2874	2	1	0.000000
2875	2	1	0.000000
2876	2	1	0.000000
2877	2	1	0.000000
2878	2	1	0.000000
2879	2	1	0.000000
2880	2	1	0.000000
2881	2	1	0.000000
2882	3	0	0.000000
2883	3	0	0.000000
2884	3	0	0.000000
2885	3	0	0.000000
2886	3	0	0.000000
2887	3	0	0.000000
2888	3	0	0.000000
2889	3	0	0.000000
2890	3	0	0.000000
2891	3	0	0.000000
2892	2	1	0.000000
2893	2	1	0.000000
2894	2	1	0.000000
2895	2	1	0.000000
2896	2	1	0.000000
2897	2	1	0.000000
2898	2	1	0.000000
2899	2	1	0.000000
2900	2	1	0.000000
2901	2	1	0.000000
2902	2	1	0.000000
2903	2	1	0.000000
2904	2	0	0.000000
2905	2	1	0.000000
2906	2	1	0.000000
2907	2	1	0.000000
2908	2	1	0.000000
2909	2	1	0.000000
2910	3	0	0.000000
2911	3	0	0.000000
2912	3	0	0.000000
2913	3	0	0.000000
2914	3	0	0.000000
2915	3	0	0.000000
2916	3	0	0.000000
2917	3	0	0.000000
2918	3	0	0.000000
2919	3	0	0.000000
2920	2	1	0.000000
2921	2	1	0.000000
2922	2	1	0.000000
2923	2	1	0.000000
2924	2	1	0.000000
2925	2	1	0.000000
2926	2	1	0.000000
2927	2	1	0.000000
2928	2	1	0.000000
2929	2	0	0.000000
2930	2	1	0.000000
2931	2	1	0.000000
2932	2	1	0.000000
2933	2	1	0.000000
2934	2	1	0.000000
2935	2	1	0.000000
2936	2	1	0.000000
2937	2	1	0.000000
2938	2	1	0.000000
2939	2	1	0.000000
2940	2	1	0.000000
2941	3	0	0.000000
2942	3	0	0.000000
2943	2	1	0.000000
2944	3	0	0.000000
2945	3	0	0.000000
2946	3	0	0.000000
2947	3	0	0.000000
2948	3	0	0.000000
2949	2	1	0.000000
2950	3	0	0.000000
2951	2	1	0.000000
2952	2	1	0.000000
2953	2	1	0.000000
2954	2	1	0.000000
2955	2	1	0.000000
2956	2	1	0.000000
2957	2	1	0.000000
2958	2	1	0.000000
2959	2	1	0.000000
2960	2	1	0.000000
2961	2	0	0.000000
2962	2	1	0.000000
2963	2	1	0.000000
2964	2	1	0.000000
2965	2	0	0.000000
2966	3	1	0.000000
2967	2	1	0.000000
2968	3	0	0.000000
2969	3	0	0.000000
2970	3	0	0.000000
2971	3	0	0.000000
2972	3	0	0.000000
2973	3	0	0.000000
2974	3	0	0.000000
2975	3	0	0.000000
2976	3	0	0.000000
2977	3	0	0.000000
2978	2	1	0.000000
2979	3	0	0.000000
2980	2	1	0.000000
2981	2	1	0.000000
2982	2	1	0.000000
2983	3	0	0.000000
2984	3	0	0.000000
2985	3	0	0.000000
2986	3	0	0.000000
2987	3	0	0.000000
2988	3	0	0.000000
2989	3	1	0.000000
2990	3	0	0.000000
2991	3	0	0.000000
2992	3	0	0.000000
2993	3	0	0.000000
2994	2	1	0.000000
2995	2	1	0.000000
2996	2	1	0.000000
2997	2	1	0.000000
2998	2	1	0.000000
2999	2	1	0.000000
3000	2	1	0.000000
3001	3	0	0.000000
3002	3	1	0.000000
3003	3	0	0.000000
3004	3	0	0.000000
3005	3	0	0.000000
3006	3	0	0.000000
3007	3	0	0.000000
3008	3	0	0.000000
3009	3	0	0.000000
3010	2	1	0.000000
3011	3	0	0.000000
3012	2	1	0.000000
3013	2	1	0.000000
3014	2	1	0.000000
3015	2	1	0.000000
3016	2	1	0.000000
3017	2	1	0.000000
3018	2	1	0.000000
3019	2	1	0.000000
3020	2	1	0.000000
3021	2	1	0.000000
3022	3	0	0.000000
3023	3	0	0.000000
3024	3	0	0.000000
3025	3	0	0.000000
3026	3	0	0.000000
3027	3	0	0.000000
3028	3	0	0.000000
3029	3	0	0.000000
3030	3	0	0.000000
3031	2	1	0.000000
3032	2	1	0.000000
3033	2	1	0.000000
3034	2	1	0.000000
3035	2	1	0.000000
3036	2	1	0.000000
3037	2	1	0.000000
3038	2	1	0.000000
3039	2	1	0.000000
3040	3	0	0.000000
3041	3	0	0.000000
3042	3	0	0.000000
3043	3	0	0.000000
3044	3	0	0.000000
3045	3	0	0.000000
3046	3	0	0.000000
3047	3	0	0.000000
3048	3	0	0.000000
3049	3	0	0.000000
3050	2	1	0.000000
3051	2	1	0.000000
3052	2	0	0.000000
3053	2	0	0.000000
3054	2	1	0.000000
3055	2	1	0.000000
3056	2	1	0.000000
3057	2	1	0.000000
3058	2	1	0.000000
3059	2	1	0.000000
3060	2	1	0.000000
3061	2	0	0.000000
3062	2	1	0.000000
3063	2	1	0.000000
3064	2	1	0.000000
3065	2	1	0.000000
3066	2	1	0.000000
3067	2	1	0.000000
3068	2	1	0.000000
3069	2	1	0.000000
3070	2	1	0.000000
3071	2	1	0.000000
3072	2	1	0.000000
3073	3	0	0.000000
3074	3	0	0.000000
3075	3	0	0.000000
3076	3	0	0.000000
3077	3	0	0.000000
3078	3	0	0.000000
3079	3	0	0.000000
3080	3	0	0.000000
3081	3	0	0.000000
3082	3	0	0.000000
3083	2	1	0.000000
3084	2	1	0.000000
3085	2	1	0.000000
3086	2	1	0.000000
3087	2	1	0.000000
3088	2	1	0.000000
3089	2	1	0.000000
3090	2	1	0.000000
3091	2	1	0.000000
3092	3	0	0.000000
3093	3	0	0.000000
3094	3	0	0.000000
3095	3	0	0.000000
3096	3	0	0.000000
3097	3	0	0.000000
3098	3	0	0.000000
3099	3	0	0.000000
3100	3	0	0.000000
3101	3	0	0.000000
3102	3	1	0.000000
3103	3	0	0.000000
3104	3	0	0.000000
3105	3	0	0.000000
3106	3	0	0.000000
3107	3	0	0.000000
3108	3	0	0.000000
3109	3	0	0.000000
3110	3	0	0.000000
3111	3	0	0.000000
3112	3	0	0.000000
3113	3	0	0.000000
3114	2	1	0.000000
3115	3	0	0.000000
3116	2	1	0.000000
3117	2	1	0.000000
3118	2	1	0.000000
3119	2	1	0.000000
3120	2	1	0.000000
3121	2	1	0.000000
3122	2	1	0.000000
3123	2	1	0.000000
3124	2	1	0.000000
3125	2	1	0.000000
3126	2	1	0.000000
3127	3	0	0.000000
3128	3	0	0.000000
3129	3	0	0.000000
3130	3	0	0.000000
3131	3	0	0.000000
3132	3	0	0.000000
3133	3	0	0.000000
3134	3	0	0.000000
3135	3	0	0.000000
3136	3	0	0.000000
3137	3	0	0.000000
3138	2	1	0.000000
3139	2	1	0.000000
3140	2	1	0.000000
3141	2	1	0.000000
3142	2	1	0.000000
3143	3	0	0.000000
3144	2	1	0.000000
3145	2	1	0.000000
3146	3	0	0.000000
3147	3	0	0.000000
3148	3	0	0.000000
3149	3	0	0.000000
3150	3	0	0.000000
3151	3	0	0.000000
3152	3	0	0.000000
3153	3	0	0.000000
3154	3	0	0.000000
3155	3	0	0.000000
3156	3	0	0.000000
3157	2	1	0.000000
3158	2	1	0.000000
3159	3	0	0.000000
3160	3	0	0.000000
3161	2	1	0.000000
3162	2	1	0.000000
3163	2	1	0.000000
3164	2	1	0.000000
3165	2	1	0.000000
3166	2	1	0.000000
3167	2	1	0.000000
3168	2	1	0.000000
3169	2	1	0.000000
3170	3	0	0.000000
3171	2	1	0.000000
3172	3	0	0.000000
3173	2	1	0.000000
3174	2	1	0.000000
3175	2	1	0.000000
3176	3	0	0.000000
3177	3	0	0.000000
3178	3	0	0.000000
3179	3	0	0.000000
3180	3	0	0.000000
3181	3	0	0.000000
3182	3	0	0.000000
3183	3	0	0.000000
3184	3	0	0.000000
3185	3	0	0.000000
3186	3	0	0.000000
3187	3	0	0.000000
3188	2	1	0.000000
3189	2	1	0.000000
3190	2	1	0.000000
3191	2	1	0.000000
3192	2	1	0.000000
3193	2	1	0.000000
3194	2	1	0.000000
3195	2	0	0.000000
3196	2	0	0.000000
3197	2	1	0.000000
3198	3	0	0.000000
3199	3	0	0.000000
3200	2	0	0.000000
3201	2	1	0.000000
3202	2	1	0.000000
3203	3	0	0.000000
3204	3	0	0.000000
3205	2	1	0.000000
3206	2	1	0.000000
3207	2	1	0.000000
3208	2	1	0.000000
3209	2	1	0.000000
3210	2	1	0.000000
3211	2	1	0.000000
3212	2	1	0.000000
3213	2	1	0.000000
3214	2	1	0.000000
3215	3	0	0.000000
3216	3	0	0.000000
3217	3	0	0.000000
3218	3	0	0.000000
3219	3	0	0.000000
3220	3	0	0.000000
3221	3	0	0.000000
3222	3	0	0.000000
3223	3	0	0.000000
3224	3	0	0.000000
3225	3	0	0.000000
3226	3	0	0.000000
3227	3	0	0.000000
3228	3	0	0.000000
3229	3	0	0.000000
3230	3	0	0.000000
3231	3	0	0.000000
3232	3	0	0.000000
3233	3	0	0.000000
3234	2	1	0.000000
3235	2	1	0.000000
3236	2	1	0.000000
3237	2	1	0.000000
3238	2	1	0.000000
3239	2	1	0.000000
3240	2	1	0.000000
3241	2	1	0.000000
3242	2	1	0.000000
3243	2	1	0.000000
3244	2	1	0.000000
3245	2	1	0.000000
3246	2	1	0.000000
3247	2	1	0.000000
3248	3	0	0.000000
3249	3	0	0.000000
3250	3	0	0.000000
3251	3	0	0.000000
3252	3	0	0.000000
3253	3	0	0.000000
3254	3	0	0.000000
3255	3	0	0.000000
3256	3	0	0.000000
3257	3	0	0.000000
3258	3	0	0.000000
3259	2	1	0.000000
3260	2	1	0.000000
3261	2	1	0.000000
3262	2	1	0.000000
3263	2	1	0.000000
3264	2	1	0.000000
3265	2	1	0.000000
3266	2	1	0.000000
3267	2	1	0.000000
3268	2	1	0.000000
3269	2	1	0.000000
3270	2	1	0.000000
3271	2	1	0.000000
3272	2	1	0.000000
3273	3	0	0.000000
3274	3	0	0.000000
3275	3	0	0.000000
3276	3	0	0.000000
3277	3	0	0.000000
3278	3	0	0.000000
3279	3	0	0.000000
3280	3	0	0.000000
3281	3	0	0.000000
3282	3	0	0.000000
3283	3	0	0.000000
3284	2	1	0.000000
3285	3	0	0.000000
3286	2	1	0.000000
3287	2	1	0.000000
3288	2	1	0.000000
3289	2	1	0.000000
3290	2	1	0.000000
3291	2	1	0.000000
3292	2	1	0.000000
3293	2	1	0.000000
3294	2	1	0.000000
3295	2	1	0.000000
3296	2	0	0.000000
3297	2	1	0.000000
3298	2	1	0.000000
3299	2	1	0.000000
3300	2	1	0.000000
3301	2	1	0.000000
3302	3	0	0.000000
3303	3	0	0.000000
3304	3	0	0.000000
3305	3	0	0.000000
3306	3	0	0.000000
3307	3	0	0.000000
3308	3	0	0.000000
3309	3	1	0.000000
3310	3	0	0.000000
3311	3	0	0.000000
3312	3	0	0.000000
3313	3	0	0.000000
3314	2	1	0.000000
3315	2	1	0.000000
3316	2	1	0.000000
3317	2	1	0.000000
3318	2	1	0.000000
3319	2	0	0.000000
3320	2	1	0.000000
3321	2	1	0.000000
3322	2	1	0.000000
3323	2	1	0.000000
3324	3	0	0.000000
3325	3	0	0.000000
3326	3	0	0.000000
3327	3	0	0.000000
3328	3	0	0.000000
3329	3	0	0.000000
3330	3	0	0.000000
3331	3	0	0.000000
3332	3	0	0.000000
3333	3	0	0.000000
3334	3	0	0.000000
3335	3	1	0.000000
3336	2	1	0.000000
3337	2	1	0.000000
3338	2	1	0.000000
3339	2	1	0.000000
3340	2	1	0.000000
3341	2	1	0.000000
3342	2	1	0.000000
3343	2	1	0.000000
3344	2	1	0.000000
3345	2	1	0.000000
3346	2	1	0.000000
3347	3	0	0.000000
3348	3	0	0.000000
3349	3	0	0.000000
3350	3	0	0.000000
3351	3	0	0.000000
3352	3	0	0.000000
3353	3	0	0.000000
3354	3	0	0.000000
3355	3	0	0.000000
3356	3	0	0.000000
3357	3	0	0.000000
3358	3	0	0.000000
3359	2	1	0.000000
3360	2	1	0.000000
3361	2	1	0.000000
3362	2	1	0.000000
3363	2	1	0.000000
3364	2	1	0.000000
3365	2	1	0.000000
3366	2	1	0.000000
3367	2	1	0.000000
3368	2	1	0.000000
3369	2	1	0.000000
3370	3	0	0.000000
3371	3	0	0.000000
3372	3	0	0.000000
3373	3	0	0.000000
3374	3	0	0.000000
3375	3	0	0.000000
3376	3	0	0.000000
3377	3	0	0.000000
3378	3	0	0.000000
3379	3	0	0.000000
3380	3	0	0.000000
3381	3	0	0.000000
3382	2	1	0.000000
3383	2	1	0.000000
3384	2	1	0.000000
3385	2	1	0.000000
3386	2	1	0.000000
3387	2	1	0.000000
3388	2	1	0.000000
3389	2	1	0.000000
3390	2	1	0.000000
3391	2	1	0.000000
3392	2	1	0.000000
3393	2	1	0.000000
3394	2	1	0.000000
3395	2	1	0.000000
3396	2	1	0.000000
3397	2	1	0.000000
3398	3	0	0.000000
3399	3	0	0.000000
3400	3	0	0.000000
3401	3	0	0.000000
3402	3	0	0.000000
3403	3	0	0.000000
3404	3	0	0.000000
3405	3	0	0.000000
3406	3	0	0.000000
3407	3	0	0.000000
3408	3	0	0.000000
3409	3	0	0.000000
3410	3	0	0.000000
3411	2	1	0.000000
3412	2	1	0.000000
3413	2	1	0.000000
3414	2	1	0.000000
3415	2	1	0.000000
3416	2	1	0.000000
3417	2	1	0.000000
3418	2	1	0.000000
3419	2	1	0.000000
3420	2	1	0.000000
3421	2	1	0.000000
3422	2	1	0.000000
3423	2	1	0.000000
3424	2	1	0.000000
3425	2	1	0.000000
3426	2	1	0.000000
3427	2	1	0.000000
3428	2	1	0.000000
3429	2	1	0.000000
3430	2	1	0.000000
3431	3	0	0.000000
3432	3	0	0.000000
3433	3	0	0.000000
3434	3	0	0.000000
3435	3	0	0.000000
3436	3	0	0.000000
3437	3	0	0.000000
3438	3	0	0.000000
3439	3	0	0.000000
3440	3	0	0.000000
3441	3	0	0.000000
3442	3	0	0.000000
3443	3	0	0.000000
3444	3	0	0.000000
3445	3	0	0.000000
3446	2	1	0.000000
3447	2	1	0.000000
3448	2	1	0.000000
3449	2	1	0.000000
3450	2	1	0.000000
3451	2	1	0.000000
3452	2	1	0.000000
3453	2	0	0.000000
3454	2	1	0.000000
3455	2	1	0.000000
3456	2	1	0.000000
3457	2	1	0.000000
3458	2	1	0.000000
3459	2	1	0.000000
3460	2	1	0.000000
3461	2	1	0.000000
3462	2	1	0.000000
3463	2	1	0.000000
3464	2	1	0.000000
3465	2	1	0.000000
3466	2	1	0.000000
3467	2	1	0.000000
3468	2	0	0.000000
3469	2	1	0.000000
3470	2	0	0.000000
3471	2	0	0.000000
3472	2	1	0.000000
3473	3	0	0.000000
3474	3	0	0.000000
3475	3	0	0.000000
3476	3	1	0.000000
3477	3	0	0.000000
3478	3	0	0.000000
3479	2	1	0.000000
3480	2	1	0.000000
3481	2	1	0.000000
3482	2	1	0.000000
3483	2	1	0.000000
3484	2	1	0.000000
3485	2	1	0.000000
3486	2	1	0.000000
3487	2	1	0.000000
3488	2	1	0.000000
3489	2	1	0.000000
3490	2	1	0.000000
3491	2	1	0.000000
3492	2	0	0.000000
3493	2	1	0.000000
3494	2	1	0.000000
3495	2	1	0.000000
3496	2	1	0.000000
3497	2	1	0.000000
3498	2	1	0.000000
3499	2	1	0.000000
3500	2	1	0.000000
3501	2	1	0.000000
3502	2	1	0.000000
3503	3	0	0.000000
3504	2	1	0.000000
3505	3	0	0.000000
3506	2	0	0.000000
3507	2	1	0.000000
3508	2	1	0.000000
3509	2	1	0.000000
3510	2	1	0.000000
3511	2	1	0.000000
3512	3	0	0.000000
3513	2	1	0.000000
3514	3	0	0.000000
3515	3	0	0.000000
3516	3	0	0.000000
3517	2	1	0.000000
3518	2	1	0.000000
3519	2	1	0.000000
3520	2	1	0.000000
3521	2	1	0.000000
3522	2	1	0.000000
3523	2	1	0.000000
3524	2	1	0.000000
3525	2	1	0.000000
3526	2	1	0.000000
3527	2	1	0.000000
3528	2	1	0.000000
3529	2	1	0.000000
3530	2	1	0.000000
3531	3	0	0.000000
3532	3	0	0.000000
3533	3	0	0.000000
3534	3	0	0.000000
3535	3	0	0.000000
3536	3	0	0.000000
3537	3	0	0.000000
3538	3	0	0.000000
3539	3	0	0.000000
3540	3	0	0.000000
3541	3	0	0.000000
3542	3	0	0.000000
3543	3	0	0.000000
3544	3	0	0.000000
3545	2	1	0.000000
3546	2	1	0.000000
3547	2	1	0.000000
3548	2	1	0.000000
3549	2	1	0.000000
3550	2	1	0.000000
3551	2	1	0.000000
3552	2	1	0.000000
3553	2	1	0.000000
3554	2	1	0.000000
3555	2	1	0.000000
3556	2	1	0.000000
3557	2	1	0.000000
3558	2	1	0.000000
3559	2	1	0.000000
3560	3	0	0.000000
3561	3	0	0.000000
3562	3	1	0.000000
3563	3	0	0.000000
3564	3	0	0.000000
3565	3	0	0.000000
3566	3	0	0.000000
3567	3	0	0.000000
3568	3	0	0.000000
3569	3	0	0.000000
3570	3	1	0.000000
3571	3	0	0.000000
3572	3	0	0.000000
3573	2	1	0.000000
3574	3	0	0.000000
3575	3	0	0.000000
3576	3	0	0.000000
3577	3	0	0.000000
3578	3	0	0.000000
3579	3	0	0.000000
3580	3	0	0.000000
3581	3	0	0.000000
3582	2	1	0.000000
3583	2	1	0.000000
3584	2	1	0.000000
3585	2	1	0.000000
3586	2	1	0.000000
3587	2	1	0.000000
3588	2	1	0.000000
3589	2	1	0.000000
3590	2	1	0.000000
3591	2	1	0.000000
3592	2	0	0.000000
3593	2	0	0.000000
3594	2	1	0.000000
3595	2	1	0.000000
3596	2	1	0.000000
3597	2	1	0.000000
3598	2	1	0.000000
3599	2	1	0.000000
3600	2	1	0.000000
3601	2	0	0.000000
3602	2	1	0.000000
3603	2	1	0.000000
3604	2	1	0.000000
3605	2	1	0.000000
3606	2	1	0.000000
3607	2	1	0.000000
3608	2	1	0.000000
3609	2	1	0.000000
3610	2	1	0.000000
3611	2	1	0.000000
3612	2	1	0.000000
3613	2	1	0.000000
3614	2	1	0.000000
3615	2	1	0.000000
3616	2	1	0.000000
3617	2	0	0.000000
3618	2	1	0.000000
3619	2	1	0.000000
3620	2	1	0.000000
3621	2	1	0.000000
3622	2	1	0.000000
3623	2	1	0.000000
3624	2	1	0.000000
3625	2	1	0.000000
3626	2	1	0.000000
3627	2	1	0.000000
3628	2	1	0.000000
3629	2	1	0.000000
3630	2	1	0.000000
3631	2	1	0.000000
3632	2	1	0.000000
3633	2	1	0.000000
3634	2	1	0.000000
3635	2	0	0.000000
3636	2	1	0.000000
3637	2	1	0.000000
3638	2	1	0.000000
3639	2	1	0.000000
3640	2	1	0.000000
3641	2	1	0.000000
3642	2	1	0.000000
3643	2	1	0.000000
3644	2	1	0.000000
3645	3	0	0.000000
3646	2	1	0.000000
3647	3	0	0.000000
3648	3	0	0.000000
3649	2	1	0.000000
3650	2	1	0.000000
3651	2	1	0.000000
3652	2	0	0.000000
3653	2	1	0.000000
3654	2	0	0.000000
3655	2	1	0.000000
3656	2	1	0.000000
3657	3	0	0.000000
3658	3	0	0.000000
3659	2	1	0.000000
3660	2	1	0.000000
3661	2	1	0.000000
3662	3	0	0.000000
3663	2	1	0.000000
3664	2	1	0.000000
3665	2	1	0.000000
3666	2	1	0.000000
3667	2	1	0.000000
3668	2	1	0.000000
3669	2	1	0.000000
3670	2	1	0.000000
3671	2	1	0.000000
3672	2	1	0.000000
3673	2	0	0.000000
3674	2	1	0.000000
3675	2	1	0.000000
3676	2	1	0.000000
3677	2	1	0.000000
3678	2	1	0.000000
3679	2	1	0.000000
3680	2	1	0.000000
3681	2	1	0.000000
3682	2	1	0.000000
3683	2	1	0.000000
3684	2	1	0.000000
3685	2	1	0.000000
3686	2	1	0.000000
3687	2	1	0.000000
3688	2	0	0.000000
3689	2	1	0.000000
3690	2	1	0.000000
3691	2	1	0.000000
3692	2	1	0.000000
3693	2	1	0.000000
3694	2	1	0.000000
3695	2	1	0.000000
3696	3	0	0.000000
3697	2	1	0.000000
3698	3	0	0.000000
3699	2	1	0.000000
3700	2	1	0.000000
3701	3	0	0.000000
3702	3	0	0.000000
3703	3	0	0.000000
3704	3	0	0.000000
3705	3	0	0.000000
3706	3	1	0.000000
3707	3	0	0.000000
3708	3	1	0.000000
3709	3	0	0.000000
3710	3	0	0.000000
3711	3	0	0.000000
3712	3	0	0.000000
3713	3	0	0.000000
3714	3	0	0.000000
3715	2	1	0.000000
3716	2	1	0.000000
3717	2	1	0.000000
3718	2	1	0.000000
3719	2	0	0.000000
3720	2	1	0.000000
3721	2	1	0.000000
3722	2	1	0.000000
3723	2	1	0.000000
3724	2	1	0.000000
3725	2	1	0.000000
3726	2	1	0.000000
3727	2	1	0.000000
3728	2	1	0.000000
3729	2	1	0.000000
3730	2	1	0.000000
3731	2	1	0.000000
3732	2	1	0.000000
3733	2	1	0.000000
3734	2	1	0.000000
3735	2	1	0.000000
3736	2	0	0.000000
3737	2	1	0.000000
3738	2	1	0.000000
3739	2	0	0.000000
3740	2	1	0.000000
3741	2	1	0.000000
3742	2	1	0.000000
3743	2	0	0.000000
3744	2	1	0.000000
3745	2	1	0.000000
3746	2	1	0.000000
3747	2	1	0.000000
3748	2	1	0.000000
3749	2	1	0.000000
3750	2	1	0.000000
3751	2	1	0.000000
3752	2	1	0.000000
3753	2	1	0.000000
3754	2	1	0.000000
3755	1	1	0.000000
3756	1	1	0.000000
3757	1	1	0.000000
3758	1	0	0.000000
3759	1	1	0.000000
3760	1	1	0.000000
3761	1	1	0.000000
3762	1	1	0.000000
3763	1	1	0.000000
3764	1	1	0.000000
3765	1	1	0.000000
3766	1	1	0.000000
3767	1	1	0.000000
3768	1	1	0.000000
3769	1	1	0.000000
3770	1	1	0.000000
3771	1	1	0.000000
3772	1	1	0.000000
3773	1	1	0.000000
3774	1	1	0.000000
3775	1	1	0.000000
3776	1	0	0.000000
3777	1	1	0.000000
3778	1	1	0.000000
3779	1	1	0.000000
3780	1	1	0.000000
3781	1	1	0.000000
3782	1	1	0.000000
3783	1	1	0.000000
3784	1	1	0.000000
3785	1	1	0.000000
3786	1	1	0.000000
3787	1	1	0.000000
3788	1	1	0.000000
3789	1	1	0.000000
3790	1	1	0.000000
3791	1	1	0.000000
3792	1	1	0.000000
3793	1	1	0.000000
3794	1	1	0.000000
3795	1	1	0.000000
3796	1	1	0.000000
3797	1	1	0.000000
3798	1	1	0.000000
3799	1	1	0.000000
3800	1	1	0.000000
3801	1	1	0.000000
3802	1	1	0.000000
3803	1	1	0.000000
3804	1	0	0.000000
3805	1	1	0.000000
3806	1	1	0.000000
3807	1	1	0.000000
3808	1	1	0.000000
3809	1	1	0.000000
3810	1	1	0.000000
3811	1	1	0.000000
3812	1	1	0.000000
3813	1	1	0.000000
3814	1	1	0.000000
3815	1	1	0.000000
3816	1	1	0.000000
3817	1	1	0.000000
3818	1	1	0.000000
3819	1	1	0.000000
3820	1	1	0.000000
3821	1	1	0.000000
3822	1	1	0.000000
3823	1	1	0.000000
3824	1	1	0.000000
3825	1	1	0.000000
3826	1	0	0.000000
3827	2	1	0.000000
3828	2	1	0.000000
3829	2	1	0.000000
3830	2	1	0.000000
3831	2	1	0.000000
3832	2	1	0.000000
3833	2	1	0.000000
3834	2	1	0.000000
3835	1	1	0.000000
3836	1	1	0.000000
3837	1	1	0.000000
3838	1	1	0.000000
3839	1	1	0.000000
3840	1	1	0.000000
3841	2	1	0.000000
3842	2	1	0.000000
3843	2	0	0.000000
3844	2	1	0.000000
3845	2	1	0.000000
3846	2	1	0.000000
3847	2	1	0.000000
3848	2	1	0.000000
3849	1	1	0.000000
3850	1	1	0.000000
3851	1	1	0.000000
3852	1	0	0.000000
3853	1	1	0.000000
3854	1	1	0.000000
3855	1	1	0.000000
3856	1	1	0.000000
3857	2	1	0.000000
3858	2	1	0.000000
3859	2	1	0.000000
3860	2	1	0.000000
3861	2	1	0.000000
3862	2	1	0.000000
3863	2	1	0.000000
3864	2	1	0.000000
3865	2	1	0.000000
3866	2	1	0.000000
3867	2	1	0.000000
3868	2	0	0.000000
3869	2	1	0.000000
3870	2	1	0.000000
3871	2	1	0.000000
3872	2	1	0.000000
3873	2	1	0.000000
3874	2	1	0.000000
3875	2	1	0.000000
3876	2	1	0.000000
3877	2	1	0.000000
3878	1	1	0.000000
3879	1	1	0.000000
3880	2	1	0.000000
3881	2	1	0.000000
3882	2	1	0.000000
3883	2	1	0.000000
3884	2	0	0.000000
3885	2	1	0.000000
3886	2	1	0.000000
3887	2	1	0.000000
3888	2	1	0.000000
3889	2	1	0.000000
3890	2	1	0.000000
3891	2	1	0.000000
3892	2	1	0.000000
3893	2	1	0.000000
3894	2	1	0.000000
3895	2	1	0.000000
3896	2	1	0.000000
3897	2	1	0.000000
3898	2	1	0.000000
3899	2	0	0.000000
3900	2	1	0.000000
3901	2	1	0.000000
3902	2	0	0.000000
3903	2	1	0.000000
3904	2	1	0.000000
3905	3	0	0.000000
3906	2	1	0.000000
3907	2	1	0.000000
3908	2	1	0.000000
3909	2	1	0.000000
3910	2	0	0.000000
3911	3	1	0.000000
3912	3	0	0.000000
3913	3	0	0.000000
3914	3	0	0.000000
3915	3	0	0.000000
3916	3	0	0.000000
3917	3	0	0.000000
3918	3	0	0.000000
3919	2	1	0.000000
3920	2	1	0.000000
3921	2	1	0.000000
3922	2	1	0.000000
3923	2	0	0.000000
3924	2	1	0.000000
3925	2	1	0.000000
3926	2	1	0.000000
3927	2	1	0.000000
3928	2	1	0.000000
3929	2	1	0.000000
3930	2	1	0.000000
3931	2	1	0.000000
3932	2	1	0.000000
3933	2	1	0.000000
3934	2	1	0.000000
3935	2	1	0.000000
3936	2	1	0.000000
3937	2	1	0.000000
3938	2	1	0.000000
3939	2	1	0.000000
3940	2	1	0.000000
3941	2	1	0.000000
3942	2	1	0.000000
3943	2	1	0.000000
3944	2	1	0.000000
3945	2	1	0.000000
3946	2	1	0.000000
3947	2	1	0.000000
3948	2	1	0.000000
3949	2	1	0.000000
3950	2	1	0.000000
3951	2	0	0.000000
3952	2	1	0.000000
3953	2	1	0.000000
3954	2	1	0.000000
3955	2	1	0.000000
3956	2	1	0.000000
3957	2	1	0.000000
3958	2	1	0.000000
3959	2	1	0.000000
3960	2	1	0.000000
3961	2	1	0.000000
3962	2	1	0.000000
3963	2	1	0.000000
3964	2	1	0.000000
3965	2	1	0.000000
3966	2	1	0.000000
3967	2	1	0.000000
3968	2	1	0.000000
3969	1	1	0.000000
3970	2	1	0.000000
3971	1	1	0.000000
3972	1	1	0.000000
3973	1	1	0.000000
3974	2	1	0.000000
3975	1	1	0.000000
3976	2	1	0.000000
3977	2	1	0.000000
3978	2	1	0.000000
3979	2	1	0.000000
3980	2	1	0.000000
3981	2	1	0.000000
3982	2	1	0.000000
3983	2	1	0.000000
3984	2	1	0.000000
3985	2	1	0.000000
3986	2	1	0.000000
3987	2	1	0.000000
3988	2	1	0.000000
3989	2	1	0.000000
3990	2	1	0.000000
3991	2	1	0.000000
3992	2	1	0.000000
3993	2	1	0.000000
3994	2	1	0.000000
3995	2	1	0.000000
3996	2	1	0.000000
3997	2	1	0.000000
3998	2	1	0.000000
3999	2	1	0.000000
4000	2	1	0.000000
4001	2	0	0.000000
4002	2	0	0.000000
4003	2	1	0.000000
4004	2	1	0.000000
4005	1	1	0.000000
4006	1	1	0.000000
4007	1	1	0.000000
4008	1	0	0.000000
4009	1	1	0.000000
4010	1	1	0.000000
4011	1	1	0.000000
4012	1	0	0.000000
4013	1	1	0.000000
4014	1	1	0.000000
4015	1	1	0.000000
4016	1	1	0.000000
4017	1	1	0.000000
4018	1	1	0.000000
4019	1	1	0.000000
4020	1	1	0.000000
4021	1	1	0.000000
4022	1	1	0.000000
4023	1	0	0.000000
4024	1	1	0.000000
4025	1	1	0.000000
4026	1	1	0.000000
4027	1	1	0.000000
4028	1	1	0.000000
4029	1	1	0.000000
4030	1	1	0.000000
4031	1	1	0.000000
4032	1	1	0.000000
4033	1	1	0.000000
4034	1	1	0.000000
4035	1	1	0.000000
4036	1	0	0.000000
4037	1	1	0.000000
4038	1	0	0.000000
4039	1	0	0.000000
4040	1	1	0.000000
4041	1	1	0.000000
4042	1	1	0.000000
4043	1	1	0.000000
4044	1	1	0.000000
4045	1	1	0.000000
4046	1	1	0.000000
4047	1	1	0.000000
4048	1	1	0.000000
4049	1	1	0.000000
4050	1	1	0.000000
4051	1	1	0.000000
4052	1	1	0.000000
4053	1	1	0.000000
4054	1	1	0.000000
4055	1	1	0.000000
4056	1	1	0.000000
4057	1	1	0.000000
4058	1	1	0.000000
4059	1	1	0.000000
4060	1	1	0.000000
4061	1	1	0.000000
4062	1	1	0.000000
4063	1	1	0.000000
4064	1	1	0.000000
4065	1	1	0.000000
4066	1	1	0.000000
4067	1	0	0.000000
4068	1	1	0.000000
4069	1	1	0.000000
4070	1	1	0.000000
4071	1	1	0.000000
4072	1	1	0.000000
4073	1	1	0.000000
4074	1	1	0.000000
4075	1	1	0.000000
4076	1	1	0.000000
4077	1	1	0.000000
4078	1	1	0.000000
4079	1	1	0.000000
4080	1	1	0.000000
4081	1	1	0.000000
4082	2	1	0.000000
4083	2	1	0.000000
4084	2	1	0.000000
4085	1	1	0.000000
4086	1	0	0.000000
4087	1	1	0.000000
4088	1	1	0.000000
4089	1	1	0.000000
4090	1	1	0.000000
4091	1	1	0.000000
4092	1	1	0.000000
4093	1	1	0.000000
4094	1	1	0.000000
4095	1	1	0.000000
4096	1	1	0.000000
4097	1	0	0.000000
4098	1	0	0.000000
4099	2	1	0.000000
4100	2	1	0.000000
4101	2	1	0.000000
4102	2	1	0.000000
4103	2	1	0.000000
4104	2	1	0.000000
4105	2	1	0.000000
4106	2	1	0.000000
4107	2	1	0.000000
4108	2	1	0.000000
4109	2	1	0.000000
4110	2	1	0.000000
4111	1	1	0.000000
4112	1	1	0.000000
4113	1	1	0.000000
4114	2	1	0.000000
4115	2	1	0.000000
4116	2	1	0.000000
4117	2	1	0.000000
4118	2	1	0.000000
4119	2	1	0.000000
4120	2	1	0.000000
4121	2	1	0.000000
4122	2	1	0.000000
4123	2	1	0.000000
4124	2	0	0.000000
4125	2	1	0.000000
4126	2	1	0.000000
4127	2	1	0.000000
4128	3	0	0.000000
4129	3	0	0.000000
4130	3	0	0.000000
4131	3	0	0.000000
4132	3	0	0.000000
4133	3	0	0.000000
4134	3	0	0.000000
4135	3	0	0.000000
4136	3	0	0.000000
4137	3	0	0.000000
4138	3	0	0.000000
4139	3	0	0.000000
4140	3	0	0.000000
4141	3	0	0.000000
4142	2	1	0.000000
4143	2	1	0.000000
4144	2	1	0.000000
4145	2	1	0.000000
4146	2	1	0.000000
4147	2	1	0.000000
4148	2	1	0.000000
4149	2	1	0.000000
4150	2	1	0.000000
4151	2	1	0.000000
4152	2	1	0.000000
4153	2	1	0.000000
4154	2	1	0.000000
4155	2	1	0.000000
4156	2	1	0.000000
4157	2	1	0.000000
4158	2	1	0.000000
4159	3	0	0.000000
4160	3	0	0.000000
4161	3	0	0.000000
4162	3	0	0.000000
4163	3	0	0.000000
4164	3	0	0.000000
4165	3	0	0.000000
4166	3	0	0.000000
4167	2	1	0.000000
4168	2	1	0.000000
4169	2	0	0.000000
4170	2	1	0.000000
4171	2	1	0.000000
4172	2	1	0.000000
4173	2	1	0.000000
4174	2	1	0.000000
4175	2	1	0.000000
4176	2	1	0.000000
4177	2	1	0.000000
4178	2	1	0.000000
4179	2	1	0.000000
4180	2	1	0.000000
4181	2	1	0.000000
4182	2	1	0.000000
4183	2	1	0.000000
4184	2	1	0.000000
4185	2	1	0.000000
4186	3	0	0.000000
4187	3	0	0.000000
4188	3	0	0.000000
4189	3	0	0.000000
4190	3	0	0.000000
4191	3	0	0.000000
4192	3	0	0.000000
4193	3	0	0.000000
4194	3	0	0.000000
4195	3	0	0.000000
4196	3	0	0.000000
4197	2	1	0.000000
4198	2	0	0.000000
4199	2	1	0.000000
4200	2	1	0.000000
4201	2	1	0.000000
4202	2	0	0.000000
4203	2	1	0.000000
4204	2	1	0.000000
4205	2	1	0.000000
4206	2	1	0.000000
4207	2	1	0.000000
4208	2	1	0.000000
4209	2	1	0.000000
4210	2	1	0.000000
4211	2	1	0.000000
4212	2	1	0.000000
4213	2	1	0.000000
4214	2	1	0.000000
4215	2	1	0.000000
4216	3	0	0.000000
4217	3	0	0.000000
4218	3	0	0.000000
4219	3	0	0.000000
4220	3	0	0.000000
4221	3	0	0.000000
4222	3	0	0.000000
4223	3	1	0.000000
4224	3	0	0.000000
4225	3	0	0.000000
4226	3	0	0.000000
4227	3	0	0.000000
4228	2	1	0.000000
4229	2	1	0.000000
4230	2	1	0.000000
4231	2	1	0.000000
4232	2	1	0.000000
4233	2	1	0.000000
4234	2	1	0.000000
4235	2	1	0.000000
4236	2	1	0.000000
4237	2	1	0.000000
4238	2	1	0.000000
4239	2	1	0.000000
4240	2	1	0.000000
4241	2	1	0.000000
4242	2	1	0.000000
4243	3	0	0.000000
4244	3	0	0.000000
4245	3	0	0.000000
4246	3	0	0.000000
4247	3	1	0.000000
4248	3	0	0.000000
4249	3	0	0.000000
4250	3	0	0.000000
4251	3	0	0.000000
4252	3	0	0.000000
4253	3	0	0.000000
4254	3	0	0.000000
4255	3	0	0.000000
4256	3	0	0.000000
4257	2	1	0.000000
4258	2	1	0.000000
4259	2	1	0.000000
4260	2	1	0.000000
4261	2	0	0.000000
4262	2	1	0.000000
4263	2	1	0.000000
4264	2	1	0.000000
4265	2	1	0.000000
4266	2	1	0.000000
4267	2	1	0.000000
4268	2	1	0.000000
4269	2	1	0.000000
4270	2	1	0.000000
4271	2	1	0.000000
4272	3	0	0.000000
4273	3	0	0.000000
4274	3	0	0.000000
4275	3	0	0.000000
4276	3	0	0.000000
4277	3	0	0.000000
4278	3	0	0.000000
4279	3	0	0.000000
4280	3	0	0.000000
4281	3	0	0.000000
4282	3	0	0.000000
4283	3	0	0.000000
4284	3	0	0.000000
4285	2	1	0.000000
4286	2	1	0.000000
4287	2	1	0.000000
4288	2	1	0.000000
4289	2	1	0.000000
4290	2	1	0.000000
4291	2	1	0.000000
4292	2	1	0.000000
4293	2	1	0.000000
4294	2	1	0.000000
4295	2	1	0.000000
4296	2	1	0.000000
4297	2	1	0.000000
4298	2	1	0.000000
4299	2	1	0.000000
4300	3	0	0.000000
4301	3	0	0.000000
4302	3	0	0.000000
4303	3	0	0.000000
4304	3	0	0.000000
4305	3	0	0.000000
4306	3	0	0.000000
4307	3	0	0.000000
4308	3	1	0.000000
4309	3	1	0.000000
4310	3	0	0.000000
4311	2	1	0.000000
4312	2	1	0.000000
4313	2	1	0.000000
4314	2	0	0.000000
4315	2	1	0.000000
4316	2	1	0.000000
4317	3	0	0.000000
4318	3	0	0.000000
4319	3	0	0.000000
4320	3	0	0.000000
4321	3	0	0.000000
4322	3	0	0.000000
4323	3	1	0.000000
4324	3	1	0.000000
4325	2	1	0.000000
4326	2	0	0.000000
4327	2	1	0.000000
4328	2	1	0.000000
4329	2	1	0.000000
4330	2	1	0.000000
4331	2	1	0.000000
4332	2	1	0.000000
4333	3	0	0.000000
4334	3	1	0.000000
4335	3	0	0.000000
4336	3	0	0.000000
4337	3	0	0.000000
4338	3	0	0.000000
4339	3	0	0.000000
4340	3	0	0.000000
4341	3	0	0.000000
4342	3	0	0.000000
4343	3	0	0.000000
4344	3	0	0.000000
4345	3	1	0.000000
4346	2	1	0.000000
4347	2	1	0.000000
4348	2	1	0.000000
4349	2	1	0.000000
4350	2	1	0.000000
4351	2	1	0.000000
4352	2	1	53.770000
4353	0	0	0.000000
