StartTime	2015/09/23 19:05:16
FinishTime	2015/09/23 19:07:13
ElapsedTime	117.000000
/home/daisuke/git/ReinforcementLearning/log/EV3LineTracer_20150923170738_10Setting_20150923170739.log
0	1.000000
1	0.041667	0.041667	0.916667
2	0.041667	0.041667	0.916667
3	0.041667	0.041667	0.916667
4	0.916667	0.041667	0.041667
5	0.041667	0.916667	0.041667
6	0.041667	0.916667	0.041667
2081
0	2	2	0.000000
1	2	1	0.000000
2	2	2	0.000000
3	2	2	0.000000
4	2	2	0.000000
5	2	2	0.000000
6	2	2	0.000000
7	2	2	0.000000
8	2	2	0.000000
9	2	2	0.000000
10	2	2	0.000000
11	2	2	0.000000
12	2	2	0.000000
13	2	2	0.000000
14	2	2	0.000000
15	2	2	0.000000
16	2	2	0.000000
17	2	2	0.000000
18	2	2	0.000000
19	2	0	0.000000
20	2	2	0.000000
21	2	2	0.000000
22	2	2	0.000000
23	2	2	0.000000
24	2	1	0.000000
25	1	2	0.000000
26	1	2	0.000000
27	1	2	0.000000
28	1	0	0.000000
29	1	2	0.000000
30	1	2	0.000000
31	1	2	0.000000
32	1	2	0.000000
33	1	1	0.000000
34	1	2	0.000000
35	1	2	0.000000
36	1	2	0.000000
37	1	2	0.000000
38	1	2	0.000000
39	1	2	0.000000
40	1	1	0.000000
41	1	2	0.000000
42	1	2	0.000000
43	1	2	0.000000
44	1	2	0.000000
45	1	2	0.000000
46	1	2	0.000000
47	1	2	0.000000
48	1	2	0.000000
49	1	2	0.000000
50	1	2	0.000000
51	1	2	0.000000
52	1	2	0.000000
53	1	2	0.000000
54	1	2	0.000000
55	1	2	0.000000
56	1	2	0.000000
57	1	2	0.000000
58	1	2	0.000000
59	1	2	0.000000
60	1	2	0.000000
61	1	2	0.000000
62	1	2	0.000000
63	1	2	0.000000
64	1	2	0.000000
65	1	2	0.000000
66	1	2	0.000000
67	1	2	0.000000
68	1	2	0.000000
69	1	2	0.000000
70	1	2	0.000000
71	1	2	0.000000
72	1	2	0.000000
73	1	2	0.000000
74	1	0	0.000000
75	1	2	0.000000
76	1	2	0.000000
77	1	2	0.000000
78	1	2	0.000000
79	1	2	0.000000
80	1	2	0.000000
81	1	2	0.000000
82	1	2	0.000000
83	1	2	0.000000
84	1	2	0.000000
85	1	2	0.000000
86	1	2	0.000000
87	1	2	0.000000
88	1	2	0.000000
89	1	2	0.000000
90	1	1	0.000000
91	1	2	0.000000
92	1	2	0.000000
93	1	2	0.000000
94	1	2	0.000000
95	1	2	0.000000
96	1	2	0.000000
97	1	2	0.000000
98	1	2	0.000000
99	1	2	0.000000
100	1	2	0.000000
101	1	2	0.000000
102	1	2	0.000000
103	1	2	0.000000
104	1	2	0.000000
105	1	2	0.000000
106	1	2	0.000000
107	1	2	0.000000
108	1	2	0.000000
109	1	2	0.000000
110	1	1	0.000000
111	2	2	0.000000
112	2	2	0.000000
113	2	2	0.000000
114	2	2	0.000000
115	2	2	0.000000
116	2	2	0.000000
117	3	2	0.000000
118	3	2	0.000000
119	3	2	0.000000
120	3	2	0.000000
121	4	1	0.000000
122	4	0	0.000000
123	4	0	0.000000
124	4	0	0.000000
125	4	0	0.000000
126	4	0	0.000000
127	4	0	0.000000
128	4	0	0.000000
129	4	0	0.000000
130	5	1	0.000000
131	5	1	0.000000
132	5	1	0.000000
133	5	1	0.000000
134	5	0	0.000000
135	5	1	0.000000
136	5	1	0.000000
137	5	1	0.000000
138	5	1	0.000000
139	5	1	0.000000
140	5	1	0.000000
141	5	1	0.000000
142	5	1	0.000000
143	5	1	0.000000
144	5	1	0.000000
145	5	1	0.000000
146	5	1	0.000000
147	5	1	0.000000
148	5	1	0.000000
149	5	1	0.000000
150	5	1	0.000000
151	5	1	0.000000
152	5	1	0.000000
153	5	1	0.000000
154	5	1	0.000000
155	5	1	0.000000
156	5	1	0.000000
157	5	1	0.000000
158	5	1	0.000000
159	5	1	0.000000
160	5	1	0.000000
161	5	1	0.000000
162	5	1	0.000000
163	5	1	0.000000
164	5	1	0.000000
165	5	1	0.000000
166	5	1	0.000000
167	5	1	0.000000
168	5	2	0.000000
169	5	1	0.000000
170	5	1	0.000000
171	5	1	0.000000
172	5	1	0.000000
173	5	1	0.000000
174	5	1	0.000000
175	5	1	0.000000
176	5	1	0.000000
177	5	1	0.000000
178	5	1	0.000000
179	5	1	0.000000
180	5	1	0.000000
181	5	1	0.000000
182	5	1	0.000000
183	5	1	0.000000
184	5	1	0.000000
185	5	1	0.000000
186	5	1	0.000000
187	5	1	0.000000
188	5	1	0.000000
189	5	1	0.000000
190	5	1	0.000000
191	5	1	0.000000
192	5	1	0.000000
193	5	1	0.000000
194	5	1	0.000000
195	5	1	0.000000
196	5	1	0.000000
197	5	1	0.000000
198	5	1	0.000000
199	5	1	0.000000
200	5	1	0.000000
201	5	1	0.000000
202	5	1	0.000000
203	5	2	0.000000
204	5	1	0.000000
205	5	1	0.000000
206	5	1	0.000000
207	5	1	0.000000
208	5	1	0.000000
209	5	1	0.000000
210	5	1	0.000000
211	5	1	0.000000
212	5	1	0.000000
213	5	1	0.000000
214	5	1	0.000000
215	5	1	0.000000
216	5	1	0.000000
217	5	1	0.000000
218	5	1	0.000000
219	5	1	0.000000
220	5	1	0.000000
221	5	1	0.000000
222	5	1	0.000000
223	5	1	0.000000
224	5	1	0.000000
225	5	1	0.000000
226	5	1	0.000000
227	5	1	0.000000
228	5	1	0.000000
229	5	1	0.000000
230	5	1	0.000000
231	5	1	0.000000
232	5	1	0.000000
233	5	1	0.000000
234	5	1	0.000000
235	5	1	0.000000
236	5	1	0.000000
237	5	1	0.000000
238	5	1	0.000000
239	5	1	0.000000
240	5	1	0.000000
241	5	1	0.000000
242	6	1	0.000000
243	5	1	0.000000
244	6	1	0.000000
245	6	1	0.000000
246	6	1	0.000000
247	6	2	0.000000
248	5	1	0.000000
249	5	1	0.000000
250	5	1	0.000000
251	5	1	0.000000
252	5	1	0.000000
253	5	1	0.000000
254	5	1	0.000000
255	5	1	0.000000
256	5	1	0.000000
257	5	1	0.000000
258	5	1	0.000000
259	5	1	0.000000
260	5	1	0.000000
261	5	1	0.000000
262	5	1	0.000000
263	5	1	0.000000
264	5	1	0.000000
265	5	1	0.000000
266	5	1	0.000000
267	5	1	0.000000
268	5	1	0.000000
269	5	1	0.000000
270	5	1	0.000000
271	5	1	0.000000
272	5	1	0.000000
273	5	1	0.000000
274	5	1	0.000000
275	5	1	0.000000
276	5	1	0.000000
277	5	1	0.000000
278	5	2	0.000000
279	5	1	0.000000
280	5	1	0.000000
281	5	1	0.000000
282	5	1	0.000000
283	5	1	0.000000
284	5	1	0.000000
285	5	1	0.000000
286	5	1	0.000000
287	5	1	0.000000
288	5	1	0.000000
289	5	1	0.000000
290	5	1	0.000000
291	5	1	0.000000
292	5	1	0.000000
293	5	1	0.000000
294	5	1	0.000000
295	5	1	0.000000
296	5	1	0.000000
297	5	2	0.000000
298	5	1	0.000000
299	5	1	0.000000
300	5	1	0.000000
301	5	1	0.000000
302	5	1	0.000000
303	5	1	0.000000
304	5	1	0.000000
305	5	0	0.000000
306	5	1	0.000000
307	5	1	0.000000
308	5	1	0.000000
309	5	1	0.000000
310	5	1	0.000000
311	5	0	0.000000
312	5	1	0.000000
313	5	1	0.000000
314	5	1	0.000000
315	5	1	0.000000
316	5	2	0.000000
317	5	1	0.000000
318	5	1	0.000000
319	5	1	0.000000
320	5	1	0.000000
321	5	1	0.000000
322	5	1	0.000000
323	5	2	0.000000
324	5	1	0.000000
325	5	2	0.000000
326	5	1	0.000000
327	5	1	0.000000
328	5	0	0.000000
329	5	1	0.000000
330	5	1	0.000000
331	5	1	0.000000
332	5	1	0.000000
333	5	1	0.000000
334	5	1	0.000000
335	5	1	0.000000
336	5	1	0.000000
337	5	1	0.000000
338	5	1	0.000000
339	5	0	0.000000
340	5	1	0.000000
341	5	1	0.000000
342	5	1	0.000000
343	5	1	0.000000
344	5	1	0.000000
345	5	1	0.000000
346	5	1	0.000000
347	5	1	0.000000
348	5	1	0.000000
349	5	1	0.000000
350	5	1	0.000000
351	5	1	0.000000
352	5	1	0.000000
353	5	1	0.000000
354	5	1	0.000000
355	5	1	0.000000
356	5	1	0.000000
357	5	1	0.000000
358	5	2	0.000000
359	5	1	0.000000
360	5	2	0.000000
361	5	1	0.000000
362	5	1	0.000000
363	5	1	0.000000
364	5	1	0.000000
365	5	1	0.000000
366	5	1	0.000000
367	5	1	0.000000
368	5	1	0.000000
369	5	1	0.000000
370	5	0	0.000000
371	5	0	0.000000
372	5	0	0.000000
373	5	2	0.000000
374	5	1	0.000000
375	5	1	0.000000
376	5	1	0.000000
377	5	1	0.000000
378	5	1	0.000000
379	5	2	0.000000
380	5	0	0.000000
381	5	1	0.000000
382	5	2	0.000000
383	5	1	0.000000
384	5	0	0.000000
385	5	1	0.000000
386	5	1	0.000000
387	5	1	0.000000
388	5	1	0.000000
389	5	1	0.000000
390	5	1	0.000000
391	5	1	0.000000
392	5	1	0.000000
393	5	1	0.000000
394	5	1	0.000000
395	5	1	0.000000
396	5	1	0.000000
397	5	1	0.000000
398	5	1	0.000000
399	5	1	0.000000
400	5	1	0.000000
401	5	1	0.000000
402	5	1	0.000000
403	5	1	0.000000
404	5	1	0.000000
405	5	1	0.000000
406	5	1	0.000000
407	5	1	0.000000
408	5	1	0.000000
409	5	1	0.000000
410	5	1	0.000000
411	5	1	0.000000
412	5	1	0.000000
413	5	1	0.000000
414	5	1	0.000000
415	5	1	0.000000
416	5	1	0.000000
417	5	1	0.000000
418	5	1	0.000000
419	5	1	0.000000
420	5	1	0.000000
421	5	1	0.000000
422	5	1	0.000000
423	5	1	0.000000
424	5	1	0.000000
425	5	1	0.000000
426	5	1	0.000000
427	5	1	0.000000
428	5	1	0.000000
429	5	1	0.000000
430	5	1	0.000000
431	5	1	0.000000
432	5	1	0.000000
433	5	1	0.000000
434	5	1	0.000000
435	5	1	0.000000
436	5	1	0.000000
437	5	1	0.000000
438	5	1	0.000000
439	5	1	0.000000
440	5	1	0.000000
441	5	1	0.000000
442	5	1	0.000000
443	5	1	0.000000
444	5	1	0.000000
445	5	1	0.000000
446	5	1	0.000000
447	5	1	0.000000
448	5	1	0.000000
449	5	1	0.000000
450	5	1	0.000000
451	5	2	0.000000
452	5	1	0.000000
453	5	1	0.000000
454	5	1	0.000000
455	5	1	0.000000
456	5	1	0.000000
457	5	1	0.000000
458	5	1	0.000000
459	5	1	0.000000
460	5	0	0.000000
461	5	1	0.000000
462	5	1	0.000000
463	5	1	0.000000
464	5	1	0.000000
465	5	1	0.000000
466	5	1	0.000000
467	5	1	0.000000
468	5	1	0.000000
469	5	1	0.000000
470	5	1	0.000000
471	5	1	0.000000
472	5	1	0.000000
473	5	1	0.000000
474	5	1	0.000000
475	5	1	0.000000
476	5	1	0.000000
477	5	1	0.000000
478	5	1	0.000000
479	5	1	0.000000
480	5	1	0.000000
481	5	1	0.000000
482	5	1	0.000000
483	5	0	0.000000
484	5	1	0.000000
485	5	1	0.000000
486	5	1	0.000000
487	6	1	0.000000
488	5	1	0.000000
489	5	1	0.000000
490	5	1	0.000000
491	5	1	0.000000
492	5	1	0.000000
493	6	1	0.000000
494	6	1	0.000000
495	6	1	0.000000
496	5	1	0.000000
497	5	1	0.000000
498	5	1	0.000000
499	5	1	0.000000
500	5	1	0.000000
501	5	1	0.000000
502	5	1	0.000000
503	5	1	0.000000
504	5	1	0.000000
505	5	1	0.000000
506	5	1	0.000000
507	5	1	0.000000
508	5	1	0.000000
509	5	1	0.000000
510	5	1	0.000000
511	5	1	0.000000
512	5	1	0.000000
513	5	1	0.000000
514	5	1	0.000000
515	5	1	0.000000
516	6	1	0.000000
517	6	1	0.000000
518	5	1	0.000000
519	5	1	0.000000
520	5	1	0.000000
521	5	1	0.000000
522	5	0	0.000000
523	5	1	0.000000
524	5	1	0.000000
525	5	0	0.000000
526	5	1	0.000000
527	5	1	0.000000
528	5	1	0.000000
529	5	1	0.000000
530	5	1	0.000000
531	5	1	0.000000
532	4	0	0.000000
533	4	0	0.000000
534	4	0	0.000000
535	4	0	0.000000
536	4	0	0.000000
537	4	0	0.000000
538	4	1	0.000000
539	3	2	0.000000
540	3	0	0.000000
541	3	2	0.000000
542	2	2	0.000000
543	2	2	0.000000
544	2	2	0.000000
545	2	2	0.000000
546	2	2	0.000000
547	2	2	0.000000
548	2	2	0.000000
549	2	2	0.000000
550	2	2	0.000000
551	2	2	0.000000
552	2	2	0.000000
553	2	2	0.000000
554	2	2	0.000000
555	2	2	0.000000
556	2	2	0.000000
557	2	2	0.000000
558	1	2	0.000000
559	1	2	0.000000
560	1	2	0.000000
561	1	2	0.000000
562	1	2	0.000000
563	1	2	0.000000
564	1	2	0.000000
565	1	2	0.000000
566	1	2	0.000000
567	1	2	0.000000
568	1	2	0.000000
569	1	2	0.000000
570	1	2	0.000000
571	1	2	0.000000
572	1	2	0.000000
573	1	2	0.000000
574	1	2	0.000000
575	1	2	0.000000
576	1	2	0.000000
577	1	2	0.000000
578	1	2	0.000000
579	1	2	0.000000
580	1	2	0.000000
581	1	2	0.000000
582	1	2	0.000000
583	1	2	0.000000
584	1	2	0.000000
585	1	2	0.000000
586	1	2	0.000000
587	1	0	0.000000
588	1	2	0.000000
589	1	2	0.000000
590	1	2	0.000000
591	1	2	0.000000
592	1	2	0.000000
593	1	2	0.000000
594	1	2	0.000000
595	1	2	0.000000
596	1	2	0.000000
597	1	2	0.000000
598	1	2	0.000000
599	1	2	0.000000
600	2	2	0.000000
601	2	2	0.000000
602	2	2	0.000000
603	2	2	0.000000
604	2	2	0.000000
605	2	2	0.000000
606	2	2	0.000000
607	2	2	0.000000
608	2	2	0.000000
609	2	2	0.000000
610	2	2	0.000000
611	2	2	0.000000
612	2	2	0.000000
613	2	2	0.000000
614	2	2	0.000000
615	2	2	0.000000
616	2	2	0.000000
617	2	2	0.000000
618	2	2	0.000000
619	2	2	0.000000
620	2	2	0.000000
621	2	0	0.000000
622	2	2	0.000000
623	2	2	0.000000
624	2	0	0.000000
625	2	2	0.000000
626	2	2	0.000000
627	2	2	0.000000
628	2	2	0.000000
629	2	0	0.000000
630	2	2	0.000000
631	2	2	0.000000
632	2	2	0.000000
633	2	2	0.000000
634	2	2	0.000000
635	2	2	0.000000
636	2	2	0.000000
637	2	2	0.000000
638	2	2	0.000000
639	2	2	0.000000
640	2	2	0.000000
641	2	2	0.000000
642	2	2	0.000000
643	3	2	0.000000
644	3	0	0.000000
645	3	2	0.000000
646	3	2	0.000000
647	3	2	0.000000
648	3	2	0.000000
649	3	2	0.000000
650	3	2	0.000000
651	3	2	0.000000
652	3	2	0.000000
653	3	2	0.000000
654	3	2	0.000000
655	3	2	0.000000
656	3	2	0.000000
657	3	2	0.000000
658	4	0	0.000000
659	4	0	0.000000
660	3	2	0.000000
661	3	2	0.000000
662	4	0	0.000000
663	4	2	0.000000
664	4	0	0.000000
665	4	0	0.000000
666	4	0	0.000000
667	4	0	0.000000
668	4	0	0.000000
669	4	0	0.000000
670	4	0	0.000000
671	4	0	0.000000
672	4	0	0.000000
673	4	0	0.000000
674	4	0	0.000000
675	3	2	0.000000
676	3	2	0.000000
677	3	2	0.000000
678	3	2	0.000000
679	2	2	0.000000
680	2	0	0.000000
681	2	2	0.000000
682	2	2	0.000000
683	2	2	0.000000
684	2	2	0.000000
685	2	2	0.000000
686	2	2	0.000000
687	2	2	0.000000
688	1	2	0.000000
689	1	2	0.000000
690	2	2	0.000000
691	2	2	0.000000
692	2	2	0.000000
693	2	2	0.000000
694	2	2	0.000000
695	2	2	0.000000
696	2	2	0.000000
697	1	2	0.000000
698	1	2	0.000000
699	1	2	0.000000
700	1	2	0.000000
701	1	2	0.000000
702	1	2	0.000000
703	1	2	0.000000
704	1	2	0.000000
705	1	2	0.000000
706	1	2	0.000000
707	1	2	0.000000
708	1	2	0.000000
709	1	1	0.000000
710	1	2	0.000000
711	1	2	0.000000
712	1	2	0.000000
713	1	2	0.000000
714	1	2	0.000000
715	1	2	0.000000
716	1	2	0.000000
717	1	1	0.000000
718	1	2	0.000000
719	1	2	0.000000
720	1	2	0.000000
721	1	2	0.000000
722	1	2	0.000000
723	1	2	0.000000
724	1	2	0.000000
725	1	2	0.000000
726	1	2	0.000000
727	1	2	0.000000
728	1	2	0.000000
729	1	2	0.000000
730	1	2	0.000000
731	1	2	0.000000
732	1	2	0.000000
733	1	2	0.000000
734	1	2	0.000000
735	1	2	0.000000
736	1	2	0.000000
737	1	2	0.000000
738	1	2	0.000000
739	1	2	0.000000
740	1	2	0.000000
741	1	2	0.000000
742	1	2	0.000000
743	1	2	0.000000
744	1	2	0.000000
745	1	0	0.000000
746	1	2	0.000000
747	1	2	0.000000
748	1	2	0.000000
749	1	2	0.000000
750	1	2	0.000000
751	1	2	0.000000
752	1	2	0.000000
753	1	2	0.000000
754	1	2	0.000000
755	1	2	0.000000
756	1	2	0.000000
757	1	2	0.000000
758	1	2	0.000000
759	1	2	0.000000
760	1	2	0.000000
761	1	2	0.000000
762	1	2	0.000000
763	1	0	0.000000
764	1	2	0.000000
765	1	0	0.000000
766	1	2	0.000000
767	1	2	0.000000
768	1	2	0.000000
769	1	2	0.000000
770	1	2	0.000000
771	1	2	0.000000
772	1	2	0.000000
773	1	2	0.000000
774	1	2	0.000000
775	1	1	0.000000
776	1	2	0.000000
777	1	2	0.000000
778	1	2	0.000000
779	1	2	0.000000
780	1	2	0.000000
781	1	2	0.000000
782	1	2	0.000000
783	1	2	0.000000
784	1	2	0.000000
785	1	2	0.000000
786	1	2	0.000000
787	1	2	0.000000
788	1	2	0.000000
789	1	2	0.000000
790	1	2	0.000000
791	1	2	0.000000
792	1	2	0.000000
793	1	2	0.000000
794	1	2	0.000000
795	1	0	0.000000
796	1	2	0.000000
797	1	2	0.000000
798	1	2	0.000000
799	1	1	0.000000
800	1	2	0.000000
801	1	2	0.000000
802	1	2	0.000000
803	2	2	0.000000
804	2	2	0.000000
805	2	2	0.000000
806	2	2	0.000000
807	2	2	0.000000
808	2	2	0.000000
809	2	2	0.000000
810	2	2	0.000000
811	2	2	0.000000
812	2	2	0.000000
813	2	1	0.000000
814	2	2	0.000000
815	2	2	0.000000
816	2	2	0.000000
817	2	2	0.000000
818	2	2	0.000000
819	2	2	0.000000
820	2	1	0.000000
821	2	2	0.000000
822	2	2	0.000000
823	2	1	0.000000
824	2	2	0.000000
825	2	2	0.000000
826	2	2	0.000000
827	2	2	0.000000
828	2	2	0.000000
829	3	2	0.000000
830	3	2	0.000000
831	3	2	0.000000
832	3	2	0.000000
833	3	2	0.000000
834	3	2	0.000000
835	3	2	0.000000
836	3	2	0.000000
837	3	2	0.000000
838	3	2	0.000000
839	3	2	0.000000
840	3	2	0.000000
841	3	2	0.000000
842	3	2	0.000000
843	3	2	0.000000
844	3	2	0.000000
845	3	2	0.000000
846	3	2	0.000000
847	3	2	0.000000
848	3	2	0.000000
849	3	2	0.000000
850	3	2	0.000000
851	3	2	0.000000
852	3	2	0.000000
853	3	2	0.000000
854	3	2	0.000000
855	3	2	0.000000
856	3	2	0.000000
857	3	2	0.000000
858	3	2	0.000000
859	3	2	0.000000
860	3	2	0.000000
861	3	2	0.000000
862	3	2	0.000000
863	3	2	0.000000
864	3	2	0.000000
865	3	2	0.000000
866	3	1	0.000000
867	3	2	0.000000
868	3	2	0.000000
869	3	1	0.000000
870	3	2	0.000000
871	3	2	0.000000
872	3	2	0.000000
873	3	2	0.000000
874	4	0	0.000000
875	4	0	0.000000
876	4	0	0.000000
877	4	0	0.000000
878	4	0	0.000000
879	4	2	0.000000
880	4	0	0.000000
881	4	0	0.000000
882	4	0	0.000000
883	4	0	0.000000
884	4	0	0.000000
885	4	0	0.000000
886	4	0	0.000000
887	4	0	0.000000
888	4	0	0.000000
889	4	0	0.000000
890	5	1	0.000000
891	5	1	0.000000
892	5	2	0.000000
893	5	1	0.000000
894	5	1	0.000000
895	5	1	0.000000
896	5	1	0.000000
897	5	0	0.000000
898	5	1	0.000000
899	5	1	0.000000
900	5	1	0.000000
901	5	1	0.000000
902	5	1	0.000000
903	5	1	0.000000
904	5	1	0.000000
905	5	1	0.000000
906	5	1	0.000000
907	5	1	0.000000
908	5	1	0.000000
909	5	1	0.000000
910	5	1	0.000000
911	5	1	0.000000
912	5	1	0.000000
913	5	1	0.000000
914	5	2	0.000000
915	5	1	0.000000
916	5	0	0.000000
917	5	1	0.000000
918	5	1	0.000000
919	5	1	0.000000
920	5	2	0.000000
921	5	1	0.000000
922	5	1	0.000000
923	5	1	0.000000
924	5	1	0.000000
925	5	1	0.000000
926	5	1	0.000000
927	5	1	0.000000
928	5	1	0.000000
929	5	1	0.000000
930	5	1	0.000000
931	5	1	0.000000
932	5	1	0.000000
933	5	1	0.000000
934	5	1	0.000000
935	5	1	0.000000
936	5	1	0.000000
937	5	1	0.000000
938	5	1	0.000000
939	5	1	0.000000
940	5	1	0.000000
941	5	2	0.000000
942	5	1	0.000000
943	5	1	0.000000
944	5	1	0.000000
945	5	1	0.000000
946	5	2	0.000000
947	5	1	0.000000
948	5	1	0.000000
949	5	1	0.000000
950	5	1	0.000000
951	5	1	0.000000
952	5	1	0.000000
953	5	1	0.000000
954	5	2	0.000000
955	5	1	0.000000
956	5	1	0.000000
957	5	1	0.000000
958	5	1	0.000000
959	5	1	0.000000
960	5	1	0.000000
961	5	0	0.000000
962	5	1	0.000000
963	5	1	0.000000
964	5	1	0.000000
965	5	0	0.000000
966	5	1	0.000000
967	5	1	0.000000
968	5	1	0.000000
969	5	1	0.000000
970	5	1	0.000000
971	5	1	0.000000
972	5	1	0.000000
973	5	1	0.000000
974	5	1	0.000000
975	5	1	0.000000
976	5	1	0.000000
977	5	1	0.000000
978	4	0	0.000000
979	4	0	0.000000
980	4	0	0.000000
981	4	0	0.000000
982	4	0	0.000000
983	4	1	0.000000
984	4	1	0.000000
985	4	0	0.000000
986	4	0	0.000000
987	4	0	0.000000
988	5	1	0.000000
989	5	1	0.000000
990	5	2	0.000000
991	5	1	0.000000
992	4	0	0.000000
993	4	0	0.000000
994	5	1	0.000000
995	4	0	0.000000
996	4	0	0.000000
997	4	0	0.000000
998	4	0	0.000000
999	4	0	0.000000
1000	5	1	0.000000
1001	5	1	0.000000
1002	5	1	0.000000
1003	5	1	0.000000
1004	5	1	0.000000
1005	5	1	0.000000
1006	5	1	0.000000
1007	5	1	0.000000
1008	5	1	0.000000
1009	5	1	0.000000
1010	5	1	0.000000
1011	4	0	0.000000
1012	4	0	0.000000
1013	4	0	0.000000
1014	5	1	0.000000
1015	5	1	0.000000
1016	5	1	0.000000
1017	5	1	0.000000
1018	5	1	0.000000
1019	5	1	0.000000
1020	5	1	0.000000
1021	5	1	0.000000
1022	5	1	0.000000
1023	5	1	0.000000
1024	5	1	0.000000
1025	5	1	0.000000
1026	5	1	0.000000
1027	5	1	0.000000
1028	5	1	0.000000
1029	5	1	0.000000
1030	5	1	0.000000
1031	5	1	0.000000
1032	5	0	0.000000
1033	5	1	0.000000
1034	5	1	0.000000
1035	5	1	0.000000
1036	5	1	0.000000
1037	5	0	0.000000
1038	5	1	0.000000
1039	4	0	0.000000
1040	4	0	0.000000
1041	4	0	0.000000
1042	4	0	0.000000
1043	4	0	0.000000
1044	4	0	0.000000
1045	5	1	0.000000
1046	5	1	0.000000
1047	5	1	0.000000
1048	4	0	0.000000
1049	4	0	0.000000
1050	4	0	0.000000
1051	4	0	0.000000
1052	4	0	0.000000
1053	4	0	0.000000
1054	5	1	0.000000
1055	5	1	0.000000
1056	5	1	0.000000
1057	5	1	0.000000
1058	5	1	0.000000
1059	4	2	0.000000
1060	4	0	0.000000
1061	4	0	0.000000
1062	4	0	0.000000
1063	4	1	0.000000
1064	4	0	0.000000
1065	4	0	0.000000
1066	4	0	0.000000
1067	4	0	0.000000
1068	4	0	0.000000
1069	4	0	0.000000
1070	4	1	0.000000
1071	4	0	0.000000
1072	4	0	0.000000
1073	4	0	0.000000
1074	4	0	0.000000
1075	4	0	0.000000
1076	4	0	0.000000
1077	4	0	0.000000
1078	4	0	0.000000
1079	4	0	0.000000
1080	3	2	0.000000
1081	3	2	0.000000
1082	3	2	0.000000
1083	3	2	0.000000
1084	3	2	0.000000
1085	2	2	0.000000
1086	2	2	0.000000
1087	2	2	0.000000
1088	2	2	0.000000
1089	2	2	0.000000
1090	2	1	0.000000
1091	2	2	0.000000
1092	2	2	0.000000
1093	2	2	0.000000
1094	1	2	0.000000
1095	1	2	0.000000
1096	1	2	0.000000
1097	1	2	0.000000
1098	1	2	0.000000
1099	1	2	0.000000
1100	1	2	0.000000
1101	1	2	0.000000
1102	1	2	0.000000
1103	1	1	0.000000
1104	1	2	0.000000
1105	2	2	0.000000
1106	2	2	0.000000
1107	2	2	0.000000
1108	2	2	0.000000
1109	1	2	0.000000
1110	1	2	0.000000
1111	1	2	0.000000
1112	1	2	0.000000
1113	1	2	0.000000
1114	1	2	0.000000
1115	1	2	0.000000
1116	1	2	0.000000
1117	1	2	0.000000
1118	1	2	0.000000
1119	1	2	0.000000
1120	1	2	0.000000
1121	1	2	0.000000
1122	1	2	0.000000
1123	1	2	0.000000
1124	1	2	0.000000
1125	1	2	0.000000
1126	1	2	0.000000
1127	1	2	0.000000
1128	1	2	0.000000
1129	1	2	0.000000
1130	1	2	0.000000
1131	1	2	0.000000
1132	1	2	0.000000
1133	1	2	0.000000
1134	1	2	0.000000
1135	1	2	0.000000
1136	1	2	0.000000
1137	1	2	0.000000
1138	1	2	0.000000
1139	1	2	0.000000
1140	1	2	0.000000
1141	1	2	0.000000
1142	1	2	0.000000
1143	1	2	0.000000
1144	1	2	0.000000
1145	1	2	0.000000
1146	1	1	0.000000
1147	1	2	0.000000
1148	1	2	0.000000
1149	1	2	0.000000
1150	1	1	0.000000
1151	1	2	0.000000
1152	1	2	0.000000
1153	1	2	0.000000
1154	1	2	0.000000
1155	1	2	0.000000
1156	1	2	0.000000
1157	1	2	0.000000
1158	1	2	0.000000
1159	1	2	0.000000
1160	1	2	0.000000
1161	1	2	0.000000
1162	1	2	0.000000
1163	1	2	0.000000
1164	1	0	0.000000
1165	1	2	0.000000
1166	1	1	0.000000
1167	1	1	0.000000
1168	1	2	0.000000
1169	1	2	0.000000
1170	1	2	0.000000
1171	1	2	0.000000
1172	1	2	0.000000
1173	1	2	0.000000
1174	1	2	0.000000
1175	1	2	0.000000
1176	1	2	0.000000
1177	1	2	0.000000
1178	1	2	0.000000
1179	1	2	0.000000
1180	1	2	0.000000
1181	1	2	0.000000
1182	1	2	0.000000
1183	1	2	0.000000
1184	1	2	0.000000
1185	1	2	0.000000
1186	1	2	0.000000
1187	1	2	0.000000
1188	1	2	0.000000
1189	1	0	0.000000
1190	1	2	0.000000
1191	1	2	0.000000
1192	1	2	0.000000
1193	1	2	0.000000
1194	1	2	0.000000
1195	1	2	0.000000
1196	1	0	0.000000
1197	1	2	0.000000
1198	1	2	0.000000
1199	1	2	0.000000
1200	1	0	0.000000
1201	1	2	0.000000
1202	1	2	0.000000
1203	1	2	0.000000
1204	1	2	0.000000
1205	1	2	0.000000
1206	1	2	0.000000
1207	1	2	0.000000
1208	1	2	0.000000
1209	1	2	0.000000
1210	1	2	0.000000
1211	1	2	0.000000
1212	1	2	0.000000
1213	1	2	0.000000
1214	1	2	0.000000
1215	1	2	0.000000
1216	1	2	0.000000
1217	1	2	0.000000
1218	1	2	0.000000
1219	1	2	0.000000
1220	1	2	0.000000
1221	1	2	0.000000
1222	1	2	0.000000
1223	1	0	0.000000
1224	1	0	0.000000
1225	1	2	0.000000
1226	1	2	0.000000
1227	1	2	0.000000
1228	1	2	0.000000
1229	1	1	0.000000
1230	1	2	0.000000
1231	2	2	0.000000
1232	2	2	0.000000
1233	2	2	0.000000
1234	2	2	0.000000
1235	2	2	0.000000
1236	1	2	0.000000
1237	1	2	0.000000
1238	1	2	0.000000
1239	1	2	0.000000
1240	1	2	0.000000
1241	1	2	0.000000
1242	1	2	0.000000
1243	2	2	0.000000
1244	2	2	0.000000
1245	2	2	0.000000
1246	2	2	0.000000
1247	2	2	0.000000
1248	2	2	0.000000
1249	2	2	0.000000
1250	2	2	0.000000
1251	2	2	0.000000
1252	2	2	0.000000
1253	2	2	0.000000
1254	1	2	0.000000
1255	1	1	0.000000
1256	1	2	0.000000
1257	1	2	0.000000
1258	1	2	0.000000
1259	1	2	0.000000
1260	1	2	0.000000
1261	1	2	0.000000
1262	2	2	0.000000
1263	2	2	0.000000
1264	2	2	0.000000
1265	2	1	0.000000
1266	2	2	0.000000
1267	2	2	0.000000
1268	2	2	0.000000
1269	2	2	0.000000
1270	2	2	0.000000
1271	2	2	0.000000
1272	2	2	0.000000
1273	2	2	0.000000
1274	2	0	0.000000
1275	2	0	0.000000
1276	3	2	0.000000
1277	3	2	0.000000
1278	3	2	0.000000
1279	3	2	0.000000
1280	3	2	0.000000
1281	3	2	0.000000
1282	4	0	0.000000
1283	4	0	0.000000
1284	4	0	0.000000
1285	4	0	0.000000
1286	4	1	0.000000
1287	4	0	0.000000
1288	4	0	0.000000
1289	4	0	0.000000
1290	4	0	0.000000
1291	4	0	0.000000
1292	4	0	0.000000
1293	4	0	0.000000
1294	4	0	0.000000
1295	4	0	0.000000
1296	4	0	0.000000
1297	4	0	0.000000
1298	4	0	0.000000
1299	4	0	0.000000
1300	4	0	0.000000
1301	5	1	0.000000
1302	5	1	0.000000
1303	5	1	0.000000
1304	4	0	0.000000
1305	4	0	0.000000
1306	4	0	0.000000
1307	4	0	0.000000
1308	5	1	0.000000
1309	5	1	0.000000
1310	5	1	0.000000
1311	5	1	0.000000
1312	4	0	0.000000
1313	5	1	0.000000
1314	4	0	0.000000
1315	4	0	0.000000
1316	4	0	0.000000
1317	4	0	0.000000
1318	4	0	0.000000
1319	4	0	0.000000
1320	4	0	0.000000
1321	4	0	0.000000
1322	4	0	0.000000
1323	4	0	0.000000
1324	4	0	0.000000
1325	4	0	0.000000
1326	4	0	0.000000
1327	4	0	0.000000
1328	4	0	0.000000
1329	5	1	0.000000
1330	5	1	0.000000
1331	5	1	0.000000
1332	5	0	0.000000
1333	5	1	0.000000
1334	5	1	0.000000
1335	5	1	0.000000
1336	4	0	0.000000
1337	4	0	0.000000
1338	4	0	0.000000
1339	4	0	0.000000
1340	4	0	0.000000
1341	4	0	0.000000
1342	4	0	0.000000
1343	4	0	0.000000
1344	4	0	0.000000
1345	4	0	0.000000
1346	3	2	0.000000
1347	3	2	0.000000
1348	3	2	0.000000
1349	3	1	0.000000
1350	2	2	0.000000
1351	2	0	0.000000
1352	2	2	0.000000
1353	2	0	0.000000
1354	2	2	0.000000
1355	1	2	0.000000
1356	1	2	0.000000
1357	1	2	0.000000
1358	1	2	0.000000
1359	1	2	0.000000
1360	1	2	0.000000
1361	1	2	0.000000
1362	1	2	0.000000
1363	1	2	0.000000
1364	1	2	0.000000
1365	1	2	0.000000
1366	2	2	0.000000
1367	2	2	0.000000
1368	2	2	0.000000
1369	1	2	0.000000
1370	1	1	0.000000
1371	1	2	0.000000
1372	1	2	0.000000
1373	1	2	0.000000
1374	1	2	0.000000
1375	1	2	0.000000
1376	1	2	0.000000
1377	1	2	0.000000
1378	1	2	0.000000
1379	1	1	0.000000
1380	1	2	0.000000
1381	1	2	0.000000
1382	1	2	0.000000
1383	1	2	0.000000
1384	1	2	0.000000
1385	1	2	0.000000
1386	1	2	0.000000
1387	1	2	0.000000
1388	1	2	0.000000
1389	1	0	0.000000
1390	1	2	0.000000
1391	1	2	0.000000
1392	1	2	0.000000
1393	1	2	0.000000
1394	1	2	0.000000
1395	1	2	0.000000
1396	1	2	0.000000
1397	1	2	0.000000
1398	1	2	0.000000
1399	1	2	0.000000
1400	1	2	0.000000
1401	1	2	0.000000
1402	1	0	0.000000
1403	1	2	0.000000
1404	1	2	0.000000
1405	1	2	0.000000
1406	1	2	0.000000
1407	1	2	0.000000
1408	1	2	0.000000
1409	1	2	0.000000
1410	1	2	0.000000
1411	1	2	0.000000
1412	1	2	0.000000
1413	1	2	0.000000
1414	1	2	0.000000
1415	1	2	0.000000
1416	1	2	0.000000
1417	1	2	0.000000
1418	1	2	0.000000
1419	1	2	0.000000
1420	1	2	0.000000
1421	1	2	0.000000
1422	1	1	0.000000
1423	1	2	0.000000
1424	1	2	0.000000
1425	1	2	0.000000
1426	1	2	0.000000
1427	1	2	0.000000
1428	1	2	0.000000
1429	1	2	0.000000
1430	1	2	0.000000
1431	1	2	0.000000
1432	1	2	0.000000
1433	1	0	0.000000
1434	1	2	0.000000
1435	1	2	0.000000
1436	1	2	0.000000
1437	1	2	0.000000
1438	1	2	0.000000
1439	1	2	0.000000
1440	1	2	0.000000
1441	1	2	0.000000
1442	1	2	0.000000
1443	1	2	0.000000
1444	1	2	0.000000
1445	1	2	0.000000
1446	1	2	0.000000
1447	1	2	0.000000
1448	1	2	0.000000
1449	1	2	0.000000
1450	1	1	0.000000
1451	1	2	0.000000
1452	1	2	0.000000
1453	1	2	0.000000
1454	1	2	0.000000
1455	1	2	0.000000
1456	1	2	0.000000
1457	1	2	0.000000
1458	1	1	0.000000
1459	1	2	0.000000
1460	1	2	0.000000
1461	1	2	0.000000
1462	1	2	0.000000
1463	1	2	0.000000
1464	1	2	0.000000
1465	1	2	0.000000
1466	1	2	0.000000
1467	1	2	0.000000
1468	1	2	0.000000
1469	1	2	0.000000
1470	1	2	0.000000
1471	1	1	0.000000
1472	1	0	0.000000
1473	1	2	0.000000
1474	1	2	0.000000
1475	1	2	0.000000
1476	1	2	0.000000
1477	1	2	0.000000
1478	1	2	0.000000
1479	1	2	0.000000
1480	1	0	0.000000
1481	1	2	0.000000
1482	1	2	0.000000
1483	1	2	0.000000
1484	1	2	0.000000
1485	1	2	0.000000
1486	1	2	0.000000
1487	1	2	0.000000
1488	1	2	0.000000
1489	1	1	0.000000
1490	1	2	0.000000
1491	1	2	0.000000
1492	1	2	0.000000
1493	1	2	0.000000
1494	1	2	0.000000
1495	1	2	0.000000
1496	1	2	0.000000
1497	1	2	0.000000
1498	1	2	0.000000
1499	1	2	0.000000
1500	1	2	0.000000
1501	1	2	0.000000
1502	1	2	0.000000
1503	1	2	0.000000
1504	1	2	0.000000
1505	1	2	0.000000
1506	1	2	0.000000
1507	1	2	0.000000
1508	1	2	0.000000
1509	1	2	0.000000
1510	1	0	0.000000
1511	1	2	0.000000
1512	1	2	0.000000
1513	1	2	0.000000
1514	1	2	0.000000
1515	1	2	0.000000
1516	1	2	0.000000
1517	1	2	0.000000
1518	1	2	0.000000
1519	1	2	0.000000
1520	1	2	0.000000
1521	1	2	0.000000
1522	1	2	0.000000
1523	1	2	0.000000
1524	1	2	0.000000
1525	1	2	0.000000
1526	1	2	0.000000
1527	1	2	0.000000
1528	1	2	0.000000
1529	1	2	0.000000
1530	1	2	0.000000
1531	1	2	0.000000
1532	1	2	0.000000
1533	1	2	0.000000
1534	1	2	0.000000
1535	1	2	0.000000
1536	1	2	0.000000
1537	1	2	0.000000
1538	1	2	0.000000
1539	1	2	0.000000
1540	1	2	0.000000
1541	1	2	0.000000
1542	1	2	0.000000
1543	1	2	0.000000
1544	1	2	0.000000
1545	1	2	0.000000
1546	1	0	0.000000
1547	1	2	0.000000
1548	1	2	0.000000
1549	1	2	0.000000
1550	1	2	0.000000
1551	1	2	0.000000
1552	1	2	0.000000
1553	1	2	0.000000
1554	1	2	0.000000
1555	1	1	0.000000
1556	1	2	0.000000
1557	1	2	0.000000
1558	1	2	0.000000
1559	1	2	0.000000
1560	1	2	0.000000
1561	2	2	0.000000
1562	2	2	0.000000
1563	2	2	0.000000
1564	2	2	0.000000
1565	2	2	0.000000
1566	2	2	0.000000
1567	2	2	0.000000
1568	2	2	0.000000
1569	2	2	0.000000
1570	3	2	0.000000
1571	3	2	0.000000
1572	3	2	0.000000
1573	4	0	0.000000
1574	5	1	0.000000
1575	5	1	0.000000
1576	5	1	0.000000
1577	5	1	0.000000
1578	5	1	0.000000
1579	5	1	0.000000
1580	5	1	0.000000
1581	5	1	0.000000
1582	5	1	0.000000
1583	5	2	0.000000
1584	5	1	0.000000
1585	5	1	0.000000
1586	5	1	0.000000
1587	5	1	0.000000
1588	5	1	0.000000
1589	5	1	0.000000
1590	5	1	0.000000
1591	5	1	0.000000
1592	5	1	0.000000
1593	5	1	0.000000
1594	5	1	0.000000
1595	5	1	0.000000
1596	5	1	0.000000
1597	5	1	0.000000
1598	5	1	0.000000
1599	5	1	0.000000
1600	5	1	0.000000
1601	5	1	0.000000
1602	5	1	0.000000
1603	5	0	0.000000
1604	5	1	0.000000
1605	5	1	0.000000
1606	5	1	0.000000
1607	5	1	0.000000
1608	5	2	0.000000
1609	5	1	0.000000
1610	5	1	0.000000
1611	5	1	0.000000
1612	5	1	0.000000
1613	5	1	0.000000
1614	5	1	0.000000
1615	5	1	0.000000
1616	5	1	0.000000
1617	5	0	0.000000
1618	5	1	0.000000
1619	5	1	0.000000
1620	5	1	0.000000
1621	5	1	0.000000
1622	5	1	0.000000
1623	5	1	0.000000
1624	5	1	0.000000
1625	5	1	0.000000
1626	5	1	0.000000
1627	5	1	0.000000
1628	5	0	0.000000
1629	5	1	0.000000
1630	5	1	0.000000
1631	5	1	0.000000
1632	5	1	0.000000
1633	5	1	0.000000
1634	5	1	0.000000
1635	5	1	0.000000
1636	5	1	0.000000
1637	5	1	0.000000
1638	5	1	0.000000
1639	5	1	0.000000
1640	5	1	0.000000
1641	5	1	0.000000
1642	5	1	0.000000
1643	5	1	0.000000
1644	5	1	0.000000
1645	5	1	0.000000
1646	5	1	0.000000
1647	5	1	0.000000
1648	5	1	0.000000
1649	5	1	0.000000
1650	5	1	0.000000
1651	5	2	0.000000
1652	5	1	0.000000
1653	5	1	0.000000
1654	5	1	0.000000
1655	5	1	0.000000
1656	5	1	0.000000
1657	5	1	0.000000
1658	5	0	0.000000
1659	5	1	0.000000
1660	5	1	0.000000
1661	5	0	0.000000
1662	5	1	0.000000
1663	5	1	0.000000
1664	5	1	0.000000
1665	5	1	0.000000
1666	5	1	0.000000
1667	5	1	0.000000
1668	5	1	0.000000
1669	5	1	0.000000
1670	5	1	0.000000
1671	5	1	0.000000
1672	5	1	0.000000
1673	5	1	0.000000
1674	5	1	0.000000
1675	5	1	0.000000
1676	5	1	0.000000
1677	5	1	0.000000
1678	5	1	0.000000
1679	5	1	0.000000
1680	5	1	0.000000
1681	5	1	0.000000
1682	5	1	0.000000
1683	5	1	0.000000
1684	5	1	0.000000
1685	5	1	0.000000
1686	5	1	0.000000
1687	5	1	0.000000
1688	5	1	0.000000
1689	5	1	0.000000
1690	5	1	0.000000
1691	5	1	0.000000
1692	5	1	0.000000
1693	5	1	0.000000
1694	5	1	0.000000
1695	4	2	0.000000
1696	4	0	0.000000
1697	4	0	0.000000
1698	4	0	0.000000
1699	4	0	0.000000
1700	4	0	0.000000
1701	3	2	0.000000
1702	3	2	0.000000
1703	3	2	0.000000
1704	3	1	0.000000
1705	3	2	0.000000
1706	2	2	0.000000
1707	2	2	0.000000
1708	2	2	0.000000
1709	2	1	0.000000
1710	2	1	0.000000
1711	2	2	0.000000
1712	2	2	0.000000
1713	1	2	0.000000
1714	1	2	0.000000
1715	1	2	0.000000
1716	1	2	0.000000
1717	1	2	0.000000
1718	1	2	0.000000
1719	1	2	0.000000
1720	1	2	0.000000
1721	1	2	0.000000
1722	1	2	0.000000
1723	1	2	0.000000
1724	1	2	0.000000
1725	1	0	0.000000
1726	1	2	0.000000
1727	1	2	0.000000
1728	1	2	0.000000
1729	1	2	0.000000
1730	1	2	0.000000
1731	1	2	0.000000
1732	1	2	0.000000
1733	1	2	0.000000
1734	1	2	0.000000
1735	1	2	0.000000
1736	1	2	0.000000
1737	1	2	0.000000
1738	1	2	0.000000
1739	1	2	0.000000
1740	1	2	0.000000
1741	1	2	0.000000
1742	1	2	0.000000
1743	1	2	0.000000
1744	1	2	0.000000
1745	1	2	0.000000
1746	1	2	0.000000
1747	1	2	0.000000
1748	1	2	0.000000
1749	1	1	0.000000
1750	1	2	0.000000
1751	1	2	0.000000
1752	1	2	0.000000
1753	1	2	0.000000
1754	1	2	0.000000
1755	1	2	0.000000
1756	1	2	0.000000
1757	1	2	0.000000
1758	1	2	0.000000
1759	1	2	0.000000
1760	1	2	0.000000
1761	1	2	0.000000
1762	1	2	0.000000
1763	1	2	0.000000
1764	1	2	0.000000
1765	1	2	0.000000
1766	1	2	0.000000
1767	1	2	0.000000
1768	1	2	0.000000
1769	1	2	0.000000
1770	1	2	0.000000
1771	1	2	0.000000
1772	1	2	0.000000
1773	1	2	0.000000
1774	1	2	0.000000
1775	1	2	0.000000
1776	1	1	0.000000
1777	2	2	0.000000
1778	1	2	0.000000
1779	1	2	0.000000
1780	1	2	0.000000
1781	1	2	0.000000
1782	1	2	0.000000
1783	1	2	0.000000
1784	1	1	0.000000
1785	1	2	0.000000
1786	1	2	0.000000
1787	1	2	0.000000
1788	1	2	0.000000
1789	1	2	0.000000
1790	1	2	0.000000
1791	1	2	0.000000
1792	1	2	0.000000
1793	1	2	0.000000
1794	1	2	0.000000
1795	2	2	0.000000
1796	2	2	0.000000
1797	2	2	0.000000
1798	1	2	0.000000
1799	1	2	0.000000
1800	1	2	0.000000
1801	2	2	0.000000
1802	2	2	0.000000
1803	2	2	0.000000
1804	2	2	0.000000
1805	2	2	0.000000
1806	2	2	0.000000
1807	2	2	0.000000
1808	2	2	0.000000
1809	2	1	0.000000
1810	2	2	0.000000
1811	2	2	0.000000
1812	2	2	0.000000
1813	2	2	0.000000
1814	2	0	0.000000
1815	2	2	0.000000
1816	2	2	0.000000
1817	2	2	0.000000
1818	2	2	0.000000
1819	2	2	0.000000
1820	2	2	0.000000
1821	2	2	0.000000
1822	2	2	0.000000
1823	2	2	0.000000
1824	2	2	0.000000
1825	2	2	0.000000
1826	3	0	0.000000
1827	3	2	0.000000
1828	3	2	0.000000
1829	3	2	0.000000
1830	3	1	0.000000
1831	3	2	0.000000
1832	3	2	0.000000
1833	3	2	0.000000
1834	3	2	0.000000
1835	3	2	0.000000
1836	3	2	0.000000
1837	3	2	0.000000
1838	4	0	0.000000
1839	4	0	0.000000
1840	4	0	0.000000
1841	4	0	0.000000
1842	4	0	0.000000
1843	4	0	0.000000
1844	4	0	0.000000
1845	4	0	0.000000
1846	4	0	0.000000
1847	4	0	0.000000
1848	4	0	0.000000
1849	4	0	0.000000
1850	4	0	0.000000
1851	4	0	0.000000
1852	4	0	0.000000
1853	3	2	0.000000
1854	3	2	0.000000
1855	3	2	0.000000
1856	3	0	0.000000
1857	3	2	0.000000
1858	3	2	0.000000
1859	3	2	0.000000
1860	3	2	0.000000
1861	4	2	0.000000
1862	4	0	0.000000
1863	4	0	0.000000
1864	4	0	0.000000
1865	4	0	0.000000
1866	4	2	0.000000
1867	4	0	0.000000
1868	4	0	0.000000
1869	4	0	0.000000
1870	4	0	0.000000
1871	4	2	0.000000
1872	4	0	0.000000
1873	3	2	0.000000
1874	3	2	0.000000
1875	3	2	0.000000
1876	3	1	0.000000
1877	3	2	0.000000
1878	3	2	0.000000
1879	3	2	0.000000
1880	3	0	0.000000
1881	3	2	0.000000
1882	3	2	0.000000
1883	3	2	0.000000
1884	3	2	0.000000
1885	3	2	0.000000
1886	3	2	0.000000
1887	3	2	0.000000
1888	3	2	0.000000
1889	2	2	0.000000
1890	2	2	0.000000
1891	2	2	0.000000
1892	2	2	0.000000
1893	2	2	0.000000
1894	2	2	0.000000
1895	2	2	0.000000
1896	2	2	0.000000
1897	2	2	0.000000
1898	2	2	0.000000
1899	2	2	0.000000
1900	2	2	0.000000
1901	2	2	0.000000
1902	2	2	0.000000
1903	2	2	0.000000
1904	2	2	0.000000
1905	2	0	0.000000
1906	2	2	0.000000
1907	2	2	0.000000
1908	2	2	0.000000
1909	2	2	0.000000
1910	2	0	0.000000
1911	2	2	0.000000
1912	2	2	0.000000
1913	2	2	0.000000
1914	2	2	0.000000
1915	1	2	0.000000
1916	1	2	0.000000
1917	1	2	0.000000
1918	1	2	0.000000
1919	1	2	0.000000
1920	1	2	0.000000
1921	1	1	0.000000
1922	1	0	0.000000
1923	1	2	0.000000
1924	1	2	0.000000
1925	1	2	0.000000
1926	1	0	0.000000
1927	1	2	0.000000
1928	1	2	0.000000
1929	1	2	0.000000
1930	1	1	0.000000
1931	2	2	0.000000
1932	2	2	0.000000
1933	2	2	0.000000
1934	2	2	0.000000
1935	1	2	0.000000
1936	1	2	0.000000
1937	1	2	0.000000
1938	1	1	0.000000
1939	1	2	0.000000
1940	1	2	0.000000
1941	1	2	0.000000
1942	1	2	0.000000
1943	1	2	0.000000
1944	1	2	0.000000
1945	1	2	0.000000
1946	1	2	0.000000
1947	1	2	0.000000
1948	1	2	0.000000
1949	1	2	0.000000
1950	1	1	0.000000
1951	1	2	0.000000
1952	1	2	0.000000
1953	1	1	0.000000
1954	1	2	0.000000
1955	1	2	0.000000
1956	1	2	0.000000
1957	1	2	0.000000
1958	1	2	0.000000
1959	1	2	0.000000
1960	1	2	0.000000
1961	1	2	0.000000
1962	1	2	0.000000
1963	1	2	0.000000
1964	1	2	0.000000
1965	1	2	0.000000
1966	1	2	0.000000
1967	1	2	0.000000
1968	1	2	0.000000
1969	1	2	0.000000
1970	1	2	0.000000
1971	1	1	0.000000
1972	1	2	0.000000
1973	1	2	0.000000
1974	1	2	0.000000
1975	1	2	0.000000
1976	1	2	0.000000
1977	1	0	0.000000
1978	1	2	0.000000
1979	1	2	0.000000
1980	1	2	0.000000
1981	1	2	0.000000
1982	1	2	0.000000
1983	1	2	0.000000
1984	1	2	0.000000
1985	1	2	0.000000
1986	1	2	0.000000
1987	1	2	0.000000
1988	1	2	0.000000
1989	1	2	0.000000
1990	1	2	0.000000
1991	1	2	0.000000
1992	1	2	0.000000
1993	1	2	0.000000
1994	1	2	0.000000
1995	1	2	0.000000
1996	1	2	0.000000
1997	1	2	0.000000
1998	1	2	0.000000
1999	1	2	0.000000
2000	1	1	0.000000
2001	1	2	0.000000
2002	1	2	0.000000
2003	1	2	0.000000
2004	1	2	0.000000
2005	1	2	0.000000
2006	1	2	0.000000
2007	1	2	0.000000
2008	1	2	0.000000
2009	1	2	0.000000
2010	1	2	0.000000
2011	1	2	0.000000
2012	1	2	0.000000
2013	1	2	0.000000
2014	1	2	0.000000
2015	1	2	0.000000
2016	1	2	0.000000
2017	1	2	0.000000
2018	1	1	0.000000
2019	1	2	0.000000
2020	1	2	0.000000
2021	1	2	0.000000
2022	1	2	0.000000
2023	1	2	0.000000
2024	1	2	0.000000
2025	1	2	0.000000
2026	1	2	0.000000
2027	1	2	0.000000
2028	1	2	0.000000
2029	1	1	0.000000
2030	1	2	0.000000
2031	1	2	0.000000
2032	1	2	0.000000
2033	1	2	0.000000
2034	1	2	0.000000
2035	1	2	0.000000
2036	1	2	0.000000
2037	1	2	0.000000
2038	1	2	0.000000
2039	1	2	0.000000
2040	1	2	0.000000
2041	1	2	0.000000
2042	1	2	0.000000
2043	1	2	0.000000
2044	1	2	0.000000
2045	1	2	0.000000
2046	1	2	0.000000
2047	1	1	0.000000
2048	1	2	0.000000
2049	1	2	0.000000
2050	1	2	0.000000
2051	1	2	0.000000
2052	1	2	0.000000
2053	1	0	0.000000
2054	1	2	0.000000
2055	1	2	0.000000
2056	1	2	0.000000
2057	1	2	0.000000
2058	1	2	0.000000
2059	1	2	0.000000
2060	1	0	0.000000
2061	1	2	0.000000
2062	1	2	0.000000
2063	1	2	0.000000
2064	1	2	0.000000
2065	1	2	0.000000
2066	1	2	0.000000
2067	1	2	0.000000
2068	1	2	0.000000
2069	1	2	0.000000
2070	1	2	0.000000
2071	1	2	0.000000
2072	1	2	0.000000
2073	1	2	0.000000
2074	1	2	0.000000
2075	1	2	0.000000
2076	1	0	0.000000
2077	1	2	0.000000
2078	1	2	0.000000
2079	1	2	600.000000
2080	0	0	0.000000
