StartTime	2015/11/05 04:00:47
FinishTime	2015/11/05 04:01:26
ElapsedTime	39.000000
/home/daisuke/git/ReinforcementLearning/log/EV3LineTracer_20151105014519_10Setting_20151105014520.log
0	1.000000
1	0.031250	0.031250	0.031250	0.906250
2	0.020833	0.020833	0.020833	0.020833	0.020833	0.895833
3	0.031250	0.031250	0.031250	0.906250
4	0.031250	0.031250	0.031250	0.906250
5	0.906250	0.031250	0.031250	0.031250
6	0.031250	0.906250	0.031250	0.031250
2947
0	1	3	0.125000
1	1	2	0.125000
2	1	3	0.125000
3	1	3	0.125000
4	1	3	0.125000
5	1	3	0.125000
6	1	3	0.125000
7	1	3	0.125000
8	1	3	0.125000
9	1	3	0.125000
10	1	3	0.125000
11	1	3	0.125000
12	1	3	0.125000
13	1	3	0.125000
14	1	3	0.125000
15	1	3	0.125000
16	1	3	0.125000
17	1	3	0.125000
18	1	3	0.125000
19	1	3	0.125000
20	1	3	0.125000
21	1	3	0.125000
22	1	2	0.125000
23	1	3	0.125000
24	1	3	0.125000
25	1	3	0.125000
26	1	3	0.125000
27	1	3	0.125000
28	1	3	0.125000
29	1	3	0.125000
30	1	3	0.125000
31	1	3	0.125000
32	1	3	0.125000
33	1	3	0.125000
34	1	3	0.125000
35	2	5	0.125000
36	2	5	1.000000
37	3	2	1.000000
38	3	3	1.000000
39	3	3	1.000000
40	3	3	1.000000
41	3	3	1.000000
42	3	3	1.000000
43	4	3	1.000000
44	4	3	1.000000
45	4	3	1.000000
46	3	3	0.125000
47	2	5	0.125000
48	2	4	0.125000
49	2	5	0.125000
50	2	5	0.125000
51	2	5	0.125000
52	1	3	0.125000
53	1	1	0.125000
54	1	3	0.125000
55	1	1	0.125000
56	1	3	0.125000
57	1	3	0.125000
58	1	3	0.125000
59	1	3	0.125000
60	1	3	0.125000
61	1	3	0.125000
62	1	3	0.125000
63	1	3	0.125000
64	1	3	0.125000
65	1	3	0.125000
66	1	3	0.125000
67	1	3	0.125000
68	1	3	0.125000
69	1	3	0.125000
70	1	3	0.125000
71	1	3	0.125000
72	2	5	0.125000
73	2	5	0.125000
74	2	5	0.125000
75	2	5	0.125000
76	2	5	0.125000
77	2	5	0.125000
78	2	5	0.125000
79	2	5	0.125000
80	2	5	0.125000
81	2	5	0.125000
82	2	5	0.125000
83	2	5	0.125000
84	2	5	0.125000
85	2	5	0.125000
86	1	3	0.125000
87	1	3	0.125000
88	1	3	0.125000
89	1	3	0.125000
90	1	1	0.125000
91	1	3	0.125000
92	1	1	0.125000
93	1	3	0.125000
94	1	3	0.125000
95	1	3	0.125000
96	1	3	0.125000
97	1	3	0.125000
98	1	3	0.125000
99	1	2	0.125000
100	1	3	0.125000
101	1	3	0.125000
102	1	2	0.125000
103	1	3	0.125000
104	1	3	0.125000
105	1	3	0.125000
106	1	3	0.125000
107	2	0	0.125000
108	2	5	0.125000
109	2	5	0.125000
110	2	5	0.125000
111	2	3	0.125000
112	2	5	0.125000
113	2	5	0.125000
114	2	5	0.125000
115	2	5	0.125000
116	2	5	0.125000
117	2	5	0.125000
118	2	5	0.125000
119	2	5	0.125000
120	2	3	0.125000
121	2	5	0.125000
122	1	0	0.125000
123	1	3	0.125000
124	1	3	0.125000
125	1	3	0.125000
126	1	3	0.125000
127	1	3	0.125000
128	1	3	0.125000
129	1	3	0.125000
130	1	3	0.125000
131	1	3	0.125000
132	1	3	0.125000
133	1	1	0.125000
134	1	3	0.125000
135	1	3	0.125000
136	1	3	0.125000
137	1	3	0.125000
138	2	5	0.125000
139	2	5	0.125000
140	2	5	0.125000
141	2	5	0.125000
142	2	5	0.125000
143	2	5	0.125000
144	2	5	0.125000
145	2	5	0.125000
146	2	5	0.125000
147	2	5	0.125000
148	2	5	0.125000
149	2	5	0.125000
150	2	4	0.125000
151	2	5	0.125000
152	1	3	0.125000
153	1	3	0.125000
154	1	3	0.125000
155	1	3	0.125000
156	1	3	0.125000
157	1	1	0.125000
158	1	3	0.125000
159	2	5	0.125000
160	2	5	0.125000
161	2	5	0.125000
162	2	5	0.125000
163	2	5	0.125000
164	2	5	0.125000
165	2	5	0.125000
166	1	3	0.125000
167	1	3	0.125000
168	1	3	0.125000
169	1	3	0.125000
170	1	3	0.125000
171	1	2	0.125000
172	1	3	0.125000
173	1	3	0.125000
174	1	3	0.125000
175	1	3	0.125000
176	1	3	0.125000
177	1	1	0.125000
178	1	3	0.125000
179	1	3	0.125000
180	1	3	0.125000
181	1	3	0.125000
182	1	3	0.125000
183	1	3	0.125000
184	1	3	0.125000
185	1	0	0.125000
186	1	3	0.125000
187	2	1	0.125000
188	2	5	0.125000
189	2	5	0.125000
190	2	5	0.125000
191	2	5	0.125000
192	2	5	0.125000
193	2	4	0.125000
194	2	5	0.125000
195	2	5	0.125000
196	2	5	0.125000
197	1	3	0.125000
198	1	3	0.125000
199	1	3	0.125000
200	1	3	0.125000
201	1	3	0.125000
202	1	3	0.125000
203	1	3	0.125000
204	1	3	0.125000
205	1	3	0.125000
206	1	3	0.125000
207	1	3	0.125000
208	1	0	0.125000
209	1	3	0.125000
210	1	3	0.125000
211	1	3	0.125000
212	1	3	0.125000
213	2	3	0.125000
214	2	5	1.000000
215	3	3	0.125000
216	2	5	0.125000
217	2	5	0.125000
218	1	1	0.125000
219	2	5	0.125000
220	2	1	0.125000
221	2	5	0.125000
222	2	5	0.125000
223	2	5	0.125000
224	2	5	0.125000
225	1	3	0.125000
226	1	3	0.125000
227	1	3	0.125000
228	1	3	0.125000
229	1	3	0.125000
230	1	3	0.125000
231	1	3	0.125000
232	1	3	0.125000
233	1	2	0.125000
234	1	3	0.125000
235	1	3	0.125000
236	1	3	0.125000
237	1	3	0.125000
238	1	3	0.125000
239	2	5	0.125000
240	1	3	0.125000
241	2	5	0.125000
242	2	5	0.125000
243	2	5	0.125000
244	2	5	0.125000
245	2	5	0.125000
246	2	5	0.125000
247	2	5	0.125000
248	2	5	0.125000
249	2	5	0.125000
250	2	5	0.125000
251	2	5	0.125000
252	2	5	0.125000
253	2	5	0.125000
254	2	5	0.125000
255	2	5	0.125000
256	2	5	0.125000
257	2	5	0.125000
258	2	5	0.125000
259	2	5	0.125000
260	2	5	0.125000
261	2	5	0.125000
262	2	5	1.000000
263	3	3	0.125000
264	2	5	0.125000
265	1	3	0.125000
266	1	3	0.125000
267	1	3	0.125000
268	1	3	0.125000
269	1	3	0.125000
270	1	3	0.125000
271	1	3	0.125000
272	1	3	0.125000
273	1	3	0.125000
274	1	3	0.125000
275	1	3	0.125000
276	1	3	0.125000
277	1	3	0.125000
278	1	3	0.125000
279	1	3	0.125000
280	2	5	0.125000
281	1	3	0.125000
282	1	3	0.125000
283	1	3	0.125000
284	1	1	0.125000
285	1	0	0.125000
286	2	5	0.125000
287	2	5	0.125000
288	2	5	0.125000
289	2	3	0.125000
290	2	5	0.125000
291	2	5	1.000000
292	3	3	1.000000
293	3	3	1.000000
294	3	3	0.125000
295	2	1	0.125000
296	2	3	0.125000
297	2	4	0.125000
298	2	5	0.125000
299	2	5	0.125000
300	1	3	0.125000
301	1	3	0.125000
302	1	3	0.125000
303	1	3	0.125000
304	1	3	0.125000
305	1	3	0.125000
306	1	3	0.125000
307	1	3	0.125000
308	1	3	0.125000
309	1	3	0.125000
310	1	3	0.125000
311	1	3	0.125000
312	1	3	0.125000
313	2	5	0.125000
314	2	5	1.000000
315	3	3	1.000000
316	3	3	1.000000
317	3	3	1.000000
318	3	3	1.000000
319	3	3	1.000000
320	3	3	1.000000
321	4	3	1.000000
322	4	3	1.000000
323	3	3	1.000000
324	3	2	1.000000
325	3	3	0.125000
326	2	5	0.125000
327	2	1	0.125000
328	2	5	0.125000
329	2	5	0.125000
330	2	5	0.125000
331	2	5	0.125000
332	2	5	0.125000
333	2	5	0.125000
334	2	5	0.125000
335	1	3	0.125000
336	2	5	1.000000
337	3	3	0.125000
338	2	5	0.125000
339	2	5	0.125000
340	1	3	0.125000
341	1	3	0.125000
342	1	3	0.125000
343	1	3	0.125000
344	1	3	0.125000
345	1	3	0.125000
346	1	3	0.125000
347	2	5	0.125000
348	1	3	0.125000
349	1	3	0.125000
350	1	3	0.125000
351	1	3	0.125000
352	1	3	0.125000
353	1	3	0.125000
354	1	3	0.125000
355	1	3	0.125000
356	1	3	0.125000
357	1	3	0.125000
358	1	3	0.125000
359	1	3	0.125000
360	2	1	0.125000
361	2	5	0.125000
362	1	3	0.125000
363	1	3	0.125000
364	1	3	0.125000
365	1	3	0.125000
366	1	3	0.125000
367	1	3	0.125000
368	1	3	0.125000
369	1	3	0.125000
370	1	3	0.125000
371	1	3	0.125000
372	1	3	0.125000
373	2	5	0.125000
374	2	5	0.125000
375	2	1	0.125000
376	2	5	0.125000
377	2	5	0.125000
378	2	5	1.000000
379	3	3	1.000000
380	3	3	1.000000
381	3	3	1.000000
382	3	3	1.000000
383	3	3	1.000000
384	3	3	1.000000
385	3	3	1.000000
386	3	3	1.000000
387	3	3	1.000000
388	3	3	1.000000
389	3	3	1.000000
390	3	3	1.000000
391	3	3	1.000000
392	3	3	1.000000
393	3	3	1.000000
394	3	3	1.000000
395	3	3	1.000000
396	3	3	1.000000
397	3	3	1.000000
398	3	3	1.000000
399	3	3	1.000000
400	3	3	1.000000
401	3	3	1.000000
402	3	3	1.000000
403	3	3	1.000000
404	3	3	1.000000
405	3	3	1.000000
406	3	3	1.000000
407	3	3	1.000000
408	3	3	0.125000
409	2	5	0.125000
410	2	5	0.125000
411	2	5	0.125000
412	2	5	0.125000
413	2	5	0.125000
414	2	5	0.125000
415	2	5	0.125000
416	2	5	0.125000
417	2	3	0.125000
418	1	3	0.125000
419	1	3	0.125000
420	1	3	0.125000
421	1	3	0.125000
422	1	2	0.125000
423	1	3	0.125000
424	1	3	0.125000
425	1	3	0.125000
426	1	3	0.125000
427	1	1	0.125000
428	1	3	0.125000
429	1	3	0.125000
430	1	3	0.125000
431	1	3	0.125000
432	1	3	0.125000
433	1	3	0.125000
434	1	3	0.125000
435	1	0	0.125000
436	2	4	0.125000
437	2	5	0.125000
438	2	5	0.125000
439	2	5	0.125000
440	2	5	1.000000
441	3	3	1.000000
442	3	3	1.000000
443	3	3	1.000000
444	3	3	1.000000
445	3	3	1.000000
446	3	3	1.000000
447	3	3	1.000000
448	3	3	1.000000
449	3	3	0.125000
450	2	5	0.125000
451	2	5	0.125000
452	2	5	0.125000
453	2	5	0.125000
454	2	5	0.125000
455	2	5	0.125000
456	2	5	0.125000
457	2	2	0.125000
458	2	5	0.125000
459	2	5	0.125000
460	2	5	0.125000
461	2	5	0.125000
462	2	5	0.125000
463	2	5	0.125000
464	2	5	0.125000
465	2	5	0.125000
466	2	5	0.125000
467	2	5	0.125000
468	1	3	0.125000
469	1	3	0.125000
470	1	3	0.125000
471	1	3	0.125000
472	1	3	0.125000
473	1	3	0.125000
474	1	0	0.125000
475	1	3	0.125000
476	1	3	0.125000
477	1	3	0.125000
478	1	3	0.125000
479	1	3	0.125000
480	1	3	0.125000
481	1	3	0.125000
482	2	5	0.125000
483	2	5	0.125000
484	2	5	0.125000
485	2	5	0.125000
486	2	5	1.000000
487	3	3	1.000000
488	3	3	1.000000
489	3	3	1.000000
490	3	3	1.000000
491	3	3	1.000000
492	3	3	1.000000
493	3	3	1.000000
494	3	3	1.000000
495	3	3	1.000000
496	3	3	1.000000
497	3	3	1.000000
498	3	3	1.000000
499	3	2	1.000000
500	3	3	1.000000
501	3	3	0.125000
502	2	5	0.125000
503	2	5	0.125000
504	2	5	0.125000
505	2	5	0.125000
506	2	5	0.125000
507	2	5	0.125000
508	2	5	0.125000
509	2	5	0.125000
510	2	5	0.125000
511	2	5	0.125000
512	2	5	0.125000
513	2	5	0.125000
514	2	5	0.125000
515	1	3	0.125000
516	1	3	0.125000
517	1	3	0.125000
518	1	3	0.125000
519	1	1	0.125000
520	1	3	0.125000
521	1	3	0.125000
522	1	3	0.125000
523	1	3	0.125000
524	1	3	0.125000
525	1	3	0.125000
526	1	3	0.125000
527	1	3	0.125000
528	1	3	0.125000
529	1	0	0.125000
530	1	3	0.125000
531	1	3	0.125000
532	1	3	0.125000
533	2	5	0.125000
534	2	5	0.125000
535	2	5	0.125000
536	2	5	0.125000
537	2	2	0.125000
538	2	5	1.000000
539	3	3	0.125000
540	2	5	1.000000
541	3	3	1.000000
542	3	3	1.000000
543	3	3	0.125000
544	2	5	0.125000
545	2	5	0.125000
546	2	5	0.125000
547	2	5	0.125000
548	2	0	0.125000
549	2	5	0.125000
550	2	5	0.125000
551	2	5	0.125000
552	2	5	0.125000
553	2	5	0.125000
554	1	0	0.125000
555	1	3	0.125000
556	1	3	0.125000
557	1	3	0.125000
558	1	3	0.125000
559	1	3	0.125000
560	2	2	0.125000
561	2	1	0.125000
562	2	5	0.125000
563	2	5	0.125000
564	1	3	0.125000
565	1	3	0.125000
566	1	3	0.125000
567	1	3	0.125000
568	1	3	0.125000
569	1	3	0.125000
570	1	3	0.125000
571	1	3	0.125000
572	1	0	0.125000
573	1	1	0.125000
574	1	3	0.125000
575	1	3	0.125000
576	1	3	0.125000
577	1	3	0.125000
578	2	5	0.125000
579	2	5	0.125000
580	2	5	0.125000
581	2	5	0.125000
582	2	5	0.125000
583	2	5	0.125000
584	2	5	1.000000
585	3	3	1.000000
586	3	3	0.125000
587	2	5	0.125000
588	2	5	0.125000
589	2	5	0.125000
590	2	5	0.125000
591	2	5	0.125000
592	2	5	0.125000
593	2	5	0.125000
594	2	5	0.125000
595	2	5	0.125000
596	2	5	0.125000
597	2	5	0.125000
598	2	5	0.125000
599	2	5	0.125000
600	2	5	0.125000
601	2	5	0.125000
602	2	5	0.125000
603	2	5	0.125000
604	2	5	0.125000
605	2	5	0.125000
606	2	5	0.125000
607	2	2	0.125000
608	2	0	0.125000
609	2	5	0.125000
610	2	5	0.125000
611	2	5	0.125000
612	2	5	0.125000
613	2	5	0.125000
614	2	5	0.125000
615	2	5	0.125000
616	2	5	0.125000
617	2	5	0.125000
618	2	5	0.125000
619	2	4	0.125000
620	1	3	0.125000
621	1	0	0.125000
622	2	5	0.125000
623	2	5	0.125000
624	2	4	0.125000
625	1	3	0.125000
626	2	5	0.125000
627	2	5	0.125000
628	2	5	0.125000
629	2	5	0.125000
630	2	5	0.125000
631	2	5	0.125000
632	2	2	0.125000
633	2	5	0.125000
634	1	3	0.125000
635	1	3	0.125000
636	1	3	0.125000
637	1	3	0.125000
638	1	3	0.125000
639	1	2	0.125000
640	1	3	0.125000
641	1	3	0.125000
642	1	3	0.125000
643	1	3	0.125000
644	2	5	0.125000
645	1	3	0.125000
646	2	5	0.125000
647	2	5	0.125000
648	2	5	0.125000
649	2	5	0.125000
650	2	2	0.125000
651	2	4	0.125000
652	2	5	0.125000
653	2	5	0.125000
654	2	5	0.125000
655	2	5	0.125000
656	2	5	0.125000
657	2	5	0.125000
658	2	5	0.125000
659	2	5	0.125000
660	2	5	0.125000
661	2	5	0.125000
662	2	5	0.125000
663	2	5	0.125000
664	2	5	0.125000
665	2	5	0.125000
666	2	5	0.125000
667	2	4	0.125000
668	2	5	0.125000
669	2	5	0.125000
670	2	5	0.125000
671	2	5	0.125000
672	2	5	0.125000
673	1	3	0.125000
674	1	3	0.125000
675	1	0	0.125000
676	1	3	0.125000
677	1	3	0.125000
678	1	3	0.125000
679	1	3	0.125000
680	1	3	0.125000
681	1	3	0.125000
682	1	3	0.125000
683	1	3	0.125000
684	1	3	0.125000
685	1	3	0.125000
686	1	3	0.125000
687	1	3	0.125000
688	1	3	0.125000
689	2	5	0.125000
690	2	5	0.125000
691	2	5	0.125000
692	2	5	0.125000
693	2	5	1.000000
694	3	3	1.000000
695	3	3	1.000000
696	3	3	1.000000
697	3	3	1.000000
698	3	3	1.000000
699	3	3	1.000000
700	3	3	0.125000
701	2	5	0.125000
702	2	5	0.125000
703	2	5	0.125000
704	2	5	0.125000
705	2	5	0.125000
706	2	5	0.125000
707	2	5	0.125000
708	2	1	0.125000
709	2	5	0.125000
710	2	5	0.125000
711	2	5	0.125000
712	2	1	0.125000
713	1	3	0.125000
714	1	1	0.125000
715	1	3	0.125000
716	2	5	0.125000
717	1	3	0.125000
718	1	3	0.125000
719	1	3	0.125000
720	1	3	0.125000
721	1	3	0.125000
722	1	3	0.125000
723	1	3	0.125000
724	1	3	0.125000
725	1	3	0.125000
726	1	3	0.125000
727	1	3	0.125000
728	1	3	0.125000
729	2	5	0.125000
730	2	5	0.125000
731	2	5	0.125000
732	2	5	0.125000
733	1	3	0.125000
734	1	3	0.125000
735	1	3	0.125000
736	1	3	0.125000
737	1	3	0.125000
738	1	3	0.125000
739	1	3	0.125000
740	1	3	0.125000
741	1	3	0.125000
742	1	3	0.125000
743	1	3	0.125000
744	1	3	0.125000
745	1	3	0.125000
746	1	3	0.125000
747	2	5	0.125000
748	2	5	0.125000
749	2	5	1.000000
750	3	3	1.000000
751	3	3	1.000000
752	3	3	1.000000
753	3	3	1.000000
754	3	3	1.000000
755	3	3	1.000000
756	3	3	1.000000
757	3	3	1.000000
758	3	3	1.000000
759	3	3	0.125000
760	2	5	0.125000
761	2	5	0.125000
762	2	5	0.125000
763	2	5	0.125000
764	2	5	0.125000
765	2	5	0.125000
766	2	5	0.125000
767	2	5	0.125000
768	1	3	0.125000
769	1	2	0.125000
770	1	3	0.125000
771	1	3	0.125000
772	1	3	0.125000
773	1	3	0.125000
774	1	3	0.125000
775	1	3	0.125000
776	1	3	0.125000
777	1	3	0.125000
778	1	3	0.125000
779	1	3	0.125000
780	1	3	0.125000
781	1	3	0.125000
782	1	3	0.125000
783	1	3	0.125000
784	1	1	0.125000
785	1	3	0.125000
786	2	5	0.125000
787	1	3	0.125000
788	1	3	0.125000
789	1	3	0.125000
790	2	5	0.125000
791	2	5	0.125000
792	2	5	0.125000
793	2	5	0.125000
794	1	3	0.125000
795	1	3	0.125000
796	1	3	0.125000
797	2	5	0.125000
798	2	5	0.125000
799	1	3	0.125000
800	1	3	0.125000
801	1	3	0.125000
802	1	3	0.125000
803	1	3	0.125000
804	1	3	0.125000
805	1	3	0.125000
806	1	3	0.125000
807	1	3	0.125000
808	1	3	0.125000
809	1	0	0.125000
810	2	5	0.125000
811	2	5	1.000000
812	3	3	1.000000
813	3	3	1.000000
814	3	3	1.000000
815	3	2	1.000000
816	3	3	1.000000
817	4	3	1.000000
818	4	3	1.000000
819	4	3	1.000000
820	3	3	1.000000
821	3	3	1.000000
822	3	3	1.000000
823	3	3	1.000000
824	3	3	1.000000
825	3	3	1.000000
826	4	3	1.000000
827	4	3	1.000000
828	4	3	1.000000
829	4	3	1.000000
830	4	3	1.000000
831	4	3	1.000000
832	4	1	1.000000
833	4	3	1.000000
834	4	3	1.000000
835	4	3	1.000000
836	4	3	1.000000
837	4	3	1.000000
838	4	3	1.000000
839	4	3	1.000000
840	4	3	1.000000
841	4	3	1.000000
842	4	3	1.000000
843	4	3	1.000000
844	4	3	1.000000
845	4	3	1.000000
846	3	3	1.000000
847	3	3	1.000000
848	3	3	1.000000
849	3	3	1.000000
850	3	3	1.000000
851	3	3	1.000000
852	3	3	1.000000
853	3	3	1.000000
854	3	3	1.000000
855	3	3	1.000000
856	3	3	1.000000
857	3	3	0.125000
858	2	5	0.125000
859	2	5	0.125000
860	2	5	0.125000
861	2	5	0.125000
862	2	1	0.125000
863	2	5	0.125000
864	2	5	0.125000
865	1	3	0.125000
866	1	3	0.125000
867	1	3	0.125000
868	1	3	0.125000
869	1	3	0.125000
870	1	3	0.125000
871	1	3	0.125000
872	1	3	0.125000
873	1	3	0.125000
874	1	2	0.125000
875	1	3	0.125000
876	1	0	0.125000
877	1	3	0.125000
878	1	3	0.125000
879	1	3	0.125000
880	1	3	0.125000
881	2	5	0.125000
882	2	5	0.125000
883	2	5	0.125000
884	2	2	0.125000
885	2	5	1.000000
886	3	3	1.000000
887	3	3	1.000000
888	3	3	1.000000
889	3	3	1.000000
890	3	3	1.000000
891	3	3	0.125000
892	2	5	0.125000
893	2	5	0.125000
894	2	5	0.125000
895	2	5	0.125000
896	2	5	0.125000
897	2	5	0.125000
898	2	5	0.125000
899	2	5	0.125000
900	2	5	0.125000
901	2	5	0.125000
902	1	3	0.125000
903	1	3	0.125000
904	1	3	0.125000
905	1	3	0.125000
906	1	3	0.125000
907	1	3	0.125000
908	1	3	0.125000
909	1	3	0.125000
910	1	3	0.125000
911	1	3	0.125000
912	1	3	0.125000
913	1	3	0.125000
914	1	3	0.125000
915	1	2	0.125000
916	1	3	0.125000
917	1	3	0.125000
918	1	3	0.125000
919	1	3	0.125000
920	1	3	0.125000
921	2	0	0.125000
922	2	5	0.125000
923	2	5	0.125000
924	2	5	0.125000
925	2	5	0.125000
926	2	4	0.125000
927	2	5	1.000000
928	3	3	1.000000
929	3	3	1.000000
930	3	3	1.000000
931	3	3	1.000000
932	3	3	1.000000
933	3	1	1.000000
934	3	3	1.000000
935	3	3	1.000000
936	3	3	1.000000
937	3	3	1.000000
938	3	3	1.000000
939	3	3	1.000000
940	3	3	1.000000
941	3	3	1.000000
942	4	3	1.000000
943	4	3	1.000000
944	4	3	1.000000
945	4	3	1.000000
946	3	3	1.000000
947	3	3	1.000000
948	3	3	1.000000
949	3	3	1.000000
950	3	3	1.000000
951	3	3	1.000000
952	3	3	1.000000
953	3	3	1.000000
954	3	3	1.000000
955	3	3	1.000000
956	3	3	1.000000
957	3	1	1.000000
958	3	3	1.000000
959	3	1	1.000000
960	3	3	1.000000
961	3	3	1.000000
962	3	3	1.000000
963	3	3	1.000000
964	3	3	0.125000
965	2	5	0.125000
966	2	5	0.125000
967	2	5	0.125000
968	2	5	0.125000
969	2	5	0.125000
970	2	5	0.125000
971	2	5	0.125000
972	2	5	0.125000
973	2	5	0.125000
974	1	3	0.125000
975	2	5	0.125000
976	2	5	0.125000
977	1	3	0.125000
978	1	2	0.125000
979	1	3	0.125000
980	1	3	0.125000
981	1	3	0.125000
982	1	3	0.125000
983	1	3	0.125000
984	1	3	0.125000
985	1	3	0.125000
986	1	3	0.125000
987	1	3	0.125000
988	1	3	0.125000
989	1	3	0.125000
990	1	3	0.125000
991	1	3	0.125000
992	1	3	0.125000
993	2	5	0.125000
994	2	3	0.125000
995	2	5	0.125000
996	2	5	0.125000
997	2	5	1.000000
998	3	3	1.000000
999	3	3	1.000000
1000	3	1	1.000000
1001	3	3	1.000000
1002	3	3	1.000000
1003	3	3	1.000000
1004	3	3	1.000000
1005	3	3	1.000000
1006	3	3	1.000000
1007	3	3	1.000000
1008	3	3	1.000000
1009	3	3	1.000000
1010	3	3	1.000000
1011	3	3	0.125000
1012	2	5	0.125000
1013	2	5	0.125000
1014	2	5	0.125000
1015	2	5	0.125000
1016	2	5	0.125000
1017	2	5	0.125000
1018	2	5	0.125000
1019	2	5	0.125000
1020	2	5	0.125000
1021	2	5	0.125000
1022	2	5	0.125000
1023	1	3	0.125000
1024	1	3	0.125000
1025	1	3	0.125000
1026	1	3	0.125000
1027	1	3	0.125000
1028	1	3	0.125000
1029	1	3	0.125000
1030	2	5	0.125000
1031	2	5	0.125000
1032	2	5	0.125000
1033	2	5	0.125000
1034	1	3	0.125000
1035	1	3	0.125000
1036	1	3	0.125000
1037	2	5	0.125000
1038	2	5	0.125000
1039	2	5	0.125000
1040	2	5	0.125000
1041	2	4	0.125000
1042	2	5	0.125000
1043	2	5	0.125000
1044	2	5	0.125000
1045	2	5	1.000000
1046	3	3	1.000000
1047	3	3	1.000000
1048	3	3	1.000000
1049	3	3	1.000000
1050	3	3	1.000000
1051	3	3	1.000000
1052	3	3	1.000000
1053	3	3	1.000000
1054	3	3	1.000000
1055	4	2	1.000000
1056	4	3	1.000000
1057	3	3	1.000000
1058	3	3	1.000000
1059	3	3	1.000000
1060	3	3	1.000000
1061	3	3	1.000000
1062	4	3	1.000000
1063	4	3	1.000000
1064	3	3	1.000000
1065	3	0	1.000000
1066	3	3	1.000000
1067	3	3	1.000000
1068	3	3	1.000000
1069	3	3	1.000000
1070	3	3	1.000000
1071	3	3	1.000000
1072	3	3	1.000000
1073	3	3	1.000000
1074	3	3	1.000000
1075	3	3	1.000000
1076	3	3	0.125000
1077	2	5	0.125000
1078	2	5	0.125000
1079	2	5	0.125000
1080	2	5	0.125000
1081	2	5	0.125000
1082	2	5	0.125000
1083	2	5	0.125000
1084	2	5	0.125000
1085	2	5	0.125000
1086	1	0	0.125000
1087	1	3	0.125000
1088	1	3	0.125000
1089	1	3	0.125000
1090	1	3	0.125000
1091	1	3	0.125000
1092	1	3	0.125000
1093	1	3	0.125000
1094	2	5	0.125000
1095	2	5	0.125000
1096	2	5	0.125000
1097	2	5	0.125000
1098	2	5	0.125000
1099	2	5	0.125000
1100	2	5	0.125000
1101	2	5	0.125000
1102	2	5	0.125000
1103	2	5	0.125000
1104	1	3	0.125000
1105	1	3	0.125000
1106	1	3	0.125000
1107	1	3	0.125000
1108	2	5	0.125000
1109	2	5	0.125000
1110	2	3	0.125000
1111	1	3	0.125000
1112	1	3	0.125000
1113	1	3	0.125000
1114	1	3	0.125000
1115	1	3	0.125000
1116	1	3	0.125000
1117	1	3	0.125000
1118	1	3	0.125000
1119	1	3	0.125000
1120	1	3	0.125000
1121	2	5	0.125000
1122	2	5	0.125000
1123	2	5	0.125000
1124	2	5	0.125000
1125	2	5	1.000000
1126	3	3	1.000000
1127	3	3	1.000000
1128	3	3	1.000000
1129	3	3	1.000000
1130	3	3	0.125000
1131	2	5	0.125000
1132	2	5	0.125000
1133	2	5	0.125000
1134	1	3	0.125000
1135	1	3	0.125000
1136	2	5	0.125000
1137	1	3	0.125000
1138	1	3	0.125000
1139	1	3	0.125000
1140	1	3	0.125000
1141	1	3	0.125000
1142	1	3	0.125000
1143	1	3	0.125000
1144	1	3	0.125000
1145	1	3	0.125000
1146	1	3	0.125000
1147	1	3	0.125000
1148	1	1	0.125000
1149	1	3	0.125000
1150	1	3	0.125000
1151	1	0	0.125000
1152	1	3	0.125000
1153	1	1	0.125000
1154	1	3	0.125000
1155	1	3	0.125000
1156	1	3	0.125000
1157	1	3	0.125000
1158	1	3	0.125000
1159	1	3	0.125000
1160	1	3	0.125000
1161	1	3	0.125000
1162	1	3	0.125000
1163	1	3	0.125000
1164	1	3	0.125000
1165	1	3	0.125000
1166	1	3	0.125000
1167	1	3	0.125000
1168	1	3	0.125000
1169	1	3	0.125000
1170	1	3	0.125000
1171	1	3	0.125000
1172	1	3	0.125000
1173	1	2	0.125000
1174	1	3	0.125000
1175	1	3	0.125000
1176	1	3	0.125000
1177	1	3	0.125000
1178	1	3	0.125000
1179	1	3	0.125000
1180	1	2	0.125000
1181	1	3	0.125000
1182	1	3	0.125000
1183	1	3	0.125000
1184	1	3	0.125000
1185	1	3	0.125000
1186	1	3	0.125000
1187	1	3	0.125000
1188	1	3	0.125000
1189	1	3	0.125000
1190	1	1	0.125000
1191	1	3	0.125000
1192	1	3	0.125000
1193	1	3	0.125000
1194	1	3	0.125000
1195	1	3	0.125000
1196	1	3	0.125000
1197	1	3	0.125000
1198	1	3	0.125000
1199	1	3	0.125000
1200	1	1	0.125000
1201	1	3	0.125000
1202	1	3	0.125000
1203	1	3	0.125000
1204	1	3	0.125000
1205	1	3	0.125000
1206	1	3	0.125000
1207	1	3	0.125000
1208	1	3	0.125000
1209	1	3	0.125000
1210	1	3	0.125000
1211	1	3	0.125000
1212	1	3	0.125000
1213	1	3	0.125000
1214	1	3	0.125000
1215	1	3	0.125000
1216	1	3	0.125000
1217	1	3	0.125000
1218	1	0	0.125000
1219	1	3	0.125000
1220	1	3	0.125000
1221	1	1	0.125000
1222	1	3	0.125000
1223	1	3	0.125000
1224	1	3	0.125000
1225	1	3	0.125000
1226	1	3	0.125000
1227	1	3	0.125000
1228	1	3	0.125000
1229	1	3	0.125000
1230	1	2	0.125000
1231	1	3	0.125000
1232	1	3	0.125000
1233	1	3	0.125000
1234	1	3	0.125000
1235	1	3	0.125000
1236	1	3	0.125000
1237	1	3	0.125000
1238	1	3	0.125000
1239	1	3	0.125000
1240	1	3	0.125000
1241	1	3	0.125000
1242	1	3	0.125000
1243	1	3	0.125000
1244	1	2	0.125000
1245	1	3	0.125000
1246	1	3	0.125000
1247	1	3	0.125000
1248	1	3	0.125000
1249	1	3	0.125000
1250	1	3	0.125000
1251	1	3	0.125000
1252	1	3	0.125000
1253	1	1	0.125000
1254	1	3	0.125000
1255	1	3	0.125000
1256	1	3	0.125000
1257	1	3	0.125000
1258	1	3	0.125000
1259	1	3	0.125000
1260	1	3	0.125000
1261	1	3	0.125000
1262	1	3	0.125000
1263	1	3	0.125000
1264	1	3	0.125000
1265	1	3	0.125000
1266	1	3	0.125000
1267	1	3	0.125000
1268	1	3	0.125000
1269	1	3	0.125000
1270	1	3	0.125000
1271	1	3	0.125000
1272	1	3	0.125000
1273	1	3	0.125000
1274	1	3	0.125000
1275	1	3	0.125000
1276	1	3	0.125000
1277	1	3	0.125000
1278	1	3	0.125000
1279	1	3	0.125000
1280	1	3	0.125000
1281	1	3	0.125000
1282	1	3	0.125000
1283	1	2	0.125000
1284	1	3	0.125000
1285	1	3	0.125000
1286	1	3	0.125000
1287	1	3	0.125000
1288	1	0	0.125000
1289	1	3	0.125000
1290	1	0	0.125000
1291	1	3	0.125000
1292	1	3	0.125000
1293	1	3	0.125000
1294	1	3	0.125000
1295	1	3	0.125000
1296	1	3	0.125000
1297	1	3	0.125000
1298	1	3	0.125000
1299	1	2	0.125000
1300	1	2	0.125000
1301	1	3	0.125000
1302	1	3	0.125000
1303	1	3	0.125000
1304	1	3	0.125000
1305	1	3	0.125000
1306	1	3	0.125000
1307	1	3	0.125000
1308	1	3	0.125000
1309	1	2	0.125000
1310	1	3	0.125000
1311	1	3	0.125000
1312	1	3	0.125000
1313	1	3	0.125000
1314	1	3	0.125000
1315	1	3	0.125000
1316	1	1	0.125000
1317	1	3	0.125000
1318	1	3	0.125000
1319	1	3	0.125000
1320	1	3	0.125000
1321	1	3	0.125000
1322	1	3	0.125000
1323	1	3	0.125000
1324	1	3	0.125000
1325	1	3	0.125000
1326	1	3	0.125000
1327	1	3	0.125000
1328	1	3	0.125000
1329	1	3	0.125000
1330	1	3	0.125000
1331	1	1	0.125000
1332	1	0	0.125000
1333	1	3	0.125000
1334	1	3	0.125000
1335	1	3	0.125000
1336	1	3	0.125000
1337	1	2	0.125000
1338	1	1	0.125000
1339	1	3	0.125000
1340	1	0	0.125000
1341	1	3	0.125000
1342	1	3	0.125000
1343	1	3	0.125000
1344	1	3	0.125000
1345	1	3	0.125000
1346	1	3	0.125000
1347	1	1	0.125000
1348	1	3	0.125000
1349	1	3	0.125000
1350	1	3	0.125000
1351	2	5	0.125000
1352	2	5	0.125000
1353	2	5	0.125000
1354	2	5	1.000000
1355	3	3	1.000000
1356	3	3	1.000000
1357	3	2	1.000000
1358	3	3	1.000000
1359	3	3	1.000000
1360	3	3	1.000000
1361	3	3	1.000000
1362	3	3	1.000000
1363	3	3	1.000000
1364	3	3	0.125000
1365	2	5	0.125000
1366	2	5	0.125000
1367	2	5	0.125000
1368	2	5	0.125000
1369	2	5	0.125000
1370	2	5	0.125000
1371	2	5	1.000000
1372	3	3	1.000000
1373	3	3	1.000000
1374	3	3	1.000000
1375	3	3	1.000000
1376	3	3	0.125000
1377	2	5	0.125000
1378	2	5	0.125000
1379	2	5	0.125000
1380	2	5	0.125000
1381	2	5	0.125000
1382	2	5	0.125000
1383	2	0	0.125000
1384	2	5	0.125000
1385	2	5	0.125000
1386	2	5	0.125000
1387	1	3	0.125000
1388	1	3	0.125000
1389	1	3	0.125000
1390	1	3	0.125000
1391	1	3	0.125000
1392	1	3	0.125000
1393	1	3	0.125000
1394	1	3	0.125000
1395	1	3	0.125000
1396	1	3	0.125000
1397	1	3	0.125000
1398	1	3	0.125000
1399	1	3	0.125000
1400	1	3	0.125000
1401	1	3	0.125000
1402	1	3	0.125000
1403	2	5	0.125000
1404	2	0	0.125000
1405	2	5	0.125000
1406	2	5	1.000000
1407	3	3	1.000000
1408	3	3	1.000000
1409	3	3	1.000000
1410	3	0	1.000000
1411	3	3	1.000000
1412	3	0	1.000000
1413	3	3	1.000000
1414	3	3	1.000000
1415	3	3	1.000000
1416	3	3	0.125000
1417	2	5	0.125000
1418	2	5	0.125000
1419	2	5	0.125000
1420	2	5	0.125000
1421	2	0	0.125000
1422	2	5	0.125000
1423	2	5	0.125000
1424	2	5	0.125000
1425	2	5	0.125000
1426	2	5	0.125000
1427	2	5	0.125000
1428	2	3	0.125000
1429	2	5	0.125000
1430	2	5	0.125000
1431	2	5	0.125000
1432	2	5	0.125000
1433	2	5	0.125000
1434	2	5	0.125000
1435	2	2	0.125000
1436	2	5	1.000000
1437	3	3	1.000000
1438	3	3	1.000000
1439	3	3	1.000000
1440	3	3	1.000000
1441	3	3	1.000000
1442	3	3	1.000000
1443	3	3	1.000000
1444	3	0	1.000000
1445	3	3	1.000000
1446	3	3	1.000000
1447	3	3	1.000000
1448	3	3	1.000000
1449	3	3	1.000000
1450	3	3	1.000000
1451	3	3	1.000000
1452	3	2	1.000000
1453	3	3	1.000000
1454	3	3	1.000000
1455	3	2	1.000000
1456	3	3	1.000000
1457	3	2	1.000000
1458	3	3	1.000000
1459	3	3	1.000000
1460	3	3	1.000000
1461	3	3	1.000000
1462	3	3	1.000000
1463	3	3	1.000000
1464	3	3	1.000000
1465	3	3	1.000000
1466	3	3	1.000000
1467	3	3	1.000000
1468	3	3	1.000000
1469	3	3	1.000000
1470	3	3	1.000000
1471	3	3	1.000000
1472	3	3	1.000000
1473	3	1	1.000000
1474	3	3	1.000000
1475	3	3	1.000000
1476	3	3	1.000000
1477	3	3	1.000000
1478	3	3	1.000000
1479	3	3	1.000000
1480	3	3	1.000000
1481	3	3	1.000000
1482	3	3	1.000000
1483	3	1	1.000000
1484	3	3	1.000000
1485	3	3	1.000000
1486	3	3	1.000000
1487	3	0	1.000000
1488	3	3	1.000000
1489	3	3	1.000000
1490	3	3	1.000000
1491	3	3	1.000000
1492	3	3	1.000000
1493	3	3	1.000000
1494	3	3	1.000000
1495	3	3	1.000000
1496	3	3	1.000000
1497	3	3	1.000000
1498	3	3	1.000000
1499	3	3	1.000000
1500	3	3	0.125000
1501	2	5	0.125000
1502	2	5	0.125000
1503	2	5	0.125000
1504	2	5	0.125000
1505	2	5	0.125000
1506	2	4	0.125000
1507	2	5	0.125000
1508	2	5	0.125000
1509	2	5	0.125000
1510	2	5	0.125000
1511	2	5	0.125000
1512	2	5	0.125000
1513	2	1	0.125000
1514	2	5	0.125000
1515	2	4	0.125000
1516	2	5	0.125000
1517	2	5	0.125000
1518	2	5	0.125000
1519	2	5	0.125000
1520	2	5	0.125000
1521	2	5	0.125000
1522	1	3	0.125000
1523	1	3	0.125000
1524	1	3	0.125000
1525	1	3	0.125000
1526	1	3	0.125000
1527	1	3	0.125000
1528	1	3	0.125000
1529	1	3	0.125000
1530	1	3	0.125000
1531	1	3	0.125000
1532	1	3	0.125000
1533	1	3	0.125000
1534	1	3	0.125000
1535	1	3	0.125000
1536	1	3	0.125000
1537	1	3	0.125000
1538	1	3	0.125000
1539	1	1	0.125000
1540	1	3	0.125000
1541	2	5	0.125000
1542	2	1	0.125000
1543	2	5	0.125000
1544	2	5	0.125000
1545	2	5	0.125000
1546	2	5	0.125000
1547	2	5	0.125000
1548	2	5	0.125000
1549	2	5	0.125000
1550	2	5	0.125000
1551	2	5	0.125000
1552	2	5	0.125000
1553	2	5	0.125000
1554	2	5	0.125000
1555	2	5	0.125000
1556	2	5	0.125000
1557	2	0	0.125000
1558	1	3	0.125000
1559	1	3	0.125000
1560	1	3	0.125000
1561	1	0	0.125000
1562	1	3	0.125000
1563	1	1	0.125000
1564	1	3	0.125000
1565	1	2	0.125000
1566	1	3	0.125000
1567	1	3	0.125000
1568	1	3	0.125000
1569	1	3	0.125000
1570	1	3	0.125000
1571	1	3	0.125000
1572	2	5	0.125000
1573	2	5	0.125000
1574	2	5	0.125000
1575	2	5	0.125000
1576	2	5	0.125000
1577	2	5	1.000000
1578	3	3	1.000000
1579	3	3	1.000000
1580	3	3	1.000000
1581	3	3	0.125000
1582	2	2	0.125000
1583	2	5	0.125000
1584	2	5	0.125000
1585	2	5	0.125000
1586	2	5	0.125000
1587	2	5	0.125000
1588	2	5	0.125000
1589	2	5	0.125000
1590	2	5	0.125000
1591	2	2	0.125000
1592	2	5	0.125000
1593	2	3	0.125000
1594	2	5	0.125000
1595	2	5	0.125000
1596	2	5	0.125000
1597	1	3	0.125000
1598	1	3	0.125000
1599	1	3	0.125000
1600	1	0	0.125000
1601	2	5	0.125000
1602	1	3	0.125000
1603	1	3	0.125000
1604	1	3	0.125000
1605	1	3	0.125000
1606	1	3	0.125000
1607	1	3	0.125000
1608	1	3	0.125000
1609	1	3	0.125000
1610	1	3	0.125000
1611	1	3	0.125000
1612	1	1	0.125000
1613	1	3	0.125000
1614	1	3	0.125000
1615	1	3	0.125000
1616	1	3	0.125000
1617	1	3	0.125000
1618	1	3	0.125000
1619	1	3	0.125000
1620	1	3	0.125000
1621	1	3	0.125000
1622	1	3	0.125000
1623	1	3	0.125000
1624	1	3	0.125000
1625	1	3	0.125000
1626	1	3	0.125000
1627	1	3	0.125000
1628	2	5	0.125000
1629	2	5	0.125000
1630	2	0	0.125000
1631	2	5	0.125000
1632	2	5	0.125000
1633	2	5	1.000000
1634	3	3	1.000000
1635	3	3	1.000000
1636	3	3	1.000000
1637	3	3	1.000000
1638	3	3	1.000000
1639	3	1	0.125000
1640	2	5	0.125000
1641	2	5	0.125000
1642	2	5	0.125000
1643	2	5	0.125000
1644	2	5	0.125000
1645	2	5	0.125000
1646	2	5	0.125000
1647	2	5	0.125000
1648	2	5	0.125000
1649	1	2	0.125000
1650	1	2	0.125000
1651	1	3	0.125000
1652	1	0	0.125000
1653	1	2	0.125000
1654	1	3	0.125000
1655	1	3	0.125000
1656	1	3	0.125000
1657	1	3	0.125000
1658	1	3	0.125000
1659	1	3	0.125000
1660	1	3	0.125000
1661	1	3	0.125000
1662	1	3	0.125000
1663	1	3	0.125000
1664	1	3	0.125000
1665	1	3	0.125000
1666	1	3	0.125000
1667	1	3	0.125000
1668	1	3	0.125000
1669	1	3	0.125000
1670	1	3	0.125000
1671	2	5	0.125000
1672	2	5	0.125000
1673	2	5	0.125000
1674	2	1	0.125000
1675	2	5	0.125000
1676	2	5	0.125000
1677	2	5	0.125000
1678	2	5	0.125000
1679	2	5	0.125000
1680	2	5	0.125000
1681	2	5	0.125000
1682	2	5	0.125000
1683	2	4	0.125000
1684	1	3	0.125000
1685	1	3	0.125000
1686	1	0	0.125000
1687	2	5	0.125000
1688	1	3	0.125000
1689	1	3	0.125000
1690	1	3	0.125000
1691	1	3	0.125000
1692	1	3	0.125000
1693	1	3	0.125000
1694	1	3	0.125000
1695	1	3	0.125000
1696	1	3	0.125000
1697	1	3	0.125000
1698	1	3	0.125000
1699	1	3	0.125000
1700	2	5	0.125000
1701	2	5	0.125000
1702	2	5	0.125000
1703	2	5	0.125000
1704	2	5	0.125000
1705	2	5	0.125000
1706	2	5	0.125000
1707	2	5	0.125000
1708	2	0	0.125000
1709	2	5	0.125000
1710	2	5	0.125000
1711	2	5	0.125000
1712	2	5	0.125000
1713	2	5	0.125000
1714	2	5	0.125000
1715	1	3	0.125000
1716	1	3	0.125000
1717	1	3	0.125000
1718	1	2	0.125000
1719	1	3	0.125000
1720	1	3	0.125000
1721	1	3	0.125000
1722	1	3	0.125000
1723	1	2	0.125000
1724	1	3	0.125000
1725	1	3	0.125000
1726	1	3	0.125000
1727	1	3	0.125000
1728	1	3	0.125000
1729	1	3	0.125000
1730	1	3	0.125000
1731	1	3	0.125000
1732	2	5	0.125000
1733	2	5	0.125000
1734	2	5	0.125000
1735	1	3	0.125000
1736	1	3	0.125000
1737	1	3	0.125000
1738	1	3	0.125000
1739	2	5	0.125000
1740	2	5	0.125000
1741	2	5	0.125000
1742	1	2	0.125000
1743	1	3	0.125000
1744	1	3	0.125000
1745	1	3	0.125000
1746	1	3	0.125000
1747	1	3	0.125000
1748	1	3	0.125000
1749	1	3	0.125000
1750	1	3	0.125000
1751	1	3	0.125000
1752	1	3	0.125000
1753	1	3	0.125000
1754	1	3	0.125000
1755	2	5	0.125000
1756	2	5	0.125000
1757	2	3	0.125000
1758	2	4	0.125000
1759	2	5	0.125000
1760	2	5	0.125000
1761	2	5	0.125000
1762	2	5	0.125000
1763	2	5	1.000000
1764	3	3	1.000000
1765	3	2	0.125000
1766	2	5	0.125000
1767	2	5	0.125000
1768	2	5	0.125000
1769	1	3	0.125000
1770	1	3	0.125000
1771	1	3	0.125000
1772	1	3	0.125000
1773	1	3	0.125000
1774	1	3	0.125000
1775	1	3	0.125000
1776	1	3	0.125000
1777	1	3	0.125000
1778	1	3	0.125000
1779	1	3	0.125000
1780	1	3	0.125000
1781	1	3	0.125000
1782	1	3	0.125000
1783	1	3	0.125000
1784	1	3	0.125000
1785	1	3	0.125000
1786	2	3	0.125000
1787	2	5	0.125000
1788	2	5	0.125000
1789	2	5	1.000000
1790	3	0	1.000000
1791	3	3	1.000000
1792	3	3	1.000000
1793	3	3	1.000000
1794	4	3	1.000000
1795	4	3	1.000000
1796	4	3	1.000000
1797	4	3	1.000000
1798	4	3	1.000000
1799	4	3	1.000000
1800	4	0	1.000000
1801	4	3	1.000000
1802	4	2	1.000000
1803	4	3	1.000000
1804	4	3	1.000000
1805	4	3	1.000000
1806	3	3	1.000000
1807	3	3	1.000000
1808	3	3	1.000000
1809	3	3	1.000000
1810	3	3	1.000000
1811	3	3	1.000000
1812	3	3	1.000000
1813	3	3	1.000000
1814	3	3	1.000000
1815	3	3	1.000000
1816	3	3	1.000000
1817	3	3	1.000000
1818	3	3	1.000000
1819	3	3	1.000000
1820	4	3	1.000000
1821	4	3	1.000000
1822	4	3	1.000000
1823	4	3	1.000000
1824	4	3	1.000000
1825	4	3	1.000000
1826	4	3	1.000000
1827	4	3	1.000000
1828	4	1	1.000000
1829	4	3	1.000000
1830	4	3	1.000000
1831	4	3	1.000000
1832	4	3	1.000000
1833	4	3	1.000000
1834	4	3	1.000000
1835	4	3	1.000000
1836	4	3	1.000000
1837	4	3	1.000000
1838	4	3	1.000000
1839	4	1	1.000000
1840	4	3	1.000000
1841	4	3	1.000000
1842	4	3	1.000000
1843	4	3	1.000000
1844	4	3	1.000000
1845	4	3	1.000000
1846	4	3	1.000000
1847	4	3	1.000000
1848	4	3	1.000000
1849	4	3	1.000000
1850	4	3	1.000000
1851	4	3	1.000000
1852	4	3	1.000000
1853	4	3	1.000000
1854	4	3	1.000000
1855	3	3	1.000000
1856	3	3	1.000000
1857	3	3	1.000000
1858	3	3	1.000000
1859	3	3	1.000000
1860	3	3	1.000000
1861	3	3	1.000000
1862	3	3	1.000000
1863	3	3	1.000000
1864	3	3	1.000000
1865	3	3	1.000000
1866	3	3	1.000000
1867	3	3	1.000000
1868	3	1	0.125000
1869	2	2	0.125000
1870	2	5	0.125000
1871	2	5	0.125000
1872	2	5	0.125000
1873	2	5	0.125000
1874	2	5	0.125000
1875	2	5	0.125000
1876	2	5	0.125000
1877	2	5	0.125000
1878	2	1	0.125000
1879	2	5	0.125000
1880	1	3	0.125000
1881	1	3	0.125000
1882	2	4	0.125000
1883	2	3	0.125000
1884	2	5	0.125000
1885	2	5	0.125000
1886	2	5	0.125000
1887	2	5	0.125000
1888	2	5	0.125000
1889	2	5	0.125000
1890	2	5	0.125000
1891	2	5	0.125000
1892	2	5	0.125000
1893	2	5	0.125000
1894	2	5	0.125000
1895	1	3	0.125000
1896	1	3	0.125000
1897	1	3	0.125000
1898	1	3	0.125000
1899	1	0	0.125000
1900	1	3	0.125000
1901	2	5	0.125000
1902	2	5	0.125000
1903	2	5	0.125000
1904	2	5	0.125000
1905	2	3	0.125000
1906	2	5	0.125000
1907	2	5	0.125000
1908	2	5	0.125000
1909	2	5	0.125000
1910	2	5	0.125000
1911	2	2	0.125000
1912	2	5	0.125000
1913	2	5	0.125000
1914	2	5	0.125000
1915	2	5	0.125000
1916	2	5	0.125000
1917	2	0	0.125000
1918	2	5	0.125000
1919	2	5	0.125000
1920	2	5	0.125000
1921	2	5	0.125000
1922	2	5	0.125000
1923	2	5	0.125000
1924	2	5	0.125000
1925	2	5	0.125000
1926	2	5	0.125000
1927	1	3	0.125000
1928	1	3	0.125000
1929	1	3	0.125000
1930	1	2	0.125000
1931	1	0	0.125000
1932	1	3	0.125000
1933	1	3	0.125000
1934	1	3	0.125000
1935	1	3	0.125000
1936	1	3	0.125000
1937	1	3	0.125000
1938	1	3	0.125000
1939	1	3	0.125000
1940	1	3	0.125000
1941	2	5	0.125000
1942	2	5	0.125000
1943	2	5	0.125000
1944	2	5	0.125000
1945	2	5	1.000000
1946	3	3	1.000000
1947	3	3	1.000000
1948	3	3	1.000000
1949	3	3	1.000000
1950	3	0	1.000000
1951	3	0	0.125000
1952	2	5	0.125000
1953	2	5	0.125000
1954	2	5	0.125000
1955	2	2	0.125000
1956	2	5	0.125000
1957	2	5	0.125000
1958	2	5	0.125000
1959	2	5	0.125000
1960	2	5	0.125000
1961	2	5	0.125000
1962	2	5	0.125000
1963	2	3	0.125000
1964	2	1	0.125000
1965	2	5	0.125000
1966	1	1	0.125000
1967	1	3	0.125000
1968	1	3	0.125000
1969	1	3	0.125000
1970	1	3	0.125000
1971	1	3	0.125000
1972	1	3	0.125000
1973	1	3	0.125000
1974	1	3	0.125000
1975	1	3	0.125000
1976	1	3	0.125000
1977	1	3	0.125000
1978	1	3	0.125000
1979	1	3	0.125000
1980	1	3	0.125000
1981	1	3	0.125000
1982	2	5	0.125000
1983	2	5	0.125000
1984	2	5	0.125000
1985	2	5	0.125000
1986	2	5	0.125000
1987	2	5	1.000000
1988	3	3	1.000000
1989	3	3	1.000000
1990	3	3	0.125000
1991	2	5	0.125000
1992	2	5	0.125000
1993	2	5	0.125000
1994	2	5	0.125000
1995	2	5	0.125000
1996	2	5	0.125000
1997	2	5	0.125000
1998	2	5	0.125000
1999	1	3	0.125000
2000	1	3	0.125000
2001	1	3	0.125000
2002	1	0	0.125000
2003	1	3	0.125000
2004	1	3	0.125000
2005	1	3	0.125000
2006	1	3	0.125000
2007	1	3	0.125000
2008	1	3	0.125000
2009	1	1	0.125000
2010	1	3	0.125000
2011	1	3	0.125000
2012	1	3	0.125000
2013	1	3	0.125000
2014	1	3	0.125000
2015	1	3	0.125000
2016	1	3	0.125000
2017	1	3	0.125000
2018	1	3	0.125000
2019	2	5	0.125000
2020	2	5	0.125000
2021	2	0	0.125000
2022	2	5	0.125000
2023	2	5	1.000000
2024	3	3	1.000000
2025	3	3	1.000000
2026	3	3	1.000000
2027	3	1	1.000000
2028	3	3	1.000000
2029	3	3	1.000000
2030	3	3	1.000000
2031	3	3	1.000000
2032	3	3	1.000000
2033	3	3	1.000000
2034	3	3	1.000000
2035	3	3	1.000000
2036	3	3	1.000000
2037	3	3	1.000000
2038	3	3	1.000000
2039	3	1	1.000000
2040	3	3	1.000000
2041	3	3	1.000000
2042	3	3	1.000000
2043	3	3	1.000000
2044	3	3	1.000000
2045	3	3	1.000000
2046	3	3	1.000000
2047	3	3	1.000000
2048	3	3	1.000000
2049	3	1	1.000000
2050	3	3	1.000000
2051	3	1	1.000000
2052	3	3	0.125000
2053	2	5	0.125000
2054	2	5	0.125000
2055	2	5	0.125000
2056	2	5	0.125000
2057	2	5	0.125000
2058	2	5	0.125000
2059	2	5	0.125000
2060	2	5	0.125000
2061	2	3	0.125000
2062	2	5	0.125000
2063	2	5	0.125000
2064	2	5	0.125000
2065	2	5	0.125000
2066	1	3	0.125000
2067	1	3	0.125000
2068	1	3	0.125000
2069	1	3	0.125000
2070	1	3	0.125000
2071	1	3	0.125000
2072	1	3	0.125000
2073	1	3	0.125000
2074	1	3	0.125000
2075	1	3	0.125000
2076	1	3	0.125000
2077	1	3	0.125000
2078	2	5	0.125000
2079	1	3	0.125000
2080	1	3	0.125000
2081	1	3	0.125000
2082	1	3	0.125000
2083	1	3	0.125000
2084	2	5	0.125000
2085	2	5	0.125000
2086	2	5	0.125000
2087	2	0	0.125000
2088	2	5	0.125000
2089	2	5	0.125000
2090	2	5	0.125000
2091	2	5	0.125000
2092	2	5	0.125000
2093	2	5	0.125000
2094	2	5	0.125000
2095	2	5	0.125000
2096	2	5	0.125000
2097	2	5	0.125000
2098	2	5	0.125000
2099	2	5	0.125000
2100	2	3	0.125000
2101	2	5	0.125000
2102	2	5	0.125000
2103	2	5	0.125000
2104	2	5	0.125000
2105	2	5	0.125000
2106	2	5	0.125000
2107	1	3	0.125000
2108	1	3	0.125000
2109	1	3	0.125000
2110	1	1	0.125000
2111	1	3	0.125000
2112	1	2	0.125000
2113	1	3	0.125000
2114	1	3	0.125000
2115	1	3	0.125000
2116	1	3	0.125000
2117	1	3	0.125000
2118	1	3	0.125000
2119	1	3	0.125000
2120	1	3	0.125000
2121	1	3	0.125000
2122	1	3	0.125000
2123	1	3	0.125000
2124	1	3	0.125000
2125	1	3	0.125000
2126	1	3	0.125000
2127	1	3	0.125000
2128	2	5	0.125000
2129	2	5	0.125000
2130	2	5	0.125000
2131	2	5	0.125000
2132	2	5	0.125000
2133	2	5	0.125000
2134	2	0	0.125000
2135	2	5	0.125000
2136	2	1	0.125000
2137	2	5	0.125000
2138	2	5	0.125000
2139	2	5	0.125000
2140	2	5	0.125000
2141	2	5	0.125000
2142	2	5	0.125000
2143	2	5	0.125000
2144	2	5	0.125000
2145	1	3	0.125000
2146	1	1	0.125000
2147	1	3	0.125000
2148	1	3	0.125000
2149	1	3	0.125000
2150	1	3	0.125000
2151	1	1	0.125000
2152	1	3	0.125000
2153	1	3	0.125000
2154	1	3	0.125000
2155	1	3	0.125000
2156	1	3	0.125000
2157	1	0	0.125000
2158	1	3	0.125000
2159	1	3	0.125000
2160	1	1	0.125000
2161	1	3	0.125000
2162	2	5	0.125000
2163	1	3	0.125000
2164	2	5	0.125000
2165	2	5	0.125000
2166	2	5	0.125000
2167	2	5	0.125000
2168	2	5	0.125000
2169	2	5	0.125000
2170	2	5	0.125000
2171	2	5	0.125000
2172	2	5	0.125000
2173	2	5	0.125000
2174	2	4	0.125000
2175	2	1	0.125000
2176	2	5	0.125000
2177	1	0	0.125000
2178	1	3	0.125000
2179	1	3	0.125000
2180	1	3	0.125000
2181	1	3	0.125000
2182	1	3	0.125000
2183	1	3	0.125000
2184	1	3	0.125000
2185	2	5	0.125000
2186	2	5	0.125000
2187	2	5	0.125000
2188	2	5	0.125000
2189	1	3	0.125000
2190	1	3	0.125000
2191	1	3	0.125000
2192	1	3	0.125000
2193	1	3	0.125000
2194	1	3	0.125000
2195	1	3	0.125000
2196	1	3	0.125000
2197	1	3	0.125000
2198	1	3	0.125000
2199	1	1	0.125000
2200	1	3	0.125000
2201	1	3	0.125000
2202	1	3	0.125000
2203	2	5	0.125000
2204	2	5	0.125000
2205	2	5	0.125000
2206	2	5	0.125000
2207	2	1	0.125000
2208	2	5	0.125000
2209	2	5	0.125000
2210	2	5	0.125000
2211	2	5	0.125000
2212	2	5	0.125000
2213	2	5	0.125000
2214	2	3	0.125000
2215	2	5	0.125000
2216	1	3	0.125000
2217	1	3	0.125000
2218	1	3	0.125000
2219	1	3	0.125000
2220	1	3	0.125000
2221	1	3	0.125000
2222	1	3	0.125000
2223	1	3	0.125000
2224	1	3	0.125000
2225	1	3	0.125000
2226	1	2	0.125000
2227	1	3	0.125000
2228	1	0	0.125000
2229	1	3	0.125000
2230	1	3	0.125000
2231	1	3	0.125000
2232	1	3	0.125000
2233	1	3	0.125000
2234	2	5	0.125000
2235	2	5	0.125000
2236	2	5	0.125000
2237	2	5	0.125000
2238	2	5	0.125000
2239	2	5	0.125000
2240	2	5	0.125000
2241	2	5	0.125000
2242	2	5	0.125000
2243	2	1	0.125000
2244	2	5	0.125000
2245	2	5	0.125000
2246	2	5	0.125000
2247	1	3	0.125000
2248	1	3	0.125000
2249	1	3	0.125000
2250	1	3	0.125000
2251	1	3	0.125000
2252	1	3	0.125000
2253	1	3	0.125000
2254	1	3	0.125000
2255	1	3	0.125000
2256	1	3	0.125000
2257	1	3	0.125000
2258	1	3	0.125000
2259	1	3	0.125000
2260	1	3	0.125000
2261	1	3	0.125000
2262	1	3	0.125000
2263	1	3	0.125000
2264	1	3	0.125000
2265	1	3	0.125000
2266	1	3	0.125000
2267	2	5	0.125000
2268	1	3	0.125000
2269	2	1	0.125000
2270	2	5	0.125000
2271	2	5	0.125000
2272	2	5	0.125000
2273	2	4	0.125000
2274	2	5	0.125000
2275	2	5	0.125000
2276	2	5	0.125000
2277	2	5	0.125000
2278	2	4	0.125000
2279	2	0	0.125000
2280	2	5	0.125000
2281	1	3	0.125000
2282	1	2	0.125000
2283	1	3	0.125000
2284	1	3	0.125000
2285	1	3	0.125000
2286	1	3	0.125000
2287	1	3	0.125000
2288	1	3	0.125000
2289	1	3	0.125000
2290	1	3	0.125000
2291	1	3	0.125000
2292	1	3	0.125000
2293	2	5	0.125000
2294	2	5	0.125000
2295	2	5	0.125000
2296	2	5	0.125000
2297	2	5	0.125000
2298	2	5	0.125000
2299	2	0	1.000000
2300	3	3	0.125000
2301	2	5	0.125000
2302	2	5	0.125000
2303	2	5	0.125000
2304	2	5	0.125000
2305	2	5	0.125000
2306	2	5	0.125000
2307	1	3	0.125000
2308	1	3	0.125000
2309	1	3	0.125000
2310	1	3	0.125000
2311	1	3	0.125000
2312	1	3	0.125000
2313	1	1	0.125000
2314	1	3	0.125000
2315	1	3	0.125000
2316	1	3	0.125000
2317	1	3	0.125000
2318	1	3	0.125000
2319	1	3	0.125000
2320	1	3	0.125000
2321	1	1	0.125000
2322	1	3	0.125000
2323	1	3	0.125000
2324	1	3	0.125000
2325	1	3	0.125000
2326	1	3	0.125000
2327	1	3	0.125000
2328	1	3	0.125000
2329	2	5	0.125000
2330	2	5	0.125000
2331	2	5	0.125000
2332	2	5	0.125000
2333	2	5	0.125000
2334	2	5	0.125000
2335	2	5	0.125000
2336	2	5	0.125000
2337	2	5	0.125000
2338	2	5	0.125000
2339	2	5	0.125000
2340	2	1	0.125000
2341	1	3	0.125000
2342	1	3	0.125000
2343	1	3	0.125000
2344	1	3	0.125000
2345	1	3	0.125000
2346	1	2	0.125000
2347	1	3	0.125000
2348	1	3	0.125000
2349	1	3	0.125000
2350	1	3	0.125000
2351	1	3	0.125000
2352	1	3	0.125000
2353	1	3	0.125000
2354	1	3	0.125000
2355	1	3	0.125000
2356	1	3	0.125000
2357	1	3	0.125000
2358	1	3	0.125000
2359	1	3	0.125000
2360	1	3	0.125000
2361	2	5	0.125000
2362	2	5	0.125000
2363	2	5	0.125000
2364	2	5	0.125000
2365	2	5	0.125000
2366	2	5	0.125000
2367	2	2	0.125000
2368	2	5	0.125000
2369	2	5	0.125000
2370	2	5	0.125000
2371	2	5	0.125000
2372	2	5	0.125000
2373	2	5	0.125000
2374	1	3	0.125000
2375	1	3	0.125000
2376	1	3	0.125000
2377	1	3	0.125000
2378	2	5	0.125000
2379	1	3	0.125000
2380	1	3	0.125000
2381	1	3	0.125000
2382	1	3	0.125000
2383	1	3	0.125000
2384	1	3	0.125000
2385	1	3	0.125000
2386	1	3	0.125000
2387	1	3	0.125000
2388	1	3	0.125000
2389	1	3	0.125000
2390	1	3	0.125000
2391	1	3	0.125000
2392	1	3	0.125000
2393	1	3	0.125000
2394	1	3	0.125000
2395	1	3	0.125000
2396	2	5	0.125000
2397	2	5	0.125000
2398	2	5	0.125000
2399	2	5	0.125000
2400	2	4	0.125000
2401	2	4	0.125000
2402	2	5	0.125000
2403	2	5	0.125000
2404	2	5	0.125000
2405	2	5	0.125000
2406	2	5	0.125000
2407	2	5	0.125000
2408	2	5	0.125000
2409	1	3	0.125000
2410	1	3	0.125000
2411	1	3	0.125000
2412	1	3	0.125000
2413	1	3	0.125000
2414	1	3	0.125000
2415	1	0	0.125000
2416	1	3	0.125000
2417	1	3	0.125000
2418	1	3	0.125000
2419	1	3	0.125000
2420	1	3	0.125000
2421	1	3	0.125000
2422	1	3	0.125000
2423	1	3	0.125000
2424	1	3	0.125000
2425	2	5	0.125000
2426	2	5	0.125000
2427	2	5	0.125000
2428	2	5	0.125000
2429	2	5	0.125000
2430	2	5	0.125000
2431	2	5	0.125000
2432	2	5	0.125000
2433	2	5	0.125000
2434	2	5	0.125000
2435	2	5	0.125000
2436	2	5	0.125000
2437	1	3	0.125000
2438	1	3	0.125000
2439	1	3	0.125000
2440	1	3	0.125000
2441	1	3	0.125000
2442	1	3	0.125000
2443	1	3	0.125000
2444	1	3	0.125000
2445	1	0	0.125000
2446	1	3	0.125000
2447	1	3	0.125000
2448	1	3	0.125000
2449	1	3	0.125000
2450	1	3	0.125000
2451	1	3	0.125000
2452	1	3	0.125000
2453	1	0	0.125000
2454	1	3	0.125000
2455	1	1	0.125000
2456	1	3	0.125000
2457	1	1	0.125000
2458	2	5	0.125000
2459	2	5	0.125000
2460	2	5	0.125000
2461	2	5	0.125000
2462	2	5	0.125000
2463	2	5	0.125000
2464	2	5	0.125000
2465	2	5	0.125000
2466	2	5	0.125000
2467	2	5	0.125000
2468	2	5	0.125000
2469	2	0	0.125000
2470	1	3	0.125000
2471	1	3	0.125000
2472	1	3	0.125000
2473	1	3	0.125000
2474	1	3	0.125000
2475	1	3	0.125000
2476	1	3	0.125000
2477	1	3	0.125000
2478	1	3	0.125000
2479	1	3	0.125000
2480	1	3	0.125000
2481	1	2	0.125000
2482	1	3	0.125000
2483	1	3	0.125000
2484	1	1	0.125000
2485	2	5	0.125000
2486	2	5	0.125000
2487	2	5	0.125000
2488	2	0	0.125000
2489	2	5	0.125000
2490	2	5	0.125000
2491	2	5	0.125000
2492	2	5	0.125000
2493	2	5	0.125000
2494	2	5	0.125000
2495	2	5	0.125000
2496	2	5	0.125000
2497	2	5	0.125000
2498	1	3	0.125000
2499	1	3	0.125000
2500	1	3	0.125000
2501	2	5	0.125000
2502	1	0	0.125000
2503	1	3	0.125000
2504	1	3	0.125000
2505	1	3	0.125000
2506	1	3	0.125000
2507	2	5	0.125000
2508	2	4	0.125000
2509	2	5	0.125000
2510	2	5	0.125000
2511	2	5	0.125000
2512	1	3	0.125000
2513	2	5	0.125000
2514	2	5	0.125000
2515	2	5	0.125000
2516	2	5	0.125000
2517	2	5	0.125000
2518	2	5	0.125000
2519	2	1	0.125000
2520	2	5	0.125000
2521	2	5	0.125000
2522	2	5	0.125000
2523	2	5	0.125000
2524	2	5	0.125000
2525	2	5	0.125000
2526	2	5	0.125000
2527	2	5	0.125000
2528	2	5	0.125000
2529	2	5	0.125000
2530	2	5	0.125000
2531	2	5	0.125000
2532	2	5	0.125000
2533	1	3	0.125000
2534	1	3	0.125000
2535	1	3	0.125000
2536	1	3	0.125000
2537	1	3	0.125000
2538	1	0	0.125000
2539	1	3	0.125000
2540	1	3	0.125000
2541	1	3	0.125000
2542	1	3	0.125000
2543	1	3	0.125000
2544	1	3	0.125000
2545	1	3	0.125000
2546	1	3	0.125000
2547	1	2	0.125000
2548	1	3	0.125000
2549	1	3	0.125000
2550	2	5	0.125000
2551	2	5	0.125000
2552	2	5	0.125000
2553	2	5	0.125000
2554	2	5	1.000000
2555	3	3	1.000000
2556	3	3	1.000000
2557	3	3	1.000000
2558	3	3	1.000000
2559	3	3	1.000000
2560	3	3	1.000000
2561	3	3	0.125000
2562	2	5	0.125000
2563	2	4	0.125000
2564	2	5	0.125000
2565	2	5	0.125000
2566	2	5	0.125000
2567	2	5	0.125000
2568	2	5	0.125000
2569	2	5	0.125000
2570	2	5	0.125000
2571	2	5	0.125000
2572	2	5	0.125000
2573	2	5	0.125000
2574	2	5	0.125000
2575	2	5	0.125000
2576	2	5	0.125000
2577	2	5	0.125000
2578	2	5	0.125000
2579	1	3	0.125000
2580	1	3	0.125000
2581	1	3	0.125000
2582	1	3	0.125000
2583	1	3	0.125000
2584	1	3	0.125000
2585	1	3	0.125000
2586	1	3	0.125000
2587	1	3	0.125000
2588	1	3	0.125000
2589	1	3	0.125000
2590	1	3	0.125000
2591	1	3	0.125000
2592	1	3	0.125000
2593	1	3	0.125000
2594	1	2	0.125000
2595	1	3	0.125000
2596	2	5	0.125000
2597	1	3	0.125000
2598	2	5	0.125000
2599	2	3	0.125000
2600	2	5	0.125000
2601	2	5	0.125000
2602	2	5	0.125000
2603	2	5	1.000000
2604	3	2	1.000000
2605	3	3	1.000000
2606	3	3	1.000000
2607	3	3	1.000000
2608	3	3	1.000000
2609	3	3	1.000000
2610	3	3	1.000000
2611	3	3	1.000000
2612	3	3	1.000000
2613	3	3	1.000000
2614	3	3	1.000000
2615	3	3	1.000000
2616	3	3	1.000000
2617	3	1	1.000000
2618	3	3	1.000000
2619	3	3	1.000000
2620	3	3	1.000000
2621	4	3	1.000000
2622	4	3	1.000000
2623	4	3	1.000000
2624	4	3	1.000000
2625	3	3	1.000000
2626	3	3	1.000000
2627	3	2	1.000000
2628	3	3	1.000000
2629	3	3	1.000000
2630	3	3	1.000000
2631	3	3	1.000000
2632	3	3	1.000000
2633	3	3	1.000000
2634	4	3	1.000000
2635	4	3	1.000000
2636	4	3	1.000000
2637	3	3	1.000000
2638	4	3	1.000000
2639	3	3	1.000000
2640	3	3	1.000000
2641	3	3	1.000000
2642	3	3	1.000000
2643	3	3	1.000000
2644	3	3	1.000000
2645	3	3	1.000000
2646	3	3	1.000000
2647	3	3	1.000000
2648	3	0	1.000000
2649	3	3	1.000000
2650	3	3	1.000000
2651	3	3	1.000000
2652	3	3	1.000000
2653	3	3	1.000000
2654	3	3	1.000000
2655	3	3	1.000000
2656	3	2	1.000000
2657	3	3	1.000000
2658	3	3	1.000000
2659	3	3	1.000000
2660	3	3	1.000000
2661	3	3	1.000000
2662	3	3	1.000000
2663	3	0	1.000000
2664	3	3	1.000000
2665	3	3	1.000000
2666	3	3	1.000000
2667	3	0	1.000000
2668	3	3	1.000000
2669	3	0	1.000000
2670	3	3	1.000000
2671	3	3	1.000000
2672	3	1	1.000000
2673	3	3	1.000000
2674	3	3	1.000000
2675	3	3	1.000000
2676	3	3	1.000000
2677	3	3	1.000000
2678	3	3	0.125000
2679	2	5	0.125000
2680	2	5	0.125000
2681	2	5	0.125000
2682	2	5	0.125000
2683	2	5	0.125000
2684	2	5	0.125000
2685	2	3	0.125000
2686	2	5	0.125000
2687	2	5	0.125000
2688	2	5	0.125000
2689	1	3	0.125000
2690	1	3	0.125000
2691	1	3	0.125000
2692	1	3	0.125000
2693	1	3	0.125000
2694	1	3	0.125000
2695	1	3	0.125000
2696	1	3	0.125000
2697	1	3	0.125000
2698	1	3	0.125000
2699	1	1	0.125000
2700	1	3	0.125000
2701	1	3	0.125000
2702	1	3	0.125000
2703	1	3	0.125000
2704	2	5	0.125000
2705	2	5	0.125000
2706	2	5	0.125000
2707	2	5	0.125000
2708	2	5	0.125000
2709	2	5	0.125000
2710	2	5	0.125000
2711	2	5	0.125000
2712	2	5	0.125000
2713	2	2	0.125000
2714	2	5	0.125000
2715	2	5	0.125000
2716	2	5	0.125000
2717	2	5	0.125000
2718	2	5	0.125000
2719	1	3	0.125000
2720	2	5	0.125000
2721	2	5	1.000000
2722	3	3	0.125000
2723	2	5	0.125000
2724	1	3	0.125000
2725	1	3	0.125000
2726	1	3	0.125000
2727	1	2	0.125000
2728	1	2	0.125000
2729	1	1	0.125000
2730	1	3	0.125000
2731	1	3	0.125000
2732	1	3	0.125000
2733	1	3	0.125000
2734	1	3	0.125000
2735	1	3	0.125000
2736	1	0	0.125000
2737	1	3	0.125000
2738	1	3	0.125000
2739	1	3	0.125000
2740	1	3	0.125000
2741	1	3	0.125000
2742	2	5	0.125000
2743	2	5	0.125000
2744	2	5	0.125000
2745	2	5	0.125000
2746	2	2	0.125000
2747	2	5	0.125000
2748	2	5	0.125000
2749	2	5	0.125000
2750	2	5	0.125000
2751	2	5	0.125000
2752	2	5	0.125000
2753	2	5	0.125000
2754	2	5	0.125000
2755	2	5	0.125000
2756	2	5	0.125000
2757	2	1	0.125000
2758	2	5	0.125000
2759	2	5	0.125000
2760	2	5	0.125000
2761	2	5	0.125000
2762	2	2	1.000000
2763	3	3	1.000000
2764	3	3	1.000000
2765	3	3	1.000000
2766	3	0	1.000000
2767	3	3	1.000000
2768	3	3	0.125000
2769	2	5	0.125000
2770	2	5	0.125000
2771	2	5	0.125000
2772	2	5	0.125000
2773	2	5	0.125000
2774	2	5	0.125000
2775	2	5	0.125000
2776	2	5	0.125000
2777	2	5	0.125000
2778	2	5	0.125000
2779	2	1	0.125000
2780	2	2	0.125000
2781	1	3	0.125000
2782	1	1	0.125000
2783	1	3	0.125000
2784	1	3	0.125000
2785	1	3	0.125000
2786	1	3	0.125000
2787	2	5	0.125000
2788	2	5	0.125000
2789	2	5	0.125000
2790	2	5	0.125000
2791	1	3	0.125000
2792	1	3	0.125000
2793	1	3	0.125000
2794	1	3	0.125000
2795	1	3	0.125000
2796	1	3	0.125000
2797	1	3	0.125000
2798	1	3	0.125000
2799	1	3	0.125000
2800	1	3	0.125000
2801	1	3	0.125000
2802	1	3	0.125000
2803	2	5	0.125000
2804	2	5	0.125000
2805	2	5	1.000000
2806	3	3	1.000000
2807	3	3	1.000000
2808	3	3	1.000000
2809	3	2	1.000000
2810	3	3	1.000000
2811	3	3	1.000000
2812	3	3	1.000000
2813	3	3	1.000000
2814	3	3	1.000000
2815	3	3	1.000000
2816	3	3	1.000000
2817	3	3	1.000000
2818	3	1	1.000000
2819	3	3	1.000000
2820	3	3	1.000000
2821	3	3	1.000000
2822	3	3	0.125000
2823	2	5	0.125000
2824	2	5	0.125000
2825	2	1	0.125000
2826	2	5	0.125000
2827	2	5	0.125000
2828	2	5	0.125000
2829	2	5	0.125000
2830	1	3	0.125000
2831	1	3	0.125000
2832	1	3	0.125000
2833	1	3	0.125000
2834	1	3	0.125000
2835	1	3	0.125000
2836	1	3	0.125000
2837	1	3	0.125000
2838	1	3	0.125000
2839	1	3	0.125000
2840	1	3	0.125000
2841	1	3	0.125000
2842	1	2	0.125000
2843	1	3	0.125000
2844	1	3	0.125000
2845	1	3	0.125000
2846	2	5	0.125000
2847	2	5	0.125000
2848	2	5	0.125000
2849	2	5	0.125000
2850	2	5	0.125000
2851	2	5	0.125000
2852	2	5	0.125000
2853	2	5	0.125000
2854	2	3	0.125000
2855	2	5	0.125000
2856	2	5	0.125000
2857	2	5	0.125000
2858	2	5	0.125000
2859	2	5	0.125000
2860	2	5	0.125000
2861	2	5	0.125000
2862	2	5	0.125000
2863	1	3	0.125000
2864	1	3	0.125000
2865	1	3	0.125000
2866	1	3	0.125000
2867	1	3	0.125000
2868	1	3	0.125000
2869	1	3	0.125000
2870	1	3	0.125000
2871	1	3	0.125000
2872	1	3	0.125000
2873	1	3	0.125000
2874	1	3	0.125000
2875	1	3	0.125000
2876	1	3	0.125000
2877	1	3	0.125000
2878	1	2	0.125000
2879	1	3	0.125000
2880	2	5	0.125000
2881	2	5	0.125000
2882	2	5	0.125000
2883	2	5	0.125000
2884	2	5	0.125000
2885	2	5	0.125000
2886	2	5	0.125000
2887	2	5	0.125000
2888	2	5	0.125000
2889	2	5	0.125000
2890	2	1	0.125000
2891	2	5	0.125000
2892	2	5	0.125000
2893	1	3	0.125000
2894	1	3	0.125000
2895	1	3	0.125000
2896	1	3	0.125000
2897	1	3	0.125000
2898	1	3	0.125000
2899	2	5	0.125000
2900	2	5	0.125000
2901	2	5	0.125000
2902	2	5	0.125000
2903	2	5	0.125000
2904	1	3	0.125000
2905	1	3	0.125000
2906	1	1	0.125000
2907	1	3	0.125000
2908	1	3	0.125000
2909	1	3	0.125000
2910	1	3	0.125000
2911	1	3	0.125000
2912	1	3	0.125000
2913	1	3	0.125000
2914	1	3	0.125000
2915	1	3	0.125000
2916	1	3	0.125000
2917	1	3	0.125000
2918	1	3	0.125000
2919	1	3	0.125000
2920	1	3	0.125000
2921	2	5	0.125000
2922	2	5	0.125000
2923	2	5	0.125000
2924	2	5	0.125000
2925	2	5	0.125000
2926	2	5	0.125000
2927	2	0	0.125000
2928	2	5	0.125000
2929	2	5	0.125000
2930	2	5	0.125000
2931	2	5	0.125000
2932	2	5	0.125000
2933	2	5	0.125000
2934	2	5	0.125000
2935	2	5	0.125000
2936	2	5	0.125000
2937	2	5	0.125000
2938	1	3	0.125000
2939	1	3	0.125000
2940	2	5	0.125000
2941	2	5	0.125000
2942	2	5	0.125000
2943	1	3	0.125000
2944	1	3	0.125000
2945	1	3	0.125000
2946	0	0	0.000000
