StartTime	2015/11/05 04:04:41
FinishTime	2015/11/05 04:05:21
ElapsedTime	40.000000
/home/daisuke/git/ReinforcementLearning/log/EV3LineTracer_20151105014519_10Setting_20151105014520.log
0	1.000000
1	0.031250	0.031250	0.031250	0.906250
2	0.020833	0.020833	0.020833	0.020833	0.020833	0.895833
3	0.031250	0.031250	0.031250	0.906250
4	0.031250	0.031250	0.031250	0.906250
5	0.906250	0.031250	0.031250	0.031250
6	0.031250	0.906250	0.031250	0.031250
2972
0	2	5	0.125000
1	2	1	0.125000
2	2	5	0.125000
3	2	5	0.125000
4	2	5	0.125000
5	2	5	0.125000
6	2	5	0.125000
7	2	5	0.125000
8	2	5	0.125000
9	2	5	0.125000
10	2	5	0.125000
11	2	5	0.125000
12	2	5	0.125000
13	2	5	0.125000
14	2	5	0.125000
15	1	3	0.125000
16	1	3	0.125000
17	1	3	0.125000
18	1	3	0.125000
19	1	3	0.125000
20	1	3	0.125000
21	1	3	0.125000
22	1	3	0.125000
23	1	0	0.125000
24	1	3	0.125000
25	1	3	0.125000
26	1	3	0.125000
27	1	3	0.125000
28	1	3	0.125000
29	1	3	0.125000
30	1	3	0.125000
31	1	3	0.125000
32	1	3	0.125000
33	1	3	0.125000
34	1	3	0.125000
35	1	3	0.125000
36	1	3	0.125000
37	1	3	0.125000
38	1	3	0.125000
39	2	5	0.125000
40	2	5	0.125000
41	2	5	0.125000
42	2	5	0.125000
43	2	5	0.125000
44	2	5	0.125000
45	2	5	0.125000
46	2	5	0.125000
47	2	0	0.125000
48	2	5	0.125000
49	2	5	0.125000
50	2	5	0.125000
51	2	5	0.125000
52	2	5	0.125000
53	1	3	0.125000
54	1	3	0.125000
55	1	3	0.125000
56	1	3	0.125000
57	1	3	0.125000
58	1	0	0.125000
59	1	3	0.125000
60	1	3	0.125000
61	1	3	0.125000
62	1	3	0.125000
63	1	3	0.125000
64	1	3	0.125000
65	1	3	0.125000
66	1	3	0.125000
67	1	3	0.125000
68	2	5	0.125000
69	2	5	0.125000
70	2	5	0.125000
71	2	5	0.125000
72	2	5	0.125000
73	2	5	0.125000
74	2	5	0.125000
75	2	5	0.125000
76	2	5	0.125000
77	2	5	0.125000
78	2	5	0.125000
79	2	5	0.125000
80	2	5	0.125000
81	1	3	0.125000
82	1	3	0.125000
83	1	1	0.125000
84	1	3	0.125000
85	1	3	0.125000
86	2	5	0.125000
87	2	5	0.125000
88	1	3	0.125000
89	1	3	0.125000
90	1	3	0.125000
91	1	2	0.125000
92	1	3	0.125000
93	1	3	0.125000
94	1	3	0.125000
95	1	3	0.125000
96	1	3	0.125000
97	1	3	0.125000
98	1	3	0.125000
99	1	3	0.125000
100	1	3	0.125000
101	1	3	0.125000
102	1	2	0.125000
103	1	3	0.125000
104	1	3	0.125000
105	1	3	0.125000
106	2	5	0.125000
107	2	5	0.125000
108	2	5	0.125000
109	2	5	0.125000
110	2	5	0.125000
111	2	5	0.125000
112	2	5	0.125000
113	2	5	0.125000
114	2	5	0.125000
115	2	5	0.125000
116	2	2	0.125000
117	2	5	0.125000
118	1	3	0.125000
119	1	3	0.125000
120	1	3	0.125000
121	1	3	0.125000
122	1	3	0.125000
123	1	3	0.125000
124	1	1	0.125000
125	1	3	0.125000
126	1	3	0.125000
127	1	3	0.125000
128	1	3	0.125000
129	1	3	0.125000
130	1	2	0.125000
131	1	3	0.125000
132	1	3	0.125000
133	1	3	0.125000
134	1	3	0.125000
135	1	3	0.125000
136	1	0	0.125000
137	1	2	0.125000
138	1	3	0.125000
139	1	3	0.125000
140	1	3	0.125000
141	2	5	0.125000
142	2	5	0.125000
143	2	5	0.125000
144	2	5	0.125000
145	2	5	0.125000
146	2	5	1.000000
147	3	3	1.000000
148	3	3	1.000000
149	3	3	1.000000
150	3	3	1.000000
151	3	2	0.125000
152	2	5	0.125000
153	2	5	0.125000
154	1	3	0.125000
155	1	3	0.125000
156	1	3	0.125000
157	1	3	0.125000
158	1	3	0.125000
159	1	3	0.125000
160	2	5	0.125000
161	1	3	0.125000
162	1	1	0.125000
163	1	3	0.125000
164	1	3	0.125000
165	1	2	0.125000
166	1	3	0.125000
167	1	3	0.125000
168	1	3	0.125000
169	1	3	0.125000
170	1	3	0.125000
171	1	3	0.125000
172	2	5	0.125000
173	2	5	0.125000
174	2	4	0.125000
175	2	5	0.125000
176	2	5	1.000000
177	3	3	1.000000
178	3	3	1.000000
179	3	3	1.000000
180	3	3	1.000000
181	3	3	0.125000
182	2	5	0.125000
183	2	5	0.125000
184	2	5	0.125000
185	1	3	0.125000
186	2	5	0.125000
187	2	5	0.125000
188	1	3	0.125000
189	1	3	0.125000
190	1	3	0.125000
191	1	3	0.125000
192	1	3	0.125000
193	1	3	0.125000
194	1	3	0.125000
195	1	3	0.125000
196	1	3	0.125000
197	1	3	0.125000
198	1	1	0.125000
199	1	3	0.125000
200	1	3	0.125000
201	1	0	0.125000
202	2	5	1.000000
203	3	3	0.125000
204	2	2	0.125000
205	1	3	0.125000
206	1	3	0.125000
207	1	0	0.125000
208	1	2	0.125000
209	1	3	0.125000
210	2	5	0.125000
211	2	0	0.125000
212	2	5	0.125000
213	2	5	0.125000
214	2	5	0.125000
215	2	3	0.125000
216	2	5	0.125000
217	2	5	0.125000
218	2	5	0.125000
219	2	2	0.125000
220	2	5	0.125000
221	2	5	0.125000
222	1	3	0.125000
223	2	5	0.125000
224	1	3	0.125000
225	1	3	0.125000
226	1	3	0.125000
227	1	3	0.125000
228	1	3	0.125000
229	1	3	0.125000
230	1	3	0.125000
231	1	3	0.125000
232	1	3	0.125000
233	1	0	0.125000
234	1	3	0.125000
235	1	3	0.125000
236	1	3	0.125000
237	1	3	0.125000
238	1	3	0.125000
239	1	3	0.125000
240	1	3	0.125000
241	1	3	0.125000
242	1	3	0.125000
243	1	3	0.125000
244	1	1	0.125000
245	2	5	0.125000
246	2	5	0.125000
247	2	5	0.125000
248	2	5	0.125000
249	2	4	0.125000
250	2	5	1.000000
251	3	3	1.000000
252	3	3	1.000000
253	3	3	1.000000
254	3	1	1.000000
255	3	3	1.000000
256	3	3	0.125000
257	2	5	0.125000
258	2	5	0.125000
259	2	5	0.125000
260	2	4	0.125000
261	2	5	0.125000
262	1	3	0.125000
263	1	3	0.125000
264	1	0	0.125000
265	1	3	0.125000
266	1	3	0.125000
267	2	5	0.125000
268	2	5	0.125000
269	2	5	0.125000
270	2	5	0.125000
271	2	5	0.125000
272	2	5	0.125000
273	2	4	0.125000
274	2	5	0.125000
275	2	5	0.125000
276	2	5	0.125000
277	1	3	0.125000
278	1	3	0.125000
279	1	3	0.125000
280	1	3	0.125000
281	1	3	0.125000
282	1	3	0.125000
283	2	5	0.125000
284	2	3	0.125000
285	1	3	0.125000
286	1	3	0.125000
287	1	2	0.125000
288	1	3	0.125000
289	1	3	0.125000
290	1	3	0.125000
291	1	3	0.125000
292	2	5	0.125000
293	2	5	0.125000
294	2	5	0.125000
295	2	5	1.000000
296	3	3	1.000000
297	3	3	1.000000
298	3	3	1.000000
299	4	3	1.000000
300	4	3	1.000000
301	4	3	1.000000
302	3	3	1.000000
303	3	3	1.000000
304	3	3	1.000000
305	3	3	1.000000
306	3	3	1.000000
307	3	0	0.125000
308	2	5	0.125000
309	2	5	0.125000
310	2	5	0.125000
311	2	5	0.125000
312	2	5	0.125000
313	1	1	0.125000
314	1	3	0.125000
315	1	3	0.125000
316	1	3	0.125000
317	1	3	0.125000
318	1	3	0.125000
319	1	0	0.125000
320	1	3	0.125000
321	1	3	0.125000
322	1	3	0.125000
323	1	3	0.125000
324	1	3	0.125000
325	1	3	0.125000
326	1	3	0.125000
327	1	1	0.125000
328	1	2	0.125000
329	1	3	0.125000
330	2	5	0.125000
331	2	5	0.125000
332	2	5	0.125000
333	2	4	0.125000
334	2	5	0.125000
335	2	5	0.125000
336	2	5	1.000000
337	3	0	0.125000
338	2	5	0.125000
339	2	0	0.125000
340	2	5	0.125000
341	1	3	0.125000
342	1	3	0.125000
343	1	3	0.125000
344	1	3	0.125000
345	1	1	0.125000
346	2	5	0.125000
347	1	3	0.125000
348	2	5	0.125000
349	1	3	0.125000
350	2	5	0.125000
351	2	5	0.125000
352	2	5	0.125000
353	2	5	0.125000
354	2	1	0.125000
355	1	0	0.125000
356	1	0	0.125000
357	2	5	0.125000
358	2	5	0.125000
359	2	5	0.125000
360	2	5	0.125000
361	1	3	0.125000
362	1	3	0.125000
363	1	3	0.125000
364	1	3	0.125000
365	1	3	0.125000
366	1	3	0.125000
367	1	3	0.125000
368	1	3	0.125000
369	1	1	0.125000
370	1	3	0.125000
371	1	3	0.125000
372	2	5	0.125000
373	2	5	0.125000
374	2	5	0.125000
375	2	5	0.125000
376	2	5	0.125000
377	2	5	0.125000
378	2	3	0.125000
379	2	5	0.125000
380	2	5	0.125000
381	2	5	0.125000
382	2	5	0.125000
383	2	5	0.125000
384	2	5	0.125000
385	1	3	0.125000
386	1	3	0.125000
387	1	3	0.125000
388	1	3	0.125000
389	1	3	0.125000
390	2	5	0.125000
391	2	5	0.125000
392	2	5	0.125000
393	2	5	0.125000
394	2	5	0.125000
395	2	5	0.125000
396	2	5	0.125000
397	2	5	0.125000
398	2	5	0.125000
399	2	5	0.125000
400	2	5	0.125000
401	2	5	0.125000
402	2	5	0.125000
403	2	5	0.125000
404	2	5	0.125000
405	2	5	0.125000
406	2	5	0.125000
407	2	5	0.125000
408	2	5	0.125000
409	2	5	0.125000
410	2	5	0.125000
411	2	5	0.125000
412	2	5	0.125000
413	2	5	0.125000
414	1	3	0.125000
415	1	3	0.125000
416	1	3	0.125000
417	1	3	0.125000
418	1	3	0.125000
419	1	3	0.125000
420	1	3	0.125000
421	1	3	0.125000
422	1	3	0.125000
423	1	3	0.125000
424	1	3	0.125000
425	1	3	0.125000
426	1	3	0.125000
427	1	3	0.125000
428	1	3	0.125000
429	2	5	0.125000
430	2	4	0.125000
431	2	5	0.125000
432	2	1	0.125000
433	2	4	1.000000
434	3	2	1.000000
435	3	0	1.000000
436	3	0	1.000000
437	3	3	1.000000
438	3	3	1.000000
439	3	3	1.000000
440	3	3	1.000000
441	3	3	1.000000
442	3	3	1.000000
443	3	3	1.000000
444	3	3	1.000000
445	3	3	1.000000
446	3	3	0.125000
447	2	5	0.125000
448	2	5	0.125000
449	2	5	0.125000
450	2	5	0.125000
451	2	5	0.125000
452	2	5	0.125000
453	2	5	0.125000
454	2	5	0.125000
455	2	5	0.125000
456	2	5	0.125000
457	2	5	0.125000
458	2	5	0.125000
459	2	5	0.125000
460	2	5	0.125000
461	2	5	0.125000
462	2	5	0.125000
463	2	5	0.125000
464	2	5	0.125000
465	2	2	0.125000
466	1	3	0.125000
467	1	3	0.125000
468	1	3	0.125000
469	1	2	0.125000
470	1	3	0.125000
471	1	3	0.125000
472	1	2	0.125000
473	1	3	0.125000
474	1	3	0.125000
475	1	3	0.125000
476	1	3	0.125000
477	1	3	0.125000
478	2	5	0.125000
479	2	5	0.125000
480	2	5	0.125000
481	2	5	0.125000
482	2	5	1.000000
483	3	3	1.000000
484	3	3	1.000000
485	3	3	1.000000
486	3	2	1.000000
487	3	3	1.000000
488	3	3	1.000000
489	3	0	1.000000
490	3	3	1.000000
491	3	1	1.000000
492	3	3	1.000000
493	3	3	1.000000
494	3	0	1.000000
495	3	3	1.000000
496	3	3	1.000000
497	3	3	1.000000
498	3	3	1.000000
499	3	3	1.000000
500	3	3	1.000000
501	3	3	1.000000
502	3	3	1.000000
503	3	3	0.125000
504	2	5	0.125000
505	2	5	0.125000
506	2	5	0.125000
507	2	5	0.125000
508	2	5	0.125000
509	2	5	0.125000
510	2	5	0.125000
511	1	3	0.125000
512	1	3	0.125000
513	1	3	0.125000
514	1	3	0.125000
515	1	3	0.125000
516	1	3	0.125000
517	1	3	0.125000
518	1	3	0.125000
519	1	3	0.125000
520	1	3	0.125000
521	1	3	0.125000
522	1	3	0.125000
523	1	3	0.125000
524	1	3	0.125000
525	1	3	0.125000
526	2	5	0.125000
527	2	5	0.125000
528	2	5	0.125000
529	2	5	0.125000
530	2	5	0.125000
531	2	5	1.000000
532	3	3	1.000000
533	3	2	1.000000
534	3	3	1.000000
535	3	3	0.125000
536	2	5	0.125000
537	2	5	0.125000
538	2	5	0.125000
539	2	5	0.125000
540	2	5	0.125000
541	2	5	0.125000
542	2	5	0.125000
543	2	5	0.125000
544	2	1	0.125000
545	2	5	0.125000
546	2	5	0.125000
547	2	4	0.125000
548	2	5	0.125000
549	2	5	0.125000
550	1	3	0.125000
551	1	3	0.125000
552	1	3	0.125000
553	1	3	0.125000
554	1	3	0.125000
555	1	3	0.125000
556	1	3	0.125000
557	1	3	0.125000
558	1	3	0.125000
559	1	3	0.125000
560	2	5	0.125000
561	1	3	0.125000
562	1	3	0.125000
563	1	3	0.125000
564	1	3	0.125000
565	1	3	0.125000
566	1	3	0.125000
567	1	3	0.125000
568	1	3	0.125000
569	1	3	0.125000
570	2	5	0.125000
571	2	5	0.125000
572	2	5	0.125000
573	2	4	0.125000
574	2	5	0.125000
575	2	5	0.125000
576	2	5	0.125000
577	2	5	0.125000
578	2	5	0.125000
579	2	5	0.125000
580	2	5	0.125000
581	2	5	0.125000
582	2	5	0.125000
583	2	4	0.125000
584	2	5	0.125000
585	2	5	0.125000
586	1	3	0.125000
587	2	5	0.125000
588	2	5	0.125000
589	2	5	0.125000
590	2	5	0.125000
591	2	4	0.125000
592	2	5	0.125000
593	2	5	0.125000
594	2	5	0.125000
595	2	5	0.125000
596	2	5	0.125000
597	2	1	0.125000
598	2	5	0.125000
599	2	2	0.125000
600	2	5	0.125000
601	2	5	0.125000
602	2	3	0.125000
603	2	4	0.125000
604	2	5	0.125000
605	2	5	0.125000
606	2	5	0.125000
607	2	5	0.125000
608	2	5	0.125000
609	2	5	0.125000
610	2	5	0.125000
611	2	5	0.125000
612	2	5	0.125000
613	2	5	0.125000
614	2	5	0.125000
615	2	5	0.125000
616	2	1	0.125000
617	2	5	0.125000
618	2	5	0.125000
619	2	1	0.125000
620	2	5	0.125000
621	1	3	0.125000
622	1	2	0.125000
623	2	5	0.125000
624	2	5	0.125000
625	1	3	0.125000
626	1	3	0.125000
627	1	3	0.125000
628	1	3	0.125000
629	1	3	0.125000
630	1	3	0.125000
631	1	3	0.125000
632	1	3	0.125000
633	1	3	0.125000
634	1	3	0.125000
635	1	3	0.125000
636	2	5	0.125000
637	2	5	0.125000
638	2	5	0.125000
639	2	5	0.125000
640	2	4	0.125000
641	2	5	0.125000
642	2	5	1.000000
643	3	3	1.000000
644	3	3	1.000000
645	3	3	1.000000
646	3	3	0.125000
647	2	3	0.125000
648	2	5	0.125000
649	2	2	0.125000
650	2	5	0.125000
651	2	2	0.125000
652	2	5	0.125000
653	2	5	0.125000
654	2	5	0.125000
655	2	5	0.125000
656	2	5	0.125000
657	2	5	0.125000
658	2	5	0.125000
659	2	2	0.125000
660	2	5	0.125000
661	2	5	0.125000
662	2	5	0.125000
663	2	5	0.125000
664	1	3	0.125000
665	1	3	0.125000
666	1	1	0.125000
667	1	3	0.125000
668	1	3	0.125000
669	1	3	0.125000
670	1	3	0.125000
671	1	3	0.125000
672	1	3	0.125000
673	1	3	0.125000
674	1	3	0.125000
675	1	3	0.125000
676	1	3	0.125000
677	1	3	0.125000
678	1	3	0.125000
679	1	3	0.125000
680	1	3	0.125000
681	1	3	0.125000
682	2	5	0.125000
683	2	5	0.125000
684	2	5	0.125000
685	2	5	0.125000
686	2	5	0.125000
687	2	5	1.000000
688	3	3	1.000000
689	3	3	1.000000
690	3	3	1.000000
691	3	3	1.000000
692	3	3	1.000000
693	3	3	1.000000
694	3	3	0.125000
695	2	5	0.125000
696	2	5	0.125000
697	2	5	0.125000
698	2	5	0.125000
699	2	5	0.125000
700	2	5	0.125000
701	2	5	0.125000
702	2	5	0.125000
703	2	5	0.125000
704	2	5	0.125000
705	2	5	0.125000
706	2	5	0.125000
707	1	3	0.125000
708	1	3	0.125000
709	1	3	0.125000
710	1	3	0.125000
711	1	3	0.125000
712	1	0	0.125000
713	1	3	0.125000
714	1	3	0.125000
715	1	3	0.125000
716	1	3	0.125000
717	1	1	0.125000
718	1	3	0.125000
719	1	3	0.125000
720	1	3	0.125000
721	1	3	0.125000
722	1	2	0.125000
723	1	3	0.125000
724	1	3	0.125000
725	2	5	0.125000
726	1	3	0.125000
727	1	3	0.125000
728	2	2	0.125000
729	1	3	0.125000
730	1	3	0.125000
731	1	3	0.125000
732	2	5	0.125000
733	2	5	0.125000
734	2	5	0.125000
735	2	5	0.125000
736	2	5	0.125000
737	2	5	0.125000
738	2	5	0.125000
739	2	5	0.125000
740	2	5	0.125000
741	2	5	0.125000
742	2	5	0.125000
743	1	3	0.125000
744	1	3	0.125000
745	1	3	0.125000
746	1	3	0.125000
747	1	3	0.125000
748	1	3	0.125000
749	1	2	0.125000
750	1	3	0.125000
751	2	5	0.125000
752	1	3	0.125000
753	1	3	0.125000
754	1	3	0.125000
755	1	3	0.125000
756	1	3	0.125000
757	1	3	0.125000
758	1	3	0.125000
759	1	3	0.125000
760	2	5	0.125000
761	2	5	0.125000
762	2	5	0.125000
763	2	5	0.125000
764	2	5	0.125000
765	2	0	0.125000
766	2	3	0.125000
767	2	5	0.125000
768	2	5	0.125000
769	2	5	0.125000
770	2	5	0.125000
771	2	5	0.125000
772	2	5	0.125000
773	2	5	0.125000
774	2	5	0.125000
775	2	0	0.125000
776	2	5	0.125000
777	2	5	0.125000
778	1	3	0.125000
779	1	3	0.125000
780	1	3	0.125000
781	1	3	0.125000
782	2	1	0.125000
783	1	3	0.125000
784	1	3	0.125000
785	1	3	0.125000
786	1	3	0.125000
787	1	3	0.125000
788	1	1	0.125000
789	1	3	0.125000
790	1	3	0.125000
791	1	3	0.125000
792	1	3	0.125000
793	1	3	0.125000
794	1	1	0.125000
795	1	3	0.125000
796	1	3	0.125000
797	1	3	0.125000
798	1	3	0.125000
799	1	3	0.125000
800	1	0	0.125000
801	1	3	0.125000
802	2	5	0.125000
803	2	5	0.125000
804	2	5	0.125000
805	2	5	1.000000
806	3	3	1.000000
807	3	3	1.000000
808	3	3	1.000000
809	3	3	1.000000
810	4	1	1.000000
811	4	3	1.000000
812	4	3	1.000000
813	4	2	1.000000
814	4	3	1.000000
815	4	3	1.000000
816	4	3	1.000000
817	4	2	1.000000
818	4	0	1.000000
819	4	3	1.000000
820	4	3	1.000000
821	4	3	1.000000
822	4	3	1.000000
823	4	3	1.000000
824	4	3	1.000000
825	4	3	1.000000
826	4	3	1.000000
827	4	3	1.000000
828	4	3	1.000000
829	3	3	1.000000
830	3	3	1.000000
831	3	3	1.000000
832	3	3	1.000000
833	4	3	1.000000
834	3	3	1.000000
835	4	3	1.000000
836	4	1	1.000000
837	4	3	1.000000
838	4	3	1.000000
839	4	3	1.000000
840	4	3	1.000000
841	3	3	1.000000
842	3	3	1.000000
843	3	3	1.000000
844	3	2	1.000000
845	3	3	1.000000
846	3	3	1.000000
847	3	3	1.000000
848	3	3	1.000000
849	3	3	1.000000
850	3	3	1.000000
851	3	3	1.000000
852	3	3	1.000000
853	3	3	1.000000
854	3	3	1.000000
855	3	3	0.125000
856	2	5	0.125000
857	2	5	0.125000
858	2	5	0.125000
859	2	5	0.125000
860	2	3	0.125000
861	2	5	0.125000
862	2	5	0.125000
863	2	5	0.125000
864	2	4	0.125000
865	1	3	0.125000
866	1	3	0.125000
867	1	3	0.125000
868	1	3	0.125000
869	1	3	0.125000
870	1	3	0.125000
871	1	3	0.125000
872	1	3	0.125000
873	1	3	0.125000
874	1	3	0.125000
875	1	3	0.125000
876	1	3	0.125000
877	1	3	0.125000
878	2	5	0.125000
879	2	5	0.125000
880	2	5	0.125000
881	2	5	0.125000
882	2	3	0.125000
883	2	5	1.000000
884	3	3	1.000000
885	3	3	1.000000
886	3	2	1.000000
887	3	3	1.000000
888	3	1	0.125000
889	2	5	0.125000
890	2	5	0.125000
891	2	5	0.125000
892	2	5	0.125000
893	2	5	0.125000
894	2	5	0.125000
895	2	5	0.125000
896	1	3	0.125000
897	1	3	0.125000
898	1	3	0.125000
899	1	3	0.125000
900	1	3	0.125000
901	1	3	0.125000
902	1	3	0.125000
903	1	3	0.125000
904	1	3	0.125000
905	1	3	0.125000
906	1	3	0.125000
907	1	3	0.125000
908	1	3	0.125000
909	1	3	0.125000
910	1	3	0.125000
911	2	5	0.125000
912	2	4	0.125000
913	2	5	0.125000
914	2	5	0.125000
915	2	5	0.125000
916	2	5	0.125000
917	2	5	0.125000
918	2	3	0.125000
919	2	5	0.125000
920	2	5	0.125000
921	2	5	0.125000
922	2	5	0.125000
923	2	5	0.125000
924	2	5	0.125000
925	2	5	0.125000
926	2	2	0.125000
927	2	2	0.125000
928	2	5	0.125000
929	2	5	0.125000
930	2	5	0.125000
931	2	5	0.125000
932	2	5	1.000000
933	3	3	1.000000
934	3	3	1.000000
935	3	3	1.000000
936	3	3	1.000000
937	3	3	1.000000
938	3	3	1.000000
939	3	3	0.125000
940	2	5	0.125000
941	2	5	0.125000
942	2	5	0.125000
943	2	5	0.125000
944	2	5	0.125000
945	2	5	0.125000
946	2	5	0.125000
947	2	5	0.125000
948	2	5	0.125000
949	2	5	0.125000
950	2	1	0.125000
951	2	5	0.125000
952	2	5	0.125000
953	2	5	0.125000
954	2	4	0.125000
955	1	3	0.125000
956	1	3	0.125000
957	1	3	0.125000
958	1	3	0.125000
959	1	3	0.125000
960	1	3	0.125000
961	1	3	0.125000
962	1	1	0.125000
963	1	3	0.125000
964	1	3	0.125000
965	1	3	0.125000
966	2	5	0.125000
967	2	5	0.125000
968	2	5	0.125000
969	2	1	1.000000
970	3	3	1.000000
971	3	3	1.000000
972	3	3	1.000000
973	3	3	1.000000
974	3	3	1.000000
975	3	3	1.000000
976	3	3	1.000000
977	3	3	1.000000
978	3	3	1.000000
979	3	3	1.000000
980	3	3	1.000000
981	3	3	1.000000
982	3	3	1.000000
983	3	3	0.125000
984	2	5	1.000000
985	3	3	1.000000
986	3	3	0.125000
987	2	5	0.125000
988	2	5	0.125000
989	2	5	0.125000
990	2	5	0.125000
991	2	5	0.125000
992	2	5	0.125000
993	2	5	0.125000
994	2	5	0.125000
995	2	5	0.125000
996	2	5	0.125000
997	2	5	0.125000
998	2	5	0.125000
999	1	3	0.125000
1000	1	3	0.125000
1001	1	3	0.125000
1002	1	3	0.125000
1003	1	3	0.125000
1004	1	3	0.125000
1005	1	3	0.125000
1006	1	3	0.125000
1007	1	3	0.125000
1008	1	3	0.125000
1009	1	3	0.125000
1010	1	0	0.125000
1011	1	3	0.125000
1012	1	3	0.125000
1013	1	3	0.125000
1014	1	3	0.125000
1015	1	3	0.125000
1016	1	3	0.125000
1017	2	5	0.125000
1018	2	5	0.125000
1019	2	5	0.125000
1020	2	5	0.125000
1021	2	5	0.125000
1022	2	4	1.000000
1023	3	3	1.000000
1024	3	0	1.000000
1025	3	3	1.000000
1026	3	2	1.000000
1027	3	0	0.125000
1028	2	5	0.125000
1029	2	5	0.125000
1030	2	5	0.125000
1031	2	5	0.125000
1032	2	5	0.125000
1033	2	5	0.125000
1034	2	5	0.125000
1035	2	5	0.125000
1036	2	5	0.125000
1037	2	5	0.125000
1038	2	5	0.125000
1039	2	1	1.000000
1040	3	1	1.000000
1041	3	3	1.000000
1042	3	3	1.000000
1043	3	3	1.000000
1044	3	3	1.000000
1045	3	0	1.000000
1046	3	3	1.000000
1047	3	3	1.000000
1048	3	3	1.000000
1049	3	3	1.000000
1050	3	3	1.000000
1051	3	3	1.000000
1052	3	3	1.000000
1053	3	3	1.000000
1054	3	3	1.000000
1055	3	3	1.000000
1056	3	3	1.000000
1057	3	3	1.000000
1058	3	3	1.000000
1059	3	3	1.000000
1060	3	3	1.000000
1061	3	3	1.000000
1062	3	3	1.000000
1063	3	3	1.000000
1064	3	3	1.000000
1065	3	3	1.000000
1066	3	3	1.000000
1067	3	3	1.000000
1068	3	3	1.000000
1069	3	3	1.000000
1070	3	3	1.000000
1071	3	3	1.000000
1072	3	3	1.000000
1073	3	3	1.000000
1074	3	3	1.000000
1075	3	3	1.000000
1076	3	3	0.125000
1077	2	5	0.125000
1078	2	5	0.125000
1079	2	0	0.125000
1080	2	5	0.125000
1081	2	5	0.125000
1082	2	3	0.125000
1083	2	5	0.125000
1084	2	5	0.125000
1085	2	5	0.125000
1086	2	5	0.125000
1087	1	1	0.125000
1088	1	3	0.125000
1089	1	3	0.125000
1090	1	3	0.125000
1091	1	3	0.125000
1092	1	3	0.125000
1093	1	3	0.125000
1094	1	3	0.125000
1095	1	3	0.125000
1096	1	3	0.125000
1097	1	3	0.125000
1098	1	3	0.125000
1099	1	3	0.125000
1100	2	5	0.125000
1101	2	3	1.000000
1102	3	3	0.125000
1103	2	5	1.000000
1104	3	3	1.000000
1105	3	3	1.000000
1106	3	3	1.000000
1107	3	3	1.000000
1108	3	3	1.000000
1109	4	3	1.000000
1110	4	3	1.000000
1111	4	3	1.000000
1112	3	3	1.000000
1113	3	3	1.000000
1114	3	3	1.000000
1115	3	3	1.000000
1116	3	3	1.000000
1117	3	3	1.000000
1118	3	3	1.000000
1119	3	3	1.000000
1120	3	3	1.000000
1121	3	3	1.000000
1122	3	3	1.000000
1123	3	3	0.125000
1124	2	5	0.125000
1125	2	5	0.125000
1126	2	5	0.125000
1127	2	5	0.125000
1128	1	3	0.125000
1129	1	3	0.125000
1130	1	3	0.125000
1131	1	3	0.125000
1132	1	3	0.125000
1133	1	3	0.125000
1134	1	3	0.125000
1135	1	0	0.125000
1136	1	3	0.125000
1137	1	3	0.125000
1138	1	3	0.125000
1139	1	3	0.125000
1140	1	3	0.125000
1141	1	3	0.125000
1142	1	3	0.125000
1143	1	3	0.125000
1144	1	3	0.125000
1145	1	3	0.125000
1146	1	3	0.125000
1147	1	3	0.125000
1148	1	3	0.125000
1149	1	3	0.125000
1150	1	3	0.125000
1151	1	3	0.125000
1152	1	3	0.125000
1153	1	0	0.125000
1154	1	1	0.125000
1155	1	3	0.125000
1156	1	3	0.125000
1157	1	3	0.125000
1158	1	3	0.125000
1159	1	3	0.125000
1160	1	3	0.125000
1161	1	3	0.125000
1162	1	3	0.125000
1163	1	3	0.125000
1164	1	3	0.125000
1165	1	3	0.125000
1166	1	3	0.125000
1167	1	3	0.125000
1168	1	2	0.125000
1169	1	3	0.125000
1170	1	3	0.125000
1171	1	3	0.125000
1172	1	3	0.125000
1173	1	3	0.125000
1174	1	3	0.125000
1175	1	3	0.125000
1176	1	3	0.125000
1177	1	3	0.125000
1178	1	3	0.125000
1179	1	3	0.125000
1180	1	3	0.125000
1181	1	3	0.125000
1182	1	3	0.125000
1183	1	3	0.125000
1184	1	0	0.125000
1185	1	3	0.125000
1186	1	3	0.125000
1187	1	3	0.125000
1188	1	3	0.125000
1189	1	3	0.125000
1190	1	3	0.125000
1191	1	3	0.125000
1192	1	3	0.125000
1193	1	3	0.125000
1194	1	3	0.125000
1195	1	3	0.125000
1196	1	3	0.125000
1197	1	3	0.125000
1198	1	3	0.125000
1199	1	3	0.125000
1200	1	3	0.125000
1201	1	2	0.125000
1202	1	3	0.125000
1203	1	3	0.125000
1204	1	3	0.125000
1205	1	3	0.125000
1206	1	3	0.125000
1207	1	0	0.125000
1208	1	3	0.125000
1209	1	3	0.125000
1210	1	3	0.125000
1211	1	3	0.125000
1212	1	3	0.125000
1213	1	3	0.125000
1214	1	3	0.125000
1215	1	3	0.125000
1216	1	3	0.125000
1217	1	3	0.125000
1218	1	3	0.125000
1219	1	3	0.125000
1220	1	3	0.125000
1221	1	3	0.125000
1222	1	3	0.125000
1223	1	3	0.125000
1224	1	3	0.125000
1225	1	3	0.125000
1226	1	3	0.125000
1227	1	3	0.125000
1228	1	3	0.125000
1229	1	3	0.125000
1230	1	3	0.125000
1231	1	2	0.125000
1232	1	3	0.125000
1233	1	3	0.125000
1234	1	3	0.125000
1235	1	3	0.125000
1236	1	3	0.125000
1237	1	3	0.125000
1238	1	3	0.125000
1239	1	3	0.125000
1240	1	3	0.125000
1241	1	3	0.125000
1242	1	3	0.125000
1243	1	3	0.125000
1244	1	3	0.125000
1245	1	3	0.125000
1246	1	3	0.125000
1247	1	3	0.125000
1248	1	3	0.125000
1249	1	3	0.125000
1250	1	3	0.125000
1251	1	3	0.125000
1252	1	1	0.125000
1253	1	3	0.125000
1254	1	3	0.125000
1255	1	3	0.125000
1256	1	3	0.125000
1257	1	3	0.125000
1258	1	3	0.125000
1259	1	3	0.125000
1260	1	3	0.125000
1261	1	3	0.125000
1262	1	3	0.125000
1263	1	3	0.125000
1264	1	3	0.125000
1265	1	3	0.125000
1266	1	3	0.125000
1267	1	3	0.125000
1268	1	3	0.125000
1269	1	3	0.125000
1270	1	3	0.125000
1271	1	3	0.125000
1272	1	3	0.125000
1273	1	3	0.125000
1274	1	3	0.125000
1275	1	3	0.125000
1276	1	3	0.125000
1277	1	3	0.125000
1278	1	3	0.125000
1279	1	3	0.125000
1280	1	3	0.125000
1281	1	3	0.125000
1282	1	3	0.125000
1283	1	2	0.125000
1284	1	3	0.125000
1285	1	3	0.125000
1286	1	3	0.125000
1287	1	3	0.125000
1288	1	2	0.125000
1289	1	3	0.125000
1290	1	3	0.125000
1291	1	3	0.125000
1292	1	3	0.125000
1293	1	1	0.125000
1294	1	3	0.125000
1295	1	3	0.125000
1296	1	3	0.125000
1297	1	3	0.125000
1298	1	3	0.125000
1299	1	3	0.125000
1300	1	3	0.125000
1301	1	3	0.125000
1302	1	3	0.125000
1303	1	0	0.125000
1304	1	3	0.125000
1305	1	3	0.125000
1306	1	3	0.125000
1307	1	3	0.125000
1308	1	3	0.125000
1309	1	3	0.125000
1310	1	3	0.125000
1311	1	3	0.125000
1312	1	2	0.125000
1313	1	3	0.125000
1314	1	3	0.125000
1315	1	0	0.125000
1316	1	3	0.125000
1317	1	3	0.125000
1318	1	2	0.125000
1319	1	3	0.125000
1320	1	3	0.125000
1321	1	3	0.125000
1322	1	3	0.125000
1323	1	3	0.125000
1324	1	3	0.125000
1325	1	3	0.125000
1326	1	3	0.125000
1327	1	3	0.125000
1328	1	3	0.125000
1329	1	3	0.125000
1330	1	3	0.125000
1331	1	3	0.125000
1332	1	3	0.125000
1333	1	3	0.125000
1334	1	3	0.125000
1335	1	2	0.125000
1336	1	3	0.125000
1337	1	3	0.125000
1338	1	0	0.125000
1339	1	3	0.125000
1340	1	3	0.125000
1341	1	3	0.125000
1342	1	3	0.125000
1343	1	3	0.125000
1344	1	3	0.125000
1345	1	3	0.125000
1346	1	3	0.125000
1347	2	5	0.125000
1348	2	5	0.125000
1349	2	5	0.125000
1350	2	5	1.000000
1351	3	3	1.000000
1352	3	3	1.000000
1353	3	3	1.000000
1354	3	3	1.000000
1355	3	3	1.000000
1356	3	3	1.000000
1357	3	3	1.000000
1358	3	2	1.000000
1359	3	3	1.000000
1360	3	3	1.000000
1361	3	3	1.000000
1362	3	0	1.000000
1363	3	3	1.000000
1364	3	3	1.000000
1365	3	3	1.000000
1366	3	3	1.000000
1367	3	3	1.000000
1368	3	3	1.000000
1369	3	0	1.000000
1370	3	3	1.000000
1371	3	3	1.000000
1372	3	3	0.125000
1373	2	5	0.125000
1374	2	2	0.125000
1375	2	5	0.125000
1376	2	5	0.125000
1377	2	5	0.125000
1378	2	4	0.125000
1379	2	5	0.125000
1380	2	5	0.125000
1381	2	5	0.125000
1382	2	5	0.125000
1383	2	5	0.125000
1384	1	3	0.125000
1385	1	3	0.125000
1386	1	3	0.125000
1387	1	3	0.125000
1388	1	3	0.125000
1389	1	3	0.125000
1390	1	3	0.125000
1391	1	3	0.125000
1392	1	3	0.125000
1393	1	3	0.125000
1394	1	1	0.125000
1395	1	3	0.125000
1396	1	3	0.125000
1397	1	0	0.125000
1398	1	3	0.125000
1399	1	3	0.125000
1400	1	3	0.125000
1401	2	5	0.125000
1402	2	0	0.125000
1403	2	5	0.125000
1404	2	5	0.125000
1405	2	5	1.000000
1406	3	3	1.000000
1407	3	3	1.000000
1408	3	3	1.000000
1409	3	3	1.000000
1410	3	3	1.000000
1411	3	1	1.000000
1412	3	3	1.000000
1413	3	3	0.125000
1414	2	5	0.125000
1415	2	5	0.125000
1416	2	5	0.125000
1417	2	0	0.125000
1418	2	5	0.125000
1419	2	5	0.125000
1420	2	5	0.125000
1421	2	5	0.125000
1422	2	5	0.125000
1423	2	5	0.125000
1424	2	5	0.125000
1425	2	5	0.125000
1426	2	5	0.125000
1427	2	2	0.125000
1428	2	5	0.125000
1429	2	5	0.125000
1430	2	5	0.125000
1431	2	5	0.125000
1432	2	5	0.125000
1433	2	5	0.125000
1434	1	3	0.125000
1435	2	5	0.125000
1436	2	5	0.125000
1437	2	5	0.125000
1438	2	5	0.125000
1439	2	5	0.125000
1440	2	5	0.125000
1441	2	3	0.125000
1442	2	5	0.125000
1443	2	0	0.125000
1444	2	5	0.125000
1445	2	5	0.125000
1446	2	5	0.125000
1447	2	5	0.125000
1448	2	5	0.125000
1449	2	5	0.125000
1450	2	5	1.000000
1451	3	3	1.000000
1452	3	3	1.000000
1453	3	0	1.000000
1454	3	3	1.000000
1455	3	0	1.000000
1456	3	3	1.000000
1457	3	3	1.000000
1458	3	3	1.000000
1459	3	0	1.000000
1460	3	3	1.000000
1461	3	3	1.000000
1462	3	3	1.000000
1463	3	2	1.000000
1464	3	3	1.000000
1465	3	3	1.000000
1466	3	3	1.000000
1467	3	3	1.000000
1468	3	0	1.000000
1469	3	3	1.000000
1470	3	1	1.000000
1471	3	3	1.000000
1472	3	2	1.000000
1473	3	3	1.000000
1474	3	0	1.000000
1475	3	3	1.000000
1476	3	1	1.000000
1477	3	3	1.000000
1478	3	3	1.000000
1479	3	3	1.000000
1480	3	3	1.000000
1481	3	3	1.000000
1482	3	3	1.000000
1483	3	3	1.000000
1484	3	3	1.000000
1485	3	3	1.000000
1486	3	3	1.000000
1487	3	3	1.000000
1488	3	3	1.000000
1489	3	3	1.000000
1490	3	3	1.000000
1491	3	3	1.000000
1492	3	3	1.000000
1493	3	0	1.000000
1494	3	3	1.000000
1495	3	3	1.000000
1496	3	3	1.000000
1497	3	0	0.125000
1498	2	3	0.125000
1499	2	5	0.125000
1500	2	5	0.125000
1501	2	5	0.125000
1502	2	5	0.125000
1503	2	5	0.125000
1504	2	5	0.125000
1505	2	2	0.125000
1506	2	5	0.125000
1507	2	5	0.125000
1508	2	0	0.125000
1509	2	5	0.125000
1510	2	5	0.125000
1511	2	5	0.125000
1512	2	5	0.125000
1513	2	2	0.125000
1514	2	5	0.125000
1515	2	5	0.125000
1516	2	5	0.125000
1517	2	5	0.125000
1518	2	1	0.125000
1519	2	5	0.125000
1520	2	2	0.125000
1521	2	5	0.125000
1522	2	5	0.125000
1523	2	5	0.125000
1524	2	5	0.125000
1525	2	5	0.125000
1526	2	5	0.125000
1527	1	3	0.125000
1528	1	3	0.125000
1529	1	3	0.125000
1530	1	3	0.125000
1531	1	3	0.125000
1532	1	3	0.125000
1533	1	1	0.125000
1534	1	3	0.125000
1535	1	3	0.125000
1536	1	0	0.125000
1537	1	3	0.125000
1538	1	3	0.125000
1539	1	3	0.125000
1540	1	3	0.125000
1541	1	2	0.125000
1542	2	5	0.125000
1543	1	3	0.125000
1544	1	3	0.125000
1545	1	3	0.125000
1546	1	3	0.125000
1547	1	3	0.125000
1548	2	5	0.125000
1549	2	5	0.125000
1550	2	1	0.125000
1551	2	5	0.125000
1552	2	5	0.125000
1553	2	0	0.125000
1554	2	5	1.000000
1555	3	3	1.000000
1556	3	3	1.000000
1557	3	0	1.000000
1558	3	3	0.125000
1559	2	5	0.125000
1560	2	5	0.125000
1561	2	5	0.125000
1562	2	1	0.125000
1563	2	5	0.125000
1564	2	5	0.125000
1565	2	5	0.125000
1566	2	5	0.125000
1567	2	5	0.125000
1568	2	5	0.125000
1569	2	5	0.125000
1570	2	5	0.125000
1571	2	5	0.125000
1572	2	5	0.125000
1573	2	1	0.125000
1574	2	5	0.125000
1575	1	3	0.125000
1576	1	0	0.125000
1577	1	3	0.125000
1578	1	3	0.125000
1579	1	2	0.125000
1580	1	2	0.125000
1581	1	3	0.125000
1582	1	3	0.125000
1583	1	3	0.125000
1584	1	3	0.125000
1585	1	3	0.125000
1586	1	3	0.125000
1587	1	3	0.125000
1588	1	0	0.125000
1589	1	0	0.125000
1590	1	3	0.125000
1591	1	3	0.125000
1592	1	3	0.125000
1593	1	3	0.125000
1594	1	3	0.125000
1595	2	5	0.125000
1596	2	5	0.125000
1597	2	5	0.125000
1598	2	5	0.125000
1599	2	5	0.125000
1600	2	5	0.125000
1601	2	5	0.125000
1602	2	5	0.125000
1603	2	5	0.125000
1604	2	5	0.125000
1605	2	5	0.125000
1606	2	5	0.125000
1607	2	5	0.125000
1608	2	5	0.125000
1609	2	5	0.125000
1610	2	5	0.125000
1611	2	5	0.125000
1612	2	5	0.125000
1613	2	5	0.125000
1614	2	5	0.125000
1615	2	5	0.125000
1616	2	5	0.125000
1617	2	5	0.125000
1618	2	5	0.125000
1619	1	3	0.125000
1620	1	3	0.125000
1621	1	3	0.125000
1622	1	3	0.125000
1623	1	3	0.125000
1624	2	2	0.125000
1625	1	3	0.125000
1626	1	3	0.125000
1627	1	3	0.125000
1628	1	3	0.125000
1629	1	3	0.125000
1630	1	3	0.125000
1631	1	3	0.125000
1632	1	3	0.125000
1633	1	3	0.125000
1634	1	3	0.125000
1635	1	3	0.125000
1636	1	3	0.125000
1637	1	3	0.125000
1638	1	3	0.125000
1639	1	3	0.125000
1640	1	3	0.125000
1641	1	3	0.125000
1642	1	3	0.125000
1643	1	3	0.125000
1644	1	3	0.125000
1645	2	0	0.125000
1646	2	5	0.125000
1647	2	5	0.125000
1648	2	5	0.125000
1649	2	4	0.125000
1650	2	5	0.125000
1651	2	5	1.000000
1652	3	3	1.000000
1653	3	3	1.000000
1654	3	2	1.000000
1655	3	3	1.000000
1656	3	3	1.000000
1657	3	3	1.000000
1658	3	3	0.125000
1659	2	5	0.125000
1660	2	5	0.125000
1661	1	3	0.125000
1662	1	2	0.125000
1663	1	3	0.125000
1664	1	3	0.125000
1665	1	3	0.125000
1666	1	3	0.125000
1667	1	0	0.125000
1668	1	3	0.125000
1669	2	5	0.125000
1670	2	5	0.125000
1671	2	3	0.125000
1672	2	2	0.125000
1673	2	5	0.125000
1674	2	1	0.125000
1675	1	3	0.125000
1676	1	3	0.125000
1677	1	3	0.125000
1678	1	3	0.125000
1679	1	3	0.125000
1680	1	3	0.125000
1681	1	3	0.125000
1682	1	3	0.125000
1683	2	5	0.125000
1684	2	5	0.125000
1685	2	5	0.125000
1686	1	3	0.125000
1687	1	3	0.125000
1688	1	3	0.125000
1689	1	0	0.125000
1690	1	3	0.125000
1691	1	3	0.125000
1692	1	3	0.125000
1693	2	5	0.125000
1694	1	3	0.125000
1695	1	3	0.125000
1696	1	3	0.125000
1697	2	5	0.125000
1698	2	5	0.125000
1699	2	5	0.125000
1700	2	5	0.125000
1701	2	5	0.125000
1702	2	4	0.125000
1703	2	5	0.125000
1704	2	1	0.125000
1705	2	5	0.125000
1706	2	5	0.125000
1707	2	5	0.125000
1708	2	5	0.125000
1709	2	5	0.125000
1710	2	5	0.125000
1711	2	5	0.125000
1712	2	5	0.125000
1713	2	2	0.125000
1714	2	2	0.125000
1715	1	3	0.125000
1716	1	3	0.125000
1717	1	3	0.125000
1718	1	3	0.125000
1719	1	3	0.125000
1720	1	0	0.125000
1721	1	3	0.125000
1722	1	3	0.125000
1723	1	3	0.125000
1724	1	3	0.125000
1725	1	3	0.125000
1726	1	3	0.125000
1727	1	3	0.125000
1728	1	3	0.125000
1729	1	3	0.125000
1730	1	3	0.125000
1731	2	5	0.125000
1732	2	5	0.125000
1733	2	5	0.125000
1734	1	3	0.125000
1735	1	2	0.125000
1736	1	0	0.125000
1737	1	3	0.125000
1738	2	0	0.125000
1739	2	5	0.125000
1740	2	1	0.125000
1741	1	3	0.125000
1742	1	3	0.125000
1743	1	3	0.125000
1744	1	3	0.125000
1745	1	0	0.125000
1746	1	3	0.125000
1747	1	3	0.125000
1748	1	3	0.125000
1749	1	3	0.125000
1750	1	3	0.125000
1751	1	3	0.125000
1752	1	3	0.125000
1753	1	3	0.125000
1754	1	3	0.125000
1755	2	5	0.125000
1756	2	5	0.125000
1757	2	5	0.125000
1758	2	5	0.125000
1759	2	5	0.125000
1760	2	5	0.125000
1761	2	5	1.000000
1762	3	3	1.000000
1763	3	3	1.000000
1764	3	3	1.000000
1765	3	3	1.000000
1766	3	3	0.125000
1767	2	5	0.125000
1768	2	5	0.125000
1769	2	5	0.125000
1770	1	3	0.125000
1771	1	3	0.125000
1772	1	3	0.125000
1773	1	3	0.125000
1774	1	3	0.125000
1775	1	3	0.125000
1776	1	3	0.125000
1777	1	3	0.125000
1778	1	3	0.125000
1779	1	2	0.125000
1780	1	3	0.125000
1781	1	3	0.125000
1782	1	3	0.125000
1783	1	3	0.125000
1784	1	3	0.125000
1785	1	3	0.125000
1786	1	3	0.125000
1787	1	3	0.125000
1788	1	3	0.125000
1789	1	3	0.125000
1790	1	3	0.125000
1791	1	3	0.125000
1792	1	3	0.125000
1793	2	5	0.125000
1794	2	5	0.125000
1795	2	5	0.125000
1796	2	5	0.125000
1797	2	5	1.000000
1798	3	3	1.000000
1799	3	3	1.000000
1800	3	3	1.000000
1801	3	3	1.000000
1802	3	3	1.000000
1803	3	3	1.000000
1804	3	3	1.000000
1805	3	3	1.000000
1806	3	3	1.000000
1807	3	3	1.000000
1808	3	3	1.000000
1809	3	3	1.000000
1810	3	3	1.000000
1811	3	3	1.000000
1812	3	3	1.000000
1813	3	3	1.000000
1814	3	3	1.000000
1815	3	0	1.000000
1816	3	3	1.000000
1817	3	3	1.000000
1818	3	3	1.000000
1819	3	3	1.000000
1820	3	3	1.000000
1821	3	3	1.000000
1822	3	3	1.000000
1823	3	3	1.000000
1824	3	0	1.000000
1825	3	3	1.000000
1826	3	2	1.000000
1827	3	3	1.000000
1828	3	3	1.000000
1829	3	3	1.000000
1830	3	3	1.000000
1831	4	3	1.000000
1832	4	3	1.000000
1833	4	2	1.000000
1834	4	3	1.000000
1835	4	3	1.000000
1836	4	3	1.000000
1837	4	2	1.000000
1838	3	3	1.000000
1839	3	3	1.000000
1840	3	3	1.000000
1841	3	3	1.000000
1842	3	3	1.000000
1843	3	3	1.000000
1844	3	3	1.000000
1845	3	3	1.000000
1846	3	3	1.000000
1847	3	3	1.000000
1848	3	3	1.000000
1849	3	3	1.000000
1850	3	3	1.000000
1851	3	3	1.000000
1852	3	3	1.000000
1853	3	3	1.000000
1854	3	3	1.000000
1855	3	1	1.000000
1856	3	3	1.000000
1857	3	1	1.000000
1858	3	3	1.000000
1859	3	3	1.000000
1860	3	3	1.000000
1861	3	3	1.000000
1862	3	3	1.000000
1863	3	3	0.125000
1864	2	5	0.125000
1865	2	5	0.125000
1866	2	5	0.125000
1867	2	5	0.125000
1868	2	5	0.125000
1869	2	5	0.125000
1870	2	5	0.125000
1871	2	5	0.125000
1872	2	5	0.125000
1873	1	3	0.125000
1874	1	3	0.125000
1875	1	3	0.125000
1876	1	3	0.125000
1877	1	3	0.125000
1878	1	3	0.125000
1879	1	3	0.125000
1880	1	3	0.125000
1881	1	3	0.125000
1882	1	3	0.125000
1883	1	3	0.125000
1884	1	3	0.125000
1885	1	3	0.125000
1886	1	1	0.125000
1887	1	3	0.125000
1888	1	3	0.125000
1889	2	1	0.125000
1890	2	5	0.125000
1891	2	5	0.125000
1892	2	1	0.125000
1893	2	5	0.125000
1894	2	5	1.000000
1895	3	3	1.000000
1896	3	3	1.000000
1897	3	3	1.000000
1898	3	3	1.000000
1899	3	1	1.000000
1900	3	3	1.000000
1901	3	3	1.000000
1902	3	3	1.000000
1903	3	3	1.000000
1904	3	0	1.000000
1905	3	3	1.000000
1906	3	3	1.000000
1907	3	3	1.000000
1908	3	3	1.000000
1909	3	3	1.000000
1910	3	3	1.000000
1911	3	3	1.000000
1912	3	3	1.000000
1913	3	3	1.000000
1914	3	3	1.000000
1915	3	3	1.000000
1916	3	3	1.000000
1917	3	3	1.000000
1918	3	3	1.000000
1919	3	3	1.000000
1920	3	3	1.000000
1921	3	3	1.000000
1922	3	3	1.000000
1923	3	3	1.000000
1924	3	3	1.000000
1925	3	1	1.000000
1926	3	3	1.000000
1927	3	0	1.000000
1928	3	3	1.000000
1929	3	2	1.000000
1930	3	3	1.000000
1931	3	3	1.000000
1932	3	3	1.000000
1933	3	3	1.000000
1934	3	3	1.000000
1935	3	3	0.125000
1936	2	5	0.125000
1937	2	5	0.125000
1938	2	5	0.125000
1939	2	5	0.125000
1940	2	5	0.125000
1941	2	5	0.125000
1942	2	5	0.125000
1943	2	2	0.125000
1944	2	5	0.125000
1945	1	3	0.125000
1946	1	3	0.125000
1947	1	3	0.125000
1948	1	3	0.125000
1949	1	3	0.125000
1950	1	0	0.125000
1951	1	3	0.125000
1952	1	3	0.125000
1953	1	3	0.125000
1954	1	3	0.125000
1955	1	3	0.125000
1956	1	3	0.125000
1957	1	3	0.125000
1958	1	3	0.125000
1959	1	3	0.125000
1960	2	5	0.125000
1961	2	5	0.125000
1962	2	5	0.125000
1963	2	5	0.125000
1964	2	2	0.125000
1965	2	5	0.125000
1966	2	5	1.000000
1967	3	3	1.000000
1968	3	2	1.000000
1969	3	3	1.000000
1970	3	3	1.000000
1971	3	3	1.000000
1972	3	3	0.125000
1973	2	5	0.125000
1974	2	5	0.125000
1975	2	5	0.125000
1976	2	5	0.125000
1977	2	5	0.125000
1978	2	5	0.125000
1979	2	5	0.125000
1980	2	5	0.125000
1981	2	5	0.125000
1982	2	5	0.125000
1983	2	5	0.125000
1984	2	5	0.125000
1985	1	3	0.125000
1986	1	3	0.125000
1987	1	3	0.125000
1988	1	3	0.125000
1989	1	3	0.125000
1990	1	3	0.125000
1991	1	3	0.125000
1992	1	3	0.125000
1993	1	3	0.125000
1994	1	3	0.125000
1995	1	3	0.125000
1996	1	3	0.125000
1997	1	1	0.125000
1998	1	3	0.125000
1999	1	3	0.125000
2000	2	5	0.125000
2001	1	3	0.125000
2002	2	2	0.125000
2003	2	3	0.125000
2004	2	5	0.125000
2005	2	5	0.125000
2006	2	5	0.125000
2007	2	5	0.125000
2008	2	5	0.125000
2009	2	1	0.125000
2010	2	5	0.125000
2011	2	5	0.125000
2012	2	5	0.125000
2013	2	5	0.125000
2014	2	5	0.125000
2015	2	5	0.125000
2016	2	5	0.125000
2017	1	3	0.125000
2018	2	2	0.125000
2019	1	3	0.125000
2020	1	3	0.125000
2021	1	3	0.125000
2022	1	3	0.125000
2023	1	3	0.125000
2024	1	3	0.125000
2025	2	5	0.125000
2026	2	5	0.125000
2027	2	3	0.125000
2028	1	3	0.125000
2029	2	5	0.125000
2030	1	3	0.125000
2031	1	3	0.125000
2032	1	3	0.125000
2033	1	3	0.125000
2034	1	3	0.125000
2035	1	3	0.125000
2036	1	3	0.125000
2037	1	3	0.125000
2038	1	3	0.125000
2039	2	5	0.125000
2040	2	5	0.125000
2041	2	5	0.125000
2042	2	5	0.125000
2043	2	5	0.125000
2044	2	5	1.000000
2045	3	3	1.000000
2046	3	3	1.000000
2047	3	2	1.000000
2048	3	3	1.000000
2049	3	3	1.000000
2050	3	3	1.000000
2051	3	3	1.000000
2052	3	3	1.000000
2053	3	3	1.000000
2054	3	3	1.000000
2055	3	3	1.000000
2056	3	3	1.000000
2057	3	3	1.000000
2058	3	3	1.000000
2059	3	3	1.000000
2060	3	3	1.000000
2061	3	1	1.000000
2062	3	3	1.000000
2063	3	3	1.000000
2064	3	3	1.000000
2065	3	2	1.000000
2066	3	3	1.000000
2067	3	3	1.000000
2068	3	3	1.000000
2069	3	3	0.125000
2070	2	5	0.125000
2071	2	3	0.125000
2072	2	5	0.125000
2073	2	5	0.125000
2074	2	5	0.125000
2075	2	5	0.125000
2076	2	5	0.125000
2077	2	5	0.125000
2078	2	5	0.125000
2079	2	5	0.125000
2080	2	5	0.125000
2081	1	3	0.125000
2082	1	3	0.125000
2083	1	3	0.125000
2084	1	3	0.125000
2085	1	3	0.125000
2086	1	3	0.125000
2087	1	3	0.125000
2088	1	3	0.125000
2089	1	3	0.125000
2090	1	3	0.125000
2091	1	3	0.125000
2092	1	3	0.125000
2093	1	3	0.125000
2094	1	3	0.125000
2095	1	3	0.125000
2096	1	3	0.125000
2097	1	3	0.125000
2098	2	5	0.125000
2099	2	5	0.125000
2100	2	5	0.125000
2101	2	5	0.125000
2102	2	5	0.125000
2103	2	5	0.125000
2104	2	5	0.125000
2105	2	5	0.125000
2106	2	5	0.125000
2107	2	5	0.125000
2108	2	5	0.125000
2109	2	5	0.125000
2110	2	5	0.125000
2111	2	5	0.125000
2112	2	5	0.125000
2113	2	5	0.125000
2114	2	5	0.125000
2115	2	5	0.125000
2116	2	1	0.125000
2117	2	5	0.125000
2118	2	5	0.125000
2119	1	3	0.125000
2120	1	3	0.125000
2121	1	3	0.125000
2122	1	3	0.125000
2123	1	3	0.125000
2124	1	3	0.125000
2125	1	3	0.125000
2126	1	3	0.125000
2127	1	3	0.125000
2128	1	3	0.125000
2129	1	3	0.125000
2130	1	3	0.125000
2131	1	3	0.125000
2132	1	3	0.125000
2133	1	3	0.125000
2134	1	3	0.125000
2135	1	3	0.125000
2136	1	3	0.125000
2137	1	3	0.125000
2138	2	5	0.125000
2139	2	5	0.125000
2140	2	5	0.125000
2141	2	5	0.125000
2142	2	5	0.125000
2143	2	5	0.125000
2144	2	5	0.125000
2145	2	5	0.125000
2146	2	5	0.125000
2147	2	5	0.125000
2148	2	5	0.125000
2149	2	5	0.125000
2150	2	3	0.125000
2151	2	5	0.125000
2152	2	5	0.125000
2153	1	3	0.125000
2154	1	0	0.125000
2155	1	3	0.125000
2156	1	3	0.125000
2157	1	3	0.125000
2158	1	3	0.125000
2159	1	3	0.125000
2160	1	0	0.125000
2161	1	3	0.125000
2162	1	3	0.125000
2163	1	1	0.125000
2164	1	3	0.125000
2165	1	3	0.125000
2166	1	3	0.125000
2167	1	3	0.125000
2168	1	3	0.125000
2169	2	5	0.125000
2170	2	5	0.125000
2171	2	5	0.125000
2172	2	5	0.125000
2173	2	5	0.125000
2174	2	5	0.125000
2175	2	5	0.125000
2176	2	5	0.125000
2177	2	0	0.125000
2178	2	5	0.125000
2179	2	5	0.125000
2180	2	5	0.125000
2181	2	0	0.125000
2182	2	5	0.125000
2183	2	5	0.125000
2184	2	1	0.125000
2185	1	3	0.125000
2186	1	2	0.125000
2187	1	3	0.125000
2188	1	2	0.125000
2189	2	5	0.125000
2190	2	5	0.125000
2191	2	5	0.125000
2192	2	5	0.125000
2193	2	5	0.125000
2194	2	5	0.125000
2195	2	5	0.125000
2196	2	5	0.125000
2197	1	3	0.125000
2198	1	3	0.125000
2199	1	3	0.125000
2200	1	3	0.125000
2201	1	2	0.125000
2202	1	3	0.125000
2203	1	3	0.125000
2204	1	3	0.125000
2205	1	3	0.125000
2206	1	3	0.125000
2207	1	3	0.125000
2208	1	3	0.125000
2209	1	3	0.125000
2210	1	3	0.125000
2211	1	0	0.125000
2212	1	3	0.125000
2213	1	3	0.125000
2214	1	3	0.125000
2215	1	3	0.125000
2216	1	3	0.125000
2217	1	3	0.125000
2218	1	3	0.125000
2219	2	5	0.125000
2220	2	5	0.125000
2221	2	5	0.125000
2222	2	5	0.125000
2223	2	5	0.125000
2224	2	5	0.125000
2225	2	5	0.125000
2226	2	5	0.125000
2227	2	5	0.125000
2228	2	5	0.125000
2229	2	5	0.125000
2230	1	3	0.125000
2231	1	3	0.125000
2232	1	3	0.125000
2233	1	1	0.125000
2234	1	3	0.125000
2235	1	3	0.125000
2236	1	3	0.125000
2237	1	3	0.125000
2238	1	3	0.125000
2239	1	3	0.125000
2240	1	3	0.125000
2241	1	3	0.125000
2242	1	3	0.125000
2243	1	3	0.125000
2244	1	3	0.125000
2245	1	3	0.125000
2246	2	5	0.125000
2247	1	3	0.125000
2248	1	3	0.125000
2249	1	3	0.125000
2250	2	5	0.125000
2251	2	5	0.125000
2252	2	4	0.125000
2253	2	5	0.125000
2254	2	5	0.125000
2255	2	5	1.000000
2256	3	3	1.000000
2257	3	3	1.000000
2258	3	1	1.000000
2259	3	2	1.000000
2260	3	3	0.125000
2261	2	5	0.125000
2262	2	5	0.125000
2263	2	5	0.125000
2264	2	5	0.125000
2265	2	5	0.125000
2266	2	5	0.125000
2267	2	5	0.125000
2268	1	3	0.125000
2269	1	3	0.125000
2270	1	3	0.125000
2271	1	3	0.125000
2272	1	3	0.125000
2273	1	3	0.125000
2274	1	3	0.125000
2275	1	3	0.125000
2276	1	3	0.125000
2277	1	3	0.125000
2278	1	3	0.125000
2279	1	3	0.125000
2280	1	3	0.125000
2281	1	3	0.125000
2282	1	3	0.125000
2283	1	3	0.125000
2284	1	3	0.125000
2285	1	1	0.125000
2286	1	0	0.125000
2287	1	3	0.125000
2288	1	1	0.125000
2289	1	3	0.125000
2290	1	3	0.125000
2291	2	5	0.125000
2292	2	5	0.125000
2293	2	5	0.125000
2294	2	5	0.125000
2295	2	5	0.125000
2296	2	5	0.125000
2297	2	5	0.125000
2298	2	5	0.125000
2299	2	5	0.125000
2300	2	5	0.125000
2301	2	2	0.125000
2302	2	5	0.125000
2303	2	4	0.125000
2304	1	2	0.125000
2305	1	3	0.125000
2306	1	3	0.125000
2307	1	3	0.125000
2308	1	3	0.125000
2309	1	3	0.125000
2310	1	3	0.125000
2311	1	3	0.125000
2312	1	3	0.125000
2313	1	3	0.125000
2314	1	3	0.125000
2315	1	3	0.125000
2316	1	3	0.125000
2317	1	3	0.125000
2318	1	3	0.125000
2319	1	3	0.125000
2320	1	3	0.125000
2321	2	5	0.125000
2322	2	5	0.125000
2323	2	5	0.125000
2324	2	3	0.125000
2325	2	5	0.125000
2326	2	5	0.125000
2327	2	5	0.125000
2328	2	2	0.125000
2329	2	5	0.125000
2330	2	5	0.125000
2331	2	5	0.125000
2332	2	5	0.125000
2333	2	5	0.125000
2334	1	3	0.125000
2335	1	3	0.125000
2336	1	3	0.125000
2337	1	3	0.125000
2338	1	3	0.125000
2339	1	3	0.125000
2340	1	0	0.125000
2341	1	3	0.125000
2342	1	3	0.125000
2343	1	3	0.125000
2344	1	3	0.125000
2345	1	3	0.125000
2346	1	3	0.125000
2347	1	3	0.125000
2348	1	3	0.125000
2349	1	3	0.125000
2350	1	3	0.125000
2351	1	3	0.125000
2352	1	3	0.125000
2353	2	4	0.125000
2354	2	5	0.125000
2355	2	5	0.125000
2356	2	0	0.125000
2357	2	5	0.125000
2358	2	5	0.125000
2359	2	5	0.125000
2360	2	5	0.125000
2361	2	5	0.125000
2362	2	5	0.125000
2363	2	5	0.125000
2364	2	5	0.125000
2365	2	5	0.125000
2366	2	5	0.125000
2367	1	3	0.125000
2368	1	3	0.125000
2369	1	3	0.125000
2370	1	3	0.125000
2371	1	3	0.125000
2372	1	3	0.125000
2373	2	5	0.125000
2374	2	4	0.125000
2375	1	3	0.125000
2376	1	3	0.125000
2377	1	3	0.125000
2378	1	3	0.125000
2379	1	3	0.125000
2380	1	3	0.125000
2381	1	2	0.125000
2382	1	3	0.125000
2383	1	3	0.125000
2384	1	3	0.125000
2385	1	3	0.125000
2386	1	3	0.125000
2387	1	3	0.125000
2388	2	5	0.125000
2389	2	5	0.125000
2390	2	5	0.125000
2391	2	4	0.125000
2392	2	5	0.125000
2393	2	5	0.125000
2394	2	5	0.125000
2395	2	5	0.125000
2396	2	5	0.125000
2397	2	5	0.125000
2398	2	5	0.125000
2399	2	5	0.125000
2400	2	5	0.125000
2401	2	5	0.125000
2402	1	1	0.125000
2403	1	3	0.125000
2404	1	3	0.125000
2405	1	3	0.125000
2406	1	3	0.125000
2407	1	3	0.125000
2408	1	3	0.125000
2409	1	3	0.125000
2410	1	3	0.125000
2411	1	3	0.125000
2412	1	3	0.125000
2413	1	1	0.125000
2414	1	3	0.125000
2415	1	3	0.125000
2416	1	3	0.125000
2417	1	3	0.125000
2418	1	3	0.125000
2419	1	3	0.125000
2420	1	3	0.125000
2421	1	3	0.125000
2422	1	3	0.125000
2423	1	3	0.125000
2424	1	2	0.125000
2425	2	5	0.125000
2426	2	5	0.125000
2427	2	5	0.125000
2428	2	5	0.125000
2429	2	5	0.125000
2430	2	5	0.125000
2431	2	5	0.125000
2432	2	5	0.125000
2433	2	5	0.125000
2434	2	5	0.125000
2435	2	5	0.125000
2436	2	5	0.125000
2437	2	5	0.125000
2438	2	5	0.125000
2439	2	5	0.125000
2440	2	5	0.125000
2441	1	3	0.125000
2442	1	3	0.125000
2443	1	3	0.125000
2444	1	3	0.125000
2445	1	3	0.125000
2446	1	3	0.125000
2447	1	3	0.125000
2448	1	3	0.125000
2449	1	3	0.125000
2450	1	3	0.125000
2451	1	3	0.125000
2452	1	3	0.125000
2453	1	3	0.125000
2454	1	3	0.125000
2455	1	2	0.125000
2456	1	3	0.125000
2457	1	3	0.125000
2458	1	3	0.125000
2459	1	3	0.125000
2460	1	3	0.125000
2461	1	3	0.125000
2462	1	3	0.125000
2463	2	5	0.125000
2464	2	5	0.125000
2465	2	5	0.125000
2466	2	5	0.125000
2467	2	5	0.125000
2468	2	5	0.125000
2469	2	4	0.125000
2470	2	5	0.125000
2471	2	5	0.125000
2472	2	5	0.125000
2473	2	5	0.125000
2474	2	5	0.125000
2475	1	3	0.125000
2476	1	3	0.125000
2477	1	3	0.125000
2478	1	1	0.125000
2479	1	3	0.125000
2480	1	3	0.125000
2481	1	3	0.125000
2482	1	3	0.125000
2483	1	3	0.125000
2484	1	3	0.125000
2485	1	3	0.125000
2486	1	3	0.125000
2487	1	1	0.125000
2488	1	3	0.125000
2489	1	3	0.125000
2490	1	0	0.125000
2491	1	3	0.125000
2492	2	5	0.125000
2493	2	5	0.125000
2494	2	5	0.125000
2495	2	5	0.125000
2496	2	5	0.125000
2497	2	5	0.125000
2498	2	3	0.125000
2499	2	5	0.125000
2500	2	5	0.125000
2501	2	5	0.125000
2502	2	5	0.125000
2503	2	5	0.125000
2504	1	3	0.125000
2505	1	2	0.125000
2506	1	3	0.125000
2507	1	3	0.125000
2508	1	1	0.125000
2509	1	1	0.125000
2510	1	0	0.125000
2511	1	3	0.125000
2512	1	3	0.125000
2513	1	3	0.125000
2514	1	3	0.125000
2515	2	5	0.125000
2516	2	5	0.125000
2517	1	3	0.125000
2518	2	5	0.125000
2519	2	5	0.125000
2520	2	5	0.125000
2521	2	5	0.125000
2522	2	5	0.125000
2523	2	5	0.125000
2524	2	3	0.125000
2525	2	5	0.125000
2526	2	5	0.125000
2527	2	5	0.125000
2528	2	5	0.125000
2529	2	5	0.125000
2530	2	5	0.125000
2531	2	5	0.125000
2532	2	5	0.125000
2533	2	5	0.125000
2534	2	5	0.125000
2535	2	5	0.125000
2536	2	5	0.125000
2537	2	1	0.125000
2538	2	5	0.125000
2539	2	5	0.125000
2540	2	5	0.125000
2541	2	1	0.125000
2542	2	2	0.125000
2543	2	5	0.125000
2544	2	5	0.125000
2545	2	5	0.125000
2546	2	5	0.125000
2547	1	3	0.125000
2548	1	3	0.125000
2549	1	3	0.125000
2550	1	3	0.125000
2551	1	3	0.125000
2552	1	3	0.125000
2553	1	3	0.125000
2554	1	3	0.125000
2555	1	3	0.125000
2556	1	3	0.125000
2557	1	3	0.125000
2558	1	3	0.125000
2559	1	3	0.125000
2560	1	3	0.125000
2561	1	2	0.125000
2562	2	5	0.125000
2563	2	5	0.125000
2564	2	5	0.125000
2565	2	4	0.125000
2566	2	5	0.125000
2567	2	5	1.000000
2568	3	3	1.000000
2569	3	3	1.000000
2570	3	3	1.000000
2571	3	2	1.000000
2572	3	3	1.000000
2573	3	3	0.125000
2574	2	5	0.125000
2575	2	1	0.125000
2576	2	5	0.125000
2577	2	5	0.125000
2578	2	5	0.125000
2579	2	5	0.125000
2580	2	5	0.125000
2581	2	5	0.125000
2582	2	5	0.125000
2583	2	5	0.125000
2584	2	5	0.125000
2585	2	5	0.125000
2586	2	5	0.125000
2587	2	5	0.125000
2588	2	5	0.125000
2589	2	5	0.125000
2590	1	3	0.125000
2591	1	3	0.125000
2592	1	3	0.125000
2593	1	3	0.125000
2594	1	0	0.125000
2595	1	3	0.125000
2596	1	3	0.125000
2597	1	3	0.125000
2598	1	3	0.125000
2599	1	3	0.125000
2600	1	0	0.125000
2601	1	3	0.125000
2602	1	3	0.125000
2603	1	3	0.125000
2604	1	3	0.125000
2605	1	0	0.125000
2606	1	3	0.125000
2607	1	0	0.125000
2608	2	5	0.125000
2609	2	5	0.125000
2610	2	5	0.125000
2611	2	5	0.125000
2612	2	5	0.125000
2613	2	5	0.125000
2614	2	4	0.125000
2615	2	5	1.000000
2616	3	3	0.125000
2617	2	5	0.125000
2618	2	5	0.125000
2619	2	5	0.125000
2620	2	5	0.125000
2621	2	5	0.125000
2622	2	5	0.125000
2623	2	5	1.000000
2624	3	3	1.000000
2625	3	3	1.000000
2626	3	3	1.000000
2627	3	3	1.000000
2628	3	3	1.000000
2629	3	3	1.000000
2630	3	3	1.000000
2631	3	3	1.000000
2632	3	3	1.000000
2633	4	0	1.000000
2634	4	3	1.000000
2635	3	3	1.000000
2636	3	3	1.000000
2637	3	3	1.000000
2638	3	3	1.000000
2639	3	3	1.000000
2640	3	3	1.000000
2641	3	3	1.000000
2642	3	3	1.000000
2643	4	3	1.000000
2644	3	3	1.000000
2645	3	3	1.000000
2646	3	3	1.000000
2647	3	3	1.000000
2648	3	1	1.000000
2649	3	3	1.000000
2650	3	3	1.000000
2651	3	3	1.000000
2652	3	3	1.000000
2653	3	3	1.000000
2654	3	3	1.000000
2655	3	3	1.000000
2656	3	3	1.000000
2657	3	3	1.000000
2658	3	3	1.000000
2659	3	3	1.000000
2660	3	3	1.000000
2661	3	3	1.000000
2662	3	3	1.000000
2663	3	3	1.000000
2664	3	3	1.000000
2665	3	3	1.000000
2666	3	3	1.000000
2667	3	3	1.000000
2668	3	3	1.000000
2669	3	3	1.000000
2670	3	3	1.000000
2671	3	3	1.000000
2672	3	3	1.000000
2673	3	3	1.000000
2674	3	2	1.000000
2675	3	3	1.000000
2676	3	3	1.000000
2677	3	3	1.000000
2678	3	3	1.000000
2679	3	3	1.000000
2680	3	0	1.000000
2681	3	3	0.125000
2682	2	5	0.125000
2683	2	5	0.125000
2684	2	5	0.125000
2685	2	5	0.125000
2686	2	5	0.125000
2687	2	5	0.125000
2688	2	5	0.125000
2689	1	3	0.125000
2690	1	3	0.125000
2691	1	0	0.125000
2692	2	5	0.125000
2693	1	3	0.125000
2694	1	3	0.125000
2695	1	3	0.125000
2696	1	3	0.125000
2697	1	3	0.125000
2698	1	3	0.125000
2699	1	3	0.125000
2700	1	3	0.125000
2701	1	3	0.125000
2702	1	3	0.125000
2703	1	3	0.125000
2704	1	1	0.125000
2705	1	3	0.125000
2706	1	3	0.125000
2707	1	1	0.125000
2708	1	3	0.125000
2709	2	5	0.125000
2710	2	5	0.125000
2711	2	5	0.125000
2712	2	5	1.000000
2713	3	3	1.000000
2714	3	3	1.000000
2715	3	3	1.000000
2716	3	3	1.000000
2717	3	3	1.000000
2718	3	3	1.000000
2719	3	3	0.125000
2720	2	5	0.125000
2721	2	5	0.125000
2722	2	5	0.125000
2723	2	4	0.125000
2724	2	5	0.125000
2725	2	5	0.125000
2726	2	5	0.125000
2727	2	5	0.125000
2728	2	5	0.125000
2729	2	5	0.125000
2730	2	5	0.125000
2731	2	5	0.125000
2732	2	5	0.125000
2733	2	5	0.125000
2734	2	5	1.000000
2735	3	3	0.125000
2736	2	5	0.125000
2737	1	3	0.125000
2738	1	3	0.125000
2739	1	3	0.125000
2740	1	3	0.125000
2741	1	0	0.125000
2742	1	3	0.125000
2743	1	3	0.125000
2744	1	3	0.125000
2745	1	3	0.125000
2746	1	3	0.125000
2747	1	3	0.125000
2748	1	3	0.125000
2749	1	3	0.125000
2750	1	3	0.125000
2751	1	3	0.125000
2752	1	3	0.125000
2753	1	3	0.125000
2754	1	3	0.125000
2755	1	3	0.125000
2756	1	3	0.125000
2757	1	3	0.125000
2758	2	5	0.125000
2759	2	5	0.125000
2760	2	5	0.125000
2761	2	5	0.125000
2762	2	5	0.125000
2763	2	5	0.125000
2764	2	5	0.125000
2765	2	5	0.125000
2766	2	5	1.000000
2767	3	3	1.000000
2768	3	3	1.000000
2769	3	3	1.000000
2770	3	3	0.125000
2771	2	5	1.000000
2772	3	3	1.000000
2773	3	3	1.000000
2774	3	3	1.000000
2775	3	3	1.000000
2776	3	3	1.000000
2777	3	1	1.000000
2778	3	3	1.000000
2779	3	3	1.000000
2780	3	3	1.000000
2781	3	3	1.000000
2782	3	3	1.000000
2783	3	3	1.000000
2784	3	3	1.000000
2785	3	3	1.000000
2786	3	3	1.000000
2787	3	3	1.000000
2788	3	3	1.000000
2789	3	3	0.125000
2790	2	5	0.125000
2791	2	5	0.125000
2792	2	5	0.125000
2793	2	5	0.125000
2794	2	5	0.125000
2795	2	5	0.125000
2796	1	3	0.125000
2797	1	3	0.125000
2798	1	3	0.125000
2799	1	3	0.125000
2800	1	3	0.125000
2801	1	3	0.125000
2802	2	5	0.125000
2803	2	5	0.125000
2804	1	3	0.125000
2805	2	5	0.125000
2806	1	3	0.125000
2807	1	3	0.125000
2808	1	3	0.125000
2809	1	3	0.125000
2810	1	3	0.125000
2811	1	3	0.125000
2812	1	3	0.125000
2813	1	3	0.125000
2814	1	1	0.125000
2815	1	3	0.125000
2816	2	5	0.125000
2817	2	5	0.125000
2818	2	5	0.125000
2819	2	2	0.125000
2820	2	5	0.125000
2821	2	5	1.000000
2822	3	3	1.000000
2823	3	3	1.000000
2824	3	3	1.000000
2825	3	3	1.000000
2826	3	3	1.000000
2827	3	3	0.125000
2828	2	5	0.125000
2829	2	5	0.125000
2830	2	5	0.125000
2831	2	5	0.125000
2832	2	5	0.125000
2833	2	5	0.125000
2834	2	5	0.125000
2835	2	5	0.125000
2836	2	2	0.125000
2837	2	5	0.125000
2838	2	5	0.125000
2839	2	5	0.125000
2840	2	5	0.125000
2841	2	5	0.125000
2842	2	5	0.125000
2843	1	3	0.125000
2844	1	3	0.125000
2845	1	3	0.125000
2846	1	3	0.125000
2847	1	3	0.125000
2848	1	3	0.125000
2849	1	3	0.125000
2850	1	3	0.125000
2851	1	3	0.125000
2852	1	3	0.125000
2853	1	3	0.125000
2854	1	3	0.125000
2855	1	3	0.125000
2856	1	3	0.125000
2857	1	0	0.125000
2858	1	3	0.125000
2859	1	3	0.125000
2860	1	3	0.125000
2861	1	0	0.125000
2862	1	3	0.125000
2863	2	5	0.125000
2864	2	5	0.125000
2865	2	5	0.125000
2866	2	5	0.125000
2867	2	5	0.125000
2868	2	5	0.125000
2869	2	5	0.125000
2870	2	5	0.125000
2871	2	5	0.125000
2872	2	3	0.125000
2873	2	5	0.125000
2874	2	5	0.125000
2875	2	5	0.125000
2876	2	0	0.125000
2877	2	5	0.125000
2878	2	5	0.125000
2879	2	1	0.125000
2880	1	3	0.125000
2881	1	3	0.125000
2882	1	3	0.125000
2883	1	3	0.125000
2884	1	3	0.125000
2885	1	3	0.125000
2886	1	3	0.125000
2887	1	3	0.125000
2888	1	0	0.125000
2889	1	3	0.125000
2890	1	3	0.125000
2891	1	3	0.125000
2892	1	3	0.125000
2893	1	3	0.125000
2894	2	5	0.125000
2895	2	5	0.125000
2896	2	5	0.125000
2897	2	5	0.125000
2898	2	5	0.125000
2899	2	5	0.125000
2900	2	5	0.125000
2901	2	5	0.125000
2902	2	5	0.125000
2903	2	5	0.125000
2904	2	5	0.125000
2905	2	5	0.125000
2906	2	5	0.125000
2907	1	3	0.125000
2908	2	5	0.125000
2909	1	3	0.125000
2910	1	3	0.125000
2911	1	3	0.125000
2912	1	3	0.125000
2913	1	3	0.125000
2914	2	5	0.125000
2915	1	3	0.125000
2916	1	3	0.125000
2917	1	3	0.125000
2918	1	3	0.125000
2919	1	3	0.125000
2920	1	3	0.125000
2921	1	2	0.125000
2922	1	3	0.125000
2923	2	0	0.125000
2924	2	5	0.125000
2925	2	5	0.125000
2926	2	5	0.125000
2927	2	5	0.125000
2928	2	3	0.125000
2929	2	5	0.125000
2930	2	5	0.125000
2931	2	5	0.125000
2932	2	5	0.125000
2933	2	5	0.125000
2934	2	5	0.125000
2935	2	5	0.125000
2936	2	5	0.125000
2937	2	5	0.125000
2938	2	5	0.125000
2939	1	3	0.125000
2940	1	3	0.125000
2941	1	3	0.125000
2942	1	3	0.125000
2943	1	3	0.125000
2944	1	3	0.125000
2945	1	3	0.125000
2946	1	3	0.125000
2947	1	3	0.125000
2948	1	3	0.125000
2949	1	3	0.125000
2950	1	3	0.125000
2951	1	3	0.125000
2952	1	3	0.125000
2953	1	3	0.125000
2954	1	3	0.125000
2955	1	3	0.125000
2956	1	0	0.125000
2957	2	5	0.125000
2958	2	5	0.125000
2959	2	5	0.125000
2960	2	5	0.125000
2961	2	5	0.125000
2962	2	5	0.125000
2963	2	2	0.125000
2964	2	5	0.125000
2965	2	5	0.125000
2966	2	5	0.125000
2967	2	3	0.125000
2968	2	5	0.125000
2969	2	5	0.125000
2970	2	5	0.125000
2971	0	0	0.000000
