StartTime	2015/10/20 00:20:21
FinishTime	2015/10/20 00:21:07
ElapsedTime	46.000000
/home/daisuke/git/ReinforcementLearning/log/EV3LineTracer_20151019220224_10Setting_20151019220225.log
0	1.000000
1	0.062500	0.062500	0.062500	0.812500
2	0.041667	0.041667	0.041667	0.041667	0.041667	0.791667
3	0.062500	0.812500	0.062500	0.062500
4	0.062500	0.812500	0.062500	0.062500
5	0.062500	0.062500	0.062500	0.812500
6	0.062500	0.062500	0.062500	0.812500
3522
0	3	1	0.000000
1	3	0	0.000000
2	3	1	0.000000
3	3	2	0.000000
4	3	1	0.000000
5	3	1	0.000000
6	3	1	0.000000
7	3	1	0.000000
8	3	1	0.000000
9	3	3	0.000000
10	3	1	0.000000
11	3	2	0.000000
12	3	1	0.000000
13	3	1	0.000000
14	3	1	0.000000
15	3	2	0.000000
16	3	1	0.000000
17	3	1	0.000000
18	3	2	0.000000
19	3	1	0.000000
20	3	1	0.000000
21	3	1	0.000000
22	3	1	0.000000
23	3	1	0.000000
24	3	1	0.000000
25	3	1	0.000000
26	3	1	0.000000
27	3	2	0.000000
28	3	0	0.000000
29	3	1	0.000000
30	2	3	0.000000
31	2	5	0.000000
32	2	5	0.000000
33	2	0	0.000000
34	2	5	0.000000
35	2	5	0.000000
36	2	5	0.000000
37	2	2	0.000000
38	1	3	0.000000
39	1	2	0.000000
40	1	0	0.000000
41	1	3	0.000000
42	1	3	0.000000
43	1	3	0.000000
44	1	3	0.000000
45	1	3	0.000000
46	1	3	0.000000
47	1	3	0.000000
48	1	1	0.000000
49	1	3	0.000000
50	1	3	0.000000
51	1	3	0.000000
52	2	5	0.000000
53	1	3	0.000000
54	1	3	0.000000
55	1	3	0.000000
56	1	3	0.000000
57	1	1	0.000000
58	1	3	0.000000
59	1	3	0.000000
60	1	3	0.000000
61	1	3	0.000000
62	1	3	0.000000
63	1	3	0.000000
64	1	3	0.000000
65	2	5	0.000000
66	2	5	0.000000
67	2	5	0.000000
68	2	5	0.000000
69	2	5	0.000000
70	2	5	0.000000
71	2	5	0.000000
72	2	5	0.000000
73	2	5	0.000000
74	2	5	0.000000
75	2	5	0.000000
76	2	5	0.000000
77	1	3	0.000000
78	1	3	0.000000
79	1	3	0.000000
80	1	3	0.000000
81	1	3	0.000000
82	1	3	0.000000
83	1	3	0.000000
84	1	3	0.000000
85	1	3	0.000000
86	1	3	0.000000
87	1	3	0.000000
88	1	2	0.000000
89	1	3	0.000000
90	1	3	0.000000
91	1	0	0.000000
92	1	3	0.000000
93	1	3	0.000000
94	1	3	0.000000
95	1	3	0.000000
96	2	5	0.000000
97	2	1	0.000000
98	2	5	0.000000
99	2	0	0.000000
100	2	5	0.000000
101	2	5	0.000000
102	2	5	0.000000
103	2	5	0.000000
104	2	5	0.000000
105	2	0	0.000000
106	2	3	0.000000
107	2	5	0.000000
108	2	5	0.000000
109	1	3	0.000000
110	1	3	0.000000
111	1	3	0.000000
112	1	0	0.000000
113	1	3	0.000000
114	1	3	0.000000
115	2	1	0.000000
116	1	3	0.000000
117	1	3	0.000000
118	1	3	0.000000
119	1	3	0.000000
120	1	3	0.000000
121	1	3	0.000000
122	1	3	0.000000
123	2	5	0.000000
124	2	1	0.000000
125	2	1	0.000000
126	2	2	0.000000
127	2	5	0.000000
128	2	5	0.000000
129	2	1	0.000000
130	2	5	0.000000
131	2	5	0.000000
132	2	5	0.000000
133	2	5	0.000000
134	2	5	0.000000
135	2	5	0.000000
136	2	5	0.000000
137	1	3	0.000000
138	1	3	0.000000
139	1	3	0.000000
140	1	0	0.000000
141	1	2	0.000000
142	1	3	0.000000
143	1	1	0.000000
144	1	3	0.000000
145	1	1	0.000000
146	1	3	0.000000
147	2	5	0.000000
148	2	5	0.000000
149	1	3	0.000000
150	1	3	0.000000
151	1	3	0.000000
152	1	2	0.000000
153	1	3	0.000000
154	1	3	0.000000
155	1	3	0.000000
156	1	3	0.000000
157	1	3	0.000000
158	1	3	0.000000
159	1	3	0.000000
160	1	3	0.000000
161	2	0	0.000000
162	2	3	0.000000
163	2	5	0.000000
164	2	5	0.000000
165	2	5	0.000000
166	2	5	0.000000
167	3	1	0.000000
168	3	1	0.000000
169	3	1	0.000000
170	3	1	0.000000
171	3	1	0.000000
172	3	1	0.000000
173	3	0	0.000000
174	3	1	0.000000
175	2	5	0.000000
176	2	5	0.000000
177	2	5	0.000000
178	2	5	0.000000
179	2	0	0.000000
180	2	5	0.000000
181	2	5	0.000000
182	1	3	0.000000
183	1	3	0.000000
184	1	3	0.000000
185	1	0	0.000000
186	1	1	0.000000
187	1	1	0.000000
188	1	3	0.000000
189	1	3	0.000000
190	1	3	0.000000
191	1	3	0.000000
192	1	3	0.000000
193	1	3	0.000000
194	1	3	0.000000
195	1	3	0.000000
196	1	3	0.000000
197	2	5	0.000000
198	2	5	0.000000
199	2	4	0.000000
200	2	5	0.000000
201	2	5	0.000000
202	2	5	0.000000
203	2	5	0.000000
204	2	5	0.000000
205	2	5	0.000000
206	2	5	0.000000
207	1	3	0.000000
208	1	1	0.000000
209	2	5	0.000000
210	3	1	0.000000
211	1	0	0.000000
212	1	3	0.000000
213	1	3	0.000000
214	1	3	0.000000
215	1	3	0.000000
216	1	3	0.000000
217	1	3	0.000000
218	1	3	0.000000
219	1	3	0.000000
220	1	3	0.000000
221	1	3	0.000000
222	1	3	0.000000
223	1	3	0.000000
224	1	3	0.000000
225	1	3	0.000000
226	2	5	0.000000
227	2	5	0.000000
228	2	5	0.000000
229	1	3	0.000000
230	1	0	0.000000
231	1	3	0.000000
232	2	5	0.000000
233	2	5	0.000000
234	2	0	0.000000
235	2	5	0.000000
236	1	3	0.000000
237	1	3	0.000000
238	1	0	0.000000
239	2	5	0.000000
240	2	5	0.000000
241	2	5	0.000000
242	2	5	0.000000
243	1	3	0.000000
244	1	3	0.000000
245	1	3	0.000000
246	1	3	0.000000
247	1	3	0.000000
248	1	3	0.000000
249	1	3	0.000000
250	1	1	0.000000
251	1	3	0.000000
252	1	3	0.000000
253	1	0	0.000000
254	1	3	0.000000
255	1	3	0.000000
256	1	3	0.000000
257	1	3	0.000000
258	1	3	0.000000
259	1	3	0.000000
260	2	5	0.000000
261	2	5	0.000000
262	2	5	0.000000
263	2	5	0.000000
264	3	2	0.000000
265	3	1	0.000000
266	4	1	0.000000
267	4	0	0.000000
268	4	3	0.000000
269	4	1	0.000000
270	4	0	0.000000
271	3	1	0.000000
272	3	1	0.000000
273	3	1	0.000000
274	3	1	0.000000
275	3	1	0.000000
276	3	1	0.000000
277	3	1	0.000000
278	3	1	0.000000
279	3	1	0.000000
280	3	1	0.000000
281	3	1	0.000000
282	3	1	0.000000
283	3	0	0.000000
284	2	2	0.000000
285	2	5	0.000000
286	2	5	0.000000
287	2	5	0.000000
288	2	1	0.000000
289	2	5	0.000000
290	2	5	0.000000
291	2	5	0.000000
292	2	5	0.000000
293	1	2	0.000000
294	1	3	0.000000
295	1	3	0.000000
296	2	5	0.000000
297	2	5	0.000000
298	1	3	0.000000
299	1	3	0.000000
300	1	3	0.000000
301	1	2	0.000000
302	1	3	0.000000
303	1	2	0.000000
304	1	3	0.000000
305	1	3	0.000000
306	2	5	0.000000
307	2	5	0.000000
308	2	5	0.000000
309	2	5	0.000000
310	2	5	0.000000
311	2	4	0.000000
312	2	5	0.000000
313	2	4	0.000000
314	2	5	0.000000
315	2	4	0.000000
316	1	3	0.000000
317	1	1	0.000000
318	1	3	0.000000
319	1	3	0.000000
320	2	0	0.000000
321	2	5	0.000000
322	2	5	0.000000
323	1	3	0.000000
324	1	1	0.000000
325	1	3	0.000000
326	1	3	0.000000
327	1	0	0.000000
328	1	1	0.000000
329	1	3	0.000000
330	1	2	0.000000
331	1	3	0.000000
332	1	3	0.000000
333	2	3	0.000000
334	2	5	0.000000
335	2	3	0.000000
336	3	1	0.000000
337	3	3	0.000000
338	3	1	0.000000
339	4	1	0.000000
340	4	1	0.000000
341	4	1	0.000000
342	4	1	0.000000
343	4	1	0.000000
344	5	3	0.000000
345	5	3	0.000000
346	5	2	0.000000
347	5	3	0.000000
348	5	3	0.000000
349	5	3	0.000000
350	5	3	0.000000
351	4	3	0.000000
352	4	1	0.000000
353	4	1	0.000000
354	4	1	0.000000
355	4	1	0.000000
356	3	1	0.000000
357	3	1	0.000000
358	3	1	0.000000
359	3	1	0.000000
360	3	1	0.000000
361	3	1	0.000000
362	3	2	0.000000
363	2	5	0.000000
364	2	5	0.000000
365	2	5	0.000000
366	2	0	0.000000
367	2	4	0.000000
368	2	5	0.000000
369	2	5	0.000000
370	2	0	0.000000
371	2	1	0.000000
372	2	5	0.000000
373	1	3	0.000000
374	1	3	0.000000
375	1	1	0.000000
376	1	3	0.000000
377	2	5	0.000000
378	1	2	0.000000
379	1	3	0.000000
380	1	3	0.000000
381	1	1	0.000000
382	1	3	0.000000
383	1	3	0.000000
384	1	3	0.000000
385	1	3	0.000000
386	1	3	0.000000
387	1	3	0.000000
388	1	3	0.000000
389	1	3	0.000000
390	1	3	0.000000
391	1	3	0.000000
392	2	5	0.000000
393	2	5	0.000000
394	3	1	0.000000
395	2	5	0.000000
396	2	5	0.000000
397	2	5	0.000000
398	2	5	0.000000
399	2	2	0.000000
400	2	5	0.000000
401	2	2	0.000000
402	1	3	0.000000
403	2	5	0.000000
404	2	4	0.000000
405	3	1	0.000000
406	3	1	0.000000
407	2	5	0.000000
408	1	3	0.000000
409	1	3	0.000000
410	1	3	0.000000
411	1	3	0.000000
412	1	3	0.000000
413	1	2	0.000000
414	1	3	0.000000
415	1	3	0.000000
416	1	3	0.000000
417	1	1	0.000000
418	1	3	0.000000
419	1	3	0.000000
420	2	5	0.000000
421	2	2	0.000000
422	2	5	0.000000
423	2	5	0.000000
424	2	4	0.000000
425	2	2	0.000000
426	3	1	0.000000
427	3	1	0.000000
428	3	1	0.000000
429	3	1	0.000000
430	3	2	0.000000
431	3	1	0.000000
432	3	1	0.000000
433	3	1	0.000000
434	3	1	0.000000
435	3	1	0.000000
436	3	3	0.000000
437	3	1	0.000000
438	3	1	0.000000
439	3	1	0.000000
440	3	1	0.000000
441	3	1	0.000000
442	3	1	0.000000
443	3	1	0.000000
444	3	1	0.000000
445	3	1	0.000000
446	3	1	0.000000
447	3	1	0.000000
448	3	1	0.000000
449	3	1	0.000000
450	3	0	0.000000
451	3	1	0.000000
452	3	1	0.000000
453	3	3	0.000000
454	3	1	0.000000
455	3	1	0.000000
456	3	1	0.000000
457	3	1	0.000000
458	3	1	0.000000
459	3	1	0.000000
460	3	1	0.000000
461	3	1	0.000000
462	2	5	0.000000
463	2	5	0.000000
464	2	5	0.000000
465	2	2	0.000000
466	2	5	0.000000
467	2	5	0.000000
468	2	5	0.000000
469	2	5	0.000000
470	2	5	0.000000
471	2	0	0.000000
472	2	4	0.000000
473	2	0	0.000000
474	2	3	0.000000
475	1	3	0.000000
476	1	3	0.000000
477	1	3	0.000000
478	1	3	0.000000
479	1	3	0.000000
480	1	3	0.000000
481	1	3	0.000000
482	1	3	0.000000
483	1	3	0.000000
484	1	3	0.000000
485	1	3	0.000000
486	2	5	0.000000
487	2	4	0.000000
488	2	5	0.000000
489	2	5	0.000000
490	3	1	0.000000
491	3	1	0.000000
492	3	1	0.000000
493	3	1	0.000000
494	3	1	0.000000
495	3	3	0.000000
496	3	1	0.000000
497	3	1	0.000000
498	3	1	0.000000
499	3	1	0.000000
500	3	1	0.000000
501	3	1	0.000000
502	3	0	0.000000
503	3	1	0.000000
504	3	1	0.000000
505	3	1	0.000000
506	3	1	0.000000
507	3	1	0.000000
508	3	2	0.000000
509	3	1	0.000000
510	3	1	0.000000
511	3	1	0.000000
512	3	3	0.000000
513	3	1	0.000000
514	3	1	0.000000
515	3	0	0.000000
516	3	1	0.000000
517	3	1	0.000000
518	2	5	0.000000
519	2	5	0.000000
520	2	5	0.000000
521	2	5	0.000000
522	2	5	0.000000
523	2	5	0.000000
524	2	5	0.000000
525	2	4	0.000000
526	2	5	0.000000
527	2	5	0.000000
528	2	5	0.000000
529	2	5	0.000000
530	2	5	0.000000
531	2	5	0.000000
532	2	5	0.000000
533	2	5	0.000000
534	2	5	0.000000
535	2	5	0.000000
536	1	2	0.000000
537	2	5	0.000000
538	2	5	0.000000
539	1	3	0.000000
540	1	3	0.000000
541	1	3	0.000000
542	1	3	0.000000
543	1	3	0.000000
544	1	3	0.000000
545	1	1	0.000000
546	1	2	0.000000
547	1	3	0.000000
548	1	0	0.000000
549	1	3	0.000000
550	1	3	0.000000
551	1	1	0.000000
552	2	5	0.000000
553	2	5	0.000000
554	2	0	0.000000
555	2	5	0.000000
556	2	5	0.000000
557	2	2	0.000000
558	2	2	0.000000
559	3	1	0.000000
560	3	1	0.000000
561	3	1	0.000000
562	2	5	0.000000
563	2	5	0.000000
564	2	5	0.000000
565	2	5	0.000000
566	2	5	0.000000
567	2	5	0.000000
568	2	5	0.000000
569	2	5	0.000000
570	2	5	0.000000
571	2	4	0.000000
572	2	5	0.000000
573	2	5	0.000000
574	2	5	0.000000
575	2	5	0.000000
576	2	5	0.000000
577	2	5	0.000000
578	2	5	0.000000
579	2	5	0.000000
580	1	3	0.000000
581	2	5	0.000000
582	1	3	0.000000
583	1	3	0.000000
584	1	3	0.000000
585	1	3	0.000000
586	1	3	0.000000
587	1	3	0.000000
588	1	3	0.000000
589	1	2	0.000000
590	1	3	0.000000
591	1	3	0.000000
592	1	3	0.000000
593	1	3	0.000000
594	1	2	0.000000
595	1	3	0.000000
596	1	3	0.000000
597	2	5	0.000000
598	2	5	0.000000
599	2	5	0.000000
600	2	5	0.000000
601	2	5	0.000000
602	2	5	0.000000
603	3	1	0.000000
604	3	1	0.000000
605	3	1	0.000000
606	3	1	0.000000
607	3	1	0.000000
608	3	1	0.000000
609	3	1	0.000000
610	2	3	0.000000
611	2	5	0.000000
612	2	3	0.000000
613	2	5	0.000000
614	2	0	0.000000
615	2	4	0.000000
616	3	3	0.000000
617	2	5	0.000000
618	2	5	0.000000
619	2	5	0.000000
620	2	5	0.000000
621	2	5	0.000000
622	2	5	0.000000
623	2	5	0.000000
624	2	5	0.000000
625	2	5	0.000000
626	2	0	0.000000
627	2	5	0.000000
628	2	5	0.000000
629	2	3	0.000000
630	2	4	0.000000
631	2	5	0.000000
632	2	5	0.000000
633	1	1	0.000000
634	1	3	0.000000
635	1	3	0.000000
636	1	3	0.000000
637	1	3	0.000000
638	1	3	0.000000
639	1	3	0.000000
640	1	3	0.000000
641	1	3	0.000000
642	1	3	0.000000
643	1	3	0.000000
644	1	3	0.000000
645	1	3	0.000000
646	1	3	0.000000
647	2	5	0.000000
648	2	5	0.000000
649	2	4	0.000000
650	2	5	0.000000
651	2	5	0.000000
652	2	5	0.000000
653	2	4	0.000000
654	2	5	0.000000
655	3	1	0.000000
656	2	5	0.000000
657	2	5	0.000000
658	2	5	0.000000
659	2	5	0.000000
660	2	2	0.000000
661	2	4	0.000000
662	2	5	0.000000
663	2	5	0.000000
664	2	5	0.000000
665	2	4	0.000000
666	2	5	0.000000
667	2	3	0.000000
668	1	3	0.000000
669	2	5	0.000000
670	2	5	0.000000
671	2	5	0.000000
672	2	5	0.000000
673	2	5	0.000000
674	2	0	0.000000
675	2	0	0.000000
676	2	5	0.000000
677	2	3	0.000000
678	2	5	0.000000
679	2	5	0.000000
680	2	5	0.000000
681	2	5	0.000000
682	2	5	0.000000
683	2	5	0.000000
684	2	5	0.000000
685	2	0	0.000000
686	2	5	0.000000
687	2	5	0.000000
688	2	0	0.000000
689	2	5	0.000000
690	2	1	0.000000
691	2	5	0.000000
692	2	5	0.000000
693	2	5	0.000000
694	2	5	0.000000
695	2	5	0.000000
696	2	5	0.000000
697	2	5	0.000000
698	2	5	0.000000
699	2	5	0.000000
700	2	5	0.000000
701	2	5	0.000000
702	2	5	0.000000
703	2	5	0.000000
704	2	5	0.000000
705	2	2	0.000000
706	1	3	0.000000
707	1	3	0.000000
708	1	0	0.000000
709	1	3	0.000000
710	1	1	0.000000
711	1	3	0.000000
712	1	3	0.000000
713	1	3	0.000000
714	1	3	0.000000
715	1	0	0.000000
716	1	3	0.000000
717	1	3	0.000000
718	1	3	0.000000
719	1	3	0.000000
720	1	3	0.000000
721	2	5	0.000000
722	2	5	0.000000
723	2	5	0.000000
724	2	5	0.000000
725	2	1	0.000000
726	2	5	0.000000
727	2	5	0.000000
728	2	5	0.000000
729	3	1	0.000000
730	3	1	0.000000
731	2	5	0.000000
732	2	5	0.000000
733	2	4	0.000000
734	2	5	0.000000
735	2	5	0.000000
736	2	5	0.000000
737	2	4	0.000000
738	2	5	0.000000
739	2	5	0.000000
740	2	5	0.000000
741	2	5	0.000000
742	2	5	0.000000
743	2	5	0.000000
744	2	2	0.000000
745	2	5	0.000000
746	2	1	0.000000
747	2	5	0.000000
748	2	5	0.000000
749	2	5	0.000000
750	2	5	0.000000
751	2	5	0.000000
752	2	5	0.000000
753	2	5	0.000000
754	1	3	0.000000
755	1	3	0.000000
756	1	3	0.000000
757	1	3	0.000000
758	1	3	0.000000
759	1	3	0.000000
760	1	3	0.000000
761	1	3	0.000000
762	1	1	0.000000
763	1	2	0.000000
764	1	3	0.000000
765	1	3	0.000000
766	1	3	0.000000
767	1	1	0.000000
768	1	3	0.000000
769	1	3	0.000000
770	1	3	0.000000
771	1	3	0.000000
772	1	3	0.000000
773	2	5	0.000000
774	2	3	0.000000
775	2	5	0.000000
776	2	0	0.000000
777	2	5	0.000000
778	2	5	0.000000
779	2	5	0.000000
780	2	5	0.000000
781	2	5	0.000000
782	2	5	0.000000
783	3	3	0.000000
784	3	1	0.000000
785	3	1	0.000000
786	2	5	0.000000
787	2	5	0.000000
788	2	5	0.000000
789	2	5	0.000000
790	2	5	0.000000
791	2	5	0.000000
792	2	2	0.000000
793	2	0	0.000000
794	2	5	0.000000
795	2	3	0.000000
796	2	5	0.000000
797	2	5	0.000000
798	2	5	0.000000
799	2	5	0.000000
800	2	5	0.000000
801	1	3	0.000000
802	1	3	0.000000
803	1	3	0.000000
804	1	3	0.000000
805	1	0	0.000000
806	1	3	0.000000
807	1	3	0.000000
808	1	3	0.000000
809	1	3	0.000000
810	1	3	0.000000
811	2	5	0.000000
812	2	4	0.000000
813	2	5	0.000000
814	2	5	0.000000
815	1	3	0.000000
816	1	3	0.000000
817	1	3	0.000000
818	1	3	0.000000
819	1	3	0.000000
820	1	3	0.000000
821	1	3	0.000000
822	1	3	0.000000
823	1	3	0.000000
824	1	3	0.000000
825	1	1	0.000000
826	1	3	0.000000
827	1	1	0.000000
828	1	3	0.000000
829	1	3	0.000000
830	2	5	0.000000
831	2	0	0.000000
832	2	5	0.000000
833	2	5	0.000000
834	2	2	0.000000
835	2	5	0.000000
836	2	5	0.000000
837	2	5	0.000000
838	2	5	0.000000
839	3	1	0.000000
840	3	0	0.000000
841	2	5	0.000000
842	2	5	0.000000
843	2	3	0.000000
844	2	5	0.000000
845	2	2	0.000000
846	2	1	0.000000
847	2	4	0.000000
848	2	3	0.000000
849	2	5	0.000000
850	2	5	0.000000
851	2	5	0.000000
852	2	5	0.000000
853	2	5	0.000000
854	2	5	0.000000
855	2	5	0.000000
856	2	5	0.000000
857	1	3	0.000000
858	1	2	0.000000
859	1	0	0.000000
860	1	3	0.000000
861	1	3	0.000000
862	1	3	0.000000
863	1	3	0.000000
864	1	2	0.000000
865	1	3	0.000000
866	1	3	0.000000
867	1	3	0.000000
868	1	3	0.000000
869	1	3	0.000000
870	1	3	0.000000
871	1	3	0.000000
872	1	0	0.000000
873	1	3	0.000000
874	1	3	0.000000
875	2	5	0.000000
876	2	5	0.000000
877	2	5	0.000000
878	2	5	0.000000
879	2	5	0.000000
880	2	5	0.000000
881	2	5	0.000000
882	2	2	0.000000
883	2	2	0.000000
884	2	5	0.000000
885	2	2	0.000000
886	2	5	0.000000
887	1	3	0.000000
888	1	3	0.000000
889	1	3	0.000000
890	1	3	0.000000
891	1	3	0.000000
892	1	3	0.000000
893	1	3	0.000000
894	1	3	0.000000
895	1	3	0.000000
896	1	3	0.000000
897	1	3	0.000000
898	1	3	0.000000
899	1	3	0.000000
900	1	3	0.000000
901	1	0	0.000000
902	2	4	0.000000
903	2	5	0.000000
904	2	5	0.000000
905	3	1	0.000000
906	3	1	0.000000
907	3	1	0.000000
908	3	1	0.000000
909	3	1	0.000000
910	3	1	0.000000
911	3	1	0.000000
912	3	1	0.000000
913	3	1	0.000000
914	3	1	0.000000
915	3	3	0.000000
916	3	1	0.000000
917	3	1	0.000000
918	3	1	0.000000
919	3	1	0.000000
920	3	2	0.000000
921	3	1	0.000000
922	3	1	0.000000
923	3	1	0.000000
924	3	1	0.000000
925	4	1	0.000000
926	3	1	0.000000
927	3	1	0.000000
928	3	1	0.000000
929	4	1	0.000000
930	4	1	0.000000
931	4	0	0.000000
932	4	1	0.000000
933	4	1	0.000000
934	4	1	0.000000
935	4	1	0.000000
936	4	1	0.000000
937	4	1	0.000000
938	4	1	0.000000
939	3	1	0.000000
940	3	0	0.000000
941	3	1	0.000000
942	3	1	0.000000
943	3	1	0.000000
944	3	1	0.000000
945	3	1	0.000000
946	3	1	0.000000
947	3	2	0.000000
948	3	1	0.000000
949	3	1	0.000000
950	3	0	0.000000
951	3	3	0.000000
952	3	1	0.000000
953	3	1	0.000000
954	3	1	0.000000
955	3	1	0.000000
956	3	2	0.000000
957	3	1	0.000000
958	3	0	0.000000
959	3	1	0.000000
960	3	1	0.000000
961	3	1	0.000000
962	3	1	0.000000
963	3	1	0.000000
964	3	1	0.000000
965	3	3	0.000000
966	3	0	0.000000
967	3	1	0.000000
968	3	1	0.000000
969	3	0	0.000000
970	3	2	0.000000
971	3	1	0.000000
972	3	0	0.000000
973	3	1	0.000000
974	3	1	0.000000
975	3	1	0.000000
976	3	1	0.000000
977	3	1	0.000000
978	3	0	0.000000
979	3	1	0.000000
980	3	1	0.000000
981	3	1	0.000000
982	3	1	0.000000
983	3	1	0.000000
984	3	1	0.000000
985	3	1	0.000000
986	3	1	0.000000
987	3	1	0.000000
988	3	1	0.000000
989	3	1	0.000000
990	3	1	0.000000
991	3	1	0.000000
992	3	2	0.000000
993	2	5	0.000000
994	2	5	0.000000
995	2	5	0.000000
996	2	0	0.000000
997	2	5	0.000000
998	2	5	0.000000
999	2	5	0.000000
1000	2	5	0.000000
1001	2	5	0.000000
1002	2	5	0.000000
1003	1	3	0.000000
1004	1	3	0.000000
1005	1	3	0.000000
1006	1	3	0.000000
1007	1	1	0.000000
1008	1	3	0.000000
1009	1	3	0.000000
1010	1	3	0.000000
1011	1	3	0.000000
1012	1	3	0.000000
1013	1	2	0.000000
1014	1	3	0.000000
1015	1	0	0.000000
1016	1	3	0.000000
1017	1	3	0.000000
1018	2	5	0.000000
1019	2	5	0.000000
1020	2	5	0.000000
1021	2	5	0.000000
1022	2	5	0.000000
1023	3	1	0.000000
1024	3	1	0.000000
1025	3	2	0.000000
1026	3	1	0.000000
1027	3	0	0.000000
1028	2	4	0.000000
1029	2	2	0.000000
1030	2	5	0.000000
1031	2	2	0.000000
1032	2	5	0.000000
1033	2	5	0.000000
1034	2	5	0.000000
1035	2	5	0.000000
1036	2	3	0.000000
1037	2	5	0.000000
1038	2	5	0.000000
1039	2	5	0.000000
1040	2	5	0.000000
1041	2	5	0.000000
1042	2	5	0.000000
1043	1	3	0.000000
1044	1	3	0.000000
1045	1	3	0.000000
1046	1	3	0.000000
1047	1	3	0.000000
1048	1	1	0.000000
1049	1	3	0.000000
1050	1	3	0.000000
1051	1	3	0.000000
1052	1	3	0.000000
1053	1	0	0.000000
1054	1	3	0.000000
1055	1	3	0.000000
1056	1	3	0.000000
1057	2	5	0.000000
1058	2	5	0.000000
1059	2	5	0.000000
1060	2	5	0.000000
1061	2	5	0.000000
1062	2	5	0.000000
1063	2	5	0.000000
1064	2	5	0.000000
1065	2	5	0.000000
1066	2	5	0.000000
1067	2	0	0.000000
1068	2	5	0.000000
1069	2	1	0.000000
1070	2	4	0.000000
1071	2	5	0.000000
1072	2	5	0.000000
1073	2	2	0.000000
1074	3	1	0.000000
1075	3	1	0.000000
1076	3	1	0.000000
1077	3	0	0.000000
1078	3	1	0.000000
1079	3	1	0.000000
1080	3	1	0.000000
1081	3	0	0.000000
1082	3	1	0.000000
1083	3	1	0.000000
1084	3	1	0.000000
1085	3	1	0.000000
1086	3	1	0.000000
1087	3	1	0.000000
1088	3	1	0.000000
1089	3	1	0.000000
1090	3	1	0.000000
1091	3	2	0.000000
1092	3	1	0.000000
1093	3	1	0.000000
1094	3	1	0.000000
1095	3	1	0.000000
1096	3	1	0.000000
1097	3	1	0.000000
1098	3	1	0.000000
1099	3	1	0.000000
1100	3	1	0.000000
1101	3	1	0.000000
1102	3	1	0.000000
1103	3	1	0.000000
1104	3	1	0.000000
1105	3	1	0.000000
1106	3	1	0.000000
1107	3	1	0.000000
1108	3	1	0.000000
1109	3	1	0.000000
1110	3	1	0.000000
1111	3	1	0.000000
1112	2	5	0.000000
1113	2	5	0.000000
1114	2	2	0.000000
1115	2	5	0.000000
1116	2	5	0.000000
1117	2	5	0.000000
1118	2	5	0.000000
1119	2	5	0.000000
1120	2	0	0.000000
1121	2	3	0.000000
1122	2	5	0.000000
1123	2	5	0.000000
1124	2	3	0.000000
1125	2	5	0.000000
1126	1	2	0.000000
1127	1	3	0.000000
1128	1	3	0.000000
1129	1	3	0.000000
1130	2	5	0.000000
1131	2	5	0.000000
1132	2	5	0.000000
1133	2	5	0.000000
1134	2	5	0.000000
1135	2	5	0.000000
1136	2	5	0.000000
1137	2	2	0.000000
1138	2	5	0.000000
1139	2	5	0.000000
1140	2	5	0.000000
1141	1	3	0.000000
1142	1	3	0.000000
1143	1	3	0.000000
1144	1	3	0.000000
1145	1	3	0.000000
1146	1	3	0.000000
1147	1	3	0.000000
1148	1	0	0.000000
1149	1	3	0.000000
1150	1	2	0.000000
1151	1	3	0.000000
1152	1	3	0.000000
1153	1	3	0.000000
1154	2	5	0.000000
1155	2	5	0.000000
1156	2	5	0.000000
1157	2	5	0.000000
1158	2	5	0.000000
1159	2	3	0.000000
1160	2	0	0.000000
1161	3	1	0.000000
1162	3	1	0.000000
1163	3	1	0.000000
1164	3	1	0.000000
1165	2	5	0.000000
1166	2	5	0.000000
1167	2	5	0.000000
1168	2	0	0.000000
1169	2	5	0.000000
1170	3	1	0.000000
1171	3	1	0.000000
1172	2	5	0.000000
1173	2	5	0.000000
1174	2	5	0.000000
1175	2	5	0.000000
1176	2	5	0.000000
1177	2	0	0.000000
1178	2	5	0.000000
1179	2	5	0.000000
1180	2	5	0.000000
1181	2	5	0.000000
1182	2	5	0.000000
1183	2	5	0.000000
1184	2	5	0.000000
1185	2	4	0.000000
1186	2	5	0.000000
1187	2	5	0.000000
1188	1	3	0.000000
1189	1	3	0.000000
1190	1	3	0.000000
1191	2	5	0.000000
1192	2	5	0.000000
1193	2	5	0.000000
1194	1	3	0.000000
1195	2	5	0.000000
1196	2	3	0.000000
1197	2	0	0.000000
1198	2	5	0.000000
1199	2	5	0.000000
1200	2	5	0.000000
1201	2	5	0.000000
1202	2	5	0.000000
1203	2	5	0.000000
1204	2	5	0.000000
1205	2	5	0.000000
1206	2	5	0.000000
1207	2	5	0.000000
1208	2	0	0.000000
1209	2	5	0.000000
1210	2	5	0.000000
1211	2	5	0.000000
1212	2	5	0.000000
1213	2	5	0.000000
1214	3	0	0.000000
1215	3	1	0.000000
1216	3	1	0.000000
1217	3	1	0.000000
1218	3	1	0.000000
1219	3	1	0.000000
1220	3	1	0.000000
1221	3	0	0.000000
1222	3	3	0.000000
1223	3	1	0.000000
1224	3	1	0.000000
1225	3	1	0.000000
1226	3	1	0.000000
1227	3	2	0.000000
1228	3	1	0.000000
1229	3	1	0.000000
1230	3	0	0.000000
1231	3	1	0.000000
1232	3	1	0.000000
1233	3	1	0.000000
1234	3	1	0.000000
1235	3	1	0.000000
1236	3	1	0.000000
1237	3	0	0.000000
1238	3	1	0.000000
1239	3	1	0.000000
1240	3	1	0.000000
1241	2	5	0.000000
1242	2	5	0.000000
1243	2	3	0.000000
1244	2	5	0.000000
1245	2	5	0.000000
1246	2	5	0.000000
1247	2	3	0.000000
1248	2	0	0.000000
1249	2	5	0.000000
1250	2	5	0.000000
1251	2	0	0.000000
1252	2	2	0.000000
1253	2	5	0.000000
1254	2	5	0.000000
1255	2	2	0.000000
1256	2	2	0.000000
1257	2	5	0.000000
1258	2	5	0.000000
1259	2	5	0.000000
1260	2	1	0.000000
1261	2	5	0.000000
1262	2	5	0.000000
1263	2	5	0.000000
1264	2	5	0.000000
1265	2	5	0.000000
1266	2	5	0.000000
1267	1	3	0.000000
1268	1	3	0.000000
1269	1	3	0.000000
1270	1	3	0.000000
1271	1	3	0.000000
1272	1	3	0.000000
1273	1	3	0.000000
1274	1	3	0.000000
1275	2	5	0.000000
1276	2	5	0.000000
1277	1	3	0.000000
1278	1	3	0.000000
1279	1	3	0.000000
1280	2	5	0.000000
1281	2	0	0.000000
1282	2	5	0.000000
1283	2	5	0.000000
1284	2	5	0.000000
1285	2	5	0.000000
1286	2	5	0.000000
1287	2	5	0.000000
1288	2	2	0.000000
1289	2	5	0.000000
1290	2	5	0.000000
1291	2	5	0.000000
1292	2	5	0.000000
1293	1	3	0.000000
1294	2	3	0.000000
1295	1	3	0.000000
1296	1	3	0.000000
1297	1	3	0.000000
1298	1	3	0.000000
1299	1	3	0.000000
1300	1	3	0.000000
1301	1	3	0.000000
1302	1	3	0.000000
1303	1	3	0.000000
1304	1	3	0.000000
1305	1	3	0.000000
1306	1	3	0.000000
1307	1	3	0.000000
1308	1	3	0.000000
1309	1	3	0.000000
1310	1	3	0.000000
1311	1	3	0.000000
1312	1	3	0.000000
1313	1	3	0.000000
1314	1	2	0.000000
1315	1	3	0.000000
1316	1	3	0.000000
1317	1	3	0.000000
1318	1	3	0.000000
1319	1	3	0.000000
1320	1	3	0.000000
1321	1	3	0.000000
1322	1	3	0.000000
1323	1	0	0.000000
1324	1	3	0.000000
1325	1	3	0.000000
1326	1	3	0.000000
1327	1	3	0.000000
1328	1	3	0.000000
1329	1	3	0.000000
1330	1	3	0.000000
1331	1	3	0.000000
1332	1	3	0.000000
1333	1	3	0.000000
1334	1	3	0.000000
1335	1	3	0.000000
1336	1	3	0.000000
1337	1	2	0.000000
1338	1	0	0.000000
1339	2	5	0.000000
1340	2	5	0.000000
1341	2	5	0.000000
1342	2	5	0.000000
1343	2	5	0.000000
1344	2	5	0.000000
1345	2	5	0.000000
1346	2	5	0.000000
1347	2	5	0.000000
1348	2	5	0.000000
1349	2	5	0.000000
1350	1	3	0.000000
1351	1	3	0.000000
1352	1	0	0.000000
1353	1	3	0.000000
1354	1	3	0.000000
1355	1	1	0.000000
1356	1	1	0.000000
1357	1	3	0.000000
1358	1	3	0.000000
1359	1	3	0.000000
1360	1	3	0.000000
1361	1	0	0.000000
1362	1	3	0.000000
1363	1	3	0.000000
1364	1	3	0.000000
1365	1	3	0.000000
1366	1	1	0.000000
1367	1	3	0.000000
1368	1	3	0.000000
1369	1	3	0.000000
1370	1	0	0.000000
1371	1	3	0.000000
1372	1	3	0.000000
1373	1	3	0.000000
1374	1	3	0.000000
1375	1	3	0.000000
1376	1	3	0.000000
1377	1	3	0.000000
1378	1	3	0.000000
1379	1	0	0.000000
1380	1	0	0.000000
1381	1	3	0.000000
1382	1	3	0.000000
1383	1	3	0.000000
1384	1	1	0.000000
1385	1	3	0.000000
1386	1	3	0.000000
1387	1	3	0.000000
1388	1	1	0.000000
1389	1	3	0.000000
1390	1	3	0.000000
1391	1	3	0.000000
1392	1	0	0.000000
1393	1	3	0.000000
1394	1	3	0.000000
1395	1	3	0.000000
1396	1	3	0.000000
1397	1	3	0.000000
1398	1	3	0.000000
1399	1	3	0.000000
1400	1	3	0.000000
1401	1	3	0.000000
1402	1	3	0.000000
1403	1	2	0.000000
1404	1	3	0.000000
1405	1	3	0.000000
1406	1	3	0.000000
1407	1	1	0.000000
1408	1	3	0.000000
1409	1	3	0.000000
1410	1	3	0.000000
1411	1	3	0.000000
1412	1	0	0.000000
1413	1	3	0.000000
1414	1	3	0.000000
1415	1	2	0.000000
1416	1	3	0.000000
1417	1	3	0.000000
1418	1	3	0.000000
1419	1	3	0.000000
1420	1	0	0.000000
1421	1	3	0.000000
1422	1	3	0.000000
1423	1	0	0.000000
1424	1	2	0.000000
1425	1	3	0.000000
1426	1	1	0.000000
1427	1	3	0.000000
1428	1	1	0.000000
1429	1	1	0.000000
1430	1	3	0.000000
1431	1	3	0.000000
1432	1	3	0.000000
1433	1	3	0.000000
1434	1	3	0.000000
1435	1	3	0.000000
1436	1	3	0.000000
1437	1	3	0.000000
1438	1	3	0.000000
1439	1	3	0.000000
1440	1	3	0.000000
1441	1	3	0.000000
1442	1	3	0.000000
1443	1	2	0.000000
1444	1	3	0.000000
1445	1	3	0.000000
1446	1	3	0.000000
1447	1	0	0.000000
1448	1	3	0.000000
1449	1	3	0.000000
1450	1	3	0.000000
1451	1	3	0.000000
1452	1	3	0.000000
1453	1	3	0.000000
1454	1	3	0.000000
1455	1	3	0.000000
1456	1	3	0.000000
1457	1	3	0.000000
1458	1	3	0.000000
1459	1	3	0.000000
1460	1	3	0.000000
1461	1	3	0.000000
1462	1	0	0.000000
1463	1	0	0.000000
1464	1	3	0.000000
1465	1	3	0.000000
1466	1	3	0.000000
1467	1	3	0.000000
1468	1	3	0.000000
1469	1	3	0.000000
1470	1	0	0.000000
1471	1	3	0.000000
1472	1	3	0.000000
1473	1	3	0.000000
1474	1	3	0.000000
1475	1	3	0.000000
1476	1	3	0.000000
1477	1	3	0.000000
1478	1	3	0.000000
1479	1	3	0.000000
1480	1	3	0.000000
1481	1	3	0.000000
1482	1	3	0.000000
1483	1	3	0.000000
1484	1	3	0.000000
1485	1	3	0.000000
1486	1	3	0.000000
1487	1	3	0.000000
1488	1	3	0.000000
1489	1	3	0.000000
1490	1	3	0.000000
1491	1	3	0.000000
1492	1	3	0.000000
1493	1	3	0.000000
1494	1	3	0.000000
1495	1	3	0.000000
1496	1	1	0.000000
1497	1	3	0.000000
1498	1	3	0.000000
1499	1	2	0.000000
1500	1	3	0.000000
1501	1	3	0.000000
1502	1	3	0.000000
1503	1	3	0.000000
1504	1	3	0.000000
1505	1	3	0.000000
1506	1	3	0.000000
1507	1	3	0.000000
1508	1	3	0.000000
1509	1	3	0.000000
1510	1	3	0.000000
1511	1	3	0.000000
1512	1	3	0.000000
1513	1	3	0.000000
1514	1	3	0.000000
1515	1	3	0.000000
1516	1	3	0.000000
1517	1	3	0.000000
1518	1	3	0.000000
1519	1	2	0.000000
1520	1	3	0.000000
1521	1	0	0.000000
1522	1	3	0.000000
1523	1	3	0.000000
1524	1	3	0.000000
1525	1	3	0.000000
1526	1	3	0.000000
1527	1	0	0.000000
1528	1	1	0.000000
1529	1	3	0.000000
1530	1	3	0.000000
1531	1	3	0.000000
1532	1	3	0.000000
1533	1	3	0.000000
1534	1	1	0.000000
1535	1	0	0.000000
1536	1	3	0.000000
1537	1	2	0.000000
1538	1	0	0.000000
1539	1	3	0.000000
1540	1	3	0.000000
1541	1	1	0.000000
1542	2	5	0.000000
1543	2	1	0.000000
1544	2	5	0.000000
1545	2	0	0.000000
1546	2	5	0.000000
1547	2	5	0.000000
1548	2	5	0.000000
1549	3	1	0.000000
1550	3	1	0.000000
1551	3	1	0.000000
1552	3	1	0.000000
1553	3	1	0.000000
1554	3	1	0.000000
1555	3	1	0.000000
1556	3	1	0.000000
1557	3	1	0.000000
1558	3	1	0.000000
1559	3	1	0.000000
1560	3	1	0.000000
1561	3	3	0.000000
1562	3	0	0.000000
1563	3	0	0.000000
1564	3	3	0.000000
1565	3	1	0.000000
1566	3	1	0.000000
1567	3	1	0.000000
1568	3	2	0.000000
1569	3	1	0.000000
1570	3	1	0.000000
1571	3	1	0.000000
1572	3	1	0.000000
1573	3	1	0.000000
1574	3	1	0.000000
1575	3	2	0.000000
1576	3	1	0.000000
1577	3	1	0.000000
1578	3	1	0.000000
1579	3	1	0.000000
1580	3	1	0.000000
1581	2	5	0.000000
1582	3	2	0.000000
1583	2	5	0.000000
1584	2	5	0.000000
1585	2	5	0.000000
1586	2	5	0.000000
1587	2	5	0.000000
1588	2	0	0.000000
1589	2	5	0.000000
1590	2	5	0.000000
1591	2	5	0.000000
1592	2	5	0.000000
1593	2	4	0.000000
1594	2	5	0.000000
1595	2	3	0.000000
1596	2	5	0.000000
1597	2	1	0.000000
1598	2	5	0.000000
1599	1	3	0.000000
1600	1	3	0.000000
1601	1	3	0.000000
1602	1	3	0.000000
1603	1	3	0.000000
1604	1	2	0.000000
1605	1	3	0.000000
1606	1	1	0.000000
1607	1	3	0.000000
1608	1	3	0.000000
1609	1	3	0.000000
1610	1	2	0.000000
1611	1	3	0.000000
1612	1	3	0.000000
1613	1	3	0.000000
1614	2	5	0.000000
1615	2	5	0.000000
1616	2	5	0.000000
1617	3	3	0.000000
1618	3	1	0.000000
1619	3	1	0.000000
1620	3	3	0.000000
1621	3	3	0.000000
1622	3	1	0.000000
1623	3	2	0.000000
1624	3	1	0.000000
1625	3	1	0.000000
1626	3	1	0.000000
1627	3	1	0.000000
1628	3	1	0.000000
1629	3	1	0.000000
1630	3	0	0.000000
1631	3	1	0.000000
1632	3	1	0.000000
1633	3	1	0.000000
1634	3	0	0.000000
1635	3	1	0.000000
1636	3	1	0.000000
1637	3	1	0.000000
1638	3	1	0.000000
1639	3	1	0.000000
1640	3	1	0.000000
1641	3	1	0.000000
1642	3	1	0.000000
1643	3	3	0.000000
1644	3	1	0.000000
1645	3	2	0.000000
1646	3	1	0.000000
1647	3	1	0.000000
1648	3	1	0.000000
1649	3	2	0.000000
1650	3	1	0.000000
1651	3	1	0.000000
1652	3	3	0.000000
1653	3	1	0.000000
1654	3	1	0.000000
1655	3	2	0.000000
1656	3	1	0.000000
1657	3	0	0.000000
1658	3	1	0.000000
1659	3	3	0.000000
1660	3	2	0.000000
1661	3	1	0.000000
1662	3	1	0.000000
1663	3	1	0.000000
1664	3	1	0.000000
1665	3	1	0.000000
1666	3	1	0.000000
1667	3	0	0.000000
1668	3	0	0.000000
1669	3	1	0.000000
1670	3	1	0.000000
1671	3	1	0.000000
1672	3	1	0.000000
1673	3	1	0.000000
1674	3	3	0.000000
1675	3	1	0.000000
1676	3	1	0.000000
1677	3	1	0.000000
1678	3	1	0.000000
1679	3	1	0.000000
1680	3	1	0.000000
1681	3	1	0.000000
1682	3	1	0.000000
1683	3	1	0.000000
1684	3	1	0.000000
1685	3	1	0.000000
1686	3	1	0.000000
1687	3	1	0.000000
1688	3	1	0.000000
1689	3	1	0.000000
1690	3	1	0.000000
1691	3	1	0.000000
1692	3	1	0.000000
1693	3	1	0.000000
1694	3	1	0.000000
1695	3	1	0.000000
1696	3	1	0.000000
1697	3	1	0.000000
1698	3	1	0.000000
1699	3	1	0.000000
1700	3	1	0.000000
1701	3	0	0.000000
1702	3	1	0.000000
1703	3	1	0.000000
1704	3	1	0.000000
1705	3	2	0.000000
1706	3	1	0.000000
1707	3	1	0.000000
1708	3	1	0.000000
1709	3	2	0.000000
1710	3	2	0.000000
1711	3	3	0.000000
1712	3	1	0.000000
1713	3	1	0.000000
1714	3	1	0.000000
1715	3	1	0.000000
1716	3	1	0.000000
1717	3	1	0.000000
1718	3	1	0.000000
1719	3	1	0.000000
1720	3	1	0.000000
1721	3	1	0.000000
1722	3	1	0.000000
1723	3	1	0.000000
1724	3	1	0.000000
1725	3	1	0.000000
1726	3	1	0.000000
1727	3	1	0.000000
1728	3	1	0.000000
1729	3	1	0.000000
1730	3	1	0.000000
1731	3	1	0.000000
1732	3	1	0.000000
1733	3	1	0.000000
1734	3	1	0.000000
1735	3	1	0.000000
1736	3	1	0.000000
1737	3	1	0.000000
1738	3	1	0.000000
1739	3	2	0.000000
1740	3	1	0.000000
1741	3	1	0.000000
1742	3	1	0.000000
1743	3	1	0.000000
1744	3	2	0.000000
1745	3	1	0.000000
1746	3	1	0.000000
1747	3	1	0.000000
1748	3	1	0.000000
1749	3	1	0.000000
1750	3	1	0.000000
1751	3	1	0.000000
1752	3	1	0.000000
1753	3	0	0.000000
1754	3	2	0.000000
1755	3	1	0.000000
1756	3	1	0.000000
1757	3	1	0.000000
1758	3	1	0.000000
1759	3	1	0.000000
1760	3	1	0.000000
1761	3	1	0.000000
1762	3	1	0.000000
1763	3	1	0.000000
1764	3	1	0.000000
1765	3	1	0.000000
1766	3	1	0.000000
1767	3	1	0.000000
1768	3	1	0.000000
1769	3	1	0.000000
1770	3	1	0.000000
1771	3	2	0.000000
1772	3	1	0.000000
1773	3	1	0.000000
1774	3	2	0.000000
1775	3	3	0.000000
1776	3	1	0.000000
1777	3	1	0.000000
1778	3	1	0.000000
1779	3	1	0.000000
1780	3	1	0.000000
1781	3	2	0.000000
1782	3	1	0.000000
1783	3	1	0.000000
1784	3	1	0.000000
1785	3	1	0.000000
1786	3	1	0.000000
1787	3	1	0.000000
1788	3	1	0.000000
1789	3	1	0.000000
1790	3	1	0.000000
1791	3	1	0.000000
1792	3	1	0.000000
1793	3	1	0.000000
1794	3	1	0.000000
1795	3	1	0.000000
1796	3	1	0.000000
1797	3	1	0.000000
1798	3	1	0.000000
1799	3	1	0.000000
1800	3	1	0.000000
1801	3	1	0.000000
1802	3	1	0.000000
1803	3	1	0.000000
1804	3	1	0.000000
1805	3	1	0.000000
1806	3	1	0.000000
1807	3	1	0.000000
1808	3	1	0.000000
1809	3	1	0.000000
1810	3	2	0.000000
1811	3	1	0.000000
1812	3	1	0.000000
1813	3	1	0.000000
1814	3	1	0.000000
1815	3	1	0.000000
1816	3	1	0.000000
1817	3	1	0.000000
1818	3	0	0.000000
1819	3	1	0.000000
1820	3	1	0.000000
1821	3	1	0.000000
1822	3	1	0.000000
1823	3	1	0.000000
1824	3	0	0.000000
1825	3	1	0.000000
1826	2	5	0.000000
1827	2	5	0.000000
1828	2	5	0.000000
1829	2	5	0.000000
1830	2	5	0.000000
1831	2	5	0.000000
1832	2	5	0.000000
1833	2	2	0.000000
1834	2	5	0.000000
1835	2	5	0.000000
1836	2	5	0.000000
1837	1	3	0.000000
1838	1	3	0.000000
1839	2	5	0.000000
1840	2	5	0.000000
1841	2	5	0.000000
1842	2	5	0.000000
1843	1	3	0.000000
1844	1	3	0.000000
1845	1	3	0.000000
1846	1	3	0.000000
1847	2	5	0.000000
1848	1	3	0.000000
1849	1	3	0.000000
1850	1	3	0.000000
1851	1	3	0.000000
1852	1	2	0.000000
1853	1	3	0.000000
1854	1	2	0.000000
1855	1	2	0.000000
1856	1	3	0.000000
1857	1	3	0.000000
1858	1	3	0.000000
1859	1	3	0.000000
1860	1	3	0.000000
1861	1	3	0.000000
1862	1	3	0.000000
1863	2	5	0.000000
1864	2	5	0.000000
1865	2	5	0.000000
1866	2	5	0.000000
1867	2	1	0.000000
1868	2	2	0.000000
1869	2	2	0.000000
1870	2	5	0.000000
1871	2	5	0.000000
1872	2	5	0.000000
1873	2	5	0.000000
1874	2	5	0.000000
1875	2	5	0.000000
1876	2	5	0.000000
1877	2	5	0.000000
1878	2	5	0.000000
1879	2	5	0.000000
1880	2	1	0.000000
1881	1	3	0.000000
1882	1	1	0.000000
1883	1	3	0.000000
1884	1	2	0.000000
1885	1	2	0.000000
1886	1	3	0.000000
1887	1	3	0.000000
1888	1	3	0.000000
1889	1	3	0.000000
1890	1	3	0.000000
1891	1	0	0.000000
1892	1	3	0.000000
1893	1	3	0.000000
1894	1	3	0.000000
1895	1	3	0.000000
1896	1	1	0.000000
1897	2	3	0.000000
1898	2	5	0.000000
1899	2	5	0.000000
1900	2	0	0.000000
1901	2	5	0.000000
1902	2	5	0.000000
1903	2	5	0.000000
1904	2	5	0.000000
1905	2	5	0.000000
1906	2	5	0.000000
1907	2	4	0.000000
1908	2	5	0.000000
1909	2	5	0.000000
1910	2	5	0.000000
1911	2	5	0.000000
1912	2	5	0.000000
1913	2	5	0.000000
1914	2	5	0.000000
1915	1	1	0.000000
1916	1	3	0.000000
1917	1	3	0.000000
1918	1	3	0.000000
1919	1	3	0.000000
1920	1	3	0.000000
1921	1	3	0.000000
1922	1	2	0.000000
1923	1	2	0.000000
1924	1	3	0.000000
1925	1	3	0.000000
1926	1	3	0.000000
1927	1	3	0.000000
1928	1	3	0.000000
1929	1	3	0.000000
1930	1	3	0.000000
1931	1	3	0.000000
1932	1	3	0.000000
1933	2	0	0.000000
1934	2	1	0.000000
1935	2	5	0.000000
1936	2	5	0.000000
1937	2	5	0.000000
1938	2	5	0.000000
1939	2	5	0.000000
1940	2	5	0.000000
1941	2	5	0.000000
1942	2	4	0.000000
1943	2	5	0.000000
1944	2	1	0.000000
1945	2	5	0.000000
1946	2	5	0.000000
1947	2	5	0.000000
1948	2	5	0.000000
1949	2	5	0.000000
1950	1	3	0.000000
1951	1	3	0.000000
1952	1	2	0.000000
1953	1	3	0.000000
1954	1	3	0.000000
1955	1	2	0.000000
1956	1	3	0.000000
1957	1	3	0.000000
1958	1	3	0.000000
1959	1	3	0.000000
1960	1	3	0.000000
1961	1	3	0.000000
1962	1	3	0.000000
1963	1	3	0.000000
1964	1	3	0.000000
1965	1	3	0.000000
1966	1	3	0.000000
1967	2	5	0.000000
1968	2	5	0.000000
1969	2	5	0.000000
1970	2	4	0.000000
1971	2	4	0.000000
1972	2	2	0.000000
1973	3	1	0.000000
1974	3	1	0.000000
1975	3	3	0.000000
1976	3	1	0.000000
1977	3	0	0.000000
1978	2	5	0.000000
1979	2	5	0.000000
1980	2	5	0.000000
1981	2	5	0.000000
1982	2	5	0.000000
1983	2	4	0.000000
1984	2	5	0.000000
1985	2	5	0.000000
1986	2	5	0.000000
1987	1	3	0.000000
1988	1	1	0.000000
1989	1	3	0.000000
1990	1	3	0.000000
1991	1	3	0.000000
1992	1	3	0.000000
1993	1	3	0.000000
1994	2	5	0.000000
1995	2	5	0.000000
1996	1	0	0.000000
1997	1	2	0.000000
1998	1	3	0.000000
1999	1	2	0.000000
2000	1	3	0.000000
2001	1	3	0.000000
2002	2	4	0.000000
2003	2	5	0.000000
2004	2	5	0.000000
2005	2	5	0.000000
2006	1	0	0.000000
2007	1	3	0.000000
2008	1	3	0.000000
2009	1	3	0.000000
2010	1	3	0.000000
2011	1	3	0.000000
2012	1	3	0.000000
2013	1	0	0.000000
2014	1	3	0.000000
2015	1	3	0.000000
2016	1	3	0.000000
2017	2	5	0.000000
2018	1	3	0.000000
2019	1	3	0.000000
2020	2	5	0.000000
2021	2	5	0.000000
2022	2	5	0.000000
2023	2	1	0.000000
2024	2	5	0.000000
2025	2	5	0.000000
2026	2	5	0.000000
2027	2	3	0.000000
2028	2	5	0.000000
2029	2	5	0.000000
2030	2	5	0.000000
2031	1	3	0.000000
2032	1	2	0.000000
2033	1	3	0.000000
2034	1	3	0.000000
2035	2	0	0.000000
2036	2	0	0.000000
2037	1	3	0.000000
2038	1	3	0.000000
2039	1	3	0.000000
2040	1	3	0.000000
2041	1	3	0.000000
2042	1	0	0.000000
2043	1	3	0.000000
2044	1	3	0.000000
2045	1	1	0.000000
2046	1	3	0.000000
2047	1	3	0.000000
2048	1	3	0.000000
2049	1	3	0.000000
2050	2	0	0.000000
2051	2	5	0.000000
2052	2	5	0.000000
2053	2	5	0.000000
2054	2	5	0.000000
2055	2	5	0.000000
2056	2	5	0.000000
2057	2	5	0.000000
2058	2	5	0.000000
2059	2	5	0.000000
2060	2	5	0.000000
2061	2	5	0.000000
2062	2	5	0.000000
2063	2	5	0.000000
2064	2	3	0.000000
2065	1	3	0.000000
2066	1	1	0.000000
2067	2	2	0.000000
2068	1	3	0.000000
2069	1	3	0.000000
2070	1	3	0.000000
2071	1	3	0.000000
2072	1	3	0.000000
2073	1	3	0.000000
2074	1	3	0.000000
2075	1	3	0.000000
2076	1	3	0.000000
2077	1	3	0.000000
2078	1	3	0.000000
2079	1	3	0.000000
2080	1	3	0.000000
2081	1	3	0.000000
2082	1	3	0.000000
2083	1	0	0.000000
2084	1	3	0.000000
2085	1	3	0.000000
2086	1	3	0.000000
2087	1	3	0.000000
2088	1	3	0.000000
2089	2	5	0.000000
2090	2	5	0.000000
2091	2	5	0.000000
2092	1	3	0.000000
2093	2	5	0.000000
2094	2	5	0.000000
2095	2	5	0.000000
2096	3	1	0.000000
2097	3	1	0.000000
2098	3	2	0.000000
2099	3	1	0.000000
2100	3	1	0.000000
2101	3	1	0.000000
2102	3	3	0.000000
2103	3	1	0.000000
2104	3	1	0.000000
2105	3	1	0.000000
2106	4	3	0.000000
2107	4	1	0.000000
2108	4	1	0.000000
2109	3	1	0.000000
2110	3	1	0.000000
2111	3	1	0.000000
2112	3	1	0.000000
2113	3	1	0.000000
2114	3	1	0.000000
2115	3	2	0.000000
2116	3	1	0.000000
2117	3	1	0.000000
2118	3	1	0.000000
2119	3	1	0.000000
2120	3	1	0.000000
2121	3	1	0.000000
2122	3	3	0.000000
2123	3	1	0.000000
2124	3	1	0.000000
2125	3	1	0.000000
2126	3	1	0.000000
2127	3	1	0.000000
2128	3	1	0.000000
2129	3	1	0.000000
2130	3	1	0.000000
2131	3	1	0.000000
2132	3	1	0.000000
2133	3	1	0.000000
2134	3	1	0.000000
2135	3	3	0.000000
2136	3	1	0.000000
2137	3	2	0.000000
2138	3	2	0.000000
2139	3	1	0.000000
2140	3	1	0.000000
2141	3	0	0.000000
2142	3	1	0.000000
2143	3	1	0.000000
2144	3	1	0.000000
2145	3	1	0.000000
2146	3	1	0.000000
2147	3	2	0.000000
2148	3	1	0.000000
2149	3	1	0.000000
2150	3	1	0.000000
2151	3	1	0.000000
2152	3	1	0.000000
2153	3	1	0.000000
2154	3	1	0.000000
2155	3	1	0.000000
2156	3	1	0.000000
2157	3	1	0.000000
2158	3	0	0.000000
2159	3	1	0.000000
2160	3	1	0.000000
2161	3	1	0.000000
2162	3	3	0.000000
2163	3	1	0.000000
2164	3	2	0.000000
2165	3	1	0.000000
2166	3	3	0.000000
2167	3	1	0.000000
2168	3	1	0.000000
2169	3	1	0.000000
2170	3	1	0.000000
2171	3	2	0.000000
2172	3	1	0.000000
2173	3	3	0.000000
2174	3	1	0.000000
2175	3	1	0.000000
2176	3	1	0.000000
2177	3	1	0.000000
2178	3	1	0.000000
2179	3	1	0.000000
2180	3	1	0.000000
2181	3	1	0.000000
2182	3	1	0.000000
2183	3	1	0.000000
2184	3	1	0.000000
2185	3	2	0.000000
2186	3	1	0.000000
2187	3	1	0.000000
2188	3	2	0.000000
2189	3	1	0.000000
2190	3	1	0.000000
2191	3	1	0.000000
2192	3	0	0.000000
2193	3	1	0.000000
2194	3	1	0.000000
2195	3	0	0.000000
2196	3	1	0.000000
2197	3	1	0.000000
2198	3	1	0.000000
2199	3	1	0.000000
2200	3	1	0.000000
2201	3	2	0.000000
2202	3	0	0.000000
2203	3	1	0.000000
2204	3	2	0.000000
2205	3	1	0.000000
2206	3	0	0.000000
2207	3	1	0.000000
2208	3	1	0.000000
2209	3	1	0.000000
2210	3	0	0.000000
2211	3	1	0.000000
2212	3	0	0.000000
2213	3	1	0.000000
2214	3	1	0.000000
2215	3	1	0.000000
2216	3	1	0.000000
2217	3	1	0.000000
2218	3	1	0.000000
2219	3	1	0.000000
2220	3	1	0.000000
2221	2	5	0.000000
2222	2	0	0.000000
2223	2	5	0.000000
2224	2	5	0.000000
2225	2	5	0.000000
2226	2	5	0.000000
2227	2	5	0.000000
2228	2	5	0.000000
2229	2	5	0.000000
2230	2	5	0.000000
2231	2	5	0.000000
2232	2	5	0.000000
2233	1	3	0.000000
2234	1	3	0.000000
2235	1	3	0.000000
2236	1	2	0.000000
2237	2	5	0.000000
2238	1	3	0.000000
2239	1	3	0.000000
2240	1	3	0.000000
2241	1	3	0.000000
2242	1	3	0.000000
2243	1	3	0.000000
2244	1	3	0.000000
2245	1	2	0.000000
2246	2	5	0.000000
2247	2	5	0.000000
2248	2	5	0.000000
2249	2	4	0.000000
2250	2	5	0.000000
2251	2	5	0.000000
2252	2	1	0.000000
2253	2	3	0.000000
2254	2	5	0.000000
2255	3	1	0.000000
2256	2	5	0.000000
2257	3	1	0.000000
2258	3	1	0.000000
2259	3	3	0.000000
2260	3	1	0.000000
2261	3	1	0.000000
2262	3	1	0.000000
2263	3	1	0.000000
2264	3	1	0.000000
2265	3	1	0.000000
2266	3	0	0.000000
2267	3	1	0.000000
2268	3	1	0.000000
2269	3	1	0.000000
2270	3	1	0.000000
2271	3	1	0.000000
2272	3	1	0.000000
2273	3	1	0.000000
2274	3	1	0.000000
2275	3	1	0.000000
2276	3	1	0.000000
2277	3	1	0.000000
2278	3	1	0.000000
2279	3	1	0.000000
2280	3	1	0.000000
2281	3	1	0.000000
2282	3	1	0.000000
2283	3	1	0.000000
2284	3	1	0.000000
2285	3	1	0.000000
2286	3	2	0.000000
2287	3	1	0.000000
2288	3	1	0.000000
2289	3	1	0.000000
2290	3	1	0.000000
2291	3	2	0.000000
2292	3	1	0.000000
2293	3	1	0.000000
2294	3	3	0.000000
2295	3	1	0.000000
2296	3	1	0.000000
2297	3	1	0.000000
2298	3	1	0.000000
2299	3	1	0.000000
2300	3	1	0.000000
2301	3	1	0.000000
2302	3	3	0.000000
2303	3	1	0.000000
2304	3	2	0.000000
2305	3	1	0.000000
2306	3	1	0.000000
2307	3	2	0.000000
2308	3	1	0.000000
2309	3	1	0.000000
2310	3	1	0.000000
2311	3	1	0.000000
2312	3	1	0.000000
2313	3	1	0.000000
2314	3	1	0.000000
2315	3	3	0.000000
2316	3	1	0.000000
2317	3	1	0.000000
2318	3	1	0.000000
2319	3	0	0.000000
2320	3	1	0.000000
2321	3	1	0.000000
2322	3	1	0.000000
2323	2	5	0.000000
2324	2	5	0.000000
2325	2	5	0.000000
2326	2	5	0.000000
2327	2	2	0.000000
2328	2	5	0.000000
2329	2	5	0.000000
2330	2	5	0.000000
2331	2	5	0.000000
2332	2	5	0.000000
2333	2	5	0.000000
2334	1	0	0.000000
2335	1	3	0.000000
2336	1	0	0.000000
2337	1	3	0.000000
2338	1	3	0.000000
2339	1	2	0.000000
2340	1	3	0.000000
2341	1	3	0.000000
2342	1	1	0.000000
2343	1	3	0.000000
2344	1	3	0.000000
2345	1	3	0.000000
2346	1	3	0.000000
2347	1	3	0.000000
2348	1	0	0.000000
2349	1	3	0.000000
2350	1	2	0.000000
2351	2	5	0.000000
2352	2	5	0.000000
2353	2	3	0.000000
2354	2	5	0.000000
2355	2	5	0.000000
2356	2	5	0.000000
2357	2	5	0.000000
2358	2	5	0.000000
2359	2	2	0.000000
2360	2	5	0.000000
2361	3	1	0.000000
2362	3	1	0.000000
2363	3	0	0.000000
2364	3	3	0.000000
2365	2	5	0.000000
2366	2	5	0.000000
2367	2	5	0.000000
2368	2	5	0.000000
2369	2	5	0.000000
2370	2	5	0.000000
2371	2	5	0.000000
2372	2	5	0.000000
2373	2	5	0.000000
2374	2	5	0.000000
2375	2	5	0.000000
2376	2	5	0.000000
2377	2	5	0.000000
2378	2	5	0.000000
2379	2	5	0.000000
2380	2	5	0.000000
2381	2	5	0.000000
2382	1	3	0.000000
2383	1	3	0.000000
2384	1	3	0.000000
2385	1	3	0.000000
2386	1	2	0.000000
2387	1	0	0.000000
2388	1	3	0.000000
2389	1	3	0.000000
2390	1	3	0.000000
2391	1	3	0.000000
2392	1	3	0.000000
2393	1	3	0.000000
2394	1	3	0.000000
2395	1	3	0.000000
2396	1	3	0.000000
2397	1	3	0.000000
2398	1	3	0.000000
2399	1	3	0.000000
2400	2	1	0.000000
2401	1	3	0.000000
2402	1	3	0.000000
2403	1	2	0.000000
2404	1	3	0.000000
2405	2	5	0.000000
2406	2	1	0.000000
2407	2	5	0.000000
2408	2	5	0.000000
2409	2	5	0.000000
2410	2	5	0.000000
2411	2	5	0.000000
2412	2	5	0.000000
2413	3	3	0.000000
2414	3	1	0.000000
2415	3	1	0.000000
2416	3	1	0.000000
2417	3	2	0.000000
2418	2	5	0.000000
2419	2	5	0.000000
2420	2	5	0.000000
2421	3	1	0.000000
2422	3	1	0.000000
2423	3	1	0.000000
2424	3	1	0.000000
2425	3	3	0.000000
2426	3	1	0.000000
2427	3	1	0.000000
2428	3	1	0.000000
2429	3	3	0.000000
2430	3	1	0.000000
2431	3	1	0.000000
2432	3	1	0.000000
2433	3	1	0.000000
2434	3	1	0.000000
2435	3	1	0.000000
2436	3	1	0.000000
2437	3	1	0.000000
2438	3	0	0.000000
2439	2	5	0.000000
2440	2	5	0.000000
2441	2	5	0.000000
2442	2	5	0.000000
2443	2	5	0.000000
2444	2	5	0.000000
2445	2	5	0.000000
2446	2	5	0.000000
2447	2	5	0.000000
2448	2	5	0.000000
2449	2	5	0.000000
2450	2	5	0.000000
2451	2	5	0.000000
2452	2	5	0.000000
2453	2	5	0.000000
2454	2	5	0.000000
2455	2	5	0.000000
2456	2	5	0.000000
2457	1	3	0.000000
2458	2	0	0.000000
2459	2	5	0.000000
2460	2	5	0.000000
2461	1	3	0.000000
2462	1	3	0.000000
2463	1	1	0.000000
2464	1	0	0.000000
2465	1	3	0.000000
2466	1	3	0.000000
2467	1	3	0.000000
2468	1	3	0.000000
2469	1	3	0.000000
2470	1	3	0.000000
2471	1	3	0.000000
2472	1	3	0.000000
2473	1	1	0.000000
2474	1	3	0.000000
2475	1	3	0.000000
2476	1	3	0.000000
2477	1	3	0.000000
2478	1	3	0.000000
2479	1	3	0.000000
2480	2	5	0.000000
2481	2	5	0.000000
2482	2	1	0.000000
2483	2	5	0.000000
2484	2	2	0.000000
2485	3	1	0.000000
2486	3	1	0.000000
2487	3	1	0.000000
2488	3	1	0.000000
2489	3	1	0.000000
2490	3	0	0.000000
2491	3	1	0.000000
2492	3	1	0.000000
2493	2	5	0.000000
2494	3	1	0.000000
2495	2	5	0.000000
2496	2	5	0.000000
2497	2	4	0.000000
2498	2	5	0.000000
2499	2	5	0.000000
2500	2	5	0.000000
2501	2	5	0.000000
2502	2	5	0.000000
2503	2	5	0.000000
2504	2	5	0.000000
2505	2	3	0.000000
2506	2	5	0.000000
2507	2	5	0.000000
2508	2	5	0.000000
2509	2	5	0.000000
2510	1	3	0.000000
2511	1	3	0.000000
2512	1	3	0.000000
2513	2	5	0.000000
2514	1	3	0.000000
2515	1	3	0.000000
2516	1	3	0.000000
2517	1	3	0.000000
2518	1	3	0.000000
2519	1	2	0.000000
2520	1	3	0.000000
2521	1	3	0.000000
2522	1	3	0.000000
2523	1	2	0.000000
2524	1	3	0.000000
2525	1	3	0.000000
2526	1	3	0.000000
2527	1	3	0.000000
2528	2	5	0.000000
2529	2	5	0.000000
2530	2	3	0.000000
2531	2	5	0.000000
2532	2	1	0.000000
2533	2	5	0.000000
2534	2	5	0.000000
2535	2	0	0.000000
2536	2	5	0.000000
2537	2	5	0.000000
2538	2	5	0.000000
2539	2	0	0.000000
2540	2	5	0.000000
2541	2	5	0.000000
2542	2	3	0.000000
2543	2	5	0.000000
2544	2	5	0.000000
2545	2	5	0.000000
2546	2	5	0.000000
2547	2	5	0.000000
2548	1	3	0.000000
2549	1	3	0.000000
2550	1	3	0.000000
2551	1	2	0.000000
2552	1	3	0.000000
2553	1	3	0.000000
2554	1	3	0.000000
2555	1	3	0.000000
2556	1	3	0.000000
2557	1	3	0.000000
2558	1	3	0.000000
2559	1	3	0.000000
2560	1	0	0.000000
2561	1	3	0.000000
2562	1	3	0.000000
2563	1	2	0.000000
2564	2	5	0.000000
2565	2	5	0.000000
2566	2	2	0.000000
2567	2	5	0.000000
2568	2	5	0.000000
2569	2	5	0.000000
2570	2	5	0.000000
2571	2	5	0.000000
2572	2	5	0.000000
2573	2	5	0.000000
2574	2	5	0.000000
2575	2	5	0.000000
2576	2	5	0.000000
2577	2	5	0.000000
2578	2	5	0.000000
2579	2	5	0.000000
2580	2	5	0.000000
2581	2	5	0.000000
2582	1	3	0.000000
2583	1	3	0.000000
2584	1	3	0.000000
2585	1	3	0.000000
2586	1	3	0.000000
2587	1	3	0.000000
2588	1	3	0.000000
2589	1	3	0.000000
2590	1	3	0.000000
2591	1	3	0.000000
2592	1	3	0.000000
2593	1	3	0.000000
2594	1	1	0.000000
2595	1	3	0.000000
2596	2	5	0.000000
2597	2	5	0.000000
2598	1	3	0.000000
2599	1	3	0.000000
2600	1	3	0.000000
2601	1	3	0.000000
2602	1	3	0.000000
2603	1	3	0.000000
2604	1	3	0.000000
2605	1	3	0.000000
2606	1	3	0.000000
2607	1	3	0.000000
2608	1	3	0.000000
2609	1	3	0.000000
2610	2	5	0.000000
2611	2	5	0.000000
2612	2	0	0.000000
2613	2	5	0.000000
2614	2	5	0.000000
2615	2	5	0.000000
2616	2	5	0.000000
2617	2	5	0.000000
2618	2	5	0.000000
2619	2	5	0.000000
2620	2	5	0.000000
2621	2	5	0.000000
2622	2	5	0.000000
2623	2	5	0.000000
2624	2	5	0.000000
2625	2	4	0.000000
2626	2	5	0.000000
2627	1	3	0.000000
2628	1	3	0.000000
2629	1	0	0.000000
2630	1	3	0.000000
2631	1	2	0.000000
2632	1	3	0.000000
2633	1	3	0.000000
2634	1	2	0.000000
2635	1	3	0.000000
2636	1	3	0.000000
2637	1	3	0.000000
2638	1	3	0.000000
2639	1	1	0.000000
2640	1	0	0.000000
2641	1	3	0.000000
2642	1	3	0.000000
2643	1	3	0.000000
2644	1	3	0.000000
2645	1	3	0.000000
2646	1	3	0.000000
2647	2	5	0.000000
2648	2	2	0.000000
2649	2	4	0.000000
2650	2	5	0.000000
2651	2	5	0.000000
2652	2	4	0.000000
2653	2	5	0.000000
2654	2	5	0.000000
2655	2	5	0.000000
2656	2	5	0.000000
2657	2	5	0.000000
2658	2	5	0.000000
2659	2	4	0.000000
2660	1	2	0.000000
2661	1	3	0.000000
2662	1	3	0.000000
2663	1	3	0.000000
2664	1	0	0.000000
2665	1	2	0.000000
2666	1	3	0.000000
2667	1	1	0.000000
2668	1	3	0.000000
2669	1	3	0.000000
2670	1	3	0.000000
2671	1	3	0.000000
2672	1	3	0.000000
2673	1	3	0.000000
2674	1	3	0.000000
2675	1	0	0.000000
2676	2	5	0.000000
2677	2	5	0.000000
2678	2	4	0.000000
2679	2	5	0.000000
2680	2	0	0.000000
2681	2	5	0.000000
2682	2	0	0.000000
2683	2	3	0.000000
2684	2	5	0.000000
2685	2	3	0.000000
2686	2	5	0.000000
2687	2	5	0.000000
2688	2	5	0.000000
2689	2	5	0.000000
2690	2	5	0.000000
2691	2	5	0.000000
2692	1	3	0.000000
2693	1	3	0.000000
2694	1	1	0.000000
2695	1	3	0.000000
2696	1	3	0.000000
2697	1	3	0.000000
2698	1	3	0.000000
2699	1	1	0.000000
2700	1	3	0.000000
2701	1	3	0.000000
2702	1	1	0.000000
2703	1	1	0.000000
2704	1	2	0.000000
2705	1	3	0.000000
2706	1	3	0.000000
2707	1	3	0.000000
2708	1	3	0.000000
2709	1	1	0.000000
2710	1	3	0.000000
2711	1	3	0.000000
2712	1	2	0.000000
2713	1	3	0.000000
2714	2	5	0.000000
2715	2	5	0.000000
2716	2	5	0.000000
2717	2	5	0.000000
2718	2	5	0.000000
2719	2	5	0.000000
2720	2	5	0.000000
2721	2	5	0.000000
2722	2	5	0.000000
2723	2	5	0.000000
2724	2	5	0.000000
2725	2	5	0.000000
2726	2	5	0.000000
2727	2	5	0.000000
2728	2	5	0.000000
2729	1	3	0.000000
2730	1	3	0.000000
2731	1	3	0.000000
2732	1	3	0.000000
2733	1	3	0.000000
2734	1	2	0.000000
2735	1	3	0.000000
2736	1	3	0.000000
2737	1	3	0.000000
2738	1	3	0.000000
2739	1	3	0.000000
2740	1	3	0.000000
2741	1	0	0.000000
2742	1	0	0.000000
2743	1	3	0.000000
2744	1	1	0.000000
2745	1	2	0.000000
2746	1	2	0.000000
2747	2	5	0.000000
2748	2	5	0.000000
2749	2	5	0.000000
2750	2	5	0.000000
2751	2	5	0.000000
2752	2	0	0.000000
2753	2	5	0.000000
2754	2	0	0.000000
2755	2	5	0.000000
2756	2	5	0.000000
2757	2	5	0.000000
2758	2	5	0.000000
2759	2	5	0.000000
2760	2	5	0.000000
2761	1	0	0.000000
2762	1	3	0.000000
2763	1	3	0.000000
2764	1	3	0.000000
2765	1	3	0.000000
2766	1	3	0.000000
2767	1	1	0.000000
2768	1	3	0.000000
2769	1	3	0.000000
2770	1	3	0.000000
2771	1	3	0.000000
2772	1	3	0.000000
2773	1	3	0.000000
2774	1	3	0.000000
2775	1	3	0.000000
2776	1	2	0.000000
2777	1	3	0.000000
2778	1	3	0.000000
2779	1	3	0.000000
2780	1	3	0.000000
2781	2	5	0.000000
2782	2	2	0.000000
2783	2	5	0.000000
2784	2	1	0.000000
2785	2	5	0.000000
2786	2	4	0.000000
2787	2	1	0.000000
2788	2	5	0.000000
2789	2	5	0.000000
2790	2	5	0.000000
2791	2	5	0.000000
2792	2	0	0.000000
2793	2	5	0.000000
2794	2	5	0.000000
2795	2	5	0.000000
2796	2	5	0.000000
2797	1	3	0.000000
2798	1	3	0.000000
2799	1	3	0.000000
2800	1	1	0.000000
2801	1	1	0.000000
2802	1	3	0.000000
2803	1	3	0.000000
2804	1	3	0.000000
2805	1	3	0.000000
2806	1	3	0.000000
2807	1	3	0.000000
2808	1	2	0.000000
2809	1	3	0.000000
2810	1	3	0.000000
2811	1	2	0.000000
2812	1	3	0.000000
2813	1	3	0.000000
2814	1	3	0.000000
2815	1	2	0.000000
2816	2	2	0.000000
2817	2	5	0.000000
2818	2	0	0.000000
2819	2	5	0.000000
2820	2	5	0.000000
2821	2	5	0.000000
2822	2	5	0.000000
2823	2	5	0.000000
2824	2	5	0.000000
2825	2	3	0.000000
2826	2	5	0.000000
2827	2	5	0.000000
2828	2	5	0.000000
2829	2	5	0.000000
2830	2	5	0.000000
2831	2	5	0.000000
2832	2	5	0.000000
2833	1	3	0.000000
2834	1	0	0.000000
2835	1	3	0.000000
2836	1	3	0.000000
2837	1	3	0.000000
2838	1	3	0.000000
2839	1	0	0.000000
2840	1	3	0.000000
2841	1	3	0.000000
2842	2	5	0.000000
2843	1	3	0.000000
2844	2	5	0.000000
2845	2	5	0.000000
2846	1	3	0.000000
2847	1	1	0.000000
2848	1	1	0.000000
2849	1	3	0.000000
2850	1	0	0.000000
2851	1	3	0.000000
2852	1	3	0.000000
2853	1	2	0.000000
2854	1	3	0.000000
2855	1	3	0.000000
2856	1	3	0.000000
2857	1	3	0.000000
2858	1	3	0.000000
2859	1	3	0.000000
2860	1	3	0.000000
2861	1	3	0.000000
2862	2	5	0.000000
2863	2	5	0.000000
2864	2	5	0.000000
2865	2	5	0.000000
2866	2	5	0.000000
2867	2	5	0.000000
2868	2	5	0.000000
2869	2	5	0.000000
2870	2	5	0.000000
2871	2	5	0.000000
2872	2	4	0.000000
2873	2	4	0.000000
2874	2	5	0.000000
2875	1	3	0.000000
2876	1	3	0.000000
2877	1	3	0.000000
2878	1	3	0.000000
2879	1	3	0.000000
2880	1	3	0.000000
2881	1	3	0.000000
2882	1	3	0.000000
2883	1	3	0.000000
2884	1	3	0.000000
2885	1	3	0.000000
2886	1	1	0.000000
2887	1	3	0.000000
2888	1	1	0.000000
2889	2	5	0.000000
2890	2	5	0.000000
2891	2	2	0.000000
2892	2	5	0.000000
2893	2	5	0.000000
2894	2	5	0.000000
2895	2	0	0.000000
2896	2	5	0.000000
2897	2	5	0.000000
2898	2	5	0.000000
2899	2	5	0.000000
2900	2	4	0.000000
2901	2	5	0.000000
2902	1	3	0.000000
2903	1	3	0.000000
2904	1	3	0.000000
2905	1	3	0.000000
2906	1	3	0.000000
2907	1	3	0.000000
2908	1	3	0.000000
2909	1	1	0.000000
2910	1	1	0.000000
2911	1	3	0.000000
2912	1	3	0.000000
2913	1	3	0.000000
2914	1	3	0.000000
2915	1	3	0.000000
2916	1	3	0.000000
2917	1	3	0.000000
2918	1	2	0.000000
2919	2	5	0.000000
2920	2	5	0.000000
2921	2	4	0.000000
2922	2	5	0.000000
2923	2	3	0.000000
2924	2	5	0.000000
2925	2	5	0.000000
2926	2	5	0.000000
2927	3	3	0.000000
2928	3	1	0.000000
2929	3	1	0.000000
2930	3	1	0.000000
2931	3	1	0.000000
2932	3	1	0.000000
2933	3	1	0.000000
2934	3	1	0.000000
2935	3	1	0.000000
2936	3	1	0.000000
2937	3	2	0.000000
2938	3	1	0.000000
2939	3	0	0.000000
2940	3	1	0.000000
2941	3	1	0.000000
2942	3	1	0.000000
2943	3	1	0.000000
2944	3	1	0.000000
2945	3	1	0.000000
2946	3	1	0.000000
2947	3	1	0.000000
2948	3	1	0.000000
2949	3	1	0.000000
2950	3	1	0.000000
2951	3	0	0.000000
2952	3	1	0.000000
2953	3	1	0.000000
2954	3	1	0.000000
2955	3	1	0.000000
2956	3	1	0.000000
2957	3	1	0.000000
2958	3	1	0.000000
2959	3	1	0.000000
2960	3	1	0.000000
2961	3	1	0.000000
2962	3	1	0.000000
2963	3	1	0.000000
2964	3	1	0.000000
2965	3	1	0.000000
2966	3	3	0.000000
2967	3	1	0.000000
2968	3	1	0.000000
2969	2	5	0.000000
2970	2	5	0.000000
2971	2	2	0.000000
2972	2	5	0.000000
2973	2	5	0.000000
2974	2	5	0.000000
2975	2	5	0.000000
2976	2	5	0.000000
2977	2	5	0.000000
2978	2	5	0.000000
2979	2	5	0.000000
2980	2	5	0.000000
2981	2	5	0.000000
2982	2	5	0.000000
2983	1	0	0.000000
2984	1	3	0.000000
2985	1	3	0.000000
2986	1	3	0.000000
2987	1	3	0.000000
2988	1	1	0.000000
2989	1	3	0.000000
2990	1	3	0.000000
2991	1	3	0.000000
2992	1	0	0.000000
2993	1	3	0.000000
2994	1	0	0.000000
2995	1	3	0.000000
2996	1	3	0.000000
2997	1	3	0.000000
2998	1	3	0.000000
2999	1	3	0.000000
3000	1	3	0.000000
3001	1	3	0.000000
3002	1	3	0.000000
3003	2	5	0.000000
3004	2	5	0.000000
3005	2	5	0.000000
3006	2	5	0.000000
3007	2	5	0.000000
3008	2	5	0.000000
3009	2	5	0.000000
3010	3	1	0.000000
3011	3	1	0.000000
3012	3	1	0.000000
3013	3	1	0.000000
3014	3	1	0.000000
3015	3	1	0.000000
3016	2	5	0.000000
3017	2	5	0.000000
3018	2	5	0.000000
3019	3	1	0.000000
3020	3	1	0.000000
3021	3	1	0.000000
3022	3	1	0.000000
3023	3	1	0.000000
3024	3	1	0.000000
3025	3	1	0.000000
3026	2	5	0.000000
3027	2	5	0.000000
3028	2	5	0.000000
3029	2	5	0.000000
3030	2	5	0.000000
3031	2	5	0.000000
3032	2	5	0.000000
3033	2	0	0.000000
3034	2	4	0.000000
3035	2	5	0.000000
3036	1	3	0.000000
3037	1	3	0.000000
3038	1	3	0.000000
3039	1	3	0.000000
3040	1	3	0.000000
3041	1	3	0.000000
3042	1	3	0.000000
3043	1	3	0.000000
3044	1	3	0.000000
3045	1	3	0.000000
3046	1	3	0.000000
3047	1	2	0.000000
3048	1	3	0.000000
3049	1	3	0.000000
3050	1	3	0.000000
3051	1	3	0.000000
3052	1	3	0.000000
3053	2	5	0.000000
3054	2	5	0.000000
3055	2	1	0.000000
3056	3	1	0.000000
3057	3	1	0.000000
3058	3	1	0.000000
3059	3	1	0.000000
3060	3	1	0.000000
3061	3	1	0.000000
3062	3	1	0.000000
3063	3	2	0.000000
3064	3	1	0.000000
3065	3	1	0.000000
3066	3	1	0.000000
3067	3	1	0.000000
3068	3	1	0.000000
3069	3	1	0.000000
3070	3	1	0.000000
3071	3	1	0.000000
3072	3	1	0.000000
3073	3	1	0.000000
3074	3	1	0.000000
3075	3	1	0.000000
3076	4	1	0.000000
3077	4	1	0.000000
3078	4	2	0.000000
3079	4	1	0.000000
3080	4	1	0.000000
3081	4	1	0.000000
3082	4	1	0.000000
3083	4	1	0.000000
3084	4	1	0.000000
3085	4	1	0.000000
3086	4	1	0.000000
3087	4	2	0.000000
3088	4	1	0.000000
3089	4	3	0.000000
3090	4	1	0.000000
3091	4	1	0.000000
3092	4	1	0.000000
3093	4	1	0.000000
3094	4	1	0.000000
3095	4	1	0.000000
3096	4	3	0.000000
3097	4	1	0.000000
3098	4	1	0.000000
3099	4	1	0.000000
3100	4	0	0.000000
3101	4	1	0.000000
3102	4	2	0.000000
3103	4	1	0.000000
3104	4	1	0.000000
3105	4	1	0.000000
3106	4	0	0.000000
3107	4	1	0.000000
3108	4	1	0.000000
3109	4	1	0.000000
3110	4	1	0.000000
3111	4	1	0.000000
3112	4	1	0.000000
3113	4	1	0.000000
3114	4	0	0.000000
3115	4	1	0.000000
3116	4	1	0.000000
3117	4	1	0.000000
3118	4	1	0.000000
3119	4	1	0.000000
3120	4	1	0.000000
3121	4	1	0.000000
3122	4	1	0.000000
3123	4	1	0.000000
3124	4	1	0.000000
3125	4	1	0.000000
3126	4	1	0.000000
3127	4	1	0.000000
3128	4	1	0.000000
3129	4	1	0.000000
3130	4	3	0.000000
3131	4	1	0.000000
3132	4	2	0.000000
3133	4	3	0.000000
3134	4	1	0.000000
3135	4	1	0.000000
3136	4	1	0.000000
3137	4	1	0.000000
3138	4	1	0.000000
3139	4	1	0.000000
3140	4	1	0.000000
3141	4	1	0.000000
3142	4	1	0.000000
3143	4	3	0.000000
3144	4	1	0.000000
3145	4	1	0.000000
3146	4	3	0.000000
3147	4	0	0.000000
3148	4	1	0.000000
3149	4	1	0.000000
3150	4	0	0.000000
3151	4	1	0.000000
3152	4	0	0.000000
3153	4	1	0.000000
3154	4	0	0.000000
3155	4	1	0.000000
3156	4	1	0.000000
3157	4	1	0.000000
3158	4	1	0.000000
3159	4	1	0.000000
3160	4	2	0.000000
3161	4	1	0.000000
3162	4	1	0.000000
3163	4	1	0.000000
3164	4	1	0.000000
3165	4	1	0.000000
3166	4	1	0.000000
3167	4	1	0.000000
3168	4	1	0.000000
3169	4	1	0.000000
3170	4	1	0.000000
3171	4	1	0.000000
3172	4	2	0.000000
3173	4	0	0.000000
3174	4	1	0.000000
3175	4	1	0.000000
3176	4	1	0.000000
3177	4	1	0.000000
3178	4	1	0.000000
3179	4	2	0.000000
3180	4	1	0.000000
3181	4	1	0.000000
3182	4	1	0.000000
3183	4	1	0.000000
3184	4	1	0.000000
3185	4	1	0.000000
3186	4	1	0.000000
3187	4	2	0.000000
3188	4	1	0.000000
3189	4	1	0.000000
3190	4	1	0.000000
3191	4	1	0.000000
3192	4	1	0.000000
3193	4	1	0.000000
3194	3	1	0.000000
3195	3	1	0.000000
3196	4	1	0.000000
3197	3	1	0.000000
3198	3	1	0.000000
3199	3	1	0.000000
3200	3	1	0.000000
3201	3	1	0.000000
3202	3	1	0.000000
3203	3	1	0.000000
3204	3	1	0.000000
3205	3	1	0.000000
3206	3	1	0.000000
3207	3	1	0.000000
3208	3	0	0.000000
3209	3	1	0.000000
3210	3	3	0.000000
3211	3	1	0.000000
3212	3	1	0.000000
3213	3	1	0.000000
3214	3	1	0.000000
3215	3	1	0.000000
3216	3	1	0.000000
3217	3	1	0.000000
3218	3	1	0.000000
3219	3	1	0.000000
3220	3	1	0.000000
3221	2	5	0.000000
3222	2	5	0.000000
3223	2	3	0.000000
3224	2	5	0.000000
3225	2	5	0.000000
3226	2	0	0.000000
3227	2	5	0.000000
3228	2	5	0.000000
3229	2	5	0.000000
3230	1	3	0.000000
3231	1	3	0.000000
3232	1	3	0.000000
3233	1	3	0.000000
3234	1	1	0.000000
3235	1	3	0.000000
3236	1	3	0.000000
3237	1	3	0.000000
3238	1	0	0.000000
3239	1	3	0.000000
3240	1	3	0.000000
3241	1	3	0.000000
3242	1	3	0.000000
3243	1	3	0.000000
3244	1	3	0.000000
3245	1	3	0.000000
3246	1	3	0.000000
3247	2	4	0.000000
3248	2	5	0.000000
3249	2	5	0.000000
3250	2	5	0.000000
3251	2	5	0.000000
3252	2	5	0.000000
3253	2	5	0.000000
3254	2	5	0.000000
3255	2	5	0.000000
3256	2	5	0.000000
3257	2	1	0.000000
3258	1	3	0.000000
3259	1	3	0.000000
3260	2	5	0.000000
3261	2	5	0.000000
3262	1	3	0.000000
3263	1	3	0.000000
3264	1	3	0.000000
3265	1	3	0.000000
3266	1	3	0.000000
3267	1	3	0.000000
3268	1	0	0.000000
3269	1	3	0.000000
3270	1	3	0.000000
3271	1	0	0.000000
3272	1	2	0.000000
3273	1	3	0.000000
3274	1	3	0.000000
3275	1	3	0.000000
3276	1	0	0.000000
3277	2	5	0.000000
3278	2	2	0.000000
3279	3	1	0.000000
3280	3	1	0.000000
3281	3	1	0.000000
3282	3	1	0.000000
3283	3	1	0.000000
3284	3	2	0.000000
3285	3	1	0.000000
3286	3	1	0.000000
3287	3	1	0.000000
3288	3	0	0.000000
3289	3	1	0.000000
3290	3	1	0.000000
3291	3	1	0.000000
3292	3	1	0.000000
3293	3	1	0.000000
3294	3	1	0.000000
3295	3	1	0.000000
3296	3	1	0.000000
3297	4	1	0.000000
3298	4	1	0.000000
3299	4	1	0.000000
3300	3	1	0.000000
3301	4	1	0.000000
3302	3	1	0.000000
3303	3	1	0.000000
3304	3	1	0.000000
3305	3	1	0.000000
3306	3	1	0.000000
3307	3	1	0.000000
3308	3	1	0.000000
3309	3	1	0.000000
3310	3	1	0.000000
3311	3	1	0.000000
3312	3	1	0.000000
3313	3	1	0.000000
3314	3	1	0.000000
3315	3	1	0.000000
3316	3	1	0.000000
3317	3	2	0.000000
3318	3	1	0.000000
3319	3	1	0.000000
3320	3	2	0.000000
3321	3	3	0.000000
3322	3	1	0.000000
3323	3	1	0.000000
3324	3	1	0.000000
3325	3	1	0.000000
3326	3	1	0.000000
3327	3	1	0.000000
3328	3	1	0.000000
3329	3	1	0.000000
3330	3	0	0.000000
3331	3	1	0.000000
3332	3	1	0.000000
3333	3	1	0.000000
3334	3	1	0.000000
3335	3	1	0.000000
3336	3	1	0.000000
3337	3	1	0.000000
3338	3	1	0.000000
3339	2	1	0.000000
3340	2	5	0.000000
3341	2	5	0.000000
3342	2	5	0.000000
3343	2	5	0.000000
3344	2	5	0.000000
3345	2	0	0.000000
3346	2	5	0.000000
3347	2	5	0.000000
3348	2	5	0.000000
3349	2	5	0.000000
3350	2	5	0.000000
3351	2	5	0.000000
3352	2	5	0.000000
3353	2	5	0.000000
3354	1	3	0.000000
3355	1	3	0.000000
3356	1	3	0.000000
3357	1	3	0.000000
3358	1	3	0.000000
3359	1	0	0.000000
3360	1	3	0.000000
3361	1	1	0.000000
3362	1	3	0.000000
3363	1	3	0.000000
3364	1	0	0.000000
3365	1	3	0.000000
3366	1	3	0.000000
3367	1	3	0.000000
3368	1	3	0.000000
3369	1	3	0.000000
3370	2	5	0.000000
3371	2	3	0.000000
3372	2	5	0.000000
3373	2	5	0.000000
3374	2	5	0.000000
3375	2	4	0.000000
3376	2	5	0.000000
3377	2	5	0.000000
3378	2	5	0.000000
3379	2	0	0.000000
3380	3	0	0.000000
3381	3	1	0.000000
3382	2	5	0.000000
3383	2	5	0.000000
3384	2	2	0.000000
3385	2	4	0.000000
3386	2	5	0.000000
3387	2	5	0.000000
3388	2	5	0.000000
3389	2	5	0.000000
3390	2	5	0.000000
3391	2	5	0.000000
3392	2	5	0.000000
3393	2	5	0.000000
3394	2	5	0.000000
3395	2	5	0.000000
3396	2	5	0.000000
3397	2	5	0.000000
3398	2	5	0.000000
3399	2	5	0.000000
3400	1	3	0.000000
3401	1	3	0.000000
3402	1	3	0.000000
3403	1	1	0.000000
3404	1	3	0.000000
3405	1	3	0.000000
3406	1	3	0.000000
3407	1	1	0.000000
3408	1	3	0.000000
3409	1	3	0.000000
3410	1	3	0.000000
3411	1	3	0.000000
3412	1	3	0.000000
3413	1	3	0.000000
3414	1	1	0.000000
3415	1	3	0.000000
3416	1	3	0.000000
3417	1	3	0.000000
3418	1	3	0.000000
3419	2	5	0.000000
3420	2	3	0.000000
3421	2	1	0.000000
3422	2	5	0.000000
3423	2	5	0.000000
3424	2	5	0.000000
3425	2	5	0.000000
3426	2	5	0.000000
3427	2	5	0.000000
3428	2	5	0.000000
3429	2	1	0.000000
3430	2	5	0.000000
3431	2	5	0.000000
3432	2	5	0.000000
3433	2	5	0.000000
3434	2	5	0.000000
3435	2	5	0.000000
3436	2	5	0.000000
3437	2	5	0.000000
3438	2	5	0.000000
3439	1	3	0.000000
3440	1	3	0.000000
3441	1	0	0.000000
3442	1	3	0.000000
3443	1	3	0.000000
3444	1	3	0.000000
3445	1	3	0.000000
3446	1	3	0.000000
3447	1	3	0.000000
3448	1	3	0.000000
3449	1	0	0.000000
3450	1	3	0.000000
3451	1	3	0.000000
3452	1	3	0.000000
3453	1	3	0.000000
3454	1	3	0.000000
3455	1	3	0.000000
3456	2	5	0.000000
3457	2	5	0.000000
3458	2	5	0.000000
3459	2	5	0.000000
3460	2	1	0.000000
3461	2	2	0.000000
3462	2	5	0.000000
3463	2	5	0.000000
3464	2	3	0.000000
3465	2	5	0.000000
3466	2	5	0.000000
3467	2	5	0.000000
3468	2	5	0.000000
3469	1	3	0.000000
3470	1	0	0.000000
3471	1	3	0.000000
3472	1	3	0.000000
3473	1	3	0.000000
3474	1	3	0.000000
3475	1	3	0.000000
3476	1	3	0.000000
3477	1	1	0.000000
3478	1	3	0.000000
3479	1	3	0.000000
3480	1	3	0.000000
3481	1	3	0.000000
3482	1	3	0.000000
3483	1	3	0.000000
3484	1	3	0.000000
3485	1	2	0.000000
3486	2	5	0.000000
3487	2	5	0.000000
3488	2	5	0.000000
3489	2	5	0.000000
3490	2	5	0.000000
3491	2	5	0.000000
3492	2	2	0.000000
3493	2	5	0.000000
3494	2	5	0.000000
3495	2	3	0.000000
3496	2	5	0.000000
3497	2	5	0.000000
3498	2	3	0.000000
3499	2	5	0.000000
3500	2	5	0.000000
3501	2	5	0.000000
3502	1	3	0.000000
3503	1	3	0.000000
3504	1	3	0.000000
3505	1	3	0.000000
3506	1	3	0.000000
3507	1	3	0.000000
3508	1	3	0.000000
3509	1	3	0.000000
3510	1	3	0.000000
3511	1	3	0.000000
3512	1	1	0.000000
3513	1	3	0.000000
3514	1	3	0.000000
3515	1	3	0.000000
3516	1	3	0.000000
3517	1	3	0.000000
3518	1	3	0.000000
3519	1	3	0.000000
3520	2	1	43.240000
3521	0	0	0.000000
