StartTime	2015/10/20 02:12:50
FinishTime	2015/10/20 02:13:52
ElapsedTime	62.000000
/home/daisuke/git/ReinforcementLearning/log/EV3LineTracer_20151019220224_10Setting_20151019220225.log
0	1.000000
1	0.062500	0.812500	0.062500	0.062500
2	0.041667	0.041667	0.791667	0.041667	0.041667	0.041667
3	0.062500	0.062500	0.812500	0.062500
4	0.812500	0.062500	0.062500	0.062500
5	0.812500	0.062500	0.062500	0.062500
6	0.062500	0.062500	0.062500	0.812500
4814
0	2	2	0.000000
1	2	2	0.000000
2	2	2	0.000000
3	2	2	0.000000
4	2	2	0.000000
5	2	2	0.000000
6	2	2	0.000000
7	2	1	0.000000
8	2	3	0.000000
9	2	2	0.000000
10	2	3	0.000000
11	2	2	0.000000
12	2	0	0.000000
13	2	2	0.000000
14	2	2	0.000000
15	2	2	0.000000
16	2	2	0.000000
17	2	5	0.000000
18	2	2	0.000000
19	2	3	0.000000
20	2	0	0.000000
21	2	2	0.000000
22	2	5	0.000000
23	2	3	0.000000
24	2	2	0.000000
25	2	2	0.000000
26	2	3	0.000000
27	2	5	0.000000
28	2	2	0.000000
29	2	2	0.000000
30	2	1	0.000000
31	2	2	0.000000
32	2	2	0.000000
33	2	2	0.000000
34	2	2	0.000000
35	2	2	0.000000
36	2	2	0.000000
37	2	2	0.000000
38	1	1	0.000000
39	1	1	0.000000
40	1	3	0.000000
41	1	1	0.000000
42	1	1	0.000000
43	1	3	0.000000
44	1	1	0.000000
45	1	2	0.000000
46	1	1	0.000000
47	1	1	0.000000
48	1	3	0.000000
49	1	1	0.000000
50	1	1	0.000000
51	1	1	0.000000
52	2	2	0.000000
53	2	2	0.000000
54	2	2	0.000000
55	2	5	0.000000
56	2	2	0.000000
57	2	2	0.000000
58	2	2	0.000000
59	2	2	0.000000
60	1	1	0.000000
61	1	1	0.000000
62	1	1	0.000000
63	1	1	0.000000
64	1	1	0.000000
65	1	1	0.000000
66	1	2	0.000000
67	1	1	0.000000
68	1	1	0.000000
69	1	1	0.000000
70	1	1	0.000000
71	1	1	0.000000
72	1	1	0.000000
73	1	1	0.000000
74	1	1	0.000000
75	1	1	0.000000
76	1	1	0.000000
77	1	0	0.000000
78	1	1	0.000000
79	1	1	0.000000
80	2	2	0.000000
81	2	2	0.000000
82	2	2	0.000000
83	2	2	0.000000
84	2	2	0.000000
85	2	2	0.000000
86	2	2	0.000000
87	2	4	0.000000
88	2	2	0.000000
89	2	2	0.000000
90	2	2	0.000000
91	2	2	0.000000
92	2	2	0.000000
93	2	2	0.000000
94	2	2	0.000000
95	1	1	0.000000
96	1	2	0.000000
97	1	2	0.000000
98	1	1	0.000000
99	1	1	0.000000
100	1	1	0.000000
101	1	1	0.000000
102	1	1	0.000000
103	1	1	0.000000
104	1	1	0.000000
105	1	1	0.000000
106	1	1	0.000000
107	1	1	0.000000
108	2	2	0.000000
109	2	2	0.000000
110	2	2	0.000000
111	2	2	0.000000
112	2	2	0.000000
113	2	2	0.000000
114	2	2	0.000000
115	2	2	0.000000
116	2	3	0.000000
117	2	2	0.000000
118	2	1	0.000000
119	2	2	0.000000
120	1	1	0.000000
121	1	1	0.000000
122	1	3	0.000000
123	1	1	0.000000
124	1	1	0.000000
125	1	1	0.000000
126	1	1	0.000000
127	1	1	0.000000
128	1	2	0.000000
129	1	1	0.000000
130	1	1	0.000000
131	2	2	0.000000
132	2	2	0.000000
133	2	3	0.000000
134	2	2	0.000000
135	2	2	0.000000
136	2	2	0.000000
137	2	2	0.000000
138	2	2	0.000000
139	2	2	0.000000
140	2	2	0.000000
141	2	2	0.000000
142	2	2	0.000000
143	1	1	0.000000
144	1	1	0.000000
145	1	1	0.000000
146	1	1	0.000000
147	1	1	0.000000
148	1	1	0.000000
149	1	1	0.000000
150	1	1	0.000000
151	1	1	0.000000
152	1	1	0.000000
153	1	0	0.000000
154	1	2	0.000000
155	1	1	0.000000
156	1	1	0.000000
157	1	3	0.000000
158	2	2	0.000000
159	2	2	0.000000
160	2	2	0.000000
161	2	4	0.000000
162	2	0	0.000000
163	2	5	0.000000
164	2	5	0.000000
165	2	2	0.000000
166	2	2	0.000000
167	2	1	0.000000
168	2	2	0.000000
169	2	2	0.000000
170	2	0	0.000000
171	1	1	0.000000
172	1	1	0.000000
173	1	0	0.000000
174	1	1	0.000000
175	1	1	0.000000
176	1	3	0.000000
177	1	3	0.000000
178	1	1	0.000000
179	1	0	0.000000
180	1	1	0.000000
181	2	3	0.000000
182	2	2	0.000000
183	2	2	0.000000
184	2	2	0.000000
185	2	2	0.000000
186	2	2	0.000000
187	2	4	0.000000
188	2	2	0.000000
189	2	2	0.000000
190	2	2	0.000000
191	2	0	0.000000
192	2	2	0.000000
193	2	2	0.000000
194	2	5	0.000000
195	2	2	0.000000
196	2	2	0.000000
197	2	2	0.000000
198	2	0	0.000000
199	2	2	0.000000
200	1	1	0.000000
201	1	1	0.000000
202	1	1	0.000000
203	1	1	0.000000
204	1	1	0.000000
205	1	1	0.000000
206	1	1	0.000000
207	1	1	0.000000
208	1	3	0.000000
209	1	1	0.000000
210	1	1	0.000000
211	1	2	0.000000
212	1	1	0.000000
213	1	1	0.000000
214	1	1	0.000000
215	2	2	0.000000
216	2	2	0.000000
217	2	2	0.000000
218	2	2	0.000000
219	2	2	0.000000
220	2	2	0.000000
221	2	2	0.000000
222	2	2	0.000000
223	2	2	0.000000
224	2	2	0.000000
225	2	2	0.000000
226	1	1	0.000000
227	1	1	0.000000
228	1	1	0.000000
229	1	1	0.000000
230	1	1	0.000000
231	1	3	0.000000
232	1	1	0.000000
233	1	2	0.000000
234	1	1	0.000000
235	1	1	0.000000
236	1	1	0.000000
237	1	1	0.000000
238	1	3	0.000000
239	1	3	0.000000
240	2	5	0.000000
241	2	5	0.000000
242	2	2	0.000000
243	2	2	0.000000
244	2	1	0.000000
245	2	2	0.000000
246	2	4	0.000000
247	2	2	0.000000
248	2	1	0.000000
249	2	2	0.000000
250	2	2	0.000000
251	2	2	0.000000
252	1	1	0.000000
253	1	3	0.000000
254	1	1	0.000000
255	1	0	0.000000
256	1	1	0.000000
257	1	1	0.000000
258	1	1	0.000000
259	1	1	0.000000
260	1	1	0.000000
261	1	1	0.000000
262	2	2	0.000000
263	2	2	0.000000
264	2	2	0.000000
265	2	1	0.000000
266	2	2	0.000000
267	2	2	0.000000
268	2	2	0.000000
269	2	2	0.000000
270	2	2	0.000000
271	2	2	0.000000
272	2	2	0.000000
273	2	4	0.000000
274	1	1	0.000000
275	1	0	0.000000
276	1	1	0.000000
277	1	1	0.000000
278	1	1	0.000000
279	1	1	0.000000
280	1	1	0.000000
281	1	1	0.000000
282	1	1	0.000000
283	1	1	0.000000
284	1	1	0.000000
285	1	0	0.000000
286	1	3	0.000000
287	1	1	0.000000
288	2	2	0.000000
289	2	2	0.000000
290	2	1	0.000000
291	2	2	0.000000
292	2	2	0.000000
293	2	2	0.000000
294	2	5	0.000000
295	2	1	0.000000
296	2	2	0.000000
297	2	2	0.000000
298	2	3	0.000000
299	2	2	0.000000
300	2	4	0.000000
301	2	2	0.000000
302	2	4	0.000000
303	2	2	0.000000
304	2	2	0.000000
305	2	2	0.000000
306	1	1	0.000000
307	1	3	0.000000
308	2	2	0.000000
309	2	2	0.000000
310	2	1	0.000000
311	2	2	0.000000
312	1	3	0.000000
313	1	1	0.000000
314	1	1	0.000000
315	1	1	0.000000
316	1	1	0.000000
317	1	1	0.000000
318	1	1	0.000000
319	1	1	0.000000
320	1	1	0.000000
321	1	1	0.000000
322	1	1	0.000000
323	1	1	0.000000
324	2	1	0.000000
325	2	2	0.000000
326	3	2	0.000000
327	3	2	0.000000
328	2	0	0.000000
329	2	2	0.000000
330	1	1	0.000000
331	1	1	0.000000
332	1	1	0.000000
333	1	1	0.000000
334	1	2	0.000000
335	1	1	0.000000
336	1	1	0.000000
337	1	1	0.000000
338	1	1	0.000000
339	1	1	0.000000
340	1	1	0.000000
341	1	2	0.000000
342	1	1	0.000000
343	1	1	0.000000
344	2	2	0.000000
345	2	2	0.000000
346	2	3	0.000000
347	2	2	0.000000
348	2	3	0.000000
349	2	0	0.000000
350	2	2	0.000000
351	1	1	0.000000
352	1	1	0.000000
353	1	1	0.000000
354	1	3	0.000000
355	1	1	0.000000
356	1	1	0.000000
357	1	1	0.000000
358	1	1	0.000000
359	1	1	0.000000
360	2	2	0.000000
361	2	2	0.000000
362	2	2	0.000000
363	2	2	0.000000
364	2	2	0.000000
365	2	2	0.000000
366	2	2	0.000000
367	2	3	0.000000
368	1	1	0.000000
369	1	1	0.000000
370	1	1	0.000000
371	2	2	0.000000
372	2	2	0.000000
373	1	1	0.000000
374	1	1	0.000000
375	1	1	0.000000
376	1	1	0.000000
377	2	2	0.000000
378	2	2	0.000000
379	2	1	0.000000
380	2	2	0.000000
381	2	2	0.000000
382	2	2	0.000000
383	2	2	0.000000
384	2	0	0.000000
385	2	2	0.000000
386	2	1	0.000000
387	1	1	0.000000
388	1	1	0.000000
389	1	1	0.000000
390	1	1	0.000000
391	1	2	0.000000
392	1	3	0.000000
393	1	1	0.000000
394	1	1	0.000000
395	1	1	0.000000
396	1	1	0.000000
397	1	2	0.000000
398	1	1	0.000000
399	1	1	0.000000
400	1	1	0.000000
401	1	1	0.000000
402	2	2	0.000000
403	1	1	0.000000
404	1	1	0.000000
405	1	0	0.000000
406	2	5	0.000000
407	2	4	0.000000
408	2	3	0.000000
409	2	1	0.000000
410	2	2	0.000000
411	2	2	0.000000
412	2	2	0.000000
413	2	2	0.000000
414	3	2	0.000000
415	3	2	0.000000
416	3	1	0.000000
417	3	2	0.000000
418	3	2	0.000000
419	3	2	0.000000
420	3	1	0.000000
421	2	4	0.000000
422	2	2	0.000000
423	2	2	0.000000
424	2	2	0.000000
425	2	2	0.000000
426	2	2	0.000000
427	2	3	0.000000
428	2	2	0.000000
429	2	2	0.000000
430	2	2	0.000000
431	2	2	0.000000
432	2	2	0.000000
433	2	2	0.000000
434	2	2	0.000000
435	2	1	0.000000
436	2	2	0.000000
437	2	2	0.000000
438	2	2	0.000000
439	2	2	0.000000
440	2	5	0.000000
441	2	2	0.000000
442	1	1	0.000000
443	1	1	0.000000
444	1	3	0.000000
445	1	1	0.000000
446	1	1	0.000000
447	1	1	0.000000
448	1	1	0.000000
449	1	1	0.000000
450	1	1	0.000000
451	2	2	0.000000
452	2	2	0.000000
453	2	2	0.000000
454	2	2	0.000000
455	2	2	0.000000
456	2	2	0.000000
457	2	2	0.000000
458	2	2	0.000000
459	2	2	0.000000
460	2	2	0.000000
461	1	1	0.000000
462	1	1	0.000000
463	1	3	0.000000
464	1	1	0.000000
465	1	1	0.000000
466	1	1	0.000000
467	1	1	0.000000
468	2	2	0.000000
469	2	2	0.000000
470	2	2	0.000000
471	2	2	0.000000
472	2	3	0.000000
473	2	2	0.000000
474	2	0	0.000000
475	2	2	0.000000
476	2	2	0.000000
477	2	2	0.000000
478	2	2	0.000000
479	1	1	0.000000
480	1	1	0.000000
481	1	1	0.000000
482	1	1	0.000000
483	1	1	0.000000
484	1	1	0.000000
485	1	3	0.000000
486	1	1	0.000000
487	1	1	0.000000
488	2	2	0.000000
489	1	1	0.000000
490	1	2	0.000000
491	1	1	0.000000
492	1	1	0.000000
493	1	1	0.000000
494	2	2	0.000000
495	2	2	0.000000
496	2	2	0.000000
497	2	2	0.000000
498	2	2	0.000000
499	2	2	0.000000
500	2	2	0.000000
501	2	2	0.000000
502	2	2	0.000000
503	2	2	0.000000
504	2	5	0.000000
505	2	2	0.000000
506	2	2	0.000000
507	2	2	0.000000
508	2	2	0.000000
509	1	1	0.000000
510	1	1	0.000000
511	1	1	0.000000
512	1	1	0.000000
513	1	1	0.000000
514	1	1	0.000000
515	1	1	0.000000
516	2	2	0.000000
517	2	1	0.000000
518	2	2	0.000000
519	2	3	0.000000
520	2	2	0.000000
521	2	0	0.000000
522	2	2	0.000000
523	2	2	0.000000
524	2	2	0.000000
525	1	2	0.000000
526	1	1	0.000000
527	1	1	0.000000
528	1	2	0.000000
529	1	1	0.000000
530	1	2	0.000000
531	1	0	0.000000
532	1	1	0.000000
533	1	1	0.000000
534	1	2	0.000000
535	1	1	0.000000
536	1	1	0.000000
537	2	2	0.000000
538	2	2	0.000000
539	2	2	0.000000
540	2	2	0.000000
541	3	2	0.000000
542	3	2	0.000000
543	3	1	0.000000
544	3	2	0.000000
545	3	2	0.000000
546	3	2	0.000000
547	2	2	0.000000
548	2	2	0.000000
549	2	2	0.000000
550	2	2	0.000000
551	2	2	0.000000
552	2	3	0.000000
553	2	2	0.000000
554	2	2	0.000000
555	2	2	0.000000
556	2	2	0.000000
557	2	2	0.000000
558	3	2	0.000000
559	3	2	0.000000
560	3	2	0.000000
561	2	4	0.000000
562	2	4	0.000000
563	2	2	0.000000
564	2	2	0.000000
565	1	1	0.000000
566	1	1	0.000000
567	1	1	0.000000
568	1	1	0.000000
569	2	2	0.000000
570	2	2	0.000000
571	2	2	0.000000
572	2	2	0.000000
573	2	2	0.000000
574	2	2	0.000000
575	2	2	0.000000
576	2	4	0.000000
577	1	1	0.000000
578	1	1	0.000000
579	1	1	0.000000
580	1	1	0.000000
581	1	1	0.000000
582	1	1	0.000000
583	1	1	0.000000
584	1	1	0.000000
585	1	2	0.000000
586	1	1	0.000000
587	1	1	0.000000
588	1	1	0.000000
589	1	1	0.000000
590	1	1	0.000000
591	1	1	0.000000
592	1	1	0.000000
593	1	2	0.000000
594	1	1	0.000000
595	2	0	0.000000
596	2	2	0.000000
597	3	2	0.000000
598	2	3	0.000000
599	2	4	0.000000
600	2	2	0.000000
601	2	2	0.000000
602	1	0	0.000000
603	1	0	0.000000
604	1	1	0.000000
605	1	1	0.000000
606	1	0	0.000000
607	1	1	0.000000
608	1	1	0.000000
609	1	3	0.000000
610	2	2	0.000000
611	2	0	0.000000
612	2	2	0.000000
613	2	2	0.000000
614	2	1	0.000000
615	2	2	0.000000
616	2	2	0.000000
617	2	2	0.000000
618	2	2	0.000000
619	2	2	0.000000
620	2	2	0.000000
621	2	2	0.000000
622	2	2	0.000000
623	2	4	0.000000
624	2	2	0.000000
625	2	2	0.000000
626	2	2	0.000000
627	2	2	0.000000
628	2	3	0.000000
629	2	2	0.000000
630	2	2	0.000000
631	2	2	0.000000
632	2	2	0.000000
633	2	2	0.000000
634	2	2	0.000000
635	2	2	0.000000
636	2	4	0.000000
637	2	2	0.000000
638	2	2	0.000000
639	2	2	0.000000
640	1	1	0.000000
641	1	1	0.000000
642	1	1	0.000000
643	1	0	0.000000
644	1	1	0.000000
645	1	1	0.000000
646	1	1	0.000000
647	1	1	0.000000
648	1	3	0.000000
649	1	1	0.000000
650	2	2	0.000000
651	2	2	0.000000
652	2	2	0.000000
653	2	5	0.000000
654	2	2	0.000000
655	2	2	0.000000
656	2	0	0.000000
657	2	3	0.000000
658	2	2	0.000000
659	2	2	0.000000
660	2	2	0.000000
661	2	2	0.000000
662	2	4	0.000000
663	2	2	0.000000
664	2	2	0.000000
665	2	5	0.000000
666	3	2	0.000000
667	3	2	0.000000
668	3	2	0.000000
669	3	1	0.000000
670	3	2	0.000000
671	3	2	0.000000
672	3	2	0.000000
673	3	2	0.000000
674	3	2	0.000000
675	3	2	0.000000
676	3	2	0.000000
677	3	2	0.000000
678	3	2	0.000000
679	3	2	0.000000
680	3	2	0.000000
681	3	2	0.000000
682	3	0	0.000000
683	3	2	0.000000
684	3	2	0.000000
685	3	2	0.000000
686	3	2	0.000000
687	3	2	0.000000
688	3	2	0.000000
689	3	0	0.000000
690	3	2	0.000000
691	3	2	0.000000
692	3	2	0.000000
693	3	2	0.000000
694	3	2	0.000000
695	3	2	0.000000
696	3	2	0.000000
697	3	2	0.000000
698	3	2	0.000000
699	3	2	0.000000
700	2	2	0.000000
701	2	2	0.000000
702	2	2	0.000000
703	2	2	0.000000
704	2	2	0.000000
705	2	2	0.000000
706	2	2	0.000000
707	2	2	0.000000
708	2	2	0.000000
709	2	3	0.000000
710	2	2	0.000000
711	2	4	0.000000
712	2	2	0.000000
713	2	2	0.000000
714	2	2	0.000000
715	2	2	0.000000
716	2	1	0.000000
717	2	2	0.000000
718	2	2	0.000000
719	2	5	0.000000
720	2	5	0.000000
721	2	2	0.000000
722	2	2	0.000000
723	2	2	0.000000
724	1	1	0.000000
725	1	1	0.000000
726	1	1	0.000000
727	1	1	0.000000
728	1	1	0.000000
729	1	1	0.000000
730	1	1	0.000000
731	1	1	0.000000
732	1	1	0.000000
733	1	1	0.000000
734	1	1	0.000000
735	1	1	0.000000
736	1	1	0.000000
737	1	0	0.000000
738	1	0	0.000000
739	1	1	0.000000
740	1	1	0.000000
741	2	5	0.000000
742	2	2	0.000000
743	2	4	0.000000
744	2	2	0.000000
745	2	5	0.000000
746	2	2	0.000000
747	2	2	0.000000
748	2	2	0.000000
749	2	0	0.000000
750	2	2	0.000000
751	2	4	0.000000
752	2	2	0.000000
753	2	2	0.000000
754	2	2	0.000000
755	2	2	0.000000
756	2	2	0.000000
757	2	0	0.000000
758	2	2	0.000000
759	2	2	0.000000
760	2	2	0.000000
761	2	2	0.000000
762	2	2	0.000000
763	2	2	0.000000
764	2	2	0.000000
765	2	2	0.000000
766	2	5	0.000000
767	2	2	0.000000
768	2	2	0.000000
769	2	2	0.000000
770	2	0	0.000000
771	2	1	0.000000
772	2	2	0.000000
773	2	0	0.000000
774	2	2	0.000000
775	2	2	0.000000
776	2	2	0.000000
777	2	0	0.000000
778	2	2	0.000000
779	2	2	0.000000
780	2	2	0.000000
781	2	2	0.000000
782	2	2	0.000000
783	2	5	0.000000
784	2	2	0.000000
785	2	2	0.000000
786	2	5	0.000000
787	2	2	0.000000
788	2	2	0.000000
789	2	2	0.000000
790	2	2	0.000000
791	2	2	0.000000
792	2	2	0.000000
793	2	5	0.000000
794	2	2	0.000000
795	2	2	0.000000
796	2	2	0.000000
797	2	2	0.000000
798	2	0	0.000000
799	2	2	0.000000
800	2	2	0.000000
801	2	2	0.000000
802	2	2	0.000000
803	2	2	0.000000
804	2	0	0.000000
805	2	2	0.000000
806	2	2	0.000000
807	2	2	0.000000
808	2	3	0.000000
809	2	0	0.000000
810	2	2	0.000000
811	1	1	0.000000
812	1	2	0.000000
813	2	2	0.000000
814	2	2	0.000000
815	2	0	0.000000
816	2	2	0.000000
817	2	2	0.000000
818	2	2	0.000000
819	2	2	0.000000
820	2	2	0.000000
821	2	2	0.000000
822	2	2	0.000000
823	2	2	0.000000
824	2	2	0.000000
825	1	1	0.000000
826	1	1	0.000000
827	1	1	0.000000
828	1	1	0.000000
829	1	1	0.000000
830	1	1	0.000000
831	1	1	0.000000
832	1	1	0.000000
833	1	1	0.000000
834	1	1	0.000000
835	1	0	0.000000
836	2	2	0.000000
837	2	2	0.000000
838	2	4	0.000000
839	2	3	0.000000
840	2	2	0.000000
841	2	3	0.000000
842	2	2	0.000000
843	2	2	0.000000
844	2	2	0.000000
845	2	2	0.000000
846	2	2	0.000000
847	2	2	0.000000
848	2	2	0.000000
849	2	2	0.000000
850	2	3	0.000000
851	2	2	0.000000
852	2	2	0.000000
853	2	2	0.000000
854	2	2	0.000000
855	2	0	0.000000
856	2	2	0.000000
857	2	2	0.000000
858	2	2	0.000000
859	2	2	0.000000
860	2	2	0.000000
861	2	3	0.000000
862	2	2	0.000000
863	2	2	0.000000
864	2	2	0.000000
865	2	2	0.000000
866	2	2	0.000000
867	2	2	0.000000
868	2	2	0.000000
869	2	2	0.000000
870	2	2	0.000000
871	2	4	0.000000
872	2	2	0.000000
873	2	2	0.000000
874	2	1	0.000000
875	2	5	0.000000
876	2	2	0.000000
877	2	5	0.000000
878	2	2	0.000000
879	2	2	0.000000
880	2	2	0.000000
881	2	2	0.000000
882	1	1	0.000000
883	1	2	0.000000
884	1	1	0.000000
885	1	1	0.000000
886	1	1	0.000000
887	1	0	0.000000
888	1	1	0.000000
889	1	2	0.000000
890	1	3	0.000000
891	1	1	0.000000
892	1	1	0.000000
893	1	1	0.000000
894	1	1	0.000000
895	1	1	0.000000
896	1	1	0.000000
897	1	3	0.000000
898	1	1	0.000000
899	1	1	0.000000
900	1	3	0.000000
901	2	0	0.000000
902	2	2	0.000000
903	2	2	0.000000
904	2	2	0.000000
905	2	2	0.000000
906	2	0	0.000000
907	2	2	0.000000
908	2	2	0.000000
909	2	2	0.000000
910	2	2	0.000000
911	2	3	0.000000
912	2	2	0.000000
913	2	2	0.000000
914	2	1	0.000000
915	2	4	0.000000
916	2	2	0.000000
917	2	2	0.000000
918	2	2	0.000000
919	2	2	0.000000
920	2	2	0.000000
921	2	2	0.000000
922	2	2	0.000000
923	2	2	0.000000
924	2	2	0.000000
925	2	2	0.000000
926	2	2	0.000000
927	2	2	0.000000
928	2	1	0.000000
929	2	2	0.000000
930	2	2	0.000000
931	2	2	0.000000
932	1	1	0.000000
933	1	1	0.000000
934	1	1	0.000000
935	1	1	0.000000
936	1	1	0.000000
937	1	1	0.000000
938	1	1	0.000000
939	1	1	0.000000
940	1	1	0.000000
941	1	0	0.000000
942	1	1	0.000000
943	1	2	0.000000
944	1	3	0.000000
945	1	2	0.000000
946	1	1	0.000000
947	1	3	0.000000
948	2	2	0.000000
949	2	2	0.000000
950	2	2	0.000000
951	2	3	0.000000
952	2	2	0.000000
953	2	2	0.000000
954	2	1	0.000000
955	2	2	0.000000
956	2	5	0.000000
957	2	2	0.000000
958	2	2	0.000000
959	2	2	0.000000
960	2	2	0.000000
961	2	1	0.000000
962	2	2	0.000000
963	2	4	0.000000
964	2	3	0.000000
965	2	2	0.000000
966	2	2	0.000000
967	2	2	0.000000
968	2	2	0.000000
969	2	2	0.000000
970	2	2	0.000000
971	2	2	0.000000
972	2	2	0.000000
973	2	4	0.000000
974	2	2	0.000000
975	2	1	0.000000
976	2	2	0.000000
977	2	0	0.000000
978	2	2	0.000000
979	2	2	0.000000
980	2	2	0.000000
981	2	2	0.000000
982	2	2	0.000000
983	2	2	0.000000
984	2	2	0.000000
985	2	2	0.000000
986	2	2	0.000000
987	2	1	0.000000
988	2	2	0.000000
989	2	5	0.000000
990	2	2	0.000000
991	2	2	0.000000
992	2	2	0.000000
993	2	2	0.000000
994	2	2	0.000000
995	2	2	0.000000
996	2	5	0.000000
997	2	2	0.000000
998	3	2	0.000000
999	3	2	0.000000
1000	3	0	0.000000
1001	3	2	0.000000
1002	3	2	0.000000
1003	3	2	0.000000
1004	2	5	0.000000
1005	3	1	0.000000
1006	3	2	0.000000
1007	3	2	0.000000
1008	3	2	0.000000
1009	3	2	0.000000
1010	3	2	0.000000
1011	3	2	0.000000
1012	3	2	0.000000
1013	3	0	0.000000
1014	3	2	0.000000
1015	3	2	0.000000
1016	3	0	0.000000
1017	3	2	0.000000
1018	3	2	0.000000
1019	3	2	0.000000
1020	3	2	0.000000
1021	3	2	0.000000
1022	3	1	0.000000
1023	3	2	0.000000
1024	3	3	0.000000
1025	3	2	0.000000
1026	3	2	0.000000
1027	3	2	0.000000
1028	3	2	0.000000
1029	3	2	0.000000
1030	3	3	0.000000
1031	3	2	0.000000
1032	3	2	0.000000
1033	3	1	0.000000
1034	3	2	0.000000
1035	3	2	0.000000
1036	3	2	0.000000
1037	3	2	0.000000
1038	3	2	0.000000
1039	3	2	0.000000
1040	3	2	0.000000
1041	2	0	0.000000
1042	2	2	0.000000
1043	2	0	0.000000
1044	2	2	0.000000
1045	2	3	0.000000
1046	2	2	0.000000
1047	2	2	0.000000
1048	2	2	0.000000
1049	2	0	0.000000
1050	2	2	0.000000
1051	2	2	0.000000
1052	3	2	0.000000
1053	2	2	0.000000
1054	2	2	0.000000
1055	2	2	0.000000
1056	2	2	0.000000
1057	2	4	0.000000
1058	2	2	0.000000
1059	2	2	0.000000
1060	2	2	0.000000
1061	2	2	0.000000
1062	2	2	0.000000
1063	2	2	0.000000
1064	2	2	0.000000
1065	2	2	0.000000
1066	2	2	0.000000
1067	2	2	0.000000
1068	2	5	0.000000
1069	2	2	0.000000
1070	2	2	0.000000
1071	2	2	0.000000
1072	2	3	0.000000
1073	2	2	0.000000
1074	2	2	0.000000
1075	1	1	0.000000
1076	1	1	0.000000
1077	1	1	0.000000
1078	1	1	0.000000
1079	1	1	0.000000
1080	1	1	0.000000
1081	1	1	0.000000
1082	1	1	0.000000
1083	1	1	0.000000
1084	1	3	0.000000
1085	1	1	0.000000
1086	1	1	0.000000
1087	1	1	0.000000
1088	1	1	0.000000
1089	1	1	0.000000
1090	2	0	0.000000
1091	1	1	0.000000
1092	2	2	0.000000
1093	2	2	0.000000
1094	2	5	0.000000
1095	2	2	0.000000
1096	2	2	0.000000
1097	2	2	0.000000
1098	2	2	0.000000
1099	2	1	0.000000
1100	2	2	0.000000
1101	2	2	0.000000
1102	2	2	0.000000
1103	2	2	0.000000
1104	2	2	0.000000
1105	2	1	0.000000
1106	2	2	0.000000
1107	2	2	0.000000
1108	2	2	0.000000
1109	2	2	0.000000
1110	2	2	0.000000
1111	2	2	0.000000
1112	2	2	0.000000
1113	2	2	0.000000
1114	2	2	0.000000
1115	1	1	0.000000
1116	1	1	0.000000
1117	1	3	0.000000
1118	1	0	0.000000
1119	1	1	0.000000
1120	1	1	0.000000
1121	1	1	0.000000
1122	1	2	0.000000
1123	1	1	0.000000
1124	1	1	0.000000
1125	1	1	0.000000
1126	1	0	0.000000
1127	1	1	0.000000
1128	1	1	0.000000
1129	2	2	0.000000
1130	2	2	0.000000
1131	2	2	0.000000
1132	2	2	0.000000
1133	2	2	0.000000
1134	2	2	0.000000
1135	2	0	0.000000
1136	2	2	0.000000
1137	2	4	0.000000
1138	2	2	0.000000
1139	2	2	0.000000
1140	2	2	0.000000
1141	2	2	0.000000
1142	2	2	0.000000
1143	2	4	0.000000
1144	2	2	0.000000
1145	2	2	0.000000
1146	2	2	0.000000
1147	1	2	0.000000
1148	1	0	0.000000
1149	1	1	0.000000
1150	1	1	0.000000
1151	1	1	0.000000
1152	1	1	0.000000
1153	1	3	0.000000
1154	1	1	0.000000
1155	1	2	0.000000
1156	1	2	0.000000
1157	1	1	0.000000
1158	1	1	0.000000
1159	1	2	0.000000
1160	2	2	0.000000
1161	2	2	0.000000
1162	2	2	0.000000
1163	2	2	0.000000
1164	2	2	0.000000
1165	2	2	0.000000
1166	2	5	0.000000
1167	2	2	0.000000
1168	2	4	0.000000
1169	2	2	0.000000
1170	2	1	0.000000
1171	2	5	0.000000
1172	2	2	0.000000
1173	2	2	0.000000
1174	2	2	0.000000
1175	2	2	0.000000
1176	2	2	0.000000
1177	2	2	0.000000
1178	2	2	0.000000
1179	2	2	0.000000
1180	2	3	0.000000
1181	2	2	0.000000
1182	2	2	0.000000
1183	2	2	0.000000
1184	2	0	0.000000
1185	1	1	0.000000
1186	1	1	0.000000
1187	1	1	0.000000
1188	1	1	0.000000
1189	1	1	0.000000
1190	1	1	0.000000
1191	1	3	0.000000
1192	1	1	0.000000
1193	1	1	0.000000
1194	1	1	0.000000
1195	1	1	0.000000
1196	1	1	0.000000
1197	1	1	0.000000
1198	1	1	0.000000
1199	1	1	0.000000
1200	2	2	0.000000
1201	2	1	0.000000
1202	2	2	0.000000
1203	2	2	0.000000
1204	2	2	0.000000
1205	2	3	0.000000
1206	2	0	0.000000
1207	2	5	0.000000
1208	2	2	0.000000
1209	2	2	0.000000
1210	2	1	0.000000
1211	2	2	0.000000
1212	2	2	0.000000
1213	2	2	0.000000
1214	2	1	0.000000
1215	2	0	0.000000
1216	2	1	0.000000
1217	2	2	0.000000
1218	2	2	0.000000
1219	2	5	0.000000
1220	1	1	0.000000
1221	1	1	0.000000
1222	1	1	0.000000
1223	1	1	0.000000
1224	1	1	0.000000
1225	1	1	0.000000
1226	1	1	0.000000
1227	1	1	0.000000
1228	1	1	0.000000
1229	1	1	0.000000
1230	1	1	0.000000
1231	1	1	0.000000
1232	1	1	0.000000
1233	2	1	0.000000
1234	2	3	0.000000
1235	2	2	0.000000
1236	2	2	0.000000
1237	2	2	0.000000
1238	2	3	0.000000
1239	2	0	0.000000
1240	2	2	0.000000
1241	2	2	0.000000
1242	2	4	0.000000
1243	2	2	0.000000
1244	2	2	0.000000
1245	2	2	0.000000
1246	2	2	0.000000
1247	2	2	0.000000
1248	2	2	0.000000
1249	2	5	0.000000
1250	2	2	0.000000
1251	2	2	0.000000
1252	2	2	0.000000
1253	2	2	0.000000
1254	2	4	0.000000
1255	2	2	0.000000
1256	2	1	0.000000
1257	2	0	0.000000
1258	2	2	0.000000
1259	1	1	0.000000
1260	1	0	0.000000
1261	1	1	0.000000
1262	1	1	0.000000
1263	1	1	0.000000
1264	1	1	0.000000
1265	1	0	0.000000
1266	2	2	0.000000
1267	2	2	0.000000
1268	2	4	0.000000
1269	2	2	0.000000
1270	2	5	0.000000
1271	2	3	0.000000
1272	2	2	0.000000
1273	2	2	0.000000
1274	2	5	0.000000
1275	2	2	0.000000
1276	2	2	0.000000
1277	2	2	0.000000
1278	1	1	0.000000
1279	1	1	0.000000
1280	1	1	0.000000
1281	1	3	0.000000
1282	1	1	0.000000
1283	1	1	0.000000
1284	1	1	0.000000
1285	1	1	0.000000
1286	1	1	0.000000
1287	1	1	0.000000
1288	1	0	0.000000
1289	1	1	0.000000
1290	1	3	0.000000
1291	1	1	0.000000
1292	1	0	0.000000
1293	1	1	0.000000
1294	1	1	0.000000
1295	1	1	0.000000
1296	1	1	0.000000
1297	1	1	0.000000
1298	1	1	0.000000
1299	1	1	0.000000
1300	1	3	0.000000
1301	1	2	0.000000
1302	1	1	0.000000
1303	2	2	0.000000
1304	1	1	0.000000
1305	2	2	0.000000
1306	2	2	0.000000
1307	2	2	0.000000
1308	2	2	0.000000
1309	2	1	0.000000
1310	2	0	0.000000
1311	2	2	0.000000
1312	2	2	0.000000
1313	2	2	0.000000
1314	2	2	0.000000
1315	2	2	0.000000
1316	2	4	0.000000
1317	2	2	0.000000
1318	2	2	0.000000
1319	2	2	0.000000
1320	2	2	0.000000
1321	2	2	0.000000
1322	2	2	0.000000
1323	2	5	0.000000
1324	2	2	0.000000
1325	2	2	0.000000
1326	2	0	0.000000
1327	2	2	0.000000
1328	2	2	0.000000
1329	3	2	0.000000
1330	3	3	0.000000
1331	3	0	0.000000
1332	3	0	0.000000
1333	3	2	0.000000
1334	3	1	0.000000
1335	3	2	0.000000
1336	3	1	0.000000
1337	3	1	0.000000
1338	3	2	0.000000
1339	3	2	0.000000
1340	3	2	0.000000
1341	3	2	0.000000
1342	3	2	0.000000
1343	3	2	0.000000
1344	3	2	0.000000
1345	3	2	0.000000
1346	3	3	0.000000
1347	3	2	0.000000
1348	3	2	0.000000
1349	3	2	0.000000
1350	3	2	0.000000
1351	3	2	0.000000
1352	3	2	0.000000
1353	3	1	0.000000
1354	3	2	0.000000
1355	3	2	0.000000
1356	3	2	0.000000
1357	3	2	0.000000
1358	3	2	0.000000
1359	3	2	0.000000
1360	3	2	0.000000
1361	3	0	0.000000
1362	3	1	0.000000
1363	3	0	0.000000
1364	3	2	0.000000
1365	3	2	0.000000
1366	3	2	0.000000
1367	3	2	0.000000
1368	3	2	0.000000
1369	3	2	0.000000
1370	3	2	0.000000
1371	3	0	0.000000
1372	3	0	0.000000
1373	3	2	0.000000
1374	3	0	0.000000
1375	3	2	0.000000
1376	3	2	0.000000
1377	3	1	0.000000
1378	3	2	0.000000
1379	3	3	0.000000
1380	3	3	0.000000
1381	3	2	0.000000
1382	3	2	0.000000
1383	3	2	0.000000
1384	3	3	0.000000
1385	3	3	0.000000
1386	3	2	0.000000
1387	3	1	0.000000
1388	3	0	0.000000
1389	3	2	0.000000
1390	3	2	0.000000
1391	3	2	0.000000
1392	2	2	0.000000
1393	2	2	0.000000
1394	2	2	0.000000
1395	2	0	0.000000
1396	2	2	0.000000
1397	2	4	0.000000
1398	2	2	0.000000
1399	2	3	0.000000
1400	2	2	0.000000
1401	2	2	0.000000
1402	2	0	0.000000
1403	2	2	0.000000
1404	2	3	0.000000
1405	2	2	0.000000
1406	2	2	0.000000
1407	2	2	0.000000
1408	2	2	0.000000
1409	2	4	0.000000
1410	2	2	0.000000
1411	2	2	0.000000
1412	2	2	0.000000
1413	2	2	0.000000
1414	2	2	0.000000
1415	2	4	0.000000
1416	2	2	0.000000
1417	2	2	0.000000
1418	2	2	0.000000
1419	1	1	0.000000
1420	1	1	0.000000
1421	1	1	0.000000
1422	1	1	0.000000
1423	1	1	0.000000
1424	1	1	0.000000
1425	1	1	0.000000
1426	1	1	0.000000
1427	1	1	0.000000
1428	1	0	0.000000
1429	1	1	0.000000
1430	1	1	0.000000
1431	1	1	0.000000
1432	1	3	0.000000
1433	1	1	0.000000
1434	1	1	0.000000
1435	1	1	0.000000
1436	1	1	0.000000
1437	1	1	0.000000
1438	2	2	0.000000
1439	2	2	0.000000
1440	2	5	0.000000
1441	2	2	0.000000
1442	2	2	0.000000
1443	2	2	0.000000
1444	2	2	0.000000
1445	2	2	0.000000
1446	2	3	0.000000
1447	2	2	0.000000
1448	2	2	0.000000
1449	2	2	0.000000
1450	1	0	0.000000
1451	1	1	0.000000
1452	1	1	0.000000
1453	1	1	0.000000
1454	1	1	0.000000
1455	1	1	0.000000
1456	1	1	0.000000
1457	1	1	0.000000
1458	1	1	0.000000
1459	1	1	0.000000
1460	1	1	0.000000
1461	2	2	0.000000
1462	2	2	0.000000
1463	2	2	0.000000
1464	2	4	0.000000
1465	2	2	0.000000
1466	2	2	0.000000
1467	2	2	0.000000
1468	2	1	0.000000
1469	2	1	0.000000
1470	2	2	0.000000
1471	2	2	0.000000
1472	2	2	0.000000
1473	2	2	0.000000
1474	2	2	0.000000
1475	2	2	0.000000
1476	2	2	0.000000
1477	2	2	0.000000
1478	1	1	0.000000
1479	1	0	0.000000
1480	1	1	0.000000
1481	1	0	0.000000
1482	1	1	0.000000
1483	1	0	0.000000
1484	1	2	0.000000
1485	1	1	0.000000
1486	1	1	0.000000
1487	1	0	0.000000
1488	1	0	0.000000
1489	1	0	0.000000
1490	1	1	0.000000
1491	1	1	0.000000
1492	2	2	0.000000
1493	2	2	0.000000
1494	2	2	0.000000
1495	2	2	0.000000
1496	2	5	0.000000
1497	2	2	0.000000
1498	2	2	0.000000
1499	2	0	0.000000
1500	2	2	0.000000
1501	2	2	0.000000
1502	2	2	0.000000
1503	2	4	0.000000
1504	2	2	0.000000
1505	2	2	0.000000
1506	2	2	0.000000
1507	2	2	0.000000
1508	2	2	0.000000
1509	2	2	0.000000
1510	3	2	0.000000
1511	3	2	0.000000
1512	3	2	0.000000
1513	3	2	0.000000
1514	3	2	0.000000
1515	3	2	0.000000
1516	3	2	0.000000
1517	3	2	0.000000
1518	3	2	0.000000
1519	3	2	0.000000
1520	3	2	0.000000
1521	3	1	0.000000
1522	3	2	0.000000
1523	3	2	0.000000
1524	3	2	0.000000
1525	3	2	0.000000
1526	3	2	0.000000
1527	3	2	0.000000
1528	3	2	0.000000
1529	3	0	0.000000
1530	4	0	0.000000
1531	4	0	0.000000
1532	4	0	0.000000
1533	4	0	0.000000
1534	4	0	0.000000
1535	4	0	0.000000
1536	4	0	0.000000
1537	4	0	0.000000
1538	4	0	0.000000
1539	4	0	0.000000
1540	4	0	0.000000
1541	4	0	0.000000
1542	4	2	0.000000
1543	4	2	0.000000
1544	4	0	0.000000
1545	4	3	0.000000
1546	4	0	0.000000
1547	4	0	0.000000
1548	4	0	0.000000
1549	3	2	0.000000
1550	3	2	0.000000
1551	3	0	0.000000
1552	3	2	0.000000
1553	3	2	0.000000
1554	3	3	0.000000
1555	3	2	0.000000
1556	3	2	0.000000
1557	3	2	0.000000
1558	3	2	0.000000
1559	3	2	0.000000
1560	3	2	0.000000
1561	3	1	0.000000
1562	3	2	0.000000
1563	3	2	0.000000
1564	3	2	0.000000
1565	3	2	0.000000
1566	3	2	0.000000
1567	3	2	0.000000
1568	3	2	0.000000
1569	3	2	0.000000
1570	3	2	0.000000
1571	3	2	0.000000
1572	3	2	0.000000
1573	3	2	0.000000
1574	3	2	0.000000
1575	3	2	0.000000
1576	3	3	0.000000
1577	3	2	0.000000
1578	3	3	0.000000
1579	3	0	0.000000
1580	3	0	0.000000
1581	3	3	0.000000
1582	3	2	0.000000
1583	3	2	0.000000
1584	3	2	0.000000
1585	3	2	0.000000
1586	3	2	0.000000
1587	3	2	0.000000
1588	3	2	0.000000
1589	3	3	0.000000
1590	3	0	0.000000
1591	3	2	0.000000
1592	3	2	0.000000
1593	3	2	0.000000
1594	3	2	0.000000
1595	2	2	0.000000
1596	2	0	0.000000
1597	2	4	0.000000
1598	2	0	0.000000
1599	2	2	0.000000
1600	2	2	0.000000
1601	2	2	0.000000
1602	2	2	0.000000
1603	2	2	0.000000
1604	2	2	0.000000
1605	2	5	0.000000
1606	2	2	0.000000
1607	2	2	0.000000
1608	2	2	0.000000
1609	2	2	0.000000
1610	2	2	0.000000
1611	2	4	0.000000
1612	2	2	0.000000
1613	2	2	0.000000
1614	2	2	0.000000
1615	2	2	0.000000
1616	2	2	0.000000
1617	2	2	0.000000
1618	2	1	0.000000
1619	2	2	0.000000
1620	2	2	0.000000
1621	2	2	0.000000
1622	2	2	0.000000
1623	2	2	0.000000
1624	2	2	0.000000
1625	2	1	0.000000
1626	1	1	0.000000
1627	1	1	0.000000
1628	1	1	0.000000
1629	1	0	0.000000
1630	1	1	0.000000
1631	1	1	0.000000
1632	1	1	0.000000
1633	1	0	0.000000
1634	1	1	0.000000
1635	1	0	0.000000
1636	1	1	0.000000
1637	1	1	0.000000
1638	1	1	0.000000
1639	1	1	0.000000
1640	1	0	0.000000
1641	1	1	0.000000
1642	1	1	0.000000
1643	1	1	0.000000
1644	1	1	0.000000
1645	1	2	0.000000
1646	1	1	0.000000
1647	2	2	0.000000
1648	2	2	0.000000
1649	2	1	0.000000
1650	2	2	0.000000
1651	2	2	0.000000
1652	2	3	0.000000
1653	2	5	0.000000
1654	2	2	0.000000
1655	2	2	0.000000
1656	2	5	0.000000
1657	2	0	0.000000
1658	2	2	0.000000
1659	2	2	0.000000
1660	2	2	0.000000
1661	3	2	0.000000
1662	3	2	0.000000
1663	3	2	0.000000
1664	3	2	0.000000
1665	3	2	0.000000
1666	3	2	0.000000
1667	3	2	0.000000
1668	3	3	0.000000
1669	3	2	0.000000
1670	3	1	0.000000
1671	3	3	0.000000
1672	3	2	0.000000
1673	3	2	0.000000
1674	3	2	0.000000
1675	3	2	0.000000
1676	3	2	0.000000
1677	3	1	0.000000
1678	3	2	0.000000
1679	3	2	0.000000
1680	3	2	0.000000
1681	4	0	0.000000
1682	3	2	0.000000
1683	4	0	0.000000
1684	4	0	0.000000
1685	4	1	0.000000
1686	4	1	0.000000
1687	4	0	0.000000
1688	4	0	0.000000
1689	4	0	0.000000
1690	4	0	0.000000
1691	4	0	0.000000
1692	4	0	0.000000
1693	4	0	0.000000
1694	4	0	0.000000
1695	4	0	0.000000
1696	4	0	0.000000
1697	4	0	0.000000
1698	4	0	0.000000
1699	4	0	0.000000
1700	4	0	0.000000
1701	4	0	0.000000
1702	4	0	0.000000
1703	4	2	0.000000
1704	4	0	0.000000
1705	4	0	0.000000
1706	4	0	0.000000
1707	4	0	0.000000
1708	4	0	0.000000
1709	4	0	0.000000
1710	4	0	0.000000
1711	4	2	0.000000
1712	4	0	0.000000
1713	4	0	0.000000
1714	4	0	0.000000
1715	4	1	0.000000
1716	4	0	0.000000
1717	4	0	0.000000
1718	4	0	0.000000
1719	4	1	0.000000
1720	4	0	0.000000
1721	4	0	0.000000
1722	4	0	0.000000
1723	4	2	0.000000
1724	4	0	0.000000
1725	4	0	0.000000
1726	4	1	0.000000
1727	4	0	0.000000
1728	4	0	0.000000
1729	4	0	0.000000
1730	4	0	0.000000
1731	4	0	0.000000
1732	4	0	0.000000
1733	4	0	0.000000
1734	4	0	0.000000
1735	4	0	0.000000
1736	3	2	0.000000
1737	4	0	0.000000
1738	4	0	0.000000
1739	4	0	0.000000
1740	4	0	0.000000
1741	4	0	0.000000
1742	3	2	0.000000
1743	3	2	0.000000
1744	3	2	0.000000
1745	3	2	0.000000
1746	3	3	0.000000
1747	3	2	0.000000
1748	3	2	0.000000
1749	3	2	0.000000
1750	3	2	0.000000
1751	3	2	0.000000
1752	3	2	0.000000
1753	3	2	0.000000
1754	4	0	0.000000
1755	4	0	0.000000
1756	3	2	0.000000
1757	4	0	0.000000
1758	3	2	0.000000
1759	4	0	0.000000
1760	4	2	0.000000
1761	4	0	0.000000
1762	4	0	0.000000
1763	4	1	0.000000
1764	4	0	0.000000
1765	4	0	0.000000
1766	4	0	0.000000
1767	4	0	0.000000
1768	4	1	0.000000
1769	3	0	0.000000
1770	3	2	0.000000
1771	3	1	0.000000
1772	3	3	0.000000
1773	3	2	0.000000
1774	3	2	0.000000
1775	3	2	0.000000
1776	3	2	0.000000
1777	3	2	0.000000
1778	3	2	0.000000
1779	3	2	0.000000
1780	3	2	0.000000
1781	3	2	0.000000
1782	3	2	0.000000
1783	3	2	0.000000
1784	3	2	0.000000
1785	3	2	0.000000
1786	3	2	0.000000
1787	3	2	0.000000
1788	3	1	0.000000
1789	3	3	0.000000
1790	3	2	0.000000
1791	3	2	0.000000
1792	2	1	0.000000
1793	2	3	0.000000
1794	2	0	0.000000
1795	2	2	0.000000
1796	2	2	0.000000
1797	2	2	0.000000
1798	1	1	0.000000
1799	1	1	0.000000
1800	1	1	0.000000
1801	1	0	0.000000
1802	1	1	0.000000
1803	1	0	0.000000
1804	1	1	0.000000
1805	1	0	0.000000
1806	1	3	0.000000
1807	1	1	0.000000
1808	1	1	0.000000
1809	1	1	0.000000
1810	1	3	0.000000
1811	1	1	0.000000
1812	1	1	0.000000
1813	1	1	0.000000
1814	1	1	0.000000
1815	1	1	0.000000
1816	1	1	0.000000
1817	1	1	0.000000
1818	1	1	0.000000
1819	1	1	0.000000
1820	1	1	0.000000
1821	1	1	0.000000
1822	1	1	0.000000
1823	1	1	0.000000
1824	1	0	0.000000
1825	1	1	0.000000
1826	1	1	0.000000
1827	1	2	0.000000
1828	1	1	0.000000
1829	1	1	0.000000
1830	1	1	0.000000
1831	1	1	0.000000
1832	1	1	0.000000
1833	1	1	0.000000
1834	1	1	0.000000
1835	1	1	0.000000
1836	1	1	0.000000
1837	1	1	0.000000
1838	1	1	0.000000
1839	1	1	0.000000
1840	1	1	0.000000
1841	1	1	0.000000
1842	1	1	0.000000
1843	1	1	0.000000
1844	1	3	0.000000
1845	1	1	0.000000
1846	1	1	0.000000
1847	1	1	0.000000
1848	1	1	0.000000
1849	1	1	0.000000
1850	1	1	0.000000
1851	1	1	0.000000
1852	2	2	0.000000
1853	2	2	0.000000
1854	1	1	0.000000
1855	1	1	0.000000
1856	1	1	0.000000
1857	1	1	0.000000
1858	1	0	0.000000
1859	1	0	0.000000
1860	1	1	0.000000
1861	1	1	0.000000
1862	1	1	0.000000
1863	1	1	0.000000
1864	1	1	0.000000
1865	1	1	0.000000
1866	1	1	0.000000
1867	1	1	0.000000
1868	1	1	0.000000
1869	1	1	0.000000
1870	2	2	0.000000
1871	2	2	0.000000
1872	1	1	0.000000
1873	1	1	0.000000
1874	1	1	0.000000
1875	1	1	0.000000
1876	1	1	0.000000
1877	1	1	0.000000
1878	1	1	0.000000
1879	1	1	0.000000
1880	1	1	0.000000
1881	1	1	0.000000
1882	1	1	0.000000
1883	1	1	0.000000
1884	1	3	0.000000
1885	1	1	0.000000
1886	1	1	0.000000
1887	1	1	0.000000
1888	1	0	0.000000
1889	2	2	0.000000
1890	2	2	0.000000
1891	1	1	0.000000
1892	1	1	0.000000
1893	1	2	0.000000
1894	1	3	0.000000
1895	1	1	0.000000
1896	1	2	0.000000
1897	1	1	0.000000
1898	1	1	0.000000
1899	1	1	0.000000
1900	1	0	0.000000
1901	1	1	0.000000
1902	1	1	0.000000
1903	1	1	0.000000
1904	1	1	0.000000
1905	1	1	0.000000
1906	1	1	0.000000
1907	1	1	0.000000
1908	1	1	0.000000
1909	1	2	0.000000
1910	1	1	0.000000
1911	1	1	0.000000
1912	1	1	0.000000
1913	1	1	0.000000
1914	1	1	0.000000
1915	1	2	0.000000
1916	1	1	0.000000
1917	1	1	0.000000
1918	1	1	0.000000
1919	1	1	0.000000
1920	1	3	0.000000
1921	1	1	0.000000
1922	1	1	0.000000
1923	1	1	0.000000
1924	1	1	0.000000
1925	1	2	0.000000
1926	1	1	0.000000
1927	1	1	0.000000
1928	1	1	0.000000
1929	1	1	0.000000
1930	1	1	0.000000
1931	1	2	0.000000
1932	1	1	0.000000
1933	1	1	0.000000
1934	1	1	0.000000
1935	1	1	0.000000
1936	1	1	0.000000
1937	1	1	0.000000
1938	1	1	0.000000
1939	1	1	0.000000
1940	1	1	0.000000
1941	1	1	0.000000
1942	1	1	0.000000
1943	1	2	0.000000
1944	1	1	0.000000
1945	1	1	0.000000
1946	1	1	0.000000
1947	1	1	0.000000
1948	1	1	0.000000
1949	1	1	0.000000
1950	1	1	0.000000
1951	1	1	0.000000
1952	1	1	0.000000
1953	1	1	0.000000
1954	1	1	0.000000
1955	1	1	0.000000
1956	1	1	0.000000
1957	1	3	0.000000
1958	1	1	0.000000
1959	1	0	0.000000
1960	1	1	0.000000
1961	1	1	0.000000
1962	1	1	0.000000
1963	1	0	0.000000
1964	1	1	0.000000
1965	1	1	0.000000
1966	1	1	0.000000
1967	1	1	0.000000
1968	1	3	0.000000
1969	1	3	0.000000
1970	1	1	0.000000
1971	1	1	0.000000
1972	1	3	0.000000
1973	1	1	0.000000
1974	1	1	0.000000
1975	1	2	0.000000
1976	1	1	0.000000
1977	1	1	0.000000
1978	1	1	0.000000
1979	1	3	0.000000
1980	1	1	0.000000
1981	1	0	0.000000
1982	1	1	0.000000
1983	1	3	0.000000
1984	1	1	0.000000
1985	1	1	0.000000
1986	1	1	0.000000
1987	1	1	0.000000
1988	1	1	0.000000
1989	1	1	0.000000
1990	1	1	0.000000
1991	1	1	0.000000
1992	1	1	0.000000
1993	1	1	0.000000
1994	1	1	0.000000
1995	1	1	0.000000
1996	1	1	0.000000
1997	1	1	0.000000
1998	1	1	0.000000
1999	1	1	0.000000
2000	1	1	0.000000
2001	1	0	0.000000
2002	1	1	0.000000
2003	1	1	0.000000
2004	1	1	0.000000
2005	1	1	0.000000
2006	1	1	0.000000
2007	1	2	0.000000
2008	1	1	0.000000
2009	1	1	0.000000
2010	1	1	0.000000
2011	1	1	0.000000
2012	1	1	0.000000
2013	1	1	0.000000
2014	1	1	0.000000
2015	1	1	0.000000
2016	1	1	0.000000
2017	1	1	0.000000
2018	1	1	0.000000
2019	1	1	0.000000
2020	1	1	0.000000
2021	1	1	0.000000
2022	1	0	0.000000
2023	1	1	0.000000
2024	1	1	0.000000
2025	1	1	0.000000
2026	1	1	0.000000
2027	1	1	0.000000
2028	1	1	0.000000
2029	1	1	0.000000
2030	1	3	0.000000
2031	1	1	0.000000
2032	1	1	0.000000
2033	1	1	0.000000
2034	1	1	0.000000
2035	1	1	0.000000
2036	1	1	0.000000
2037	1	1	0.000000
2038	1	1	0.000000
2039	1	1	0.000000
2040	1	2	0.000000
2041	1	2	0.000000
2042	1	1	0.000000
2043	1	1	0.000000
2044	1	0	0.000000
2045	1	2	0.000000
2046	1	1	0.000000
2047	1	1	0.000000
2048	1	1	0.000000
2049	1	1	0.000000
2050	1	3	0.000000
2051	1	1	0.000000
2052	1	0	0.000000
2053	1	0	0.000000
2054	1	1	0.000000
2055	1	1	0.000000
2056	1	3	0.000000
2057	1	1	0.000000
2058	1	1	0.000000
2059	1	1	0.000000
2060	1	2	0.000000
2061	1	1	0.000000
2062	1	1	0.000000
2063	1	1	0.000000
2064	1	0	0.000000
2065	1	2	0.000000
2066	1	1	0.000000
2067	1	1	0.000000
2068	1	1	0.000000
2069	1	2	0.000000
2070	1	1	0.000000
2071	1	0	0.000000
2072	1	1	0.000000
2073	1	3	0.000000
2074	1	1	0.000000
2075	1	1	0.000000
2076	1	1	0.000000
2077	1	1	0.000000
2078	1	1	0.000000
2079	1	1	0.000000
2080	1	1	0.000000
2081	1	1	0.000000
2082	1	1	0.000000
2083	1	1	0.000000
2084	1	1	0.000000
2085	1	1	0.000000
2086	1	1	0.000000
2087	1	3	0.000000
2088	1	1	0.000000
2089	1	1	0.000000
2090	1	1	0.000000
2091	1	2	0.000000
2092	1	1	0.000000
2093	1	1	0.000000
2094	1	1	0.000000
2095	1	1	0.000000
2096	1	1	0.000000
2097	1	1	0.000000
2098	1	1	0.000000
2099	1	1	0.000000
2100	1	1	0.000000
2101	1	1	0.000000
2102	1	1	0.000000
2103	1	1	0.000000
2104	1	0	0.000000
2105	1	2	0.000000
2106	1	1	0.000000
2107	1	1	0.000000
2108	1	2	0.000000
2109	1	1	0.000000
2110	1	3	0.000000
2111	1	1	0.000000
2112	1	1	0.000000
2113	1	1	0.000000
2114	1	1	0.000000
2115	1	1	0.000000
2116	1	1	0.000000
2117	1	1	0.000000
2118	1	1	0.000000
2119	1	1	0.000000
2120	1	3	0.000000
2121	1	0	0.000000
2122	1	1	0.000000
2123	1	1	0.000000
2124	1	0	0.000000
2125	1	2	0.000000
2126	1	1	0.000000
2127	1	0	0.000000
2128	1	1	0.000000
2129	1	1	0.000000
2130	1	1	0.000000
2131	1	2	0.000000
2132	1	3	0.000000
2133	1	1	0.000000
2134	1	0	0.000000
2135	1	1	0.000000
2136	1	1	0.000000
2137	1	1	0.000000
2138	1	1	0.000000
2139	1	1	0.000000
2140	1	1	0.000000
2141	1	1	0.000000
2142	1	1	0.000000
2143	1	1	0.000000
2144	1	1	0.000000
2145	1	1	0.000000
2146	1	1	0.000000
2147	1	1	0.000000
2148	1	1	0.000000
2149	1	1	0.000000
2150	1	1	0.000000
2151	1	3	0.000000
2152	1	2	0.000000
2153	1	1	0.000000
2154	1	3	0.000000
2155	1	1	0.000000
2156	1	3	0.000000
2157	1	1	0.000000
2158	1	1	0.000000
2159	1	0	0.000000
2160	1	1	0.000000
2161	1	1	0.000000
2162	1	1	0.000000
2163	2	3	0.000000
2164	2	2	0.000000
2165	2	2	0.000000
2166	2	2	0.000000
2167	3	2	0.000000
2168	3	2	0.000000
2169	3	2	0.000000
2170	3	2	0.000000
2171	3	2	0.000000
2172	3	2	0.000000
2173	3	2	0.000000
2174	3	3	0.000000
2175	3	2	0.000000
2176	3	2	0.000000
2177	2	2	0.000000
2178	3	2	0.000000
2179	3	2	0.000000
2180	3	2	0.000000
2181	3	2	0.000000
2182	3	2	0.000000
2183	3	2	0.000000
2184	3	2	0.000000
2185	3	2	0.000000
2186	3	1	0.000000
2187	3	2	0.000000
2188	3	2	0.000000
2189	3	1	0.000000
2190	3	2	0.000000
2191	3	2	0.000000
2192	3	2	0.000000
2193	3	2	0.000000
2194	3	2	0.000000
2195	3	2	0.000000
2196	3	1	0.000000
2197	3	2	0.000000
2198	3	2	0.000000
2199	3	2	0.000000
2200	3	2	0.000000
2201	3	3	0.000000
2202	3	2	0.000000
2203	3	2	0.000000
2204	3	3	0.000000
2205	3	2	0.000000
2206	3	2	0.000000
2207	3	2	0.000000
2208	3	2	0.000000
2209	3	3	0.000000
2210	3	0	0.000000
2211	3	3	0.000000
2212	3	2	0.000000
2213	3	2	0.000000
2214	3	2	0.000000
2215	3	2	0.000000
2216	3	2	0.000000
2217	3	2	0.000000
2218	2	4	0.000000
2219	2	5	0.000000
2220	2	2	0.000000
2221	2	2	0.000000
2222	2	2	0.000000
2223	2	2	0.000000
2224	2	2	0.000000
2225	2	2	0.000000
2226	2	0	0.000000
2227	2	2	0.000000
2228	2	2	0.000000
2229	2	2	0.000000
2230	2	2	0.000000
2231	2	3	0.000000
2232	2	2	0.000000
2233	2	2	0.000000
2234	2	2	0.000000
2235	2	2	0.000000
2236	2	2	0.000000
2237	2	2	0.000000
2238	1	2	0.000000
2239	1	1	0.000000
2240	1	1	0.000000
2241	1	0	0.000000
2242	1	0	0.000000
2243	1	1	0.000000
2244	1	2	0.000000
2245	1	1	0.000000
2246	1	0	0.000000
2247	1	1	0.000000
2248	1	0	0.000000
2249	1	3	0.000000
2250	1	2	0.000000
2251	1	3	0.000000
2252	2	2	0.000000
2253	2	2	0.000000
2254	2	2	0.000000
2255	1	1	0.000000
2256	2	2	0.000000
2257	2	2	0.000000
2258	2	2	0.000000
2259	2	2	0.000000
2260	3	2	0.000000
2261	3	2	0.000000
2262	3	2	0.000000
2263	3	2	0.000000
2264	3	3	0.000000
2265	3	2	0.000000
2266	3	2	0.000000
2267	3	2	0.000000
2268	3	2	0.000000
2269	3	2	0.000000
2270	3	3	0.000000
2271	3	2	0.000000
2272	3	0	0.000000
2273	3	2	0.000000
2274	3	2	0.000000
2275	3	2	0.000000
2276	3	2	0.000000
2277	3	2	0.000000
2278	3	2	0.000000
2279	3	2	0.000000
2280	3	2	0.000000
2281	3	2	0.000000
2282	3	2	0.000000
2283	3	2	0.000000
2284	3	2	0.000000
2285	3	2	0.000000
2286	3	2	0.000000
2287	3	2	0.000000
2288	3	2	0.000000
2289	3	2	0.000000
2290	3	2	0.000000
2291	3	2	0.000000
2292	3	2	0.000000
2293	3	2	0.000000
2294	3	2	0.000000
2295	3	2	0.000000
2296	3	2	0.000000
2297	3	2	0.000000
2298	3	2	0.000000
2299	3	2	0.000000
2300	3	2	0.000000
2301	3	2	0.000000
2302	3	2	0.000000
2303	3	2	0.000000
2304	3	2	0.000000
2305	3	2	0.000000
2306	3	2	0.000000
2307	3	2	0.000000
2308	3	2	0.000000
2309	3	2	0.000000
2310	3	2	0.000000
2311	3	2	0.000000
2312	3	2	0.000000
2313	3	2	0.000000
2314	3	2	0.000000
2315	3	2	0.000000
2316	3	2	0.000000
2317	3	2	0.000000
2318	3	2	0.000000
2319	3	2	0.000000
2320	3	2	0.000000
2321	3	2	0.000000
2322	3	2	0.000000
2323	3	2	0.000000
2324	3	2	0.000000
2325	3	2	0.000000
2326	3	2	0.000000
2327	3	2	0.000000
2328	3	2	0.000000
2329	4	0	0.000000
2330	4	0	0.000000
2331	4	1	0.000000
2332	4	0	0.000000
2333	4	0	0.000000
2334	4	0	0.000000
2335	4	0	0.000000
2336	4	0	0.000000
2337	4	0	0.000000
2338	4	0	0.000000
2339	4	0	0.000000
2340	4	0	0.000000
2341	4	0	0.000000
2342	4	0	0.000000
2343	4	0	0.000000
2344	4	2	0.000000
2345	4	0	0.000000
2346	4	3	0.000000
2347	4	0	0.000000
2348	4	0	0.000000
2349	4	0	0.000000
2350	4	0	0.000000
2351	4	0	0.000000
2352	4	3	0.000000
2353	4	3	0.000000
2354	4	0	0.000000
2355	4	1	0.000000
2356	4	0	0.000000
2357	4	0	0.000000
2358	4	0	0.000000
2359	4	2	0.000000
2360	4	0	0.000000
2361	4	2	0.000000
2362	4	0	0.000000
2363	4	0	0.000000
2364	4	0	0.000000
2365	4	0	0.000000
2366	4	0	0.000000
2367	4	0	0.000000
2368	4	3	0.000000
2369	4	0	0.000000
2370	4	0	0.000000
2371	4	0	0.000000
2372	4	0	0.000000
2373	4	0	0.000000
2374	4	0	0.000000
2375	4	0	0.000000
2376	4	0	0.000000
2377	4	2	0.000000
2378	4	0	0.000000
2379	4	0	0.000000
2380	4	0	0.000000
2381	4	0	0.000000
2382	4	0	0.000000
2383	4	0	0.000000
2384	4	0	0.000000
2385	4	0	0.000000
2386	4	0	0.000000
2387	4	0	0.000000
2388	4	1	0.000000
2389	4	0	0.000000
2390	4	0	0.000000
2391	4	0	0.000000
2392	4	1	0.000000
2393	4	0	0.000000
2394	4	0	0.000000
2395	4	3	0.000000
2396	4	1	0.000000
2397	4	0	0.000000
2398	4	0	0.000000
2399	4	0	0.000000
2400	4	1	0.000000
2401	4	0	0.000000
2402	4	0	0.000000
2403	4	1	0.000000
2404	4	2	0.000000
2405	4	3	0.000000
2406	4	0	0.000000
2407	4	0	0.000000
2408	4	0	0.000000
2409	4	2	0.000000
2410	4	0	0.000000
2411	4	0	0.000000
2412	4	0	0.000000
2413	4	0	0.000000
2414	4	0	0.000000
2415	4	0	0.000000
2416	4	0	0.000000
2417	4	1	0.000000
2418	4	0	0.000000
2419	4	3	0.000000
2420	4	0	0.000000
2421	4	1	0.000000
2422	4	1	0.000000
2423	4	0	0.000000
2424	4	3	0.000000
2425	4	1	0.000000
2426	3	2	0.000000
2427	3	2	0.000000
2428	3	2	0.000000
2429	3	2	0.000000
2430	3	0	0.000000
2431	4	0	0.000000
2432	4	3	0.000000
2433	3	2	0.000000
2434	3	3	0.000000
2435	3	0	0.000000
2436	3	2	0.000000
2437	3	2	0.000000
2438	3	2	0.000000
2439	3	2	0.000000
2440	3	3	0.000000
2441	3	0	0.000000
2442	3	2	0.000000
2443	3	2	0.000000
2444	3	2	0.000000
2445	4	3	0.000000
2446	4	0	0.000000
2447	4	0	0.000000
2448	4	0	0.000000
2449	4	0	0.000000
2450	4	0	0.000000
2451	4	0	0.000000
2452	3	2	0.000000
2453	3	2	0.000000
2454	4	0	0.000000
2455	4	0	0.000000
2456	3	2	0.000000
2457	3	0	0.000000
2458	4	0	0.000000
2459	3	2	0.000000
2460	3	2	0.000000
2461	3	3	0.000000
2462	3	2	0.000000
2463	3	2	0.000000
2464	3	2	0.000000
2465	3	2	0.000000
2466	3	2	0.000000
2467	3	2	0.000000
2468	3	0	0.000000
2469	3	2	0.000000
2470	3	2	0.000000
2471	3	0	0.000000
2472	3	0	0.000000
2473	3	2	0.000000
2474	3	2	0.000000
2475	3	2	0.000000
2476	3	2	0.000000
2477	3	2	0.000000
2478	3	2	0.000000
2479	3	2	0.000000
2480	3	2	0.000000
2481	3	2	0.000000
2482	3	2	0.000000
2483	3	2	0.000000
2484	3	0	0.000000
2485	3	3	0.000000
2486	3	2	0.000000
2487	3	2	0.000000
2488	3	2	0.000000
2489	3	2	0.000000
2490	3	2	0.000000
2491	3	2	0.000000
2492	3	2	0.000000
2493	3	2	0.000000
2494	3	2	0.000000
2495	3	3	0.000000
2496	3	2	0.000000
2497	3	2	0.000000
2498	3	2	0.000000
2499	3	2	0.000000
2500	3	2	0.000000
2501	3	2	0.000000
2502	3	2	0.000000
2503	3	2	0.000000
2504	3	2	0.000000
2505	3	2	0.000000
2506	3	2	0.000000
2507	3	2	0.000000
2508	3	2	0.000000
2509	3	2	0.000000
2510	3	2	0.000000
2511	3	2	0.000000
2512	3	2	0.000000
2513	3	2	0.000000
2514	3	2	0.000000
2515	3	2	0.000000
2516	2	2	0.000000
2517	2	2	0.000000
2518	2	2	0.000000
2519	2	2	0.000000
2520	2	2	0.000000
2521	2	2	0.000000
2522	2	2	0.000000
2523	2	2	0.000000
2524	2	2	0.000000
2525	2	2	0.000000
2526	2	2	0.000000
2527	1	3	0.000000
2528	1	1	0.000000
2529	1	1	0.000000
2530	1	3	0.000000
2531	1	1	0.000000
2532	1	1	0.000000
2533	1	1	0.000000
2534	1	1	0.000000
2535	1	1	0.000000
2536	1	0	0.000000
2537	1	1	0.000000
2538	1	1	0.000000
2539	1	1	0.000000
2540	1	1	0.000000
2541	1	1	0.000000
2542	1	1	0.000000
2543	1	3	0.000000
2544	1	1	0.000000
2545	1	1	0.000000
2546	1	1	0.000000
2547	1	1	0.000000
2548	1	1	0.000000
2549	1	1	0.000000
2550	1	1	0.000000
2551	1	3	0.000000
2552	1	1	0.000000
2553	1	1	0.000000
2554	1	1	0.000000
2555	1	1	0.000000
2556	1	1	0.000000
2557	1	1	0.000000
2558	1	1	0.000000
2559	1	3	0.000000
2560	1	1	0.000000
2561	1	1	0.000000
2562	1	1	0.000000
2563	1	2	0.000000
2564	1	1	0.000000
2565	1	1	0.000000
2566	1	1	0.000000
2567	1	3	0.000000
2568	1	1	0.000000
2569	1	1	0.000000
2570	2	2	0.000000
2571	2	2	0.000000
2572	2	2	0.000000
2573	2	2	0.000000
2574	2	4	0.000000
2575	2	2	0.000000
2576	2	3	0.000000
2577	2	2	0.000000
2578	2	2	0.000000
2579	2	2	0.000000
2580	2	2	0.000000
2581	2	2	0.000000
2582	1	1	0.000000
2583	1	3	0.000000
2584	1	1	0.000000
2585	1	1	0.000000
2586	1	1	0.000000
2587	1	1	0.000000
2588	1	0	0.000000
2589	1	2	0.000000
2590	1	1	0.000000
2591	1	2	0.000000
2592	1	2	0.000000
2593	1	0	0.000000
2594	1	3	0.000000
2595	1	3	0.000000
2596	2	2	0.000000
2597	1	1	0.000000
2598	2	2	0.000000
2599	2	2	0.000000
2600	2	2	0.000000
2601	2	2	0.000000
2602	2	2	0.000000
2603	2	2	0.000000
2604	2	2	0.000000
2605	2	2	0.000000
2606	2	2	0.000000
2607	2	2	0.000000
2608	2	2	0.000000
2609	2	2	0.000000
2610	2	2	0.000000
2611	2	2	0.000000
2612	2	2	0.000000
2613	2	2	0.000000
2614	1	1	0.000000
2615	1	1	0.000000
2616	1	1	0.000000
2617	1	1	0.000000
2618	1	1	0.000000
2619	1	3	0.000000
2620	1	1	0.000000
2621	1	1	0.000000
2622	1	1	0.000000
2623	1	1	0.000000
2624	1	0	0.000000
2625	1	1	0.000000
2626	1	1	0.000000
2627	1	1	0.000000
2628	1	1	0.000000
2629	1	1	0.000000
2630	1	3	0.000000
2631	1	1	0.000000
2632	1	1	0.000000
2633	1	1	0.000000
2634	1	1	0.000000
2635	1	1	0.000000
2636	1	1	0.000000
2637	1	1	0.000000
2638	1	1	0.000000
2639	1	1	0.000000
2640	1	1	0.000000
2641	1	1	0.000000
2642	2	2	0.000000
2643	1	1	0.000000
2644	2	2	0.000000
2645	2	2	0.000000
2646	2	3	0.000000
2647	2	2	0.000000
2648	2	2	0.000000
2649	2	5	0.000000
2650	2	2	0.000000
2651	2	2	0.000000
2652	1	1	0.000000
2653	1	0	0.000000
2654	1	1	0.000000
2655	1	1	0.000000
2656	1	0	0.000000
2657	1	1	0.000000
2658	1	1	0.000000
2659	1	1	0.000000
2660	1	1	0.000000
2661	1	1	0.000000
2662	1	1	0.000000
2663	1	1	0.000000
2664	1	1	0.000000
2665	1	2	0.000000
2666	1	1	0.000000
2667	1	1	0.000000
2668	1	1	0.000000
2669	1	1	0.000000
2670	1	1	0.000000
2671	1	1	0.000000
2672	2	0	0.000000
2673	2	2	0.000000
2674	2	2	0.000000
2675	2	2	0.000000
2676	2	3	0.000000
2677	2	2	0.000000
2678	2	2	0.000000
2679	2	2	0.000000
2680	2	2	0.000000
2681	2	2	0.000000
2682	2	2	0.000000
2683	2	2	0.000000
2684	2	2	0.000000
2685	2	2	0.000000
2686	2	2	0.000000
2687	2	2	0.000000
2688	1	1	0.000000
2689	1	1	0.000000
2690	1	1	0.000000
2691	1	1	0.000000
2692	1	1	0.000000
2693	1	1	0.000000
2694	1	1	0.000000
2695	1	1	0.000000
2696	1	1	0.000000
2697	1	0	0.000000
2698	1	0	0.000000
2699	1	1	0.000000
2700	1	1	0.000000
2701	1	1	0.000000
2702	1	1	0.000000
2703	1	1	0.000000
2704	1	3	0.000000
2705	1	1	0.000000
2706	1	1	0.000000
2707	1	1	0.000000
2708	1	1	0.000000
2709	2	2	0.000000
2710	2	2	0.000000
2711	2	2	0.000000
2712	2	2	0.000000
2713	2	4	0.000000
2714	2	2	0.000000
2715	2	2	0.000000
2716	2	2	0.000000
2717	2	1	0.000000
2718	2	2	0.000000
2719	2	2	0.000000
2720	2	2	0.000000
2721	1	1	0.000000
2722	1	3	0.000000
2723	1	0	0.000000
2724	1	1	0.000000
2725	1	2	0.000000
2726	2	2	0.000000
2727	2	2	0.000000
2728	2	5	0.000000
2729	2	2	0.000000
2730	1	1	0.000000
2731	1	1	0.000000
2732	1	1	0.000000
2733	1	0	0.000000
2734	1	1	0.000000
2735	1	1	0.000000
2736	1	1	0.000000
2737	1	1	0.000000
2738	1	1	0.000000
2739	1	1	0.000000
2740	1	1	0.000000
2741	1	1	0.000000
2742	1	1	0.000000
2743	1	1	0.000000
2744	1	1	0.000000
2745	1	1	0.000000
2746	1	1	0.000000
2747	1	1	0.000000
2748	1	1	0.000000
2749	1	1	0.000000
2750	1	1	0.000000
2751	2	2	0.000000
2752	2	2	0.000000
2753	2	2	0.000000
2754	2	2	0.000000
2755	2	2	0.000000
2756	2	2	0.000000
2757	2	1	0.000000
2758	2	1	0.000000
2759	2	2	0.000000
2760	1	1	0.000000
2761	1	1	0.000000
2762	1	1	0.000000
2763	1	1	0.000000
2764	1	1	0.000000
2765	1	1	0.000000
2766	1	1	0.000000
2767	1	1	0.000000
2768	1	2	0.000000
2769	1	1	0.000000
2770	1	1	0.000000
2771	1	1	0.000000
2772	1	1	0.000000
2773	1	1	0.000000
2774	1	1	0.000000
2775	1	1	0.000000
2776	1	1	0.000000
2777	1	1	0.000000
2778	2	2	0.000000
2779	2	2	0.000000
2780	2	2	0.000000
2781	2	2	0.000000
2782	2	2	0.000000
2783	2	2	0.000000
2784	2	4	0.000000
2785	2	2	0.000000
2786	2	2	0.000000
2787	2	1	0.000000
2788	2	2	0.000000
2789	2	5	0.000000
2790	2	2	0.000000
2791	2	2	0.000000
2792	2	2	0.000000
2793	2	2	0.000000
2794	2	2	0.000000
2795	2	3	0.000000
2796	2	2	0.000000
2797	2	2	0.000000
2798	2	2	0.000000
2799	2	2	0.000000
2800	2	2	0.000000
2801	2	0	0.000000
2802	2	0	0.000000
2803	2	2	0.000000
2804	3	2	0.000000
2805	3	2	0.000000
2806	3	2	0.000000
2807	3	2	0.000000
2808	3	2	0.000000
2809	3	2	0.000000
2810	3	2	0.000000
2811	3	2	0.000000
2812	3	2	0.000000
2813	3	2	0.000000
2814	3	1	0.000000
2815	3	2	0.000000
2816	3	2	0.000000
2817	3	1	0.000000
2818	3	3	0.000000
2819	3	2	0.000000
2820	3	2	0.000000
2821	3	2	0.000000
2822	3	2	0.000000
2823	3	2	0.000000
2824	3	2	0.000000
2825	3	2	0.000000
2826	3	2	0.000000
2827	3	2	0.000000
2828	3	2	0.000000
2829	3	2	0.000000
2830	3	2	0.000000
2831	3	2	0.000000
2832	3	2	0.000000
2833	3	2	0.000000
2834	3	0	0.000000
2835	3	1	0.000000
2836	3	2	0.000000
2837	3	2	0.000000
2838	3	2	0.000000
2839	3	2	0.000000
2840	3	2	0.000000
2841	3	2	0.000000
2842	3	2	0.000000
2843	4	0	0.000000
2844	3	2	0.000000
2845	3	2	0.000000
2846	3	2	0.000000
2847	3	2	0.000000
2848	3	2	0.000000
2849	3	1	0.000000
2850	3	2	0.000000
2851	3	2	0.000000
2852	3	2	0.000000
2853	3	2	0.000000
2854	3	3	0.000000
2855	3	2	0.000000
2856	3	1	0.000000
2857	3	2	0.000000
2858	3	2	0.000000
2859	3	1	0.000000
2860	4	0	0.000000
2861	4	0	0.000000
2862	4	1	0.000000
2863	4	0	0.000000
2864	4	0	0.000000
2865	4	0	0.000000
2866	4	2	0.000000
2867	4	0	0.000000
2868	4	0	0.000000
2869	4	0	0.000000
2870	4	2	0.000000
2871	3	2	0.000000
2872	4	1	0.000000
2873	4	1	0.000000
2874	4	0	0.000000
2875	4	0	0.000000
2876	3	2	0.000000
2877	4	0	0.000000
2878	4	0	0.000000
2879	4	0	0.000000
2880	3	0	0.000000
2881	4	0	0.000000
2882	4	1	0.000000
2883	4	0	0.000000
2884	4	0	0.000000
2885	4	0	0.000000
2886	4	0	0.000000
2887	4	0	0.000000
2888	4	0	0.000000
2889	4	0	0.000000
2890	4	0	0.000000
2891	4	0	0.000000
2892	4	0	0.000000
2893	4	0	0.000000
2894	4	0	0.000000
2895	4	3	0.000000
2896	4	0	0.000000
2897	4	0	0.000000
2898	4	0	0.000000
2899	4	0	0.000000
2900	4	0	0.000000
2901	4	0	0.000000
2902	4	0	0.000000
2903	4	0	0.000000
2904	4	0	0.000000
2905	4	0	0.000000
2906	4	1	0.000000
2907	4	1	0.000000
2908	4	0	0.000000
2909	4	0	0.000000
2910	4	0	0.000000
2911	4	0	0.000000
2912	4	0	0.000000
2913	4	0	0.000000
2914	4	3	0.000000
2915	4	0	0.000000
2916	4	0	0.000000
2917	4	0	0.000000
2918	4	0	0.000000
2919	4	0	0.000000
2920	4	0	0.000000
2921	4	0	0.000000
2922	4	0	0.000000
2923	4	0	0.000000
2924	4	0	0.000000
2925	4	0	0.000000
2926	4	0	0.000000
2927	4	0	0.000000
2928	4	0	0.000000
2929	3	2	0.000000
2930	4	3	0.000000
2931	4	0	0.000000
2932	4	0	0.000000
2933	4	0	0.000000
2934	4	0	0.000000
2935	3	2	0.000000
2936	3	2	0.000000
2937	3	0	0.000000
2938	3	2	0.000000
2939	3	2	0.000000
2940	3	2	0.000000
2941	3	2	0.000000
2942	3	2	0.000000
2943	3	2	0.000000
2944	4	0	0.000000
2945	4	0	0.000000
2946	4	0	0.000000
2947	4	0	0.000000
2948	4	0	0.000000
2949	4	0	0.000000
2950	4	0	0.000000
2951	4	0	0.000000
2952	4	0	0.000000
2953	4	0	0.000000
2954	4	0	0.000000
2955	4	0	0.000000
2956	4	0	0.000000
2957	4	0	0.000000
2958	4	0	0.000000
2959	4	0	0.000000
2960	4	0	0.000000
2961	4	2	0.000000
2962	4	0	0.000000
2963	4	0	0.000000
2964	4	0	0.000000
2965	4	0	0.000000
2966	4	0	0.000000
2967	4	0	0.000000
2968	4	0	0.000000
2969	4	0	0.000000
2970	4	0	0.000000
2971	4	0	0.000000
2972	4	3	0.000000
2973	4	0	0.000000
2974	4	0	0.000000
2975	4	0	0.000000
2976	4	0	0.000000
2977	4	0	0.000000
2978	4	0	0.000000
2979	4	0	0.000000
2980	4	0	0.000000
2981	4	0	0.000000
2982	4	0	0.000000
2983	4	0	0.000000
2984	4	0	0.000000
2985	4	0	0.000000
2986	4	1	0.000000
2987	4	3	0.000000
2988	4	0	0.000000
2989	4	0	0.000000
2990	4	0	0.000000
2991	4	3	0.000000
2992	4	0	0.000000
2993	4	2	0.000000
2994	4	0	0.000000
2995	4	0	0.000000
2996	4	0	0.000000
2997	4	3	0.000000
2998	4	0	0.000000
2999	4	0	0.000000
3000	4	0	0.000000
3001	4	3	0.000000
3002	4	3	0.000000
3003	4	0	0.000000
3004	4	0	0.000000
3005	4	1	0.000000
3006	4	0	0.000000
3007	4	0	0.000000
3008	4	0	0.000000
3009	4	0	0.000000
3010	4	2	0.000000
3011	4	0	0.000000
3012	4	1	0.000000
3013	4	0	0.000000
3014	4	1	0.000000
3015	4	2	0.000000
3016	4	0	0.000000
3017	4	0	0.000000
3018	4	3	0.000000
3019	4	0	0.000000
3020	4	0	0.000000
3021	4	0	0.000000
3022	4	0	0.000000
3023	4	0	0.000000
3024	4	0	0.000000
3025	4	0	0.000000
3026	4	0	0.000000
3027	4	0	0.000000
3028	4	0	0.000000
3029	4	0	0.000000
3030	4	0	0.000000
3031	4	1	0.000000
3032	4	3	0.000000
3033	4	0	0.000000
3034	4	0	0.000000
3035	4	0	0.000000
3036	4	0	0.000000
3037	4	1	0.000000
3038	4	0	0.000000
3039	4	0	0.000000
3040	4	2	0.000000
3041	4	0	0.000000
3042	4	0	0.000000
3043	4	0	0.000000
3044	4	1	0.000000
3045	4	0	0.000000
3046	4	0	0.000000
3047	4	0	0.000000
3048	4	0	0.000000
3049	4	0	0.000000
3050	4	0	0.000000
3051	4	0	0.000000
3052	3	1	0.000000
3053	3	2	0.000000
3054	3	2	0.000000
3055	3	2	0.000000
3056	3	2	0.000000
3057	3	2	0.000000
3058	3	1	0.000000
3059	3	2	0.000000
3060	3	2	0.000000
3061	3	2	0.000000
3062	3	2	0.000000
3063	3	2	0.000000
3064	3	2	0.000000
3065	3	2	0.000000
3066	3	2	0.000000
3067	3	2	0.000000
3068	3	2	0.000000
3069	3	2	0.000000
3070	3	2	0.000000
3071	3	1	0.000000
3072	3	2	0.000000
3073	3	2	0.000000
3074	3	2	0.000000
3075	3	2	0.000000
3076	3	2	0.000000
3077	3	0	0.000000
3078	3	2	0.000000
3079	3	2	0.000000
3080	2	2	0.000000
3081	2	1	0.000000
3082	2	2	0.000000
3083	2	2	0.000000
3084	2	2	0.000000
3085	2	4	0.000000
3086	2	2	0.000000
3087	2	2	0.000000
3088	2	2	0.000000
3089	2	2	0.000000
3090	2	2	0.000000
3091	2	4	0.000000
3092	2	2	0.000000
3093	2	2	0.000000
3094	2	4	0.000000
3095	2	2	0.000000
3096	2	2	0.000000
3097	2	5	0.000000
3098	2	2	0.000000
3099	2	2	0.000000
3100	2	4	0.000000
3101	2	4	0.000000
3102	2	2	0.000000
3103	2	2	0.000000
3104	2	2	0.000000
3105	2	3	0.000000
3106	2	4	0.000000
3107	1	1	0.000000
3108	1	1	0.000000
3109	1	1	0.000000
3110	1	1	0.000000
3111	1	1	0.000000
3112	1	1	0.000000
3113	1	1	0.000000
3114	1	1	0.000000
3115	1	0	0.000000
3116	1	1	0.000000
3117	1	1	0.000000
3118	1	1	0.000000
3119	1	1	0.000000
3120	1	1	0.000000
3121	1	1	0.000000
3122	1	3	0.000000
3123	1	1	0.000000
3124	1	2	0.000000
3125	1	1	0.000000
3126	1	1	0.000000
3127	1	1	0.000000
3128	1	1	0.000000
3129	1	1	0.000000
3130	1	1	0.000000
3131	1	3	0.000000
3132	1	1	0.000000
3133	1	1	0.000000
3134	2	2	0.000000
3135	2	2	0.000000
3136	2	2	0.000000
3137	1	0	0.000000
3138	1	1	0.000000
3139	1	1	0.000000
3140	2	1	0.000000
3141	2	2	0.000000
3142	2	2	0.000000
3143	2	5	0.000000
3144	2	2	0.000000
3145	2	2	0.000000
3146	2	2	0.000000
3147	2	0	0.000000
3148	2	2	0.000000
3149	2	2	0.000000
3150	2	2	0.000000
3151	2	2	0.000000
3152	2	2	0.000000
3153	2	2	0.000000
3154	2	1	0.000000
3155	2	2	0.000000
3156	2	2	0.000000
3157	2	2	0.000000
3158	2	2	0.000000
3159	2	2	0.000000
3160	2	4	0.000000
3161	2	2	0.000000
3162	2	1	0.000000
3163	2	2	0.000000
3164	2	2	0.000000
3165	2	2	0.000000
3166	2	5	0.000000
3167	2	1	0.000000
3168	2	2	0.000000
3169	2	2	0.000000
3170	2	2	0.000000
3171	2	2	0.000000
3172	2	2	0.000000
3173	2	2	0.000000
3174	2	2	0.000000
3175	2	2	0.000000
3176	2	2	0.000000
3177	2	2	0.000000
3178	2	2	0.000000
3179	2	0	0.000000
3180	2	2	0.000000
3181	2	2	0.000000
3182	2	2	0.000000
3183	2	2	0.000000
3184	2	2	0.000000
3185	2	2	0.000000
3186	2	4	0.000000
3187	2	2	0.000000
3188	2	2	0.000000
3189	2	2	0.000000
3190	2	2	0.000000
3191	2	2	0.000000
3192	2	2	0.000000
3193	1	1	0.000000
3194	1	1	0.000000
3195	1	1	0.000000
3196	1	1	0.000000
3197	1	1	0.000000
3198	1	0	0.000000
3199	1	1	0.000000
3200	1	1	0.000000
3201	1	1	0.000000
3202	1	1	0.000000
3203	1	1	0.000000
3204	1	1	0.000000
3205	1	1	0.000000
3206	1	1	0.000000
3207	1	0	0.000000
3208	1	0	0.000000
3209	1	1	0.000000
3210	1	1	0.000000
3211	1	1	0.000000
3212	1	1	0.000000
3213	2	2	0.000000
3214	2	2	0.000000
3215	2	1	0.000000
3216	2	2	0.000000
3217	2	4	0.000000
3218	2	2	0.000000
3219	2	2	0.000000
3220	2	2	0.000000
3221	2	2	0.000000
3222	2	2	0.000000
3223	2	2	0.000000
3224	2	2	0.000000
3225	2	1	0.000000
3226	2	2	0.000000
3227	2	2	0.000000
3228	2	2	0.000000
3229	2	2	0.000000
3230	2	2	0.000000
3231	2	2	0.000000
3232	2	2	0.000000
3233	2	2	0.000000
3234	2	0	0.000000
3235	2	2	0.000000
3236	2	4	0.000000
3237	2	1	0.000000
3238	2	2	0.000000
3239	2	2	0.000000
3240	2	2	0.000000
3241	2	2	0.000000
3242	2	3	0.000000
3243	2	2	0.000000
3244	1	2	0.000000
3245	1	1	0.000000
3246	1	1	0.000000
3247	1	1	0.000000
3248	1	1	0.000000
3249	1	1	0.000000
3250	1	3	0.000000
3251	1	1	0.000000
3252	1	1	0.000000
3253	1	1	0.000000
3254	1	1	0.000000
3255	1	1	0.000000
3256	1	1	0.000000
3257	1	2	0.000000
3258	2	2	0.000000
3259	2	2	0.000000
3260	2	2	0.000000
3261	2	1	0.000000
3262	2	2	0.000000
3263	2	2	0.000000
3264	2	2	0.000000
3265	2	5	0.000000
3266	2	2	0.000000
3267	2	2	0.000000
3268	2	2	0.000000
3269	2	2	0.000000
3270	2	2	0.000000
3271	2	2	0.000000
3272	2	2	0.000000
3273	2	2	0.000000
3274	2	2	0.000000
3275	2	2	0.000000
3276	2	2	0.000000
3277	2	2	0.000000
3278	2	2	0.000000
3279	1	1	0.000000
3280	1	1	0.000000
3281	1	2	0.000000
3282	1	1	0.000000
3283	1	1	0.000000
3284	1	1	0.000000
3285	1	1	0.000000
3286	1	1	0.000000
3287	1	1	0.000000
3288	1	1	0.000000
3289	2	2	0.000000
3290	1	1	0.000000
3291	2	2	0.000000
3292	2	2	0.000000
3293	2	2	0.000000
3294	2	2	0.000000
3295	2	2	0.000000
3296	2	2	0.000000
3297	2	2	0.000000
3298	2	2	0.000000
3299	1	1	0.000000
3300	1	1	0.000000
3301	1	1	0.000000
3302	1	1	0.000000
3303	1	1	0.000000
3304	2	1	0.000000
3305	2	2	0.000000
3306	2	4	0.000000
3307	2	0	0.000000
3308	2	1	0.000000
3309	2	5	0.000000
3310	2	2	0.000000
3311	2	2	0.000000
3312	2	2	0.000000
3313	2	1	0.000000
3314	2	2	0.000000
3315	1	1	0.000000
3316	1	0	0.000000
3317	1	1	0.000000
3318	1	1	0.000000
3319	1	1	0.000000
3320	1	1	0.000000
3321	1	1	0.000000
3322	1	1	0.000000
3323	1	1	0.000000
3324	2	0	0.000000
3325	2	2	0.000000
3326	2	2	0.000000
3327	2	2	0.000000
3328	2	2	0.000000
3329	2	2	0.000000
3330	2	2	0.000000
3331	2	1	0.000000
3332	2	0	0.000000
3333	2	2	0.000000
3334	2	1	0.000000
3335	2	2	0.000000
3336	2	2	0.000000
3337	2	2	0.000000
3338	2	2	0.000000
3339	2	2	0.000000
3340	2	3	0.000000
3341	2	0	0.000000
3342	2	2	0.000000
3343	2	2	0.000000
3344	2	2	0.000000
3345	1	1	0.000000
3346	1	1	0.000000
3347	1	1	0.000000
3348	1	1	0.000000
3349	1	0	0.000000
3350	1	3	0.000000
3351	1	1	0.000000
3352	1	1	0.000000
3353	1	0	0.000000
3354	1	2	0.000000
3355	2	2	0.000000
3356	2	2	0.000000
3357	2	3	0.000000
3358	2	2	0.000000
3359	2	2	0.000000
3360	2	2	0.000000
3361	2	2	0.000000
3362	2	2	0.000000
3363	2	5	0.000000
3364	2	4	0.000000
3365	2	2	0.000000
3366	2	2	0.000000
3367	2	2	0.000000
3368	2	2	0.000000
3369	2	4	0.000000
3370	2	2	0.000000
3371	2	2	0.000000
3372	2	0	0.000000
3373	2	2	0.000000
3374	2	2	0.000000
3375	2	2	0.000000
3376	2	2	0.000000
3377	2	2	0.000000
3378	2	1	0.000000
3379	2	2	0.000000
3380	2	3	0.000000
3381	2	2	0.000000
3382	2	2	0.000000
3383	2	2	0.000000
3384	1	3	0.000000
3385	2	2	0.000000
3386	1	0	0.000000
3387	1	1	0.000000
3388	1	3	0.000000
3389	1	1	0.000000
3390	1	1	0.000000
3391	1	1	0.000000
3392	1	1	0.000000
3393	1	0	0.000000
3394	1	1	0.000000
3395	1	1	0.000000
3396	1	1	0.000000
3397	1	1	0.000000
3398	1	1	0.000000
3399	2	2	0.000000
3400	2	2	0.000000
3401	2	2	0.000000
3402	2	2	0.000000
3403	2	2	0.000000
3404	2	0	0.000000
3405	2	2	0.000000
3406	2	0	0.000000
3407	2	2	0.000000
3408	2	2	0.000000
3409	2	2	0.000000
3410	2	4	0.000000
3411	1	1	0.000000
3412	1	1	0.000000
3413	2	0	0.000000
3414	1	1	0.000000
3415	1	1	0.000000
3416	2	2	0.000000
3417	1	1	0.000000
3418	2	2	0.000000
3419	2	3	0.000000
3420	2	2	0.000000
3421	2	2	0.000000
3422	2	2	0.000000
3423	2	2	0.000000
3424	2	0	0.000000
3425	2	2	0.000000
3426	2	2	0.000000
3427	2	2	0.000000
3428	2	2	0.000000
3429	2	2	0.000000
3430	2	2	0.000000
3431	1	1	0.000000
3432	1	1	0.000000
3433	1	1	0.000000
3434	1	3	0.000000
3435	1	1	0.000000
3436	1	1	0.000000
3437	1	1	0.000000
3438	1	1	0.000000
3439	1	1	0.000000
3440	1	1	0.000000
3441	1	1	0.000000
3442	2	2	0.000000
3443	2	4	0.000000
3444	2	2	0.000000
3445	2	2	0.000000
3446	2	2	0.000000
3447	2	3	0.000000
3448	2	1	0.000000
3449	2	2	0.000000
3450	2	2	0.000000
3451	2	0	0.000000
3452	1	1	0.000000
3453	1	1	0.000000
3454	2	2	0.000000
3455	1	1	0.000000
3456	2	2	0.000000
3457	1	1	0.000000
3458	1	1	0.000000
3459	1	1	0.000000
3460	1	1	0.000000
3461	1	1	0.000000
3462	1	1	0.000000
3463	1	3	0.000000
3464	1	1	0.000000
3465	1	1	0.000000
3466	1	1	0.000000
3467	1	1	0.000000
3468	2	2	0.000000
3469	2	2	0.000000
3470	2	2	0.000000
3471	2	2	0.000000
3472	2	2	0.000000
3473	2	3	0.000000
3474	2	0	0.000000
3475	2	2	0.000000
3476	2	2	0.000000
3477	2	2	0.000000
3478	2	4	0.000000
3479	2	1	0.000000
3480	2	2	0.000000
3481	1	1	0.000000
3482	1	1	0.000000
3483	1	1	0.000000
3484	1	1	0.000000
3485	1	1	0.000000
3486	1	0	0.000000
3487	1	1	0.000000
3488	1	1	0.000000
3489	2	2	0.000000
3490	2	2	0.000000
3491	2	2	0.000000
3492	2	2	0.000000
3493	2	3	0.000000
3494	2	3	0.000000
3495	2	2	0.000000
3496	2	4	0.000000
3497	2	1	0.000000
3498	2	2	0.000000
3499	2	2	0.000000
3500	2	1	0.000000
3501	2	2	0.000000
3502	1	1	0.000000
3503	1	1	0.000000
3504	2	2	0.000000
3505	2	2	0.000000
3506	2	5	0.000000
3507	1	3	0.000000
3508	1	1	0.000000
3509	1	1	0.000000
3510	1	1	0.000000
3511	1	1	0.000000
3512	1	1	0.000000
3513	1	1	0.000000
3514	1	2	0.000000
3515	1	1	0.000000
3516	1	1	0.000000
3517	1	1	0.000000
3518	1	1	0.000000
3519	1	1	0.000000
3520	2	2	0.000000
3521	2	2	0.000000
3522	2	2	0.000000
3523	2	2	0.000000
3524	2	2	0.000000
3525	2	2	0.000000
3526	2	2	0.000000
3527	2	2	0.000000
3528	2	1	0.000000
3529	2	2	0.000000
3530	2	2	0.000000
3531	2	0	0.000000
3532	2	5	0.000000
3533	2	2	0.000000
3534	1	1	0.000000
3535	1	1	0.000000
3536	1	1	0.000000
3537	1	1	0.000000
3538	1	1	0.000000
3539	1	0	0.000000
3540	1	1	0.000000
3541	1	3	0.000000
3542	1	1	0.000000
3543	1	1	0.000000
3544	1	1	0.000000
3545	1	1	0.000000
3546	2	0	0.000000
3547	2	3	0.000000
3548	2	2	0.000000
3549	2	4	0.000000
3550	2	2	0.000000
3551	2	2	0.000000
3552	2	2	0.000000
3553	2	2	0.000000
3554	2	2	0.000000
3555	2	2	0.000000
3556	2	2	0.000000
3557	2	2	0.000000
3558	2	2	0.000000
3559	2	4	0.000000
3560	2	2	0.000000
3561	2	2	0.000000
3562	2	2	0.000000
3563	2	2	0.000000
3564	2	3	0.000000
3565	2	2	0.000000
3566	2	2	0.000000
3567	2	2	0.000000
3568	2	2	0.000000
3569	2	2	0.000000
3570	2	2	0.000000
3571	2	4	0.000000
3572	1	1	0.000000
3573	2	2	0.000000
3574	2	2	0.000000
3575	1	0	0.000000
3576	1	1	0.000000
3577	1	1	0.000000
3578	1	1	0.000000
3579	1	1	0.000000
3580	1	1	0.000000
3581	1	1	0.000000
3582	1	1	0.000000
3583	1	1	0.000000
3584	1	1	0.000000
3585	1	2	0.000000
3586	1	1	0.000000
3587	1	1	0.000000
3588	1	1	0.000000
3589	1	1	0.000000
3590	1	1	0.000000
3591	1	1	0.000000
3592	1	1	0.000000
3593	1	1	0.000000
3594	2	2	0.000000
3595	2	2	0.000000
3596	2	2	0.000000
3597	2	1	0.000000
3598	2	4	0.000000
3599	2	4	0.000000
3600	2	5	0.000000
3601	2	2	0.000000
3602	2	1	0.000000
3603	2	2	0.000000
3604	2	2	0.000000
3605	2	2	0.000000
3606	2	2	0.000000
3607	1	1	0.000000
3608	1	1	0.000000
3609	1	1	0.000000
3610	1	1	0.000000
3611	1	1	0.000000
3612	1	1	0.000000
3613	1	1	0.000000
3614	1	3	0.000000
3615	1	1	0.000000
3616	1	1	0.000000
3617	1	1	0.000000
3618	1	1	0.000000
3619	1	1	0.000000
3620	1	1	0.000000
3621	1	1	0.000000
3622	1	1	0.000000
3623	2	0	0.000000
3624	2	2	0.000000
3625	2	2	0.000000
3626	2	2	0.000000
3627	2	2	0.000000
3628	2	2	0.000000
3629	2	2	0.000000
3630	2	2	0.000000
3631	2	4	0.000000
3632	2	2	0.000000
3633	2	2	0.000000
3634	2	2	0.000000
3635	2	2	0.000000
3636	2	2	0.000000
3637	2	2	0.000000
3638	1	2	0.000000
3639	1	1	0.000000
3640	1	1	0.000000
3641	1	1	0.000000
3642	1	1	0.000000
3643	1	1	0.000000
3644	1	2	0.000000
3645	1	2	0.000000
3646	1	1	0.000000
3647	1	1	0.000000
3648	1	1	0.000000
3649	1	1	0.000000
3650	1	1	0.000000
3651	1	1	0.000000
3652	2	2	0.000000
3653	2	2	0.000000
3654	2	0	0.000000
3655	2	2	0.000000
3656	2	2	0.000000
3657	2	2	0.000000
3658	2	2	0.000000
3659	2	2	0.000000
3660	2	2	0.000000
3661	2	2	0.000000
3662	2	2	0.000000
3663	2	2	0.000000
3664	2	2	0.000000
3665	2	2	0.000000
3666	1	1	0.000000
3667	1	1	0.000000
3668	1	1	0.000000
3669	1	1	0.000000
3670	1	1	0.000000
3671	1	1	0.000000
3672	1	1	0.000000
3673	1	1	0.000000
3674	1	1	0.000000
3675	1	1	0.000000
3676	1	1	0.000000
3677	1	1	0.000000
3678	1	1	0.000000
3679	1	1	0.000000
3680	1	1	0.000000
3681	2	2	0.000000
3682	2	2	0.000000
3683	2	1	0.000000
3684	2	2	0.000000
3685	2	2	0.000000
3686	2	2	0.000000
3687	2	2	0.000000
3688	2	2	0.000000
3689	2	2	0.000000
3690	2	5	0.000000
3691	2	1	0.000000
3692	1	1	0.000000
3693	1	1	0.000000
3694	1	0	0.000000
3695	1	1	0.000000
3696	1	2	0.000000
3697	1	1	0.000000
3698	1	3	0.000000
3699	1	3	0.000000
3700	1	1	0.000000
3701	1	1	0.000000
3702	1	1	0.000000
3703	1	1	0.000000
3704	1	1	0.000000
3705	1	2	0.000000
3706	2	2	0.000000
3707	2	2	0.000000
3708	2	2	0.000000
3709	2	2	0.000000
3710	2	1	0.000000
3711	2	2	0.000000
3712	2	2	0.000000
3713	2	2	0.000000
3714	2	2	0.000000
3715	2	2	0.000000
3716	2	2	0.000000
3717	2	2	0.000000
3718	1	1	0.000000
3719	1	2	0.000000
3720	1	3	0.000000
3721	1	1	0.000000
3722	1	1	0.000000
3723	1	1	0.000000
3724	1	1	0.000000
3725	1	1	0.000000
3726	1	1	0.000000
3727	1	1	0.000000
3728	1	1	0.000000
3729	1	0	0.000000
3730	1	1	0.000000
3731	2	3	0.000000
3732	2	2	0.000000
3733	2	2	0.000000
3734	2	2	0.000000
3735	2	2	0.000000
3736	2	1	0.000000
3737	2	2	0.000000
3738	2	2	0.000000
3739	2	2	0.000000
3740	2	2	0.000000
3741	2	2	0.000000
3742	2	2	0.000000
3743	2	2	0.000000
3744	1	1	0.000000
3745	1	1	0.000000
3746	1	1	0.000000
3747	1	3	0.000000
3748	1	1	0.000000
3749	1	1	0.000000
3750	1	1	0.000000
3751	1	1	0.000000
3752	1	1	0.000000
3753	1	1	0.000000
3754	1	1	0.000000
3755	1	1	0.000000
3756	1	1	0.000000
3757	1	1	0.000000
3758	2	2	0.000000
3759	2	2	0.000000
3760	2	2	0.000000
3761	2	1	0.000000
3762	2	4	0.000000
3763	2	2	0.000000
3764	2	2	0.000000
3765	2	2	0.000000
3766	2	2	0.000000
3767	2	2	0.000000
3768	2	2	0.000000
3769	1	2	0.000000
3770	1	2	0.000000
3771	1	1	0.000000
3772	1	1	0.000000
3773	1	1	0.000000
3774	1	1	0.000000
3775	1	2	0.000000
3776	1	1	0.000000
3777	1	1	0.000000
3778	1	1	0.000000
3779	2	2	0.000000
3780	2	2	0.000000
3781	2	2	0.000000
3782	2	2	0.000000
3783	2	2	0.000000
3784	2	2	0.000000
3785	2	2	0.000000
3786	2	2	0.000000
3787	2	5	0.000000
3788	2	2	0.000000
3789	2	2	0.000000
3790	1	1	0.000000
3791	1	1	0.000000
3792	1	3	0.000000
3793	1	0	0.000000
3794	1	0	0.000000
3795	1	2	0.000000
3796	1	1	0.000000
3797	1	1	0.000000
3798	1	1	0.000000
3799	1	1	0.000000
3800	1	1	0.000000
3801	1	1	0.000000
3802	1	0	0.000000
3803	1	1	0.000000
3804	1	1	0.000000
3805	1	1	0.000000
3806	1	1	0.000000
3807	1	1	0.000000
3808	2	2	0.000000
3809	2	2	0.000000
3810	2	2	0.000000
3811	2	2	0.000000
3812	2	2	0.000000
3813	2	4	0.000000
3814	2	2	0.000000
3815	2	2	0.000000
3816	2	2	0.000000
3817	2	2	0.000000
3818	1	3	0.000000
3819	1	1	0.000000
3820	1	1	0.000000
3821	1	1	0.000000
3822	1	2	0.000000
3823	1	1	0.000000
3824	1	1	0.000000
3825	1	1	0.000000
3826	1	1	0.000000
3827	1	1	0.000000
3828	1	1	0.000000
3829	1	3	0.000000
3830	1	1	0.000000
3831	2	5	0.000000
3832	2	1	0.000000
3833	2	2	0.000000
3834	2	2	0.000000
3835	2	2	0.000000
3836	2	4	0.000000
3837	2	2	0.000000
3838	2	2	0.000000
3839	2	4	0.000000
3840	2	2	0.000000
3841	2	2	0.000000
3842	2	2	0.000000
3843	1	1	0.000000
3844	1	1	0.000000
3845	1	1	0.000000
3846	1	1	0.000000
3847	1	1	0.000000
3848	1	1	0.000000
3849	1	1	0.000000
3850	1	1	0.000000
3851	1	1	0.000000
3852	1	3	0.000000
3853	1	1	0.000000
3854	1	1	0.000000
3855	2	0	0.000000
3856	2	2	0.000000
3857	2	5	0.000000
3858	2	2	0.000000
3859	2	4	0.000000
3860	2	2	0.000000
3861	2	2	0.000000
3862	2	2	0.000000
3863	2	2	0.000000
3864	2	2	0.000000
3865	2	2	0.000000
3866	2	2	0.000000
3867	2	2	0.000000
3868	2	5	0.000000
3869	1	1	0.000000
3870	1	1	0.000000
3871	1	1	0.000000
3872	1	1	0.000000
3873	1	1	0.000000
3874	1	1	0.000000
3875	1	0	0.000000
3876	1	1	0.000000
3877	1	1	0.000000
3878	1	1	0.000000
3879	1	1	0.000000
3880	1	1	0.000000
3881	1	1	0.000000
3882	1	1	0.000000
3883	1	1	0.000000
3884	1	1	0.000000
3885	1	1	0.000000
3886	2	5	0.000000
3887	2	5	0.000000
3888	2	2	0.000000
3889	2	2	0.000000
3890	2	2	0.000000
3891	2	2	0.000000
3892	2	2	0.000000
3893	2	3	0.000000
3894	2	2	0.000000
3895	2	2	0.000000
3896	1	0	0.000000
3897	1	2	0.000000
3898	1	1	0.000000
3899	1	1	0.000000
3900	1	1	0.000000
3901	1	1	0.000000
3902	1	1	0.000000
3903	1	1	0.000000
3904	1	1	0.000000
3905	1	1	0.000000
3906	1	1	0.000000
3907	1	0	0.000000
3908	1	1	0.000000
3909	1	1	0.000000
3910	1	1	0.000000
3911	1	1	0.000000
3912	2	2	0.000000
3913	2	4	0.000000
3914	2	3	0.000000
3915	2	0	0.000000
3916	2	2	0.000000
3917	2	2	0.000000
3918	2	2	0.000000
3919	2	2	0.000000
3920	2	2	0.000000
3921	2	5	0.000000
3922	2	5	0.000000
3923	2	2	0.000000
3924	2	2	0.000000
3925	2	3	0.000000
3926	2	2	0.000000
3927	2	2	0.000000
3928	2	2	0.000000
3929	2	2	0.000000
3930	1	1	0.000000
3931	1	1	0.000000
3932	1	0	0.000000
3933	1	1	0.000000
3934	1	1	0.000000
3935	1	1	0.000000
3936	1	1	0.000000
3937	1	1	0.000000
3938	1	1	0.000000
3939	1	1	0.000000
3940	1	1	0.000000
3941	1	0	0.000000
3942	1	1	0.000000
3943	1	1	0.000000
3944	1	1	0.000000
3945	1	1	0.000000
3946	1	1	0.000000
3947	1	1	0.000000
3948	2	2	0.000000
3949	2	2	0.000000
3950	2	1	0.000000
3951	2	2	0.000000
3952	2	2	0.000000
3953	2	2	0.000000
3954	2	2	0.000000
3955	2	1	0.000000
3956	2	2	0.000000
3957	2	2	0.000000
3958	2	0	0.000000
3959	2	2	0.000000
3960	1	1	0.000000
3961	2	2	0.000000
3962	1	1	0.000000
3963	1	1	0.000000
3964	1	1	0.000000
3965	1	1	0.000000
3966	1	1	0.000000
3967	1	1	0.000000
3968	1	1	0.000000
3969	1	1	0.000000
3970	1	3	0.000000
3971	1	1	0.000000
3972	2	2	0.000000
3973	2	2	0.000000
3974	2	2	0.000000
3975	2	2	0.000000
3976	2	5	0.000000
3977	2	2	0.000000
3978	2	2	0.000000
3979	2	2	0.000000
3980	2	2	0.000000
3981	2	2	0.000000
3982	2	2	0.000000
3983	2	2	0.000000
3984	1	1	0.000000
3985	1	1	0.000000
3986	1	1	0.000000
3987	1	1	0.000000
3988	1	1	0.000000
3989	1	1	0.000000
3990	1	1	0.000000
3991	1	1	0.000000
3992	1	2	0.000000
3993	1	2	0.000000
3994	1	1	0.000000
3995	1	3	0.000000
3996	1	2	0.000000
3997	1	1	0.000000
3998	1	1	0.000000
3999	1	1	0.000000
4000	1	1	0.000000
4001	2	2	0.000000
4002	2	2	0.000000
4003	2	2	0.000000
4004	2	2	0.000000
4005	2	0	0.000000
4006	2	2	0.000000
4007	2	2	0.000000
4008	2	2	0.000000
4009	2	2	0.000000
4010	2	5	0.000000
4011	2	2	0.000000
4012	2	0	0.000000
4013	2	2	0.000000
4014	2	2	0.000000
4015	2	3	0.000000
4016	2	2	0.000000
4017	2	2	0.000000
4018	2	2	0.000000
4019	2	2	0.000000
4020	2	2	0.000000
4021	2	2	0.000000
4022	2	2	0.000000
4023	2	2	0.000000
4024	2	2	0.000000
4025	2	1	0.000000
4026	2	2	0.000000
4027	2	1	0.000000
4028	2	2	0.000000
4029	2	2	0.000000
4030	2	2	0.000000
4031	2	2	0.000000
4032	2	2	0.000000
4033	2	2	0.000000
4034	2	2	0.000000
4035	2	2	0.000000
4036	2	3	0.000000
4037	2	2	0.000000
4038	2	0	0.000000
4039	2	2	0.000000
4040	2	2	0.000000
4041	2	2	0.000000
4042	2	4	0.000000
4043	2	2	0.000000
4044	2	0	0.000000
4045	2	2	0.000000
4046	2	2	0.000000
4047	2	2	0.000000
4048	2	2	0.000000
4049	2	2	0.000000
4050	2	1	0.000000
4051	2	2	0.000000
4052	2	4	0.000000
4053	2	2	0.000000
4054	2	2	0.000000
4055	2	2	0.000000
4056	2	2	0.000000
4057	2	2	0.000000
4058	2	2	0.000000
4059	2	5	0.000000
4060	2	2	0.000000
4061	2	2	0.000000
4062	2	2	0.000000
4063	2	2	0.000000
4064	2	2	0.000000
4065	2	1	0.000000
4066	2	2	0.000000
4067	2	2	0.000000
4068	2	2	0.000000
4069	2	2	0.000000
4070	2	2	0.000000
4071	2	2	0.000000
4072	2	1	0.000000
4073	1	0	0.000000
4074	1	1	0.000000
4075	1	1	0.000000
4076	1	0	0.000000
4077	1	1	0.000000
4078	1	1	0.000000
4079	1	0	0.000000
4080	1	1	0.000000
4081	1	1	0.000000
4082	1	1	0.000000
4083	1	1	0.000000
4084	1	0	0.000000
4085	2	2	0.000000
4086	2	2	0.000000
4087	2	2	0.000000
4088	2	2	0.000000
4089	2	2	0.000000
4090	2	2	0.000000
4091	2	2	0.000000
4092	2	2	0.000000
4093	2	2	0.000000
4094	2	2	0.000000
4095	2	2	0.000000
4096	2	2	0.000000
4097	2	0	0.000000
4098	2	3	0.000000
4099	2	2	0.000000
4100	2	2	0.000000
4101	2	2	0.000000
4102	2	2	0.000000
4103	2	2	0.000000
4104	2	2	0.000000
4105	2	2	0.000000
4106	2	2	0.000000
4107	2	2	0.000000
4108	2	2	0.000000
4109	2	4	0.000000
4110	2	2	0.000000
4111	1	1	0.000000
4112	1	1	0.000000
4113	1	1	0.000000
4114	1	0	0.000000
4115	1	1	0.000000
4116	1	0	0.000000
4117	1	1	0.000000
4118	1	1	0.000000
4119	1	1	0.000000
4120	1	1	0.000000
4121	1	1	0.000000
4122	2	2	0.000000
4123	2	5	0.000000
4124	2	2	0.000000
4125	2	1	0.000000
4126	2	2	0.000000
4127	2	2	0.000000
4128	2	2	0.000000
4129	2	2	0.000000
4130	2	2	0.000000
4131	2	2	0.000000
4132	2	2	0.000000
4133	2	4	0.000000
4134	2	5	0.000000
4135	2	2	0.000000
4136	2	2	0.000000
4137	2	2	0.000000
4138	2	2	0.000000
4139	2	2	0.000000
4140	2	2	0.000000
4141	2	2	0.000000
4142	2	2	0.000000
4143	2	2	0.000000
4144	2	2	0.000000
4145	1	1	0.000000
4146	1	1	0.000000
4147	1	1	0.000000
4148	1	1	0.000000
4149	1	1	0.000000
4150	1	1	0.000000
4151	1	1	0.000000
4152	1	2	0.000000
4153	2	2	0.000000
4154	2	2	0.000000
4155	2	2	0.000000
4156	2	4	0.000000
4157	2	4	0.000000
4158	2	2	0.000000
4159	2	2	0.000000
4160	1	0	0.000000
4161	1	1	0.000000
4162	1	1	0.000000
4163	1	1	0.000000
4164	1	1	0.000000
4165	1	1	0.000000
4166	1	1	0.000000
4167	1	1	0.000000
4168	1	0	0.000000
4169	1	1	0.000000
4170	2	2	0.000000
4171	2	3	0.000000
4172	2	1	0.000000
4173	2	3	0.000000
4174	2	3	0.000000
4175	2	1	0.000000
4176	2	2	0.000000
4177	2	2	0.000000
4178	2	2	0.000000
4179	2	2	0.000000
4180	2	2	0.000000
4181	2	2	0.000000
4182	2	2	0.000000
4183	2	2	0.000000
4184	2	2	0.000000
4185	2	2	0.000000
4186	2	2	0.000000
4187	2	2	0.000000
4188	2	3	0.000000
4189	2	2	0.000000
4190	2	2	0.000000
4191	2	2	0.000000
4192	2	2	0.000000
4193	2	5	0.000000
4194	2	2	0.000000
4195	2	2	0.000000
4196	2	2	0.000000
4197	2	1	0.000000
4198	2	2	0.000000
4199	2	2	0.000000
4200	2	2	0.000000
4201	2	0	0.000000
4202	2	2	0.000000
4203	2	2	0.000000
4204	2	3	0.000000
4205	2	2	0.000000
4206	2	2	0.000000
4207	2	0	0.000000
4208	2	2	0.000000
4209	2	2	0.000000
4210	2	2	0.000000
4211	2	1	0.000000
4212	2	3	0.000000
4213	3	2	0.000000
4214	3	0	0.000000
4215	3	2	0.000000
4216	3	2	0.000000
4217	3	2	0.000000
4218	3	3	0.000000
4219	3	1	0.000000
4220	3	2	0.000000
4221	3	2	0.000000
4222	3	2	0.000000
4223	3	3	0.000000
4224	3	1	0.000000
4225	3	2	0.000000
4226	3	2	0.000000
4227	3	2	0.000000
4228	3	2	0.000000
4229	3	2	0.000000
4230	3	2	0.000000
4231	3	2	0.000000
4232	4	0	0.000000
4233	4	0	0.000000
4234	4	0	0.000000
4235	4	0	0.000000
4236	4	0	0.000000
4237	4	3	0.000000
4238	4	0	0.000000
4239	4	0	0.000000
4240	4	3	0.000000
4241	4	2	0.000000
4242	4	0	0.000000
4243	4	2	0.000000
4244	4	0	0.000000
4245	4	0	0.000000
4246	4	3	0.000000
4247	4	1	0.000000
4248	3	2	0.000000
4249	4	0	0.000000
4250	4	0	0.000000
4251	4	0	0.000000
4252	4	0	0.000000
4253	4	0	0.000000
4254	4	0	0.000000
4255	4	2	0.000000
4256	4	0	0.000000
4257	4	0	0.000000
4258	4	0	0.000000
4259	4	1	0.000000
4260	4	0	0.000000
4261	4	0	0.000000
4262	4	0	0.000000
4263	4	0	0.000000
4264	4	0	0.000000
4265	4	0	0.000000
4266	4	0	0.000000
4267	4	1	0.000000
4268	4	0	0.000000
4269	4	2	0.000000
4270	4	0	0.000000
4271	4	0	0.000000
4272	4	0	0.000000
4273	4	0	0.000000
4274	4	0	0.000000
4275	4	0	0.000000
4276	4	0	0.000000
4277	4	0	0.000000
4278	3	2	0.000000
4279	3	2	0.000000
4280	4	0	0.000000
4281	4	0	0.000000
4282	4	1	0.000000
4283	4	0	0.000000
4284	4	0	0.000000
4285	4	2	0.000000
4286	4	0	0.000000
4287	4	0	0.000000
4288	4	3	0.000000
4289	4	2	0.000000
4290	4	0	0.000000
4291	3	1	0.000000
4292	4	0	0.000000
4293	4	0	0.000000
4294	4	3	0.000000
4295	4	3	0.000000
4296	4	0	0.000000
4297	4	3	0.000000
4298	4	0	0.000000
4299	4	0	0.000000
4300	4	2	0.000000
4301	4	0	0.000000
4302	4	0	0.000000
4303	4	0	0.000000
4304	4	0	0.000000
4305	4	2	0.000000
4306	4	0	0.000000
4307	4	3	0.000000
4308	4	2	0.000000
4309	4	0	0.000000
4310	4	0	0.000000
4311	4	0	0.000000
4312	4	0	0.000000
4313	4	0	0.000000
4314	4	0	0.000000
4315	4	0	0.000000
4316	4	0	0.000000
4317	4	0	0.000000
4318	4	0	0.000000
4319	4	0	0.000000
4320	4	0	0.000000
4321	4	0	0.000000
4322	4	0	0.000000
4323	4	0	0.000000
4324	4	0	0.000000
4325	4	0	0.000000
4326	4	0	0.000000
4327	4	1	0.000000
4328	4	0	0.000000
4329	4	0	0.000000
4330	4	3	0.000000
4331	4	0	0.000000
4332	4	0	0.000000
4333	4	0	0.000000
4334	4	0	0.000000
4335	4	0	0.000000
4336	4	2	0.000000
4337	4	0	0.000000
4338	4	0	0.000000
4339	4	1	0.000000
4340	4	0	0.000000
4341	4	0	0.000000
4342	4	0	0.000000
4343	4	3	0.000000
4344	4	0	0.000000
4345	4	0	0.000000
4346	4	0	0.000000
4347	4	2	0.000000
4348	4	0	0.000000
4349	4	0	0.000000
4350	4	0	0.000000
4351	4	0	0.000000
4352	4	2	0.000000
4353	4	0	0.000000
4354	4	0	0.000000
4355	4	0	0.000000
4356	4	0	0.000000
4357	4	0	0.000000
4358	4	0	0.000000
4359	4	0	0.000000
4360	4	0	0.000000
4361	4	0	0.000000
4362	4	0	0.000000
4363	4	1	0.000000
4364	4	0	0.000000
4365	4	0	0.000000
4366	4	1	0.000000
4367	4	1	0.000000
4368	4	2	0.000000
4369	4	0	0.000000
4370	4	0	0.000000
4371	4	0	0.000000
4372	4	0	0.000000
4373	4	0	0.000000
4374	4	2	0.000000
4375	4	1	0.000000
4376	4	3	0.000000
4377	4	0	0.000000
4378	4	0	0.000000
4379	4	0	0.000000
4380	4	0	0.000000
4381	4	0	0.000000
4382	4	0	0.000000
4383	4	0	0.000000
4384	4	0	0.000000
4385	4	0	0.000000
4386	4	0	0.000000
4387	4	1	0.000000
4388	4	0	0.000000
4389	4	0	0.000000
4390	4	0	0.000000
4391	4	0	0.000000
4392	4	0	0.000000
4393	4	0	0.000000
4394	4	0	0.000000
4395	4	0	0.000000
4396	4	0	0.000000
4397	4	2	0.000000
4398	4	0	0.000000
4399	4	0	0.000000
4400	4	0	0.000000
4401	4	0	0.000000
4402	4	0	0.000000
4403	4	0	0.000000
4404	4	0	0.000000
4405	4	0	0.000000
4406	4	0	0.000000
4407	4	0	0.000000
4408	4	0	0.000000
4409	4	0	0.000000
4410	4	0	0.000000
4411	3	2	0.000000
4412	3	0	0.000000
4413	3	1	0.000000
4414	3	3	0.000000
4415	3	1	0.000000
4416	3	2	0.000000
4417	3	2	0.000000
4418	3	2	0.000000
4419	3	3	0.000000
4420	3	2	0.000000
4421	3	2	0.000000
4422	3	3	0.000000
4423	3	2	0.000000
4424	3	2	0.000000
4425	2	3	0.000000
4426	2	2	0.000000
4427	2	2	0.000000
4428	2	2	0.000000
4429	2	2	0.000000
4430	2	2	0.000000
4431	2	2	0.000000
4432	2	2	0.000000
4433	2	5	0.000000
4434	2	5	0.000000
4435	2	2	0.000000
4436	2	2	0.000000
4437	2	2	0.000000
4438	2	0	0.000000
4439	2	3	0.000000
4440	2	2	0.000000
4441	2	2	0.000000
4442	2	2	0.000000
4443	2	2	0.000000
4444	2	2	0.000000
4445	2	0	0.000000
4446	2	2	0.000000
4447	2	4	0.000000
4448	2	2	0.000000
4449	2	2	0.000000
4450	2	2	0.000000
4451	2	2	0.000000
4452	2	2	0.000000
4453	2	2	0.000000
4454	2	2	0.000000
4455	2	2	0.000000
4456	2	2	0.000000
4457	2	2	0.000000
4458	2	2	0.000000
4459	2	2	0.000000
4460	2	2	0.000000
4461	2	2	0.000000
4462	2	2	0.000000
4463	2	2	0.000000
4464	2	2	0.000000
4465	2	2	0.000000
4466	2	2	0.000000
4467	2	2	0.000000
4468	2	2	0.000000
4469	2	0	0.000000
4470	2	2	0.000000
4471	2	2	0.000000
4472	1	1	0.000000
4473	1	1	0.000000
4474	1	2	0.000000
4475	1	1	0.000000
4476	1	1	0.000000
4477	1	1	0.000000
4478	1	1	0.000000
4479	1	2	0.000000
4480	1	3	0.000000
4481	1	1	0.000000
4482	1	1	0.000000
4483	1	1	0.000000
4484	1	1	0.000000
4485	1	0	0.000000
4486	1	1	0.000000
4487	1	1	0.000000
4488	2	2	0.000000
4489	1	1	0.000000
4490	2	2	0.000000
4491	2	2	0.000000
4492	2	2	0.000000
4493	2	2	0.000000
4494	2	2	0.000000
4495	2	2	0.000000
4496	2	2	0.000000
4497	2	2	0.000000
4498	2	4	0.000000
4499	2	2	0.000000
4500	2	2	0.000000
4501	2	4	0.000000
4502	2	2	0.000000
4503	2	2	0.000000
4504	2	2	0.000000
4505	2	2	0.000000
4506	2	2	0.000000
4507	2	2	0.000000
4508	2	2	0.000000
4509	2	2	0.000000
4510	2	2	0.000000
4511	2	4	0.000000
4512	2	5	0.000000
4513	2	3	0.000000
4514	2	2	0.000000
4515	2	5	0.000000
4516	2	2	0.000000
4517	2	2	0.000000
4518	2	2	0.000000
4519	2	2	0.000000
4520	2	2	0.000000
4521	2	2	0.000000
4522	1	1	0.000000
4523	1	3	0.000000
4524	1	1	0.000000
4525	1	0	0.000000
4526	1	1	0.000000
4527	1	1	0.000000
4528	1	1	0.000000
4529	1	1	0.000000
4530	1	1	0.000000
4531	1	0	0.000000
4532	1	1	0.000000
4533	1	1	0.000000
4534	1	1	0.000000
4535	1	2	0.000000
4536	1	1	0.000000
4537	1	1	0.000000
4538	1	1	0.000000
4539	1	1	0.000000
4540	1	1	0.000000
4541	2	2	0.000000
4542	2	2	0.000000
4543	2	2	0.000000
4544	2	4	0.000000
4545	2	3	0.000000
4546	2	2	0.000000
4547	2	2	0.000000
4548	2	2	0.000000
4549	2	2	0.000000
4550	2	2	0.000000
4551	2	2	0.000000
4552	2	2	0.000000
4553	2	2	0.000000
4554	2	4	0.000000
4555	2	2	0.000000
4556	2	1	0.000000
4557	2	2	0.000000
4558	2	1	0.000000
4559	2	2	0.000000
4560	2	2	0.000000
4561	2	2	0.000000
4562	2	2	0.000000
4563	2	2	0.000000
4564	2	2	0.000000
4565	2	2	0.000000
4566	2	2	0.000000
4567	2	2	0.000000
4568	2	2	0.000000
4569	2	2	0.000000
4570	2	2	0.000000
4571	2	2	0.000000
4572	2	0	0.000000
4573	2	2	0.000000
4574	2	2	0.000000
4575	2	3	0.000000
4576	1	1	0.000000
4577	1	1	0.000000
4578	1	1	0.000000
4579	1	1	0.000000
4580	1	2	0.000000
4581	1	1	0.000000
4582	1	1	0.000000
4583	1	1	0.000000
4584	2	2	0.000000
4585	2	2	0.000000
4586	2	2	0.000000
4587	1	0	0.000000
4588	1	1	0.000000
4589	2	2	0.000000
4590	2	2	0.000000
4591	2	2	0.000000
4592	2	2	0.000000
4593	2	0	0.000000
4594	2	2	0.000000
4595	2	4	0.000000
4596	2	2	0.000000
4597	2	1	0.000000
4598	2	2	0.000000
4599	1	3	0.000000
4600	1	1	0.000000
4601	1	1	0.000000
4602	1	1	0.000000
4603	1	1	0.000000
4604	1	1	0.000000
4605	2	2	0.000000
4606	1	1	0.000000
4607	2	2	0.000000
4608	2	2	0.000000
4609	2	2	0.000000
4610	2	0	0.000000
4611	2	2	0.000000
4612	2	2	0.000000
4613	2	2	0.000000
4614	2	2	0.000000
4615	2	2	0.000000
4616	2	2	0.000000
4617	2	2	0.000000
4618	1	1	0.000000
4619	1	3	0.000000
4620	1	3	0.000000
4621	1	1	0.000000
4622	1	1	0.000000
4623	1	1	0.000000
4624	1	1	0.000000
4625	1	1	0.000000
4626	1	1	0.000000
4627	2	2	0.000000
4628	2	2	0.000000
4629	2	2	0.000000
4630	2	2	0.000000
4631	2	2	0.000000
4632	2	2	0.000000
4633	2	2	0.000000
4634	2	2	0.000000
4635	2	2	0.000000
4636	2	2	0.000000
4637	2	2	0.000000
4638	2	2	0.000000
4639	1	1	0.000000
4640	1	1	0.000000
4641	1	1	0.000000
4642	1	0	0.000000
4643	1	1	0.000000
4644	1	1	0.000000
4645	1	1	0.000000
4646	1	1	0.000000
4647	1	1	0.000000
4648	1	1	0.000000
4649	1	1	0.000000
4650	2	2	0.000000
4651	1	1	0.000000
4652	2	2	0.000000
4653	2	2	0.000000
4654	2	2	0.000000
4655	2	3	0.000000
4656	2	2	0.000000
4657	2	2	0.000000
4658	2	2	0.000000
4659	2	2	0.000000
4660	2	2	0.000000
4661	2	4	0.000000
4662	2	2	0.000000
4663	2	1	0.000000
4664	2	3	0.000000
4665	1	2	0.000000
4666	1	1	0.000000
4667	1	0	0.000000
4668	1	1	0.000000
4669	1	1	0.000000
4670	1	1	0.000000
4671	2	4	0.000000
4672	2	3	0.000000
4673	2	2	0.000000
4674	2	2	0.000000
4675	2	2	0.000000
4676	2	2	0.000000
4677	2	2	0.000000
4678	2	2	0.000000
4679	2	2	0.000000
4680	2	1	0.000000
4681	2	2	0.000000
4682	2	2	0.000000
4683	2	3	0.000000
4684	2	4	0.000000
4685	2	2	0.000000
4686	2	2	0.000000
4687	2	2	0.000000
4688	2	2	0.000000
4689	2	2	0.000000
4690	2	2	0.000000
4691	2	5	0.000000
4692	2	2	0.000000
4693	2	2	0.000000
4694	2	5	0.000000
4695	2	2	0.000000
4696	2	2	0.000000
4697	2	2	0.000000
4698	2	2	0.000000
4699	2	3	0.000000
4700	1	1	0.000000
4701	1	1	0.000000
4702	2	2	0.000000
4703	2	1	0.000000
4704	1	1	0.000000
4705	2	1	0.000000
4706	2	2	0.000000
4707	2	2	0.000000
4708	2	2	0.000000
4709	2	2	0.000000
4710	2	2	0.000000
4711	1	1	0.000000
4712	1	1	0.000000
4713	1	1	0.000000
4714	1	1	0.000000
4715	1	1	0.000000
4716	1	1	0.000000
4717	1	0	0.000000
4718	2	2	0.000000
4719	2	2	0.000000
4720	2	4	0.000000
4721	2	2	0.000000
4722	2	2	0.000000
4723	2	2	0.000000
4724	2	2	0.000000
4725	2	2	0.000000
4726	2	3	0.000000
4727	1	1	0.000000
4728	1	1	0.000000
4729	1	1	0.000000
4730	1	1	0.000000
4731	1	1	0.000000
4732	1	1	0.000000
4733	1	1	0.000000
4734	1	1	0.000000
4735	1	1	0.000000
4736	1	1	0.000000
4737	1	1	0.000000
4738	1	2	0.000000
4739	1	1	0.000000
4740	1	1	0.000000
4741	1	1	0.000000
4742	1	1	0.000000
4743	1	1	0.000000
4744	1	1	0.000000
4745	1	1	0.000000
4746	1	1	0.000000
4747	1	1	0.000000
4748	1	1	0.000000
4749	1	1	0.000000
4750	1	1	0.000000
4751	1	3	0.000000
4752	1	1	0.000000
4753	2	2	0.000000
4754	1	1	0.000000
4755	2	2	0.000000
4756	2	2	0.000000
4757	2	2	0.000000
4758	2	2	0.000000
4759	2	2	0.000000
4760	2	2	0.000000
4761	2	2	0.000000
4762	2	2	0.000000
4763	2	2	0.000000
4764	2	2	0.000000
4765	2	4	0.000000
4766	2	2	0.000000
4767	2	1	0.000000
4768	2	2	0.000000
4769	2	2	0.000000
4770	1	1	0.000000
4771	1	1	0.000000
4772	2	1	0.000000
4773	1	1	0.000000
4774	1	1	0.000000
4775	1	1	0.000000
4776	1	0	0.000000
4777	1	1	0.000000
4778	1	1	0.000000
4779	2	3	0.000000
4780	2	2	0.000000
4781	2	2	0.000000
4782	2	2	0.000000
4783	2	4	0.000000
4784	2	2	0.000000
4785	2	4	0.000000
4786	2	2	0.000000
4787	2	2	0.000000
4788	2	5	0.000000
4789	1	1	0.000000
4790	1	1	0.000000
4791	1	1	0.000000
4792	1	0	0.000000
4793	1	1	0.000000
4794	1	1	0.000000
4795	1	1	0.000000
4796	1	1	0.000000
4797	1	1	0.000000
4798	1	1	0.000000
4799	1	1	0.000000
4800	1	1	0.000000
4801	1	1	0.000000
4802	1	1	0.000000
4803	1	0	0.000000
4804	1	1	0.000000
4805	1	1	0.000000
4806	2	2	0.000000
4807	2	0	0.000000
4808	2	2	0.000000
4809	2	2	0.000000
4810	2	2	0.000000
4811	2	2	0.000000
4812	2	2	59.377000
4813	0	0	0.000000
