StartTime	2015/10/20 00:54:41
FinishTime	2015/10/20 00:55:27
ElapsedTime	46.000000
/home/daisuke/git/ReinforcementLearning/log/EV3LineTracer_20151019220224_10Setting_20151019220225.log
0	1.000000
1	0.062500	0.062500	0.062500	0.812500
2	0.041667	0.041667	0.041667	0.041667	0.041667	0.791667
3	0.062500	0.812500	0.062500	0.062500
4	0.062500	0.812500	0.062500	0.062500
5	0.062500	0.062500	0.062500	0.812500
6	0.062500	0.062500	0.062500	0.812500
3465
0	3	1	0.000000
1	3	1	0.000000
2	3	1	0.000000
3	3	1	0.000000
4	3	2	0.000000
5	3	2	0.000000
6	3	0	0.000000
7	3	1	0.000000
8	3	1	0.000000
9	3	1	0.000000
10	3	0	0.000000
11	3	1	0.000000
12	3	1	0.000000
13	3	1	0.000000
14	3	1	0.000000
15	3	1	0.000000
16	3	1	0.000000
17	3	1	0.000000
18	3	1	0.000000
19	3	3	0.000000
20	3	1	0.000000
21	3	1	0.000000
22	3	1	0.000000
23	3	1	0.000000
24	3	1	0.000000
25	3	1	0.000000
26	3	1	0.000000
27	2	5	0.000000
28	2	5	0.000000
29	2	3	0.000000
30	2	5	0.000000
31	2	5	0.000000
32	2	5	0.000000
33	2	5	0.000000
34	1	3	0.000000
35	1	3	0.000000
36	1	3	0.000000
37	1	3	0.000000
38	1	3	0.000000
39	1	3	0.000000
40	1	3	0.000000
41	1	0	0.000000
42	1	3	0.000000
43	1	3	0.000000
44	1	3	0.000000
45	1	3	0.000000
46	1	3	0.000000
47	1	3	0.000000
48	1	3	0.000000
49	1	3	0.000000
50	1	0	0.000000
51	1	0	0.000000
52	1	3	0.000000
53	1	1	0.000000
54	1	3	0.000000
55	1	3	0.000000
56	1	3	0.000000
57	1	3	0.000000
58	1	3	0.000000
59	1	3	0.000000
60	2	5	0.000000
61	2	5	0.000000
62	2	5	0.000000
63	2	5	0.000000
64	2	5	0.000000
65	2	5	0.000000
66	2	5	0.000000
67	2	0	0.000000
68	2	5	0.000000
69	2	5	0.000000
70	2	5	0.000000
71	2	2	0.000000
72	2	1	0.000000
73	2	5	0.000000
74	1	1	0.000000
75	1	3	0.000000
76	1	3	0.000000
77	1	1	0.000000
78	1	0	0.000000
79	1	3	0.000000
80	1	3	0.000000
81	1	3	0.000000
82	1	3	0.000000
83	1	3	0.000000
84	1	3	0.000000
85	1	3	0.000000
86	1	3	0.000000
87	1	1	0.000000
88	1	3	0.000000
89	1	0	0.000000
90	2	5	0.000000
91	2	5	0.000000
92	2	5	0.000000
93	2	1	0.000000
94	2	2	0.000000
95	2	4	0.000000
96	2	5	0.000000
97	2	0	0.000000
98	2	4	0.000000
99	2	5	0.000000
100	2	0	0.000000
101	1	3	0.000000
102	1	1	0.000000
103	1	3	0.000000
104	1	3	0.000000
105	1	2	0.000000
106	1	3	0.000000
107	1	0	0.000000
108	1	3	0.000000
109	1	3	0.000000
110	1	3	0.000000
111	2	5	0.000000
112	2	5	0.000000
113	2	5	0.000000
114	2	1	0.000000
115	2	5	0.000000
116	2	5	0.000000
117	2	5	0.000000
118	2	5	0.000000
119	2	5	0.000000
120	2	5	0.000000
121	2	5	0.000000
122	2	5	0.000000
123	1	3	0.000000
124	1	3	0.000000
125	1	2	0.000000
126	1	2	0.000000
127	1	3	0.000000
128	1	3	0.000000
129	1	3	0.000000
130	1	3	0.000000
131	1	3	0.000000
132	1	3	0.000000
133	1	3	0.000000
134	2	0	0.000000
135	1	3	0.000000
136	1	0	0.000000
137	1	3	0.000000
138	1	3	0.000000
139	1	3	0.000000
140	2	5	0.000000
141	2	1	0.000000
142	2	5	0.000000
143	2	5	0.000000
144	2	5	0.000000
145	2	5	0.000000
146	2	5	0.000000
147	2	5	0.000000
148	2	5	0.000000
149	2	5	0.000000
150	2	5	0.000000
151	2	5	0.000000
152	2	5	0.000000
153	1	3	0.000000
154	1	1	0.000000
155	1	3	0.000000
156	1	1	0.000000
157	1	3	0.000000
158	1	3	0.000000
159	2	5	0.000000
160	1	3	0.000000
161	1	3	0.000000
162	1	3	0.000000
163	1	0	0.000000
164	1	0	0.000000
165	1	3	0.000000
166	1	0	0.000000
167	1	3	0.000000
168	1	0	0.000000
169	1	3	0.000000
170	1	0	0.000000
171	1	1	0.000000
172	1	3	0.000000
173	1	3	0.000000
174	1	3	0.000000
175	1	3	0.000000
176	1	3	0.000000
177	1	3	0.000000
178	1	3	0.000000
179	1	3	0.000000
180	1	3	0.000000
181	2	5	0.000000
182	2	5	0.000000
183	2	5	0.000000
184	2	4	0.000000
185	2	5	0.000000
186	3	3	0.000000
187	3	0	0.000000
188	3	1	0.000000
189	3	2	0.000000
190	3	1	0.000000
191	3	1	0.000000
192	3	1	0.000000
193	2	5	0.000000
194	2	5	0.000000
195	2	2	0.000000
196	2	5	0.000000
197	2	1	0.000000
198	2	4	0.000000
199	2	5	0.000000
200	2	0	0.000000
201	2	5	0.000000
202	2	5	0.000000
203	2	5	0.000000
204	2	5	0.000000
205	2	5	0.000000
206	2	5	0.000000
207	2	5	0.000000
208	1	3	0.000000
209	1	3	0.000000
210	1	3	0.000000
211	1	3	0.000000
212	1	3	0.000000
213	1	3	0.000000
214	1	3	0.000000
215	1	0	0.000000
216	1	1	0.000000
217	1	2	0.000000
218	1	0	0.000000
219	1	3	0.000000
220	1	3	0.000000
221	1	3	0.000000
222	1	1	0.000000
223	1	3	0.000000
224	1	3	0.000000
225	1	3	0.000000
226	1	3	0.000000
227	1	3	0.000000
228	1	3	0.000000
229	1	3	0.000000
230	1	3	0.000000
231	1	3	0.000000
232	3	0	0.000000
233	2	5	0.000000
234	1	3	0.000000
235	1	3	0.000000
236	1	2	0.000000
237	2	5	0.000000
238	2	5	0.000000
239	2	5	0.000000
240	2	1	0.000000
241	2	5	0.000000
242	2	5	0.000000
243	2	5	0.000000
244	2	3	0.000000
245	2	5	0.000000
246	2	5	0.000000
247	2	5	0.000000
248	2	5	0.000000
249	2	5	0.000000
250	1	3	0.000000
251	1	3	0.000000
252	1	3	0.000000
253	1	3	0.000000
254	1	2	0.000000
255	1	3	0.000000
256	1	3	0.000000
257	1	3	0.000000
258	1	3	0.000000
259	1	3	0.000000
260	1	3	0.000000
261	1	3	0.000000
262	1	3	0.000000
263	1	3	0.000000
264	1	3	0.000000
265	1	3	0.000000
266	1	3	0.000000
267	1	3	0.000000
268	1	3	0.000000
269	1	3	0.000000
270	2	5	0.000000
271	2	5	0.000000
272	2	5	0.000000
273	2	5	0.000000
274	3	1	0.000000
275	3	0	0.000000
276	3	1	0.000000
277	3	2	0.000000
278	4	3	0.000000
279	4	1	0.000000
280	4	1	0.000000
281	3	1	0.000000
282	3	2	0.000000
283	3	1	0.000000
284	3	1	0.000000
285	3	1	0.000000
286	3	3	0.000000
287	3	3	0.000000
288	3	1	0.000000
289	2	5	0.000000
290	2	5	0.000000
291	2	5	0.000000
292	2	5	0.000000
293	2	5	0.000000
294	2	5	0.000000
295	2	5	0.000000
296	2	1	0.000000
297	2	5	0.000000
298	2	5	0.000000
299	2	5	0.000000
300	1	3	0.000000
301	1	0	0.000000
302	1	3	0.000000
303	1	3	0.000000
304	1	2	0.000000
305	1	3	0.000000
306	2	3	0.000000
307	1	3	0.000000
308	1	3	0.000000
309	1	3	0.000000
310	1	3	0.000000
311	1	0	0.000000
312	1	3	0.000000
313	1	3	0.000000
314	1	3	0.000000
315	1	3	0.000000
316	1	3	0.000000
317	1	1	0.000000
318	2	5	0.000000
319	2	5	0.000000
320	2	5	0.000000
321	2	5	0.000000
322	2	5	0.000000
323	2	5	0.000000
324	3	1	0.000000
325	3	1	0.000000
326	3	1	0.000000
327	3	0	0.000000
328	3	2	0.000000
329	2	5	0.000000
330	2	5	0.000000
331	2	5	0.000000
332	2	5	0.000000
333	2	0	0.000000
334	2	2	0.000000
335	2	4	0.000000
336	2	5	0.000000
337	2	5	0.000000
338	2	5	0.000000
339	1	3	0.000000
340	1	3	0.000000
341	1	3	0.000000
342	1	3	0.000000
343	1	3	0.000000
344	1	1	0.000000
345	2	5	0.000000
346	3	1	0.000000
347	3	1	0.000000
348	2	4	0.000000
349	1	3	0.000000
350	1	0	0.000000
351	1	3	0.000000
352	1	3	0.000000
353	1	3	0.000000
354	1	3	0.000000
355	1	3	0.000000
356	1	3	0.000000
357	1	3	0.000000
358	1	3	0.000000
359	1	2	0.000000
360	1	3	0.000000
361	1	3	0.000000
362	1	2	0.000000
363	1	3	0.000000
364	2	5	0.000000
365	2	5	0.000000
366	3	1	0.000000
367	3	1	0.000000
368	3	1	0.000000
369	3	1	0.000000
370	3	1	0.000000
371	4	1	0.000000
372	4	2	0.000000
373	4	1	0.000000
374	3	1	0.000000
375	3	1	0.000000
376	3	1	0.000000
377	3	1	0.000000
378	3	1	0.000000
379	3	3	0.000000
380	3	0	0.000000
381	3	1	0.000000
382	3	0	0.000000
383	2	5	0.000000
384	2	5	0.000000
385	2	5	0.000000
386	2	5	0.000000
387	2	5	0.000000
388	2	5	0.000000
389	2	3	0.000000
390	2	5	0.000000
391	2	0	0.000000
392	2	5	0.000000
393	2	5	0.000000
394	3	3	0.000000
395	1	3	0.000000
396	1	3	0.000000
397	1	3	0.000000
398	1	3	0.000000
399	1	3	0.000000
400	1	3	0.000000
401	1	3	0.000000
402	1	3	0.000000
403	1	3	0.000000
404	1	3	0.000000
405	1	3	0.000000
406	1	2	0.000000
407	1	3	0.000000
408	1	3	0.000000
409	1	3	0.000000
410	1	3	0.000000
411	1	3	0.000000
412	1	3	0.000000
413	1	1	0.000000
414	1	3	0.000000
415	1	0	0.000000
416	2	3	0.000000
417	2	5	0.000000
418	2	5	0.000000
419	2	5	0.000000
420	2	5	0.000000
421	2	5	0.000000
422	2	5	0.000000
423	3	1	0.000000
424	3	1	0.000000
425	3	1	0.000000
426	3	1	0.000000
427	3	1	0.000000
428	3	1	0.000000
429	3	1	0.000000
430	3	0	0.000000
431	3	2	0.000000
432	4	1	0.000000
433	4	1	0.000000
434	4	1	0.000000
435	4	1	0.000000
436	4	1	0.000000
437	4	0	0.000000
438	4	1	0.000000
439	3	1	0.000000
440	3	1	0.000000
441	3	1	0.000000
442	3	0	0.000000
443	3	1	0.000000
444	3	2	0.000000
445	3	1	0.000000
446	3	1	0.000000
447	3	3	0.000000
448	3	1	0.000000
449	3	1	0.000000
450	3	1	0.000000
451	3	1	0.000000
452	3	0	0.000000
453	3	1	0.000000
454	3	1	0.000000
455	3	1	0.000000
456	3	1	0.000000
457	3	1	0.000000
458	3	1	0.000000
459	3	1	0.000000
460	3	1	0.000000
461	3	1	0.000000
462	3	1	0.000000
463	3	1	0.000000
464	3	1	0.000000
465	3	1	0.000000
466	3	1	0.000000
467	3	1	0.000000
468	3	1	0.000000
469	3	1	0.000000
470	3	2	0.000000
471	3	1	0.000000
472	3	0	0.000000
473	3	1	0.000000
474	3	1	0.000000
475	2	5	0.000000
476	2	5	0.000000
477	2	5	0.000000
478	2	3	0.000000
479	2	5	0.000000
480	2	3	0.000000
481	2	0	0.000000
482	2	5	0.000000
483	2	5	0.000000
484	2	5	0.000000
485	1	2	0.000000
486	2	5	0.000000
487	1	3	0.000000
488	1	3	0.000000
489	1	3	0.000000
490	1	3	0.000000
491	1	2	0.000000
492	1	3	0.000000
493	1	0	0.000000
494	1	3	0.000000
495	1	3	0.000000
496	1	3	0.000000
497	1	3	0.000000
498	1	2	0.000000
499	1	2	0.000000
500	2	0	0.000000
501	2	5	0.000000
502	2	2	0.000000
503	2	0	0.000000
504	2	2	0.000000
505	2	0	0.000000
506	3	1	0.000000
507	3	1	0.000000
508	3	1	0.000000
509	3	3	0.000000
510	3	1	0.000000
511	3	1	0.000000
512	3	3	0.000000
513	3	1	0.000000
514	3	1	0.000000
515	3	1	0.000000
516	3	1	0.000000
517	3	1	0.000000
518	3	1	0.000000
519	3	2	0.000000
520	3	1	0.000000
521	3	3	0.000000
522	3	1	0.000000
523	3	1	0.000000
524	3	1	0.000000
525	3	1	0.000000
526	3	1	0.000000
527	3	0	0.000000
528	3	1	0.000000
529	3	1	0.000000
530	3	0	0.000000
531	3	1	0.000000
532	3	2	0.000000
533	3	1	0.000000
534	3	1	0.000000
535	3	1	0.000000
536	3	1	0.000000
537	3	1	0.000000
538	3	3	0.000000
539	3	1	0.000000
540	3	3	0.000000
541	3	0	0.000000
542	3	1	0.000000
543	3	1	0.000000
544	3	1	0.000000
545	3	1	0.000000
546	3	1	0.000000
547	3	1	0.000000
548	3	1	0.000000
549	3	1	0.000000
550	3	1	0.000000
551	3	1	0.000000
552	3	2	0.000000
553	3	1	0.000000
554	2	5	0.000000
555	3	1	0.000000
556	2	5	0.000000
557	2	5	0.000000
558	2	5	0.000000
559	2	5	0.000000
560	2	5	0.000000
561	2	0	0.000000
562	2	5	0.000000
563	2	3	0.000000
564	2	5	0.000000
565	2	0	0.000000
566	2	4	0.000000
567	2	3	0.000000
568	2	5	0.000000
569	2	1	0.000000
570	2	5	0.000000
571	2	5	0.000000
572	2	5	0.000000
573	2	5	0.000000
574	2	5	0.000000
575	2	2	0.000000
576	2	4	0.000000
577	2	5	0.000000
578	2	5	0.000000
579	2	5	0.000000
580	2	4	0.000000
581	2	5	0.000000
582	2	5	0.000000
583	2	4	0.000000
584	2	5	0.000000
585	2	5	0.000000
586	2	5	0.000000
587	2	5	0.000000
588	1	3	0.000000
589	1	3	0.000000
590	1	3	0.000000
591	1	3	0.000000
592	1	3	0.000000
593	1	3	0.000000
594	1	3	0.000000
595	1	3	0.000000
596	1	3	0.000000
597	1	2	0.000000
598	1	3	0.000000
599	1	3	0.000000
600	1	3	0.000000
601	1	3	0.000000
602	2	2	0.000000
603	2	2	0.000000
604	2	5	0.000000
605	2	5	0.000000
606	2	5	0.000000
607	3	1	0.000000
608	3	1	0.000000
609	3	1	0.000000
610	3	2	0.000000
611	3	1	0.000000
612	3	1	0.000000
613	3	1	0.000000
614	3	3	0.000000
615	2	5	0.000000
616	3	1	0.000000
617	2	1	0.000000
618	2	2	0.000000
619	2	5	0.000000
620	2	5	0.000000
621	2	4	0.000000
622	2	5	0.000000
623	2	0	0.000000
624	2	5	0.000000
625	2	5	0.000000
626	2	1	0.000000
627	2	5	0.000000
628	2	5	0.000000
629	2	5	0.000000
630	2	5	0.000000
631	2	5	0.000000
632	2	0	0.000000
633	2	5	0.000000
634	1	3	0.000000
635	1	3	0.000000
636	1	3	0.000000
637	1	3	0.000000
638	1	3	0.000000
639	1	3	0.000000
640	1	3	0.000000
641	1	1	0.000000
642	1	3	0.000000
643	1	3	0.000000
644	1	1	0.000000
645	1	3	0.000000
646	1	3	0.000000
647	1	3	0.000000
648	1	3	0.000000
649	1	3	0.000000
650	1	3	0.000000
651	1	3	0.000000
652	2	5	0.000000
653	2	5	0.000000
654	2	5	0.000000
655	2	5	0.000000
656	2	5	0.000000
657	2	5	0.000000
658	3	1	0.000000
659	2	5	0.000000
660	2	5	0.000000
661	2	5	0.000000
662	2	5	0.000000
663	2	5	0.000000
664	2	5	0.000000
665	2	5	0.000000
666	2	5	0.000000
667	2	5	0.000000
668	1	3	0.000000
669	1	3	0.000000
670	1	3	0.000000
671	1	3	0.000000
672	1	3	0.000000
673	1	3	0.000000
674	1	3	0.000000
675	1	0	0.000000
676	1	3	0.000000
677	1	3	0.000000
678	1	3	0.000000
679	2	5	0.000000
680	1	0	0.000000
681	1	1	0.000000
682	2	1	0.000000
683	2	1	0.000000
684	2	5	0.000000
685	2	5	0.000000
686	2	5	0.000000
687	2	5	0.000000
688	2	0	0.000000
689	3	1	0.000000
690	3	1	0.000000
691	3	1	0.000000
692	3	0	0.000000
693	3	1	0.000000
694	3	1	0.000000
695	3	1	0.000000
696	3	1	0.000000
697	3	0	0.000000
698	3	1	0.000000
699	3	3	0.000000
700	3	3	0.000000
701	3	1	0.000000
702	3	1	0.000000
703	3	1	0.000000
704	3	1	0.000000
705	3	1	0.000000
706	3	3	0.000000
707	3	1	0.000000
708	3	1	0.000000
709	3	1	0.000000
710	3	1	0.000000
711	3	1	0.000000
712	3	0	0.000000
713	3	2	0.000000
714	3	0	0.000000
715	3	1	0.000000
716	3	1	0.000000
717	3	1	0.000000
718	3	2	0.000000
719	3	1	0.000000
720	3	1	0.000000
721	3	0	0.000000
722	3	1	0.000000
723	3	1	0.000000
724	3	1	0.000000
725	3	1	0.000000
726	3	1	0.000000
727	3	1	0.000000
728	3	1	0.000000
729	3	1	0.000000
730	3	1	0.000000
731	3	1	0.000000
732	3	1	0.000000
733	3	1	0.000000
734	3	1	0.000000
735	3	3	0.000000
736	3	1	0.000000
737	3	1	0.000000
738	3	1	0.000000
739	3	0	0.000000
740	3	1	0.000000
741	3	1	0.000000
742	3	1	0.000000
743	3	1	0.000000
744	3	1	0.000000
745	3	1	0.000000
746	3	1	0.000000
747	3	1	0.000000
748	3	1	0.000000
749	3	1	0.000000
750	3	1	0.000000
751	3	1	0.000000
752	2	5	0.000000
753	2	4	0.000000
754	2	4	0.000000
755	2	2	0.000000
756	2	2	0.000000
757	2	0	0.000000
758	2	4	0.000000
759	2	5	0.000000
760	2	5	0.000000
761	2	5	0.000000
762	2	5	0.000000
763	2	4	0.000000
764	2	5	0.000000
765	2	5	0.000000
766	2	1	0.000000
767	2	5	0.000000
768	2	5	0.000000
769	2	5	0.000000
770	2	5	0.000000
771	2	5	0.000000
772	2	1	0.000000
773	2	5	0.000000
774	2	5	0.000000
775	2	5	0.000000
776	2	5	0.000000
777	1	3	0.000000
778	1	3	0.000000
779	1	3	0.000000
780	1	3	0.000000
781	1	3	0.000000
782	1	2	0.000000
783	1	1	0.000000
784	1	3	0.000000
785	1	3	0.000000
786	1	3	0.000000
787	1	3	0.000000
788	1	3	0.000000
789	1	3	0.000000
790	1	2	0.000000
791	2	3	0.000000
792	2	5	0.000000
793	2	5	0.000000
794	2	2	0.000000
795	2	3	0.000000
796	2	2	0.000000
797	3	1	0.000000
798	3	1	0.000000
799	3	1	0.000000
800	3	1	0.000000
801	3	0	0.000000
802	3	1	0.000000
803	3	1	0.000000
804	3	1	0.000000
805	3	1	0.000000
806	3	3	0.000000
807	3	1	0.000000
808	3	3	0.000000
809	3	1	0.000000
810	3	1	0.000000
811	3	1	0.000000
812	3	1	0.000000
813	3	1	0.000000
814	2	5	0.000000
815	2	4	0.000000
816	2	4	0.000000
817	2	5	0.000000
818	2	5	0.000000
819	2	3	0.000000
820	2	4	0.000000
821	2	5	0.000000
822	2	5	0.000000
823	2	5	0.000000
824	2	5	0.000000
825	2	5	0.000000
826	2	5	0.000000
827	2	5	0.000000
828	2	5	0.000000
829	2	4	0.000000
830	2	5	0.000000
831	2	5	0.000000
832	2	5	0.000000
833	1	3	0.000000
834	1	1	0.000000
835	1	3	0.000000
836	1	3	0.000000
837	1	3	0.000000
838	1	3	0.000000
839	1	3	0.000000
840	1	3	0.000000
841	1	3	0.000000
842	1	2	0.000000
843	1	3	0.000000
844	1	3	0.000000
845	1	1	0.000000
846	1	3	0.000000
847	1	3	0.000000
848	1	3	0.000000
849	1	3	0.000000
850	1	3	0.000000
851	1	3	0.000000
852	1	3	0.000000
853	1	3	0.000000
854	1	3	0.000000
855	1	3	0.000000
856	2	5	0.000000
857	2	5	0.000000
858	2	5	0.000000
859	2	5	0.000000
860	2	0	0.000000
861	2	5	0.000000
862	2	1	0.000000
863	2	4	0.000000
864	2	5	0.000000
865	2	0	0.000000
866	2	5	0.000000
867	2	5	0.000000
868	2	5	0.000000
869	2	5	0.000000
870	2	5	0.000000
871	2	1	0.000000
872	2	1	0.000000
873	2	5	0.000000
874	2	5	0.000000
875	1	3	0.000000
876	1	1	0.000000
877	1	3	0.000000
878	1	3	0.000000
879	1	3	0.000000
880	1	3	0.000000
881	1	3	0.000000
882	1	2	0.000000
883	1	0	0.000000
884	1	3	0.000000
885	1	3	0.000000
886	1	1	0.000000
887	2	5	0.000000
888	2	3	0.000000
889	2	2	0.000000
890	2	5	0.000000
891	2	5	0.000000
892	2	1	0.000000
893	2	5	0.000000
894	2	5	0.000000
895	2	5	0.000000
896	2	4	0.000000
897	2	5	0.000000
898	2	5	0.000000
899	2	4	0.000000
900	2	5	0.000000
901	1	3	0.000000
902	1	3	0.000000
903	1	3	0.000000
904	1	3	0.000000
905	1	3	0.000000
906	1	0	0.000000
907	1	3	0.000000
908	1	3	0.000000
909	1	3	0.000000
910	1	3	0.000000
911	1	3	0.000000
912	1	3	0.000000
913	1	3	0.000000
914	2	5	0.000000
915	2	1	0.000000
916	2	4	0.000000
917	2	1	0.000000
918	2	5	0.000000
919	2	5	0.000000
920	2	5	0.000000
921	2	5	0.000000
922	2	5	0.000000
923	2	5	0.000000
924	2	5	0.000000
925	2	5	0.000000
926	2	5	0.000000
927	2	5	0.000000
928	2	5	0.000000
929	2	5	0.000000
930	1	3	0.000000
931	1	3	0.000000
932	1	3	0.000000
933	1	3	0.000000
934	1	3	0.000000
935	1	3	0.000000
936	1	3	0.000000
937	1	3	0.000000
938	1	3	0.000000
939	1	0	0.000000
940	1	3	0.000000
941	1	3	0.000000
942	1	3	0.000000
943	1	3	0.000000
944	1	3	0.000000
945	1	3	0.000000
946	1	3	0.000000
947	2	0	0.000000
948	2	5	0.000000
949	2	5	0.000000
950	3	1	0.000000
951	3	1	0.000000
952	3	1	0.000000
953	3	1	0.000000
954	3	1	0.000000
955	3	0	0.000000
956	3	1	0.000000
957	3	1	0.000000
958	3	1	0.000000
959	3	1	0.000000
960	3	1	0.000000
961	3	1	0.000000
962	3	1	0.000000
963	3	1	0.000000
964	3	1	0.000000
965	3	1	0.000000
966	3	1	0.000000
967	3	3	0.000000
968	3	1	0.000000
969	3	1	0.000000
970	3	0	0.000000
971	3	0	0.000000
972	3	1	0.000000
973	3	1	0.000000
974	3	1	0.000000
975	3	0	0.000000
976	3	1	0.000000
977	3	0	0.000000
978	3	1	0.000000
979	3	1	0.000000
980	3	1	0.000000
981	4	3	0.000000
982	4	1	0.000000
983	4	1	0.000000
984	3	1	0.000000
985	3	1	0.000000
986	3	1	0.000000
987	3	1	0.000000
988	3	1	0.000000
989	3	1	0.000000
990	3	1	0.000000
991	3	1	0.000000
992	3	1	0.000000
993	3	1	0.000000
994	3	2	0.000000
995	3	1	0.000000
996	3	1	0.000000
997	3	2	0.000000
998	3	1	0.000000
999	3	1	0.000000
1000	3	1	0.000000
1001	3	1	0.000000
1002	3	1	0.000000
1003	3	1	0.000000
1004	3	1	0.000000
1005	3	1	0.000000
1006	3	1	0.000000
1007	3	1	0.000000
1008	3	3	0.000000
1009	3	1	0.000000
1010	3	3	0.000000
1011	3	3	0.000000
1012	3	1	0.000000
1013	3	1	0.000000
1014	3	1	0.000000
1015	3	1	0.000000
1016	3	1	0.000000
1017	3	1	0.000000
1018	3	1	0.000000
1019	3	1	0.000000
1020	3	1	0.000000
1021	3	1	0.000000
1022	3	0	0.000000
1023	3	0	0.000000
1024	3	0	0.000000
1025	3	1	0.000000
1026	3	0	0.000000
1027	2	5	0.000000
1028	2	5	0.000000
1029	2	5	0.000000
1030	2	5	0.000000
1031	2	5	0.000000
1032	2	2	0.000000
1033	2	5	0.000000
1034	2	5	0.000000
1035	2	5	0.000000
1036	2	5	0.000000
1037	2	5	0.000000
1038	2	5	0.000000
1039	2	5	0.000000
1040	1	3	0.000000
1041	1	3	0.000000
1042	1	3	0.000000
1043	1	3	0.000000
1044	1	3	0.000000
1045	1	3	0.000000
1046	1	3	0.000000
1047	1	3	0.000000
1048	1	3	0.000000
1049	1	3	0.000000
1050	1	3	0.000000
1051	1	3	0.000000
1052	1	2	0.000000
1053	1	3	0.000000
1054	1	3	0.000000
1055	1	3	0.000000
1056	1	3	0.000000
1057	2	5	0.000000
1058	2	5	0.000000
1059	2	5	0.000000
1060	2	5	0.000000
1061	3	1	0.000000
1062	3	1	0.000000
1063	3	3	0.000000
1064	3	0	0.000000
1065	3	1	0.000000
1066	3	1	0.000000
1067	3	1	0.000000
1068	3	1	0.000000
1069	3	2	0.000000
1070	2	5	0.000000
1071	2	5	0.000000
1072	2	5	0.000000
1073	2	5	0.000000
1074	2	5	0.000000
1075	2	5	0.000000
1076	2	3	0.000000
1077	2	5	0.000000
1078	2	5	0.000000
1079	2	0	0.000000
1080	2	5	0.000000
1081	1	3	0.000000
1082	1	3	0.000000
1083	1	3	0.000000
1084	1	2	0.000000
1085	1	3	0.000000
1086	1	3	0.000000
1087	1	3	0.000000
1088	1	3	0.000000
1089	1	3	0.000000
1090	1	3	0.000000
1091	1	3	0.000000
1092	1	2	0.000000
1093	1	3	0.000000
1094	1	3	0.000000
1095	1	3	0.000000
1096	1	3	0.000000
1097	1	3	0.000000
1098	2	5	0.000000
1099	2	5	0.000000
1100	2	0	0.000000
1101	2	5	0.000000
1102	2	5	0.000000
1103	2	5	0.000000
1104	3	1	0.000000
1105	3	1	0.000000
1106	4	1	0.000000
1107	4	3	0.000000
1108	4	1	0.000000
1109	4	1	0.000000
1110	3	0	0.000000
1111	3	1	0.000000
1112	3	1	0.000000
1113	3	1	0.000000
1114	4	1	0.000000
1115	4	1	0.000000
1116	4	0	0.000000
1117	4	1	0.000000
1118	4	2	0.000000
1119	4	1	0.000000
1120	4	1	0.000000
1121	4	1	0.000000
1122	4	1	0.000000
1123	4	1	0.000000
1124	4	1	0.000000
1125	4	1	0.000000
1126	4	1	0.000000
1127	4	1	0.000000
1128	4	2	0.000000
1129	4	1	0.000000
1130	4	1	0.000000
1131	4	1	0.000000
1132	4	1	0.000000
1133	4	1	0.000000
1134	4	1	0.000000
1135	4	1	0.000000
1136	4	1	0.000000
1137	4	2	0.000000
1138	4	2	0.000000
1139	4	2	0.000000
1140	4	1	0.000000
1141	4	1	0.000000
1142	4	1	0.000000
1143	4	0	0.000000
1144	4	1	0.000000
1145	4	1	0.000000
1146	4	1	0.000000
1147	4	1	0.000000
1148	4	1	0.000000
1149	4	0	0.000000
1150	4	1	0.000000
1151	4	1	0.000000
1152	4	1	0.000000
1153	4	1	0.000000
1154	4	1	0.000000
1155	3	1	0.000000
1156	4	1	0.000000
1157	4	1	0.000000
1158	3	1	0.000000
1159	3	3	0.000000
1160	3	1	0.000000
1161	3	0	0.000000
1162	3	1	0.000000
1163	3	1	0.000000
1164	3	0	0.000000
1165	3	1	0.000000
1166	3	1	0.000000
1167	3	1	0.000000
1168	3	1	0.000000
1169	3	3	0.000000
1170	3	0	0.000000
1171	3	2	0.000000
1172	3	1	0.000000
1173	3	1	0.000000
1174	3	0	0.000000
1175	3	3	0.000000
1176	3	1	0.000000
1177	3	1	0.000000
1178	3	1	0.000000
1179	3	1	0.000000
1180	3	1	0.000000
1181	3	2	0.000000
1182	3	1	0.000000
1183	3	1	0.000000
1184	2	5	0.000000
1185	2	5	0.000000
1186	2	2	0.000000
1187	2	5	0.000000
1188	2	5	0.000000
1189	2	5	0.000000
1190	2	5	0.000000
1191	2	5	0.000000
1192	2	5	0.000000
1193	2	0	0.000000
1194	2	5	0.000000
1195	2	3	0.000000
1196	2	5	0.000000
1197	1	3	0.000000
1198	1	3	0.000000
1199	1	3	0.000000
1200	1	2	0.000000
1201	1	3	0.000000
1202	1	3	0.000000
1203	1	3	0.000000
1204	1	3	0.000000
1205	1	3	0.000000
1206	1	1	0.000000
1207	1	3	0.000000
1208	2	5	0.000000
1209	2	5	0.000000
1210	2	1	0.000000
1211	2	0	0.000000
1212	2	5	0.000000
1213	2	1	0.000000
1214	2	5	0.000000
1215	2	5	0.000000
1216	2	5	0.000000
1217	2	5	0.000000
1218	2	0	0.000000
1219	2	5	0.000000
1220	2	5	0.000000
1221	2	5	0.000000
1222	2	5	0.000000
1223	2	5	0.000000
1224	2	5	0.000000
1225	2	5	0.000000
1226	2	5	0.000000
1227	2	5	0.000000
1228	2	5	0.000000
1229	2	5	0.000000
1230	2	1	0.000000
1231	2	5	0.000000
1232	2	5	0.000000
1233	1	3	0.000000
1234	1	3	0.000000
1235	1	3	0.000000
1236	1	0	0.000000
1237	1	3	0.000000
1238	1	3	0.000000
1239	1	0	0.000000
1240	1	3	0.000000
1241	1	3	0.000000
1242	1	0	0.000000
1243	1	3	0.000000
1244	1	3	0.000000
1245	1	3	0.000000
1246	2	5	0.000000
1247	2	5	0.000000
1248	2	5	0.000000
1249	2	5	0.000000
1250	2	3	0.000000
1251	2	5	0.000000
1252	3	0	0.000000
1253	3	1	0.000000
1254	3	1	0.000000
1255	3	2	0.000000
1256	3	1	0.000000
1257	3	1	0.000000
1258	3	3	0.000000
1259	3	1	0.000000
1260	3	1	0.000000
1261	3	0	0.000000
1262	3	1	0.000000
1263	3	1	0.000000
1264	3	1	0.000000
1265	3	0	0.000000
1266	3	2	0.000000
1267	3	1	0.000000
1268	3	1	0.000000
1269	3	1	0.000000
1270	3	1	0.000000
1271	3	1	0.000000
1272	3	1	0.000000
1273	3	3	0.000000
1274	3	1	0.000000
1275	3	1	0.000000
1276	3	1	0.000000
1277	3	1	0.000000
1278	3	1	0.000000
1279	3	1	0.000000
1280	3	3	0.000000
1281	3	1	0.000000
1282	3	1	0.000000
1283	3	1	0.000000
1284	3	3	0.000000
1285	3	1	0.000000
1286	3	1	0.000000
1287	3	3	0.000000
1288	3	1	0.000000
1289	3	1	0.000000
1290	3	1	0.000000
1291	3	1	0.000000
1292	3	1	0.000000
1293	3	1	0.000000
1294	3	1	0.000000
1295	3	1	0.000000
1296	3	1	0.000000
1297	3	1	0.000000
1298	4	1	0.000000
1299	4	1	0.000000
1300	4	1	0.000000
1301	4	1	0.000000
1302	4	1	0.000000
1303	4	1	0.000000
1304	4	1	0.000000
1305	3	1	0.000000
1306	4	3	0.000000
1307	3	1	0.000000
1308	3	1	0.000000
1309	3	1	0.000000
1310	3	1	0.000000
1311	3	1	0.000000
1312	3	1	0.000000
1313	3	1	0.000000
1314	3	1	0.000000
1315	3	1	0.000000
1316	3	1	0.000000
1317	3	1	0.000000
1318	3	1	0.000000
1319	3	1	0.000000
1320	3	1	0.000000
1321	3	1	0.000000
1322	3	0	0.000000
1323	3	1	0.000000
1324	3	1	0.000000
1325	3	1	0.000000
1326	3	1	0.000000
1327	3	1	0.000000
1328	3	1	0.000000
1329	3	1	0.000000
1330	3	1	0.000000
1331	3	1	0.000000
1332	3	1	0.000000
1333	3	1	0.000000
1334	3	1	0.000000
1335	3	1	0.000000
1336	3	1	0.000000
1337	3	1	0.000000
1338	3	1	0.000000
1339	3	1	0.000000
1340	3	1	0.000000
1341	3	1	0.000000
1342	3	1	0.000000
1343	3	1	0.000000
1344	3	3	0.000000
1345	3	1	0.000000
1346	3	2	0.000000
1347	3	1	0.000000
1348	3	1	0.000000
1349	3	1	0.000000
1350	3	1	0.000000
1351	2	5	0.000000
1352	2	4	0.000000
1353	2	5	0.000000
1354	2	5	0.000000
1355	2	5	0.000000
1356	2	5	0.000000
1357	2	5	0.000000
1358	2	5	0.000000
1359	2	5	0.000000
1360	2	5	0.000000
1361	2	5	0.000000
1362	2	5	0.000000
1363	1	3	0.000000
1364	1	3	0.000000
1365	1	3	0.000000
1366	2	5	0.000000
1367	2	5	0.000000
1368	1	3	0.000000
1369	1	3	0.000000
1370	1	3	0.000000
1371	1	3	0.000000
1372	1	3	0.000000
1373	1	3	0.000000
1374	1	3	0.000000
1375	1	3	0.000000
1376	1	3	0.000000
1377	1	3	0.000000
1378	1	0	0.000000
1379	1	3	0.000000
1380	1	2	0.000000
1381	1	3	0.000000
1382	1	3	0.000000
1383	1	3	0.000000
1384	1	3	0.000000
1385	1	3	0.000000
1386	2	5	0.000000
1387	2	5	0.000000
1388	2	2	0.000000
1389	2	5	0.000000
1390	2	3	0.000000
1391	2	5	0.000000
1392	2	5	0.000000
1393	2	3	0.000000
1394	2	5	0.000000
1395	2	5	0.000000
1396	2	5	0.000000
1397	1	3	0.000000
1398	1	2	0.000000
1399	1	3	0.000000
1400	1	3	0.000000
1401	1	3	0.000000
1402	1	3	0.000000
1403	1	2	0.000000
1404	1	3	0.000000
1405	1	3	0.000000
1406	1	3	0.000000
1407	1	3	0.000000
1408	1	3	0.000000
1409	1	3	0.000000
1410	1	3	0.000000
1411	1	3	0.000000
1412	1	3	0.000000
1413	1	0	0.000000
1414	1	3	0.000000
1415	1	3	0.000000
1416	1	3	0.000000
1417	1	2	0.000000
1418	1	3	0.000000
1419	1	3	0.000000
1420	1	3	0.000000
1421	1	3	0.000000
1422	1	3	0.000000
1423	1	3	0.000000
1424	1	3	0.000000
1425	1	3	0.000000
1426	1	3	0.000000
1427	1	3	0.000000
1428	1	3	0.000000
1429	1	1	0.000000
1430	1	3	0.000000
1431	1	3	0.000000
1432	1	3	0.000000
1433	1	3	0.000000
1434	1	1	0.000000
1435	1	3	0.000000
1436	1	0	0.000000
1437	1	3	0.000000
1438	1	2	0.000000
1439	1	3	0.000000
1440	1	3	0.000000
1441	1	3	0.000000
1442	1	3	0.000000
1443	1	3	0.000000
1444	1	3	0.000000
1445	1	3	0.000000
1446	1	2	0.000000
1447	1	3	0.000000
1448	1	0	0.000000
1449	1	3	0.000000
1450	1	3	0.000000
1451	1	0	0.000000
1452	1	3	0.000000
1453	1	0	0.000000
1454	1	3	0.000000
1455	1	3	0.000000
1456	1	3	0.000000
1457	1	3	0.000000
1458	1	3	0.000000
1459	1	3	0.000000
1460	1	3	0.000000
1461	1	3	0.000000
1462	1	3	0.000000
1463	1	3	0.000000
1464	1	3	0.000000
1465	1	3	0.000000
1466	1	3	0.000000
1467	1	3	0.000000
1468	1	3	0.000000
1469	1	3	0.000000
1470	1	3	0.000000
1471	1	3	0.000000
1472	1	2	0.000000
1473	1	3	0.000000
1474	1	3	0.000000
1475	1	3	0.000000
1476	1	3	0.000000
1477	1	3	0.000000
1478	1	3	0.000000
1479	1	3	0.000000
1480	1	3	0.000000
1481	1	2	0.000000
1482	1	3	0.000000
1483	1	3	0.000000
1484	1	3	0.000000
1485	1	3	0.000000
1486	1	3	0.000000
1487	1	3	0.000000
1488	1	3	0.000000
1489	1	3	0.000000
1490	1	3	0.000000
1491	1	1	0.000000
1492	1	3	0.000000
1493	1	3	0.000000
1494	1	3	0.000000
1495	1	3	0.000000
1496	1	3	0.000000
1497	1	3	0.000000
1498	1	3	0.000000
1499	1	3	0.000000
1500	1	2	0.000000
1501	1	3	0.000000
1502	1	3	0.000000
1503	1	3	0.000000
1504	1	3	0.000000
1505	1	3	0.000000
1506	1	0	0.000000
1507	1	3	0.000000
1508	1	3	0.000000
1509	1	1	0.000000
1510	1	3	0.000000
1511	1	3	0.000000
1512	1	0	0.000000
1513	1	3	0.000000
1514	1	3	0.000000
1515	1	3	0.000000
1516	1	3	0.000000
1517	1	3	0.000000
1518	1	2	0.000000
1519	1	3	0.000000
1520	1	3	0.000000
1521	1	0	0.000000
1522	1	3	0.000000
1523	1	3	0.000000
1524	1	3	0.000000
1525	1	3	0.000000
1526	1	3	0.000000
1527	1	3	0.000000
1528	1	3	0.000000
1529	1	3	0.000000
1530	1	3	0.000000
1531	1	3	0.000000
1532	1	3	0.000000
1533	1	3	0.000000
1534	1	3	0.000000
1535	1	3	0.000000
1536	1	3	0.000000
1537	1	3	0.000000
1538	1	1	0.000000
1539	1	1	0.000000
1540	1	3	0.000000
1541	1	3	0.000000
1542	1	3	0.000000
1543	1	3	0.000000
1544	1	3	0.000000
1545	1	3	0.000000
1546	1	3	0.000000
1547	1	3	0.000000
1548	1	3	0.000000
1549	1	3	0.000000
1550	1	3	0.000000
1551	1	1	0.000000
1552	1	3	0.000000
1553	1	2	0.000000
1554	1	3	0.000000
1555	1	3	0.000000
1556	1	2	0.000000
1557	1	3	0.000000
1558	1	0	0.000000
1559	1	3	0.000000
1560	1	3	0.000000
1561	1	3	0.000000
1562	1	3	0.000000
1563	1	3	0.000000
1564	1	3	0.000000
1565	1	3	0.000000
1566	1	0	0.000000
1567	1	3	0.000000
1568	1	3	0.000000
1569	1	3	0.000000
1570	1	3	0.000000
1571	1	3	0.000000
1572	1	3	0.000000
1573	1	3	0.000000
1574	1	3	0.000000
1575	1	0	0.000000
1576	1	3	0.000000
1577	1	3	0.000000
1578	1	3	0.000000
1579	1	3	0.000000
1580	1	3	0.000000
1581	1	3	0.000000
1582	1	3	0.000000
1583	1	0	0.000000
1584	1	3	0.000000
1585	1	3	0.000000
1586	1	3	0.000000
1587	1	3	0.000000
1588	1	0	0.000000
1589	1	3	0.000000
1590	1	3	0.000000
1591	1	3	0.000000
1592	1	3	0.000000
1593	1	3	0.000000
1594	1	3	0.000000
1595	1	3	0.000000
1596	1	3	0.000000
1597	1	0	0.000000
1598	1	3	0.000000
1599	1	1	0.000000
1600	1	3	0.000000
1601	1	3	0.000000
1602	1	3	0.000000
1603	1	3	0.000000
1604	1	0	0.000000
1605	1	3	0.000000
1606	2	5	0.000000
1607	2	5	0.000000
1608	2	5	0.000000
1609	2	5	0.000000
1610	2	5	0.000000
1611	2	5	0.000000
1612	2	5	0.000000
1613	3	0	0.000000
1614	3	3	0.000000
1615	3	1	0.000000
1616	3	1	0.000000
1617	3	3	0.000000
1618	3	1	0.000000
1619	2	5	0.000000
1620	2	1	0.000000
1621	3	1	0.000000
1622	3	1	0.000000
1623	3	1	0.000000
1624	3	1	0.000000
1625	3	1	0.000000
1626	3	1	0.000000
1627	3	0	0.000000
1628	3	1	0.000000
1629	3	1	0.000000
1630	3	1	0.000000
1631	3	1	0.000000
1632	2	2	0.000000
1633	3	1	0.000000
1634	3	1	0.000000
1635	2	0	0.000000
1636	2	2	0.000000
1637	2	5	0.000000
1638	2	5	0.000000
1639	2	5	0.000000
1640	2	5	0.000000
1641	2	5	0.000000
1642	2	3	0.000000
1643	2	5	0.000000
1644	2	5	0.000000
1645	2	5	0.000000
1646	2	5	0.000000
1647	2	5	0.000000
1648	2	5	0.000000
1649	2	5	0.000000
1650	2	5	0.000000
1651	2	5	0.000000
1652	2	0	0.000000
1653	2	5	0.000000
1654	2	5	0.000000
1655	1	3	0.000000
1656	1	3	0.000000
1657	1	3	0.000000
1658	1	3	0.000000
1659	1	3	0.000000
1660	1	2	0.000000
1661	1	3	0.000000
1662	1	3	0.000000
1663	1	3	0.000000
1664	1	3	0.000000
1665	1	3	0.000000
1666	1	3	0.000000
1667	1	3	0.000000
1668	1	3	0.000000
1669	2	5	0.000000
1670	2	5	0.000000
1671	2	4	0.000000
1672	2	2	0.000000
1673	2	5	0.000000
1674	2	5	0.000000
1675	3	1	0.000000
1676	3	3	0.000000
1677	3	1	0.000000
1678	3	1	0.000000
1679	3	1	0.000000
1680	3	1	0.000000
1681	3	1	0.000000
1682	2	3	0.000000
1683	2	5	0.000000
1684	2	5	0.000000
1685	2	3	0.000000
1686	2	2	0.000000
1687	2	5	0.000000
1688	2	5	0.000000
1689	2	5	0.000000
1690	2	5	0.000000
1691	2	5	0.000000
1692	2	5	0.000000
1693	2	4	0.000000
1694	2	5	0.000000
1695	2	5	0.000000
1696	2	5	0.000000
1697	2	5	0.000000
1698	2	5	0.000000
1699	2	5	0.000000
1700	2	5	0.000000
1701	2	1	0.000000
1702	2	5	0.000000
1703	2	5	0.000000
1704	2	1	0.000000
1705	2	5	0.000000
1706	2	5	0.000000
1707	2	5	0.000000
1708	3	1	0.000000
1709	3	2	0.000000
1710	3	1	0.000000
1711	3	1	0.000000
1712	3	1	0.000000
1713	3	1	0.000000
1714	3	2	0.000000
1715	3	1	0.000000
1716	3	0	0.000000
1717	3	1	0.000000
1718	3	1	0.000000
1719	3	1	0.000000
1720	3	1	0.000000
1721	3	1	0.000000
1722	3	0	0.000000
1723	3	2	0.000000
1724	3	0	0.000000
1725	3	1	0.000000
1726	3	1	0.000000
1727	3	1	0.000000
1728	3	1	0.000000
1729	3	1	0.000000
1730	3	1	0.000000
1731	3	1	0.000000
1732	3	3	0.000000
1733	3	2	0.000000
1734	3	1	0.000000
1735	3	1	0.000000
1736	3	1	0.000000
1737	3	1	0.000000
1738	3	3	0.000000
1739	3	3	0.000000
1740	3	1	0.000000
1741	3	1	0.000000
1742	3	1	0.000000
1743	3	1	0.000000
1744	3	2	0.000000
1745	3	1	0.000000
1746	3	1	0.000000
1747	3	1	0.000000
1748	3	1	0.000000
1749	3	0	0.000000
1750	3	1	0.000000
1751	3	1	0.000000
1752	3	1	0.000000
1753	3	1	0.000000
1754	3	1	0.000000
1755	3	1	0.000000
1756	3	3	0.000000
1757	3	0	0.000000
1758	3	1	0.000000
1759	3	1	0.000000
1760	3	1	0.000000
1761	3	1	0.000000
1762	3	1	0.000000
1763	3	2	0.000000
1764	3	1	0.000000
1765	3	2	0.000000
1766	3	1	0.000000
1767	3	1	0.000000
1768	3	1	0.000000
1769	3	1	0.000000
1770	3	2	0.000000
1771	3	1	0.000000
1772	3	1	0.000000
1773	3	1	0.000000
1774	3	0	0.000000
1775	3	1	0.000000
1776	3	1	0.000000
1777	3	1	0.000000
1778	3	1	0.000000
1779	3	1	0.000000
1780	3	1	0.000000
1781	3	1	0.000000
1782	3	1	0.000000
1783	3	1	0.000000
1784	3	1	0.000000
1785	3	1	0.000000
1786	3	1	0.000000
1787	3	1	0.000000
1788	3	1	0.000000
1789	3	1	0.000000
1790	3	2	0.000000
1791	3	2	0.000000
1792	3	1	0.000000
1793	3	1	0.000000
1794	3	1	0.000000
1795	3	1	0.000000
1796	3	2	0.000000
1797	3	1	0.000000
1798	3	1	0.000000
1799	3	1	0.000000
1800	3	1	0.000000
1801	3	1	0.000000
1802	3	1	0.000000
1803	3	1	0.000000
1804	3	1	0.000000
1805	3	2	0.000000
1806	3	1	0.000000
1807	3	1	0.000000
1808	3	1	0.000000
1809	3	1	0.000000
1810	3	2	0.000000
1811	3	1	0.000000
1812	3	1	0.000000
1813	3	1	0.000000
1814	3	1	0.000000
1815	3	1	0.000000
1816	3	1	0.000000
1817	3	1	0.000000
1818	3	2	0.000000
1819	3	1	0.000000
1820	3	1	0.000000
1821	3	1	0.000000
1822	3	1	0.000000
1823	3	1	0.000000
1824	3	1	0.000000
1825	3	1	0.000000
1826	3	1	0.000000
1827	3	1	0.000000
1828	3	1	0.000000
1829	3	1	0.000000
1830	3	1	0.000000
1831	3	1	0.000000
1832	3	1	0.000000
1833	3	0	0.000000
1834	3	1	0.000000
1835	3	1	0.000000
1836	3	1	0.000000
1837	3	1	0.000000
1838	3	1	0.000000
1839	3	1	0.000000
1840	3	1	0.000000
1841	3	1	0.000000
1842	3	1	0.000000
1843	3	1	0.000000
1844	3	1	0.000000
1845	3	1	0.000000
1846	3	1	0.000000
1847	3	1	0.000000
1848	3	1	0.000000
1849	3	1	0.000000
1850	2	5	0.000000
1851	2	5	0.000000
1852	2	5	0.000000
1853	2	5	0.000000
1854	2	5	0.000000
1855	2	5	0.000000
1856	2	5	0.000000
1857	2	5	0.000000
1858	2	3	0.000000
1859	2	5	0.000000
1860	1	3	0.000000
1861	1	1	0.000000
1862	2	5	0.000000
1863	2	1	0.000000
1864	1	3	0.000000
1865	1	0	0.000000
1866	1	3	0.000000
1867	1	3	0.000000
1868	1	3	0.000000
1869	1	3	0.000000
1870	1	3	0.000000
1871	1	3	0.000000
1872	2	2	0.000000
1873	2	5	0.000000
1874	2	5	0.000000
1875	2	5	0.000000
1876	2	5	0.000000
1877	2	4	0.000000
1878	2	5	0.000000
1879	1	3	0.000000
1880	2	5	0.000000
1881	2	5	0.000000
1882	2	5	0.000000
1883	2	5	0.000000
1884	2	5	0.000000
1885	2	5	0.000000
1886	2	5	0.000000
1887	1	3	0.000000
1888	1	3	0.000000
1889	1	3	0.000000
1890	1	3	0.000000
1891	1	2	0.000000
1892	1	3	0.000000
1893	1	3	0.000000
1894	1	2	0.000000
1895	1	1	0.000000
1896	1	3	0.000000
1897	1	1	0.000000
1898	1	3	0.000000
1899	1	3	0.000000
1900	1	3	0.000000
1901	2	5	0.000000
1902	2	3	0.000000
1903	1	3	0.000000
1904	1	3	0.000000
1905	1	3	0.000000
1906	1	3	0.000000
1907	1	3	0.000000
1908	1	3	0.000000
1909	1	3	0.000000
1910	1	2	0.000000
1911	1	0	0.000000
1912	1	3	0.000000
1913	2	1	0.000000
1914	2	5	0.000000
1915	2	4	0.000000
1916	2	5	0.000000
1917	2	5	0.000000
1918	2	5	0.000000
1919	2	3	0.000000
1920	2	5	0.000000
1921	2	5	0.000000
1922	3	1	0.000000
1923	3	1	0.000000
1924	2	2	0.000000
1925	2	5	0.000000
1926	2	5	0.000000
1927	2	2	0.000000
1928	2	5	0.000000
1929	2	5	0.000000
1930	2	5	0.000000
1931	2	1	0.000000
1932	2	5	0.000000
1933	2	5	0.000000
1934	2	5	0.000000
1935	2	5	0.000000
1936	2	5	0.000000
1937	2	5	0.000000
1938	2	5	0.000000
1939	2	1	0.000000
1940	1	3	0.000000
1941	1	3	0.000000
1942	1	1	0.000000
1943	1	3	0.000000
1944	1	3	0.000000
1945	1	1	0.000000
1946	1	3	0.000000
1947	1	3	0.000000
1948	1	3	0.000000
1949	1	3	0.000000
1950	1	3	0.000000
1951	1	3	0.000000
1952	1	3	0.000000
1953	1	3	0.000000
1954	1	3	0.000000
1955	1	3	0.000000
1956	1	3	0.000000
1957	1	3	0.000000
1958	1	3	0.000000
1959	1	2	0.000000
1960	1	3	0.000000
1961	1	3	0.000000
1962	1	3	0.000000
1963	1	0	0.000000
1964	2	5	0.000000
1965	2	5	0.000000
1966	2	5	0.000000
1967	2	5	0.000000
1968	2	4	0.000000
1969	2	3	0.000000
1970	3	1	0.000000
1971	3	1	0.000000
1972	3	1	0.000000
1973	3	1	0.000000
1974	3	1	0.000000
1975	2	5	0.000000
1976	2	5	0.000000
1977	2	5	0.000000
1978	2	5	0.000000
1979	2	5	0.000000
1980	2	5	0.000000
1981	2	5	0.000000
1982	2	2	0.000000
1983	2	5	0.000000
1984	2	5	0.000000
1985	2	5	0.000000
1986	2	5	0.000000
1987	2	5	0.000000
1988	1	3	0.000000
1989	1	3	0.000000
1990	1	3	0.000000
1991	1	3	0.000000
1992	1	3	0.000000
1993	1	3	0.000000
1994	1	3	0.000000
1995	1	3	0.000000
1996	1	3	0.000000
1997	1	3	0.000000
1998	1	3	0.000000
1999	1	3	0.000000
2000	1	3	0.000000
2001	1	3	0.000000
2002	1	1	0.000000
2003	1	3	0.000000
2004	1	3	0.000000
2005	1	0	0.000000
2006	1	3	0.000000
2007	1	3	0.000000
2008	2	5	0.000000
2009	2	5	0.000000
2010	2	5	0.000000
2011	2	5	0.000000
2012	2	5	0.000000
2013	2	4	0.000000
2014	2	5	0.000000
2015	2	5	0.000000
2016	2	5	0.000000
2017	2	4	0.000000
2018	2	5	0.000000
2019	2	5	0.000000
2020	1	3	0.000000
2021	1	1	0.000000
2022	1	3	0.000000
2023	1	3	0.000000
2024	1	3	0.000000
2025	1	3	0.000000
2026	1	3	0.000000
2027	1	3	0.000000
2028	1	2	0.000000
2029	1	3	0.000000
2030	1	3	0.000000
2031	1	3	0.000000
2032	1	3	0.000000
2033	1	2	0.000000
2034	1	3	0.000000
2035	1	0	0.000000
2036	1	3	0.000000
2037	1	3	0.000000
2038	2	5	0.000000
2039	2	5	0.000000
2040	2	5	0.000000
2041	2	5	0.000000
2042	2	4	0.000000
2043	2	3	0.000000
2044	3	1	0.000000
2045	3	0	0.000000
2046	3	1	0.000000
2047	3	1	0.000000
2048	3	1	0.000000
2049	2	3	0.000000
2050	3	3	0.000000
2051	3	1	0.000000
2052	2	5	0.000000
2053	2	5	0.000000
2054	2	5	0.000000
2055	2	5	0.000000
2056	2	5	0.000000
2057	2	4	0.000000
2058	2	5	0.000000
2059	2	0	0.000000
2060	2	5	0.000000
2061	2	5	0.000000
2062	2	5	0.000000
2063	1	3	0.000000
2064	1	3	0.000000
2065	1	3	0.000000
2066	1	2	0.000000
2067	1	3	0.000000
2068	1	1	0.000000
2069	1	3	0.000000
2070	1	0	0.000000
2071	1	0	0.000000
2072	1	3	0.000000
2073	1	3	0.000000
2074	1	3	0.000000
2075	1	3	0.000000
2076	1	3	0.000000
2077	1	3	0.000000
2078	1	3	0.000000
2079	1	3	0.000000
2080	1	3	0.000000
2081	1	3	0.000000
2082	1	3	0.000000
2083	1	3	0.000000
2084	1	3	0.000000
2085	1	3	0.000000
2086	1	3	0.000000
2087	1	3	0.000000
2088	2	5	0.000000
2089	2	5	0.000000
2090	2	4	0.000000
2091	2	5	0.000000
2092	2	5	0.000000
2093	2	5	0.000000
2094	2	5	0.000000
2095	3	1	0.000000
2096	3	3	0.000000
2097	3	1	0.000000
2098	3	1	0.000000
2099	2	3	0.000000
2100	2	0	0.000000
2101	2	5	0.000000
2102	2	5	0.000000
2103	2	5	0.000000
2104	2	4	0.000000
2105	2	5	0.000000
2106	2	5	0.000000
2107	2	2	0.000000
2108	2	5	0.000000
2109	2	5	0.000000
2110	2	5	0.000000
2111	1	3	0.000000
2112	2	5	0.000000
2113	1	2	0.000000
2114	1	3	0.000000
2115	1	1	0.000000
2116	1	3	0.000000
2117	1	3	0.000000
2118	1	3	0.000000
2119	1	1	0.000000
2120	1	3	0.000000
2121	1	3	0.000000
2122	1	3	0.000000
2123	1	3	0.000000
2124	1	2	0.000000
2125	1	2	0.000000
2126	1	3	0.000000
2127	1	2	0.000000
2128	1	3	0.000000
2129	1	3	0.000000
2130	1	3	0.000000
2131	2	5	0.000000
2132	2	0	0.000000
2133	2	5	0.000000
2134	2	5	0.000000
2135	2	5	0.000000
2136	3	1	0.000000
2137	3	1	0.000000
2138	3	3	0.000000
2139	3	1	0.000000
2140	3	1	0.000000
2141	3	1	0.000000
2142	3	1	0.000000
2143	3	1	0.000000
2144	4	2	0.000000
2145	4	1	0.000000
2146	4	1	0.000000
2147	4	1	0.000000
2148	4	1	0.000000
2149	4	1	0.000000
2150	3	1	0.000000
2151	3	1	0.000000
2152	4	1	0.000000
2153	4	1	0.000000
2154	3	1	0.000000
2155	3	1	0.000000
2156	3	0	0.000000
2157	3	1	0.000000
2158	3	1	0.000000
2159	3	1	0.000000
2160	3	1	0.000000
2161	3	1	0.000000
2162	3	2	0.000000
2163	3	1	0.000000
2164	3	1	0.000000
2165	3	1	0.000000
2166	3	1	0.000000
2167	3	2	0.000000
2168	3	1	0.000000
2169	3	1	0.000000
2170	3	1	0.000000
2171	3	1	0.000000
2172	3	1	0.000000
2173	3	3	0.000000
2174	3	0	0.000000
2175	3	1	0.000000
2176	3	2	0.000000
2177	3	1	0.000000
2178	3	1	0.000000
2179	3	1	0.000000
2180	3	2	0.000000
2181	3	1	0.000000
2182	3	1	0.000000
2183	3	1	0.000000
2184	3	1	0.000000
2185	3	1	0.000000
2186	3	1	0.000000
2187	4	1	0.000000
2188	3	1	0.000000
2189	3	3	0.000000
2190	3	1	0.000000
2191	3	1	0.000000
2192	3	1	0.000000
2193	3	1	0.000000
2194	3	1	0.000000
2195	3	1	0.000000
2196	3	1	0.000000
2197	3	1	0.000000
2198	3	2	0.000000
2199	3	1	0.000000
2200	3	1	0.000000
2201	3	1	0.000000
2202	3	1	0.000000
2203	3	1	0.000000
2204	3	1	0.000000
2205	3	1	0.000000
2206	3	1	0.000000
2207	3	1	0.000000
2208	3	2	0.000000
2209	3	1	0.000000
2210	3	1	0.000000
2211	3	1	0.000000
2212	3	1	0.000000
2213	3	1	0.000000
2214	3	1	0.000000
2215	3	1	0.000000
2216	3	2	0.000000
2217	3	1	0.000000
2218	3	1	0.000000
2219	3	2	0.000000
2220	3	1	0.000000
2221	3	1	0.000000
2222	3	1	0.000000
2223	3	1	0.000000
2224	3	1	0.000000
2225	3	1	0.000000
2226	3	1	0.000000
2227	3	1	0.000000
2228	3	1	0.000000
2229	3	1	0.000000
2230	3	1	0.000000
2231	3	1	0.000000
2232	3	0	0.000000
2233	3	1	0.000000
2234	3	0	0.000000
2235	3	1	0.000000
2236	3	1	0.000000
2237	3	0	0.000000
2238	3	2	0.000000
2239	3	1	0.000000
2240	3	1	0.000000
2241	3	1	0.000000
2242	3	1	0.000000
2243	3	1	0.000000
2244	3	1	0.000000
2245	3	1	0.000000
2246	3	1	0.000000
2247	3	1	0.000000
2248	3	2	0.000000
2249	3	1	0.000000
2250	3	1	0.000000
2251	3	1	0.000000
2252	3	1	0.000000
2253	3	3	0.000000
2254	3	0	0.000000
2255	3	1	0.000000
2256	3	3	0.000000
2257	3	1	0.000000
2258	3	1	0.000000
2259	2	3	0.000000
2260	2	3	0.000000
2261	2	5	0.000000
2262	2	5	0.000000
2263	2	5	0.000000
2264	2	1	0.000000
2265	2	5	0.000000
2266	2	2	0.000000
2267	2	5	0.000000
2268	2	5	0.000000
2269	2	5	0.000000
2270	2	1	0.000000
2271	2	5	0.000000
2272	2	2	0.000000
2273	2	5	0.000000
2274	2	5	0.000000
2275	2	5	0.000000
2276	2	5	0.000000
2277	2	5	0.000000
2278	1	3	0.000000
2279	1	3	0.000000
2280	1	3	0.000000
2281	2	5	0.000000
2282	2	3	0.000000
2283	2	5	0.000000
2284	2	5	0.000000
2285	2	0	0.000000
2286	2	5	0.000000
2287	2	1	0.000000
2288	2	5	0.000000
2289	2	5	0.000000
2290	2	5	0.000000
2291	2	5	0.000000
2292	2	5	0.000000
2293	2	5	0.000000
2294	2	5	0.000000
2295	2	1	0.000000
2296	1	3	0.000000
2297	1	3	0.000000
2298	1	3	0.000000
2299	2	5	0.000000
2300	2	5	0.000000
2301	2	5	0.000000
2302	2	5	0.000000
2303	2	5	0.000000
2304	2	5	0.000000
2305	2	4	0.000000
2306	2	5	0.000000
2307	2	5	0.000000
2308	2	5	0.000000
2309	2	5	0.000000
2310	2	5	0.000000
2311	2	0	0.000000
2312	2	5	0.000000
2313	2	3	0.000000
2314	2	3	0.000000
2315	2	5	0.000000
2316	2	4	0.000000
2317	2	5	0.000000
2318	2	5	0.000000
2319	2	5	0.000000
2320	2	5	0.000000
2321	3	1	0.000000
2322	3	0	0.000000
2323	3	1	0.000000
2324	3	1	0.000000
2325	3	1	0.000000
2326	2	5	0.000000
2327	2	5	0.000000
2328	2	5	0.000000
2329	2	2	0.000000
2330	2	3	0.000000
2331	2	5	0.000000
2332	2	5	0.000000
2333	2	5	0.000000
2334	2	5	0.000000
2335	2	5	0.000000
2336	2	5	0.000000
2337	2	5	0.000000
2338	2	5	0.000000
2339	2	0	0.000000
2340	2	5	0.000000
2341	2	5	0.000000
2342	1	3	0.000000
2343	1	3	0.000000
2344	1	3	0.000000
2345	1	3	0.000000
2346	1	3	0.000000
2347	1	3	0.000000
2348	1	3	0.000000
2349	1	3	0.000000
2350	1	3	0.000000
2351	1	3	0.000000
2352	1	3	0.000000
2353	1	3	0.000000
2354	1	3	0.000000
2355	1	3	0.000000
2356	2	5	0.000000
2357	2	5	0.000000
2358	2	5	0.000000
2359	2	3	0.000000
2360	2	5	0.000000
2361	2	5	0.000000
2362	2	2	0.000000
2363	2	5	0.000000
2364	3	1	0.000000
2365	3	1	0.000000
2366	2	5	0.000000
2367	2	5	0.000000
2368	2	2	0.000000
2369	2	5	0.000000
2370	2	5	0.000000
2371	2	0	0.000000
2372	2	5	0.000000
2373	2	5	0.000000
2374	2	5	0.000000
2375	2	5	0.000000
2376	2	5	0.000000
2377	2	5	0.000000
2378	2	5	0.000000
2379	2	5	0.000000
2380	2	1	0.000000
2381	2	5	0.000000
2382	1	3	0.000000
2383	1	3	0.000000
2384	1	3	0.000000
2385	1	3	0.000000
2386	1	3	0.000000
2387	1	0	0.000000
2388	1	0	0.000000
2389	1	3	0.000000
2390	1	3	0.000000
2391	1	1	0.000000
2392	1	3	0.000000
2393	1	3	0.000000
2394	1	3	0.000000
2395	2	1	0.000000
2396	2	5	0.000000
2397	2	5	0.000000
2398	2	5	0.000000
2399	2	3	0.000000
2400	2	5	0.000000
2401	2	3	0.000000
2402	2	5	0.000000
2403	2	5	0.000000
2404	2	0	0.000000
2405	2	5	0.000000
2406	2	5	0.000000
2407	2	5	0.000000
2408	2	5	0.000000
2409	1	3	0.000000
2410	1	3	0.000000
2411	1	0	0.000000
2412	1	3	0.000000
2413	1	3	0.000000
2414	1	2	0.000000
2415	1	2	0.000000
2416	1	3	0.000000
2417	1	0	0.000000
2418	1	3	0.000000
2419	1	3	0.000000
2420	1	3	0.000000
2421	2	5	0.000000
2422	2	5	0.000000
2423	2	5	0.000000
2424	2	5	0.000000
2425	2	5	0.000000
2426	2	5	0.000000
2427	2	4	0.000000
2428	2	4	0.000000
2429	2	5	0.000000
2430	2	5	0.000000
2431	2	5	0.000000
2432	2	4	0.000000
2433	2	5	0.000000
2434	2	5	0.000000
2435	2	5	0.000000
2436	2	5	0.000000
2437	2	5	0.000000
2438	2	5	0.000000
2439	2	5	0.000000
2440	2	5	0.000000
2441	2	5	0.000000
2442	2	5	0.000000
2443	2	5	0.000000
2444	2	5	0.000000
2445	2	5	0.000000
2446	2	5	0.000000
2447	2	5	0.000000
2448	2	5	0.000000
2449	2	5	0.000000
2450	2	3	0.000000
2451	2	5	0.000000
2452	2	5	0.000000
2453	2	1	0.000000
2454	2	4	0.000000
2455	2	3	0.000000
2456	2	5	0.000000
2457	2	5	0.000000
2458	2	5	0.000000
2459	2	5	0.000000
2460	2	5	0.000000
2461	2	5	0.000000
2462	2	5	0.000000
2463	2	1	0.000000
2464	2	5	0.000000
2465	2	5	0.000000
2466	1	3	0.000000
2467	1	3	0.000000
2468	1	3	0.000000
2469	1	3	0.000000
2470	1	3	0.000000
2471	1	3	0.000000
2472	1	3	0.000000
2473	1	3	0.000000
2474	1	3	0.000000
2475	1	3	0.000000
2476	1	3	0.000000
2477	1	3	0.000000
2478	1	3	0.000000
2479	1	3	0.000000
2480	2	5	0.000000
2481	2	5	0.000000
2482	2	0	0.000000
2483	2	5	0.000000
2484	2	5	0.000000
2485	2	5	0.000000
2486	2	5	0.000000
2487	2	5	0.000000
2488	2	5	0.000000
2489	2	5	0.000000
2490	2	4	0.000000
2491	2	0	0.000000
2492	2	5	0.000000
2493	2	5	0.000000
2494	2	5	0.000000
2495	2	5	0.000000
2496	2	5	0.000000
2497	2	5	0.000000
2498	2	5	0.000000
2499	2	5	0.000000
2500	2	5	0.000000
2501	2	2	0.000000
2502	2	0	0.000000
2503	2	5	0.000000
2504	2	5	0.000000
2505	1	1	0.000000
2506	1	0	0.000000
2507	1	3	0.000000
2508	1	3	0.000000
2509	1	3	0.000000
2510	1	3	0.000000
2511	1	3	0.000000
2512	1	0	0.000000
2513	1	3	0.000000
2514	1	3	0.000000
2515	1	0	0.000000
2516	1	3	0.000000
2517	1	3	0.000000
2518	1	3	0.000000
2519	1	0	0.000000
2520	1	3	0.000000
2521	1	3	0.000000
2522	2	5	0.000000
2523	2	5	0.000000
2524	2	5	0.000000
2525	2	5	0.000000
2526	2	1	0.000000
2527	2	5	0.000000
2528	2	4	0.000000
2529	2	0	0.000000
2530	2	5	0.000000
2531	2	5	0.000000
2532	2	4	0.000000
2533	2	5	0.000000
2534	2	4	0.000000
2535	2	5	0.000000
2536	2	5	0.000000
2537	2	2	0.000000
2538	2	5	0.000000
2539	2	2	0.000000
2540	2	5	0.000000
2541	2	5	0.000000
2542	2	5	0.000000
2543	2	5	0.000000
2544	2	3	0.000000
2545	1	3	0.000000
2546	1	3	0.000000
2547	1	3	0.000000
2548	1	3	0.000000
2549	1	1	0.000000
2550	1	3	0.000000
2551	1	3	0.000000
2552	1	3	0.000000
2553	1	0	0.000000
2554	1	3	0.000000
2555	1	3	0.000000
2556	1	3	0.000000
2557	1	3	0.000000
2558	1	3	0.000000
2559	2	5	0.000000
2560	1	3	0.000000
2561	2	5	0.000000
2562	2	5	0.000000
2563	2	5	0.000000
2564	2	5	0.000000
2565	2	5	0.000000
2566	2	5	0.000000
2567	2	4	0.000000
2568	2	5	0.000000
2569	2	5	0.000000
2570	2	5	0.000000
2571	2	5	0.000000
2572	2	5	0.000000
2573	2	5	0.000000
2574	2	5	0.000000
2575	1	3	0.000000
2576	1	3	0.000000
2577	1	3	0.000000
2578	1	3	0.000000
2579	1	1	0.000000
2580	1	3	0.000000
2581	1	3	0.000000
2582	1	3	0.000000
2583	1	3	0.000000
2584	1	3	0.000000
2585	1	1	0.000000
2586	1	3	0.000000
2587	1	3	0.000000
2588	2	5	0.000000
2589	2	3	0.000000
2590	1	3	0.000000
2591	1	3	0.000000
2592	1	3	0.000000
2593	1	1	0.000000
2594	2	5	0.000000
2595	2	5	0.000000
2596	2	3	0.000000
2597	2	5	0.000000
2598	2	2	0.000000
2599	2	5	0.000000
2600	2	5	0.000000
2601	2	5	0.000000
2602	2	4	0.000000
2603	2	5	0.000000
2604	2	5	0.000000
2605	2	3	0.000000
2606	2	5	0.000000
2607	1	3	0.000000
2608	1	3	0.000000
2609	1	3	0.000000
2610	1	3	0.000000
2611	1	3	0.000000
2612	1	3	0.000000
2613	1	3	0.000000
2614	1	1	0.000000
2615	1	3	0.000000
2616	1	3	0.000000
2617	1	3	0.000000
2618	1	0	0.000000
2619	1	3	0.000000
2620	1	3	0.000000
2621	1	2	0.000000
2622	1	3	0.000000
2623	2	5	0.000000
2624	2	5	0.000000
2625	2	5	0.000000
2626	2	5	0.000000
2627	2	5	0.000000
2628	2	5	0.000000
2629	2	5	0.000000
2630	2	3	0.000000
2631	2	5	0.000000
2632	2	5	0.000000
2633	2	5	0.000000
2634	2	5	0.000000
2635	1	3	0.000000
2636	1	3	0.000000
2637	1	3	0.000000
2638	1	1	0.000000
2639	1	3	0.000000
2640	1	2	0.000000
2641	1	3	0.000000
2642	1	3	0.000000
2643	1	1	0.000000
2644	1	2	0.000000
2645	1	3	0.000000
2646	1	1	0.000000
2647	1	1	0.000000
2648	1	3	0.000000
2649	1	3	0.000000
2650	1	3	0.000000
2651	2	5	0.000000
2652	2	5	0.000000
2653	2	5	0.000000
2654	2	0	0.000000
2655	2	5	0.000000
2656	2	4	0.000000
2657	2	5	0.000000
2658	2	5	0.000000
2659	2	5	0.000000
2660	2	1	0.000000
2661	2	5	0.000000
2662	2	5	0.000000
2663	2	5	0.000000
2664	2	5	0.000000
2665	1	3	0.000000
2666	1	3	0.000000
2667	1	3	0.000000
2668	1	2	0.000000
2669	1	3	0.000000
2670	1	2	0.000000
2671	1	3	0.000000
2672	1	3	0.000000
2673	1	3	0.000000
2674	1	3	0.000000
2675	1	0	0.000000
2676	1	3	0.000000
2677	1	3	0.000000
2678	1	0	0.000000
2679	1	3	0.000000
2680	1	2	0.000000
2681	1	3	0.000000
2682	1	3	0.000000
2683	1	3	0.000000
2684	2	2	0.000000
2685	2	1	0.000000
2686	2	5	0.000000
2687	2	5	0.000000
2688	2	5	0.000000
2689	2	5	0.000000
2690	2	5	0.000000
2691	2	5	0.000000
2692	2	5	0.000000
2693	2	5	0.000000
2694	2	5	0.000000
2695	2	5	0.000000
2696	2	5	0.000000
2697	2	5	0.000000
2698	2	4	0.000000
2699	2	4	0.000000
2700	1	1	0.000000
2701	1	3	0.000000
2702	1	3	0.000000
2703	1	3	0.000000
2704	1	3	0.000000
2705	1	1	0.000000
2706	1	3	0.000000
2707	1	3	0.000000
2708	1	3	0.000000
2709	1	3	0.000000
2710	1	3	0.000000
2711	1	1	0.000000
2712	1	3	0.000000
2713	1	3	0.000000
2714	1	3	0.000000
2715	1	3	0.000000
2716	1	3	0.000000
2717	1	3	0.000000
2718	2	5	0.000000
2719	2	5	0.000000
2720	2	5	0.000000
2721	2	5	0.000000
2722	2	5	0.000000
2723	2	5	0.000000
2724	2	5	0.000000
2725	2	5	0.000000
2726	2	3	0.000000
2727	2	5	0.000000
2728	2	5	0.000000
2729	2	5	0.000000
2730	1	3	0.000000
2731	1	3	0.000000
2732	1	3	0.000000
2733	1	1	0.000000
2734	1	3	0.000000
2735	1	3	0.000000
2736	1	3	0.000000
2737	1	2	0.000000
2738	1	3	0.000000
2739	1	0	0.000000
2740	1	0	0.000000
2741	1	3	0.000000
2742	1	3	0.000000
2743	1	3	0.000000
2744	1	3	0.000000
2745	1	3	0.000000
2746	1	2	0.000000
2747	1	3	0.000000
2748	1	3	0.000000
2749	1	2	0.000000
2750	1	3	0.000000
2751	1	3	0.000000
2752	1	3	0.000000
2753	2	5	0.000000
2754	2	5	0.000000
2755	2	5	0.000000
2756	2	5	0.000000
2757	2	5	0.000000
2758	2	5	0.000000
2759	2	5	0.000000
2760	2	4	0.000000
2761	2	4	0.000000
2762	2	0	0.000000
2763	2	5	0.000000
2764	2	5	0.000000
2765	2	5	0.000000
2766	2	2	0.000000
2767	2	3	0.000000
2768	2	5	0.000000
2769	2	0	0.000000
2770	2	0	0.000000
2771	2	5	0.000000
2772	1	3	0.000000
2773	1	3	0.000000
2774	1	3	0.000000
2775	1	3	0.000000
2776	1	3	0.000000
2777	1	3	0.000000
2778	1	3	0.000000
2779	1	3	0.000000
2780	1	3	0.000000
2781	1	3	0.000000
2782	2	0	0.000000
2783	2	5	0.000000
2784	2	5	0.000000
2785	2	5	0.000000
2786	2	5	0.000000
2787	2	5	0.000000
2788	2	5	0.000000
2789	2	5	0.000000
2790	3	1	0.000000
2791	2	5	0.000000
2792	2	4	0.000000
2793	2	5	0.000000
2794	2	5	0.000000
2795	2	5	0.000000
2796	1	3	0.000000
2797	1	3	0.000000
2798	1	3	0.000000
2799	1	3	0.000000
2800	1	2	0.000000
2801	1	3	0.000000
2802	1	3	0.000000
2803	1	3	0.000000
2804	1	3	0.000000
2805	1	3	0.000000
2806	1	3	0.000000
2807	1	2	0.000000
2808	1	3	0.000000
2809	1	3	0.000000
2810	1	3	0.000000
2811	1	3	0.000000
2812	1	3	0.000000
2813	1	3	0.000000
2814	2	5	0.000000
2815	2	1	0.000000
2816	2	5	0.000000
2817	2	5	0.000000
2818	2	3	0.000000
2819	2	5	0.000000
2820	2	5	0.000000
2821	2	5	0.000000
2822	2	2	0.000000
2823	2	5	0.000000
2824	2	5	0.000000
2825	2	5	0.000000
2826	2	3	0.000000
2827	2	5	0.000000
2828	2	3	0.000000
2829	2	5	0.000000
2830	1	3	0.000000
2831	1	3	0.000000
2832	1	3	0.000000
2833	1	3	0.000000
2834	1	3	0.000000
2835	1	3	0.000000
2836	1	3	0.000000
2837	1	3	0.000000
2838	1	3	0.000000
2839	1	3	0.000000
2840	1	3	0.000000
2841	1	0	0.000000
2842	1	3	0.000000
2843	1	3	0.000000
2844	1	1	0.000000
2845	1	3	0.000000
2846	2	5	0.000000
2847	2	5	0.000000
2848	2	5	0.000000
2849	2	5	0.000000
2850	2	5	0.000000
2851	2	2	0.000000
2852	2	5	0.000000
2853	2	5	0.000000
2854	2	5	0.000000
2855	2	5	0.000000
2856	2	2	0.000000
2857	1	3	0.000000
2858	1	3	0.000000
2859	1	3	0.000000
2860	1	3	0.000000
2861	1	2	0.000000
2862	1	3	0.000000
2863	1	3	0.000000
2864	1	3	0.000000
2865	1	3	0.000000
2866	1	3	0.000000
2867	1	3	0.000000
2868	1	3	0.000000
2869	1	1	0.000000
2870	1	3	0.000000
2871	1	3	0.000000
2872	1	2	0.000000
2873	1	3	0.000000
2874	1	3	0.000000
2875	1	0	0.000000
2876	2	5	0.000000
2877	2	5	0.000000
2878	2	5	0.000000
2879	2	5	0.000000
2880	2	1	0.000000
2881	2	5	0.000000
2882	2	5	0.000000
2883	2	5	0.000000
2884	2	5	0.000000
2885	2	5	0.000000
2886	2	5	0.000000
2887	2	5	0.000000
2888	2	5	0.000000
2889	2	5	0.000000
2890	1	3	0.000000
2891	1	3	0.000000
2892	1	1	0.000000
2893	1	3	0.000000
2894	1	3	0.000000
2895	1	3	0.000000
2896	1	3	0.000000
2897	1	2	0.000000
2898	1	3	0.000000
2899	1	1	0.000000
2900	1	3	0.000000
2901	1	1	0.000000
2902	1	3	0.000000
2903	1	3	0.000000
2904	1	3	0.000000
2905	1	3	0.000000
2906	1	3	0.000000
2907	1	3	0.000000
2908	2	5	0.000000
2909	2	3	0.000000
2910	2	5	0.000000
2911	2	5	0.000000
2912	2	5	0.000000
2913	2	5	0.000000
2914	2	0	0.000000
2915	2	5	0.000000
2916	2	5	0.000000
2917	2	5	0.000000
2918	2	4	0.000000
2919	2	5	0.000000
2920	2	5	0.000000
2921	2	5	0.000000
2922	2	5	0.000000
2923	2	5	0.000000
2924	2	5	0.000000
2925	2	5	0.000000
2926	2	5	0.000000
2927	2	5	0.000000
2928	2	5	0.000000
2929	2	5	0.000000
2930	2	1	0.000000
2931	2	3	0.000000
2932	2	5	0.000000
2933	2	0	0.000000
2934	2	5	0.000000
2935	2	5	0.000000
2936	2	5	0.000000
2937	2	1	0.000000
2938	2	5	0.000000
2939	2	2	0.000000
2940	2	5	0.000000
2941	3	1	0.000000
2942	3	1	0.000000
2943	2	5	0.000000
2944	2	5	0.000000
2945	2	5	0.000000
2946	2	5	0.000000
2947	2	3	0.000000
2948	2	5	0.000000
2949	2	2	0.000000
2950	2	5	0.000000
2951	2	5	0.000000
2952	2	1	0.000000
2953	2	2	0.000000
2954	2	0	0.000000
2955	2	5	0.000000
2956	2	5	0.000000
2957	1	3	0.000000
2958	1	3	0.000000
2959	1	3	0.000000
2960	1	3	0.000000
2961	1	3	0.000000
2962	1	3	0.000000
2963	1	3	0.000000
2964	1	3	0.000000
2965	1	3	0.000000
2966	1	3	0.000000
2967	1	3	0.000000
2968	1	1	0.000000
2969	1	3	0.000000
2970	1	3	0.000000
2971	2	5	0.000000
2972	2	5	0.000000
2973	2	5	0.000000
2974	2	2	0.000000
2975	2	3	0.000000
2976	2	5	0.000000
2977	3	1	0.000000
2978	3	1	0.000000
2979	3	1	0.000000
2980	3	1	0.000000
2981	3	1	0.000000
2982	3	1	0.000000
2983	2	5	0.000000
2984	2	3	0.000000
2985	3	1	0.000000
2986	3	1	0.000000
2987	2	4	0.000000
2988	2	5	0.000000
2989	2	3	0.000000
2990	2	5	0.000000
2991	2	5	0.000000
2992	2	5	0.000000
2993	2	3	0.000000
2994	2	5	0.000000
2995	2	5	0.000000
2996	2	5	0.000000
2997	2	3	0.000000
2998	2	5	0.000000
2999	2	2	0.000000
3000	2	0	0.000000
3001	2	5	0.000000
3002	2	5	0.000000
3003	2	5	0.000000
3004	2	5	0.000000
3005	2	5	0.000000
3006	2	5	0.000000
3007	1	3	0.000000
3008	1	3	0.000000
3009	1	2	0.000000
3010	1	3	0.000000
3011	1	0	0.000000
3012	1	3	0.000000
3013	1	3	0.000000
3014	1	3	0.000000
3015	1	2	0.000000
3016	1	3	0.000000
3017	1	3	0.000000
3018	1	3	0.000000
3019	1	3	0.000000
3020	1	3	0.000000
3021	1	3	0.000000
3022	1	2	0.000000
3023	2	5	0.000000
3024	2	5	0.000000
3025	2	5	0.000000
3026	2	5	0.000000
3027	2	5	0.000000
3028	2	5	0.000000
3029	3	1	0.000000
3030	3	1	0.000000
3031	3	1	0.000000
3032	3	0	0.000000
3033	3	1	0.000000
3034	3	1	0.000000
3035	3	1	0.000000
3036	3	1	0.000000
3037	3	1	0.000000
3038	3	1	0.000000
3039	3	3	0.000000
3040	4	0	0.000000
3041	4	0	0.000000
3042	4	1	0.000000
3043	3	1	0.000000
3044	4	3	0.000000
3045	3	1	0.000000
3046	4	0	0.000000
3047	3	3	0.000000
3048	3	3	0.000000
3049	4	1	0.000000
3050	4	2	0.000000
3051	4	3	0.000000
3052	4	1	0.000000
3053	4	1	0.000000
3054	4	1	0.000000
3055	4	1	0.000000
3056	4	2	0.000000
3057	4	1	0.000000
3058	4	1	0.000000
3059	4	1	0.000000
3060	4	1	0.000000
3061	4	1	0.000000
3062	4	1	0.000000
3063	4	1	0.000000
3064	4	1	0.000000
3065	4	1	0.000000
3066	4	1	0.000000
3067	4	1	0.000000
3068	4	2	0.000000
3069	4	1	0.000000
3070	4	1	0.000000
3071	4	1	0.000000
3072	4	1	0.000000
3073	4	3	0.000000
3074	4	1	0.000000
3075	4	1	0.000000
3076	4	3	0.000000
3077	4	1	0.000000
3078	4	1	0.000000
3079	4	3	0.000000
3080	4	2	0.000000
3081	4	1	0.000000
3082	4	1	0.000000
3083	4	1	0.000000
3084	4	1	0.000000
3085	4	1	0.000000
3086	4	1	0.000000
3087	4	1	0.000000
3088	4	1	0.000000
3089	4	1	0.000000
3090	4	1	0.000000
3091	4	1	0.000000
3092	4	3	0.000000
3093	4	1	0.000000
3094	4	1	0.000000
3095	4	1	0.000000
3096	4	1	0.000000
3097	4	1	0.000000
3098	4	1	0.000000
3099	4	1	0.000000
3100	4	0	0.000000
3101	4	1	0.000000
3102	4	1	0.000000
3103	4	1	0.000000
3104	4	1	0.000000
3105	4	1	0.000000
3106	4	1	0.000000
3107	4	1	0.000000
3108	4	1	0.000000
3109	4	1	0.000000
3110	4	1	0.000000
3111	4	1	0.000000
3112	4	1	0.000000
3113	4	1	0.000000
3114	4	1	0.000000
3115	4	1	0.000000
3116	4	1	0.000000
3117	4	1	0.000000
3118	4	1	0.000000
3119	4	1	0.000000
3120	4	1	0.000000
3121	4	1	0.000000
3122	4	1	0.000000
3123	4	1	0.000000
3124	4	1	0.000000
3125	4	1	0.000000
3126	4	1	0.000000
3127	3	1	0.000000
3128	3	1	0.000000
3129	3	0	0.000000
3130	3	1	0.000000
3131	3	1	0.000000
3132	3	1	0.000000
3133	3	1	0.000000
3134	3	1	0.000000
3135	3	3	0.000000
3136	3	1	0.000000
3137	3	1	0.000000
3138	3	3	0.000000
3139	3	1	0.000000
3140	3	1	0.000000
3141	3	2	0.000000
3142	3	1	0.000000
3143	3	3	0.000000
3144	3	1	0.000000
3145	3	1	0.000000
3146	3	0	0.000000
3147	3	1	0.000000
3148	3	2	0.000000
3149	3	0	0.000000
3150	3	1	0.000000
3151	3	1	0.000000
3152	3	1	0.000000
3153	3	3	0.000000
3154	3	1	0.000000
3155	3	1	0.000000
3156	2	5	0.000000
3157	3	1	0.000000
3158	2	2	0.000000
3159	2	5	0.000000
3160	2	5	0.000000
3161	2	1	0.000000
3162	2	2	0.000000
3163	2	5	0.000000
3164	2	5	0.000000
3165	2	0	0.000000
3166	2	5	0.000000
3167	2	5	0.000000
3168	2	5	0.000000
3169	2	5	0.000000
3170	2	2	0.000000
3171	1	0	0.000000
3172	1	3	0.000000
3173	1	3	0.000000
3174	1	3	0.000000
3175	1	1	0.000000
3176	1	2	0.000000
3177	1	3	0.000000
3178	1	3	0.000000
3179	1	3	0.000000
3180	1	3	0.000000
3181	2	5	0.000000
3182	2	2	0.000000
3183	1	3	0.000000
3184	1	3	0.000000
3185	1	3	0.000000
3186	1	3	0.000000
3187	1	3	0.000000
3188	1	3	0.000000
3189	1	3	0.000000
3190	1	2	0.000000
3191	1	3	0.000000
3192	1	2	0.000000
3193	2	5	0.000000
3194	2	5	0.000000
3195	2	2	0.000000
3196	2	5	0.000000
3197	3	2	0.000000
3198	3	1	0.000000
3199	3	1	0.000000
3200	3	1	0.000000
3201	3	1	0.000000
3202	3	1	0.000000
3203	3	1	0.000000
3204	3	1	0.000000
3205	3	2	0.000000
3206	3	1	0.000000
3207	3	1	0.000000
3208	3	1	0.000000
3209	3	0	0.000000
3210	3	1	0.000000
3211	3	1	0.000000
3212	3	1	0.000000
3213	3	2	0.000000
3214	3	0	0.000000
3215	3	0	0.000000
3216	3	2	0.000000
3217	3	1	0.000000
3218	3	1	0.000000
3219	3	1	0.000000
3220	2	5	0.000000
3221	2	2	0.000000
3222	2	5	0.000000
3223	2	2	0.000000
3224	2	5	0.000000
3225	2	5	0.000000
3226	2	5	0.000000
3227	2	5	0.000000
3228	2	0	0.000000
3229	1	3	0.000000
3230	1	1	0.000000
3231	1	3	0.000000
3232	1	3	0.000000
3233	1	3	0.000000
3234	1	0	0.000000
3235	1	3	0.000000
3236	1	3	0.000000
3237	1	3	0.000000
3238	1	3	0.000000
3239	1	1	0.000000
3240	2	5	0.000000
3241	2	5	0.000000
3242	2	5	0.000000
3243	2	5	0.000000
3244	2	3	0.000000
3245	2	5	0.000000
3246	2	5	0.000000
3247	2	5	0.000000
3248	2	1	0.000000
3249	2	5	0.000000
3250	2	5	0.000000
3251	2	1	0.000000
3252	2	5	0.000000
3253	2	5	0.000000
3254	2	5	0.000000
3255	2	5	0.000000
3256	2	5	0.000000
3257	2	5	0.000000
3258	2	1	0.000000
3259	2	5	0.000000
3260	2	5	0.000000
3261	2	4	0.000000
3262	2	5	0.000000
3263	2	5	0.000000
3264	2	5	0.000000
3265	2	5	0.000000
3266	2	5	0.000000
3267	2	5	0.000000
3268	2	5	0.000000
3269	2	5	0.000000
3270	2	5	0.000000
3271	2	5	0.000000
3272	2	0	0.000000
3273	2	5	0.000000
3274	2	4	0.000000
3275	1	2	0.000000
3276	1	0	0.000000
3277	1	3	0.000000
3278	1	3	0.000000
3279	1	3	0.000000
3280	1	1	0.000000
3281	1	2	0.000000
3282	1	3	0.000000
3283	1	3	0.000000
3284	1	2	0.000000
3285	1	3	0.000000
3286	1	3	0.000000
3287	1	1	0.000000
3288	2	5	0.000000
3289	2	5	0.000000
3290	2	5	0.000000
3291	2	5	0.000000
3292	2	5	0.000000
3293	2	5	0.000000
3294	3	1	0.000000
3295	3	1	0.000000
3296	3	1	0.000000
3297	3	1	0.000000
3298	3	1	0.000000
3299	2	0	0.000000
3300	2	5	0.000000
3301	2	5	0.000000
3302	2	5	0.000000
3303	2	5	0.000000
3304	2	3	0.000000
3305	2	5	0.000000
3306	2	5	0.000000
3307	2	2	0.000000
3308	2	5	0.000000
3309	2	5	0.000000
3310	2	5	0.000000
3311	2	5	0.000000
3312	2	0	0.000000
3313	2	5	0.000000
3314	2	5	0.000000
3315	2	5	0.000000
3316	2	5	0.000000
3317	2	5	0.000000
3318	2	2	0.000000
3319	2	5	0.000000
3320	2	5	0.000000
3321	1	3	0.000000
3322	1	3	0.000000
3323	1	3	0.000000
3324	1	3	0.000000
3325	1	2	0.000000
3326	1	3	0.000000
3327	1	2	0.000000
3328	1	3	0.000000
3329	1	2	0.000000
3330	1	3	0.000000
3331	1	0	0.000000
3332	1	3	0.000000
3333	1	3	0.000000
3334	1	3	0.000000
3335	1	2	0.000000
3336	2	5	0.000000
3337	2	5	0.000000
3338	2	5	0.000000
3339	2	5	0.000000
3340	2	5	0.000000
3341	2	5	0.000000
3342	2	3	0.000000
3343	2	5	0.000000
3344	2	5	0.000000
3345	2	5	0.000000
3346	2	2	0.000000
3347	2	2	0.000000
3348	2	3	0.000000
3349	2	5	0.000000
3350	2	5	0.000000
3351	2	4	0.000000
3352	2	5	0.000000
3353	2	5	0.000000
3354	2	5	0.000000
3355	2	5	0.000000
3356	2	5	0.000000
3357	2	5	0.000000
3358	2	5	0.000000
3359	2	5	0.000000
3360	2	5	0.000000
3361	2	3	0.000000
3362	2	2	0.000000
3363	1	3	0.000000
3364	1	3	0.000000
3365	1	3	0.000000
3366	1	3	0.000000
3367	1	3	0.000000
3368	1	3	0.000000
3369	1	3	0.000000
3370	1	0	0.000000
3371	1	3	0.000000
3372	1	3	0.000000
3373	1	3	0.000000
3374	1	3	0.000000
3375	1	3	0.000000
3376	1	3	0.000000
3377	1	3	0.000000
3378	1	3	0.000000
3379	1	3	0.000000
3380	1	3	0.000000
3381	1	3	0.000000
3382	1	3	0.000000
3383	2	5	0.000000
3384	2	5	0.000000
3385	2	5	0.000000
3386	2	5	0.000000
3387	2	5	0.000000
3388	2	5	0.000000
3389	2	4	0.000000
3390	3	1	0.000000
3391	3	1	0.000000
3392	3	1	0.000000
3393	2	5	0.000000
3394	2	5	0.000000
3395	2	5	0.000000
3396	2	5	0.000000
3397	2	0	0.000000
3398	2	5	0.000000
3399	2	5	0.000000
3400	2	5	0.000000
3401	2	2	0.000000
3402	2	5	0.000000
3403	2	0	0.000000
3404	2	5	0.000000
3405	2	5	0.000000
3406	2	5	0.000000
3407	1	3	0.000000
3408	1	3	0.000000
3409	1	3	0.000000
3410	2	5	0.000000
3411	2	5	0.000000
3412	2	5	0.000000
3413	2	5	0.000000
3414	1	3	0.000000
3415	1	3	0.000000
3416	1	2	0.000000
3417	1	3	0.000000
3418	1	3	0.000000
3419	1	3	0.000000
3420	1	3	0.000000
3421	1	3	0.000000
3422	1	3	0.000000
3423	1	0	0.000000
3424	1	3	0.000000
3425	1	0	0.000000
3426	1	2	0.000000
3427	1	3	0.000000
3428	1	3	0.000000
3429	1	3	0.000000
3430	1	3	0.000000
3431	1	0	0.000000
3432	1	2	0.000000
3433	1	3	0.000000
3434	1	3	0.000000
3435	1	3	0.000000
3436	1	3	0.000000
3437	1	3	0.000000
3438	1	3	0.000000
3439	1	0	0.000000
3440	2	5	0.000000
3441	2	0	0.000000
3442	2	5	0.000000
3443	2	5	0.000000
3444	2	5	0.000000
3445	2	5	0.000000
3446	2	5	0.000000
3447	2	5	0.000000
3448	2	0	0.000000
3449	2	5	0.000000
3450	2	5	0.000000
3451	2	5	0.000000
3452	2	5	0.000000
3453	2	5	0.000000
3454	2	5	0.000000
3455	2	0	0.000000
3456	2	5	0.000000
3457	2	5	0.000000
3458	1	3	0.000000
3459	1	3	0.000000
3460	1	3	0.000000
3461	1	2	0.000000
3462	1	3	0.000000
3463	1	0	42.847000
3464	0	0	0.000000
