StartTime	2015/10/19 22:21:29
FinishTime	2015/10/19 22:22:36
ElapsedTime	67.000000
/home/daisuke/git/ReinforcementLearning/log/EV3LineTracer_20151019220224_10Setting_20151019220225.log
0	1.000000
1	0.812500	0.062500	0.062500	0.062500
2	0.041667	0.791667	0.041667	0.041667	0.041667	0.041667
3	0.062500	0.812500	0.062500	0.062500
4	0.062500	0.812500	0.062500	0.062500
5	0.062500	0.812500	0.062500	0.062500
6	0.062500	0.812500	0.062500	0.062500
5226
0	2	1	0.000000
1	2	0	0.000000
2	2	1	0.000000
3	2	1	0.000000
4	2	1	0.000000
5	2	1	0.000000
6	2	0	0.000000
7	2	1	0.000000
8	2	1	0.000000
9	2	1	0.000000
10	2	1	0.000000
11	2	1	0.000000
12	2	1	0.000000
13	2	1	0.000000
14	2	1	0.000000
15	2	1	0.000000
16	3	3	0.000000
17	2	1	0.000000
18	3	1	0.000000
19	3	1	0.000000
20	2	1	0.000000
21	2	5	0.000000
22	2	1	0.000000
23	2	1	0.000000
24	2	1	0.000000
25	2	1	0.000000
26	2	1	0.000000
27	2	1	0.000000
28	3	1	0.000000
29	3	1	0.000000
30	3	1	0.000000
31	3	1	0.000000
32	3	1	0.000000
33	3	1	0.000000
34	3	1	0.000000
35	3	1	0.000000
36	3	1	0.000000
37	3	1	0.000000
38	3	1	0.000000
39	3	1	0.000000
40	3	1	0.000000
41	3	1	0.000000
42	3	1	0.000000
43	3	1	0.000000
44	2	1	0.000000
45	2	1	0.000000
46	2	1	0.000000
47	2	5	0.000000
48	2	1	0.000000
49	2	3	0.000000
50	2	2	0.000000
51	1	0	0.000000
52	1	0	0.000000
53	1	0	0.000000
54	1	0	0.000000
55	1	1	0.000000
56	1	0	0.000000
57	1	0	0.000000
58	1	0	0.000000
59	1	0	0.000000
60	1	0	0.000000
61	1	0	0.000000
62	1	0	0.000000
63	2	5	0.000000
64	2	1	0.000000
65	2	1	0.000000
66	2	1	0.000000
67	2	1	0.000000
68	2	1	0.000000
69	2	1	0.000000
70	2	4	0.000000
71	2	1	0.000000
72	2	1	0.000000
73	2	1	0.000000
74	2	1	0.000000
75	2	2	0.000000
76	2	1	0.000000
77	2	1	0.000000
78	2	3	0.000000
79	2	1	0.000000
80	2	1	0.000000
81	2	1	0.000000
82	2	1	0.000000
83	2	1	0.000000
84	2	1	0.000000
85	2	2	0.000000
86	2	1	0.000000
87	2	1	0.000000
88	2	1	0.000000
89	2	1	0.000000
90	2	1	0.000000
91	2	1	0.000000
92	2	1	0.000000
93	2	1	0.000000
94	2	1	0.000000
95	2	1	0.000000
96	2	1	0.000000
97	2	1	0.000000
98	2	1	0.000000
99	2	4	0.000000
100	2	1	0.000000
101	2	1	0.000000
102	2	1	0.000000
103	2	1	0.000000
104	2	1	0.000000
105	2	1	0.000000
106	2	1	0.000000
107	2	1	0.000000
108	2	1	0.000000
109	2	1	0.000000
110	2	1	0.000000
111	2	1	0.000000
112	2	1	0.000000
113	2	0	0.000000
114	2	4	0.000000
115	2	0	0.000000
116	2	1	0.000000
117	2	1	0.000000
118	2	1	0.000000
119	2	1	0.000000
120	2	1	0.000000
121	2	5	0.000000
122	2	1	0.000000
123	2	1	0.000000
124	2	1	0.000000
125	2	1	0.000000
126	2	1	0.000000
127	2	1	0.000000
128	2	1	0.000000
129	2	1	0.000000
130	2	1	0.000000
131	2	1	0.000000
132	2	1	0.000000
133	2	1	0.000000
134	2	2	0.000000
135	2	1	0.000000
136	2	3	0.000000
137	2	1	0.000000
138	2	1	0.000000
139	2	3	0.000000
140	2	1	0.000000
141	2	2	0.000000
142	2	1	0.000000
143	2	3	0.000000
144	2	1	0.000000
145	2	1	0.000000
146	2	1	0.000000
147	2	1	0.000000
148	2	4	0.000000
149	2	2	0.000000
150	2	1	0.000000
151	2	1	0.000000
152	2	5	0.000000
153	2	1	0.000000
154	2	1	0.000000
155	2	1	0.000000
156	2	1	0.000000
157	2	1	0.000000
158	2	1	0.000000
159	2	1	0.000000
160	2	0	0.000000
161	2	1	0.000000
162	2	5	0.000000
163	2	1	0.000000
164	2	1	0.000000
165	2	1	0.000000
166	2	1	0.000000
167	2	1	0.000000
168	2	1	0.000000
169	2	2	0.000000
170	2	1	0.000000
171	2	1	0.000000
172	2	1	0.000000
173	2	1	0.000000
174	2	3	0.000000
175	2	4	0.000000
176	2	3	0.000000
177	2	1	0.000000
178	2	1	0.000000
179	2	1	0.000000
180	2	1	0.000000
181	2	2	0.000000
182	2	1	0.000000
183	2	2	0.000000
184	2	4	0.000000
185	2	1	0.000000
186	3	2	0.000000
187	3	1	0.000000
188	3	1	0.000000
189	2	1	0.000000
190	2	1	0.000000
191	2	1	0.000000
192	2	2	0.000000
193	2	1	0.000000
194	2	2	0.000000
195	2	1	0.000000
196	2	1	0.000000
197	2	1	0.000000
198	2	1	0.000000
199	2	3	0.000000
200	2	1	0.000000
201	2	3	0.000000
202	2	1	0.000000
203	2	4	0.000000
204	2	2	0.000000
205	2	1	0.000000
206	2	1	0.000000
207	2	1	0.000000
208	2	1	0.000000
209	2	1	0.000000
210	2	1	0.000000
211	2	1	0.000000
212	2	1	0.000000
213	2	1	0.000000
214	2	1	0.000000
215	2	1	0.000000
216	2	1	0.000000
217	2	1	0.000000
218	2	1	0.000000
219	2	1	0.000000
220	2	1	0.000000
221	2	4	0.000000
222	2	1	0.000000
223	2	1	0.000000
224	2	1	0.000000
225	2	1	0.000000
226	2	1	0.000000
227	2	1	0.000000
228	2	2	0.000000
229	2	2	0.000000
230	2	1	0.000000
231	2	1	0.000000
232	2	1	0.000000
233	2	1	0.000000
234	2	1	0.000000
235	2	1	0.000000
236	2	1	0.000000
237	2	1	0.000000
238	2	1	0.000000
239	2	0	0.000000
240	2	1	0.000000
241	2	4	0.000000
242	2	1	0.000000
243	2	1	0.000000
244	2	1	0.000000
245	2	5	0.000000
246	2	1	0.000000
247	2	1	0.000000
248	2	1	0.000000
249	2	1	0.000000
250	2	1	0.000000
251	2	0	0.000000
252	2	1	0.000000
253	2	3	0.000000
254	2	1	0.000000
255	2	1	0.000000
256	2	1	0.000000
257	2	1	0.000000
258	2	1	0.000000
259	2	1	0.000000
260	2	1	0.000000
261	2	1	0.000000
262	2	1	0.000000
263	2	0	0.000000
264	2	1	0.000000
265	2	1	0.000000
266	2	1	0.000000
267	2	1	0.000000
268	2	1	0.000000
269	2	5	0.000000
270	2	4	0.000000
271	2	1	0.000000
272	2	5	0.000000
273	2	1	0.000000
274	2	1	0.000000
275	2	1	0.000000
276	2	1	0.000000
277	2	1	0.000000
278	2	1	0.000000
279	2	4	0.000000
280	2	3	0.000000
281	2	1	0.000000
282	2	1	0.000000
283	2	1	0.000000
284	2	1	0.000000
285	2	1	0.000000
286	2	1	0.000000
287	2	1	0.000000
288	2	1	0.000000
289	2	1	0.000000
290	2	5	0.000000
291	2	1	0.000000
292	2	1	0.000000
293	2	1	0.000000
294	2	5	0.000000
295	2	1	0.000000
296	2	0	0.000000
297	2	1	0.000000
298	2	3	0.000000
299	2	1	0.000000
300	2	1	0.000000
301	2	1	0.000000
302	2	4	0.000000
303	2	5	0.000000
304	2	3	0.000000
305	2	1	0.000000
306	2	1	0.000000
307	2	4	0.000000
308	2	1	0.000000
309	2	1	0.000000
310	2	1	0.000000
311	2	1	0.000000
312	2	1	0.000000
313	2	1	0.000000
314	2	1	0.000000
315	2	1	0.000000
316	2	0	0.000000
317	2	1	0.000000
318	2	4	0.000000
319	2	3	0.000000
320	2	1	0.000000
321	2	1	0.000000
322	2	1	0.000000
323	2	1	0.000000
324	2	1	0.000000
325	2	2	0.000000
326	2	1	0.000000
327	2	1	0.000000
328	2	1	0.000000
329	2	1	0.000000
330	2	1	0.000000
331	2	3	0.000000
332	2	3	0.000000
333	2	2	0.000000
334	2	0	0.000000
335	2	1	0.000000
336	2	1	0.000000
337	2	1	0.000000
338	2	1	0.000000
339	3	1	0.000000
340	3	1	0.000000
341	3	1	0.000000
342	3	1	0.000000
343	3	1	0.000000
344	3	2	0.000000
345	3	1	0.000000
346	3	1	0.000000
347	3	1	0.000000
348	3	1	0.000000
349	2	1	0.000000
350	2	1	0.000000
351	2	1	0.000000
352	2	1	0.000000
353	2	3	0.000000
354	2	1	0.000000
355	2	1	0.000000
356	2	1	0.000000
357	2	1	0.000000
358	2	1	0.000000
359	2	1	0.000000
360	2	1	0.000000
361	2	4	0.000000
362	2	4	0.000000
363	2	1	0.000000
364	2	1	0.000000
365	2	1	0.000000
366	2	1	0.000000
367	2	1	0.000000
368	2	1	0.000000
369	2	1	0.000000
370	2	1	0.000000
371	2	1	0.000000
372	2	1	0.000000
373	1	0	0.000000
374	1	0	0.000000
375	1	0	0.000000
376	2	1	0.000000
377	2	2	0.000000
378	2	1	0.000000
379	2	1	0.000000
380	2	1	0.000000
381	2	1	0.000000
382	2	0	0.000000
383	2	1	0.000000
384	2	1	0.000000
385	2	1	0.000000
386	2	1	0.000000
387	2	1	0.000000
388	2	1	0.000000
389	2	1	0.000000
390	2	1	0.000000
391	2	1	0.000000
392	2	1	0.000000
393	2	1	0.000000
394	2	3	0.000000
395	2	5	0.000000
396	2	1	0.000000
397	2	1	0.000000
398	2	1	0.000000
399	2	1	0.000000
400	2	1	0.000000
401	2	1	0.000000
402	2	1	0.000000
403	2	1	0.000000
404	2	1	0.000000
405	2	1	0.000000
406	2	1	0.000000
407	2	1	0.000000
408	2	1	0.000000
409	2	1	0.000000
410	2	1	0.000000
411	2	1	0.000000
412	2	1	0.000000
413	2	1	0.000000
414	2	1	0.000000
415	2	1	0.000000
416	2	1	0.000000
417	2	1	0.000000
418	2	4	0.000000
419	2	1	0.000000
420	2	1	0.000000
421	2	3	0.000000
422	2	1	0.000000
423	2	1	0.000000
424	2	1	0.000000
425	2	2	0.000000
426	2	5	0.000000
427	2	1	0.000000
428	3	1	0.000000
429	3	1	0.000000
430	3	1	0.000000
431	3	1	0.000000
432	3	1	0.000000
433	2	4	0.000000
434	2	1	0.000000
435	2	0	0.000000
436	2	5	0.000000
437	2	1	0.000000
438	2	1	0.000000
439	2	1	0.000000
440	2	1	0.000000
441	2	1	0.000000
442	2	3	0.000000
443	2	1	0.000000
444	3	1	0.000000
445	3	1	0.000000
446	3	1	0.000000
447	3	1	0.000000
448	3	1	0.000000
449	3	1	0.000000
450	3	1	0.000000
451	3	1	0.000000
452	3	3	0.000000
453	3	1	0.000000
454	3	1	0.000000
455	3	1	0.000000
456	3	0	0.000000
457	2	1	0.000000
458	2	1	0.000000
459	2	1	0.000000
460	2	1	0.000000
461	2	1	0.000000
462	2	1	0.000000
463	2	1	0.000000
464	2	1	0.000000
465	2	1	0.000000
466	2	1	0.000000
467	2	1	0.000000
468	2	1	0.000000
469	2	1	0.000000
470	2	1	0.000000
471	2	1	0.000000
472	2	3	0.000000
473	2	1	0.000000
474	2	1	0.000000
475	2	0	0.000000
476	2	1	0.000000
477	2	2	0.000000
478	2	1	0.000000
479	2	1	0.000000
480	2	2	0.000000
481	3	2	0.000000
482	3	1	0.000000
483	3	0	0.000000
484	3	1	0.000000
485	3	3	0.000000
486	3	1	0.000000
487	2	2	0.000000
488	2	2	0.000000
489	2	1	0.000000
490	2	1	0.000000
491	2	1	0.000000
492	2	1	0.000000
493	2	1	0.000000
494	2	1	0.000000
495	2	1	0.000000
496	1	1	0.000000
497	1	3	0.000000
498	1	0	0.000000
499	1	1	0.000000
500	1	0	0.000000
501	2	1	0.000000
502	2	3	0.000000
503	2	1	0.000000
504	2	3	0.000000
505	2	1	0.000000
506	2	1	0.000000
507	2	1	0.000000
508	3	1	0.000000
509	3	1	0.000000
510	3	1	0.000000
511	3	1	0.000000
512	3	1	0.000000
513	3	1	0.000000
514	3	1	0.000000
515	3	3	0.000000
516	3	1	0.000000
517	3	3	0.000000
518	3	0	0.000000
519	2	4	0.000000
520	2	1	0.000000
521	2	1	0.000000
522	2	1	0.000000
523	2	1	0.000000
524	2	1	0.000000
525	2	2	0.000000
526	2	4	0.000000
527	2	1	0.000000
528	2	1	0.000000
529	2	1	0.000000
530	2	1	0.000000
531	2	0	0.000000
532	2	1	0.000000
533	2	1	0.000000
534	2	1	0.000000
535	2	2	0.000000
536	2	1	0.000000
537	2	1	0.000000
538	2	1	0.000000
539	2	1	0.000000
540	2	1	0.000000
541	2	1	0.000000
542	2	1	0.000000
543	2	1	0.000000
544	2	0	0.000000
545	2	1	0.000000
546	2	2	0.000000
547	2	1	0.000000
548	2	4	0.000000
549	2	1	0.000000
550	2	3	0.000000
551	2	4	0.000000
552	2	1	0.000000
553	2	1	0.000000
554	2	0	0.000000
555	2	1	0.000000
556	2	5	0.000000
557	2	1	0.000000
558	2	1	0.000000
559	2	1	0.000000
560	2	1	0.000000
561	2	3	0.000000
562	2	3	0.000000
563	2	2	0.000000
564	2	1	0.000000
565	2	1	0.000000
566	2	5	0.000000
567	2	1	0.000000
568	2	1	0.000000
569	2	1	0.000000
570	3	1	0.000000
571	3	2	0.000000
572	3	1	0.000000
573	3	1	0.000000
574	3	1	0.000000
575	3	1	0.000000
576	3	3	0.000000
577	3	1	0.000000
578	3	1	0.000000
579	3	1	0.000000
580	2	3	0.000000
581	2	2	0.000000
582	2	2	0.000000
583	2	1	0.000000
584	2	1	0.000000
585	2	5	0.000000
586	2	1	0.000000
587	2	5	0.000000
588	2	1	0.000000
589	2	4	0.000000
590	2	1	0.000000
591	2	1	0.000000
592	2	1	0.000000
593	2	1	0.000000
594	2	1	0.000000
595	2	1	0.000000
596	2	1	0.000000
597	1	0	0.000000
598	1	0	0.000000
599	1	0	0.000000
600	1	3	0.000000
601	1	0	0.000000
602	1	0	0.000000
603	2	2	0.000000
604	2	1	0.000000
605	2	1	0.000000
606	2	1	0.000000
607	2	1	0.000000
608	2	1	0.000000
609	2	1	0.000000
610	2	3	0.000000
611	2	1	0.000000
612	2	1	0.000000
613	2	1	0.000000
614	2	1	0.000000
615	2	1	0.000000
616	2	0	0.000000
617	2	1	0.000000
618	2	1	0.000000
619	2	1	0.000000
620	2	5	0.000000
621	2	1	0.000000
622	2	1	0.000000
623	2	1	0.000000
624	2	1	0.000000
625	2	1	0.000000
626	2	1	0.000000
627	2	1	0.000000
628	2	1	0.000000
629	2	1	0.000000
630	2	1	0.000000
631	2	1	0.000000
632	2	1	0.000000
633	2	4	0.000000
634	2	1	0.000000
635	2	0	0.000000
636	2	5	0.000000
637	2	1	0.000000
638	2	1	0.000000
639	2	0	0.000000
640	2	1	0.000000
641	2	0	0.000000
642	2	1	0.000000
643	3	1	0.000000
644	3	1	0.000000
645	3	1	0.000000
646	3	1	0.000000
647	3	0	0.000000
648	3	2	0.000000
649	3	2	0.000000
650	3	1	0.000000
651	3	2	0.000000
652	2	1	0.000000
653	2	1	0.000000
654	2	1	0.000000
655	2	1	0.000000
656	2	0	0.000000
657	2	1	0.000000
658	2	1	0.000000
659	2	1	0.000000
660	2	4	0.000000
661	2	1	0.000000
662	3	3	0.000000
663	3	1	0.000000
664	3	1	0.000000
665	3	1	0.000000
666	3	1	0.000000
667	3	1	0.000000
668	3	1	0.000000
669	3	0	0.000000
670	3	1	0.000000
671	3	1	0.000000
672	3	1	0.000000
673	3	1	0.000000
674	3	1	0.000000
675	3	1	0.000000
676	3	0	0.000000
677	3	1	0.000000
678	3	1	0.000000
679	4	1	0.000000
680	3	1	0.000000
681	3	1	0.000000
682	3	1	0.000000
683	4	1	0.000000
684	4	1	0.000000
685	4	1	0.000000
686	4	1	0.000000
687	4	1	0.000000
688	3	0	0.000000
689	3	1	0.000000
690	4	1	0.000000
691	3	1	0.000000
692	3	3	0.000000
693	4	1	0.000000
694	4	1	0.000000
695	4	1	0.000000
696	4	1	0.000000
697	4	1	0.000000
698	3	1	0.000000
699	3	1	0.000000
700	3	1	0.000000
701	3	1	0.000000
702	3	1	0.000000
703	3	3	0.000000
704	3	1	0.000000
705	3	1	0.000000
706	3	1	0.000000
707	3	1	0.000000
708	3	0	0.000000
709	3	1	0.000000
710	3	1	0.000000
711	3	1	0.000000
712	3	1	0.000000
713	3	1	0.000000
714	3	1	0.000000
715	3	1	0.000000
716	3	1	0.000000
717	3	1	0.000000
718	3	0	0.000000
719	3	0	0.000000
720	2	1	0.000000
721	2	1	0.000000
722	2	5	0.000000
723	2	0	0.000000
724	2	0	0.000000
725	2	1	0.000000
726	2	1	0.000000
727	2	1	0.000000
728	2	1	0.000000
729	2	1	0.000000
730	2	1	0.000000
731	2	1	0.000000
732	2	1	0.000000
733	2	1	0.000000
734	2	1	0.000000
735	2	4	0.000000
736	2	4	0.000000
737	2	1	0.000000
738	2	3	0.000000
739	2	1	0.000000
740	2	1	0.000000
741	2	1	0.000000
742	2	1	0.000000
743	2	1	0.000000
744	2	4	0.000000
745	2	1	0.000000
746	2	1	0.000000
747	2	1	0.000000
748	2	5	0.000000
749	2	1	0.000000
750	2	1	0.000000
751	2	1	0.000000
752	3	3	0.000000
753	3	1	0.000000
754	2	1	0.000000
755	2	3	0.000000
756	2	1	0.000000
757	2	1	0.000000
758	2	1	0.000000
759	2	1	0.000000
760	2	4	0.000000
761	2	1	0.000000
762	2	1	0.000000
763	2	1	0.000000
764	3	3	0.000000
765	3	1	0.000000
766	3	3	0.000000
767	3	0	0.000000
768	3	3	0.000000
769	3	1	0.000000
770	3	1	0.000000
771	3	1	0.000000
772	3	0	0.000000
773	3	1	0.000000
774	3	1	0.000000
775	3	1	0.000000
776	2	1	0.000000
777	2	4	0.000000
778	2	1	0.000000
779	2	1	0.000000
780	2	2	0.000000
781	2	1	0.000000
782	2	1	0.000000
783	2	1	0.000000
784	2	5	0.000000
785	2	1	0.000000
786	2	1	0.000000
787	2	1	0.000000
788	2	1	0.000000
789	2	1	0.000000
790	2	4	0.000000
791	2	2	0.000000
792	2	1	0.000000
793	2	1	0.000000
794	2	1	0.000000
795	2	1	0.000000
796	2	1	0.000000
797	2	1	0.000000
798	3	0	0.000000
799	3	1	0.000000
800	3	1	0.000000
801	3	1	0.000000
802	3	1	0.000000
803	3	1	0.000000
804	3	2	0.000000
805	3	1	0.000000
806	3	1	0.000000
807	3	1	0.000000
808	3	1	0.000000
809	3	1	0.000000
810	3	1	0.000000
811	3	1	0.000000
812	3	1	0.000000
813	3	1	0.000000
814	3	1	0.000000
815	3	1	0.000000
816	3	1	0.000000
817	3	1	0.000000
818	3	1	0.000000
819	3	0	0.000000
820	3	1	0.000000
821	3	1	0.000000
822	3	1	0.000000
823	3	1	0.000000
824	3	1	0.000000
825	3	1	0.000000
826	3	2	0.000000
827	3	1	0.000000
828	3	1	0.000000
829	3	1	0.000000
830	3	3	0.000000
831	3	1	0.000000
832	3	1	0.000000
833	3	1	0.000000
834	3	1	0.000000
835	3	0	0.000000
836	3	1	0.000000
837	3	1	0.000000
838	3	1	0.000000
839	3	1	0.000000
840	3	1	0.000000
841	3	1	0.000000
842	3	1	0.000000
843	3	1	0.000000
844	3	1	0.000000
845	3	3	0.000000
846	2	1	0.000000
847	2	1	0.000000
848	2	1	0.000000
849	2	5	0.000000
850	2	1	0.000000
851	2	1	0.000000
852	2	1	0.000000
853	2	1	0.000000
854	2	5	0.000000
855	2	1	0.000000
856	2	1	0.000000
857	2	1	0.000000
858	2	1	0.000000
859	2	1	0.000000
860	2	1	0.000000
861	2	1	0.000000
862	2	1	0.000000
863	2	1	0.000000
864	2	1	0.000000
865	2	1	0.000000
866	2	1	0.000000
867	2	1	0.000000
868	2	2	0.000000
869	2	1	0.000000
870	2	5	0.000000
871	2	1	0.000000
872	2	2	0.000000
873	2	1	0.000000
874	2	1	0.000000
875	2	1	0.000000
876	2	1	0.000000
877	2	1	0.000000
878	2	1	0.000000
879	2	4	0.000000
880	2	5	0.000000
881	2	1	0.000000
882	2	3	0.000000
883	2	1	0.000000
884	2	1	0.000000
885	2	1	0.000000
886	2	1	0.000000
887	2	1	0.000000
888	2	1	0.000000
889	2	1	0.000000
890	2	5	0.000000
891	2	1	0.000000
892	2	0	0.000000
893	3	1	0.000000
894	3	1	0.000000
895	3	1	0.000000
896	3	1	0.000000
897	3	1	0.000000
898	3	3	0.000000
899	3	0	0.000000
900	3	1	0.000000
901	3	1	0.000000
902	2	5	0.000000
903	2	1	0.000000
904	3	1	0.000000
905	3	1	0.000000
906	3	1	0.000000
907	2	0	0.000000
908	2	1	0.000000
909	2	4	0.000000
910	2	1	0.000000
911	2	1	0.000000
912	2	1	0.000000
913	2	1	0.000000
914	2	1	0.000000
915	2	1	0.000000
916	2	1	0.000000
917	2	1	0.000000
918	2	1	0.000000
919	2	5	0.000000
920	2	2	0.000000
921	2	1	0.000000
922	2	1	0.000000
923	2	1	0.000000
924	2	1	0.000000
925	2	1	0.000000
926	2	1	0.000000
927	2	1	0.000000
928	2	1	0.000000
929	2	2	0.000000
930	2	1	0.000000
931	2	3	0.000000
932	2	1	0.000000
933	2	2	0.000000
934	2	0	0.000000
935	2	0	0.000000
936	2	2	0.000000
937	2	1	0.000000
938	2	1	0.000000
939	2	1	0.000000
940	2	1	0.000000
941	2	1	0.000000
942	2	2	0.000000
943	2	1	0.000000
944	2	1	0.000000
945	2	1	0.000000
946	2	1	0.000000
947	2	1	0.000000
948	2	3	0.000000
949	2	1	0.000000
950	2	1	0.000000
951	3	1	0.000000
952	2	1	0.000000
953	2	1	0.000000
954	3	1	0.000000
955	3	1	0.000000
956	3	1	0.000000
957	3	1	0.000000
958	2	1	0.000000
959	3	1	0.000000
960	3	1	0.000000
961	3	1	0.000000
962	2	5	0.000000
963	2	1	0.000000
964	2	0	0.000000
965	2	0	0.000000
966	2	1	0.000000
967	2	5	0.000000
968	2	1	0.000000
969	2	1	0.000000
970	2	1	0.000000
971	2	1	0.000000
972	2	1	0.000000
973	2	1	0.000000
974	2	1	0.000000
975	2	1	0.000000
976	3	1	0.000000
977	2	1	0.000000
978	2	1	0.000000
979	2	1	0.000000
980	2	5	0.000000
981	2	1	0.000000
982	2	1	0.000000
983	2	1	0.000000
984	2	1	0.000000
985	2	1	0.000000
986	2	1	0.000000
987	2	1	0.000000
988	2	1	0.000000
989	2	5	0.000000
990	2	2	0.000000
991	2	1	0.000000
992	2	2	0.000000
993	2	1	0.000000
994	2	1	0.000000
995	3	1	0.000000
996	2	1	0.000000
997	2	1	0.000000
998	2	1	0.000000
999	2	1	0.000000
1000	2	1	0.000000
1001	2	1	0.000000
1002	2	1	0.000000
1003	2	0	0.000000
1004	2	1	0.000000
1005	2	1	0.000000
1006	2	1	0.000000
1007	2	2	0.000000
1008	2	2	0.000000
1009	2	0	0.000000
1010	2	1	0.000000
1011	2	1	0.000000
1012	2	4	0.000000
1013	2	1	0.000000
1014	2	4	0.000000
1015	2	1	0.000000
1016	2	1	0.000000
1017	2	1	0.000000
1018	2	1	0.000000
1019	2	1	0.000000
1020	2	1	0.000000
1021	2	1	0.000000
1022	2	1	0.000000
1023	3	1	0.000000
1024	3	2	0.000000
1025	3	1	0.000000
1026	3	0	0.000000
1027	3	1	0.000000
1028	3	1	0.000000
1029	3	1	0.000000
1030	3	1	0.000000
1031	3	1	0.000000
1032	2	1	0.000000
1033	2	1	0.000000
1034	2	2	0.000000
1035	2	1	0.000000
1036	2	1	0.000000
1037	2	1	0.000000
1038	2	4	0.000000
1039	2	2	0.000000
1040	2	1	0.000000
1041	2	5	0.000000
1042	3	1	0.000000
1043	3	1	0.000000
1044	3	1	0.000000
1045	3	2	0.000000
1046	3	1	0.000000
1047	3	2	0.000000
1048	3	1	0.000000
1049	3	1	0.000000
1050	3	0	0.000000
1051	3	0	0.000000
1052	3	1	0.000000
1053	3	1	0.000000
1054	3	1	0.000000
1055	3	3	0.000000
1056	3	1	0.000000
1057	3	3	0.000000
1058	3	1	0.000000
1059	3	1	0.000000
1060	3	1	0.000000
1061	3	1	0.000000
1062	3	1	0.000000
1063	3	1	0.000000
1064	3	1	0.000000
1065	3	1	0.000000
1066	3	1	0.000000
1067	3	3	0.000000
1068	3	1	0.000000
1069	3	1	0.000000
1070	3	2	0.000000
1071	3	1	0.000000
1072	3	2	0.000000
1073	3	1	0.000000
1074	3	1	0.000000
1075	3	1	0.000000
1076	3	1	0.000000
1077	3	1	0.000000
1078	3	1	0.000000
1079	3	1	0.000000
1080	3	1	0.000000
1081	3	1	0.000000
1082	3	1	0.000000
1083	3	1	0.000000
1084	3	1	0.000000
1085	3	1	0.000000
1086	3	1	0.000000
1087	3	1	0.000000
1088	3	1	0.000000
1089	3	1	0.000000
1090	3	0	0.000000
1091	3	3	0.000000
1092	3	0	0.000000
1093	3	3	0.000000
1094	3	1	0.000000
1095	3	1	0.000000
1096	3	1	0.000000
1097	3	1	0.000000
1098	3	3	0.000000
1099	3	1	0.000000
1100	3	0	0.000000
1101	3	1	0.000000
1102	3	1	0.000000
1103	3	1	0.000000
1104	3	0	0.000000
1105	3	2	0.000000
1106	3	1	0.000000
1107	3	1	0.000000
1108	3	1	0.000000
1109	3	1	0.000000
1110	2	1	0.000000
1111	2	1	0.000000
1112	2	1	0.000000
1113	2	1	0.000000
1114	2	0	0.000000
1115	2	1	0.000000
1116	2	1	0.000000
1117	2	1	0.000000
1118	2	1	0.000000
1119	2	1	0.000000
1120	2	2	0.000000
1121	2	0	0.000000
1122	2	0	0.000000
1123	2	1	0.000000
1124	2	1	0.000000
1125	2	1	0.000000
1126	2	1	0.000000
1127	2	1	0.000000
1128	2	5	0.000000
1129	2	4	0.000000
1130	2	0	0.000000
1131	2	1	0.000000
1132	2	1	0.000000
1133	2	0	0.000000
1134	2	1	0.000000
1135	2	1	0.000000
1136	2	1	0.000000
1137	2	1	0.000000
1138	2	1	0.000000
1139	2	2	0.000000
1140	2	2	0.000000
1141	3	1	0.000000
1142	3	1	0.000000
1143	3	0	0.000000
1144	3	1	0.000000
1145	3	0	0.000000
1146	3	1	0.000000
1147	3	1	0.000000
1148	3	2	0.000000
1149	3	1	0.000000
1150	3	2	0.000000
1151	3	1	0.000000
1152	3	1	0.000000
1153	3	2	0.000000
1154	3	1	0.000000
1155	2	1	0.000000
1156	2	3	0.000000
1157	2	1	0.000000
1158	2	2	0.000000
1159	2	1	0.000000
1160	2	1	0.000000
1161	2	5	0.000000
1162	2	1	0.000000
1163	2	1	0.000000
1164	2	3	0.000000
1165	2	1	0.000000
1166	2	1	0.000000
1167	2	1	0.000000
1168	2	1	0.000000
1169	2	1	0.000000
1170	2	1	0.000000
1171	2	1	0.000000
1172	2	1	0.000000
1173	2	1	0.000000
1174	2	1	0.000000
1175	3	1	0.000000
1176	3	1	0.000000
1177	3	1	0.000000
1178	3	3	0.000000
1179	3	1	0.000000
1180	3	1	0.000000
1181	3	2	0.000000
1182	3	1	0.000000
1183	3	1	0.000000
1184	3	1	0.000000
1185	3	1	0.000000
1186	2	2	0.000000
1187	2	1	0.000000
1188	2	1	0.000000
1189	2	1	0.000000
1190	2	1	0.000000
1191	2	5	0.000000
1192	2	0	0.000000
1193	2	4	0.000000
1194	2	5	0.000000
1195	2	1	0.000000
1196	2	2	0.000000
1197	2	4	0.000000
1198	2	1	0.000000
1199	2	1	0.000000
1200	2	3	0.000000
1201	2	1	0.000000
1202	2	1	0.000000
1203	2	0	0.000000
1204	2	1	0.000000
1205	2	1	0.000000
1206	2	1	0.000000
1207	2	1	0.000000
1208	2	2	0.000000
1209	2	1	0.000000
1210	2	1	0.000000
1211	2	1	0.000000
1212	2	1	0.000000
1213	2	1	0.000000
1214	2	1	0.000000
1215	2	4	0.000000
1216	2	5	0.000000
1217	2	1	0.000000
1218	2	1	0.000000
1219	2	1	0.000000
1220	2	1	0.000000
1221	2	0	0.000000
1222	2	1	0.000000
1223	2	1	0.000000
1224	2	1	0.000000
1225	2	1	0.000000
1226	2	1	0.000000
1227	2	1	0.000000
1228	2	1	0.000000
1229	3	1	0.000000
1230	3	1	0.000000
1231	3	1	0.000000
1232	3	1	0.000000
1233	3	1	0.000000
1234	2	1	0.000000
1235	2	5	0.000000
1236	2	1	0.000000
1237	2	1	0.000000
1238	2	1	0.000000
1239	2	1	0.000000
1240	2	5	0.000000
1241	2	1	0.000000
1242	2	1	0.000000
1243	2	1	0.000000
1244	2	0	0.000000
1245	2	1	0.000000
1246	2	1	0.000000
1247	2	1	0.000000
1248	2	1	0.000000
1249	2	2	0.000000
1250	2	1	0.000000
1251	2	1	0.000000
1252	2	1	0.000000
1253	2	1	0.000000
1254	2	1	0.000000
1255	2	1	0.000000
1256	2	3	0.000000
1257	2	1	0.000000
1258	2	5	0.000000
1259	2	1	0.000000
1260	2	3	0.000000
1261	2	1	0.000000
1262	2	1	0.000000
1263	2	1	0.000000
1264	2	1	0.000000
1265	2	1	0.000000
1266	2	1	0.000000
1267	2	1	0.000000
1268	2	1	0.000000
1269	2	1	0.000000
1270	3	0	0.000000
1271	2	1	0.000000
1272	2	1	0.000000
1273	2	1	0.000000
1274	2	1	0.000000
1275	3	1	0.000000
1276	2	1	0.000000
1277	3	1	0.000000
1278	3	1	0.000000
1279	3	1	0.000000
1280	3	1	0.000000
1281	2	1	0.000000
1282	2	1	0.000000
1283	2	1	0.000000
1284	2	1	0.000000
1285	2	1	0.000000
1286	2	1	0.000000
1287	2	1	0.000000
1288	2	0	0.000000
1289	2	1	0.000000
1290	2	1	0.000000
1291	2	3	0.000000
1292	2	1	0.000000
1293	2	3	0.000000
1294	2	1	0.000000
1295	2	0	0.000000
1296	3	1	0.000000
1297	3	1	0.000000
1298	2	1	0.000000
1299	3	1	0.000000
1300	3	1	0.000000
1301	3	1	0.000000
1302	3	1	0.000000
1303	3	1	0.000000
1304	3	2	0.000000
1305	3	1	0.000000
1306	3	1	0.000000
1307	3	1	0.000000
1308	3	1	0.000000
1309	3	1	0.000000
1310	3	1	0.000000
1311	2	1	0.000000
1312	2	1	0.000000
1313	2	1	0.000000
1314	2	1	0.000000
1315	2	1	0.000000
1316	2	4	0.000000
1317	2	1	0.000000
1318	2	4	0.000000
1319	2	1	0.000000
1320	2	1	0.000000
1321	2	1	0.000000
1322	2	1	0.000000
1323	2	4	0.000000
1324	2	1	0.000000
1325	2	1	0.000000
1326	2	1	0.000000
1327	2	1	0.000000
1328	2	2	0.000000
1329	2	1	0.000000
1330	2	1	0.000000
1331	2	1	0.000000
1332	2	1	0.000000
1333	2	1	0.000000
1334	2	1	0.000000
1335	2	1	0.000000
1336	2	1	0.000000
1337	2	3	0.000000
1338	2	1	0.000000
1339	2	1	0.000000
1340	2	1	0.000000
1341	2	1	0.000000
1342	2	2	0.000000
1343	2	1	0.000000
1344	2	1	0.000000
1345	2	1	0.000000
1346	2	1	0.000000
1347	2	1	0.000000
1348	2	1	0.000000
1349	3	1	0.000000
1350	2	0	0.000000
1351	2	1	0.000000
1352	2	1	0.000000
1353	2	1	0.000000
1354	2	1	0.000000
1355	2	1	0.000000
1356	2	1	0.000000
1357	2	1	0.000000
1358	2	1	0.000000
1359	2	1	0.000000
1360	3	1	0.000000
1361	3	1	0.000000
1362	3	1	0.000000
1363	3	1	0.000000
1364	2	1	0.000000
1365	3	1	0.000000
1366	3	1	0.000000
1367	2	1	0.000000
1368	2	1	0.000000
1369	2	1	0.000000
1370	2	1	0.000000
1371	2	1	0.000000
1372	2	1	0.000000
1373	2	1	0.000000
1374	2	2	0.000000
1375	2	1	0.000000
1376	2	1	0.000000
1377	2	1	0.000000
1378	2	1	0.000000
1379	2	0	0.000000
1380	2	1	0.000000
1381	2	1	0.000000
1382	2	1	0.000000
1383	2	1	0.000000
1384	2	2	0.000000
1385	2	1	0.000000
1386	2	1	0.000000
1387	2	1	0.000000
1388	2	1	0.000000
1389	2	1	0.000000
1390	2	5	0.000000
1391	2	1	0.000000
1392	2	1	0.000000
1393	2	1	0.000000
1394	2	1	0.000000
1395	2	1	0.000000
1396	2	1	0.000000
1397	2	1	0.000000
1398	2	1	0.000000
1399	2	1	0.000000
1400	2	2	0.000000
1401	2	1	0.000000
1402	1	0	0.000000
1403	1	0	0.000000
1404	1	0	0.000000
1405	1	0	0.000000
1406	1	0	0.000000
1407	1	0	0.000000
1408	1	0	0.000000
1409	1	0	0.000000
1410	1	0	0.000000
1411	1	0	0.000000
1412	1	2	0.000000
1413	1	2	0.000000
1414	2	1	0.000000
1415	2	1	0.000000
1416	2	1	0.000000
1417	2	1	0.000000
1418	2	1	0.000000
1419	2	1	0.000000
1420	3	1	0.000000
1421	3	1	0.000000
1422	3	1	0.000000
1423	3	1	0.000000
1424	3	1	0.000000
1425	3	1	0.000000
1426	3	2	0.000000
1427	3	1	0.000000
1428	3	1	0.000000
1429	3	1	0.000000
1430	3	1	0.000000
1431	3	1	0.000000
1432	3	1	0.000000
1433	3	1	0.000000
1434	3	1	0.000000
1435	3	1	0.000000
1436	3	1	0.000000
1437	3	1	0.000000
1438	3	1	0.000000
1439	3	1	0.000000
1440	3	1	0.000000
1441	3	3	0.000000
1442	3	1	0.000000
1443	3	1	0.000000
1444	3	2	0.000000
1445	3	1	0.000000
1446	3	1	0.000000
1447	3	1	0.000000
1448	3	1	0.000000
1449	3	1	0.000000
1450	3	1	0.000000
1451	3	1	0.000000
1452	3	1	0.000000
1453	3	1	0.000000
1454	3	1	0.000000
1455	3	1	0.000000
1456	3	1	0.000000
1457	3	1	0.000000
1458	3	1	0.000000
1459	3	1	0.000000
1460	3	1	0.000000
1461	3	1	0.000000
1462	3	1	0.000000
1463	3	1	0.000000
1464	3	1	0.000000
1465	3	0	0.000000
1466	3	1	0.000000
1467	3	1	0.000000
1468	3	1	0.000000
1469	3	1	0.000000
1470	3	1	0.000000
1471	3	1	0.000000
1472	3	1	0.000000
1473	3	1	0.000000
1474	3	1	0.000000
1475	3	1	0.000000
1476	3	1	0.000000
1477	3	1	0.000000
1478	3	1	0.000000
1479	3	1	0.000000
1480	3	2	0.000000
1481	3	1	0.000000
1482	3	1	0.000000
1483	3	1	0.000000
1484	3	1	0.000000
1485	3	1	0.000000
1486	3	3	0.000000
1487	3	3	0.000000
1488	3	1	0.000000
1489	3	1	0.000000
1490	3	3	0.000000
1491	3	1	0.000000
1492	3	1	0.000000
1493	3	1	0.000000
1494	3	1	0.000000
1495	2	1	0.000000
1496	2	1	0.000000
1497	2	4	0.000000
1498	2	1	0.000000
1499	2	1	0.000000
1500	2	1	0.000000
1501	2	5	0.000000
1502	2	1	0.000000
1503	2	1	0.000000
1504	2	1	0.000000
1505	2	1	0.000000
1506	2	1	0.000000
1507	2	1	0.000000
1508	2	1	0.000000
1509	2	0	0.000000
1510	2	1	0.000000
1511	2	1	0.000000
1512	2	4	0.000000
1513	2	1	0.000000
1514	2	1	0.000000
1515	2	1	0.000000
1516	2	1	0.000000
1517	2	1	0.000000
1518	2	1	0.000000
1519	2	2	0.000000
1520	2	2	0.000000
1521	2	1	0.000000
1522	2	1	0.000000
1523	2	1	0.000000
1524	2	1	0.000000
1525	2	1	0.000000
1526	2	4	0.000000
1527	2	1	0.000000
1528	3	1	0.000000
1529	2	2	0.000000
1530	3	1	0.000000
1531	3	2	0.000000
1532	3	1	0.000000
1533	3	3	0.000000
1534	3	1	0.000000
1535	3	2	0.000000
1536	3	1	0.000000
1537	3	1	0.000000
1538	3	1	0.000000
1539	2	1	0.000000
1540	2	1	0.000000
1541	2	1	0.000000
1542	2	1	0.000000
1543	2	1	0.000000
1544	2	1	0.000000
1545	2	1	0.000000
1546	2	4	0.000000
1547	3	1	0.000000
1548	3	2	0.000000
1549	3	1	0.000000
1550	3	0	0.000000
1551	3	1	0.000000
1552	3	1	0.000000
1553	2	1	0.000000
1554	2	1	0.000000
1555	2	1	0.000000
1556	2	1	0.000000
1557	2	1	0.000000
1558	2	1	0.000000
1559	2	1	0.000000
1560	2	3	0.000000
1561	2	3	0.000000
1562	2	0	0.000000
1563	2	1	0.000000
1564	2	1	0.000000
1565	2	4	0.000000
1566	2	1	0.000000
1567	2	1	0.000000
1568	3	1	0.000000
1569	3	1	0.000000
1570	3	3	0.000000
1571	3	1	0.000000
1572	3	1	0.000000
1573	3	1	0.000000
1574	3	1	0.000000
1575	3	1	0.000000
1576	3	1	0.000000
1577	3	1	0.000000
1578	3	1	0.000000
1579	2	1	0.000000
1580	2	1	0.000000
1581	2	5	0.000000
1582	2	1	0.000000
1583	2	1	0.000000
1584	2	5	0.000000
1585	2	1	0.000000
1586	2	1	0.000000
1587	2	1	0.000000
1588	2	4	0.000000
1589	2	1	0.000000
1590	2	1	0.000000
1591	2	1	0.000000
1592	2	1	0.000000
1593	2	4	0.000000
1594	2	1	0.000000
1595	2	1	0.000000
1596	2	1	0.000000
1597	2	1	0.000000
1598	2	1	0.000000
1599	2	1	0.000000
1600	2	1	0.000000
1601	2	1	0.000000
1602	2	1	0.000000
1603	2	1	0.000000
1604	2	1	0.000000
1605	2	1	0.000000
1606	2	5	0.000000
1607	2	1	0.000000
1608	2	1	0.000000
1609	2	1	0.000000
1610	2	1	0.000000
1611	2	1	0.000000
1612	2	1	0.000000
1613	2	1	0.000000
1614	2	1	0.000000
1615	2	1	0.000000
1616	2	1	0.000000
1617	2	2	0.000000
1618	2	1	0.000000
1619	2	1	0.000000
1620	2	1	0.000000
1621	2	1	0.000000
1622	2	1	0.000000
1623	2	1	0.000000
1624	2	1	0.000000
1625	2	1	0.000000
1626	2	1	0.000000
1627	2	1	0.000000
1628	2	1	0.000000
1629	2	1	0.000000
1630	2	1	0.000000
1631	2	2	0.000000
1632	2	1	0.000000
1633	2	5	0.000000
1634	2	4	0.000000
1635	2	0	0.000000
1636	2	1	0.000000
1637	2	1	0.000000
1638	2	5	0.000000
1639	2	1	0.000000
1640	2	1	0.000000
1641	2	1	0.000000
1642	3	1	0.000000
1643	3	1	0.000000
1644	3	1	0.000000
1645	3	1	0.000000
1646	3	1	0.000000
1647	3	1	0.000000
1648	4	1	0.000000
1649	4	2	0.000000
1650	4	1	0.000000
1651	3	1	0.000000
1652	3	1	0.000000
1653	3	1	0.000000
1654	4	1	0.000000
1655	3	3	0.000000
1656	4	1	0.000000
1657	4	1	0.000000
1658	3	3	0.000000
1659	4	1	0.000000
1660	4	1	0.000000
1661	4	1	0.000000
1662	4	2	0.000000
1663	4	1	0.000000
1664	4	0	0.000000
1665	4	1	0.000000
1666	4	1	0.000000
1667	4	1	0.000000
1668	4	1	0.000000
1669	4	0	0.000000
1670	4	1	0.000000
1671	4	2	0.000000
1672	4	1	0.000000
1673	4	0	0.000000
1674	4	0	0.000000
1675	4	1	0.000000
1676	4	1	0.000000
1677	4	1	0.000000
1678	4	1	0.000000
1679	4	0	0.000000
1680	4	1	0.000000
1681	4	1	0.000000
1682	4	1	0.000000
1683	4	2	0.000000
1684	4	3	0.000000
1685	4	0	0.000000
1686	4	1	0.000000
1687	4	1	0.000000
1688	4	1	0.000000
1689	4	1	0.000000
1690	3	1	0.000000
1691	4	1	0.000000
1692	3	1	0.000000
1693	3	1	0.000000
1694	3	1	0.000000
1695	3	3	0.000000
1696	3	1	0.000000
1697	3	1	0.000000
1698	3	1	0.000000
1699	3	1	0.000000
1700	3	0	0.000000
1701	3	1	0.000000
1702	3	1	0.000000
1703	3	1	0.000000
1704	3	1	0.000000
1705	3	1	0.000000
1706	3	1	0.000000
1707	3	1	0.000000
1708	3	1	0.000000
1709	3	1	0.000000
1710	3	1	0.000000
1711	3	3	0.000000
1712	3	1	0.000000
1713	3	1	0.000000
1714	3	1	0.000000
1715	3	1	0.000000
1716	3	0	0.000000
1717	3	1	0.000000
1718	2	0	0.000000
1719	2	1	0.000000
1720	2	1	0.000000
1721	2	1	0.000000
1722	2	0	0.000000
1723	2	1	0.000000
1724	2	1	0.000000
1725	2	1	0.000000
1726	2	3	0.000000
1727	2	1	0.000000
1728	2	1	0.000000
1729	2	1	0.000000
1730	2	1	0.000000
1731	2	1	0.000000
1732	2	1	0.000000
1733	2	1	0.000000
1734	2	1	0.000000
1735	2	3	0.000000
1736	2	1	0.000000
1737	2	2	0.000000
1738	2	0	0.000000
1739	2	1	0.000000
1740	2	5	0.000000
1741	2	1	0.000000
1742	2	1	0.000000
1743	2	1	0.000000
1744	3	1	0.000000
1745	2	5	0.000000
1746	3	2	0.000000
1747	2	1	0.000000
1748	2	1	0.000000
1749	2	1	0.000000
1750	2	1	0.000000
1751	2	1	0.000000
1752	2	1	0.000000
1753	2	1	0.000000
1754	2	1	0.000000
1755	2	1	0.000000
1756	2	1	0.000000
1757	3	1	0.000000
1758	3	3	0.000000
1759	3	1	0.000000
1760	3	0	0.000000
1761	3	3	0.000000
1762	3	1	0.000000
1763	3	1	0.000000
1764	3	1	0.000000
1765	3	1	0.000000
1766	2	1	0.000000
1767	2	1	0.000000
1768	2	1	0.000000
1769	2	1	0.000000
1770	2	1	0.000000
1771	2	1	0.000000
1772	2	1	0.000000
1773	2	1	0.000000
1774	3	1	0.000000
1775	2	1	0.000000
1776	3	2	0.000000
1777	2	1	0.000000
1778	3	1	0.000000
1779	3	1	0.000000
1780	3	1	0.000000
1781	2	3	0.000000
1782	2	3	0.000000
1783	2	1	0.000000
1784	2	1	0.000000
1785	2	1	0.000000
1786	2	1	0.000000
1787	2	5	0.000000
1788	2	1	0.000000
1789	2	1	0.000000
1790	3	1	0.000000
1791	3	1	0.000000
1792	3	0	0.000000
1793	3	1	0.000000
1794	3	3	0.000000
1795	3	1	0.000000
1796	3	1	0.000000
1797	3	2	0.000000
1798	3	1	0.000000
1799	3	0	0.000000
1800	3	2	0.000000
1801	2	1	0.000000
1802	2	1	0.000000
1803	2	1	0.000000
1804	2	1	0.000000
1805	2	1	0.000000
1806	2	1	0.000000
1807	2	1	0.000000
1808	2	1	0.000000
1809	2	1	0.000000
1810	2	1	0.000000
1811	2	1	0.000000
1812	2	1	0.000000
1813	2	1	0.000000
1814	2	1	0.000000
1815	2	2	0.000000
1816	2	1	0.000000
1817	2	0	0.000000
1818	2	5	0.000000
1819	2	1	0.000000
1820	2	1	0.000000
1821	2	1	0.000000
1822	2	1	0.000000
1823	2	1	0.000000
1824	2	1	0.000000
1825	2	1	0.000000
1826	2	1	0.000000
1827	3	0	0.000000
1828	3	3	0.000000
1829	3	1	0.000000
1830	3	1	0.000000
1831	3	1	0.000000
1832	3	1	0.000000
1833	3	1	0.000000
1834	3	1	0.000000
1835	3	2	0.000000
1836	3	1	0.000000
1837	3	1	0.000000
1838	3	1	0.000000
1839	3	2	0.000000
1840	3	1	0.000000
1841	3	1	0.000000
1842	3	1	0.000000
1843	3	1	0.000000
1844	3	1	0.000000
1845	3	1	0.000000
1846	3	1	0.000000
1847	3	1	0.000000
1848	3	1	0.000000
1849	3	1	0.000000
1850	3	1	0.000000
1851	3	1	0.000000
1852	3	2	0.000000
1853	3	1	0.000000
1854	3	1	0.000000
1855	3	1	0.000000
1856	3	1	0.000000
1857	3	1	0.000000
1858	3	0	0.000000
1859	3	1	0.000000
1860	3	1	0.000000
1861	3	1	0.000000
1862	3	1	0.000000
1863	3	1	0.000000
1864	3	0	0.000000
1865	3	1	0.000000
1866	3	3	0.000000
1867	3	3	0.000000
1868	3	1	0.000000
1869	3	1	0.000000
1870	3	2	0.000000
1871	4	3	0.000000
1872	3	1	0.000000
1873	3	1	0.000000
1874	3	2	0.000000
1875	3	1	0.000000
1876	3	1	0.000000
1877	3	3	0.000000
1878	4	1	0.000000
1879	4	3	0.000000
1880	4	1	0.000000
1881	4	1	0.000000
1882	4	1	0.000000
1883	4	1	0.000000
1884	4	1	0.000000
1885	4	1	0.000000
1886	4	1	0.000000
1887	4	1	0.000000
1888	4	1	0.000000
1889	4	1	0.000000
1890	4	1	0.000000
1891	3	1	0.000000
1892	3	1	0.000000
1893	3	1	0.000000
1894	3	1	0.000000
1895	3	1	0.000000
1896	3	1	0.000000
1897	3	1	0.000000
1898	3	0	0.000000
1899	3	1	0.000000
1900	3	1	0.000000
1901	3	1	0.000000
1902	3	2	0.000000
1903	3	1	0.000000
1904	3	1	0.000000
1905	3	1	0.000000
1906	3	1	0.000000
1907	3	1	0.000000
1908	3	1	0.000000
1909	3	1	0.000000
1910	3	1	0.000000
1911	3	3	0.000000
1912	3	3	0.000000
1913	3	3	0.000000
1914	3	1	0.000000
1915	3	1	0.000000
1916	3	1	0.000000
1917	3	1	0.000000
1918	3	1	0.000000
1919	3	1	0.000000
1920	3	1	0.000000
1921	3	1	0.000000
1922	3	1	0.000000
1923	3	1	0.000000
1924	3	1	0.000000
1925	3	2	0.000000
1926	3	2	0.000000
1927	3	1	0.000000
1928	3	1	0.000000
1929	3	1	0.000000
1930	3	1	0.000000
1931	2	1	0.000000
1932	2	1	0.000000
1933	2	1	0.000000
1934	2	4	0.000000
1935	2	4	0.000000
1936	2	1	0.000000
1937	2	1	0.000000
1938	2	1	0.000000
1939	2	5	0.000000
1940	2	1	0.000000
1941	3	1	0.000000
1942	2	1	0.000000
1943	2	3	0.000000
1944	2	4	0.000000
1945	2	1	0.000000
1946	2	1	0.000000
1947	2	1	0.000000
1948	2	1	0.000000
1949	2	1	0.000000
1950	2	1	0.000000
1951	2	1	0.000000
1952	2	5	0.000000
1953	2	1	0.000000
1954	2	1	0.000000
1955	2	1	0.000000
1956	2	1	0.000000
1957	2	1	0.000000
1958	2	1	0.000000
1959	2	1	0.000000
1960	2	1	0.000000
1961	2	1	0.000000
1962	2	1	0.000000
1963	2	1	0.000000
1964	2	1	0.000000
1965	3	1	0.000000
1966	3	1	0.000000
1967	3	1	0.000000
1968	3	1	0.000000
1969	3	1	0.000000
1970	3	1	0.000000
1971	3	1	0.000000
1972	3	1	0.000000
1973	3	1	0.000000
1974	3	1	0.000000
1975	2	1	0.000000
1976	2	1	0.000000
1977	2	1	0.000000
1978	2	1	0.000000
1979	2	5	0.000000
1980	2	1	0.000000
1981	2	1	0.000000
1982	2	3	0.000000
1983	2	1	0.000000
1984	2	5	0.000000
1985	2	1	0.000000
1986	2	1	0.000000
1987	2	0	0.000000
1988	2	1	0.000000
1989	2	1	0.000000
1990	2	1	0.000000
1991	2	1	0.000000
1992	2	1	0.000000
1993	2	4	0.000000
1994	2	1	0.000000
1995	2	1	0.000000
1996	2	2	0.000000
1997	2	1	0.000000
1998	2	4	0.000000
1999	2	1	0.000000
2000	2	1	0.000000
2001	2	1	0.000000
2002	2	1	0.000000
2003	2	1	0.000000
2004	2	1	0.000000
2005	2	1	0.000000
2006	2	1	0.000000
2007	2	1	0.000000
2008	2	0	0.000000
2009	2	1	0.000000
2010	2	1	0.000000
2011	2	3	0.000000
2012	2	0	0.000000
2013	2	1	0.000000
2014	2	1	0.000000
2015	2	1	0.000000
2016	2	1	0.000000
2017	2	3	0.000000
2018	2	1	0.000000
2019	2	1	0.000000
2020	2	1	0.000000
2021	2	1	0.000000
2022	1	0	0.000000
2023	2	3	0.000000
2024	2	0	0.000000
2025	1	0	0.000000
2026	1	0	0.000000
2027	1	3	0.000000
2028	1	0	0.000000
2029	1	0	0.000000
2030	1	2	0.000000
2031	1	0	0.000000
2032	1	0	0.000000
2033	1	0	0.000000
2034	1	0	0.000000
2035	1	0	0.000000
2036	1	0	0.000000
2037	1	0	0.000000
2038	1	3	0.000000
2039	1	0	0.000000
2040	1	2	0.000000
2041	1	0	0.000000
2042	1	0	0.000000
2043	1	0	0.000000
2044	1	0	0.000000
2045	1	0	0.000000
2046	1	0	0.000000
2047	1	0	0.000000
2048	1	0	0.000000
2049	1	0	0.000000
2050	1	0	0.000000
2051	1	0	0.000000
2052	1	0	0.000000
2053	1	0	0.000000
2054	1	0	0.000000
2055	1	0	0.000000
2056	1	0	0.000000
2057	1	0	0.000000
2058	2	4	0.000000
2059	2	1	0.000000
2060	2	1	0.000000
2061	2	3	0.000000
2062	2	1	0.000000
2063	2	1	0.000000
2064	2	1	0.000000
2065	2	4	0.000000
2066	2	1	0.000000
2067	2	3	0.000000
2068	2	4	0.000000
2069	2	1	0.000000
2070	2	1	0.000000
2071	2	1	0.000000
2072	2	1	0.000000
2073	2	1	0.000000
2074	2	5	0.000000
2075	2	1	0.000000
2076	2	1	0.000000
2077	2	4	0.000000
2078	2	1	0.000000
2079	2	1	0.000000
2080	2	1	0.000000
2081	2	1	0.000000
2082	2	1	0.000000
2083	2	1	0.000000
2084	2	1	0.000000
2085	2	1	0.000000
2086	2	1	0.000000
2087	2	1	0.000000
2088	2	1	0.000000
2089	2	1	0.000000
2090	2	1	0.000000
2091	2	1	0.000000
2092	2	5	0.000000
2093	2	1	0.000000
2094	1	1	0.000000
2095	1	1	0.000000
2096	1	0	0.000000
2097	1	0	0.000000
2098	1	0	0.000000
2099	1	0	0.000000
2100	1	0	0.000000
2101	1	0	0.000000
2102	1	0	0.000000
2103	1	0	0.000000
2104	1	0	0.000000
2105	1	0	0.000000
2106	1	0	0.000000
2107	1	0	0.000000
2108	1	0	0.000000
2109	1	0	0.000000
2110	1	2	0.000000
2111	1	0	0.000000
2112	1	0	0.000000
2113	1	0	0.000000
2114	1	0	0.000000
2115	1	0	0.000000
2116	1	0	0.000000
2117	1	0	0.000000
2118	1	0	0.000000
2119	1	0	0.000000
2120	1	3	0.000000
2121	1	0	0.000000
2122	1	0	0.000000
2123	1	0	0.000000
2124	1	0	0.000000
2125	1	0	0.000000
2126	1	0	0.000000
2127	1	0	0.000000
2128	1	0	0.000000
2129	1	0	0.000000
2130	1	0	0.000000
2131	1	0	0.000000
2132	1	0	0.000000
2133	1	0	0.000000
2134	1	0	0.000000
2135	1	0	0.000000
2136	1	0	0.000000
2137	1	0	0.000000
2138	1	0	0.000000
2139	1	0	0.000000
2140	1	0	0.000000
2141	1	0	0.000000
2142	1	0	0.000000
2143	1	0	0.000000
2144	1	0	0.000000
2145	1	2	0.000000
2146	1	0	0.000000
2147	1	0	0.000000
2148	1	0	0.000000
2149	1	0	0.000000
2150	1	0	0.000000
2151	1	0	0.000000
2152	1	0	0.000000
2153	1	0	0.000000
2154	1	0	0.000000
2155	1	0	0.000000
2156	1	0	0.000000
2157	1	0	0.000000
2158	1	1	0.000000
2159	1	0	0.000000
2160	1	1	0.000000
2161	1	1	0.000000
2162	1	0	0.000000
2163	1	3	0.000000
2164	1	3	0.000000
2165	1	0	0.000000
2166	1	0	0.000000
2167	1	0	0.000000
2168	1	0	0.000000
2169	1	0	0.000000
2170	1	0	0.000000
2171	1	0	0.000000
2172	1	0	0.000000
2173	1	0	0.000000
2174	1	0	0.000000
2175	1	0	0.000000
2176	1	0	0.000000
2177	1	0	0.000000
2178	1	3	0.000000
2179	1	0	0.000000
2180	2	1	0.000000
2181	2	1	0.000000
2182	2	0	0.000000
2183	2	1	0.000000
2184	2	1	0.000000
2185	2	1	0.000000
2186	2	1	0.000000
2187	1	0	0.000000
2188	1	2	0.000000
2189	1	0	0.000000
2190	1	0	0.000000
2191	1	0	0.000000
2192	1	0	0.000000
2193	1	3	0.000000
2194	1	0	0.000000
2195	1	0	0.000000
2196	1	3	0.000000
2197	1	0	0.000000
2198	1	0	0.000000
2199	2	1	0.000000
2200	2	4	0.000000
2201	2	1	0.000000
2202	2	1	0.000000
2203	2	1	0.000000
2204	2	1	0.000000
2205	2	1	0.000000
2206	2	1	0.000000
2207	2	3	0.000000
2208	2	1	0.000000
2209	2	1	0.000000
2210	2	1	0.000000
2211	2	1	0.000000
2212	2	2	0.000000
2213	2	1	0.000000
2214	2	1	0.000000
2215	2	1	0.000000
2216	2	1	0.000000
2217	2	1	0.000000
2218	2	1	0.000000
2219	2	1	0.000000
2220	2	1	0.000000
2221	2	5	0.000000
2222	2	1	0.000000
2223	2	1	0.000000
2224	1	0	0.000000
2225	1	0	0.000000
2226	1	0	0.000000
2227	1	0	0.000000
2228	1	1	0.000000
2229	1	0	0.000000
2230	1	2	0.000000
2231	1	3	0.000000
2232	1	0	0.000000
2233	1	1	0.000000
2234	1	2	0.000000
2235	1	0	0.000000
2236	1	0	0.000000
2237	1	0	0.000000
2238	1	0	0.000000
2239	1	0	0.000000
2240	1	0	0.000000
2241	1	0	0.000000
2242	1	2	0.000000
2243	1	0	0.000000
2244	1	0	0.000000
2245	1	0	0.000000
2246	1	1	0.000000
2247	1	0	0.000000
2248	1	0	0.000000
2249	1	0	0.000000
2250	1	0	0.000000
2251	1	0	0.000000
2252	1	0	0.000000
2253	1	0	0.000000
2254	1	2	0.000000
2255	1	1	0.000000
2256	1	0	0.000000
2257	1	2	0.000000
2258	1	0	0.000000
2259	1	0	0.000000
2260	1	0	0.000000
2261	1	0	0.000000
2262	1	0	0.000000
2263	1	1	0.000000
2264	1	0	0.000000
2265	1	0	0.000000
2266	1	1	0.000000
2267	1	0	0.000000
2268	1	0	0.000000
2269	1	0	0.000000
2270	1	0	0.000000
2271	1	0	0.000000
2272	1	0	0.000000
2273	1	0	0.000000
2274	1	0	0.000000
2275	1	0	0.000000
2276	1	0	0.000000
2277	1	0	0.000000
2278	1	0	0.000000
2279	1	0	0.000000
2280	1	0	0.000000
2281	1	2	0.000000
2282	1	0	0.000000
2283	1	0	0.000000
2284	1	0	0.000000
2285	1	0	0.000000
2286	1	0	0.000000
2287	1	2	0.000000
2288	1	0	0.000000
2289	1	0	0.000000
2290	1	0	0.000000
2291	1	0	0.000000
2292	1	0	0.000000
2293	1	0	0.000000
2294	1	2	0.000000
2295	1	0	0.000000
2296	1	0	0.000000
2297	1	0	0.000000
2298	1	0	0.000000
2299	1	0	0.000000
2300	1	0	0.000000
2301	1	0	0.000000
2302	1	1	0.000000
2303	1	0	0.000000
2304	1	0	0.000000
2305	1	2	0.000000
2306	1	0	0.000000
2307	1	0	0.000000
2308	1	0	0.000000
2309	1	0	0.000000
2310	1	0	0.000000
2311	1	0	0.000000
2312	1	0	0.000000
2313	1	0	0.000000
2314	1	0	0.000000
2315	1	0	0.000000
2316	1	3	0.000000
2317	1	0	0.000000
2318	1	0	0.000000
2319	1	2	0.000000
2320	2	0	0.000000
2321	2	1	0.000000
2322	2	3	0.000000
2323	2	1	0.000000
2324	2	1	0.000000
2325	3	1	0.000000
2326	3	1	0.000000
2327	3	2	0.000000
2328	3	1	0.000000
2329	3	2	0.000000
2330	3	1	0.000000
2331	3	1	0.000000
2332	3	2	0.000000
2333	3	1	0.000000
2334	3	1	0.000000
2335	3	1	0.000000
2336	3	1	0.000000
2337	3	3	0.000000
2338	3	1	0.000000
2339	3	0	0.000000
2340	3	1	0.000000
2341	3	1	0.000000
2342	3	1	0.000000
2343	3	1	0.000000
2344	3	1	0.000000
2345	3	3	0.000000
2346	3	3	0.000000
2347	3	2	0.000000
2348	3	1	0.000000
2349	3	3	0.000000
2350	3	0	0.000000
2351	3	1	0.000000
2352	3	1	0.000000
2353	3	1	0.000000
2354	2	1	0.000000
2355	2	1	0.000000
2356	2	1	0.000000
2357	2	1	0.000000
2358	2	1	0.000000
2359	2	1	0.000000
2360	3	0	0.000000
2361	3	1	0.000000
2362	3	1	0.000000
2363	3	1	0.000000
2364	3	1	0.000000
2365	3	3	0.000000
2366	3	1	0.000000
2367	2	1	0.000000
2368	2	1	0.000000
2369	2	4	0.000000
2370	2	1	0.000000
2371	2	1	0.000000
2372	2	1	0.000000
2373	2	1	0.000000
2374	2	1	0.000000
2375	2	1	0.000000
2376	2	4	0.000000
2377	2	1	0.000000
2378	2	4	0.000000
2379	2	1	0.000000
2380	2	1	0.000000
2381	2	1	0.000000
2382	2	1	0.000000
2383	2	1	0.000000
2384	2	1	0.000000
2385	2	4	0.000000
2386	2	1	0.000000
2387	2	1	0.000000
2388	2	1	0.000000
2389	2	1	0.000000
2390	2	1	0.000000
2391	2	1	0.000000
2392	2	1	0.000000
2393	2	1	0.000000
2394	2	3	0.000000
2395	3	1	0.000000
2396	2	1	0.000000
2397	3	3	0.000000
2398	3	3	0.000000
2399	3	1	0.000000
2400	3	1	0.000000
2401	3	1	0.000000
2402	3	1	0.000000
2403	3	3	0.000000
2404	3	1	0.000000
2405	3	1	0.000000
2406	3	1	0.000000
2407	2	1	0.000000
2408	2	4	0.000000
2409	2	1	0.000000
2410	2	1	0.000000
2411	2	1	0.000000
2412	2	1	0.000000
2413	2	1	0.000000
2414	2	0	0.000000
2415	2	4	0.000000
2416	2	1	0.000000
2417	2	1	0.000000
2418	2	1	0.000000
2419	2	0	0.000000
2420	2	1	0.000000
2421	2	1	0.000000
2422	3	1	0.000000
2423	3	1	0.000000
2424	3	1	0.000000
2425	3	1	0.000000
2426	3	1	0.000000
2427	3	1	0.000000
2428	3	1	0.000000
2429	3	1	0.000000
2430	3	1	0.000000
2431	2	1	0.000000
2432	2	1	0.000000
2433	2	1	0.000000
2434	2	1	0.000000
2435	2	1	0.000000
2436	2	1	0.000000
2437	2	1	0.000000
2438	2	0	0.000000
2439	2	1	0.000000
2440	2	1	0.000000
2441	2	1	0.000000
2442	2	1	0.000000
2443	2	1	0.000000
2444	2	1	0.000000
2445	2	1	0.000000
2446	2	2	0.000000
2447	2	1	0.000000
2448	3	1	0.000000
2449	3	1	0.000000
2450	3	1	0.000000
2451	3	1	0.000000
2452	3	1	0.000000
2453	2	1	0.000000
2454	2	1	0.000000
2455	2	1	0.000000
2456	2	1	0.000000
2457	2	1	0.000000
2458	2	1	0.000000
2459	2	1	0.000000
2460	2	1	0.000000
2461	2	1	0.000000
2462	2	1	0.000000
2463	2	1	0.000000
2464	2	1	0.000000
2465	2	1	0.000000
2466	3	2	0.000000
2467	2	0	0.000000
2468	2	1	0.000000
2469	2	2	0.000000
2470	3	1	0.000000
2471	2	1	0.000000
2472	2	1	0.000000
2473	3	1	0.000000
2474	2	1	0.000000
2475	2	1	0.000000
2476	2	1	0.000000
2477	3	1	0.000000
2478	3	1	0.000000
2479	3	1	0.000000
2480	3	1	0.000000
2481	3	1	0.000000
2482	3	0	0.000000
2483	3	1	0.000000
2484	2	2	0.000000
2485	2	1	0.000000
2486	2	1	0.000000
2487	2	1	0.000000
2488	2	1	0.000000
2489	2	5	0.000000
2490	2	1	0.000000
2491	2	1	0.000000
2492	2	1	0.000000
2493	2	1	0.000000
2494	2	1	0.000000
2495	2	1	0.000000
2496	2	1	0.000000
2497	2	3	0.000000
2498	2	1	0.000000
2499	2	4	0.000000
2500	2	1	0.000000
2501	2	1	0.000000
2502	2	1	0.000000
2503	2	3	0.000000
2504	2	2	0.000000
2505	2	1	0.000000
2506	2	1	0.000000
2507	3	1	0.000000
2508	3	1	0.000000
2509	3	1	0.000000
2510	3	1	0.000000
2511	3	1	0.000000
2512	3	0	0.000000
2513	3	1	0.000000
2514	3	1	0.000000
2515	3	1	0.000000
2516	3	2	0.000000
2517	3	1	0.000000
2518	3	1	0.000000
2519	3	1	0.000000
2520	3	1	0.000000
2521	3	1	0.000000
2522	3	1	0.000000
2523	3	1	0.000000
2524	3	1	0.000000
2525	3	1	0.000000
2526	3	1	0.000000
2527	3	1	0.000000
2528	3	1	0.000000
2529	3	3	0.000000
2530	3	1	0.000000
2531	3	1	0.000000
2532	3	1	0.000000
2533	3	1	0.000000
2534	3	1	0.000000
2535	3	1	0.000000
2536	3	0	0.000000
2537	3	1	0.000000
2538	3	1	0.000000
2539	3	1	0.000000
2540	3	1	0.000000
2541	3	1	0.000000
2542	3	1	0.000000
2543	3	1	0.000000
2544	3	1	0.000000
2545	3	1	0.000000
2546	3	1	0.000000
2547	3	1	0.000000
2548	3	1	0.000000
2549	3	1	0.000000
2550	3	1	0.000000
2551	3	1	0.000000
2552	3	1	0.000000
2553	3	1	0.000000
2554	3	0	0.000000
2555	3	3	0.000000
2556	3	1	0.000000
2557	3	1	0.000000
2558	3	2	0.000000
2559	3	2	0.000000
2560	3	1	0.000000
2561	3	1	0.000000
2562	3	1	0.000000
2563	3	1	0.000000
2564	4	1	0.000000
2565	3	1	0.000000
2566	3	1	0.000000
2567	3	1	0.000000
2568	3	1	0.000000
2569	3	1	0.000000
2570	3	1	0.000000
2571	3	0	0.000000
2572	3	1	0.000000
2573	3	2	0.000000
2574	3	1	0.000000
2575	3	1	0.000000
2576	3	1	0.000000
2577	3	1	0.000000
2578	3	1	0.000000
2579	3	3	0.000000
2580	3	1	0.000000
2581	3	1	0.000000
2582	3	1	0.000000
2583	3	1	0.000000
2584	3	1	0.000000
2585	3	1	0.000000
2586	3	2	0.000000
2587	3	1	0.000000
2588	3	1	0.000000
2589	3	1	0.000000
2590	3	1	0.000000
2591	3	2	0.000000
2592	3	3	0.000000
2593	3	3	0.000000
2594	3	1	0.000000
2595	3	0	0.000000
2596	3	1	0.000000
2597	3	1	0.000000
2598	3	3	0.000000
2599	3	1	0.000000
2600	3	1	0.000000
2601	3	1	0.000000
2602	3	1	0.000000
2603	3	2	0.000000
2604	3	1	0.000000
2605	3	1	0.000000
2606	3	2	0.000000
2607	3	1	0.000000
2608	3	1	0.000000
2609	3	1	0.000000
2610	3	1	0.000000
2611	3	1	0.000000
2612	3	1	0.000000
2613	3	2	0.000000
2614	3	1	0.000000
2615	3	1	0.000000
2616	3	2	0.000000
2617	3	1	0.000000
2618	3	1	0.000000
2619	3	1	0.000000
2620	3	1	0.000000
2621	3	1	0.000000
2622	3	1	0.000000
2623	3	1	0.000000
2624	3	1	0.000000
2625	3	1	0.000000
2626	3	1	0.000000
2627	3	1	0.000000
2628	3	1	0.000000
2629	3	1	0.000000
2630	3	1	0.000000
2631	3	1	0.000000
2632	3	1	0.000000
2633	3	1	0.000000
2634	3	1	0.000000
2635	3	3	0.000000
2636	3	1	0.000000
2637	3	1	0.000000
2638	3	1	0.000000
2639	3	1	0.000000
2640	3	1	0.000000
2641	3	3	0.000000
2642	3	1	0.000000
2643	3	1	0.000000
2644	3	0	0.000000
2645	3	1	0.000000
2646	3	0	0.000000
2647	3	1	0.000000
2648	3	1	0.000000
2649	3	1	0.000000
2650	3	1	0.000000
2651	3	1	0.000000
2652	3	1	0.000000
2653	4	0	0.000000
2654	4	0	0.000000
2655	3	1	0.000000
2656	3	1	0.000000
2657	3	1	0.000000
2658	3	3	0.000000
2659	3	1	0.000000
2660	3	0	0.000000
2661	3	1	0.000000
2662	3	1	0.000000
2663	3	1	0.000000
2664	3	1	0.000000
2665	3	1	0.000000
2666	3	1	0.000000
2667	3	1	0.000000
2668	3	1	0.000000
2669	3	1	0.000000
2670	3	1	0.000000
2671	3	1	0.000000
2672	3	1	0.000000
2673	3	1	0.000000
2674	3	1	0.000000
2675	3	1	0.000000
2676	3	1	0.000000
2677	3	1	0.000000
2678	3	3	0.000000
2679	3	1	0.000000
2680	3	1	0.000000
2681	3	1	0.000000
2682	3	0	0.000000
2683	3	1	0.000000
2684	3	1	0.000000
2685	3	2	0.000000
2686	3	1	0.000000
2687	3	1	0.000000
2688	3	1	0.000000
2689	3	1	0.000000
2690	3	1	0.000000
2691	3	1	0.000000
2692	3	1	0.000000
2693	3	1	0.000000
2694	2	1	0.000000
2695	2	5	0.000000
2696	2	1	0.000000
2697	2	3	0.000000
2698	2	1	0.000000
2699	2	1	0.000000
2700	2	1	0.000000
2701	2	1	0.000000
2702	2	1	0.000000
2703	2	1	0.000000
2704	2	3	0.000000
2705	2	1	0.000000
2706	2	1	0.000000
2707	2	1	0.000000
2708	2	1	0.000000
2709	2	1	0.000000
2710	2	1	0.000000
2711	2	1	0.000000
2712	2	1	0.000000
2713	2	1	0.000000
2714	2	1	0.000000
2715	2	1	0.000000
2716	2	1	0.000000
2717	2	1	0.000000
2718	2	1	0.000000
2719	2	1	0.000000
2720	2	1	0.000000
2721	2	1	0.000000
2722	2	5	0.000000
2723	2	1	0.000000
2724	2	3	0.000000
2725	2	1	0.000000
2726	2	1	0.000000
2727	2	1	0.000000
2728	2	1	0.000000
2729	2	0	0.000000
2730	2	0	0.000000
2731	2	1	0.000000
2732	2	1	0.000000
2733	2	1	0.000000
2734	2	1	0.000000
2735	2	1	0.000000
2736	3	1	0.000000
2737	3	1	0.000000
2738	3	1	0.000000
2739	3	1	0.000000
2740	3	1	0.000000
2741	3	0	0.000000
2742	3	1	0.000000
2743	3	1	0.000000
2744	3	1	0.000000
2745	2	2	0.000000
2746	2	5	0.000000
2747	2	1	0.000000
2748	2	1	0.000000
2749	2	1	0.000000
2750	2	1	0.000000
2751	2	4	0.000000
2752	2	1	0.000000
2753	2	1	0.000000
2754	2	1	0.000000
2755	2	0	0.000000
2756	2	2	0.000000
2757	2	1	0.000000
2758	2	1	0.000000
2759	2	1	0.000000
2760	2	1	0.000000
2761	2	0	0.000000
2762	2	1	0.000000
2763	2	1	0.000000
2764	2	1	0.000000
2765	2	1	0.000000
2766	2	1	0.000000
2767	2	1	0.000000
2768	2	4	0.000000
2769	2	1	0.000000
2770	2	1	0.000000
2771	2	1	0.000000
2772	2	2	0.000000
2773	2	2	0.000000
2774	2	1	0.000000
2775	2	1	0.000000
2776	2	1	0.000000
2777	2	1	0.000000
2778	2	1	0.000000
2779	2	1	0.000000
2780	2	5	0.000000
2781	2	1	0.000000
2782	2	1	0.000000
2783	2	3	0.000000
2784	2	1	0.000000
2785	2	1	0.000000
2786	2	1	0.000000
2787	2	1	0.000000
2788	2	3	0.000000
2789	2	1	0.000000
2790	2	1	0.000000
2791	2	1	0.000000
2792	2	1	0.000000
2793	2	1	0.000000
2794	2	0	0.000000
2795	2	1	0.000000
2796	2	4	0.000000
2797	2	1	0.000000
2798	2	1	0.000000
2799	2	1	0.000000
2800	2	1	0.000000
2801	2	1	0.000000
2802	2	2	0.000000
2803	2	1	0.000000
2804	2	1	0.000000
2805	2	1	0.000000
2806	2	1	0.000000
2807	2	1	0.000000
2808	2	1	0.000000
2809	2	5	0.000000
2810	2	1	0.000000
2811	2	1	0.000000
2812	2	5	0.000000
2813	2	0	0.000000
2814	2	1	0.000000
2815	2	1	0.000000
2816	2	1	0.000000
2817	3	1	0.000000
2818	2	2	0.000000
2819	2	1	0.000000
2820	2	3	0.000000
2821	2	1	0.000000
2822	2	1	0.000000
2823	2	3	0.000000
2824	2	1	0.000000
2825	2	1	0.000000
2826	2	3	0.000000
2827	2	3	0.000000
2828	2	1	0.000000
2829	3	1	0.000000
2830	3	1	0.000000
2831	3	1	0.000000
2832	3	3	0.000000
2833	3	1	0.000000
2834	3	1	0.000000
2835	3	1	0.000000
2836	3	1	0.000000
2837	3	3	0.000000
2838	3	1	0.000000
2839	3	1	0.000000
2840	3	1	0.000000
2841	3	1	0.000000
2842	3	1	0.000000
2843	3	3	0.000000
2844	3	0	0.000000
2845	3	1	0.000000
2846	3	1	0.000000
2847	3	1	0.000000
2848	3	1	0.000000
2849	2	4	0.000000
2850	2	5	0.000000
2851	2	1	0.000000
2852	2	1	0.000000
2853	2	1	0.000000
2854	2	1	0.000000
2855	2	1	0.000000
2856	2	1	0.000000
2857	2	2	0.000000
2858	2	1	0.000000
2859	2	1	0.000000
2860	2	1	0.000000
2861	2	1	0.000000
2862	2	0	0.000000
2863	2	1	0.000000
2864	2	2	0.000000
2865	2	1	0.000000
2866	2	1	0.000000
2867	2	1	0.000000
2868	2	0	0.000000
2869	2	1	0.000000
2870	2	1	0.000000
2871	2	1	0.000000
2872	2	1	0.000000
2873	2	1	0.000000
2874	2	1	0.000000
2875	2	0	0.000000
2876	2	1	0.000000
2877	2	1	0.000000
2878	2	1	0.000000
2879	2	1	0.000000
2880	2	4	0.000000
2881	2	3	0.000000
2882	2	3	0.000000
2883	2	1	0.000000
2884	2	2	0.000000
2885	2	1	0.000000
2886	2	2	0.000000
2887	2	1	0.000000
2888	2	1	0.000000
2889	2	1	0.000000
2890	2	1	0.000000
2891	2	1	0.000000
2892	2	1	0.000000
2893	2	0	0.000000
2894	2	0	0.000000
2895	2	1	0.000000
2896	2	1	0.000000
2897	2	1	0.000000
2898	2	1	0.000000
2899	2	0	0.000000
2900	2	2	0.000000
2901	2	3	0.000000
2902	2	1	0.000000
2903	2	1	0.000000
2904	2	1	0.000000
2905	2	1	0.000000
2906	2	1	0.000000
2907	2	1	0.000000
2908	2	1	0.000000
2909	2	2	0.000000
2910	2	2	0.000000
2911	2	1	0.000000
2912	2	1	0.000000
2913	2	1	0.000000
2914	2	1	0.000000
2915	2	1	0.000000
2916	2	1	0.000000
2917	2	1	0.000000
2918	2	1	0.000000
2919	2	1	0.000000
2920	2	1	0.000000
2921	2	1	0.000000
2922	2	1	0.000000
2923	2	5	0.000000
2924	2	1	0.000000
2925	2	1	0.000000
2926	2	1	0.000000
2927	2	5	0.000000
2928	2	1	0.000000
2929	2	4	0.000000
2930	2	1	0.000000
2931	2	4	0.000000
2932	2	1	0.000000
2933	2	1	0.000000
2934	2	1	0.000000
2935	2	1	0.000000
2936	2	1	0.000000
2937	2	1	0.000000
2938	2	1	0.000000
2939	2	1	0.000000
2940	2	1	0.000000
2941	2	1	0.000000
2942	2	3	0.000000
2943	2	1	0.000000
2944	2	1	0.000000
2945	2	1	0.000000
2946	2	1	0.000000
2947	2	1	0.000000
2948	2	4	0.000000
2949	2	1	0.000000
2950	2	1	0.000000
2951	2	1	0.000000
2952	2	1	0.000000
2953	2	1	0.000000
2954	2	1	0.000000
2955	2	1	0.000000
2956	2	1	0.000000
2957	2	1	0.000000
2958	2	1	0.000000
2959	2	1	0.000000
2960	2	4	0.000000
2961	2	3	0.000000
2962	2	1	0.000000
2963	2	1	0.000000
2964	2	2	0.000000
2965	2	1	0.000000
2966	2	1	0.000000
2967	2	1	0.000000
2968	2	4	0.000000
2969	2	1	0.000000
2970	2	1	0.000000
2971	2	1	0.000000
2972	2	1	0.000000
2973	2	1	0.000000
2974	2	1	0.000000
2975	2	1	0.000000
2976	2	1	0.000000
2977	2	2	0.000000
2978	2	1	0.000000
2979	2	1	0.000000
2980	2	1	0.000000
2981	2	1	0.000000
2982	2	1	0.000000
2983	2	1	0.000000
2984	2	1	0.000000
2985	2	1	0.000000
2986	2	1	0.000000
2987	2	1	0.000000
2988	2	1	0.000000
2989	2	1	0.000000
2990	2	1	0.000000
2991	2	1	0.000000
2992	2	1	0.000000
2993	2	1	0.000000
2994	2	1	0.000000
2995	2	3	0.000000
2996	2	1	0.000000
2997	2	1	0.000000
2998	2	1	0.000000
2999	2	1	0.000000
3000	2	1	0.000000
3001	2	1	0.000000
3002	2	1	0.000000
3003	2	1	0.000000
3004	2	1	0.000000
3005	2	1	0.000000
3006	2	1	0.000000
3007	2	1	0.000000
3008	2	1	0.000000
3009	2	0	0.000000
3010	2	1	0.000000
3011	3	1	0.000000
3012	3	1	0.000000
3013	3	1	0.000000
3014	3	1	0.000000
3015	3	1	0.000000
3016	3	3	0.000000
3017	3	1	0.000000
3018	2	3	0.000000
3019	2	1	0.000000
3020	2	5	0.000000
3021	2	1	0.000000
3022	2	5	0.000000
3023	2	1	0.000000
3024	2	1	0.000000
3025	2	5	0.000000
3026	2	2	0.000000
3027	2	4	0.000000
3028	2	4	0.000000
3029	2	1	0.000000
3030	2	1	0.000000
3031	2	3	0.000000
3032	2	5	0.000000
3033	2	1	0.000000
3034	2	4	0.000000
3035	2	1	0.000000
3036	2	1	0.000000
3037	2	1	0.000000
3038	2	1	0.000000
3039	2	1	0.000000
3040	2	1	0.000000
3041	2	1	0.000000
3042	2	1	0.000000
3043	2	1	0.000000
3044	2	1	0.000000
3045	2	1	0.000000
3046	2	1	0.000000
3047	2	3	0.000000
3048	2	1	0.000000
3049	2	1	0.000000
3050	2	1	0.000000
3051	2	1	0.000000
3052	2	1	0.000000
3053	2	1	0.000000
3054	2	1	0.000000
3055	2	1	0.000000
3056	2	1	0.000000
3057	2	1	0.000000
3058	2	1	0.000000
3059	2	1	0.000000
3060	2	1	0.000000
3061	2	1	0.000000
3062	2	1	0.000000
3063	2	1	0.000000
3064	2	1	0.000000
3065	2	1	0.000000
3066	2	1	0.000000
3067	2	3	0.000000
3068	2	1	0.000000
3069	2	5	0.000000
3070	2	1	0.000000
3071	2	0	0.000000
3072	2	1	0.000000
3073	2	1	0.000000
3074	2	1	0.000000
3075	2	1	0.000000
3076	2	1	0.000000
3077	2	1	0.000000
3078	2	1	0.000000
3079	2	1	0.000000
3080	2	1	0.000000
3081	2	1	0.000000
3082	2	1	0.000000
3083	2	1	0.000000
3084	2	1	0.000000
3085	2	3	0.000000
3086	2	1	0.000000
3087	2	1	0.000000
3088	2	1	0.000000
3089	2	1	0.000000
3090	2	0	0.000000
3091	2	1	0.000000
3092	2	5	0.000000
3093	2	1	0.000000
3094	2	1	0.000000
3095	2	1	0.000000
3096	2	1	0.000000
3097	2	1	0.000000
3098	2	1	0.000000
3099	2	1	0.000000
3100	2	1	0.000000
3101	2	1	0.000000
3102	2	1	0.000000
3103	2	1	0.000000
3104	2	1	0.000000
3105	2	2	0.000000
3106	2	1	0.000000
3107	2	1	0.000000
3108	2	4	0.000000
3109	2	1	0.000000
3110	2	4	0.000000
3111	2	1	0.000000
3112	2	1	0.000000
3113	2	1	0.000000
3114	2	1	0.000000
3115	2	1	0.000000
3116	2	1	0.000000
3117	2	1	0.000000
3118	2	1	0.000000
3119	2	0	0.000000
3120	2	1	0.000000
3121	2	1	0.000000
3122	2	5	0.000000
3123	2	1	0.000000
3124	2	1	0.000000
3125	2	1	0.000000
3126	2	1	0.000000
3127	2	5	0.000000
3128	2	1	0.000000
3129	1	0	0.000000
3130	1	0	0.000000
3131	1	0	0.000000
3132	1	3	0.000000
3133	1	0	0.000000
3134	1	1	0.000000
3135	1	0	0.000000
3136	1	0	0.000000
3137	1	2	0.000000
3138	2	1	0.000000
3139	2	1	0.000000
3140	2	1	0.000000
3141	2	4	0.000000
3142	2	1	0.000000
3143	2	1	0.000000
3144	2	1	0.000000
3145	2	1	0.000000
3146	2	4	0.000000
3147	2	1	0.000000
3148	2	1	0.000000
3149	3	1	0.000000
3150	3	1	0.000000
3151	3	1	0.000000
3152	3	1	0.000000
3153	3	1	0.000000
3154	3	1	0.000000
3155	3	1	0.000000
3156	3	1	0.000000
3157	3	3	0.000000
3158	3	1	0.000000
3159	3	1	0.000000
3160	3	1	0.000000
3161	3	1	0.000000
3162	3	1	0.000000
3163	3	1	0.000000
3164	3	1	0.000000
3165	3	1	0.000000
3166	3	1	0.000000
3167	3	1	0.000000
3168	3	2	0.000000
3169	3	0	0.000000
3170	3	1	0.000000
3171	3	1	0.000000
3172	3	1	0.000000
3173	3	1	0.000000
3174	4	2	0.000000
3175	4	1	0.000000
3176	4	1	0.000000
3177	4	1	0.000000
3178	3	1	0.000000
3179	4	1	0.000000
3180	3	1	0.000000
3181	3	1	0.000000
3182	3	1	0.000000
3183	3	1	0.000000
3184	3	1	0.000000
3185	3	1	0.000000
3186	3	1	0.000000
3187	3	1	0.000000
3188	3	1	0.000000
3189	3	1	0.000000
3190	3	1	0.000000
3191	3	0	0.000000
3192	3	0	0.000000
3193	3	1	0.000000
3194	3	1	0.000000
3195	3	1	0.000000
3196	3	2	0.000000
3197	3	1	0.000000
3198	3	1	0.000000
3199	3	1	0.000000
3200	3	1	0.000000
3201	3	1	0.000000
3202	3	2	0.000000
3203	3	1	0.000000
3204	3	1	0.000000
3205	3	1	0.000000
3206	3	1	0.000000
3207	3	1	0.000000
3208	3	1	0.000000
3209	3	1	0.000000
3210	3	1	0.000000
3211	4	0	0.000000
3212	4	1	0.000000
3213	4	1	0.000000
3214	4	1	0.000000
3215	4	1	0.000000
3216	4	1	0.000000
3217	4	1	0.000000
3218	4	1	0.000000
3219	4	1	0.000000
3220	4	1	0.000000
3221	3	1	0.000000
3222	4	2	0.000000
3223	3	2	0.000000
3224	3	1	0.000000
3225	3	1	0.000000
3226	3	1	0.000000
3227	3	1	0.000000
3228	3	1	0.000000
3229	3	1	0.000000
3230	3	1	0.000000
3231	3	1	0.000000
3232	3	1	0.000000
3233	3	3	0.000000
3234	3	1	0.000000
3235	3	0	0.000000
3236	4	1	0.000000
3237	3	1	0.000000
3238	3	0	0.000000
3239	3	1	0.000000
3240	3	1	0.000000
3241	3	1	0.000000
3242	3	1	0.000000
3243	3	1	0.000000
3244	3	1	0.000000
3245	3	1	0.000000
3246	3	1	0.000000
3247	3	1	0.000000
3248	3	1	0.000000
3249	3	1	0.000000
3250	3	1	0.000000
3251	3	1	0.000000
3252	3	1	0.000000
3253	3	1	0.000000
3254	3	1	0.000000
3255	3	1	0.000000
3256	3	1	0.000000
3257	3	3	0.000000
3258	3	1	0.000000
3259	3	1	0.000000
3260	3	1	0.000000
3261	3	1	0.000000
3262	3	1	0.000000
3263	3	1	0.000000
3264	3	1	0.000000
3265	3	1	0.000000
3266	3	1	0.000000
3267	3	2	0.000000
3268	3	1	0.000000
3269	3	3	0.000000
3270	3	1	0.000000
3271	3	1	0.000000
3272	3	1	0.000000
3273	3	1	0.000000
3274	3	0	0.000000
3275	2	2	0.000000
3276	2	1	0.000000
3277	2	1	0.000000
3278	2	1	0.000000
3279	2	1	0.000000
3280	2	1	0.000000
3281	2	1	0.000000
3282	2	1	0.000000
3283	2	1	0.000000
3284	2	1	0.000000
3285	2	1	0.000000
3286	2	1	0.000000
3287	2	1	0.000000
3288	2	1	0.000000
3289	2	1	0.000000
3290	2	5	0.000000
3291	2	0	0.000000
3292	2	1	0.000000
3293	2	1	0.000000
3294	2	1	0.000000
3295	2	1	0.000000
3296	2	1	0.000000
3297	2	3	0.000000
3298	2	1	0.000000
3299	2	1	0.000000
3300	2	1	0.000000
3301	2	1	0.000000
3302	2	1	0.000000
3303	2	3	0.000000
3304	2	5	0.000000
3305	2	1	0.000000
3306	2	1	0.000000
3307	2	2	0.000000
3308	2	1	0.000000
3309	2	1	0.000000
3310	2	1	0.000000
3311	2	1	0.000000
3312	3	1	0.000000
3313	3	1	0.000000
3314	3	1	0.000000
3315	3	1	0.000000
3316	3	2	0.000000
3317	3	1	0.000000
3318	3	1	0.000000
3319	3	1	0.000000
3320	3	3	0.000000
3321	2	1	0.000000
3322	2	1	0.000000
3323	2	1	0.000000
3324	2	3	0.000000
3325	2	1	0.000000
3326	2	1	0.000000
3327	2	1	0.000000
3328	2	1	0.000000
3329	2	1	0.000000
3330	2	2	0.000000
3331	2	1	0.000000
3332	2	1	0.000000
3333	3	1	0.000000
3334	3	1	0.000000
3335	3	1	0.000000
3336	3	1	0.000000
3337	3	2	0.000000
3338	3	1	0.000000
3339	3	1	0.000000
3340	3	1	0.000000
3341	3	1	0.000000
3342	3	1	0.000000
3343	3	1	0.000000
3344	3	0	0.000000
3345	3	1	0.000000
3346	3	3	0.000000
3347	3	1	0.000000
3348	3	0	0.000000
3349	3	1	0.000000
3350	3	1	0.000000
3351	3	1	0.000000
3352	3	1	0.000000
3353	3	1	0.000000
3354	3	1	0.000000
3355	3	1	0.000000
3356	3	1	0.000000
3357	3	0	0.000000
3358	3	1	0.000000
3359	3	1	0.000000
3360	3	1	0.000000
3361	3	1	0.000000
3362	3	1	0.000000
3363	3	3	0.000000
3364	3	1	0.000000
3365	3	3	0.000000
3366	3	1	0.000000
3367	3	1	0.000000
3368	3	1	0.000000
3369	3	1	0.000000
3370	3	1	0.000000
3371	3	3	0.000000
3372	3	0	0.000000
3373	3	1	0.000000
3374	3	1	0.000000
3375	3	1	0.000000
3376	3	1	0.000000
3377	3	2	0.000000
3378	3	1	0.000000
3379	3	1	0.000000
3380	3	0	0.000000
3381	3	1	0.000000
3382	3	1	0.000000
3383	3	1	0.000000
3384	3	1	0.000000
3385	3	1	0.000000
3386	3	1	0.000000
3387	3	1	0.000000
3388	3	1	0.000000
3389	3	1	0.000000
3390	3	1	0.000000
3391	3	1	0.000000
3392	3	1	0.000000
3393	3	3	0.000000
3394	3	0	0.000000
3395	3	1	0.000000
3396	3	0	0.000000
3397	3	2	0.000000
3398	3	0	0.000000
3399	3	1	0.000000
3400	3	1	0.000000
3401	3	1	0.000000
3402	3	3	0.000000
3403	3	1	0.000000
3404	3	1	0.000000
3405	3	1	0.000000
3406	3	2	0.000000
3407	3	1	0.000000
3408	3	1	0.000000
3409	3	1	0.000000
3410	3	1	0.000000
3411	3	1	0.000000
3412	3	2	0.000000
3413	3	1	0.000000
3414	2	1	0.000000
3415	2	1	0.000000
3416	2	1	0.000000
3417	2	1	0.000000
3418	2	1	0.000000
3419	2	1	0.000000
3420	2	1	0.000000
3421	2	1	0.000000
3422	2	1	0.000000
3423	2	3	0.000000
3424	2	1	0.000000
3425	2	1	0.000000
3426	2	1	0.000000
3427	2	1	0.000000
3428	2	1	0.000000
3429	2	1	0.000000
3430	2	1	0.000000
3431	2	1	0.000000
3432	2	1	0.000000
3433	2	1	0.000000
3434	2	1	0.000000
3435	2	1	0.000000
3436	2	1	0.000000
3437	2	1	0.000000
3438	2	3	0.000000
3439	2	1	0.000000
3440	2	1	0.000000
3441	2	1	0.000000
3442	2	1	0.000000
3443	2	1	0.000000
3444	2	1	0.000000
3445	2	1	0.000000
3446	2	1	0.000000
3447	2	1	0.000000
3448	3	1	0.000000
3449	2	1	0.000000
3450	2	1	0.000000
3451	3	1	0.000000
3452	3	1	0.000000
3453	3	1	0.000000
3454	3	1	0.000000
3455	3	3	0.000000
3456	3	1	0.000000
3457	3	1	0.000000
3458	3	3	0.000000
3459	2	1	0.000000
3460	2	1	0.000000
3461	2	1	0.000000
3462	2	3	0.000000
3463	2	1	0.000000
3464	2	1	0.000000
3465	2	1	0.000000
3466	2	1	0.000000
3467	2	2	0.000000
3468	2	4	0.000000
3469	2	4	0.000000
3470	3	1	0.000000
3471	2	2	0.000000
3472	3	1	0.000000
3473	3	1	0.000000
3474	2	5	0.000000
3475	2	1	0.000000
3476	2	1	0.000000
3477	2	1	0.000000
3478	2	1	0.000000
3479	2	1	0.000000
3480	2	1	0.000000
3481	2	1	0.000000
3482	2	1	0.000000
3483	2	1	0.000000
3484	2	1	0.000000
3485	2	1	0.000000
3486	2	1	0.000000
3487	2	0	0.000000
3488	2	1	0.000000
3489	2	1	0.000000
3490	2	1	0.000000
3491	2	1	0.000000
3492	2	5	0.000000
3493	2	1	0.000000
3494	2	1	0.000000
3495	2	1	0.000000
3496	2	1	0.000000
3497	2	5	0.000000
3498	2	1	0.000000
3499	2	1	0.000000
3500	2	1	0.000000
3501	3	3	0.000000
3502	3	1	0.000000
3503	2	1	0.000000
3504	2	1	0.000000
3505	2	1	0.000000
3506	2	1	0.000000
3507	2	0	0.000000
3508	2	0	0.000000
3509	3	1	0.000000
3510	2	1	0.000000
3511	2	1	0.000000
3512	2	1	0.000000
3513	3	1	0.000000
3514	3	1	0.000000
3515	3	1	0.000000
3516	3	1	0.000000
3517	3	0	0.000000
3518	3	1	0.000000
3519	3	1	0.000000
3520	3	1	0.000000
3521	3	1	0.000000
3522	3	0	0.000000
3523	3	1	0.000000
3524	2	1	0.000000
3525	2	1	0.000000
3526	2	3	0.000000
3527	2	1	0.000000
3528	2	1	0.000000
3529	2	1	0.000000
3530	2	3	0.000000
3531	2	1	0.000000
3532	2	1	0.000000
3533	2	1	0.000000
3534	2	1	0.000000
3535	2	0	0.000000
3536	2	1	0.000000
3537	3	1	0.000000
3538	2	1	0.000000
3539	2	2	0.000000
3540	3	1	0.000000
3541	3	1	0.000000
3542	3	1	0.000000
3543	3	0	0.000000
3544	3	1	0.000000
3545	2	1	0.000000
3546	2	1	0.000000
3547	2	1	0.000000
3548	2	1	0.000000
3549	2	0	0.000000
3550	2	0	0.000000
3551	2	4	0.000000
3552	2	1	0.000000
3553	2	1	0.000000
3554	2	0	0.000000
3555	2	5	0.000000
3556	2	1	0.000000
3557	2	1	0.000000
3558	2	1	0.000000
3559	3	1	0.000000
3560	3	1	0.000000
3561	3	1	0.000000
3562	3	1	0.000000
3563	3	1	0.000000
3564	3	2	0.000000
3565	3	1	0.000000
3566	3	0	0.000000
3567	2	1	0.000000
3568	2	1	0.000000
3569	2	1	0.000000
3570	2	1	0.000000
3571	2	1	0.000000
3572	2	3	0.000000
3573	2	1	0.000000
3574	2	3	0.000000
3575	2	3	0.000000
3576	2	1	0.000000
3577	2	1	0.000000
3578	2	3	0.000000
3579	2	1	0.000000
3580	3	3	0.000000
3581	3	3	0.000000
3582	3	1	0.000000
3583	3	1	0.000000
3584	3	1	0.000000
3585	3	1	0.000000
3586	3	1	0.000000
3587	3	3	0.000000
3588	3	1	0.000000
3589	3	2	0.000000
3590	3	0	0.000000
3591	3	1	0.000000
3592	3	1	0.000000
3593	3	1	0.000000
3594	3	1	0.000000
3595	3	1	0.000000
3596	3	1	0.000000
3597	3	1	0.000000
3598	3	1	0.000000
3599	3	1	0.000000
3600	3	1	0.000000
3601	3	1	0.000000
3602	3	1	0.000000
3603	3	1	0.000000
3604	3	1	0.000000
3605	3	1	0.000000
3606	3	3	0.000000
3607	3	1	0.000000
3608	3	1	0.000000
3609	3	2	0.000000
3610	3	1	0.000000
3611	3	1	0.000000
3612	3	1	0.000000
3613	3	1	0.000000
3614	3	1	0.000000
3615	3	3	0.000000
3616	3	1	0.000000
3617	3	1	0.000000
3618	3	1	0.000000
3619	3	1	0.000000
3620	3	1	0.000000
3621	3	1	0.000000
3622	3	0	0.000000
3623	3	2	0.000000
3624	3	1	0.000000
3625	3	1	0.000000
3626	3	1	0.000000
3627	3	1	0.000000
3628	3	3	0.000000
3629	3	1	0.000000
3630	3	0	0.000000
3631	3	1	0.000000
3632	3	1	0.000000
3633	3	1	0.000000
3634	3	1	0.000000
3635	3	1	0.000000
3636	2	1	0.000000
3637	3	3	0.000000
3638	2	1	0.000000
3639	2	1	0.000000
3640	2	1	0.000000
3641	2	1	0.000000
3642	2	3	0.000000
3643	2	5	0.000000
3644	2	1	0.000000
3645	2	1	0.000000
3646	2	1	0.000000
3647	2	1	0.000000
3648	2	5	0.000000
3649	2	1	0.000000
3650	2	1	0.000000
3651	2	2	0.000000
3652	2	1	0.000000
3653	2	3	0.000000
3654	2	1	0.000000
3655	2	1	0.000000
3656	2	1	0.000000
3657	2	1	0.000000
3658	2	1	0.000000
3659	2	1	0.000000
3660	2	1	0.000000
3661	2	1	0.000000
3662	2	2	0.000000
3663	3	1	0.000000
3664	3	1	0.000000
3665	3	0	0.000000
3666	3	1	0.000000
3667	3	1	0.000000
3668	3	1	0.000000
3669	3	1	0.000000
3670	3	1	0.000000
3671	2	1	0.000000
3672	2	3	0.000000
3673	2	1	0.000000
3674	2	1	0.000000
3675	2	1	0.000000
3676	2	1	0.000000
3677	2	4	0.000000
3678	2	1	0.000000
3679	2	1	0.000000
3680	2	1	0.000000
3681	2	5	0.000000
3682	2	1	0.000000
3683	2	1	0.000000
3684	2	1	0.000000
3685	2	1	0.000000
3686	2	1	0.000000
3687	2	1	0.000000
3688	2	2	0.000000
3689	2	1	0.000000
3690	2	1	0.000000
3691	2	1	0.000000
3692	2	1	0.000000
3693	2	4	0.000000
3694	2	1	0.000000
3695	2	1	0.000000
3696	2	1	0.000000
3697	2	1	0.000000
3698	2	1	0.000000
3699	2	1	0.000000
3700	2	3	0.000000
3701	2	1	0.000000
3702	2	1	0.000000
3703	2	1	0.000000
3704	3	1	0.000000
3705	3	1	0.000000
3706	3	1	0.000000
3707	3	2	0.000000
3708	3	1	0.000000
3709	3	1	0.000000
3710	3	1	0.000000
3711	3	1	0.000000
3712	2	1	0.000000
3713	2	1	0.000000
3714	2	1	0.000000
3715	2	1	0.000000
3716	2	1	0.000000
3717	2	1	0.000000
3718	2	1	0.000000
3719	2	2	0.000000
3720	2	1	0.000000
3721	2	1	0.000000
3722	2	4	0.000000
3723	2	1	0.000000
3724	2	1	0.000000
3725	2	1	0.000000
3726	2	1	0.000000
3727	2	1	0.000000
3728	2	1	0.000000
3729	2	1	0.000000
3730	2	0	0.000000
3731	2	1	0.000000
3732	2	1	0.000000
3733	2	1	0.000000
3734	3	1	0.000000
3735	3	1	0.000000
3736	3	1	0.000000
3737	3	1	0.000000
3738	3	2	0.000000
3739	3	1	0.000000
3740	3	1	0.000000
3741	2	1	0.000000
3742	2	1	0.000000
3743	2	5	0.000000
3744	2	1	0.000000
3745	2	1	0.000000
3746	2	1	0.000000
3747	2	1	0.000000
3748	2	1	0.000000
3749	2	1	0.000000
3750	2	1	0.000000
3751	2	1	0.000000
3752	2	1	0.000000
3753	2	1	0.000000
3754	2	1	0.000000
3755	2	1	0.000000
3756	2	3	0.000000
3757	2	1	0.000000
3758	2	3	0.000000
3759	2	1	0.000000
3760	2	5	0.000000
3761	2	1	0.000000
3762	2	5	0.000000
3763	2	1	0.000000
3764	2	1	0.000000
3765	3	1	0.000000
3766	3	1	0.000000
3767	3	1	0.000000
3768	3	1	0.000000
3769	2	1	0.000000
3770	2	1	0.000000
3771	2	1	0.000000
3772	2	4	0.000000
3773	2	0	0.000000
3774	2	1	0.000000
3775	2	1	0.000000
3776	2	3	0.000000
3777	2	1	0.000000
3778	2	0	0.000000
3779	2	1	0.000000
3780	2	1	0.000000
3781	2	1	0.000000
3782	2	1	0.000000
3783	2	1	0.000000
3784	3	1	0.000000
3785	2	1	0.000000
3786	2	1	0.000000
3787	2	1	0.000000
3788	2	4	0.000000
3789	2	1	0.000000
3790	2	1	0.000000
3791	2	1	0.000000
3792	2	4	0.000000
3793	2	1	0.000000
3794	2	4	0.000000
3795	2	1	0.000000
3796	3	1	0.000000
3797	3	1	0.000000
3798	3	1	0.000000
3799	3	1	0.000000
3800	3	1	0.000000
3801	3	1	0.000000
3802	3	1	0.000000
3803	3	1	0.000000
3804	3	2	0.000000
3805	3	1	0.000000
3806	2	2	0.000000
3807	3	3	0.000000
3808	2	1	0.000000
3809	2	1	0.000000
3810	2	1	0.000000
3811	2	1	0.000000
3812	2	1	0.000000
3813	2	1	0.000000
3814	2	1	0.000000
3815	2	1	0.000000
3816	2	1	0.000000
3817	2	1	0.000000
3818	2	4	0.000000
3819	2	1	0.000000
3820	2	1	0.000000
3821	2	4	0.000000
3822	2	1	0.000000
3823	2	1	0.000000
3824	2	1	0.000000
3825	2	1	0.000000
3826	2	4	0.000000
3827	2	3	0.000000
3828	2	1	0.000000
3829	2	1	0.000000
3830	2	1	0.000000
3831	2	1	0.000000
3832	2	1	0.000000
3833	2	1	0.000000
3834	2	1	0.000000
3835	2	1	0.000000
3836	2	1	0.000000
3837	2	1	0.000000
3838	2	1	0.000000
3839	2	4	0.000000
3840	2	1	0.000000
3841	2	1	0.000000
3842	2	1	0.000000
3843	2	1	0.000000
3844	2	1	0.000000
3845	2	2	0.000000
3846	2	1	0.000000
3847	2	1	0.000000
3848	2	1	0.000000
3849	2	1	0.000000
3850	2	1	0.000000
3851	2	1	0.000000
3852	2	1	0.000000
3853	2	1	0.000000
3854	2	4	0.000000
3855	2	4	0.000000
3856	2	1	0.000000
3857	2	1	0.000000
3858	2	2	0.000000
3859	2	1	0.000000
3860	2	1	0.000000
3861	2	1	0.000000
3862	2	3	0.000000
3863	2	1	0.000000
3864	2	1	0.000000
3865	2	1	0.000000
3866	2	1	0.000000
3867	2	1	0.000000
3868	2	1	0.000000
3869	2	1	0.000000
3870	2	1	0.000000
3871	2	1	0.000000
3872	2	1	0.000000
3873	2	2	0.000000
3874	2	1	0.000000
3875	2	1	0.000000
3876	2	1	0.000000
3877	2	1	0.000000
3878	2	1	0.000000
3879	2	2	0.000000
3880	2	5	0.000000
3881	2	1	0.000000
3882	2	1	0.000000
3883	2	1	0.000000
3884	2	1	0.000000
3885	2	1	0.000000
3886	2	1	0.000000
3887	2	1	0.000000
3888	2	1	0.000000
3889	2	1	0.000000
3890	2	1	0.000000
3891	2	4	0.000000
3892	2	1	0.000000
3893	2	1	0.000000
3894	2	5	0.000000
3895	2	1	0.000000
3896	2	1	0.000000
3897	2	1	0.000000
3898	2	5	0.000000
3899	2	1	0.000000
3900	2	1	0.000000
3901	2	1	0.000000
3902	2	1	0.000000
3903	2	1	0.000000
3904	2	1	0.000000
3905	2	1	0.000000
3906	2	1	0.000000
3907	2	1	0.000000
3908	2	1	0.000000
3909	2	1	0.000000
3910	2	5	0.000000
3911	2	1	0.000000
3912	2	1	0.000000
3913	2	1	0.000000
3914	2	1	0.000000
3915	2	1	0.000000
3916	2	1	0.000000
3917	1	0	0.000000
3918	2	1	0.000000
3919	1	0	0.000000
3920	1	0	0.000000
3921	1	0	0.000000
3922	1	0	0.000000
3923	1	0	0.000000
3924	2	1	0.000000
3925	2	1	0.000000
3926	2	1	0.000000
3927	2	3	0.000000
3928	2	1	0.000000
3929	2	1	0.000000
3930	2	1	0.000000
3931	2	1	0.000000
3932	2	1	0.000000
3933	2	4	0.000000
3934	2	0	0.000000
3935	2	4	0.000000
3936	2	1	0.000000
3937	2	1	0.000000
3938	2	1	0.000000
3939	2	1	0.000000
3940	2	1	0.000000
3941	2	1	0.000000
3942	2	1	0.000000
3943	2	1	0.000000
3944	2	2	0.000000
3945	2	1	0.000000
3946	2	1	0.000000
3947	2	2	0.000000
3948	2	1	0.000000
3949	2	0	0.000000
3950	2	4	0.000000
3951	2	1	0.000000
3952	2	1	0.000000
3953	2	1	0.000000
3954	2	2	0.000000
3955	2	1	0.000000
3956	2	1	0.000000
3957	2	1	0.000000
3958	2	1	0.000000
3959	2	1	0.000000
3960	2	1	0.000000
3961	2	1	0.000000
3962	2	1	0.000000
3963	2	1	0.000000
3964	2	1	0.000000
3965	2	2	0.000000
3966	2	1	0.000000
3967	2	1	0.000000
3968	2	3	0.000000
3969	2	1	0.000000
3970	2	1	0.000000
3971	2	0	0.000000
3972	2	1	0.000000
3973	2	1	0.000000
3974	2	0	0.000000
3975	2	1	0.000000
3976	2	1	0.000000
3977	2	1	0.000000
3978	2	0	0.000000
3979	2	1	0.000000
3980	2	1	0.000000
3981	2	1	0.000000
3982	2	1	0.000000
3983	2	1	0.000000
3984	2	1	0.000000
3985	2	1	0.000000
3986	3	1	0.000000
3987	3	1	0.000000
3988	2	1	0.000000
3989	2	1	0.000000
3990	2	1	0.000000
3991	3	1	0.000000
3992	3	1	0.000000
3993	2	1	0.000000
3994	2	1	0.000000
3995	2	1	0.000000
3996	2	0	0.000000
3997	2	1	0.000000
3998	2	1	0.000000
3999	2	0	0.000000
4000	2	1	0.000000
4001	2	1	0.000000
4002	2	2	0.000000
4003	2	1	0.000000
4004	2	1	0.000000
4005	2	3	0.000000
4006	2	1	0.000000
4007	2	1	0.000000
4008	2	3	0.000000
4009	2	1	0.000000
4010	2	1	0.000000
4011	2	1	0.000000
4012	2	1	0.000000
4013	2	1	0.000000
4014	2	1	0.000000
4015	2	1	0.000000
4016	2	1	0.000000
4017	2	1	0.000000
4018	2	5	0.000000
4019	2	1	0.000000
4020	2	1	0.000000
4021	2	1	0.000000
4022	2	1	0.000000
4023	2	1	0.000000
4024	2	1	0.000000
4025	2	1	0.000000
4026	2	4	0.000000
4027	2	1	0.000000
4028	2	1	0.000000
4029	2	1	0.000000
4030	2	5	0.000000
4031	2	1	0.000000
4032	2	1	0.000000
4033	2	1	0.000000
4034	2	5	0.000000
4035	2	1	0.000000
4036	2	1	0.000000
4037	2	1	0.000000
4038	2	1	0.000000
4039	2	4	0.000000
4040	2	1	0.000000
4041	2	0	0.000000
4042	2	1	0.000000
4043	2	5	0.000000
4044	2	4	0.000000
4045	2	1	0.000000
4046	2	3	0.000000
4047	2	1	0.000000
4048	2	3	0.000000
4049	2	1	0.000000
4050	2	3	0.000000
4051	2	1	0.000000
4052	2	1	0.000000
4053	2	1	0.000000
4054	2	1	0.000000
4055	2	3	0.000000
4056	2	1	0.000000
4057	3	1	0.000000
4058	3	3	0.000000
4059	3	1	0.000000
4060	3	1	0.000000
4061	3	3	0.000000
4062	3	1	0.000000
4063	3	3	0.000000
4064	3	2	0.000000
4065	3	1	0.000000
4066	3	1	0.000000
4067	3	3	0.000000
4068	2	4	0.000000
4069	2	1	0.000000
4070	2	1	0.000000
4071	2	1	0.000000
4072	2	1	0.000000
4073	2	1	0.000000
4074	2	1	0.000000
4075	2	1	0.000000
4076	2	1	0.000000
4077	2	1	0.000000
4078	2	1	0.000000
4079	2	1	0.000000
4080	2	1	0.000000
4081	2	1	0.000000
4082	2	1	0.000000
4083	2	3	0.000000
4084	2	1	0.000000
4085	2	1	0.000000
4086	2	1	0.000000
4087	2	4	0.000000
4088	2	1	0.000000
4089	2	1	0.000000
4090	2	1	0.000000
4091	2	1	0.000000
4092	2	1	0.000000
4093	2	5	0.000000
4094	2	1	0.000000
4095	2	1	0.000000
4096	2	4	0.000000
4097	2	1	0.000000
4098	2	1	0.000000
4099	2	1	0.000000
4100	2	1	0.000000
4101	2	0	0.000000
4102	2	0	0.000000
4103	2	1	0.000000
4104	2	1	0.000000
4105	2	1	0.000000
4106	2	1	0.000000
4107	2	1	0.000000
4108	2	1	0.000000
4109	2	1	0.000000
4110	2	1	0.000000
4111	2	1	0.000000
4112	2	1	0.000000
4113	2	1	0.000000
4114	2	1	0.000000
4115	2	1	0.000000
4116	2	2	0.000000
4117	2	1	0.000000
4118	2	5	0.000000
4119	2	1	0.000000
4120	2	1	0.000000
4121	2	1	0.000000
4122	2	5	0.000000
4123	2	5	0.000000
4124	2	1	0.000000
4125	2	1	0.000000
4126	2	5	0.000000
4127	2	1	0.000000
4128	1	0	0.000000
4129	2	1	0.000000
4130	2	4	0.000000
4131	1	0	0.000000
4132	1	2	0.000000
4133	1	0	0.000000
4134	1	2	0.000000
4135	1	0	0.000000
4136	1	0	0.000000
4137	1	0	0.000000
4138	1	0	0.000000
4139	1	0	0.000000
4140	1	1	0.000000
4141	2	1	0.000000
4142	2	1	0.000000
4143	2	1	0.000000
4144	2	1	0.000000
4145	2	1	0.000000
4146	2	1	0.000000
4147	2	0	0.000000
4148	2	1	0.000000
4149	2	1	0.000000
4150	2	1	0.000000
4151	2	1	0.000000
4152	2	3	0.000000
4153	2	1	0.000000
4154	2	1	0.000000
4155	2	3	0.000000
4156	2	3	0.000000
4157	2	2	0.000000
4158	2	4	0.000000
4159	2	0	0.000000
4160	2	1	0.000000
4161	2	1	0.000000
4162	2	4	0.000000
4163	2	5	0.000000
4164	2	1	0.000000
4165	2	1	0.000000
4166	2	1	0.000000
4167	3	3	0.000000
4168	3	2	0.000000
4169	3	3	0.000000
4170	3	1	0.000000
4171	3	1	0.000000
4172	3	1	0.000000
4173	3	1	0.000000
4174	3	1	0.000000
4175	2	1	0.000000
4176	2	1	0.000000
4177	2	1	0.000000
4178	2	1	0.000000
4179	2	1	0.000000
4180	2	1	0.000000
4181	2	1	0.000000
4182	2	1	0.000000
4183	2	1	0.000000
4184	2	1	0.000000
4185	2	1	0.000000
4186	2	1	0.000000
4187	2	1	0.000000
4188	2	1	0.000000
4189	2	4	0.000000
4190	2	1	0.000000
4191	2	1	0.000000
4192	2	1	0.000000
4193	2	1	0.000000
4194	2	1	0.000000
4195	2	1	0.000000
4196	2	1	0.000000
4197	2	2	0.000000
4198	2	1	0.000000
4199	2	1	0.000000
4200	2	1	0.000000
4201	2	3	0.000000
4202	2	1	0.000000
4203	2	1	0.000000
4204	2	1	0.000000
4205	2	1	0.000000
4206	2	1	0.000000
4207	2	1	0.000000
4208	2	1	0.000000
4209	2	0	0.000000
4210	2	1	0.000000
4211	2	1	0.000000
4212	2	0	0.000000
4213	2	1	0.000000
4214	2	1	0.000000
4215	2	1	0.000000
4216	2	1	0.000000
4217	2	1	0.000000
4218	2	1	0.000000
4219	2	1	0.000000
4220	2	1	0.000000
4221	2	1	0.000000
4222	2	1	0.000000
4223	2	1	0.000000
4224	2	1	0.000000
4225	2	1	0.000000
4226	2	1	0.000000
4227	2	1	0.000000
4228	2	1	0.000000
4229	2	1	0.000000
4230	2	4	0.000000
4231	2	1	0.000000
4232	2	1	0.000000
4233	2	1	0.000000
4234	2	4	0.000000
4235	2	3	0.000000
4236	2	1	0.000000
4237	2	1	0.000000
4238	2	1	0.000000
4239	2	2	0.000000
4240	2	1	0.000000
4241	2	1	0.000000
4242	2	1	0.000000
4243	2	1	0.000000
4244	2	1	0.000000
4245	2	1	0.000000
4246	2	1	0.000000
4247	2	0	0.000000
4248	2	1	0.000000
4249	2	1	0.000000
4250	2	0	0.000000
4251	2	1	0.000000
4252	2	1	0.000000
4253	2	1	0.000000
4254	2	1	0.000000
4255	2	1	0.000000
4256	2	1	0.000000
4257	2	1	0.000000
4258	2	1	0.000000
4259	2	1	0.000000
4260	2	1	0.000000
4261	2	1	0.000000
4262	2	1	0.000000
4263	2	1	0.000000
4264	2	1	0.000000
4265	2	1	0.000000
4266	2	1	0.000000
4267	2	1	0.000000
4268	2	1	0.000000
4269	2	1	0.000000
4270	2	1	0.000000
4271	2	1	0.000000
4272	2	4	0.000000
4273	2	4	0.000000
4274	2	1	0.000000
4275	2	1	0.000000
4276	2	1	0.000000
4277	2	1	0.000000
4278	2	1	0.000000
4279	2	1	0.000000
4280	2	1	0.000000
4281	2	1	0.000000
4282	2	1	0.000000
4283	2	1	0.000000
4284	2	1	0.000000
4285	2	1	0.000000
4286	2	0	0.000000
4287	2	1	0.000000
4288	2	1	0.000000
4289	2	1	0.000000
4290	2	1	0.000000
4291	2	1	0.000000
4292	2	1	0.000000
4293	2	1	0.000000
4294	2	1	0.000000
4295	2	1	0.000000
4296	2	5	0.000000
4297	2	5	0.000000
4298	2	1	0.000000
4299	2	1	0.000000
4300	2	4	0.000000
4301	2	1	0.000000
4302	2	1	0.000000
4303	2	1	0.000000
4304	2	1	0.000000
4305	2	3	0.000000
4306	2	1	0.000000
4307	2	1	0.000000
4308	2	1	0.000000
4309	2	1	0.000000
4310	2	4	0.000000
4311	2	1	0.000000
4312	2	1	0.000000
4313	2	1	0.000000
4314	2	1	0.000000
4315	2	1	0.000000
4316	2	0	0.000000
4317	2	1	0.000000
4318	2	1	0.000000
4319	2	1	0.000000
4320	2	1	0.000000
4321	2	1	0.000000
4322	2	1	0.000000
4323	2	1	0.000000
4324	2	1	0.000000
4325	2	1	0.000000
4326	2	1	0.000000
4327	2	1	0.000000
4328	2	1	0.000000
4329	2	1	0.000000
4330	2	1	0.000000
4331	2	4	0.000000
4332	2	1	0.000000
4333	2	0	0.000000
4334	2	1	0.000000
4335	2	1	0.000000
4336	2	1	0.000000
4337	2	1	0.000000
4338	2	1	0.000000
4339	2	1	0.000000
4340	2	1	0.000000
4341	2	1	0.000000
4342	2	1	0.000000
4343	2	1	0.000000
4344	2	3	0.000000
4345	2	1	0.000000
4346	2	1	0.000000
4347	2	1	0.000000
4348	2	1	0.000000
4349	2	1	0.000000
4350	2	5	0.000000
4351	2	1	0.000000
4352	2	1	0.000000
4353	2	1	0.000000
4354	2	2	0.000000
4355	2	1	0.000000
4356	2	1	0.000000
4357	2	1	0.000000
4358	2	1	0.000000
4359	2	1	0.000000
4360	2	1	0.000000
4361	2	1	0.000000
4362	2	1	0.000000
4363	2	1	0.000000
4364	2	2	0.000000
4365	2	1	0.000000
4366	2	1	0.000000
4367	2	1	0.000000
4368	2	1	0.000000
4369	2	4	0.000000
4370	2	2	0.000000
4371	2	1	0.000000
4372	2	1	0.000000
4373	2	1	0.000000
4374	2	1	0.000000
4375	2	1	0.000000
4376	2	1	0.000000
4377	2	0	0.000000
4378	2	2	0.000000
4379	2	1	0.000000
4380	2	1	0.000000
4381	2	1	0.000000
4382	2	1	0.000000
4383	2	1	0.000000
4384	3	1	0.000000
4385	2	1	0.000000
4386	2	1	0.000000
4387	2	1	0.000000
4388	2	1	0.000000
4389	2	1	0.000000
4390	2	4	0.000000
4391	2	1	0.000000
4392	2	1	0.000000
4393	2	1	0.000000
4394	2	1	0.000000
4395	2	1	0.000000
4396	2	1	0.000000
4397	2	1	0.000000
4398	2	1	0.000000
4399	2	1	0.000000
4400	2	4	0.000000
4401	2	1	0.000000
4402	2	1	0.000000
4403	2	1	0.000000
4404	2	1	0.000000
4405	2	1	0.000000
4406	2	1	0.000000
4407	2	1	0.000000
4408	2	3	0.000000
4409	3	3	0.000000
4410	3	1	0.000000
4411	2	1	0.000000
4412	3	1	0.000000
4413	3	1	0.000000
4414	3	1	0.000000
4415	3	1	0.000000
4416	3	0	0.000000
4417	3	3	0.000000
4418	3	1	0.000000
4419	3	2	0.000000
4420	3	1	0.000000
4421	3	1	0.000000
4422	3	1	0.000000
4423	3	1	0.000000
4424	3	1	0.000000
4425	3	1	0.000000
4426	3	1	0.000000
4427	3	1	0.000000
4428	2	1	0.000000
4429	3	3	0.000000
4430	3	1	0.000000
4431	3	1	0.000000
4432	3	2	0.000000
4433	2	1	0.000000
4434	3	1	0.000000
4435	3	1	0.000000
4436	3	1	0.000000
4437	3	1	0.000000
4438	3	1	0.000000
4439	2	1	0.000000
4440	3	1	0.000000
4441	2	1	0.000000
4442	2	1	0.000000
4443	2	5	0.000000
4444	2	1	0.000000
4445	3	1	0.000000
4446	3	1	0.000000
4447	2	1	0.000000
4448	2	3	0.000000
4449	3	1	0.000000
4450	3	1	0.000000
4451	3	1	0.000000
4452	3	2	0.000000
4453	3	1	0.000000
4454	3	1	0.000000
4455	3	1	0.000000
4456	3	1	0.000000
4457	3	1	0.000000
4458	2	1	0.000000
4459	2	5	0.000000
4460	2	1	0.000000
4461	2	1	0.000000
4462	2	1	0.000000
4463	2	3	0.000000
4464	2	1	0.000000
4465	3	1	0.000000
4466	3	1	0.000000
4467	3	1	0.000000
4468	3	2	0.000000
4469	3	1	0.000000
4470	3	1	0.000000
4471	3	1	0.000000
4472	3	1	0.000000
4473	3	1	0.000000
4474	2	1	0.000000
4475	2	1	0.000000
4476	2	1	0.000000
4477	2	1	0.000000
4478	2	1	0.000000
4479	2	1	0.000000
4480	2	5	0.000000
4481	2	1	0.000000
4482	2	1	0.000000
4483	2	1	0.000000
4484	2	1	0.000000
4485	2	2	0.000000
4486	2	1	0.000000
4487	2	1	0.000000
4488	2	1	0.000000
4489	2	1	0.000000
4490	2	1	0.000000
4491	2	4	0.000000
4492	2	1	0.000000
4493	2	2	0.000000
4494	2	1	0.000000
4495	2	1	0.000000
4496	2	1	0.000000
4497	2	1	0.000000
4498	2	1	0.000000
4499	2	1	0.000000
4500	2	1	0.000000
4501	2	4	0.000000
4502	2	4	0.000000
4503	3	1	0.000000
4504	3	1	0.000000
4505	2	1	0.000000
4506	2	1	0.000000
4507	3	1	0.000000
4508	3	1	0.000000
4509	3	1	0.000000
4510	3	1	0.000000
4511	3	1	0.000000
4512	3	1	0.000000
4513	3	3	0.000000
4514	3	1	0.000000
4515	3	1	0.000000
4516	3	1	0.000000
4517	3	1	0.000000
4518	3	2	0.000000
4519	2	1	0.000000
4520	3	1	0.000000
4521	3	1	0.000000
4522	2	1	0.000000
4523	2	1	0.000000
4524	2	1	0.000000
4525	2	1	0.000000
4526	2	1	0.000000
4527	2	4	0.000000
4528	2	1	0.000000
4529	2	4	0.000000
4530	2	1	0.000000
4531	3	1	0.000000
4532	3	1	0.000000
4533	2	5	0.000000
4534	2	0	0.000000
4535	3	1	0.000000
4536	3	1	0.000000
4537	3	3	0.000000
4538	2	1	0.000000
4539	2	1	0.000000
4540	2	1	0.000000
4541	2	1	0.000000
4542	2	5	0.000000
4543	2	1	0.000000
4544	2	1	0.000000
4545	2	1	0.000000
4546	2	1	0.000000
4547	2	1	0.000000
4548	2	1	0.000000
4549	2	1	0.000000
4550	2	1	0.000000
4551	2	1	0.000000
4552	2	1	0.000000
4553	2	1	0.000000
4554	2	3	0.000000
4555	2	1	0.000000
4556	2	0	0.000000
4557	2	1	0.000000
4558	2	1	0.000000
4559	2	1	0.000000
4560	2	1	0.000000
4561	2	5	0.000000
4562	2	1	0.000000
4563	2	2	0.000000
4564	2	1	0.000000
4565	2	1	0.000000
4566	2	1	0.000000
4567	2	1	0.000000
4568	2	1	0.000000
4569	2	1	0.000000
4570	2	1	0.000000
4571	2	1	0.000000
4572	2	1	0.000000
4573	2	1	0.000000
4574	2	1	0.000000
4575	2	1	0.000000
4576	2	1	0.000000
4577	2	1	0.000000
4578	2	2	0.000000
4579	2	1	0.000000
4580	2	1	0.000000
4581	2	1	0.000000
4582	2	2	0.000000
4583	2	1	0.000000
4584	2	1	0.000000
4585	2	1	0.000000
4586	2	1	0.000000
4587	3	1	0.000000
4588	2	0	0.000000
4589	2	1	0.000000
4590	3	1	0.000000
4591	3	1	0.000000
4592	3	1	0.000000
4593	3	1	0.000000
4594	3	1	0.000000
4595	3	1	0.000000
4596	3	1	0.000000
4597	3	2	0.000000
4598	3	1	0.000000
4599	3	1	0.000000
4600	3	1	0.000000
4601	3	2	0.000000
4602	3	1	0.000000
4603	3	1	0.000000
4604	3	1	0.000000
4605	3	0	0.000000
4606	3	1	0.000000
4607	3	1	0.000000
4608	3	1	0.000000
4609	3	1	0.000000
4610	3	1	0.000000
4611	3	1	0.000000
4612	4	1	0.000000
4613	4	1	0.000000
4614	4	1	0.000000
4615	4	1	0.000000
4616	4	1	0.000000
4617	4	1	0.000000
4618	4	1	0.000000
4619	4	1	0.000000
4620	4	1	0.000000
4621	4	1	0.000000
4622	4	1	0.000000
4623	4	1	0.000000
4624	4	0	0.000000
4625	4	1	0.000000
4626	4	1	0.000000
4627	4	1	0.000000
4628	4	1	0.000000
4629	4	1	0.000000
4630	4	1	0.000000
4631	4	1	0.000000
4632	4	1	0.000000
4633	4	1	0.000000
4634	4	1	0.000000
4635	4	1	0.000000
4636	4	1	0.000000
4637	4	1	0.000000
4638	4	0	0.000000
4639	4	1	0.000000
4640	4	1	0.000000
4641	4	1	0.000000
4642	4	1	0.000000
4643	4	1	0.000000
4644	4	0	0.000000
4645	4	1	0.000000
4646	4	1	0.000000
4647	4	1	0.000000
4648	4	1	0.000000
4649	4	1	0.000000
4650	4	1	0.000000
4651	4	1	0.000000
4652	4	2	0.000000
4653	4	1	0.000000
4654	4	1	0.000000
4655	4	1	0.000000
4656	4	1	0.000000
4657	4	1	0.000000
4658	4	1	0.000000
4659	4	3	0.000000
4660	4	1	0.000000
4661	4	1	0.000000
4662	4	3	0.000000
4663	3	1	0.000000
4664	3	1	0.000000
4665	3	2	0.000000
4666	4	1	0.000000
4667	4	1	0.000000
4668	4	1	0.000000
4669	4	1	0.000000
4670	4	1	0.000000
4671	4	3	0.000000
4672	4	3	0.000000
4673	4	1	0.000000
4674	4	1	0.000000
4675	4	1	0.000000
4676	4	1	0.000000
4677	4	1	0.000000
4678	4	2	0.000000
4679	4	1	0.000000
4680	4	1	0.000000
4681	4	1	0.000000
4682	4	1	0.000000
4683	4	1	0.000000
4684	4	1	0.000000
4685	4	1	0.000000
4686	4	1	0.000000
4687	4	3	0.000000
4688	4	1	0.000000
4689	4	2	0.000000
4690	4	1	0.000000
4691	3	1	0.000000
4692	3	1	0.000000
4693	3	3	0.000000
4694	3	1	0.000000
4695	3	1	0.000000
4696	3	1	0.000000
4697	3	1	0.000000
4698	3	1	0.000000
4699	3	3	0.000000
4700	3	1	0.000000
4701	3	1	0.000000
4702	3	1	0.000000
4703	3	1	0.000000
4704	3	1	0.000000
4705	3	1	0.000000
4706	3	1	0.000000
4707	3	1	0.000000
4708	3	1	0.000000
4709	3	3	0.000000
4710	3	2	0.000000
4711	3	1	0.000000
4712	3	1	0.000000
4713	3	1	0.000000
4714	3	3	0.000000
4715	3	1	0.000000
4716	3	2	0.000000
4717	2	1	0.000000
4718	2	1	0.000000
4719	2	1	0.000000
4720	2	3	0.000000
4721	2	1	0.000000
4722	2	1	0.000000
4723	2	1	0.000000
4724	2	3	0.000000
4725	2	1	0.000000
4726	2	1	0.000000
4727	2	1	0.000000
4728	2	5	0.000000
4729	2	1	0.000000
4730	2	1	0.000000
4731	2	5	0.000000
4732	2	1	0.000000
4733	2	5	0.000000
4734	2	1	0.000000
4735	2	1	0.000000
4736	2	1	0.000000
4737	2	1	0.000000
4738	2	1	0.000000
4739	2	1	0.000000
4740	2	1	0.000000
4741	2	1	0.000000
4742	2	1	0.000000
4743	2	1	0.000000
4744	2	1	0.000000
4745	2	4	0.000000
4746	2	1	0.000000
4747	2	1	0.000000
4748	2	5	0.000000
4749	2	1	0.000000
4750	2	1	0.000000
4751	2	1	0.000000
4752	2	1	0.000000
4753	2	1	0.000000
4754	2	1	0.000000
4755	2	1	0.000000
4756	2	1	0.000000
4757	2	1	0.000000
4758	2	1	0.000000
4759	2	3	0.000000
4760	2	1	0.000000
4761	2	1	0.000000
4762	2	1	0.000000
4763	2	1	0.000000
4764	2	1	0.000000
4765	2	1	0.000000
4766	2	1	0.000000
4767	2	2	0.000000
4768	2	1	0.000000
4769	3	1	0.000000
4770	3	1	0.000000
4771	3	1	0.000000
4772	3	1	0.000000
4773	3	1	0.000000
4774	2	1	0.000000
4775	2	1	0.000000
4776	2	1	0.000000
4777	2	2	0.000000
4778	2	4	0.000000
4779	2	1	0.000000
4780	2	1	0.000000
4781	2	3	0.000000
4782	2	4	0.000000
4783	2	1	0.000000
4784	2	1	0.000000
4785	2	1	0.000000
4786	2	1	0.000000
4787	2	1	0.000000
4788	2	5	0.000000
4789	2	1	0.000000
4790	3	1	0.000000
4791	3	1	0.000000
4792	3	1	0.000000
4793	2	1	0.000000
4794	2	4	0.000000
4795	2	1	0.000000
4796	2	1	0.000000
4797	2	1	0.000000
4798	2	1	0.000000
4799	2	1	0.000000
4800	2	3	0.000000
4801	2	1	0.000000
4802	2	1	0.000000
4803	2	4	0.000000
4804	2	1	0.000000
4805	2	1	0.000000
4806	3	1	0.000000
4807	3	1	0.000000
4808	3	1	0.000000
4809	3	2	0.000000
4810	3	1	0.000000
4811	3	1	0.000000
4812	3	1	0.000000
4813	2	1	0.000000
4814	2	1	0.000000
4815	2	1	0.000000
4816	2	1	0.000000
4817	2	1	0.000000
4818	2	1	0.000000
4819	2	4	0.000000
4820	2	1	0.000000
4821	2	1	0.000000
4822	2	1	0.000000
4823	2	1	0.000000
4824	2	0	0.000000
4825	2	1	0.000000
4826	2	2	0.000000
4827	2	1	0.000000
4828	2	1	0.000000
4829	2	1	0.000000
4830	2	1	0.000000
4831	2	1	0.000000
4832	2	1	0.000000
4833	2	3	0.000000
4834	2	1	0.000000
4835	2	1	0.000000
4836	2	1	0.000000
4837	2	1	0.000000
4838	2	1	0.000000
4839	2	1	0.000000
4840	2	0	0.000000
4841	2	2	0.000000
4842	2	2	0.000000
4843	2	1	0.000000
4844	2	1	0.000000
4845	2	3	0.000000
4846	3	1	0.000000
4847	3	1	0.000000
4848	3	1	0.000000
4849	3	1	0.000000
4850	3	1	0.000000
4851	3	1	0.000000
4852	3	1	0.000000
4853	3	0	0.000000
4854	3	1	0.000000
4855	3	1	0.000000
4856	3	1	0.000000
4857	3	1	0.000000
4858	3	1	0.000000
4859	3	1	0.000000
4860	3	1	0.000000
4861	3	1	0.000000
4862	3	1	0.000000
4863	3	1	0.000000
4864	3	1	0.000000
4865	3	1	0.000000
4866	3	1	0.000000
4867	3	1	0.000000
4868	3	1	0.000000
4869	3	1	0.000000
4870	3	1	0.000000
4871	3	1	0.000000
4872	4	1	0.000000
4873	4	1	0.000000
4874	4	0	0.000000
4875	4	1	0.000000
4876	4	1	0.000000
4877	4	1	0.000000
4878	4	3	0.000000
4879	4	1	0.000000
4880	4	1	0.000000
4881	4	1	0.000000
4882	4	1	0.000000
4883	4	1	0.000000
4884	3	1	0.000000
4885	3	1	0.000000
4886	3	1	0.000000
4887	3	1	0.000000
4888	3	1	0.000000
4889	3	1	0.000000
4890	3	1	0.000000
4891	3	1	0.000000
4892	3	1	0.000000
4893	3	1	0.000000
4894	3	2	0.000000
4895	3	1	0.000000
4896	3	1	0.000000
4897	3	2	0.000000
4898	3	1	0.000000
4899	3	1	0.000000
4900	3	1	0.000000
4901	3	1	0.000000
4902	3	1	0.000000
4903	3	2	0.000000
4904	3	1	0.000000
4905	3	1	0.000000
4906	3	1	0.000000
4907	3	1	0.000000
4908	3	2	0.000000
4909	3	0	0.000000
4910	3	1	0.000000
4911	3	1	0.000000
4912	3	2	0.000000
4913	3	1	0.000000
4914	2	2	0.000000
4915	2	1	0.000000
4916	2	1	0.000000
4917	2	2	0.000000
4918	2	1	0.000000
4919	2	1	0.000000
4920	2	1	0.000000
4921	2	1	0.000000
4922	2	1	0.000000
4923	2	1	0.000000
4924	2	2	0.000000
4925	2	1	0.000000
4926	2	1	0.000000
4927	2	1	0.000000
4928	2	1	0.000000
4929	2	0	0.000000
4930	2	1	0.000000
4931	2	1	0.000000
4932	2	1	0.000000
4933	2	2	0.000000
4934	2	1	0.000000
4935	2	1	0.000000
4936	2	1	0.000000
4937	2	3	0.000000
4938	2	0	0.000000
4939	2	1	0.000000
4940	2	4	0.000000
4941	2	3	0.000000
4942	2	3	0.000000
4943	2	1	0.000000
4944	2	4	0.000000
4945	2	1	0.000000
4946	2	1	0.000000
4947	2	1	0.000000
4948	2	1	0.000000
4949	2	1	0.000000
4950	3	1	0.000000
4951	3	1	0.000000
4952	3	1	0.000000
4953	3	1	0.000000
4954	3	1	0.000000
4955	3	1	0.000000
4956	3	1	0.000000
4957	3	1	0.000000
4958	3	1	0.000000
4959	3	1	0.000000
4960	3	1	0.000000
4961	3	1	0.000000
4962	3	1	0.000000
4963	3	1	0.000000
4964	3	1	0.000000
4965	3	1	0.000000
4966	3	1	0.000000
4967	3	1	0.000000
4968	3	1	0.000000
4969	3	1	0.000000
4970	3	1	0.000000
4971	3	1	0.000000
4972	3	1	0.000000
4973	3	1	0.000000
4974	3	1	0.000000
4975	3	1	0.000000
4976	3	1	0.000000
4977	3	1	0.000000
4978	2	1	0.000000
4979	2	1	0.000000
4980	2	1	0.000000
4981	2	1	0.000000
4982	2	1	0.000000
4983	2	1	0.000000
4984	2	1	0.000000
4985	2	1	0.000000
4986	2	1	0.000000
4987	2	1	0.000000
4988	2	2	0.000000
4989	2	1	0.000000
4990	2	1	0.000000
4991	2	1	0.000000
4992	2	1	0.000000
4993	2	1	0.000000
4994	2	1	0.000000
4995	2	0	0.000000
4996	2	1	0.000000
4997	2	1	0.000000
4998	2	1	0.000000
4999	2	1	0.000000
5000	2	1	0.000000
5001	2	1	0.000000
5002	2	1	0.000000
5003	2	0	0.000000
5004	2	1	0.000000
5005	2	5	0.000000
5006	2	1	0.000000
5007	2	1	0.000000
5008	2	1	0.000000
5009	2	1	0.000000
5010	2	1	0.000000
5011	2	1	0.000000
5012	2	1	0.000000
5013	2	1	0.000000
5014	2	2	0.000000
5015	2	1	0.000000
5016	2	1	0.000000
5017	2	2	0.000000
5018	2	1	0.000000
5019	2	3	0.000000
5020	2	1	0.000000
5021	2	4	0.000000
5022	2	4	0.000000
5023	2	1	0.000000
5024	2	1	0.000000
5025	2	1	0.000000
5026	2	5	0.000000
5027	2	1	0.000000
5028	2	1	0.000000
5029	2	1	0.000000
5030	2	1	0.000000
5031	3	1	0.000000
5032	3	1	0.000000
5033	3	1	0.000000
5034	3	1	0.000000
5035	3	1	0.000000
5036	2	3	0.000000
5037	2	1	0.000000
5038	2	1	0.000000
5039	2	1	0.000000
5040	2	1	0.000000
5041	2	1	0.000000
5042	2	1	0.000000
5043	2	4	0.000000
5044	2	1	0.000000
5045	2	1	0.000000
5046	2	1	0.000000
5047	2	1	0.000000
5048	2	1	0.000000
5049	2	3	0.000000
5050	2	1	0.000000
5051	2	1	0.000000
5052	2	1	0.000000
5053	2	4	0.000000
5054	3	1	0.000000
5055	3	1	0.000000
5056	3	1	0.000000
5057	3	0	0.000000
5058	3	1	0.000000
5059	3	1	0.000000
5060	3	1	0.000000
5061	3	1	0.000000
5062	3	1	0.000000
5063	2	1	0.000000
5064	2	1	0.000000
5065	2	1	0.000000
5066	2	1	0.000000
5067	2	4	0.000000
5068	2	1	0.000000
5069	2	0	0.000000
5070	2	1	0.000000
5071	2	5	0.000000
5072	2	1	0.000000
5073	2	1	0.000000
5074	2	0	0.000000
5075	2	3	0.000000
5076	3	1	0.000000
5077	3	1	0.000000
5078	2	1	0.000000
5079	2	1	0.000000
5080	2	1	0.000000
5081	3	1	0.000000
5082	3	1	0.000000
5083	3	1	0.000000
5084	3	2	0.000000
5085	3	0	0.000000
5086	3	1	0.000000
5087	3	0	0.000000
5088	3	1	0.000000
5089	3	1	0.000000
5090	3	1	0.000000
5091	3	1	0.000000
5092	3	1	0.000000
5093	3	1	0.000000
5094	3	1	0.000000
5095	2	1	0.000000
5096	2	1	0.000000
5097	2	1	0.000000
5098	2	1	0.000000
5099	2	1	0.000000
5100	2	1	0.000000
5101	2	1	0.000000
5102	2	1	0.000000
5103	2	1	0.000000
5104	2	3	0.000000
5105	2	0	0.000000
5106	2	4	0.000000
5107	2	1	0.000000
5108	2	1	0.000000
5109	2	1	0.000000
5110	2	1	0.000000
5111	2	1	0.000000
5112	2	1	0.000000
5113	3	1	0.000000
5114	3	1	0.000000
5115	3	1	0.000000
5116	3	1	0.000000
5117	3	3	0.000000
5118	2	1	0.000000
5119	3	1	0.000000
5120	3	1	0.000000
5121	2	1	0.000000
5122	2	5	0.000000
5123	2	1	0.000000
5124	2	1	0.000000
5125	2	1	0.000000
5126	2	1	0.000000
5127	2	1	0.000000
5128	2	1	0.000000
5129	2	2	0.000000
5130	2	1	0.000000
5131	2	1	0.000000
5132	2	1	0.000000
5133	2	1	0.000000
5134	2	5	0.000000
5135	2	1	0.000000
5136	2	1	0.000000
5137	2	1	0.000000
5138	2	1	0.000000
5139	2	1	0.000000
5140	2	1	0.000000
5141	2	1	0.000000
5142	2	1	0.000000
5143	2	1	0.000000
5144	2	1	0.000000
5145	2	3	0.000000
5146	2	1	0.000000
5147	2	1	0.000000
5148	2	1	0.000000
5149	2	1	0.000000
5150	2	1	0.000000
5151	2	1	0.000000
5152	2	1	0.000000
5153	2	1	0.000000
5154	2	1	0.000000
5155	2	1	0.000000
5156	2	1	0.000000
5157	2	1	0.000000
5158	2	1	0.000000
5159	2	0	0.000000
5160	2	1	0.000000
5161	2	1	0.000000
5162	2	4	0.000000
5163	2	1	0.000000
5164	2	1	0.000000
5165	2	1	0.000000
5166	2	1	0.000000
5167	2	1	0.000000
5168	2	1	0.000000
5169	2	2	0.000000
5170	2	1	0.000000
5171	2	4	0.000000
5172	2	1	0.000000
5173	2	1	0.000000
5174	2	1	0.000000
5175	2	1	0.000000
5176	2	3	0.000000
5177	2	1	0.000000
5178	2	1	0.000000
5179	2	1	0.000000
5180	2	1	0.000000
5181	2	1	0.000000
5182	2	1	0.000000
5183	2	1	0.000000
5184	2	1	0.000000
5185	2	1	0.000000
5186	2	1	0.000000
5187	2	1	0.000000
5188	2	1	0.000000
5189	2	1	0.000000
5190	2	1	0.000000
5191	2	1	0.000000
5192	2	4	0.000000
5193	2	4	0.000000
5194	2	1	0.000000
5195	2	1	0.000000
5196	2	5	0.000000
5197	2	1	0.000000
5198	2	4	0.000000
5199	2	1	0.000000
5200	2	0	0.000000
5201	2	0	0.000000
5202	2	3	0.000000
5203	2	5	0.000000
5204	2	2	0.000000
5205	2	1	0.000000
5206	2	1	0.000000
5207	2	3	0.000000
5208	2	1	0.000000
5209	2	1	0.000000
5210	2	3	0.000000
5211	2	1	0.000000
5212	2	1	0.000000
5213	2	1	0.000000
5214	2	1	0.000000
5215	2	4	0.000000
5216	2	1	0.000000
5217	2	1	0.000000
5218	2	1	0.000000
5219	2	1	0.000000
5220	2	1	0.000000
5221	2	4	0.000000
5222	2	1	0.000000
5223	2	1	0.000000
5224	2	2	63.946000
5225	0	0	0.000000
