StartTime	2015/10/20 02:30:26
FinishTime	2015/10/20 02:31:30
ElapsedTime	64.000000
/home/daisuke/git/ReinforcementLearning/log/EV3LineTracer_20151019220224_10Setting_20151019220225.log
0	1.000000
1	0.062500	0.812500	0.062500	0.062500
2	0.041667	0.041667	0.791667	0.041667	0.041667	0.041667
3	0.062500	0.062500	0.812500	0.062500
4	0.812500	0.062500	0.062500	0.062500
5	0.812500	0.062500	0.062500	0.062500
6	0.062500	0.062500	0.062500	0.812500
4986
0	3	2	0.000000
1	3	2	0.000000
2	3	2	0.000000
3	3	2	0.000000
4	3	2	0.000000
5	3	2	0.000000
6	3	3	0.000000
7	3	2	0.000000
8	3	2	0.000000
9	3	2	0.000000
10	2	2	0.000000
11	2	2	0.000000
12	2	2	0.000000
13	2	2	0.000000
14	3	2	0.000000
15	3	3	0.000000
16	3	2	0.000000
17	3	2	0.000000
18	3	2	0.000000
19	3	0	0.000000
20	3	2	0.000000
21	3	2	0.000000
22	3	2	0.000000
23	3	2	0.000000
24	3	2	0.000000
25	2	3	0.000000
26	2	1	0.000000
27	2	2	0.000000
28	2	2	0.000000
29	2	2	0.000000
30	2	2	0.000000
31	2	2	0.000000
32	1	1	0.000000
33	1	1	0.000000
34	1	1	0.000000
35	1	1	0.000000
36	1	1	0.000000
37	1	1	0.000000
38	1	1	0.000000
39	1	1	0.000000
40	1	1	0.000000
41	1	1	0.000000
42	1	2	0.000000
43	1	1	0.000000
44	1	1	0.000000
45	1	1	0.000000
46	1	1	0.000000
47	1	3	0.000000
48	1	1	0.000000
49	1	2	0.000000
50	1	2	0.000000
51	1	1	0.000000
52	1	1	0.000000
53	2	2	0.000000
54	2	2	0.000000
55	2	2	0.000000
56	2	2	0.000000
57	2	5	0.000000
58	2	3	0.000000
59	2	1	0.000000
60	2	1	0.000000
61	2	0	0.000000
62	2	2	0.000000
63	2	2	0.000000
64	2	2	0.000000
65	2	2	0.000000
66	1	1	0.000000
67	1	2	0.000000
68	2	2	0.000000
69	2	2	0.000000
70	1	2	0.000000
71	2	2	0.000000
72	1	1	0.000000
73	2	2	0.000000
74	2	2	0.000000
75	2	2	0.000000
76	2	0	0.000000
77	1	1	0.000000
78	1	1	0.000000
79	1	1	0.000000
80	1	1	0.000000
81	1	1	0.000000
82	1	2	0.000000
83	1	1	0.000000
84	1	1	0.000000
85	1	1	0.000000
86	1	1	0.000000
87	1	1	0.000000
88	1	1	0.000000
89	1	1	0.000000
90	2	0	0.000000
91	2	2	0.000000
92	2	1	0.000000
93	2	2	0.000000
94	2	2	0.000000
95	2	2	0.000000
96	2	0	0.000000
97	2	2	0.000000
98	2	5	0.000000
99	2	2	0.000000
100	2	2	0.000000
101	2	0	0.000000
102	2	2	0.000000
103	2	2	0.000000
104	2	2	0.000000
105	2	2	0.000000
106	2	2	0.000000
107	1	0	0.000000
108	1	1	0.000000
109	1	1	0.000000
110	1	1	0.000000
111	1	0	0.000000
112	1	2	0.000000
113	1	1	0.000000
114	1	3	0.000000
115	1	1	0.000000
116	1	1	0.000000
117	1	1	0.000000
118	1	1	0.000000
119	1	1	0.000000
120	1	1	0.000000
121	2	2	0.000000
122	2	2	0.000000
123	2	1	0.000000
124	2	2	0.000000
125	2	2	0.000000
126	2	2	0.000000
127	2	2	0.000000
128	2	2	0.000000
129	2	2	0.000000
130	2	2	0.000000
131	2	3	0.000000
132	2	4	0.000000
133	2	2	0.000000
134	2	2	0.000000
135	2	2	0.000000
136	1	1	0.000000
137	1	1	0.000000
138	1	1	0.000000
139	1	1	0.000000
140	1	0	0.000000
141	1	1	0.000000
142	1	1	0.000000
143	1	1	0.000000
144	1	1	0.000000
145	1	1	0.000000
146	1	1	0.000000
147	1	1	0.000000
148	1	1	0.000000
149	1	1	0.000000
150	1	1	0.000000
151	1	1	0.000000
152	2	0	0.000000
153	2	2	0.000000
154	2	2	0.000000
155	2	2	0.000000
156	2	2	0.000000
157	2	2	0.000000
158	2	0	0.000000
159	2	2	0.000000
160	2	2	0.000000
161	2	2	0.000000
162	2	2	0.000000
163	2	2	0.000000
164	2	3	0.000000
165	2	4	0.000000
166	1	2	0.000000
167	1	1	0.000000
168	1	1	0.000000
169	1	1	0.000000
170	1	1	0.000000
171	1	1	0.000000
172	1	1	0.000000
173	1	1	0.000000
174	1	3	0.000000
175	2	4	0.000000
176	2	2	0.000000
177	2	2	0.000000
178	2	2	0.000000
179	2	2	0.000000
180	2	2	0.000000
181	2	2	0.000000
182	2	2	0.000000
183	2	2	0.000000
184	2	2	0.000000
185	2	2	0.000000
186	1	1	0.000000
187	1	1	0.000000
188	1	1	0.000000
189	1	1	0.000000
190	1	0	0.000000
191	1	1	0.000000
192	1	2	0.000000
193	1	1	0.000000
194	1	1	0.000000
195	1	1	0.000000
196	1	1	0.000000
197	1	1	0.000000
198	1	1	0.000000
199	1	1	0.000000
200	1	1	0.000000
201	1	0	0.000000
202	2	2	0.000000
203	2	2	0.000000
204	2	5	0.000000
205	2	3	0.000000
206	2	3	0.000000
207	2	2	0.000000
208	2	2	0.000000
209	2	2	0.000000
210	2	1	0.000000
211	2	2	0.000000
212	2	2	0.000000
213	2	2	0.000000
214	2	2	0.000000
215	1	3	0.000000
216	1	1	0.000000
217	1	1	0.000000
218	1	1	0.000000
219	1	1	0.000000
220	1	1	0.000000
221	1	1	0.000000
222	1	1	0.000000
223	1	1	0.000000
224	1	1	0.000000
225	1	0	0.000000
226	1	1	0.000000
227	1	1	0.000000
228	2	3	0.000000
229	2	2	0.000000
230	2	2	0.000000
231	2	2	0.000000
232	2	2	0.000000
233	2	2	0.000000
234	2	2	0.000000
235	2	2	0.000000
236	2	2	0.000000
237	2	3	0.000000
238	2	2	0.000000
239	2	2	0.000000
240	2	3	0.000000
241	2	2	0.000000
242	2	0	0.000000
243	1	1	0.000000
244	1	1	0.000000
245	1	3	0.000000
246	1	1	0.000000
247	1	1	0.000000
248	1	1	0.000000
249	1	2	0.000000
250	1	1	0.000000
251	2	2	0.000000
252	2	2	0.000000
253	2	2	0.000000
254	2	2	0.000000
255	2	2	0.000000
256	2	2	0.000000
257	2	2	0.000000
258	2	2	0.000000
259	2	2	0.000000
260	2	2	0.000000
261	2	2	0.000000
262	1	1	0.000000
263	1	1	0.000000
264	1	1	0.000000
265	1	3	0.000000
266	1	1	0.000000
267	1	1	0.000000
268	1	0	0.000000
269	1	1	0.000000
270	1	1	0.000000
271	1	1	0.000000
272	1	1	0.000000
273	1	1	0.000000
274	1	1	0.000000
275	1	1	0.000000
276	1	1	0.000000
277	2	2	0.000000
278	2	2	0.000000
279	2	2	0.000000
280	2	2	0.000000
281	2	2	0.000000
282	2	2	0.000000
283	2	2	0.000000
284	2	2	0.000000
285	2	2	0.000000
286	2	2	0.000000
287	1	1	0.000000
288	2	2	0.000000
289	2	2	0.000000
290	2	2	0.000000
291	2	0	0.000000
292	2	2	0.000000
293	2	2	0.000000
294	2	2	0.000000
295	2	2	0.000000
296	1	1	0.000000
297	2	2	0.000000
298	1	1	0.000000
299	2	1	0.000000
300	2	2	0.000000
301	1	1	0.000000
302	2	2	0.000000
303	1	1	0.000000
304	1	1	0.000000
305	1	1	0.000000
306	1	3	0.000000
307	1	1	0.000000
308	1	1	0.000000
309	1	1	0.000000
310	1	1	0.000000
311	1	1	0.000000
312	1	0	0.000000
313	1	1	0.000000
314	1	1	0.000000
315	1	1	0.000000
316	1	1	0.000000
317	1	3	0.000000
318	1	1	0.000000
319	2	2	0.000000
320	3	2	0.000000
321	2	2	0.000000
322	2	2	0.000000
323	2	4	0.000000
324	1	1	0.000000
325	1	1	0.000000
326	1	1	0.000000
327	1	3	0.000000
328	1	1	0.000000
329	1	1	0.000000
330	1	1	0.000000
331	1	1	0.000000
332	1	1	0.000000
333	1	1	0.000000
334	1	1	0.000000
335	1	0	0.000000
336	1	1	0.000000
337	1	1	0.000000
338	1	1	0.000000
339	2	2	0.000000
340	2	2	0.000000
341	2	2	0.000000
342	2	2	0.000000
343	2	2	0.000000
344	2	2	0.000000
345	2	2	0.000000
346	1	1	0.000000
347	1	1	0.000000
348	1	1	0.000000
349	1	1	0.000000
350	1	1	0.000000
351	1	1	0.000000
352	1	1	0.000000
353	1	1	0.000000
354	1	3	0.000000
355	1	1	0.000000
356	2	2	0.000000
357	2	2	0.000000
358	2	2	0.000000
359	2	2	0.000000
360	2	2	0.000000
361	2	2	0.000000
362	1	0	0.000000
363	2	2	0.000000
364	1	1	0.000000
365	1	1	0.000000
366	1	0	0.000000
367	1	1	0.000000
368	2	2	0.000000
369	2	2	0.000000
370	2	2	0.000000
371	2	2	0.000000
372	2	5	0.000000
373	2	2	0.000000
374	2	2	0.000000
375	2	2	0.000000
376	2	3	0.000000
377	2	2	0.000000
378	2	2	0.000000
379	1	1	0.000000
380	1	1	0.000000
381	1	2	0.000000
382	1	1	0.000000
383	1	1	0.000000
384	1	1	0.000000
385	1	1	0.000000
386	1	1	0.000000
387	1	2	0.000000
388	1	1	0.000000
389	1	1	0.000000
390	1	0	0.000000
391	1	1	0.000000
392	1	1	0.000000
393	1	1	0.000000
394	1	1	0.000000
395	1	1	0.000000
396	1	1	0.000000
397	1	1	0.000000
398	1	1	0.000000
399	1	1	0.000000
400	1	1	0.000000
401	1	1	0.000000
402	1	2	0.000000
403	1	1	0.000000
404	1	1	0.000000
405	1	1	0.000000
406	2	2	0.000000
407	2	1	0.000000
408	2	2	0.000000
409	2	2	0.000000
410	2	0	0.000000
411	2	2	0.000000
412	3	3	0.000000
413	3	2	0.000000
414	3	2	0.000000
415	3	2	0.000000
416	3	3	0.000000
417	3	2	0.000000
418	3	2	0.000000
419	3	2	0.000000
420	3	2	0.000000
421	2	2	0.000000
422	2	2	0.000000
423	2	2	0.000000
424	2	2	0.000000
425	2	4	0.000000
426	2	2	0.000000
427	2	2	0.000000
428	2	2	0.000000
429	2	2	0.000000
430	2	2	0.000000
431	2	2	0.000000
432	2	2	0.000000
433	2	2	0.000000
434	2	5	0.000000
435	2	0	0.000000
436	2	2	0.000000
437	2	2	0.000000
438	2	2	0.000000
439	2	2	0.000000
440	2	3	0.000000
441	2	2	0.000000
442	1	1	0.000000
443	1	1	0.000000
444	1	1	0.000000
445	2	4	0.000000
446	2	2	0.000000
447	2	2	0.000000
448	2	2	0.000000
449	2	5	0.000000
450	1	1	0.000000
451	1	1	0.000000
452	1	1	0.000000
453	1	1	0.000000
454	1	1	0.000000
455	1	3	0.000000
456	1	1	0.000000
457	1	0	0.000000
458	1	1	0.000000
459	1	1	0.000000
460	1	0	0.000000
461	1	1	0.000000
462	1	1	0.000000
463	2	4	0.000000
464	2	2	0.000000
465	2	5	0.000000
466	2	2	0.000000
467	2	2	0.000000
468	2	2	0.000000
469	2	0	0.000000
470	2	2	0.000000
471	2	2	0.000000
472	2	2	0.000000
473	2	2	0.000000
474	1	2	0.000000
475	1	1	0.000000
476	2	0	0.000000
477	1	2	0.000000
478	1	1	0.000000
479	1	1	0.000000
480	1	1	0.000000
481	1	2	0.000000
482	1	1	0.000000
483	1	0	0.000000
484	1	1	0.000000
485	1	1	0.000000
486	1	1	0.000000
487	2	2	0.000000
488	2	2	0.000000
489	2	2	0.000000
490	3	2	0.000000
491	3	1	0.000000
492	3	2	0.000000
493	3	2	0.000000
494	3	2	0.000000
495	3	2	0.000000
496	3	2	0.000000
497	3	2	0.000000
498	3	0	0.000000
499	2	2	0.000000
500	2	2	0.000000
501	2	2	0.000000
502	2	2	0.000000
503	2	2	0.000000
504	2	2	0.000000
505	2	0	0.000000
506	2	2	0.000000
507	1	1	0.000000
508	2	2	0.000000
509	1	1	0.000000
510	1	1	0.000000
511	1	3	0.000000
512	1	1	0.000000
513	1	1	0.000000
514	1	1	0.000000
515	1	1	0.000000
516	1	1	0.000000
517	1	1	0.000000
518	1	1	0.000000
519	1	1	0.000000
520	1	1	0.000000
521	2	4	0.000000
522	2	2	0.000000
523	2	2	0.000000
524	2	2	0.000000
525	2	5	0.000000
526	2	2	0.000000
527	2	1	0.000000
528	2	4	0.000000
529	2	2	0.000000
530	2	2	0.000000
531	2	2	0.000000
532	2	2	0.000000
533	2	2	0.000000
534	1	0	0.000000
535	2	2	0.000000
536	2	2	0.000000
537	2	2	0.000000
538	2	2	0.000000
539	1	1	0.000000
540	1	3	0.000000
541	1	1	0.000000
542	1	1	0.000000
543	1	1	0.000000
544	1	1	0.000000
545	1	1	0.000000
546	1	1	0.000000
547	1	1	0.000000
548	1	1	0.000000
549	2	2	0.000000
550	2	5	0.000000
551	2	2	0.000000
552	2	2	0.000000
553	2	2	0.000000
554	2	2	0.000000
555	1	1	0.000000
556	1	1	0.000000
557	1	1	0.000000
558	1	1	0.000000
559	1	2	0.000000
560	2	2	0.000000
561	2	2	0.000000
562	2	2	0.000000
563	2	2	0.000000
564	2	2	0.000000
565	2	0	0.000000
566	2	2	0.000000
567	1	0	0.000000
568	1	1	0.000000
569	1	1	0.000000
570	2	2	0.000000
571	2	4	0.000000
572	2	1	0.000000
573	2	0	0.000000
574	2	2	0.000000
575	2	2	0.000000
576	2	2	0.000000
577	2	2	0.000000
578	2	4	0.000000
579	2	2	0.000000
580	2	2	0.000000
581	2	5	0.000000
582	2	2	0.000000
583	2	2	0.000000
584	2	2	0.000000
585	1	1	0.000000
586	1	3	0.000000
587	2	2	0.000000
588	2	2	0.000000
589	2	1	0.000000
590	1	1	0.000000
591	1	1	0.000000
592	1	1	0.000000
593	1	2	0.000000
594	1	0	0.000000
595	1	1	0.000000
596	1	1	0.000000
597	1	1	0.000000
598	1	2	0.000000
599	1	1	0.000000
600	1	1	0.000000
601	1	1	0.000000
602	1	1	0.000000
603	1	1	0.000000
604	1	1	0.000000
605	1	1	0.000000
606	1	1	0.000000
607	1	1	0.000000
608	2	2	0.000000
609	2	2	0.000000
610	2	2	0.000000
611	3	2	0.000000
612	3	1	0.000000
613	2	2	0.000000
614	2	3	0.000000
615	2	2	0.000000
616	2	5	0.000000
617	2	2	0.000000
618	2	1	0.000000
619	1	1	0.000000
620	1	1	0.000000
621	1	1	0.000000
622	1	1	0.000000
623	1	1	0.000000
624	1	1	0.000000
625	1	1	0.000000
626	2	2	0.000000
627	2	2	0.000000
628	2	2	0.000000
629	2	2	0.000000
630	2	2	0.000000
631	2	2	0.000000
632	2	2	0.000000
633	2	2	0.000000
634	2	2	0.000000
635	2	2	0.000000
636	2	2	0.000000
637	2	2	0.000000
638	2	2	0.000000
639	1	1	0.000000
640	2	2	0.000000
641	2	2	0.000000
642	2	2	0.000000
643	2	2	0.000000
644	2	2	0.000000
645	2	2	0.000000
646	2	3	0.000000
647	2	2	0.000000
648	2	2	0.000000
649	2	2	0.000000
650	2	1	0.000000
651	2	2	0.000000
652	2	2	0.000000
653	2	2	0.000000
654	2	2	0.000000
655	2	4	0.000000
656	2	2	0.000000
657	2	2	0.000000
658	2	2	0.000000
659	2	2	0.000000
660	2	2	0.000000
661	2	2	0.000000
662	2	2	0.000000
663	2	2	0.000000
664	2	2	0.000000
665	2	2	0.000000
666	2	2	0.000000
667	2	5	0.000000
668	2	2	0.000000
669	2	2	0.000000
670	2	2	0.000000
671	2	2	0.000000
672	2	2	0.000000
673	2	2	0.000000
674	2	2	0.000000
675	2	2	0.000000
676	2	2	0.000000
677	2	2	0.000000
678	2	4	0.000000
679	2	5	0.000000
680	2	2	0.000000
681	2	2	0.000000
682	2	1	0.000000
683	2	2	0.000000
684	2	2	0.000000
685	2	2	0.000000
686	2	2	0.000000
687	1	1	0.000000
688	1	1	0.000000
689	2	2	0.000000
690	2	2	0.000000
691	2	4	0.000000
692	2	2	0.000000
693	2	2	0.000000
694	2	2	0.000000
695	1	1	0.000000
696	1	1	0.000000
697	1	3	0.000000
698	1	3	0.000000
699	1	1	0.000000
700	1	0	0.000000
701	1	1	0.000000
702	1	0	0.000000
703	1	1	0.000000
704	1	1	0.000000
705	1	1	0.000000
706	1	1	0.000000
707	1	1	0.000000
708	1	1	0.000000
709	2	2	0.000000
710	2	2	0.000000
711	2	2	0.000000
712	2	2	0.000000
713	2	2	0.000000
714	2	2	0.000000
715	2	2	0.000000
716	2	2	0.000000
717	2	2	0.000000
718	2	3	0.000000
719	2	2	0.000000
720	2	2	0.000000
721	2	3	0.000000
722	2	2	0.000000
723	2	2	0.000000
724	2	2	0.000000
725	2	2	0.000000
726	2	2	0.000000
727	2	1	0.000000
728	2	2	0.000000
729	2	3	0.000000
730	2	2	0.000000
731	1	2	0.000000
732	1	1	0.000000
733	1	1	0.000000
734	1	1	0.000000
735	1	1	0.000000
736	1	1	0.000000
737	1	1	0.000000
738	1	1	0.000000
739	1	1	0.000000
740	1	1	0.000000
741	1	1	0.000000
742	1	1	0.000000
743	2	2	0.000000
744	2	2	0.000000
745	2	2	0.000000
746	2	4	0.000000
747	2	2	0.000000
748	2	2	0.000000
749	2	2	0.000000
750	2	2	0.000000
751	2	2	0.000000
752	2	2	0.000000
753	2	4	0.000000
754	2	2	0.000000
755	2	2	0.000000
756	2	2	0.000000
757	2	2	0.000000
758	2	2	0.000000
759	2	2	0.000000
760	2	2	0.000000
761	2	2	0.000000
762	2	2	0.000000
763	2	2	0.000000
764	2	2	0.000000
765	2	2	0.000000
766	2	2	0.000000
767	2	2	0.000000
768	2	2	0.000000
769	2	2	0.000000
770	2	2	0.000000
771	2	3	0.000000
772	2	2	0.000000
773	2	2	0.000000
774	2	2	0.000000
775	2	2	0.000000
776	2	2	0.000000
777	2	2	0.000000
778	2	2	0.000000
779	2	2	0.000000
780	2	0	0.000000
781	2	2	0.000000
782	2	2	0.000000
783	2	2	0.000000
784	2	2	0.000000
785	2	2	0.000000
786	2	2	0.000000
787	2	2	0.000000
788	2	2	0.000000
789	2	2	0.000000
790	2	2	0.000000
791	2	2	0.000000
792	2	2	0.000000
793	2	2	0.000000
794	2	2	0.000000
795	2	2	0.000000
796	2	0	0.000000
797	2	2	0.000000
798	2	2	0.000000
799	2	2	0.000000
800	2	2	0.000000
801	2	2	0.000000
802	2	2	0.000000
803	2	2	0.000000
804	2	2	0.000000
805	2	2	0.000000
806	1	1	0.000000
807	1	1	0.000000
808	1	1	0.000000
809	1	1	0.000000
810	1	1	0.000000
811	1	1	0.000000
812	1	1	0.000000
813	1	1	0.000000
814	1	1	0.000000
815	1	1	0.000000
816	1	1	0.000000
817	1	1	0.000000
818	1	1	0.000000
819	1	1	0.000000
820	1	1	0.000000
821	2	2	0.000000
822	2	2	0.000000
823	2	2	0.000000
824	2	2	0.000000
825	2	2	0.000000
826	2	2	0.000000
827	2	3	0.000000
828	2	3	0.000000
829	2	2	0.000000
830	2	2	0.000000
831	2	1	0.000000
832	2	2	0.000000
833	2	2	0.000000
834	2	2	0.000000
835	2	2	0.000000
836	2	2	0.000000
837	2	4	0.000000
838	2	2	0.000000
839	2	2	0.000000
840	2	2	0.000000
841	2	2	0.000000
842	2	2	0.000000
843	2	2	0.000000
844	2	2	0.000000
845	2	2	0.000000
846	2	2	0.000000
847	2	2	0.000000
848	2	5	0.000000
849	2	2	0.000000
850	2	2	0.000000
851	2	2	0.000000
852	2	2	0.000000
853	2	2	0.000000
854	2	2	0.000000
855	2	2	0.000000
856	2	2	0.000000
857	2	2	0.000000
858	2	2	0.000000
859	2	2	0.000000
860	2	2	0.000000
861	1	1	0.000000
862	1	1	0.000000
863	1	1	0.000000
864	1	1	0.000000
865	1	1	0.000000
866	1	1	0.000000
867	1	0	0.000000
868	1	2	0.000000
869	1	1	0.000000
870	1	0	0.000000
871	1	1	0.000000
872	1	1	0.000000
873	1	1	0.000000
874	1	1	0.000000
875	1	1	0.000000
876	2	2	0.000000
877	2	2	0.000000
878	2	2	0.000000
879	2	2	0.000000
880	2	2	0.000000
881	2	4	0.000000
882	2	2	0.000000
883	2	2	0.000000
884	2	1	0.000000
885	2	2	0.000000
886	2	2	0.000000
887	2	2	0.000000
888	2	2	0.000000
889	2	2	0.000000
890	2	2	0.000000
891	2	0	0.000000
892	2	2	0.000000
893	2	3	0.000000
894	2	2	0.000000
895	2	2	0.000000
896	2	2	0.000000
897	2	2	0.000000
898	2	2	0.000000
899	2	4	0.000000
900	2	2	0.000000
901	2	2	0.000000
902	2	2	0.000000
903	1	1	0.000000
904	1	3	0.000000
905	2	2	0.000000
906	1	2	0.000000
907	1	0	0.000000
908	1	1	0.000000
909	1	1	0.000000
910	1	1	0.000000
911	1	1	0.000000
912	1	2	0.000000
913	1	1	0.000000
914	1	1	0.000000
915	2	2	0.000000
916	2	2	0.000000
917	2	2	0.000000
918	2	2	0.000000
919	2	2	0.000000
920	2	2	0.000000
921	2	2	0.000000
922	2	2	0.000000
923	2	2	0.000000
924	2	2	0.000000
925	2	4	0.000000
926	2	2	0.000000
927	2	2	0.000000
928	2	2	0.000000
929	2	2	0.000000
930	2	2	0.000000
931	2	2	0.000000
932	2	2	0.000000
933	2	2	0.000000
934	2	2	0.000000
935	2	2	0.000000
936	2	2	0.000000
937	2	2	0.000000
938	2	2	0.000000
939	1	1	0.000000
940	1	2	0.000000
941	1	1	0.000000
942	1	1	0.000000
943	1	1	0.000000
944	1	1	0.000000
945	1	1	0.000000
946	1	1	0.000000
947	1	1	0.000000
948	1	1	0.000000
949	1	1	0.000000
950	1	1	0.000000
951	1	1	0.000000
952	1	0	0.000000
953	1	1	0.000000
954	2	4	0.000000
955	2	2	0.000000
956	2	2	0.000000
957	2	1	0.000000
958	2	2	0.000000
959	2	2	0.000000
960	2	2	0.000000
961	2	2	0.000000
962	2	2	0.000000
963	2	2	0.000000
964	2	2	0.000000
965	2	5	0.000000
966	2	2	0.000000
967	2	2	0.000000
968	2	2	0.000000
969	2	2	0.000000
970	2	2	0.000000
971	2	2	0.000000
972	2	2	0.000000
973	2	2	0.000000
974	1	0	0.000000
975	1	1	0.000000
976	1	1	0.000000
977	1	1	0.000000
978	1	1	0.000000
979	1	3	0.000000
980	1	3	0.000000
981	1	1	0.000000
982	1	2	0.000000
983	1	1	0.000000
984	1	1	0.000000
985	1	1	0.000000
986	1	1	0.000000
987	1	1	0.000000
988	2	0	0.000000
989	2	3	0.000000
990	2	2	0.000000
991	2	2	0.000000
992	2	5	0.000000
993	2	2	0.000000
994	2	0	0.000000
995	2	2	0.000000
996	2	1	0.000000
997	2	4	0.000000
998	2	2	0.000000
999	2	2	0.000000
1000	2	2	0.000000
1001	2	2	0.000000
1002	2	2	0.000000
1003	2	2	0.000000
1004	2	2	0.000000
1005	2	3	0.000000
1006	2	2	0.000000
1007	2	2	0.000000
1008	2	2	0.000000
1009	2	2	0.000000
1010	2	2	0.000000
1011	2	2	0.000000
1012	2	2	0.000000
1013	2	3	0.000000
1014	2	2	0.000000
1015	2	2	0.000000
1016	2	2	0.000000
1017	2	2	0.000000
1018	2	2	0.000000
1019	2	3	0.000000
1020	2	2	0.000000
1021	2	2	0.000000
1022	2	3	0.000000
1023	2	2	0.000000
1024	2	0	0.000000
1025	2	2	0.000000
1026	2	2	0.000000
1027	2	2	0.000000
1028	2	4	0.000000
1029	2	2	0.000000
1030	2	2	0.000000
1031	2	2	0.000000
1032	2	0	0.000000
1033	2	2	0.000000
1034	2	2	0.000000
1035	2	2	0.000000
1036	2	2	0.000000
1037	2	2	0.000000
1038	2	2	0.000000
1039	2	2	0.000000
1040	2	4	0.000000
1041	2	2	0.000000
1042	2	4	0.000000
1043	2	2	0.000000
1044	2	2	0.000000
1045	2	2	0.000000
1046	2	2	0.000000
1047	2	2	0.000000
1048	2	5	0.000000
1049	2	2	0.000000
1050	2	2	0.000000
1051	2	2	0.000000
1052	3	2	0.000000
1053	3	2	0.000000
1054	3	2	0.000000
1055	3	2	0.000000
1056	3	2	0.000000
1057	3	2	0.000000
1058	2	2	0.000000
1059	3	3	0.000000
1060	3	2	0.000000
1061	3	2	0.000000
1062	3	2	0.000000
1063	2	2	0.000000
1064	2	2	0.000000
1065	3	2	0.000000
1066	3	2	0.000000
1067	3	3	0.000000
1068	3	2	0.000000
1069	3	2	0.000000
1070	3	2	0.000000
1071	3	2	0.000000
1072	3	2	0.000000
1073	3	2	0.000000
1074	2	5	0.000000
1075	3	2	0.000000
1076	3	3	0.000000
1077	2	2	0.000000
1078	2	2	0.000000
1079	2	2	0.000000
1080	2	3	0.000000
1081	2	2	0.000000
1082	2	2	0.000000
1083	2	2	0.000000
1084	2	5	0.000000
1085	2	2	0.000000
1086	2	2	0.000000
1087	2	2	0.000000
1088	2	2	0.000000
1089	2	2	0.000000
1090	2	2	0.000000
1091	2	2	0.000000
1092	2	2	0.000000
1093	2	2	0.000000
1094	2	2	0.000000
1095	2	2	0.000000
1096	2	2	0.000000
1097	2	2	0.000000
1098	2	2	0.000000
1099	2	2	0.000000
1100	2	2	0.000000
1101	2	2	0.000000
1102	2	2	0.000000
1103	2	2	0.000000
1104	2	2	0.000000
1105	2	1	0.000000
1106	1	1	0.000000
1107	1	1	0.000000
1108	1	1	0.000000
1109	1	1	0.000000
1110	1	1	0.000000
1111	1	1	0.000000
1112	1	1	0.000000
1113	1	1	0.000000
1114	1	1	0.000000
1115	1	1	0.000000
1116	1	1	0.000000
1117	1	3	0.000000
1118	2	2	0.000000
1119	1	1	0.000000
1120	2	2	0.000000
1121	2	5	0.000000
1122	2	2	0.000000
1123	2	2	0.000000
1124	2	2	0.000000
1125	2	2	0.000000
1126	2	2	0.000000
1127	2	2	0.000000
1128	2	2	0.000000
1129	2	2	0.000000
1130	2	2	0.000000
1131	2	2	0.000000
1132	2	2	0.000000
1133	2	2	0.000000
1134	2	2	0.000000
1135	1	1	0.000000
1136	2	2	0.000000
1137	2	2	0.000000
1138	1	3	0.000000
1139	1	1	0.000000
1140	1	1	0.000000
1141	1	1	0.000000
1142	1	0	0.000000
1143	1	3	0.000000
1144	1	1	0.000000
1145	1	1	0.000000
1146	1	1	0.000000
1147	1	1	0.000000
1148	1	1	0.000000
1149	1	2	0.000000
1150	2	2	0.000000
1151	2	2	0.000000
1152	2	2	0.000000
1153	2	0	0.000000
1154	2	4	0.000000
1155	2	3	0.000000
1156	2	2	0.000000
1157	2	2	0.000000
1158	2	2	0.000000
1159	2	2	0.000000
1160	2	2	0.000000
1161	2	5	0.000000
1162	2	2	0.000000
1163	2	4	0.000000
1164	2	4	0.000000
1165	2	2	0.000000
1166	2	2	0.000000
1167	2	2	0.000000
1168	2	2	0.000000
1169	2	2	0.000000
1170	2	2	0.000000
1171	2	2	0.000000
1172	2	2	0.000000
1173	2	2	0.000000
1174	2	2	0.000000
1175	2	2	0.000000
1176	2	3	0.000000
1177	2	2	0.000000
1178	2	5	0.000000
1179	2	1	0.000000
1180	2	2	0.000000
1181	2	2	0.000000
1182	2	2	0.000000
1183	2	2	0.000000
1184	2	2	0.000000
1185	2	2	0.000000
1186	2	2	0.000000
1187	2	2	0.000000
1188	2	2	0.000000
1189	2	2	0.000000
1190	2	2	0.000000
1191	2	2	0.000000
1192	2	2	0.000000
1193	1	1	0.000000
1194	1	0	0.000000
1195	1	3	0.000000
1196	1	1	0.000000
1197	1	1	0.000000
1198	1	1	0.000000
1199	1	1	0.000000
1200	1	1	0.000000
1201	1	1	0.000000
1202	1	1	0.000000
1203	1	1	0.000000
1204	1	2	0.000000
1205	1	0	0.000000
1206	1	3	0.000000
1207	1	1	0.000000
1208	1	1	0.000000
1209	1	0	0.000000
1210	1	1	0.000000
1211	1	1	0.000000
1212	1	1	0.000000
1213	2	5	0.000000
1214	2	2	0.000000
1215	2	2	0.000000
1216	2	2	0.000000
1217	2	2	0.000000
1218	2	5	0.000000
1219	2	2	0.000000
1220	2	2	0.000000
1221	2	2	0.000000
1222	2	2	0.000000
1223	2	2	0.000000
1224	2	2	0.000000
1225	2	2	0.000000
1226	2	2	0.000000
1227	2	4	0.000000
1228	2	2	0.000000
1229	2	2	0.000000
1230	1	1	0.000000
1231	1	1	0.000000
1232	1	1	0.000000
1233	1	1	0.000000
1234	1	1	0.000000
1235	1	1	0.000000
1236	1	1	0.000000
1237	1	1	0.000000
1238	1	1	0.000000
1239	1	1	0.000000
1240	1	2	0.000000
1241	1	1	0.000000
1242	1	1	0.000000
1243	1	1	0.000000
1244	2	2	0.000000
1245	2	2	0.000000
1246	2	2	0.000000
1247	2	0	0.000000
1248	2	4	0.000000
1249	2	2	0.000000
1250	2	2	0.000000
1251	2	5	0.000000
1252	2	2	0.000000
1253	2	2	0.000000
1254	2	2	0.000000
1255	2	2	0.000000
1256	2	1	0.000000
1257	2	3	0.000000
1258	1	1	0.000000
1259	1	1	0.000000
1260	1	1	0.000000
1261	1	1	0.000000
1262	1	1	0.000000
1263	1	1	0.000000
1264	1	1	0.000000
1265	1	1	0.000000
1266	1	1	0.000000
1267	1	1	0.000000
1268	2	2	0.000000
1269	2	2	0.000000
1270	2	2	0.000000
1271	2	2	0.000000
1272	2	2	0.000000
1273	2	2	0.000000
1274	2	2	0.000000
1275	2	1	0.000000
1276	2	2	0.000000
1277	2	2	0.000000
1278	2	2	0.000000
1279	2	2	0.000000
1280	2	2	0.000000
1281	1	1	0.000000
1282	1	1	0.000000
1283	1	1	0.000000
1284	1	1	0.000000
1285	1	1	0.000000
1286	1	1	0.000000
1287	1	1	0.000000
1288	1	1	0.000000
1289	1	1	0.000000
1290	1	1	0.000000
1291	1	3	0.000000
1292	1	0	0.000000
1293	1	1	0.000000
1294	1	1	0.000000
1295	2	2	0.000000
1296	2	2	0.000000
1297	2	2	0.000000
1298	2	0	0.000000
1299	2	2	0.000000
1300	2	2	0.000000
1301	2	2	0.000000
1302	2	2	0.000000
1303	2	2	0.000000
1304	2	3	0.000000
1305	2	2	0.000000
1306	2	2	0.000000
1307	2	2	0.000000
1308	2	1	0.000000
1309	2	2	0.000000
1310	2	2	0.000000
1311	2	2	0.000000
1312	2	2	0.000000
1313	2	2	0.000000
1314	2	2	0.000000
1315	1	1	0.000000
1316	1	1	0.000000
1317	1	1	0.000000
1318	1	3	0.000000
1319	1	1	0.000000
1320	1	1	0.000000
1321	1	1	0.000000
1322	1	1	0.000000
1323	1	1	0.000000
1324	1	1	0.000000
1325	1	1	0.000000
1326	1	1	0.000000
1327	1	1	0.000000
1328	1	1	0.000000
1329	2	2	0.000000
1330	2	0	0.000000
1331	2	5	0.000000
1332	2	2	0.000000
1333	2	2	0.000000
1334	2	2	0.000000
1335	2	5	0.000000
1336	2	1	0.000000
1337	2	3	0.000000
1338	2	2	0.000000
1339	2	2	0.000000
1340	2	2	0.000000
1341	1	1	0.000000
1342	1	1	0.000000
1343	1	1	0.000000
1344	1	1	0.000000
1345	1	1	0.000000
1346	1	1	0.000000
1347	1	2	0.000000
1348	1	0	0.000000
1349	1	2	0.000000
1350	1	1	0.000000
1351	1	1	0.000000
1352	1	1	0.000000
1353	1	1	0.000000
1354	1	0	0.000000
1355	1	1	0.000000
1356	1	1	0.000000
1357	2	2	0.000000
1358	2	2	0.000000
1359	2	2	0.000000
1360	2	2	0.000000
1361	2	1	0.000000
1362	2	2	0.000000
1363	2	2	0.000000
1364	2	2	0.000000
1365	2	2	0.000000
1366	2	2	0.000000
1367	2	2	0.000000
1368	2	2	0.000000
1369	1	1	0.000000
1370	1	1	0.000000
1371	1	1	0.000000
1372	1	1	0.000000
1373	1	1	0.000000
1374	1	1	0.000000
1375	1	1	0.000000
1376	1	3	0.000000
1377	1	1	0.000000
1378	1	2	0.000000
1379	1	0	0.000000
1380	1	2	0.000000
1381	2	2	0.000000
1382	2	2	0.000000
1383	2	2	0.000000
1384	2	2	0.000000
1385	2	2	0.000000
1386	2	2	0.000000
1387	3	2	0.000000
1388	3	2	0.000000
1389	3	2	0.000000
1390	3	2	0.000000
1391	3	2	0.000000
1392	3	0	0.000000
1393	3	2	0.000000
1394	3	2	0.000000
1395	3	2	0.000000
1396	3	2	0.000000
1397	3	2	0.000000
1398	3	2	0.000000
1399	3	0	0.000000
1400	3	2	0.000000
1401	3	2	0.000000
1402	3	0	0.000000
1403	3	2	0.000000
1404	3	3	0.000000
1405	3	2	0.000000
1406	4	0	0.000000
1407	4	0	0.000000
1408	4	0	0.000000
1409	4	0	0.000000
1410	4	0	0.000000
1411	4	0	0.000000
1412	4	0	0.000000
1413	4	0	0.000000
1414	4	0	0.000000
1415	4	0	0.000000
1416	4	0	0.000000
1417	4	0	0.000000
1418	4	2	0.000000
1419	4	0	0.000000
1420	4	0	0.000000
1421	4	0	0.000000
1422	4	0	0.000000
1423	3	2	0.000000
1424	4	0	0.000000
1425	4	0	0.000000
1426	4	0	0.000000
1427	4	0	0.000000
1428	4	0	0.000000
1429	4	0	0.000000
1430	4	0	0.000000
1431	4	1	0.000000
1432	4	0	0.000000
1433	4	0	0.000000
1434	4	0	0.000000
1435	4	0	0.000000
1436	4	3	0.000000
1437	4	0	0.000000
1438	4	0	0.000000
1439	4	0	0.000000
1440	4	0	0.000000
1441	4	0	0.000000
1442	4	0	0.000000
1443	4	0	0.000000
1444	4	0	0.000000
1445	4	0	0.000000
1446	4	0	0.000000
1447	4	0	0.000000
1448	4	1	0.000000
1449	4	1	0.000000
1450	4	0	0.000000
1451	4	0	0.000000
1452	4	0	0.000000
1453	4	3	0.000000
1454	4	0	0.000000
1455	4	0	0.000000
1456	4	0	0.000000
1457	4	0	0.000000
1458	4	0	0.000000
1459	4	0	0.000000
1460	4	3	0.000000
1461	4	0	0.000000
1462	4	0	0.000000
1463	4	1	0.000000
1464	4	0	0.000000
1465	4	0	0.000000
1466	4	0	0.000000
1467	4	0	0.000000
1468	4	0	0.000000
1469	4	0	0.000000
1470	4	0	0.000000
1471	4	1	0.000000
1472	4	0	0.000000
1473	4	0	0.000000
1474	4	0	0.000000
1475	4	0	0.000000
1476	4	0	0.000000
1477	4	0	0.000000
1478	4	0	0.000000
1479	4	0	0.000000
1480	4	0	0.000000
1481	4	0	0.000000
1482	4	3	0.000000
1483	4	0	0.000000
1484	4	2	0.000000
1485	4	0	0.000000
1486	4	0	0.000000
1487	4	0	0.000000
1488	4	0	0.000000
1489	4	3	0.000000
1490	4	1	0.000000
1491	4	1	0.000000
1492	4	0	0.000000
1493	4	0	0.000000
1494	4	0	0.000000
1495	4	3	0.000000
1496	4	0	0.000000
1497	4	0	0.000000
1498	4	0	0.000000
1499	4	0	0.000000
1500	3	2	0.000000
1501	3	2	0.000000
1502	3	2	0.000000
1503	3	2	0.000000
1504	3	2	0.000000
1505	3	1	0.000000
1506	3	2	0.000000
1507	3	3	0.000000
1508	3	2	0.000000
1509	3	2	0.000000
1510	3	2	0.000000
1511	3	2	0.000000
1512	3	2	0.000000
1513	3	2	0.000000
1514	3	1	0.000000
1515	3	2	0.000000
1516	3	2	0.000000
1517	3	2	0.000000
1518	3	2	0.000000
1519	3	2	0.000000
1520	3	3	0.000000
1521	3	2	0.000000
1522	3	2	0.000000
1523	2	1	0.000000
1524	2	2	0.000000
1525	2	2	0.000000
1526	2	2	0.000000
1527	2	4	0.000000
1528	2	4	0.000000
1529	2	4	0.000000
1530	2	2	0.000000
1531	2	2	0.000000
1532	1	1	0.000000
1533	1	1	0.000000
1534	2	1	0.000000
1535	2	2	0.000000
1536	1	1	0.000000
1537	1	1	0.000000
1538	1	1	0.000000
1539	1	1	0.000000
1540	1	1	0.000000
1541	1	3	0.000000
1542	1	1	0.000000
1543	1	1	0.000000
1544	1	2	0.000000
1545	1	1	0.000000
1546	1	2	0.000000
1547	1	1	0.000000
1548	1	1	0.000000
1549	1	1	0.000000
1550	2	4	0.000000
1551	2	2	0.000000
1552	2	3	0.000000
1553	2	0	0.000000
1554	2	0	0.000000
1555	2	2	0.000000
1556	2	3	0.000000
1557	2	2	0.000000
1558	2	2	0.000000
1559	2	4	0.000000
1560	2	2	0.000000
1561	2	2	0.000000
1562	2	2	0.000000
1563	2	2	0.000000
1564	2	2	0.000000
1565	2	0	0.000000
1566	2	2	0.000000
1567	2	2	0.000000
1568	2	2	0.000000
1569	2	2	0.000000
1570	2	2	0.000000
1571	2	2	0.000000
1572	3	1	0.000000
1573	2	1	0.000000
1574	2	2	0.000000
1575	2	2	0.000000
1576	2	2	0.000000
1577	2	4	0.000000
1578	2	2	0.000000
1579	2	2	0.000000
1580	2	2	0.000000
1581	2	2	0.000000
1582	2	5	0.000000
1583	2	2	0.000000
1584	2	2	0.000000
1585	2	2	0.000000
1586	2	2	0.000000
1587	2	2	0.000000
1588	2	5	0.000000
1589	2	2	0.000000
1590	2	2	0.000000
1591	2	1	0.000000
1592	2	2	0.000000
1593	2	0	0.000000
1594	2	2	0.000000
1595	2	2	0.000000
1596	2	2	0.000000
1597	2	0	0.000000
1598	2	2	0.000000
1599	2	2	0.000000
1600	2	2	0.000000
1601	2	2	0.000000
1602	2	2	0.000000
1603	2	2	0.000000
1604	2	2	0.000000
1605	2	5	0.000000
1606	2	2	0.000000
1607	2	2	0.000000
1608	2	2	0.000000
1609	2	2	0.000000
1610	2	2	0.000000
1611	2	2	0.000000
1612	2	2	0.000000
1613	2	1	0.000000
1614	2	2	0.000000
1615	2	2	0.000000
1616	2	2	0.000000
1617	2	4	0.000000
1618	2	2	0.000000
1619	2	2	0.000000
1620	2	2	0.000000
1621	2	2	0.000000
1622	2	2	0.000000
1623	2	4	0.000000
1624	2	2	0.000000
1625	2	2	0.000000
1626	2	2	0.000000
1627	2	2	0.000000
1628	2	2	0.000000
1629	2	2	0.000000
1630	2	4	0.000000
1631	2	2	0.000000
1632	2	2	0.000000
1633	2	2	0.000000
1634	2	2	0.000000
1635	2	2	0.000000
1636	2	2	0.000000
1637	2	5	0.000000
1638	2	2	0.000000
1639	2	2	0.000000
1640	2	0	0.000000
1641	1	1	0.000000
1642	1	1	0.000000
1643	1	1	0.000000
1644	1	3	0.000000
1645	1	1	0.000000
1646	1	1	0.000000
1647	1	1	0.000000
1648	1	1	0.000000
1649	1	1	0.000000
1650	1	2	0.000000
1651	1	1	0.000000
1652	1	1	0.000000
1653	2	2	0.000000
1654	2	2	0.000000
1655	2	2	0.000000
1656	2	1	0.000000
1657	2	2	0.000000
1658	2	1	0.000000
1659	2	2	0.000000
1660	2	2	0.000000
1661	2	2	0.000000
1662	2	2	0.000000
1663	2	2	0.000000
1664	2	1	0.000000
1665	2	2	0.000000
1666	2	2	0.000000
1667	2	2	0.000000
1668	2	2	0.000000
1669	2	2	0.000000
1670	2	2	0.000000
1671	2	2	0.000000
1672	2	4	0.000000
1673	2	2	0.000000
1674	2	2	0.000000
1675	2	2	0.000000
1676	2	2	0.000000
1677	2	2	0.000000
1678	2	2	0.000000
1679	2	0	0.000000
1680	2	5	0.000000
1681	2	2	0.000000
1682	2	2	0.000000
1683	2	2	0.000000
1684	2	2	0.000000
1685	2	2	0.000000
1686	2	2	0.000000
1687	2	3	0.000000
1688	2	2	0.000000
1689	2	1	0.000000
1690	1	1	0.000000
1691	1	1	0.000000
1692	2	2	0.000000
1693	1	1	0.000000
1694	1	1	0.000000
1695	1	2	0.000000
1696	2	2	0.000000
1697	2	5	0.000000
1698	2	2	0.000000
1699	2	2	0.000000
1700	2	5	0.000000
1701	2	2	0.000000
1702	2	2	0.000000
1703	2	2	0.000000
1704	2	2	0.000000
1705	2	2	0.000000
1706	2	0	0.000000
1707	1	1	0.000000
1708	1	1	0.000000
1709	1	1	0.000000
1710	1	1	0.000000
1711	1	1	0.000000
1712	1	1	0.000000
1713	2	2	0.000000
1714	2	2	0.000000
1715	2	2	0.000000
1716	2	4	0.000000
1717	2	2	0.000000
1718	2	2	0.000000
1719	2	1	0.000000
1720	2	2	0.000000
1721	2	5	0.000000
1722	2	2	0.000000
1723	2	0	0.000000
1724	1	1	0.000000
1725	1	3	0.000000
1726	1	1	0.000000
1727	1	1	0.000000
1728	1	1	0.000000
1729	1	1	0.000000
1730	1	1	0.000000
1731	1	1	0.000000
1732	2	2	0.000000
1733	2	0	0.000000
1734	2	0	0.000000
1735	2	2	0.000000
1736	2	2	0.000000
1737	2	2	0.000000
1738	2	2	0.000000
1739	2	0	0.000000
1740	2	2	0.000000
1741	2	2	0.000000
1742	2	2	0.000000
1743	2	2	0.000000
1744	2	2	0.000000
1745	2	2	0.000000
1746	2	2	0.000000
1747	2	2	0.000000
1748	2	2	0.000000
1749	2	2	0.000000
1750	2	2	0.000000
1751	2	2	0.000000
1752	2	2	0.000000
1753	2	2	0.000000
1754	2	4	0.000000
1755	1	1	0.000000
1756	2	2	0.000000
1757	1	2	0.000000
1758	1	1	0.000000
1759	1	1	0.000000
1760	1	0	0.000000
1761	1	1	0.000000
1762	1	0	0.000000
1763	1	1	0.000000
1764	1	1	0.000000
1765	1	1	0.000000
1766	1	1	0.000000
1767	2	2	0.000000
1768	2	2	0.000000
1769	2	2	0.000000
1770	2	2	0.000000
1771	2	2	0.000000
1772	2	3	0.000000
1773	2	1	0.000000
1774	2	2	0.000000
1775	2	0	0.000000
1776	2	2	0.000000
1777	2	1	0.000000
1778	2	1	0.000000
1779	2	1	0.000000
1780	2	1	0.000000
1781	2	3	0.000000
1782	2	2	0.000000
1783	2	4	0.000000
1784	2	2	0.000000
1785	2	0	0.000000
1786	3	2	0.000000
1787	3	1	0.000000
1788	3	2	0.000000
1789	3	2	0.000000
1790	3	0	0.000000
1791	3	2	0.000000
1792	3	2	0.000000
1793	3	2	0.000000
1794	3	1	0.000000
1795	3	1	0.000000
1796	3	2	0.000000
1797	3	2	0.000000
1798	3	3	0.000000
1799	3	2	0.000000
1800	3	2	0.000000
1801	3	0	0.000000
1802	3	1	0.000000
1803	3	3	0.000000
1804	3	2	0.000000
1805	3	2	0.000000
1806	3	2	0.000000
1807	3	2	0.000000
1808	3	2	0.000000
1809	3	2	0.000000
1810	3	2	0.000000
1811	4	0	0.000000
1812	3	2	0.000000
1813	4	0	0.000000
1814	4	0	0.000000
1815	4	0	0.000000
1816	4	1	0.000000
1817	4	0	0.000000
1818	4	0	0.000000
1819	4	0	0.000000
1820	4	0	0.000000
1821	4	0	0.000000
1822	4	0	0.000000
1823	4	0	0.000000
1824	4	0	0.000000
1825	4	0	0.000000
1826	4	0	0.000000
1827	4	0	0.000000
1828	4	1	0.000000
1829	4	0	0.000000
1830	4	0	0.000000
1831	4	0	0.000000
1832	4	0	0.000000
1833	4	0	0.000000
1834	4	0	0.000000
1835	4	0	0.000000
1836	4	0	0.000000
1837	4	0	0.000000
1838	4	0	0.000000
1839	4	0	0.000000
1840	4	0	0.000000
1841	4	0	0.000000
1842	4	0	0.000000
1843	4	3	0.000000
1844	4	0	0.000000
1845	4	0	0.000000
1846	4	3	0.000000
1847	4	0	0.000000
1848	4	0	0.000000
1849	4	0	0.000000
1850	4	0	0.000000
1851	4	0	0.000000
1852	4	0	0.000000
1853	4	0	0.000000
1854	4	0	0.000000
1855	4	0	0.000000
1856	4	0	0.000000
1857	4	0	0.000000
1858	4	0	0.000000
1859	4	0	0.000000
1860	4	0	0.000000
1861	4	0	0.000000
1862	4	0	0.000000
1863	4	3	0.000000
1864	4	0	0.000000
1865	4	3	0.000000
1866	4	0	0.000000
1867	4	0	0.000000
1868	4	0	0.000000
1869	4	0	0.000000
1870	3	0	0.000000
1871	3	2	0.000000
1872	4	0	0.000000
1873	4	0	0.000000
1874	4	0	0.000000
1875	4	0	0.000000
1876	4	0	0.000000
1877	4	0	0.000000
1878	4	0	0.000000
1879	4	0	0.000000
1880	4	0	0.000000
1881	4	0	0.000000
1882	4	0	0.000000
1883	4	0	0.000000
1884	3	1	0.000000
1885	4	0	0.000000
1886	4	0	0.000000
1887	4	0	0.000000
1888	4	0	0.000000
1889	4	0	0.000000
1890	3	2	0.000000
1891	4	0	0.000000
1892	4	0	0.000000
1893	4	0	0.000000
1894	4	0	0.000000
1895	4	0	0.000000
1896	4	3	0.000000
1897	4	1	0.000000
1898	4	2	0.000000
1899	4	0	0.000000
1900	4	2	0.000000
1901	4	3	0.000000
1902	4	0	0.000000
1903	4	0	0.000000
1904	4	0	0.000000
1905	4	0	0.000000
1906	3	2	0.000000
1907	3	0	0.000000
1908	3	2	0.000000
1909	4	1	0.000000
1910	4	0	0.000000
1911	4	0	0.000000
1912	4	0	0.000000
1913	4	0	0.000000
1914	4	0	0.000000
1915	4	2	0.000000
1916	4	0	0.000000
1917	4	3	0.000000
1918	4	0	0.000000
1919	3	0	0.000000
1920	3	2	0.000000
1921	3	2	0.000000
1922	3	1	0.000000
1923	3	2	0.000000
1924	3	2	0.000000
1925	3	2	0.000000
1926	3	2	0.000000
1927	3	2	0.000000
1928	3	2	0.000000
1929	3	3	0.000000
1930	3	2	0.000000
1931	3	2	0.000000
1932	3	2	0.000000
1933	3	2	0.000000
1934	3	2	0.000000
1935	3	2	0.000000
1936	3	1	0.000000
1937	3	2	0.000000
1938	2	1	0.000000
1939	2	2	0.000000
1940	2	2	0.000000
1941	1	1	0.000000
1942	1	1	0.000000
1943	1	1	0.000000
1944	1	1	0.000000
1945	1	1	0.000000
1946	1	1	0.000000
1947	1	1	0.000000
1948	1	1	0.000000
1949	1	1	0.000000
1950	1	0	0.000000
1951	1	2	0.000000
1952	1	1	0.000000
1953	1	0	0.000000
1954	1	1	0.000000
1955	1	1	0.000000
1956	1	3	0.000000
1957	1	1	0.000000
1958	1	1	0.000000
1959	1	1	0.000000
1960	1	1	0.000000
1961	1	2	0.000000
1962	1	1	0.000000
1963	1	1	0.000000
1964	1	1	0.000000
1965	1	1	0.000000
1966	1	1	0.000000
1967	1	2	0.000000
1968	1	1	0.000000
1969	1	1	0.000000
1970	1	1	0.000000
1971	1	1	0.000000
1972	1	1	0.000000
1973	1	1	0.000000
1974	1	1	0.000000
1975	1	1	0.000000
1976	1	1	0.000000
1977	1	1	0.000000
1978	1	1	0.000000
1979	1	1	0.000000
1980	1	3	0.000000
1981	1	1	0.000000
1982	1	1	0.000000
1983	1	1	0.000000
1984	1	1	0.000000
1985	1	1	0.000000
1986	1	1	0.000000
1987	2	5	0.000000
1988	2	2	0.000000
1989	1	2	0.000000
1990	1	3	0.000000
1991	1	1	0.000000
1992	1	3	0.000000
1993	1	1	0.000000
1994	1	1	0.000000
1995	1	1	0.000000
1996	1	1	0.000000
1997	1	1	0.000000
1998	1	1	0.000000
1999	1	1	0.000000
2000	1	2	0.000000
2001	1	1	0.000000
2002	2	0	0.000000
2003	2	2	0.000000
2004	2	2	0.000000
2005	1	1	0.000000
2006	1	1	0.000000
2007	1	2	0.000000
2008	1	0	0.000000
2009	1	1	0.000000
2010	1	1	0.000000
2011	1	1	0.000000
2012	1	1	0.000000
2013	1	2	0.000000
2014	1	1	0.000000
2015	1	1	0.000000
2016	1	1	0.000000
2017	1	1	0.000000
2018	1	1	0.000000
2019	2	1	0.000000
2020	1	1	0.000000
2021	2	2	0.000000
2022	1	1	0.000000
2023	1	1	0.000000
2024	1	2	0.000000
2025	1	1	0.000000
2026	1	1	0.000000
2027	1	1	0.000000
2028	1	2	0.000000
2029	1	1	0.000000
2030	1	2	0.000000
2031	1	3	0.000000
2032	1	1	0.000000
2033	1	1	0.000000
2034	1	1	0.000000
2035	1	1	0.000000
2036	1	1	0.000000
2037	1	1	0.000000
2038	1	1	0.000000
2039	1	1	0.000000
2040	1	1	0.000000
2041	1	1	0.000000
2042	1	1	0.000000
2043	1	1	0.000000
2044	1	1	0.000000
2045	1	1	0.000000
2046	1	1	0.000000
2047	1	1	0.000000
2048	1	1	0.000000
2049	1	1	0.000000
2050	1	1	0.000000
2051	1	1	0.000000
2052	1	1	0.000000
2053	1	1	0.000000
2054	1	1	0.000000
2055	1	3	0.000000
2056	1	1	0.000000
2057	1	1	0.000000
2058	1	1	0.000000
2059	1	1	0.000000
2060	1	1	0.000000
2061	1	1	0.000000
2062	1	1	0.000000
2063	1	3	0.000000
2064	1	1	0.000000
2065	1	1	0.000000
2066	1	1	0.000000
2067	1	1	0.000000
2068	1	2	0.000000
2069	1	1	0.000000
2070	1	1	0.000000
2071	1	1	0.000000
2072	1	1	0.000000
2073	1	1	0.000000
2074	1	1	0.000000
2075	1	3	0.000000
2076	1	1	0.000000
2077	1	1	0.000000
2078	1	1	0.000000
2079	1	1	0.000000
2080	1	1	0.000000
2081	1	1	0.000000
2082	1	1	0.000000
2083	1	1	0.000000
2084	1	1	0.000000
2085	1	1	0.000000
2086	1	0	0.000000
2087	1	0	0.000000
2088	1	1	0.000000
2089	1	1	0.000000
2090	1	2	0.000000
2091	1	1	0.000000
2092	1	2	0.000000
2093	1	2	0.000000
2094	1	1	0.000000
2095	1	1	0.000000
2096	1	1	0.000000
2097	1	0	0.000000
2098	1	1	0.000000
2099	1	1	0.000000
2100	1	1	0.000000
2101	1	1	0.000000
2102	1	1	0.000000
2103	1	2	0.000000
2104	1	1	0.000000
2105	1	1	0.000000
2106	1	1	0.000000
2107	1	1	0.000000
2108	1	1	0.000000
2109	1	1	0.000000
2110	1	1	0.000000
2111	1	3	0.000000
2112	1	1	0.000000
2113	1	0	0.000000
2114	1	1	0.000000
2115	1	1	0.000000
2116	1	1	0.000000
2117	1	1	0.000000
2118	1	1	0.000000
2119	1	1	0.000000
2120	1	1	0.000000
2121	1	1	0.000000
2122	1	1	0.000000
2123	1	1	0.000000
2124	1	0	0.000000
2125	1	0	0.000000
2126	1	1	0.000000
2127	1	0	0.000000
2128	1	1	0.000000
2129	1	1	0.000000
2130	1	1	0.000000
2131	1	1	0.000000
2132	1	2	0.000000
2133	1	2	0.000000
2134	1	1	0.000000
2135	1	1	0.000000
2136	1	1	0.000000
2137	1	1	0.000000
2138	1	1	0.000000
2139	1	1	0.000000
2140	1	0	0.000000
2141	1	1	0.000000
2142	1	1	0.000000
2143	1	1	0.000000
2144	1	0	0.000000
2145	1	1	0.000000
2146	1	1	0.000000
2147	1	1	0.000000
2148	1	1	0.000000
2149	1	1	0.000000
2150	1	1	0.000000
2151	1	2	0.000000
2152	1	3	0.000000
2153	1	1	0.000000
2154	1	1	0.000000
2155	1	1	0.000000
2156	1	1	0.000000
2157	1	1	0.000000
2158	1	1	0.000000
2159	1	1	0.000000
2160	1	1	0.000000
2161	1	1	0.000000
2162	1	1	0.000000
2163	1	1	0.000000
2164	1	1	0.000000
2165	1	2	0.000000
2166	1	3	0.000000
2167	1	1	0.000000
2168	1	1	0.000000
2169	1	3	0.000000
2170	1	0	0.000000
2171	1	3	0.000000
2172	1	1	0.000000
2173	1	1	0.000000
2174	1	1	0.000000
2175	1	1	0.000000
2176	1	1	0.000000
2177	1	1	0.000000
2178	1	1	0.000000
2179	1	1	0.000000
2180	1	1	0.000000
2181	1	1	0.000000
2182	1	1	0.000000
2183	1	0	0.000000
2184	1	1	0.000000
2185	1	1	0.000000
2186	1	0	0.000000
2187	1	2	0.000000
2188	1	1	0.000000
2189	1	1	0.000000
2190	1	1	0.000000
2191	1	1	0.000000
2192	1	1	0.000000
2193	1	1	0.000000
2194	1	1	0.000000
2195	1	1	0.000000
2196	1	1	0.000000
2197	1	1	0.000000
2198	1	1	0.000000
2199	1	0	0.000000
2200	1	1	0.000000
2201	1	1	0.000000
2202	1	3	0.000000
2203	1	1	0.000000
2204	1	3	0.000000
2205	1	1	0.000000
2206	1	1	0.000000
2207	1	1	0.000000
2208	1	1	0.000000
2209	1	1	0.000000
2210	1	1	0.000000
2211	1	1	0.000000
2212	1	1	0.000000
2213	1	1	0.000000
2214	1	1	0.000000
2215	1	1	0.000000
2216	1	1	0.000000
2217	1	1	0.000000
2218	1	1	0.000000
2219	1	1	0.000000
2220	1	1	0.000000
2221	1	1	0.000000
2222	1	1	0.000000
2223	1	2	0.000000
2224	1	1	0.000000
2225	1	1	0.000000
2226	1	1	0.000000
2227	1	1	0.000000
2228	1	1	0.000000
2229	1	1	0.000000
2230	1	1	0.000000
2231	1	1	0.000000
2232	1	1	0.000000
2233	1	1	0.000000
2234	1	1	0.000000
2235	1	1	0.000000
2236	1	0	0.000000
2237	1	1	0.000000
2238	1	1	0.000000
2239	1	1	0.000000
2240	1	1	0.000000
2241	1	1	0.000000
2242	1	2	0.000000
2243	1	0	0.000000
2244	1	1	0.000000
2245	1	1	0.000000
2246	1	2	0.000000
2247	1	0	0.000000
2248	1	1	0.000000
2249	1	3	0.000000
2250	1	1	0.000000
2251	1	3	0.000000
2252	1	1	0.000000
2253	1	2	0.000000
2254	1	1	0.000000
2255	1	1	0.000000
2256	1	1	0.000000
2257	1	1	0.000000
2258	1	1	0.000000
2259	1	1	0.000000
2260	1	1	0.000000
2261	1	1	0.000000
2262	1	1	0.000000
2263	1	2	0.000000
2264	1	1	0.000000
2265	1	2	0.000000
2266	1	1	0.000000
2267	1	1	0.000000
2268	1	1	0.000000
2269	1	1	0.000000
2270	1	3	0.000000
2271	1	2	0.000000
2272	1	0	0.000000
2273	1	1	0.000000
2274	1	1	0.000000
2275	1	1	0.000000
2276	1	1	0.000000
2277	1	2	0.000000
2278	1	1	0.000000
2279	1	1	0.000000
2280	1	1	0.000000
2281	1	1	0.000000
2282	1	1	0.000000
2283	1	1	0.000000
2284	1	3	0.000000
2285	1	1	0.000000
2286	1	1	0.000000
2287	1	2	0.000000
2288	1	1	0.000000
2289	1	1	0.000000
2290	1	1	0.000000
2291	1	1	0.000000
2292	1	1	0.000000
2293	1	1	0.000000
2294	1	1	0.000000
2295	1	3	0.000000
2296	1	1	0.000000
2297	1	0	0.000000
2298	1	1	0.000000
2299	1	1	0.000000
2300	1	1	0.000000
2301	1	2	0.000000
2302	1	0	0.000000
2303	1	1	0.000000
2304	1	1	0.000000
2305	1	1	0.000000
2306	1	1	0.000000
2307	1	1	0.000000
2308	1	0	0.000000
2309	1	1	0.000000
2310	1	1	0.000000
2311	1	1	0.000000
2312	1	3	0.000000
2313	1	1	0.000000
2314	2	2	0.000000
2315	2	2	0.000000
2316	2	5	0.000000
2317	2	2	0.000000
2318	2	2	0.000000
2319	2	2	0.000000
2320	2	2	0.000000
2321	2	2	0.000000
2322	2	2	0.000000
2323	2	2	0.000000
2324	2	2	0.000000
2325	2	2	0.000000
2326	2	0	0.000000
2327	2	2	0.000000
2328	2	2	0.000000
2329	2	2	0.000000
2330	2	2	0.000000
2331	2	2	0.000000
2332	2	2	0.000000
2333	2	2	0.000000
2334	2	2	0.000000
2335	2	2	0.000000
2336	2	2	0.000000
2337	2	2	0.000000
2338	2	2	0.000000
2339	2	5	0.000000
2340	2	2	0.000000
2341	2	2	0.000000
2342	2	2	0.000000
2343	2	2	0.000000
2344	2	4	0.000000
2345	2	2	0.000000
2346	2	3	0.000000
2347	2	1	0.000000
2348	2	2	0.000000
2349	2	2	0.000000
2350	2	0	0.000000
2351	2	2	0.000000
2352	2	5	0.000000
2353	2	2	0.000000
2354	2	3	0.000000
2355	2	2	0.000000
2356	2	2	0.000000
2357	2	2	0.000000
2358	2	2	0.000000
2359	2	2	0.000000
2360	2	2	0.000000
2361	2	2	0.000000
2362	2	2	0.000000
2363	2	2	0.000000
2364	2	5	0.000000
2365	2	2	0.000000
2366	2	2	0.000000
2367	2	2	0.000000
2368	2	2	0.000000
2369	2	2	0.000000
2370	2	5	0.000000
2371	2	4	0.000000
2372	2	2	0.000000
2373	2	2	0.000000
2374	2	2	0.000000
2375	2	2	0.000000
2376	2	2	0.000000
2377	2	2	0.000000
2378	2	0	0.000000
2379	2	4	0.000000
2380	2	2	0.000000
2381	2	2	0.000000
2382	2	3	0.000000
2383	2	5	0.000000
2384	2	4	0.000000
2385	2	2	0.000000
2386	2	2	0.000000
2387	2	2	0.000000
2388	2	2	0.000000
2389	2	2	0.000000
2390	2	2	0.000000
2391	2	2	0.000000
2392	2	2	0.000000
2393	2	2	0.000000
2394	2	2	0.000000
2395	2	2	0.000000
2396	2	2	0.000000
2397	1	1	0.000000
2398	1	1	0.000000
2399	1	1	0.000000
2400	1	1	0.000000
2401	1	1	0.000000
2402	1	3	0.000000
2403	1	3	0.000000
2404	1	1	0.000000
2405	1	1	0.000000
2406	1	1	0.000000
2407	1	1	0.000000
2408	1	1	0.000000
2409	1	1	0.000000
2410	1	1	0.000000
2411	1	1	0.000000
2412	1	1	0.000000
2413	2	2	0.000000
2414	2	2	0.000000
2415	2	2	0.000000
2416	2	1	0.000000
2417	2	2	0.000000
2418	2	2	0.000000
2419	2	2	0.000000
2420	2	2	0.000000
2421	2	2	0.000000
2422	2	5	0.000000
2423	2	2	0.000000
2424	2	1	0.000000
2425	2	2	0.000000
2426	2	2	0.000000
2427	2	5	0.000000
2428	2	2	0.000000
2429	2	0	0.000000
2430	2	2	0.000000
2431	2	2	0.000000
2432	2	0	0.000000
2433	2	2	0.000000
2434	2	2	0.000000
2435	2	0	0.000000
2436	2	2	0.000000
2437	2	2	0.000000
2438	2	2	0.000000
2439	2	5	0.000000
2440	2	2	0.000000
2441	2	4	0.000000
2442	2	5	0.000000
2443	2	2	0.000000
2444	2	2	0.000000
2445	2	2	0.000000
2446	2	2	0.000000
2447	2	2	0.000000
2448	2	3	0.000000
2449	2	2	0.000000
2450	2	2	0.000000
2451	2	2	0.000000
2452	2	2	0.000000
2453	2	2	0.000000
2454	2	2	0.000000
2455	2	2	0.000000
2456	2	2	0.000000
2457	2	2	0.000000
2458	3	2	0.000000
2459	3	2	0.000000
2460	3	2	0.000000
2461	3	1	0.000000
2462	3	2	0.000000
2463	3	1	0.000000
2464	3	2	0.000000
2465	3	2	0.000000
2466	3	2	0.000000
2467	3	0	0.000000
2468	3	0	0.000000
2469	3	2	0.000000
2470	3	0	0.000000
2471	3	2	0.000000
2472	3	2	0.000000
2473	3	2	0.000000
2474	3	2	0.000000
2475	3	2	0.000000
2476	3	1	0.000000
2477	3	2	0.000000
2478	3	2	0.000000
2479	3	2	0.000000
2480	3	3	0.000000
2481	3	2	0.000000
2482	3	2	0.000000
2483	3	2	0.000000
2484	3	3	0.000000
2485	3	1	0.000000
2486	3	2	0.000000
2487	3	0	0.000000
2488	3	2	0.000000
2489	3	2	0.000000
2490	3	1	0.000000
2491	3	2	0.000000
2492	3	2	0.000000
2493	3	0	0.000000
2494	3	2	0.000000
2495	3	2	0.000000
2496	4	2	0.000000
2497	4	0	0.000000
2498	3	2	0.000000
2499	3	2	0.000000
2500	3	2	0.000000
2501	3	2	0.000000
2502	3	2	0.000000
2503	3	2	0.000000
2504	3	2	0.000000
2505	3	2	0.000000
2506	3	2	0.000000
2507	3	2	0.000000
2508	3	2	0.000000
2509	3	2	0.000000
2510	3	2	0.000000
2511	3	2	0.000000
2512	3	2	0.000000
2513	3	2	0.000000
2514	3	3	0.000000
2515	3	2	0.000000
2516	3	2	0.000000
2517	4	0	0.000000
2518	3	2	0.000000
2519	3	2	0.000000
2520	3	2	0.000000
2521	3	2	0.000000
2522	4	2	0.000000
2523	3	2	0.000000
2524	3	2	0.000000
2525	4	3	0.000000
2526	4	0	0.000000
2527	4	0	0.000000
2528	4	0	0.000000
2529	4	0	0.000000
2530	4	0	0.000000
2531	4	0	0.000000
2532	4	0	0.000000
2533	4	0	0.000000
2534	4	0	0.000000
2535	4	3	0.000000
2536	4	0	0.000000
2537	4	0	0.000000
2538	4	1	0.000000
2539	4	0	0.000000
2540	4	0	0.000000
2541	4	0	0.000000
2542	3	3	0.000000
2543	4	0	0.000000
2544	4	2	0.000000
2545	4	0	0.000000
2546	4	0	0.000000
2547	4	0	0.000000
2548	4	0	0.000000
2549	4	0	0.000000
2550	4	0	0.000000
2551	4	0	0.000000
2552	4	0	0.000000
2553	4	1	0.000000
2554	4	0	0.000000
2555	4	0	0.000000
2556	4	0	0.000000
2557	4	0	0.000000
2558	4	0	0.000000
2559	4	0	0.000000
2560	4	0	0.000000
2561	4	0	0.000000
2562	4	0	0.000000
2563	4	0	0.000000
2564	4	0	0.000000
2565	4	1	0.000000
2566	4	0	0.000000
2567	4	0	0.000000
2568	4	0	0.000000
2569	4	0	0.000000
2570	4	0	0.000000
2571	4	0	0.000000
2572	4	0	0.000000
2573	4	3	0.000000
2574	4	0	0.000000
2575	4	2	0.000000
2576	4	0	0.000000
2577	4	3	0.000000
2578	4	0	0.000000
2579	4	0	0.000000
2580	4	0	0.000000
2581	4	0	0.000000
2582	4	0	0.000000
2583	4	1	0.000000
2584	4	0	0.000000
2585	4	0	0.000000
2586	4	0	0.000000
2587	4	0	0.000000
2588	4	0	0.000000
2589	4	0	0.000000
2590	4	0	0.000000
2591	4	1	0.000000
2592	4	1	0.000000
2593	4	0	0.000000
2594	4	0	0.000000
2595	4	0	0.000000
2596	4	0	0.000000
2597	4	0	0.000000
2598	4	0	0.000000
2599	4	0	0.000000
2600	4	0	0.000000
2601	4	0	0.000000
2602	4	0	0.000000
2603	4	0	0.000000
2604	4	0	0.000000
2605	4	0	0.000000
2606	4	0	0.000000
2607	4	0	0.000000
2608	4	0	0.000000
2609	4	0	0.000000
2610	4	0	0.000000
2611	3	2	0.000000
2612	3	2	0.000000
2613	3	2	0.000000
2614	3	2	0.000000
2615	3	2	0.000000
2616	3	2	0.000000
2617	3	2	0.000000
2618	3	2	0.000000
2619	3	2	0.000000
2620	3	2	0.000000
2621	3	2	0.000000
2622	3	2	0.000000
2623	3	2	0.000000
2624	3	1	0.000000
2625	3	2	0.000000
2626	4	0	0.000000
2627	3	2	0.000000
2628	4	0	0.000000
2629	4	0	0.000000
2630	4	0	0.000000
2631	3	2	0.000000
2632	4	0	0.000000
2633	4	0	0.000000
2634	4	0	0.000000
2635	4	1	0.000000
2636	4	0	0.000000
2637	4	0	0.000000
2638	4	2	0.000000
2639	4	0	0.000000
2640	4	0	0.000000
2641	3	2	0.000000
2642	3	2	0.000000
2643	3	2	0.000000
2644	3	2	0.000000
2645	3	2	0.000000
2646	3	2	0.000000
2647	3	2	0.000000
2648	3	1	0.000000
2649	3	2	0.000000
2650	3	3	0.000000
2651	3	2	0.000000
2652	3	2	0.000000
2653	3	3	0.000000
2654	3	0	0.000000
2655	3	1	0.000000
2656	3	3	0.000000
2657	3	2	0.000000
2658	3	2	0.000000
2659	3	2	0.000000
2660	3	2	0.000000
2661	3	2	0.000000
2662	3	2	0.000000
2663	3	2	0.000000
2664	3	2	0.000000
2665	3	2	0.000000
2666	3	2	0.000000
2667	3	2	0.000000
2668	3	2	0.000000
2669	3	3	0.000000
2670	3	3	0.000000
2671	3	2	0.000000
2672	3	2	0.000000
2673	3	3	0.000000
2674	3	2	0.000000
2675	3	2	0.000000
2676	3	2	0.000000
2677	3	2	0.000000
2678	3	2	0.000000
2679	3	2	0.000000
2680	3	2	0.000000
2681	3	2	0.000000
2682	3	1	0.000000
2683	3	2	0.000000
2684	3	2	0.000000
2685	3	2	0.000000
2686	3	2	0.000000
2687	3	2	0.000000
2688	3	2	0.000000
2689	3	2	0.000000
2690	3	2	0.000000
2691	3	2	0.000000
2692	3	2	0.000000
2693	3	2	0.000000
2694	3	2	0.000000
2695	2	3	0.000000
2696	2	2	0.000000
2697	2	2	0.000000
2698	2	2	0.000000
2699	2	2	0.000000
2700	2	2	0.000000
2701	2	2	0.000000
2702	2	5	0.000000
2703	2	2	0.000000
2704	2	2	0.000000
2705	2	5	0.000000
2706	2	2	0.000000
2707	1	1	0.000000
2708	1	1	0.000000
2709	1	1	0.000000
2710	1	1	0.000000
2711	1	1	0.000000
2712	1	1	0.000000
2713	1	1	0.000000
2714	1	1	0.000000
2715	1	1	0.000000
2716	1	1	0.000000
2717	1	1	0.000000
2718	1	2	0.000000
2719	1	1	0.000000
2720	1	1	0.000000
2721	1	1	0.000000
2722	1	1	0.000000
2723	1	3	0.000000
2724	1	1	0.000000
2725	1	1	0.000000
2726	1	1	0.000000
2727	1	1	0.000000
2728	1	0	0.000000
2729	1	1	0.000000
2730	1	0	0.000000
2731	1	1	0.000000
2732	1	1	0.000000
2733	1	1	0.000000
2734	1	1	0.000000
2735	1	2	0.000000
2736	1	2	0.000000
2737	1	1	0.000000
2738	1	1	0.000000
2739	1	1	0.000000
2740	1	1	0.000000
2741	1	1	0.000000
2742	1	1	0.000000
2743	2	3	0.000000
2744	2	2	0.000000
2745	2	2	0.000000
2746	2	2	0.000000
2747	2	2	0.000000
2748	2	0	0.000000
2749	2	3	0.000000
2750	2	2	0.000000
2751	2	4	0.000000
2752	2	2	0.000000
2753	2	2	0.000000
2754	2	2	0.000000
2755	2	2	0.000000
2756	2	2	0.000000
2757	2	2	0.000000
2758	2	2	0.000000
2759	2	2	0.000000
2760	2	2	0.000000
2761	2	2	0.000000
2762	1	1	0.000000
2763	1	1	0.000000
2764	1	0	0.000000
2765	1	0	0.000000
2766	1	1	0.000000
2767	1	1	0.000000
2768	1	1	0.000000
2769	1	1	0.000000
2770	1	1	0.000000
2771	1	3	0.000000
2772	1	1	0.000000
2773	1	1	0.000000
2774	1	1	0.000000
2775	1	1	0.000000
2776	1	1	0.000000
2777	1	3	0.000000
2778	1	1	0.000000
2779	1	1	0.000000
2780	1	1	0.000000
2781	1	1	0.000000
2782	1	1	0.000000
2783	1	2	0.000000
2784	2	2	0.000000
2785	2	2	0.000000
2786	2	2	0.000000
2787	2	2	0.000000
2788	2	2	0.000000
2789	2	3	0.000000
2790	2	2	0.000000
2791	2	2	0.000000
2792	2	4	0.000000
2793	2	2	0.000000
2794	2	2	0.000000
2795	2	1	0.000000
2796	2	2	0.000000
2797	2	2	0.000000
2798	2	2	0.000000
2799	1	1	0.000000
2800	1	1	0.000000
2801	1	1	0.000000
2802	1	1	0.000000
2803	1	1	0.000000
2804	1	1	0.000000
2805	1	1	0.000000
2806	1	1	0.000000
2807	1	0	0.000000
2808	1	1	0.000000
2809	1	1	0.000000
2810	1	1	0.000000
2811	1	1	0.000000
2812	1	1	0.000000
2813	1	0	0.000000
2814	1	1	0.000000
2815	1	1	0.000000
2816	1	3	0.000000
2817	2	2	0.000000
2818	2	2	0.000000
2819	2	3	0.000000
2820	2	2	0.000000
2821	2	2	0.000000
2822	2	1	0.000000
2823	2	2	0.000000
2824	2	2	0.000000
2825	2	2	0.000000
2826	2	2	0.000000
2827	2	2	0.000000
2828	2	2	0.000000
2829	2	4	0.000000
2830	2	2	0.000000
2831	2	2	0.000000
2832	2	2	0.000000
2833	1	1	0.000000
2834	1	2	0.000000
2835	1	1	0.000000
2836	1	1	0.000000
2837	1	1	0.000000
2838	1	2	0.000000
2839	1	1	0.000000
2840	1	1	0.000000
2841	1	1	0.000000
2842	1	1	0.000000
2843	1	2	0.000000
2844	1	1	0.000000
2845	2	2	0.000000
2846	1	1	0.000000
2847	2	2	0.000000
2848	2	2	0.000000
2849	2	2	0.000000
2850	2	5	0.000000
2851	2	2	0.000000
2852	2	2	0.000000
2853	2	2	0.000000
2854	1	1	0.000000
2855	1	1	0.000000
2856	1	1	0.000000
2857	1	1	0.000000
2858	1	1	0.000000
2859	1	1	0.000000
2860	2	0	0.000000
2861	1	1	0.000000
2862	2	1	0.000000
2863	2	2	0.000000
2864	2	2	0.000000
2865	1	1	0.000000
2866	1	0	0.000000
2867	1	1	0.000000
2868	1	1	0.000000
2869	1	1	0.000000
2870	1	1	0.000000
2871	1	1	0.000000
2872	1	1	0.000000
2873	1	2	0.000000
2874	1	0	0.000000
2875	1	3	0.000000
2876	1	1	0.000000
2877	1	1	0.000000
2878	1	1	0.000000
2879	1	1	0.000000
2880	1	1	0.000000
2881	2	2	0.000000
2882	2	2	0.000000
2883	2	1	0.000000
2884	2	2	0.000000
2885	2	2	0.000000
2886	2	2	0.000000
2887	2	2	0.000000
2888	2	4	0.000000
2889	2	2	0.000000
2890	2	2	0.000000
2891	2	2	0.000000
2892	2	2	0.000000
2893	2	2	0.000000
2894	2	2	0.000000
2895	2	2	0.000000
2896	1	1	0.000000
2897	1	1	0.000000
2898	1	1	0.000000
2899	1	1	0.000000
2900	1	0	0.000000
2901	1	1	0.000000
2902	1	1	0.000000
2903	1	0	0.000000
2904	1	1	0.000000
2905	1	0	0.000000
2906	1	1	0.000000
2907	1	1	0.000000
2908	1	0	0.000000
2909	1	1	0.000000
2910	1	1	0.000000
2911	1	1	0.000000
2912	1	1	0.000000
2913	1	0	0.000000
2914	1	1	0.000000
2915	1	3	0.000000
2916	2	0	0.000000
2917	2	3	0.000000
2918	2	2	0.000000
2919	2	4	0.000000
2920	2	2	0.000000
2921	2	2	0.000000
2922	2	4	0.000000
2923	2	2	0.000000
2924	2	2	0.000000
2925	2	2	0.000000
2926	2	2	0.000000
2927	2	2	0.000000
2928	2	2	0.000000
2929	2	4	0.000000
2930	2	1	0.000000
2931	2	2	0.000000
2932	2	2	0.000000
2933	2	2	0.000000
2934	2	3	0.000000
2935	2	5	0.000000
2936	2	2	0.000000
2937	2	2	0.000000
2938	2	4	0.000000
2939	2	2	0.000000
2940	2	2	0.000000
2941	2	2	0.000000
2942	2	2	0.000000
2943	1	1	0.000000
2944	1	1	0.000000
2945	1	1	0.000000
2946	1	1	0.000000
2947	1	1	0.000000
2948	1	0	0.000000
2949	1	1	0.000000
2950	1	1	0.000000
2951	1	1	0.000000
2952	1	3	0.000000
2953	1	1	0.000000
2954	1	1	0.000000
2955	1	1	0.000000
2956	1	1	0.000000
2957	1	1	0.000000
2958	1	1	0.000000
2959	1	1	0.000000
2960	1	1	0.000000
2961	1	1	0.000000
2962	1	1	0.000000
2963	1	1	0.000000
2964	1	3	0.000000
2965	1	1	0.000000
2966	1	1	0.000000
2967	1	0	0.000000
2968	1	3	0.000000
2969	1	1	0.000000
2970	1	1	0.000000
2971	1	1	0.000000
2972	1	1	0.000000
2973	1	0	0.000000
2974	1	1	0.000000
2975	1	1	0.000000
2976	2	2	0.000000
2977	2	2	0.000000
2978	2	2	0.000000
2979	2	2	0.000000
2980	2	2	0.000000
2981	2	2	0.000000
2982	2	2	0.000000
2983	2	2	0.000000
2984	2	5	0.000000
2985	2	2	0.000000
2986	2	2	0.000000
2987	2	2	0.000000
2988	2	1	0.000000
2989	2	1	0.000000
2990	2	3	0.000000
2991	2	2	0.000000
2992	2	2	0.000000
2993	2	0	0.000000
2994	2	2	0.000000
2995	2	2	0.000000
2996	2	2	0.000000
2997	3	2	0.000000
2998	3	2	0.000000
2999	3	2	0.000000
3000	3	0	0.000000
3001	3	2	0.000000
3002	3	2	0.000000
3003	3	2	0.000000
3004	3	2	0.000000
3005	3	2	0.000000
3006	3	2	0.000000
3007	3	2	0.000000
3008	3	2	0.000000
3009	3	2	0.000000
3010	3	2	0.000000
3011	3	2	0.000000
3012	3	2	0.000000
3013	3	0	0.000000
3014	3	2	0.000000
3015	3	2	0.000000
3016	3	3	0.000000
3017	3	0	0.000000
3018	3	2	0.000000
3019	3	2	0.000000
3020	3	2	0.000000
3021	3	0	0.000000
3022	3	2	0.000000
3023	3	2	0.000000
3024	3	2	0.000000
3025	3	2	0.000000
3026	3	2	0.000000
3027	3	1	0.000000
3028	3	2	0.000000
3029	3	2	0.000000
3030	3	2	0.000000
3031	3	2	0.000000
3032	3	2	0.000000
3033	3	2	0.000000
3034	3	2	0.000000
3035	3	2	0.000000
3036	3	2	0.000000
3037	3	2	0.000000
3038	3	2	0.000000
3039	3	3	0.000000
3040	3	2	0.000000
3041	3	2	0.000000
3042	3	2	0.000000
3043	3	2	0.000000
3044	3	2	0.000000
3045	3	2	0.000000
3046	3	2	0.000000
3047	3	2	0.000000
3048	3	2	0.000000
3049	3	2	0.000000
3050	3	3	0.000000
3051	3	1	0.000000
3052	3	2	0.000000
3053	3	2	0.000000
3054	3	2	0.000000
3055	3	3	0.000000
3056	4	0	0.000000
3057	3	1	0.000000
3058	3	2	0.000000
3059	3	0	0.000000
3060	3	2	0.000000
3061	3	2	0.000000
3062	3	2	0.000000
3063	3	0	0.000000
3064	4	0	0.000000
3065	3	2	0.000000
3066	3	1	0.000000
3067	3	2	0.000000
3068	3	1	0.000000
3069	3	2	0.000000
3070	4	0	0.000000
3071	4	3	0.000000
3072	3	2	0.000000
3073	3	2	0.000000
3074	3	2	0.000000
3075	3	2	0.000000
3076	3	0	0.000000
3077	3	2	0.000000
3078	3	2	0.000000
3079	4	0	0.000000
3080	4	0	0.000000
3081	4	0	0.000000
3082	4	0	0.000000
3083	4	0	0.000000
3084	4	0	0.000000
3085	4	0	0.000000
3086	4	0	0.000000
3087	4	0	0.000000
3088	4	0	0.000000
3089	4	2	0.000000
3090	4	1	0.000000
3091	4	0	0.000000
3092	4	0	0.000000
3093	4	0	0.000000
3094	4	3	0.000000
3095	4	3	0.000000
3096	4	0	0.000000
3097	4	0	0.000000
3098	4	0	0.000000
3099	4	1	0.000000
3100	4	0	0.000000
3101	4	0	0.000000
3102	4	0	0.000000
3103	4	0	0.000000
3104	4	0	0.000000
3105	3	2	0.000000
3106	3	2	0.000000
3107	3	0	0.000000
3108	4	0	0.000000
3109	4	0	0.000000
3110	4	0	0.000000
3111	4	0	0.000000
3112	4	0	0.000000
3113	4	0	0.000000
3114	3	1	0.000000
3115	3	3	0.000000
3116	4	1	0.000000
3117	3	2	0.000000
3118	4	0	0.000000
3119	4	0	0.000000
3120	4	0	0.000000
3121	3	2	0.000000
3122	3	2	0.000000
3123	3	2	0.000000
3124	4	3	0.000000
3125	3	2	0.000000
3126	3	2	0.000000
3127	3	2	0.000000
3128	3	2	0.000000
3129	4	2	0.000000
3130	4	3	0.000000
3131	4	0	0.000000
3132	4	3	0.000000
3133	4	0	0.000000
3134	4	0	0.000000
3135	4	0	0.000000
3136	4	3	0.000000
3137	4	0	0.000000
3138	4	0	0.000000
3139	4	0	0.000000
3140	4	3	0.000000
3141	4	0	0.000000
3142	4	0	0.000000
3143	4	0	0.000000
3144	4	0	0.000000
3145	4	0	0.000000
3146	4	0	0.000000
3147	4	0	0.000000
3148	4	0	0.000000
3149	4	0	0.000000
3150	4	0	0.000000
3151	4	2	0.000000
3152	4	0	0.000000
3153	4	0	0.000000
3154	4	0	0.000000
3155	4	2	0.000000
3156	4	0	0.000000
3157	4	0	0.000000
3158	4	2	0.000000
3159	4	0	0.000000
3160	4	0	0.000000
3161	4	3	0.000000
3162	4	0	0.000000
3163	4	0	0.000000
3164	4	0	0.000000
3165	4	2	0.000000
3166	4	0	0.000000
3167	4	0	0.000000
3168	4	3	0.000000
3169	4	0	0.000000
3170	4	1	0.000000
3171	4	2	0.000000
3172	4	0	0.000000
3173	4	0	0.000000
3174	4	0	0.000000
3175	4	0	0.000000
3176	4	0	0.000000
3177	4	0	0.000000
3178	4	0	0.000000
3179	4	0	0.000000
3180	4	3	0.000000
3181	4	3	0.000000
3182	4	0	0.000000
3183	4	0	0.000000
3184	4	2	0.000000
3185	4	0	0.000000
3186	4	2	0.000000
3187	4	0	0.000000
3188	4	0	0.000000
3189	4	1	0.000000
3190	4	0	0.000000
3191	4	0	0.000000
3192	4	0	0.000000
3193	4	0	0.000000
3194	4	1	0.000000
3195	4	0	0.000000
3196	4	0	0.000000
3197	4	0	0.000000
3198	4	0	0.000000
3199	4	0	0.000000
3200	4	2	0.000000
3201	4	1	0.000000
3202	4	0	0.000000
3203	4	0	0.000000
3204	4	2	0.000000
3205	4	0	0.000000
3206	4	0	0.000000
3207	4	0	0.000000
3208	4	0	0.000000
3209	4	0	0.000000
3210	4	0	0.000000
3211	4	0	0.000000
3212	4	0	0.000000
3213	4	0	0.000000
3214	4	3	0.000000
3215	4	0	0.000000
3216	4	0	0.000000
3217	4	0	0.000000
3218	4	0	0.000000
3219	4	1	0.000000
3220	4	0	0.000000
3221	4	0	0.000000
3222	4	0	0.000000
3223	4	0	0.000000
3224	4	2	0.000000
3225	4	0	0.000000
3226	4	0	0.000000
3227	4	0	0.000000
3228	4	0	0.000000
3229	3	2	0.000000
3230	3	2	0.000000
3231	3	0	0.000000
3232	3	2	0.000000
3233	3	2	0.000000
3234	4	0	0.000000
3235	4	3	0.000000
3236	3	2	0.000000
3237	3	0	0.000000
3238	3	2	0.000000
3239	3	2	0.000000
3240	3	2	0.000000
3241	3	0	0.000000
3242	3	0	0.000000
3243	3	2	0.000000
3244	3	0	0.000000
3245	3	2	0.000000
3246	3	2	0.000000
3247	3	2	0.000000
3248	3	2	0.000000
3249	3	0	0.000000
3250	3	2	0.000000
3251	3	2	0.000000
3252	3	2	0.000000
3253	3	2	0.000000
3254	3	2	0.000000
3255	3	2	0.000000
3256	3	2	0.000000
3257	3	2	0.000000
3258	3	0	0.000000
3259	3	2	0.000000
3260	2	2	0.000000
3261	2	2	0.000000
3262	2	2	0.000000
3263	2	2	0.000000
3264	2	2	0.000000
3265	2	2	0.000000
3266	2	2	0.000000
3267	2	4	0.000000
3268	2	2	0.000000
3269	2	0	0.000000
3270	2	2	0.000000
3271	2	2	0.000000
3272	2	2	0.000000
3273	2	2	0.000000
3274	2	2	0.000000
3275	2	2	0.000000
3276	2	2	0.000000
3277	2	5	0.000000
3278	2	2	0.000000
3279	2	2	0.000000
3280	2	2	0.000000
3281	2	2	0.000000
3282	2	3	0.000000
3283	1	1	0.000000
3284	1	1	0.000000
3285	1	0	0.000000
3286	1	1	0.000000
3287	1	1	0.000000
3288	1	3	0.000000
3289	1	1	0.000000
3290	1	3	0.000000
3291	1	3	0.000000
3292	1	1	0.000000
3293	1	1	0.000000
3294	1	1	0.000000
3295	1	1	0.000000
3296	1	3	0.000000
3297	1	1	0.000000
3298	1	1	0.000000
3299	1	1	0.000000
3300	1	1	0.000000
3301	1	1	0.000000
3302	1	1	0.000000
3303	1	1	0.000000
3304	2	2	0.000000
3305	2	3	0.000000
3306	2	3	0.000000
3307	2	2	0.000000
3308	2	2	0.000000
3309	2	4	0.000000
3310	2	2	0.000000
3311	2	0	0.000000
3312	2	2	0.000000
3313	2	2	0.000000
3314	2	1	0.000000
3315	1	1	0.000000
3316	1	1	0.000000
3317	1	1	0.000000
3318	1	1	0.000000
3319	1	1	0.000000
3320	2	2	0.000000
3321	2	2	0.000000
3322	2	2	0.000000
3323	2	2	0.000000
3324	2	4	0.000000
3325	2	2	0.000000
3326	2	2	0.000000
3327	2	2	0.000000
3328	2	2	0.000000
3329	2	0	0.000000
3330	2	5	0.000000
3331	2	2	0.000000
3332	2	2	0.000000
3333	2	2	0.000000
3334	2	2	0.000000
3335	2	2	0.000000
3336	2	2	0.000000
3337	2	2	0.000000
3338	2	2	0.000000
3339	2	2	0.000000
3340	2	2	0.000000
3341	2	2	0.000000
3342	2	2	0.000000
3343	2	2	0.000000
3344	2	2	0.000000
3345	2	2	0.000000
3346	2	2	0.000000
3347	2	2	0.000000
3348	2	4	0.000000
3349	2	2	0.000000
3350	2	2	0.000000
3351	2	2	0.000000
3352	2	2	0.000000
3353	2	2	0.000000
3354	2	0	0.000000
3355	2	4	0.000000
3356	2	1	0.000000
3357	2	2	0.000000
3358	2	2	0.000000
3359	2	2	0.000000
3360	2	2	0.000000
3361	2	2	0.000000
3362	2	2	0.000000
3363	2	2	0.000000
3364	2	2	0.000000
3365	2	4	0.000000
3366	2	2	0.000000
3367	2	2	0.000000
3368	2	5	0.000000
3369	2	2	0.000000
3370	2	2	0.000000
3371	2	4	0.000000
3372	2	2	0.000000
3373	2	3	0.000000
3374	2	2	0.000000
3375	2	1	0.000000
3376	2	2	0.000000
3377	2	2	0.000000
3378	1	1	0.000000
3379	1	1	0.000000
3380	1	1	0.000000
3381	1	0	0.000000
3382	2	2	0.000000
3383	2	2	0.000000
3384	2	2	0.000000
3385	2	2	0.000000
3386	2	2	0.000000
3387	2	5	0.000000
3388	2	2	0.000000
3389	2	2	0.000000
3390	2	2	0.000000
3391	2	2	0.000000
3392	2	2	0.000000
3393	2	2	0.000000
3394	2	1	0.000000
3395	1	1	0.000000
3396	1	1	0.000000
3397	1	1	0.000000
3398	1	1	0.000000
3399	1	1	0.000000
3400	1	0	0.000000
3401	1	1	0.000000
3402	1	1	0.000000
3403	1	1	0.000000
3404	1	1	0.000000
3405	1	1	0.000000
3406	1	1	0.000000
3407	1	1	0.000000
3408	1	1	0.000000
3409	1	1	0.000000
3410	1	1	0.000000
3411	1	1	0.000000
3412	1	1	0.000000
3413	1	1	0.000000
3414	1	1	0.000000
3415	2	3	0.000000
3416	2	2	0.000000
3417	2	2	0.000000
3418	2	2	0.000000
3419	2	2	0.000000
3420	2	2	0.000000
3421	2	2	0.000000
3422	2	4	0.000000
3423	2	2	0.000000
3424	2	5	0.000000
3425	2	2	0.000000
3426	2	2	0.000000
3427	2	2	0.000000
3428	2	2	0.000000
3429	2	2	0.000000
3430	2	3	0.000000
3431	2	0	0.000000
3432	2	2	0.000000
3433	2	2	0.000000
3434	2	2	0.000000
3435	2	2	0.000000
3436	2	2	0.000000
3437	2	2	0.000000
3438	1	1	0.000000
3439	2	2	0.000000
3440	1	1	0.000000
3441	2	2	0.000000
3442	1	1	0.000000
3443	1	1	0.000000
3444	1	1	0.000000
3445	1	1	0.000000
3446	1	1	0.000000
3447	1	1	0.000000
3448	1	1	0.000000
3449	1	3	0.000000
3450	1	2	0.000000
3451	1	1	0.000000
3452	2	2	0.000000
3453	2	2	0.000000
3454	2	2	0.000000
3455	2	2	0.000000
3456	2	2	0.000000
3457	2	2	0.000000
3458	2	2	0.000000
3459	2	2	0.000000
3460	2	1	0.000000
3461	2	2	0.000000
3462	2	2	0.000000
3463	2	2	0.000000
3464	2	3	0.000000
3465	2	0	0.000000
3466	2	2	0.000000
3467	2	4	0.000000
3468	2	2	0.000000
3469	2	2	0.000000
3470	2	2	0.000000
3471	2	2	0.000000
3472	2	2	0.000000
3473	2	2	0.000000
3474	2	2	0.000000
3475	2	2	0.000000
3476	2	4	0.000000
3477	2	2	0.000000
3478	2	2	0.000000
3479	2	2	0.000000
3480	2	2	0.000000
3481	2	2	0.000000
3482	2	2	0.000000
3483	2	5	0.000000
3484	2	2	0.000000
3485	2	2	0.000000
3486	2	2	0.000000
3487	1	1	0.000000
3488	2	2	0.000000
3489	1	2	0.000000
3490	1	1	0.000000
3491	1	1	0.000000
3492	1	1	0.000000
3493	1	1	0.000000
3494	1	1	0.000000
3495	1	1	0.000000
3496	1	1	0.000000
3497	1	1	0.000000
3498	1	3	0.000000
3499	1	0	0.000000
3500	1	1	0.000000
3501	1	1	0.000000
3502	1	1	0.000000
3503	1	3	0.000000
3504	1	1	0.000000
3505	1	1	0.000000
3506	1	1	0.000000
3507	1	1	0.000000
3508	2	2	0.000000
3509	2	2	0.000000
3510	2	4	0.000000
3511	2	2	0.000000
3512	2	2	0.000000
3513	2	4	0.000000
3514	2	2	0.000000
3515	2	2	0.000000
3516	2	2	0.000000
3517	2	2	0.000000
3518	2	2	0.000000
3519	2	3	0.000000
3520	2	2	0.000000
3521	1	1	0.000000
3522	1	1	0.000000
3523	1	1	0.000000
3524	1	1	0.000000
3525	1	1	0.000000
3526	1	0	0.000000
3527	1	1	0.000000
3528	1	1	0.000000
3529	1	1	0.000000
3530	1	1	0.000000
3531	2	4	0.000000
3532	2	2	0.000000
3533	2	2	0.000000
3534	2	2	0.000000
3535	2	3	0.000000
3536	2	2	0.000000
3537	2	2	0.000000
3538	2	2	0.000000
3539	2	2	0.000000
3540	2	2	0.000000
3541	2	2	0.000000
3542	2	2	0.000000
3543	2	2	0.000000
3544	2	2	0.000000
3545	2	2	0.000000
3546	2	2	0.000000
3547	1	1	0.000000
3548	1	1	0.000000
3549	1	1	0.000000
3550	1	1	0.000000
3551	1	1	0.000000
3552	1	3	0.000000
3553	1	1	0.000000
3554	1	1	0.000000
3555	1	1	0.000000
3556	1	1	0.000000
3557	1	1	0.000000
3558	1	1	0.000000
3559	1	2	0.000000
3560	1	2	0.000000
3561	1	1	0.000000
3562	1	1	0.000000
3563	2	3	0.000000
3564	2	2	0.000000
3565	2	2	0.000000
3566	2	2	0.000000
3567	2	2	0.000000
3568	2	4	0.000000
3569	2	2	0.000000
3570	2	4	0.000000
3571	2	2	0.000000
3572	2	2	0.000000
3573	2	2	0.000000
3574	2	3	0.000000
3575	2	3	0.000000
3576	2	4	0.000000
3577	2	5	0.000000
3578	2	2	0.000000
3579	2	2	0.000000
3580	2	0	0.000000
3581	2	2	0.000000
3582	2	2	0.000000
3583	2	0	0.000000
3584	2	2	0.000000
3585	2	2	0.000000
3586	2	2	0.000000
3587	2	2	0.000000
3588	2	4	0.000000
3589	2	4	0.000000
3590	2	2	0.000000
3591	2	5	0.000000
3592	2	2	0.000000
3593	2	2	0.000000
3594	1	1	0.000000
3595	2	3	0.000000
3596	1	3	0.000000
3597	1	1	0.000000
3598	1	1	0.000000
3599	1	1	0.000000
3600	1	1	0.000000
3601	1	1	0.000000
3602	1	1	0.000000
3603	1	1	0.000000
3604	1	1	0.000000
3605	2	2	0.000000
3606	2	2	0.000000
3607	2	2	0.000000
3608	2	4	0.000000
3609	2	2	0.000000
3610	2	2	0.000000
3611	2	0	0.000000
3612	2	2	0.000000
3613	2	3	0.000000
3614	2	2	0.000000
3615	2	2	0.000000
3616	1	1	0.000000
3617	1	1	0.000000
3618	2	2	0.000000
3619	1	1	0.000000
3620	2	2	0.000000
3621	2	5	0.000000
3622	2	2	0.000000
3623	2	2	0.000000
3624	2	1	0.000000
3625	2	2	0.000000
3626	2	2	0.000000
3627	2	2	0.000000
3628	2	2	0.000000
3629	2	1	0.000000
3630	2	4	0.000000
3631	1	1	0.000000
3632	1	1	0.000000
3633	1	0	0.000000
3634	1	1	0.000000
3635	1	1	0.000000
3636	1	2	0.000000
3637	1	1	0.000000
3638	1	1	0.000000
3639	1	1	0.000000
3640	1	1	0.000000
3641	1	3	0.000000
3642	1	2	0.000000
3643	1	1	0.000000
3644	1	1	0.000000
3645	1	1	0.000000
3646	1	1	0.000000
3647	1	1	0.000000
3648	1	1	0.000000
3649	1	1	0.000000
3650	1	1	0.000000
3651	1	1	0.000000
3652	2	2	0.000000
3653	2	2	0.000000
3654	2	2	0.000000
3655	2	2	0.000000
3656	2	2	0.000000
3657	2	2	0.000000
3658	2	2	0.000000
3659	2	2	0.000000
3660	2	2	0.000000
3661	2	4	0.000000
3662	2	2	0.000000
3663	2	2	0.000000
3664	2	2	0.000000
3665	2	2	0.000000
3666	2	2	0.000000
3667	1	1	0.000000
3668	1	1	0.000000
3669	1	1	0.000000
3670	1	1	0.000000
3671	1	0	0.000000
3672	1	1	0.000000
3673	1	1	0.000000
3674	1	1	0.000000
3675	1	1	0.000000
3676	1	2	0.000000
3677	1	1	0.000000
3678	1	1	0.000000
3679	1	1	0.000000
3680	1	1	0.000000
3681	1	1	0.000000
3682	1	1	0.000000
3683	1	2	0.000000
3684	1	0	0.000000
3685	2	2	0.000000
3686	2	2	0.000000
3687	2	2	0.000000
3688	2	5	0.000000
3689	2	2	0.000000
3690	2	2	0.000000
3691	2	2	0.000000
3692	2	3	0.000000
3693	2	2	0.000000
3694	2	2	0.000000
3695	2	2	0.000000
3696	2	2	0.000000
3697	2	2	0.000000
3698	2	2	0.000000
3699	2	2	0.000000
3700	2	3	0.000000
3701	2	1	0.000000
3702	1	3	0.000000
3703	1	0	0.000000
3704	1	2	0.000000
3705	1	1	0.000000
3706	1	1	0.000000
3707	1	2	0.000000
3708	1	0	0.000000
3709	1	1	0.000000
3710	1	1	0.000000
3711	1	1	0.000000
3712	1	1	0.000000
3713	2	2	0.000000
3714	2	2	0.000000
3715	2	2	0.000000
3716	2	2	0.000000
3717	2	4	0.000000
3718	2	3	0.000000
3719	2	2	0.000000
3720	2	2	0.000000
3721	2	3	0.000000
3722	2	2	0.000000
3723	2	2	0.000000
3724	2	3	0.000000
3725	2	2	0.000000
3726	2	1	0.000000
3727	2	2	0.000000
3728	2	5	0.000000
3729	2	2	0.000000
3730	2	2	0.000000
3731	2	2	0.000000
3732	2	2	0.000000
3733	2	2	0.000000
3734	2	2	0.000000
3735	2	2	0.000000
3736	2	2	0.000000
3737	2	5	0.000000
3738	2	2	0.000000
3739	2	2	0.000000
3740	2	2	0.000000
3741	1	0	0.000000
3742	1	1	0.000000
3743	1	1	0.000000
3744	1	1	0.000000
3745	1	1	0.000000
3746	1	1	0.000000
3747	1	1	0.000000
3748	1	1	0.000000
3749	1	1	0.000000
3750	1	1	0.000000
3751	1	1	0.000000
3752	1	1	0.000000
3753	1	1	0.000000
3754	1	1	0.000000
3755	1	1	0.000000
3756	1	1	0.000000
3757	1	1	0.000000
3758	1	1	0.000000
3759	1	1	0.000000
3760	1	1	0.000000
3761	1	1	0.000000
3762	1	1	0.000000
3763	1	1	0.000000
3764	1	1	0.000000
3765	1	1	0.000000
3766	1	1	0.000000
3767	2	2	0.000000
3768	2	2	0.000000
3769	2	2	0.000000
3770	2	0	0.000000
3771	2	2	0.000000
3772	2	2	0.000000
3773	2	2	0.000000
3774	2	2	0.000000
3775	2	2	0.000000
3776	2	2	0.000000
3777	2	4	0.000000
3778	1	2	0.000000
3779	1	1	0.000000
3780	1	1	0.000000
3781	1	1	0.000000
3782	1	0	0.000000
3783	1	1	0.000000
3784	1	1	0.000000
3785	1	1	0.000000
3786	1	0	0.000000
3787	1	1	0.000000
3788	1	1	0.000000
3789	1	1	0.000000
3790	1	1	0.000000
3791	1	1	0.000000
3792	2	2	0.000000
3793	2	2	0.000000
3794	2	1	0.000000
3795	2	2	0.000000
3796	2	2	0.000000
3797	2	0	0.000000
3798	2	2	0.000000
3799	2	2	0.000000
3800	2	4	0.000000
3801	2	3	0.000000
3802	2	2	0.000000
3803	2	2	0.000000
3804	1	3	0.000000
3805	1	1	0.000000
3806	1	1	0.000000
3807	1	1	0.000000
3808	1	1	0.000000
3809	1	1	0.000000
3810	1	1	0.000000
3811	1	1	0.000000
3812	2	1	0.000000
3813	2	2	0.000000
3814	2	2	0.000000
3815	2	2	0.000000
3816	2	2	0.000000
3817	2	3	0.000000
3818	2	2	0.000000
3819	2	1	0.000000
3820	2	5	0.000000
3821	2	4	0.000000
3822	2	2	0.000000
3823	1	0	0.000000
3824	1	1	0.000000
3825	1	2	0.000000
3826	1	1	0.000000
3827	1	1	0.000000
3828	1	2	0.000000
3829	1	1	0.000000
3830	1	1	0.000000
3831	2	5	0.000000
3832	2	5	0.000000
3833	2	2	0.000000
3834	2	5	0.000000
3835	2	2	0.000000
3836	2	0	0.000000
3837	2	2	0.000000
3838	2	2	0.000000
3839	2	2	0.000000
3840	2	2	0.000000
3841	2	2	0.000000
3842	2	3	0.000000
3843	1	1	0.000000
3844	1	1	0.000000
3845	1	1	0.000000
3846	1	1	0.000000
3847	1	2	0.000000
3848	1	0	0.000000
3849	1	1	0.000000
3850	1	3	0.000000
3851	1	1	0.000000
3852	1	1	0.000000
3853	1	1	0.000000
3854	1	0	0.000000
3855	1	1	0.000000
3856	1	1	0.000000
3857	1	1	0.000000
3858	2	2	0.000000
3859	2	2	0.000000
3860	2	1	0.000000
3861	2	1	0.000000
3862	2	2	0.000000
3863	2	2	0.000000
3864	2	2	0.000000
3865	2	2	0.000000
3866	2	2	0.000000
3867	2	2	0.000000
3868	2	4	0.000000
3869	2	2	0.000000
3870	2	2	0.000000
3871	2	2	0.000000
3872	2	2	0.000000
3873	1	1	0.000000
3874	1	1	0.000000
3875	1	1	0.000000
3876	1	1	0.000000
3877	1	1	0.000000
3878	1	0	0.000000
3879	1	1	0.000000
3880	1	1	0.000000
3881	1	1	0.000000
3882	1	1	0.000000
3883	1	1	0.000000
3884	1	1	0.000000
3885	1	0	0.000000
3886	1	2	0.000000
3887	1	2	0.000000
3888	1	1	0.000000
3889	1	1	0.000000
3890	1	1	0.000000
3891	2	0	0.000000
3892	2	2	0.000000
3893	2	5	0.000000
3894	2	2	0.000000
3895	2	2	0.000000
3896	2	2	0.000000
3897	2	2	0.000000
3898	2	2	0.000000
3899	2	2	0.000000
3900	2	1	0.000000
3901	2	4	0.000000
3902	2	2	0.000000
3903	2	2	0.000000
3904	2	2	0.000000
3905	2	4	0.000000
3906	2	2	0.000000
3907	2	2	0.000000
3908	2	2	0.000000
3909	2	2	0.000000
3910	2	2	0.000000
3911	2	3	0.000000
3912	2	2	0.000000
3913	2	2	0.000000
3914	2	2	0.000000
3915	1	3	0.000000
3916	1	1	0.000000
3917	1	2	0.000000
3918	1	2	0.000000
3919	1	1	0.000000
3920	1	1	0.000000
3921	1	1	0.000000
3922	1	1	0.000000
3923	1	1	0.000000
3924	1	1	0.000000
3925	1	1	0.000000
3926	1	1	0.000000
3927	1	1	0.000000
3928	1	1	0.000000
3929	1	2	0.000000
3930	2	1	0.000000
3931	2	2	0.000000
3932	2	4	0.000000
3933	2	2	0.000000
3934	2	1	0.000000
3935	2	2	0.000000
3936	2	2	0.000000
3937	2	2	0.000000
3938	2	0	0.000000
3939	2	2	0.000000
3940	2	5	0.000000
3941	2	2	0.000000
3942	1	1	0.000000
3943	1	1	0.000000
3944	1	1	0.000000
3945	1	1	0.000000
3946	1	1	0.000000
3947	1	1	0.000000
3948	1	1	0.000000
3949	1	1	0.000000
3950	1	0	0.000000
3951	1	1	0.000000
3952	1	2	0.000000
3953	1	3	0.000000
3954	2	2	0.000000
3955	2	2	0.000000
3956	1	1	0.000000
3957	2	2	0.000000
3958	2	1	0.000000
3959	2	2	0.000000
3960	2	2	0.000000
3961	2	2	0.000000
3962	2	2	0.000000
3963	2	0	0.000000
3964	2	2	0.000000
3965	2	2	0.000000
3966	2	4	0.000000
3967	2	2	0.000000
3968	2	2	0.000000
3969	1	1	0.000000
3970	1	1	0.000000
3971	1	1	0.000000
3972	1	0	0.000000
3973	1	1	0.000000
3974	1	1	0.000000
3975	1	3	0.000000
3976	1	1	0.000000
3977	1	1	0.000000
3978	1	2	0.000000
3979	1	1	0.000000
3980	1	1	0.000000
3981	1	1	0.000000
3982	1	0	0.000000
3983	1	1	0.000000
3984	2	2	0.000000
3985	2	2	0.000000
3986	2	2	0.000000
3987	2	2	0.000000
3988	2	2	0.000000
3989	2	2	0.000000
3990	2	4	0.000000
3991	2	2	0.000000
3992	2	2	0.000000
3993	2	2	0.000000
3994	2	2	0.000000
3995	2	1	0.000000
3996	2	2	0.000000
3997	1	1	0.000000
3998	1	1	0.000000
3999	1	1	0.000000
4000	1	1	0.000000
4001	1	1	0.000000
4002	1	1	0.000000
4003	1	1	0.000000
4004	1	0	0.000000
4005	1	2	0.000000
4006	1	1	0.000000
4007	1	2	0.000000
4008	1	2	0.000000
4009	1	1	0.000000
4010	1	2	0.000000
4011	1	1	0.000000
4012	2	0	0.000000
4013	1	1	0.000000
4014	2	2	0.000000
4015	2	2	0.000000
4016	2	4	0.000000
4017	2	2	0.000000
4018	2	2	0.000000
4019	2	2	0.000000
4020	2	2	0.000000
4021	2	2	0.000000
4022	2	2	0.000000
4023	2	2	0.000000
4024	2	5	0.000000
4025	2	5	0.000000
4026	2	2	0.000000
4027	2	2	0.000000
4028	2	2	0.000000
4029	2	2	0.000000
4030	2	2	0.000000
4031	2	2	0.000000
4032	2	2	0.000000
4033	2	2	0.000000
4034	2	2	0.000000
4035	1	3	0.000000
4036	1	1	0.000000
4037	1	1	0.000000
4038	1	3	0.000000
4039	1	1	0.000000
4040	1	1	0.000000
4041	1	1	0.000000
4042	1	1	0.000000
4043	1	1	0.000000
4044	1	1	0.000000
4045	1	1	0.000000
4046	1	1	0.000000
4047	1	1	0.000000
4048	1	1	0.000000
4049	1	1	0.000000
4050	1	1	0.000000
4051	1	0	0.000000
4052	1	1	0.000000
4053	1	1	0.000000
4054	1	2	0.000000
4055	2	1	0.000000
4056	2	4	0.000000
4057	2	4	0.000000
4058	2	2	0.000000
4059	2	2	0.000000
4060	2	1	0.000000
4061	2	2	0.000000
4062	2	2	0.000000
4063	2	2	0.000000
4064	2	2	0.000000
4065	2	0	0.000000
4066	2	4	0.000000
4067	2	2	0.000000
4068	2	2	0.000000
4069	2	5	0.000000
4070	2	2	0.000000
4071	1	1	0.000000
4072	1	1	0.000000
4073	1	2	0.000000
4074	1	1	0.000000
4075	1	1	0.000000
4076	1	1	0.000000
4077	1	1	0.000000
4078	1	1	0.000000
4079	1	0	0.000000
4080	1	1	0.000000
4081	1	1	0.000000
4082	1	1	0.000000
4083	1	1	0.000000
4084	1	1	0.000000
4085	1	1	0.000000
4086	1	1	0.000000
4087	2	2	0.000000
4088	2	2	0.000000
4089	2	2	0.000000
4090	2	2	0.000000
4091	2	1	0.000000
4092	2	2	0.000000
4093	2	2	0.000000
4094	2	2	0.000000
4095	2	2	0.000000
4096	2	2	0.000000
4097	2	5	0.000000
4098	1	1	0.000000
4099	2	2	0.000000
4100	1	1	0.000000
4101	1	1	0.000000
4102	1	1	0.000000
4103	1	1	0.000000
4104	1	1	0.000000
4105	1	1	0.000000
4106	1	1	0.000000
4107	1	1	0.000000
4108	1	1	0.000000
4109	1	1	0.000000
4110	1	1	0.000000
4111	1	1	0.000000
4112	1	1	0.000000
4113	1	1	0.000000
4114	1	1	0.000000
4115	1	1	0.000000
4116	1	1	0.000000
4117	2	2	0.000000
4118	2	2	0.000000
4119	2	2	0.000000
4120	2	2	0.000000
4121	2	5	0.000000
4122	2	2	0.000000
4123	2	2	0.000000
4124	2	2	0.000000
4125	2	2	0.000000
4126	2	2	0.000000
4127	2	0	0.000000
4128	2	2	0.000000
4129	1	1	0.000000
4130	1	1	0.000000
4131	1	1	0.000000
4132	1	1	0.000000
4133	1	0	0.000000
4134	1	1	0.000000
4135	1	0	0.000000
4136	1	1	0.000000
4137	1	1	0.000000
4138	1	3	0.000000
4139	1	1	0.000000
4140	1	2	0.000000
4141	1	1	0.000000
4142	1	0	0.000000
4143	1	1	0.000000
4144	2	2	0.000000
4145	2	2	0.000000
4146	2	0	0.000000
4147	2	2	0.000000
4148	2	2	0.000000
4149	2	2	0.000000
4150	2	2	0.000000
4151	2	2	0.000000
4152	2	2	0.000000
4153	2	1	0.000000
4154	2	4	0.000000
4155	2	2	0.000000
4156	2	2	0.000000
4157	2	2	0.000000
4158	2	2	0.000000
4159	2	2	0.000000
4160	2	5	0.000000
4161	2	4	0.000000
4162	2	2	0.000000
4163	2	2	0.000000
4164	2	2	0.000000
4165	2	3	0.000000
4166	1	3	0.000000
4167	1	1	0.000000
4168	1	1	0.000000
4169	1	1	0.000000
4170	1	1	0.000000
4171	1	1	0.000000
4172	1	1	0.000000
4173	1	1	0.000000
4174	1	1	0.000000
4175	1	1	0.000000
4176	2	0	0.000000
4177	2	5	0.000000
4178	2	2	0.000000
4179	2	2	0.000000
4180	2	2	0.000000
4181	2	2	0.000000
4182	2	2	0.000000
4183	2	2	0.000000
4184	2	3	0.000000
4185	2	2	0.000000
4186	2	4	0.000000
4187	2	2	0.000000
4188	2	2	0.000000
4189	2	2	0.000000
4190	2	2	0.000000
4191	2	2	0.000000
4192	2	2	0.000000
4193	2	2	0.000000
4194	2	2	0.000000
4195	2	2	0.000000
4196	2	2	0.000000
4197	2	2	0.000000
4198	2	5	0.000000
4199	2	2	0.000000
4200	2	2	0.000000
4201	2	2	0.000000
4202	2	2	0.000000
4203	2	2	0.000000
4204	2	2	0.000000
4205	2	2	0.000000
4206	2	2	0.000000
4207	2	2	0.000000
4208	2	2	0.000000
4209	2	2	0.000000
4210	2	2	0.000000
4211	2	5	0.000000
4212	2	1	0.000000
4213	2	3	0.000000
4214	2	2	0.000000
4215	2	2	0.000000
4216	2	2	0.000000
4217	2	2	0.000000
4218	2	2	0.000000
4219	2	2	0.000000
4220	2	4	0.000000
4221	2	2	0.000000
4222	2	2	0.000000
4223	2	2	0.000000
4224	2	2	0.000000
4225	2	2	0.000000
4226	2	2	0.000000
4227	2	4	0.000000
4228	2	2	0.000000
4229	2	2	0.000000
4230	2	2	0.000000
4231	2	2	0.000000
4232	2	2	0.000000
4233	2	2	0.000000
4234	2	2	0.000000
4235	2	2	0.000000
4236	2	2	0.000000
4237	2	2	0.000000
4238	2	2	0.000000
4239	1	0	0.000000
4240	1	1	0.000000
4241	1	1	0.000000
4242	1	1	0.000000
4243	1	1	0.000000
4244	1	1	0.000000
4245	1	1	0.000000
4246	1	2	0.000000
4247	1	1	0.000000
4248	1	1	0.000000
4249	1	1	0.000000
4250	1	0	0.000000
4251	1	1	0.000000
4252	1	1	0.000000
4253	1	1	0.000000
4254	1	1	0.000000
4255	1	1	0.000000
4256	1	1	0.000000
4257	2	2	0.000000
4258	2	4	0.000000
4259	2	2	0.000000
4260	2	2	0.000000
4261	2	2	0.000000
4262	2	2	0.000000
4263	2	2	0.000000
4264	2	2	0.000000
4265	2	5	0.000000
4266	2	2	0.000000
4267	2	2	0.000000
4268	2	2	0.000000
4269	2	2	0.000000
4270	2	2	0.000000
4271	2	2	0.000000
4272	2	2	0.000000
4273	2	2	0.000000
4274	2	2	0.000000
4275	2	3	0.000000
4276	2	2	0.000000
4277	2	2	0.000000
4278	2	2	0.000000
4279	2	2	0.000000
4280	2	2	0.000000
4281	2	2	0.000000
4282	2	2	0.000000
4283	2	3	0.000000
4284	2	2	0.000000
4285	2	2	0.000000
4286	2	2	0.000000
4287	2	2	0.000000
4288	2	1	0.000000
4289	2	2	0.000000
4290	2	3	0.000000
4291	2	2	0.000000
4292	2	2	0.000000
4293	1	1	0.000000
4294	1	0	0.000000
4295	1	2	0.000000
4296	1	1	0.000000
4297	1	1	0.000000
4298	1	1	0.000000
4299	1	1	0.000000
4300	1	0	0.000000
4301	1	1	0.000000
4302	1	1	0.000000
4303	1	1	0.000000
4304	1	1	0.000000
4305	1	1	0.000000
4306	2	2	0.000000
4307	2	3	0.000000
4308	2	2	0.000000
4309	2	2	0.000000
4310	2	2	0.000000
4311	2	2	0.000000
4312	2	2	0.000000
4313	2	2	0.000000
4314	2	1	0.000000
4315	2	2	0.000000
4316	2	2	0.000000
4317	2	2	0.000000
4318	2	1	0.000000
4319	1	1	0.000000
4320	2	2	0.000000
4321	2	2	0.000000
4322	1	1	0.000000
4323	1	1	0.000000
4324	1	1	0.000000
4325	1	1	0.000000
4326	1	3	0.000000
4327	1	0	0.000000
4328	1	1	0.000000
4329	1	2	0.000000
4330	1	1	0.000000
4331	1	1	0.000000
4332	2	2	0.000000
4333	2	2	0.000000
4334	2	4	0.000000
4335	2	2	0.000000
4336	2	4	0.000000
4337	2	2	0.000000
4338	2	2	0.000000
4339	2	2	0.000000
4340	2	2	0.000000
4341	2	0	0.000000
4342	2	2	0.000000
4343	2	2	0.000000
4344	2	2	0.000000
4345	2	0	0.000000
4346	2	2	0.000000
4347	2	1	0.000000
4348	2	2	0.000000
4349	2	2	0.000000
4350	2	2	0.000000
4351	2	2	0.000000
4352	2	1	0.000000
4353	2	2	0.000000
4354	2	2	0.000000
4355	1	1	0.000000
4356	1	0	0.000000
4357	1	2	0.000000
4358	1	1	0.000000
4359	1	1	0.000000
4360	1	2	0.000000
4361	1	1	0.000000
4362	1	1	0.000000
4363	1	1	0.000000
4364	1	0	0.000000
4365	2	2	0.000000
4366	2	2	0.000000
4367	2	2	0.000000
4368	2	2	0.000000
4369	2	2	0.000000
4370	2	2	0.000000
4371	2	5	0.000000
4372	3	2	0.000000
4373	3	2	0.000000
4374	3	2	0.000000
4375	3	2	0.000000
4376	3	1	0.000000
4377	3	2	0.000000
4378	3	2	0.000000
4379	3	2	0.000000
4380	3	2	0.000000
4381	3	2	0.000000
4382	3	2	0.000000
4383	3	2	0.000000
4384	3	2	0.000000
4385	3	1	0.000000
4386	3	2	0.000000
4387	3	0	0.000000
4388	3	2	0.000000
4389	3	0	0.000000
4390	4	0	0.000000
4391	4	0	0.000000
4392	4	0	0.000000
4393	4	0	0.000000
4394	4	0	0.000000
4395	4	3	0.000000
4396	4	0	0.000000
4397	4	0	0.000000
4398	4	0	0.000000
4399	4	0	0.000000
4400	4	0	0.000000
4401	4	1	0.000000
4402	4	0	0.000000
4403	4	0	0.000000
4404	4	0	0.000000
4405	4	0	0.000000
4406	3	2	0.000000
4407	4	0	0.000000
4408	4	0	0.000000
4409	4	1	0.000000
4410	4	0	0.000000
4411	4	0	0.000000
4412	3	2	0.000000
4413	4	2	0.000000
4414	3	1	0.000000
4415	4	0	0.000000
4416	4	0	0.000000
4417	4	0	0.000000
4418	4	0	0.000000
4419	4	0	0.000000
4420	4	0	0.000000
4421	4	0	0.000000
4422	4	0	0.000000
4423	4	0	0.000000
4424	4	0	0.000000
4425	4	0	0.000000
4426	4	0	0.000000
4427	4	0	0.000000
4428	4	0	0.000000
4429	4	3	0.000000
4430	4	1	0.000000
4431	4	0	0.000000
4432	4	0	0.000000
4433	4	0	0.000000
4434	3	2	0.000000
4435	3	2	0.000000
4436	4	0	0.000000
4437	4	0	0.000000
4438	4	0	0.000000
4439	3	2	0.000000
4440	3	2	0.000000
4441	3	2	0.000000
4442	3	2	0.000000
4443	3	2	0.000000
4444	3	2	0.000000
4445	3	2	0.000000
4446	3	1	0.000000
4447	3	2	0.000000
4448	3	1	0.000000
4449	3	2	0.000000
4450	3	2	0.000000
4451	4	0	0.000000
4452	4	1	0.000000
4453	4	0	0.000000
4454	4	0	0.000000
4455	4	0	0.000000
4456	4	0	0.000000
4457	4	0	0.000000
4458	4	0	0.000000
4459	4	0	0.000000
4460	4	0	0.000000
4461	4	0	0.000000
4462	4	0	0.000000
4463	4	0	0.000000
4464	4	1	0.000000
4465	4	0	0.000000
4466	4	0	0.000000
4467	4	2	0.000000
4468	4	0	0.000000
4469	4	2	0.000000
4470	4	0	0.000000
4471	4	0	0.000000
4472	4	0	0.000000
4473	4	0	0.000000
4474	4	1	0.000000
4475	4	0	0.000000
4476	4	0	0.000000
4477	4	3	0.000000
4478	4	0	0.000000
4479	4	0	0.000000
4480	4	0	0.000000
4481	4	0	0.000000
4482	4	0	0.000000
4483	4	0	0.000000
4484	4	2	0.000000
4485	4	0	0.000000
4486	4	0	0.000000
4487	4	0	0.000000
4488	4	0	0.000000
4489	4	0	0.000000
4490	4	0	0.000000
4491	4	0	0.000000
4492	4	0	0.000000
4493	4	0	0.000000
4494	4	0	0.000000
4495	4	0	0.000000
4496	4	0	0.000000
4497	4	1	0.000000
4498	4	0	0.000000
4499	4	1	0.000000
4500	4	0	0.000000
4501	4	0	0.000000
4502	4	0	0.000000
4503	4	0	0.000000
4504	4	0	0.000000
4505	4	0	0.000000
4506	4	0	0.000000
4507	4	0	0.000000
4508	4	0	0.000000
4509	4	0	0.000000
4510	4	0	0.000000
4511	4	0	0.000000
4512	4	0	0.000000
4513	4	0	0.000000
4514	4	0	0.000000
4515	4	0	0.000000
4516	4	0	0.000000
4517	4	0	0.000000
4518	4	0	0.000000
4519	4	0	0.000000
4520	4	0	0.000000
4521	4	2	0.000000
4522	4	0	0.000000
4523	4	0	0.000000
4524	4	0	0.000000
4525	4	0	0.000000
4526	4	0	0.000000
4527	4	0	0.000000
4528	4	0	0.000000
4529	4	0	0.000000
4530	4	0	0.000000
4531	4	0	0.000000
4532	4	0	0.000000
4533	4	0	0.000000
4534	4	0	0.000000
4535	4	0	0.000000
4536	4	0	0.000000
4537	4	0	0.000000
4538	4	0	0.000000
4539	4	2	0.000000
4540	4	0	0.000000
4541	4	0	0.000000
4542	4	0	0.000000
4543	4	0	0.000000
4544	4	0	0.000000
4545	4	0	0.000000
4546	4	0	0.000000
4547	4	0	0.000000
4548	4	0	0.000000
4549	4	0	0.000000
4550	4	0	0.000000
4551	4	2	0.000000
4552	4	0	0.000000
4553	4	0	0.000000
4554	4	0	0.000000
4555	4	0	0.000000
4556	4	0	0.000000
4557	4	0	0.000000
4558	4	0	0.000000
4559	4	3	0.000000
4560	4	0	0.000000
4561	4	0	0.000000
4562	4	0	0.000000
4563	4	0	0.000000
4564	4	0	0.000000
4565	4	3	0.000000
4566	4	0	0.000000
4567	4	0	0.000000
4568	4	2	0.000000
4569	4	0	0.000000
4570	4	2	0.000000
4571	4	0	0.000000
4572	4	1	0.000000
4573	4	0	0.000000
4574	4	0	0.000000
4575	4	0	0.000000
4576	4	0	0.000000
4577	4	0	0.000000
4578	4	0	0.000000
4579	4	0	0.000000
4580	4	0	0.000000
4581	4	0	0.000000
4582	4	0	0.000000
4583	4	2	0.000000
4584	4	0	0.000000
4585	4	0	0.000000
4586	4	0	0.000000
4587	4	0	0.000000
4588	4	0	0.000000
4589	4	0	0.000000
4590	4	3	0.000000
4591	4	0	0.000000
4592	4	0	0.000000
4593	4	0	0.000000
4594	4	0	0.000000
4595	4	0	0.000000
4596	4	0	0.000000
4597	4	0	0.000000
4598	4	0	0.000000
4599	4	0	0.000000
4600	4	0	0.000000
4601	4	3	0.000000
4602	4	0	0.000000
4603	4	0	0.000000
4604	4	0	0.000000
4605	4	0	0.000000
4606	4	0	0.000000
4607	4	0	0.000000
4608	4	0	0.000000
4609	4	0	0.000000
4610	4	0	0.000000
4611	4	0	0.000000
4612	4	0	0.000000
4613	4	0	0.000000
4614	4	3	0.000000
4615	4	1	0.000000
4616	4	0	0.000000
4617	4	3	0.000000
4618	4	0	0.000000
4619	4	0	0.000000
4620	4	3	0.000000
4621	4	0	0.000000
4622	4	0	0.000000
4623	4	0	0.000000
4624	4	0	0.000000
4625	4	0	0.000000
4626	4	0	0.000000
4627	4	0	0.000000
4628	4	0	0.000000
4629	4	1	0.000000
4630	4	0	0.000000
4631	4	0	0.000000
4632	4	0	0.000000
4633	4	0	0.000000
4634	4	0	0.000000
4635	4	0	0.000000
4636	4	0	0.000000
4637	4	1	0.000000
4638	4	0	0.000000
4639	4	0	0.000000
4640	4	0	0.000000
4641	4	1	0.000000
4642	4	0	0.000000
4643	4	0	0.000000
4644	4	0	0.000000
4645	4	3	0.000000
4646	4	0	0.000000
4647	4	0	0.000000
4648	4	0	0.000000
4649	4	1	0.000000
4650	4	0	0.000000
4651	4	0	0.000000
4652	4	0	0.000000
4653	4	0	0.000000
4654	4	0	0.000000
4655	4	0	0.000000
4656	4	0	0.000000
4657	4	0	0.000000
4658	4	2	0.000000
4659	4	0	0.000000
4660	4	2	0.000000
4661	4	0	0.000000
4662	4	2	0.000000
4663	4	0	0.000000
4664	4	0	0.000000
4665	3	2	0.000000
4666	3	2	0.000000
4667	3	3	0.000000
4668	3	2	0.000000
4669	3	2	0.000000
4670	3	2	0.000000
4671	3	2	0.000000
4672	3	2	0.000000
4673	3	3	0.000000
4674	3	2	0.000000
4675	3	3	0.000000
4676	3	2	0.000000
4677	3	2	0.000000
4678	3	1	0.000000
4679	3	2	0.000000
4680	3	2	0.000000
4681	3	2	0.000000
4682	3	2	0.000000
4683	3	2	0.000000
4684	3	2	0.000000
4685	3	2	0.000000
4686	3	2	0.000000
4687	3	1	0.000000
4688	3	2	0.000000
4689	3	3	0.000000
4690	3	1	0.000000
4691	3	2	0.000000
4692	3	2	0.000000
4693	3	2	0.000000
4694	2	2	0.000000
4695	2	2	0.000000
4696	2	2	0.000000
4697	2	2	0.000000
4698	2	2	0.000000
4699	2	2	0.000000
4700	2	2	0.000000
4701	2	2	0.000000
4702	2	2	0.000000
4703	2	5	0.000000
4704	2	2	0.000000
4705	2	1	0.000000
4706	1	1	0.000000
4707	1	1	0.000000
4708	1	2	0.000000
4709	1	1	0.000000
4710	1	2	0.000000
4711	1	1	0.000000
4712	1	1	0.000000
4713	1	3	0.000000
4714	1	1	0.000000
4715	1	1	0.000000
4716	1	1	0.000000
4717	1	1	0.000000
4718	1	3	0.000000
4719	1	1	0.000000
4720	2	2	0.000000
4721	1	1	0.000000
4722	1	1	0.000000
4723	2	2	0.000000
4724	2	2	0.000000
4725	2	2	0.000000
4726	2	2	0.000000
4727	2	2	0.000000
4728	2	3	0.000000
4729	2	2	0.000000
4730	2	2	0.000000
4731	2	2	0.000000
4732	2	2	0.000000
4733	2	2	0.000000
4734	1	0	0.000000
4735	1	1	0.000000
4736	1	1	0.000000
4737	1	1	0.000000
4738	1	1	0.000000
4739	1	3	0.000000
4740	1	1	0.000000
4741	1	1	0.000000
4742	1	1	0.000000
4743	1	1	0.000000
4744	1	1	0.000000
4745	1	0	0.000000
4746	1	1	0.000000
4747	1	1	0.000000
4748	2	2	0.000000
4749	2	1	0.000000
4750	2	2	0.000000
4751	2	3	0.000000
4752	2	2	0.000000
4753	2	2	0.000000
4754	2	2	0.000000
4755	2	2	0.000000
4756	2	0	0.000000
4757	2	2	0.000000
4758	2	4	0.000000
4759	2	2	0.000000
4760	2	2	0.000000
4761	2	2	0.000000
4762	2	4	0.000000
4763	2	2	0.000000
4764	2	2	0.000000
4765	2	2	0.000000
4766	2	3	0.000000
4767	2	2	0.000000
4768	2	1	0.000000
4769	2	2	0.000000
4770	2	2	0.000000
4771	2	2	0.000000
4772	2	2	0.000000
4773	2	2	0.000000
4774	2	2	0.000000
4775	2	2	0.000000
4776	2	2	0.000000
4777	2	3	0.000000
4778	1	1	0.000000
4779	1	1	0.000000
4780	1	1	0.000000
4781	1	1	0.000000
4782	1	1	0.000000
4783	1	1	0.000000
4784	1	0	0.000000
4785	1	1	0.000000
4786	1	1	0.000000
4787	1	1	0.000000
4788	1	0	0.000000
4789	1	1	0.000000
4790	2	4	0.000000
4791	2	4	0.000000
4792	2	2	0.000000
4793	2	2	0.000000
4794	2	2	0.000000
4795	2	2	0.000000
4796	2	5	0.000000
4797	2	2	0.000000
4798	2	2	0.000000
4799	2	2	0.000000
4800	2	2	0.000000
4801	2	2	0.000000
4802	2	2	0.000000
4803	2	2	0.000000
4804	1	0	0.000000
4805	1	1	0.000000
4806	1	1	0.000000
4807	1	1	0.000000
4808	1	1	0.000000
4809	1	1	0.000000
4810	1	1	0.000000
4811	1	2	0.000000
4812	1	1	0.000000
4813	1	1	0.000000
4814	1	1	0.000000
4815	1	1	0.000000
4816	1	1	0.000000
4817	1	1	0.000000
4818	1	0	0.000000
4819	1	1	0.000000
4820	2	0	0.000000
4821	2	2	0.000000
4822	2	2	0.000000
4823	2	2	0.000000
4824	2	2	0.000000
4825	2	2	0.000000
4826	2	4	0.000000
4827	2	2	0.000000
4828	2	2	0.000000
4829	2	4	0.000000
4830	2	2	0.000000
4831	2	2	0.000000
4832	2	0	0.000000
4833	2	2	0.000000
4834	2	0	0.000000
4835	2	2	0.000000
4836	2	2	0.000000
4837	1	1	0.000000
4838	2	2	0.000000
4839	2	2	0.000000
4840	2	2	0.000000
4841	2	1	0.000000
4842	2	2	0.000000
4843	2	2	0.000000
4844	2	2	0.000000
4845	2	4	0.000000
4846	2	2	0.000000
4847	2	2	0.000000
4848	1	1	0.000000
4849	1	3	0.000000
4850	1	1	0.000000
4851	1	1	0.000000
4852	1	1	0.000000
4853	1	2	0.000000
4854	1	1	0.000000
4855	1	1	0.000000
4856	1	1	0.000000
4857	1	1	0.000000
4858	1	1	0.000000
4859	2	5	0.000000
4860	2	1	0.000000
4861	2	2	0.000000
4862	2	2	0.000000
4863	2	2	0.000000
4864	2	2	0.000000
4865	2	2	0.000000
4866	2	0	0.000000
4867	2	3	0.000000
4868	1	1	0.000000
4869	2	3	0.000000
4870	1	0	0.000000
4871	1	0	0.000000
4872	2	1	0.000000
4873	1	1	0.000000
4874	1	1	0.000000
4875	1	1	0.000000
4876	2	2	0.000000
4877	2	2	0.000000
4878	2	2	0.000000
4879	2	2	0.000000
4880	2	2	0.000000
4881	2	2	0.000000
4882	2	5	0.000000
4883	2	2	0.000000
4884	2	2	0.000000
4885	2	3	0.000000
4886	2	0	0.000000
4887	2	2	0.000000
4888	1	1	0.000000
4889	2	2	0.000000
4890	1	1	0.000000
4891	2	2	0.000000
4892	2	2	0.000000
4893	2	2	0.000000
4894	2	2	0.000000
4895	2	2	0.000000
4896	2	2	0.000000
4897	1	1	0.000000
4898	1	1	0.000000
4899	1	2	0.000000
4900	1	1	0.000000
4901	1	1	0.000000
4902	1	1	0.000000
4903	1	0	0.000000
4904	1	1	0.000000
4905	1	1	0.000000
4906	1	1	0.000000
4907	1	1	0.000000
4908	1	1	0.000000
4909	1	1	0.000000
4910	1	1	0.000000
4911	1	1	0.000000
4912	1	1	0.000000
4913	1	2	0.000000
4914	2	2	0.000000
4915	2	2	0.000000
4916	2	2	0.000000
4917	2	2	0.000000
4918	2	2	0.000000
4919	2	2	0.000000
4920	2	2	0.000000
4921	2	0	0.000000
4922	2	2	0.000000
4923	2	3	0.000000
4924	2	0	0.000000
4925	2	2	0.000000
4926	2	2	0.000000
4927	1	1	0.000000
4928	1	1	0.000000
4929	1	1	0.000000
4930	1	1	0.000000
4931	1	1	0.000000
4932	2	2	0.000000
4933	2	2	0.000000
4934	2	2	0.000000
4935	2	2	0.000000
4936	2	2	0.000000
4937	2	2	0.000000
4938	2	2	0.000000
4939	2	2	0.000000
4940	2	2	0.000000
4941	1	1	0.000000
4942	1	1	0.000000
4943	1	1	0.000000
4944	1	1	0.000000
4945	1	0	0.000000
4946	1	3	0.000000
4947	1	3	0.000000
4948	1	1	0.000000
4949	1	1	0.000000
4950	1	2	0.000000
4951	1	1	0.000000
4952	2	2	0.000000
4953	2	2	0.000000
4954	2	2	0.000000
4955	2	2	0.000000
4956	2	2	0.000000
4957	2	2	0.000000
4958	2	2	0.000000
4959	2	2	0.000000
4960	2	1	0.000000
4961	2	2	0.000000
4962	2	1	0.000000
4963	2	2	0.000000
4964	1	1	0.000000
4965	1	1	0.000000
4966	1	2	0.000000
4967	1	1	0.000000
4968	1	1	0.000000
4969	1	2	0.000000
4970	1	1	0.000000
4971	1	1	0.000000
4972	1	1	0.000000
4973	1	1	0.000000
4974	1	1	0.000000
4975	1	1	0.000000
4976	2	2	0.000000
4977	2	2	0.000000
4978	1	1	0.000000
4979	2	2	0.000000
4980	2	2	0.000000
4981	2	2	0.000000
4982	2	3	0.000000
4983	2	2	0.000000
4984	1	1	60.721000
4985	0	0	0.000000
