StartTime	2015/11/08 07:22:29
FinishTime	2015/11/08 07:23:40
ElapsedTime	71.000000
/home/daisuke/git/ReinforcementLearning/log/EV3LineTracer_20151108022157_10Setting_20151108022158.log
0	1.000000
1	0.031250	0.906250	0.031250	0.031250
2	0.020833	0.020833	0.895833	0.020833	0.020833	0.020833
3	0.906250	0.031250	0.031250	0.031250
4	0.906250	0.031250	0.031250	0.031250
5	0.031250	0.906250	0.031250	0.031250
6	0.031250	0.031250	0.031250	0.906250
5555
0	3	2	1.000000
1	3	0	1.000000
2	3	0	1.000000
3	3	0	1.000000
4	3	0	1.000000
5	3	0	1.000000
6	3	0	1.000000
7	3	0	1.000000
8	3	0	1.000000
9	3	0	1.000000
10	3	0	0.125000
11	2	2	0.125000
12	2	2	0.125000
13	2	2	0.125000
14	2	2	0.125000
15	2	2	0.125000
16	2	2	0.125000
17	2	2	0.125000
18	2	2	0.125000
19	2	2	0.125000
20	2	2	0.125000
21	2	2	0.125000
22	2	2	0.125000
23	2	2	0.125000
24	2	2	0.125000
25	2	2	0.125000
26	2	0	0.125000
27	2	2	0.125000
28	2	2	0.125000
29	2	2	0.125000
30	2	2	0.125000
31	2	2	0.125000
32	2	2	0.125000
33	2	2	0.125000
34	1	1	0.125000
35	1	1	0.125000
36	1	1	0.125000
37	2	2	0.125000
38	2	2	0.125000
39	2	2	0.125000
40	2	2	0.125000
41	2	2	0.125000
42	2	2	0.125000
43	2	4	0.125000
44	2	2	0.125000
45	2	2	0.125000
46	2	2	0.125000
47	2	2	0.125000
48	1	1	0.125000
49	1	1	0.125000
50	1	1	0.125000
51	1	1	0.125000
52	1	1	0.125000
53	1	1	0.125000
54	1	1	0.125000
55	1	1	0.125000
56	1	1	0.125000
57	1	1	0.125000
58	1	1	0.125000
59	1	1	0.125000
60	1	2	0.125000
61	1	0	0.125000
62	1	1	0.125000
63	1	1	0.125000
64	1	1	0.125000
65	1	1	0.125000
66	1	1	0.125000
67	1	1	0.125000
68	1	1	0.125000
69	1	1	0.125000
70	1	1	0.125000
71	1	1	0.125000
72	1	1	0.125000
73	1	1	0.125000
74	1	1	0.125000
75	1	1	0.125000
76	1	1	0.125000
77	1	3	0.125000
78	1	2	0.125000
79	1	0	0.125000
80	1	1	0.125000
81	1	1	0.125000
82	1	3	0.125000
83	1	1	0.125000
84	1	1	0.125000
85	1	1	0.125000
86	1	2	0.125000
87	1	1	0.125000
88	1	2	0.125000
89	1	1	0.125000
90	1	1	0.125000
91	2	2	0.125000
92	2	2	0.125000
93	2	2	0.125000
94	2	4	0.125000
95	2	2	0.125000
96	2	2	0.125000
97	2	2	0.125000
98	2	1	0.125000
99	2	2	0.125000
100	2	2	0.125000
101	2	2	0.125000
102	2	2	0.125000
103	2	0	0.125000
104	2	2	0.125000
105	2	2	0.125000
106	2	2	0.125000
107	2	2	0.125000
108	2	2	0.125000
109	1	1	0.125000
110	1	1	0.125000
111	1	1	0.125000
112	1	1	0.125000
113	1	1	0.125000
114	1	1	0.125000
115	1	1	0.125000
116	1	2	0.125000
117	1	1	0.125000
118	1	1	0.125000
119	1	1	0.125000
120	1	1	0.125000
121	2	2	0.125000
122	2	2	0.125000
123	2	2	0.125000
124	2	2	0.125000
125	2	2	0.125000
126	2	2	0.125000
127	2	2	0.125000
128	2	2	0.125000
129	2	4	0.125000
130	2	2	0.125000
131	1	1	0.125000
132	1	1	0.125000
133	1	1	0.125000
134	1	1	0.125000
135	1	1	0.125000
136	1	1	0.125000
137	1	1	0.125000
138	1	0	0.125000
139	1	1	0.125000
140	1	1	0.125000
141	1	1	0.125000
142	1	2	0.125000
143	1	1	0.125000
144	1	1	0.125000
145	1	1	0.125000
146	2	2	0.125000
147	2	2	0.125000
148	2	2	0.125000
149	2	2	0.125000
150	2	2	0.125000
151	2	2	0.125000
152	2	2	0.125000
153	2	2	0.125000
154	2	2	0.125000
155	2	2	0.125000
156	2	2	0.125000
157	2	2	0.125000
158	2	4	0.125000
159	1	1	0.125000
160	1	1	0.125000
161	1	1	0.125000
162	1	1	0.125000
163	1	1	0.125000
164	1	1	0.125000
165	1	1	0.125000
166	1	0	0.125000
167	1	1	0.125000
168	1	1	0.125000
169	1	0	0.125000
170	1	1	0.125000
171	1	1	0.125000
172	1	1	0.125000
173	1	1	0.125000
174	1	1	0.125000
175	2	2	0.125000
176	2	2	0.125000
177	2	2	0.125000
178	2	2	0.125000
179	2	2	0.125000
180	2	2	0.125000
181	2	2	0.125000
182	2	2	0.125000
183	2	2	0.125000
184	2	3	0.125000
185	2	2	0.125000
186	2	2	0.125000
187	2	2	0.125000
188	1	1	0.125000
189	1	1	0.125000
190	1	1	0.125000
191	1	1	0.125000
192	1	1	0.125000
193	1	1	0.125000
194	1	2	0.125000
195	1	1	0.125000
196	1	0	0.125000
197	1	1	0.125000
198	1	1	0.125000
199	1	1	0.125000
200	1	1	0.125000
201	1	1	0.125000
202	2	2	0.125000
203	2	2	0.125000
204	2	2	0.125000
205	2	2	0.125000
206	2	2	0.125000
207	2	2	0.125000
208	2	2	0.125000
209	2	2	0.125000
210	2	2	0.125000
211	2	2	0.125000
212	2	2	0.125000
213	1	2	0.125000
214	1	1	0.125000
215	1	1	0.125000
216	1	1	0.125000
217	1	1	0.125000
218	1	1	0.125000
219	1	1	0.125000
220	1	1	0.125000
221	1	1	0.125000
222	1	1	0.125000
223	1	1	0.125000
224	1	1	0.125000
225	1	1	0.125000
226	1	1	0.125000
227	1	1	0.125000
228	1	1	0.125000
229	1	1	0.125000
230	1	1	0.125000
231	1	1	0.125000
232	1	1	0.125000
233	1	1	0.125000
234	2	2	0.125000
235	2	2	0.125000
236	2	5	0.125000
237	2	2	0.125000
238	2	4	0.125000
239	2	2	0.125000
240	2	2	0.125000
241	2	2	0.125000
242	2	2	0.125000
243	2	2	0.125000
244	1	1	0.125000
245	1	1	0.125000
246	1	1	0.125000
247	1	1	0.125000
248	1	1	0.125000
249	1	1	0.125000
250	1	1	0.125000
251	1	1	0.125000
252	1	1	0.125000
253	1	1	0.125000
254	1	1	0.125000
255	1	1	0.125000
256	1	1	0.125000
257	2	2	0.125000
258	2	2	0.125000
259	2	2	0.125000
260	2	2	0.125000
261	2	2	0.125000
262	2	2	0.125000
263	2	2	0.125000
264	2	2	0.125000
265	2	2	0.125000
266	2	2	0.125000
267	2	5	0.125000
268	2	2	0.125000
269	1	1	0.125000
270	1	1	0.125000
271	1	2	0.125000
272	1	1	0.125000
273	1	1	0.125000
274	1	1	0.125000
275	1	1	0.125000
276	1	1	0.125000
277	1	1	0.125000
278	1	1	0.125000
279	1	1	0.125000
280	1	3	0.125000
281	1	1	0.125000
282	1	1	0.125000
283	1	1	0.125000
284	1	1	0.125000
285	2	2	0.125000
286	2	2	0.125000
287	2	2	0.125000
288	2	2	0.125000
289	2	2	0.125000
290	2	2	0.125000
291	2	2	0.125000
292	2	2	0.125000
293	2	2	0.125000
294	2	2	0.125000
295	2	2	0.125000
296	1	1	0.125000
297	1	1	0.125000
298	1	1	0.125000
299	1	0	0.125000
300	1	1	0.125000
301	1	1	0.125000
302	1	1	0.125000
303	1	1	0.125000
304	1	1	0.125000
305	2	2	0.125000
306	1	1	0.125000
307	1	1	0.125000
308	1	1	0.125000
309	1	1	0.125000
310	1	1	0.125000
311	1	2	0.125000
312	1	1	0.125000
313	1	1	0.125000
314	1	1	0.125000
315	1	1	0.125000
316	1	1	0.125000
317	2	2	0.125000
318	2	2	0.125000
319	2	2	0.125000
320	2	2	0.125000
321	2	2	0.125000
322	2	2	0.125000
323	2	2	0.125000
324	2	2	0.125000
325	2	2	0.125000
326	2	2	0.125000
327	2	2	0.125000
328	2	2	0.125000
329	2	1	0.125000
330	2	4	0.125000
331	2	2	0.125000
332	2	2	0.125000
333	2	2	0.125000
334	2	2	0.125000
335	2	2	0.125000
336	2	2	0.125000
337	2	2	0.125000
338	1	3	0.125000
339	1	1	0.125000
340	1	1	0.125000
341	1	0	0.125000
342	1	3	0.125000
343	1	1	0.125000
344	1	1	0.125000
345	1	1	0.125000
346	1	1	0.125000
347	1	1	0.125000
348	1	3	0.125000
349	1	1	0.125000
350	1	1	0.125000
351	2	3	0.125000
352	2	2	0.125000
353	2	2	0.125000
354	2	2	0.125000
355	2	2	0.125000
356	1	1	0.125000
357	1	1	0.125000
358	1	1	0.125000
359	1	1	0.125000
360	1	1	0.125000
361	1	1	0.125000
362	1	1	0.125000
363	1	1	0.125000
364	1	1	0.125000
365	2	2	0.125000
366	1	1	0.125000
367	2	2	0.125000
368	2	2	0.125000
369	2	2	0.125000
370	2	2	0.125000
371	2	2	0.125000
372	2	2	0.125000
373	2	2	0.125000
374	2	2	0.125000
375	2	2	0.125000
376	2	1	0.125000
377	2	0	0.125000
378	2	2	0.125000
379	2	2	0.125000
380	1	1	0.125000
381	1	1	0.125000
382	1	1	0.125000
383	1	1	0.125000
384	1	1	0.125000
385	1	1	0.125000
386	1	1	0.125000
387	1	3	0.125000
388	1	1	0.125000
389	1	1	0.125000
390	2	5	0.125000
391	2	1	0.125000
392	2	2	0.125000
393	2	2	0.125000
394	2	2	0.125000
395	2	2	0.125000
396	2	2	0.125000
397	2	4	0.125000
398	1	1	0.125000
399	1	1	0.125000
400	1	1	0.125000
401	1	1	0.125000
402	1	1	0.125000
403	1	1	0.125000
404	1	1	0.125000
405	1	0	0.125000
406	1	1	0.125000
407	2	2	0.125000
408	2	2	0.125000
409	2	2	0.125000
410	2	2	0.125000
411	2	2	0.125000
412	2	2	0.125000
413	2	0	0.125000
414	1	1	0.125000
415	1	1	0.125000
416	1	1	0.125000
417	1	1	0.125000
418	1	2	0.125000
419	1	0	0.125000
420	1	1	0.125000
421	1	1	0.125000
422	1	1	0.125000
423	1	1	0.125000
424	1	1	0.125000
425	1	1	0.125000
426	1	1	0.125000
427	1	1	0.125000
428	1	1	0.125000
429	1	1	0.125000
430	2	2	0.125000
431	2	3	0.125000
432	1	1	0.125000
433	1	1	0.125000
434	1	1	0.125000
435	1	0	0.125000
436	1	1	0.125000
437	1	1	0.125000
438	1	1	0.125000
439	2	2	0.125000
440	2	2	0.125000
441	2	2	0.125000
442	2	2	0.125000
443	2	2	0.125000
444	2	2	1.000000
445	3	0	1.000000
446	3	3	1.000000
447	3	0	0.125000
448	2	2	0.125000
449	2	2	0.125000
450	2	5	0.125000
451	2	2	0.125000
452	2	2	0.125000
453	2	2	0.125000
454	2	2	0.125000
455	2	2	0.125000
456	2	2	0.125000
457	2	0	0.125000
458	2	2	0.125000
459	2	2	0.125000
460	2	2	0.125000
461	2	2	0.125000
462	2	2	0.125000
463	2	2	0.125000
464	2	2	0.125000
465	2	2	0.125000
466	2	2	0.125000
467	2	2	0.125000
468	2	2	0.125000
469	2	2	0.125000
470	2	2	0.125000
471	2	2	0.125000
472	2	2	0.125000
473	2	2	0.125000
474	1	1	0.125000
475	1	1	0.125000
476	1	1	0.125000
477	1	1	0.125000
478	1	1	0.125000
479	1	1	0.125000
480	1	1	0.125000
481	1	1	0.125000
482	1	1	0.125000
483	1	1	0.125000
484	1	1	0.125000
485	1	1	0.125000
486	1	1	0.125000
487	1	1	0.125000
488	1	1	0.125000
489	1	1	0.125000
490	1	1	0.125000
491	1	1	0.125000
492	1	1	0.125000
493	2	2	0.125000
494	2	2	0.125000
495	2	2	0.125000
496	2	2	0.125000
497	2	5	0.125000
498	2	2	0.125000
499	2	2	0.125000
500	2	2	0.125000
501	2	2	0.125000
502	2	5	0.125000
503	2	2	0.125000
504	1	1	0.125000
505	1	1	0.125000
506	1	1	0.125000
507	1	1	0.125000
508	1	1	0.125000
509	1	1	0.125000
510	1	1	0.125000
511	2	2	1.000000
512	3	0	1.000000
513	3	0	0.125000
514	2	2	0.125000
515	2	2	0.125000
516	2	2	0.125000
517	1	2	0.125000
518	1	1	0.125000
519	1	1	0.125000
520	1	1	0.125000
521	1	1	0.125000
522	1	1	0.125000
523	1	1	0.125000
524	1	1	0.125000
525	1	1	0.125000
526	1	1	0.125000
527	1	3	0.125000
528	1	1	0.125000
529	2	2	0.125000
530	2	2	0.125000
531	2	2	0.125000
532	2	2	0.125000
533	2	2	0.125000
534	2	2	0.125000
535	2	2	0.125000
536	2	2	0.125000
537	2	2	0.125000
538	2	2	0.125000
539	2	5	0.125000
540	2	2	0.125000
541	2	2	0.125000
542	2	2	0.125000
543	2	2	0.125000
544	2	2	0.125000
545	2	2	0.125000
546	2	2	0.125000
547	2	2	0.125000
548	2	2	0.125000
549	2	2	0.125000
550	2	2	0.125000
551	2	2	0.125000
552	2	2	0.125000
553	2	2	0.125000
554	2	2	0.125000
555	2	2	0.125000
556	2	2	0.125000
557	1	1	0.125000
558	1	1	0.125000
559	1	1	0.125000
560	1	1	0.125000
561	1	1	0.125000
562	1	1	0.125000
563	1	1	0.125000
564	1	1	0.125000
565	1	1	0.125000
566	1	1	0.125000
567	1	1	0.125000
568	1	1	0.125000
569	1	0	0.125000
570	1	1	0.125000
571	1	1	0.125000
572	1	1	0.125000
573	1	1	0.125000
574	1	1	0.125000
575	1	1	0.125000
576	1	1	0.125000
577	1	1	0.125000
578	1	1	0.125000
579	1	1	0.125000
580	1	1	0.125000
581	1	1	0.125000
582	1	1	0.125000
583	1	2	0.125000
584	1	1	0.125000
585	1	0	0.125000
586	1	0	0.125000
587	2	2	0.125000
588	2	3	0.125000
589	2	2	0.125000
590	2	2	0.125000
591	2	2	1.000000
592	3	0	1.000000
593	3	0	1.000000
594	3	0	1.000000
595	3	0	1.000000
596	3	0	1.000000
597	3	0	1.000000
598	3	0	0.125000
599	2	2	0.125000
600	2	2	0.125000
601	2	2	0.125000
602	2	5	0.125000
603	2	2	0.125000
604	2	2	0.125000
605	2	2	0.125000
606	2	2	0.125000
607	2	2	0.125000
608	2	2	0.125000
609	2	2	0.125000
610	2	2	0.125000
611	2	2	0.125000
612	2	2	0.125000
613	2	1	0.125000
614	1	1	0.125000
615	2	2	0.125000
616	2	2	0.125000
617	2	2	0.125000
618	2	2	0.125000
619	2	2	0.125000
620	2	2	0.125000
621	2	3	0.125000
622	2	2	0.125000
623	2	2	0.125000
624	2	2	0.125000
625	2	2	0.125000
626	2	2	0.125000
627	2	2	0.125000
628	2	2	0.125000
629	2	2	0.125000
630	1	1	0.125000
631	1	1	0.125000
632	1	1	0.125000
633	1	1	0.125000
634	1	3	0.125000
635	1	1	0.125000
636	1	1	0.125000
637	1	1	0.125000
638	1	1	0.125000
639	1	1	0.125000
640	1	1	0.125000
641	1	1	0.125000
642	1	1	0.125000
643	1	1	0.125000
644	1	1	0.125000
645	1	1	0.125000
646	1	1	0.125000
647	2	2	0.125000
648	2	2	0.125000
649	1	1	0.125000
650	1	1	0.125000
651	1	1	0.125000
652	1	1	0.125000
653	1	1	0.125000
654	1	1	0.125000
655	1	1	0.125000
656	1	1	0.125000
657	1	1	0.125000
658	1	1	0.125000
659	1	1	0.125000
660	1	1	0.125000
661	1	1	0.125000
662	1	1	0.125000
663	1	1	0.125000
664	1	1	0.125000
665	1	1	0.125000
666	1	1	0.125000
667	1	0	0.125000
668	1	1	0.125000
669	1	1	0.125000
670	2	2	0.125000
671	2	2	1.000000
672	3	0	0.125000
673	2	2	0.125000
674	2	2	0.125000
675	2	2	0.125000
676	2	2	0.125000
677	2	2	0.125000
678	2	2	0.125000
679	2	2	0.125000
680	2	2	0.125000
681	2	2	0.125000
682	2	2	0.125000
683	2	2	0.125000
684	2	2	0.125000
685	2	2	0.125000
686	2	2	0.125000
687	2	2	0.125000
688	2	2	0.125000
689	2	5	0.125000
690	2	2	0.125000
691	2	2	0.125000
692	2	2	0.125000
693	2	2	0.125000
694	2	2	0.125000
695	2	2	0.125000
696	1	1	0.125000
697	1	1	0.125000
698	1	1	0.125000
699	1	1	0.125000
700	1	1	0.125000
701	1	1	0.125000
702	1	1	0.125000
703	1	1	0.125000
704	1	1	0.125000
705	1	1	0.125000
706	2	2	0.125000
707	2	2	0.125000
708	2	2	0.125000
709	2	0	0.125000
710	2	4	0.125000
711	2	2	0.125000
712	2	2	0.125000
713	2	2	0.125000
714	2	2	0.125000
715	2	2	0.125000
716	2	2	0.125000
717	2	2	0.125000
718	2	2	0.125000
719	2	2	0.125000
720	2	2	0.125000
721	2	2	0.125000
722	2	2	0.125000
723	2	3	0.125000
724	2	2	0.125000
725	2	2	0.125000
726	2	4	0.125000
727	2	5	0.125000
728	2	2	0.125000
729	2	2	0.125000
730	2	2	0.125000
731	2	2	0.125000
732	2	2	0.125000
733	2	2	0.125000
734	2	2	0.125000
735	2	2	0.125000
736	2	0	0.125000
737	2	2	0.125000
738	2	2	0.125000
739	2	2	0.125000
740	2	2	0.125000
741	2	2	0.125000
742	2	2	0.125000
743	2	2	0.125000
744	2	2	0.125000
745	2	2	0.125000
746	2	2	0.125000
747	2	2	0.125000
748	2	2	0.125000
749	2	2	0.125000
750	2	2	0.125000
751	2	2	0.125000
752	2	2	0.125000
753	2	2	0.125000
754	2	2	0.125000
755	2	2	0.125000
756	2	2	0.125000
757	2	2	0.125000
758	1	1	0.125000
759	1	2	0.125000
760	1	1	0.125000
761	1	1	0.125000
762	1	1	0.125000
763	1	1	0.125000
764	1	1	0.125000
765	1	1	0.125000
766	1	1	0.125000
767	1	1	0.125000
768	1	1	0.125000
769	1	1	0.125000
770	1	1	0.125000
771	1	1	0.125000
772	1	1	0.125000
773	1	1	0.125000
774	1	1	0.125000
775	1	1	0.125000
776	1	0	0.125000
777	2	2	0.125000
778	2	2	0.125000
779	2	2	0.125000
780	2	2	0.125000
781	2	2	0.125000
782	2	2	0.125000
783	2	2	0.125000
784	2	3	0.125000
785	2	2	0.125000
786	2	2	0.125000
787	2	5	0.125000
788	2	2	0.125000
789	2	2	0.125000
790	2	2	0.125000
791	2	2	0.125000
792	2	2	0.125000
793	2	2	0.125000
794	2	2	0.125000
795	2	2	0.125000
796	2	2	0.125000
797	2	2	0.125000
798	2	2	0.125000
799	2	2	0.125000
800	2	2	0.125000
801	2	2	0.125000
802	2	2	0.125000
803	2	2	0.125000
804	1	1	0.125000
805	1	1	0.125000
806	1	1	0.125000
807	1	2	0.125000
808	1	1	0.125000
809	1	1	0.125000
810	1	1	0.125000
811	1	3	0.125000
812	1	1	0.125000
813	1	1	0.125000
814	1	1	0.125000
815	1	1	0.125000
816	1	1	0.125000
817	1	1	0.125000
818	1	1	0.125000
819	2	1	0.125000
820	2	2	0.125000
821	2	2	0.125000
822	2	5	0.125000
823	2	2	0.125000
824	2	2	0.125000
825	2	2	0.125000
826	2	2	0.125000
827	2	4	0.125000
828	2	2	0.125000
829	2	2	0.125000
830	2	2	0.125000
831	2	2	0.125000
832	2	2	0.125000
833	2	2	0.125000
834	2	2	0.125000
835	2	2	0.125000
836	2	2	0.125000
837	2	2	0.125000
838	2	2	0.125000
839	2	2	0.125000
840	2	2	0.125000
841	2	2	0.125000
842	2	2	0.125000
843	2	2	0.125000
844	2	2	0.125000
845	2	2	0.125000
846	2	2	0.125000
847	2	2	0.125000
848	2	2	0.125000
849	2	0	0.125000
850	2	2	0.125000
851	2	3	0.125000
852	2	2	0.125000
853	2	2	0.125000
854	2	2	0.125000
855	2	2	0.125000
856	2	2	0.125000
857	2	2	0.125000
858	2	2	0.125000
859	2	2	0.125000
860	2	2	0.125000
861	2	2	0.125000
862	2	2	0.125000
863	2	2	0.125000
864	2	2	0.125000
865	2	4	0.125000
866	2	2	0.125000
867	2	1	0.125000
868	2	5	0.125000
869	2	0	0.125000
870	2	2	0.125000
871	2	2	0.125000
872	2	2	0.125000
873	2	2	0.125000
874	2	2	0.125000
875	2	2	0.125000
876	2	2	0.125000
877	2	2	0.125000
878	2	2	0.125000
879	2	2	0.125000
880	2	2	0.125000
881	2	2	0.125000
882	2	2	0.125000
883	2	2	0.125000
884	2	2	0.125000
885	2	2	0.125000
886	2	2	0.125000
887	2	2	0.125000
888	2	2	0.125000
889	2	2	0.125000
890	2	2	0.125000
891	2	2	0.125000
892	2	2	0.125000
893	2	2	0.125000
894	1	1	0.125000
895	1	1	0.125000
896	1	1	0.125000
897	1	1	0.125000
898	1	1	0.125000
899	1	1	0.125000
900	1	2	0.125000
901	1	1	0.125000
902	1	1	0.125000
903	1	1	0.125000
904	1	1	0.125000
905	1	1	0.125000
906	1	2	0.125000
907	1	3	0.125000
908	1	1	0.125000
909	1	1	0.125000
910	1	1	0.125000
911	2	2	0.125000
912	2	2	0.125000
913	2	2	0.125000
914	2	2	0.125000
915	2	2	0.125000
916	2	2	0.125000
917	2	2	0.125000
918	2	2	0.125000
919	2	2	0.125000
920	2	2	0.125000
921	2	2	0.125000
922	2	2	0.125000
923	2	2	0.125000
924	2	2	0.125000
925	2	3	0.125000
926	2	2	0.125000
927	2	2	0.125000
928	2	2	0.125000
929	2	2	0.125000
930	2	2	0.125000
931	2	2	0.125000
932	2	2	0.125000
933	2	2	0.125000
934	2	2	0.125000
935	2	2	0.125000
936	2	2	0.125000
937	2	2	0.125000
938	2	2	0.125000
939	2	2	0.125000
940	2	2	0.125000
941	2	2	0.125000
942	2	2	0.125000
943	2	2	0.125000
944	1	1	0.125000
945	1	1	0.125000
946	1	1	0.125000
947	1	1	0.125000
948	1	1	0.125000
949	1	1	0.125000
950	1	1	0.125000
951	1	1	0.125000
952	1	1	0.125000
953	1	1	0.125000
954	1	3	0.125000
955	1	1	0.125000
956	1	1	0.125000
957	1	1	0.125000
958	1	1	0.125000
959	1	1	0.125000
960	1	1	0.125000
961	1	1	0.125000
962	2	2	0.125000
963	2	2	0.125000
964	2	3	0.125000
965	2	2	0.125000
966	2	2	0.125000
967	2	2	0.125000
968	2	2	0.125000
969	2	2	0.125000
970	2	2	0.125000
971	2	2	0.125000
972	2	2	0.125000
973	2	2	0.125000
974	2	2	0.125000
975	2	2	0.125000
976	2	2	0.125000
977	2	3	0.125000
978	2	2	0.125000
979	2	2	0.125000
980	2	2	0.125000
981	2	2	0.125000
982	2	2	0.125000
983	2	2	0.125000
984	2	2	0.125000
985	2	2	0.125000
986	2	2	0.125000
987	2	2	0.125000
988	1	1	0.125000
989	1	1	0.125000
990	1	1	0.125000
991	1	1	0.125000
992	1	1	0.125000
993	1	3	0.125000
994	1	1	0.125000
995	1	2	0.125000
996	1	1	0.125000
997	1	1	0.125000
998	1	1	0.125000
999	1	1	0.125000
1000	1	1	0.125000
1001	1	1	0.125000
1002	2	2	0.125000
1003	2	2	0.125000
1004	2	2	0.125000
1005	2	2	0.125000
1006	2	2	0.125000
1007	2	2	0.125000
1008	2	2	0.125000
1009	2	2	0.125000
1010	2	2	0.125000
1011	2	2	0.125000
1012	2	2	0.125000
1013	2	2	0.125000
1014	2	2	0.125000
1015	2	2	0.125000
1016	2	2	0.125000
1017	2	2	0.125000
1018	2	2	0.125000
1019	2	2	0.125000
1020	2	2	0.125000
1021	2	2	0.125000
1022	2	2	0.125000
1023	2	2	0.125000
1024	1	1	0.125000
1025	1	1	0.125000
1026	1	1	0.125000
1027	1	1	0.125000
1028	1	1	0.125000
1029	1	1	0.125000
1030	1	1	0.125000
1031	1	2	0.125000
1032	1	1	0.125000
1033	1	1	0.125000
1034	1	1	0.125000
1035	1	1	0.125000
1036	1	1	0.125000
1037	1	1	0.125000
1038	1	1	0.125000
1039	1	1	0.125000
1040	1	1	0.125000
1041	1	1	0.125000
1042	2	2	0.125000
1043	2	2	0.125000
1044	2	2	0.125000
1045	2	4	0.125000
1046	2	2	0.125000
1047	2	2	0.125000
1048	2	2	0.125000
1049	2	2	0.125000
1050	2	2	0.125000
1051	2	2	0.125000
1052	2	2	0.125000
1053	2	2	0.125000
1054	1	1	0.125000
1055	1	1	0.125000
1056	1	1	0.125000
1057	1	1	0.125000
1058	1	1	0.125000
1059	1	1	0.125000
1060	1	1	0.125000
1061	1	1	0.125000
1062	1	1	0.125000
1063	1	1	0.125000
1064	1	1	0.125000
1065	1	1	0.125000
1066	2	2	0.125000
1067	1	1	0.125000
1068	2	2	0.125000
1069	2	2	0.125000
1070	2	2	0.125000
1071	2	2	0.125000
1072	2	3	0.125000
1073	2	2	0.125000
1074	2	4	0.125000
1075	2	2	0.125000
1076	2	2	0.125000
1077	2	2	0.125000
1078	2	2	0.125000
1079	2	2	0.125000
1080	2	2	0.125000
1081	2	2	0.125000
1082	2	2	0.125000
1083	2	2	0.125000
1084	2	2	0.125000
1085	2	4	0.125000
1086	2	2	0.125000
1087	2	2	0.125000
1088	2	2	0.125000
1089	2	2	0.125000
1090	2	2	0.125000
1091	2	2	0.125000
1092	2	5	0.125000
1093	2	2	0.125000
1094	2	2	0.125000
1095	2	2	0.125000
1096	2	2	0.125000
1097	2	2	0.125000
1098	2	2	0.125000
1099	2	2	0.125000
1100	2	2	0.125000
1101	2	2	0.125000
1102	2	2	0.125000
1103	2	2	0.125000
1104	2	2	0.125000
1105	2	2	0.125000
1106	2	2	0.125000
1107	2	2	0.125000
1108	2	2	0.125000
1109	2	2	0.125000
1110	2	2	0.125000
1111	2	2	0.125000
1112	2	2	0.125000
1113	2	2	0.125000
1114	2	2	0.125000
1115	2	2	0.125000
1116	2	0	0.125000
1117	2	2	0.125000
1118	2	2	0.125000
1119	2	2	0.125000
1120	2	2	0.125000
1121	2	2	0.125000
1122	2	2	0.125000
1123	2	2	0.125000
1124	2	2	0.125000
1125	2	2	0.125000
1126	2	2	0.125000
1127	2	2	0.125000
1128	2	2	0.125000
1129	2	2	0.125000
1130	2	2	0.125000
1131	2	2	0.125000
1132	2	2	0.125000
1133	2	2	0.125000
1134	2	2	0.125000
1135	2	2	0.125000
1136	2	2	0.125000
1137	2	2	0.125000
1138	2	5	0.125000
1139	2	2	0.125000
1140	2	2	0.125000
1141	2	2	0.125000
1142	2	2	0.125000
1143	2	2	0.125000
1144	2	2	0.125000
1145	2	2	0.125000
1146	2	2	0.125000
1147	2	1	0.125000
1148	2	2	0.125000
1149	2	0	0.125000
1150	2	2	0.125000
1151	2	2	0.125000
1152	2	2	0.125000
1153	2	2	0.125000
1154	2	2	0.125000
1155	2	2	0.125000
1156	2	2	0.125000
1157	1	1	0.125000
1158	1	1	0.125000
1159	1	1	0.125000
1160	1	1	0.125000
1161	1	1	0.125000
1162	1	1	0.125000
1163	1	1	0.125000
1164	1	1	0.125000
1165	1	0	0.125000
1166	2	2	0.125000
1167	2	2	0.125000
1168	1	1	0.125000
1169	1	1	0.125000
1170	2	2	0.125000
1171	2	2	0.125000
1172	1	1	0.125000
1173	1	1	0.125000
1174	2	2	0.125000
1175	2	2	0.125000
1176	2	2	0.125000
1177	2	2	0.125000
1178	1	1	0.125000
1179	2	2	0.125000
1180	2	5	0.125000
1181	2	2	0.125000
1182	2	2	0.125000
1183	2	2	0.125000
1184	2	2	0.125000
1185	2	2	0.125000
1186	2	2	0.125000
1187	1	1	0.125000
1188	1	1	0.125000
1189	1	1	0.125000
1190	1	1	0.125000
1191	1	1	0.125000
1192	1	1	0.125000
1193	2	2	0.125000
1194	2	2	0.125000
1195	2	2	0.125000
1196	2	2	0.125000
1197	2	2	0.125000
1198	2	2	0.125000
1199	2	2	0.125000
1200	2	2	0.125000
1201	2	2	0.125000
1202	2	2	0.125000
1203	2	2	0.125000
1204	2	2	0.125000
1205	2	2	0.125000
1206	1	1	0.125000
1207	1	1	0.125000
1208	1	3	0.125000
1209	1	1	0.125000
1210	1	1	0.125000
1211	1	1	0.125000
1212	1	1	0.125000
1213	1	1	0.125000
1214	1	1	0.125000
1215	2	2	0.125000
1216	2	2	0.125000
1217	2	2	0.125000
1218	2	2	0.125000
1219	2	2	0.125000
1220	2	2	0.125000
1221	2	2	0.125000
1222	2	1	0.125000
1223	2	2	0.125000
1224	2	2	0.125000
1225	2	2	0.125000
1226	2	2	0.125000
1227	2	2	0.125000
1228	2	2	0.125000
1229	1	1	0.125000
1230	1	1	0.125000
1231	1	1	0.125000
1232	1	1	0.125000
1233	1	1	0.125000
1234	1	1	0.125000
1235	1	1	0.125000
1236	1	1	0.125000
1237	1	1	0.125000
1238	1	1	0.125000
1239	1	1	0.125000
1240	1	1	0.125000
1241	2	2	0.125000
1242	2	2	0.125000
1243	2	2	0.125000
1244	2	2	0.125000
1245	2	2	0.125000
1246	2	2	0.125000
1247	2	2	0.125000
1248	2	2	0.125000
1249	2	2	0.125000
1250	2	2	0.125000
1251	2	2	0.125000
1252	2	2	0.125000
1253	2	2	0.125000
1254	2	2	0.125000
1255	2	2	0.125000
1256	2	2	0.125000
1257	2	2	0.125000
1258	2	2	0.125000
1259	2	2	0.125000
1260	1	1	0.125000
1261	1	1	0.125000
1262	1	1	0.125000
1263	1	1	0.125000
1264	1	1	0.125000
1265	1	1	0.125000
1266	1	1	0.125000
1267	1	2	0.125000
1268	1	1	0.125000
1269	1	1	0.125000
1270	1	1	0.125000
1271	1	1	0.125000
1272	1	1	0.125000
1273	1	1	0.125000
1274	2	2	0.125000
1275	2	2	0.125000
1276	2	2	0.125000
1277	2	2	0.125000
1278	2	2	0.125000
1279	2	2	0.125000
1280	2	2	0.125000
1281	2	2	0.125000
1282	2	5	0.125000
1283	2	2	0.125000
1284	2	2	0.125000
1285	2	2	0.125000
1286	2	2	0.125000
1287	2	2	0.125000
1288	2	2	0.125000
1289	1	3	0.125000
1290	1	1	0.125000
1291	1	1	0.125000
1292	1	1	0.125000
1293	1	1	0.125000
1294	1	1	0.125000
1295	1	1	0.125000
1296	1	0	0.125000
1297	1	1	0.125000
1298	1	1	0.125000
1299	1	1	0.125000
1300	1	1	0.125000
1301	1	1	0.125000
1302	1	1	0.125000
1303	2	2	0.125000
1304	2	2	0.125000
1305	2	2	0.125000
1306	2	2	0.125000
1307	2	2	0.125000
1308	2	3	0.125000
1309	2	2	0.125000
1310	2	2	0.125000
1311	2	2	0.125000
1312	2	2	0.125000
1313	2	2	0.125000
1314	2	2	0.125000
1315	2	2	0.125000
1316	2	2	0.125000
1317	1	1	0.125000
1318	1	1	0.125000
1319	1	1	0.125000
1320	1	1	0.125000
1321	1	1	0.125000
1322	1	1	0.125000
1323	1	1	0.125000
1324	1	1	0.125000
1325	1	1	0.125000
1326	1	1	0.125000
1327	1	1	0.125000
1328	2	2	0.125000
1329	2	2	0.125000
1330	2	2	0.125000
1331	2	2	0.125000
1332	2	2	0.125000
1333	2	2	0.125000
1334	2	2	0.125000
1335	2	2	0.125000
1336	2	2	0.125000
1337	2	2	0.125000
1338	2	2	0.125000
1339	1	1	0.125000
1340	1	1	0.125000
1341	1	1	0.125000
1342	1	1	0.125000
1343	1	1	0.125000
1344	1	1	0.125000
1345	1	1	0.125000
1346	1	1	0.125000
1347	1	1	0.125000
1348	1	1	0.125000
1349	1	1	0.125000
1350	1	1	0.125000
1351	1	1	0.125000
1352	1	1	0.125000
1353	1	1	0.125000
1354	2	2	0.125000
1355	2	2	0.125000
1356	2	2	0.125000
1357	2	2	0.125000
1358	2	2	0.125000
1359	2	2	0.125000
1360	2	2	0.125000
1361	2	2	0.125000
1362	2	2	0.125000
1363	2	2	0.125000
1364	2	2	0.125000
1365	2	2	0.125000
1366	2	2	0.125000
1367	1	1	0.125000
1368	1	1	0.125000
1369	1	0	0.125000
1370	1	1	0.125000
1371	1	1	0.125000
1372	1	1	0.125000
1373	1	1	0.125000
1374	1	1	0.125000
1375	1	1	0.125000
1376	1	1	0.125000
1377	1	1	0.125000
1378	1	1	0.125000
1379	1	2	0.125000
1380	2	2	0.125000
1381	2	2	0.125000
1382	2	2	0.125000
1383	2	2	0.125000
1384	2	2	0.125000
1385	2	2	0.125000
1386	2	2	0.125000
1387	2	4	0.125000
1388	2	1	0.125000
1389	2	2	0.125000
1390	2	2	0.125000
1391	2	2	0.125000
1392	2	2	0.125000
1393	2	2	0.125000
1394	2	2	0.125000
1395	1	1	0.125000
1396	1	1	0.125000
1397	1	1	0.125000
1398	1	1	0.125000
1399	1	1	0.125000
1400	1	1	0.125000
1401	1	1	0.125000
1402	1	3	0.125000
1403	1	1	0.125000
1404	1	1	0.125000
1405	1	3	0.125000
1406	1	1	0.125000
1407	1	1	0.125000
1408	2	2	0.125000
1409	2	2	0.125000
1410	2	2	0.125000
1411	2	2	0.125000
1412	2	4	0.125000
1413	2	2	0.125000
1414	2	2	0.125000
1415	2	2	0.125000
1416	2	2	0.125000
1417	2	2	0.125000
1418	2	2	0.125000
1419	2	2	0.125000
1420	2	2	0.125000
1421	2	2	0.125000
1422	2	2	0.125000
1423	2	2	0.125000
1424	2	2	0.125000
1425	2	2	0.125000
1426	2	2	0.125000
1427	1	1	0.125000
1428	1	1	0.125000
1429	1	1	0.125000
1430	1	1	0.125000
1431	1	1	0.125000
1432	1	1	0.125000
1433	1	1	0.125000
1434	1	1	0.125000
1435	1	1	0.125000
1436	1	1	0.125000
1437	1	1	0.125000
1438	1	1	0.125000
1439	1	1	0.125000
1440	1	1	0.125000
1441	1	2	0.125000
1442	2	2	0.125000
1443	1	1	0.125000
1444	1	1	0.125000
1445	2	2	0.125000
1446	2	2	0.125000
1447	2	2	0.125000
1448	2	2	0.125000
1449	2	2	0.125000
1450	2	2	0.125000
1451	2	2	0.125000
1452	2	2	0.125000
1453	2	2	0.125000
1454	2	2	0.125000
1455	1	0	0.125000
1456	1	1	0.125000
1457	1	1	0.125000
1458	2	2	0.125000
1459	2	2	0.125000
1460	2	2	0.125000
1461	2	2	0.125000
1462	2	2	0.125000
1463	2	0	0.125000
1464	2	2	0.125000
1465	2	2	0.125000
1466	2	2	0.125000
1467	2	2	0.125000
1468	2	2	0.125000
1469	1	1	0.125000
1470	1	1	0.125000
1471	1	1	0.125000
1472	1	1	0.125000
1473	1	1	0.125000
1474	1	1	0.125000
1475	1	1	0.125000
1476	1	1	0.125000
1477	1	1	0.125000
1478	1	1	0.125000
1479	1	1	0.125000
1480	1	1	0.125000
1481	1	1	0.125000
1482	1	3	0.125000
1483	1	1	0.125000
1484	1	1	0.125000
1485	1	2	0.125000
1486	1	1	0.125000
1487	1	1	0.125000
1488	1	1	0.125000
1489	1	1	0.125000
1490	1	1	0.125000
1491	1	1	0.125000
1492	1	1	0.125000
1493	2	2	0.125000
1494	2	2	0.125000
1495	2	2	0.125000
1496	2	2	0.125000
1497	2	2	0.125000
1498	2	2	0.125000
1499	2	2	1.000000
1500	3	0	1.000000
1501	3	0	1.000000
1502	3	0	1.000000
1503	3	0	1.000000
1504	3	0	1.000000
1505	3	0	1.000000
1506	3	0	1.000000
1507	3	0	1.000000
1508	3	0	1.000000
1509	3	0	1.000000
1510	3	0	1.000000
1511	3	0	1.000000
1512	3	0	1.000000
1513	3	2	1.000000
1514	3	0	1.000000
1515	3	0	1.000000
1516	3	0	1.000000
1517	3	0	1.000000
1518	3	0	1.000000
1519	3	0	1.000000
1520	3	0	1.000000
1521	3	0	1.000000
1522	3	0	1.000000
1523	3	0	1.000000
1524	3	0	1.000000
1525	3	0	1.000000
1526	3	0	1.000000
1527	3	0	1.000000
1528	3	0	1.000000
1529	3	0	1.000000
1530	3	0	1.000000
1531	3	0	1.000000
1532	3	0	1.000000
1533	3	0	1.000000
1534	3	1	1.000000
1535	3	0	1.000000
1536	3	0	1.000000
1537	3	0	1.000000
1538	3	0	1.000000
1539	3	0	1.000000
1540	3	0	1.000000
1541	3	0	1.000000
1542	3	0	1.000000
1543	3	2	1.000000
1544	3	0	1.000000
1545	3	0	1.000000
1546	3	0	1.000000
1547	3	0	1.000000
1548	3	0	1.000000
1549	3	0	1.000000
1550	4	0	1.000000
1551	3	2	1.000000
1552	3	0	1.000000
1553	4	0	1.000000
1554	3	0	1.000000
1555	4	0	1.000000
1556	3	0	1.000000
1557	4	0	1.000000
1558	4	0	1.000000
1559	4	0	1.000000
1560	4	0	1.000000
1561	4	0	1.000000
1562	4	0	1.000000
1563	4	0	1.000000
1564	4	0	1.000000
1565	4	0	1.000000
1566	4	0	1.000000
1567	4	0	1.000000
1568	4	0	1.000000
1569	3	0	1.000000
1570	4	0	1.000000
1571	4	0	1.000000
1572	4	0	1.000000
1573	4	0	1.000000
1574	4	0	1.000000
1575	4	0	1.000000
1576	4	0	1.000000
1577	4	0	1.000000
1578	4	0	1.000000
1579	4	0	1.000000
1580	4	0	1.000000
1581	4	0	1.000000
1582	4	0	1.000000
1583	4	0	1.000000
1584	4	0	1.000000
1585	4	0	1.000000
1586	4	0	1.000000
1587	4	0	1.000000
1588	4	0	1.000000
1589	4	0	1.000000
1590	4	0	1.000000
1591	4	0	1.000000
1592	4	0	1.000000
1593	4	0	1.000000
1594	4	0	1.000000
1595	4	0	1.000000
1596	4	0	1.000000
1597	4	0	1.000000
1598	4	0	1.000000
1599	4	0	1.000000
1600	4	0	1.000000
1601	4	0	1.000000
1602	4	1	1.000000
1603	4	0	1.000000
1604	4	0	1.000000
1605	4	0	1.000000
1606	4	0	1.000000
1607	4	0	1.000000
1608	4	0	1.000000
1609	4	0	1.000000
1610	4	0	1.000000
1611	4	3	1.000000
1612	4	0	1.000000
1613	4	0	1.000000
1614	4	0	1.000000
1615	3	0	1.000000
1616	3	0	1.000000
1617	3	1	1.000000
1618	3	0	1.000000
1619	3	0	1.000000
1620	3	0	1.000000
1621	3	0	1.000000
1622	3	0	1.000000
1623	3	0	1.000000
1624	3	0	1.000000
1625	3	0	1.000000
1626	3	0	1.000000
1627	3	0	1.000000
1628	3	0	1.000000
1629	3	0	1.000000
1630	3	0	1.000000
1631	3	0	1.000000
1632	3	0	1.000000
1633	3	0	1.000000
1634	3	0	1.000000
1635	3	0	1.000000
1636	3	0	1.000000
1637	3	0	1.000000
1638	3	3	1.000000
1639	3	0	1.000000
1640	3	0	1.000000
1641	3	0	1.000000
1642	3	0	1.000000
1643	3	3	1.000000
1644	3	0	1.000000
1645	3	0	0.125000
1646	2	2	0.125000
1647	2	2	0.125000
1648	2	2	0.125000
1649	2	2	0.125000
1650	2	0	0.125000
1651	2	2	0.125000
1652	2	4	0.125000
1653	2	4	0.125000
1654	2	2	0.125000
1655	2	2	0.125000
1656	2	2	0.125000
1657	2	2	0.125000
1658	2	2	0.125000
1659	2	2	0.125000
1660	2	2	0.125000
1661	2	2	0.125000
1662	1	1	0.125000
1663	1	1	0.125000
1664	1	1	0.125000
1665	1	1	0.125000
1666	1	1	0.125000
1667	1	1	0.125000
1668	1	1	0.125000
1669	1	1	0.125000
1670	1	1	0.125000
1671	1	1	0.125000
1672	1	1	0.125000
1673	1	1	0.125000
1674	1	1	0.125000
1675	1	0	0.125000
1676	1	1	0.125000
1677	1	1	0.125000
1678	1	1	0.125000
1679	1	1	0.125000
1680	1	1	0.125000
1681	1	2	0.125000
1682	1	1	0.125000
1683	1	1	0.125000
1684	2	2	0.125000
1685	2	2	0.125000
1686	2	2	0.125000
1687	2	2	0.125000
1688	2	2	0.125000
1689	2	2	0.125000
1690	2	5	0.125000
1691	2	2	0.125000
1692	2	3	0.125000
1693	2	4	0.125000
1694	2	2	0.125000
1695	2	2	0.125000
1696	2	2	0.125000
1697	1	1	0.125000
1698	1	1	0.125000
1699	1	1	0.125000
1700	1	1	0.125000
1701	1	1	0.125000
1702	1	1	0.125000
1703	1	1	0.125000
1704	1	1	0.125000
1705	1	1	0.125000
1706	1	1	0.125000
1707	1	3	0.125000
1708	2	2	0.125000
1709	2	2	0.125000
1710	2	2	0.125000
1711	2	2	0.125000
1712	2	2	0.125000
1713	2	4	0.125000
1714	2	2	0.125000
1715	2	5	0.125000
1716	2	5	0.125000
1717	2	2	0.125000
1718	2	2	0.125000
1719	2	2	0.125000
1720	2	2	0.125000
1721	2	2	1.000000
1722	3	0	1.000000
1723	3	0	1.000000
1724	3	0	1.000000
1725	3	0	1.000000
1726	3	0	1.000000
1727	3	0	1.000000
1728	3	0	1.000000
1729	3	0	1.000000
1730	3	3	1.000000
1731	3	0	1.000000
1732	3	0	1.000000
1733	3	0	1.000000
1734	3	1	1.000000
1735	3	0	1.000000
1736	3	0	1.000000
1737	3	3	1.000000
1738	3	0	1.000000
1739	3	0	1.000000
1740	3	3	1.000000
1741	3	0	1.000000
1742	3	0	1.000000
1743	3	0	1.000000
1744	3	0	1.000000
1745	3	0	1.000000
1746	3	0	1.000000
1747	3	0	1.000000
1748	3	0	1.000000
1749	3	0	1.000000
1750	3	0	1.000000
1751	3	0	1.000000
1752	4	0	1.000000
1753	4	0	1.000000
1754	4	0	1.000000
1755	4	0	1.000000
1756	4	0	1.000000
1757	4	0	1.000000
1758	4	0	1.000000
1759	4	0	1.000000
1760	4	0	1.000000
1761	4	0	1.000000
1762	4	0	1.000000
1763	4	0	1.000000
1764	4	0	1.000000
1765	4	0	1.000000
1766	4	0	1.000000
1767	4	0	1.000000
1768	4	0	1.000000
1769	4	3	1.000000
1770	4	0	1.000000
1771	4	0	1.000000
1772	4	0	1.000000
1773	4	0	1.000000
1774	4	1	1.000000
1775	4	0	1.000000
1776	4	0	1.000000
1777	4	1	1.000000
1778	4	0	1.000000
1779	4	0	1.000000
1780	3	0	1.000000
1781	3	0	1.000000
1782	3	0	1.000000
1783	4	0	1.000000
1784	3	0	1.000000
1785	3	0	1.000000
1786	3	0	1.000000
1787	3	0	1.000000
1788	3	0	1.000000
1789	3	0	1.000000
1790	3	0	1.000000
1791	3	1	1.000000
1792	3	0	1.000000
1793	3	1	1.000000
1794	3	0	1.000000
1795	3	0	1.000000
1796	3	0	1.000000
1797	3	0	1.000000
1798	3	0	1.000000
1799	3	0	1.000000
1800	3	0	1.000000
1801	3	0	1.000000
1802	3	0	1.000000
1803	3	0	1.000000
1804	3	0	1.000000
1805	3	0	1.000000
1806	3	0	1.000000
1807	3	0	1.000000
1808	3	0	1.000000
1809	3	0	1.000000
1810	3	0	1.000000
1811	3	0	1.000000
1812	3	0	1.000000
1813	3	0	1.000000
1814	3	1	1.000000
1815	3	0	1.000000
1816	3	0	1.000000
1817	3	0	1.000000
1818	3	0	1.000000
1819	3	0	1.000000
1820	3	0	1.000000
1821	3	0	1.000000
1822	3	0	1.000000
1823	3	0	1.000000
1824	3	0	1.000000
1825	3	0	1.000000
1826	3	0	1.000000
1827	3	0	1.000000
1828	3	0	1.000000
1829	3	0	1.000000
1830	3	0	1.000000
1831	3	0	1.000000
1832	3	0	1.000000
1833	3	0	1.000000
1834	3	0	1.000000
1835	3	0	1.000000
1836	3	0	1.000000
1837	3	0	1.000000
1838	3	0	1.000000
1839	3	0	1.000000
1840	3	0	1.000000
1841	3	0	1.000000
1842	3	0	1.000000
1843	3	0	1.000000
1844	3	0	1.000000
1845	3	0	1.000000
1846	3	0	1.000000
1847	3	0	1.000000
1848	3	0	1.000000
1849	3	0	1.000000
1850	3	0	1.000000
1851	3	0	1.000000
1852	3	0	1.000000
1853	3	0	1.000000
1854	3	0	1.000000
1855	3	0	1.000000
1856	3	0	1.000000
1857	3	0	1.000000
1858	3	0	1.000000
1859	3	0	1.000000
1860	3	0	1.000000
1861	3	0	1.000000
1862	3	0	1.000000
1863	3	0	1.000000
1864	3	0	1.000000
1865	3	0	1.000000
1866	3	0	1.000000
1867	3	0	1.000000
1868	3	0	1.000000
1869	3	0	1.000000
1870	3	0	1.000000
1871	3	0	0.125000
1872	2	2	1.000000
1873	3	0	0.125000
1874	2	2	1.000000
1875	3	0	1.000000
1876	3	0	0.125000
1877	2	2	0.125000
1878	2	4	0.125000
1879	2	2	0.125000
1880	2	2	0.125000
1881	2	2	0.125000
1882	2	2	0.125000
1883	2	2	0.125000
1884	2	2	0.125000
1885	2	2	0.125000
1886	2	2	0.125000
1887	2	2	0.125000
1888	2	2	0.125000
1889	2	2	0.125000
1890	2	2	0.125000
1891	2	2	0.125000
1892	2	2	0.125000
1893	2	2	0.125000
1894	2	3	0.125000
1895	1	1	0.125000
1896	1	1	0.125000
1897	1	1	0.125000
1898	1	1	0.125000
1899	1	1	0.125000
1900	1	1	0.125000
1901	1	1	0.125000
1902	1	1	0.125000
1903	1	0	0.125000
1904	1	1	0.125000
1905	1	3	0.125000
1906	1	1	0.125000
1907	1	0	0.125000
1908	1	1	0.125000
1909	1	1	0.125000
1910	1	1	0.125000
1911	1	1	0.125000
1912	1	1	0.125000
1913	2	2	0.125000
1914	2	2	0.125000
1915	2	2	0.125000
1916	2	2	0.125000
1917	2	2	0.125000
1918	2	2	0.125000
1919	2	3	0.125000
1920	2	2	0.125000
1921	2	2	0.125000
1922	2	2	0.125000
1923	2	2	0.125000
1924	2	2	0.125000
1925	2	2	0.125000
1926	2	2	0.125000
1927	2	2	0.125000
1928	2	2	0.125000
1929	2	4	0.125000
1930	2	2	0.125000
1931	2	4	0.125000
1932	2	2	0.125000
1933	2	2	0.125000
1934	2	2	0.125000
1935	2	2	0.125000
1936	2	2	0.125000
1937	2	3	1.000000
1938	3	3	1.000000
1939	3	0	1.000000
1940	3	0	1.000000
1941	3	0	1.000000
1942	3	0	1.000000
1943	3	2	1.000000
1944	3	0	1.000000
1945	3	0	1.000000
1946	3	0	1.000000
1947	3	0	1.000000
1948	3	0	1.000000
1949	3	0	1.000000
1950	3	0	1.000000
1951	3	0	1.000000
1952	3	0	1.000000
1953	3	0	1.000000
1954	3	0	1.000000
1955	3	0	1.000000
1956	3	0	1.000000
1957	3	0	1.000000
1958	3	0	1.000000
1959	3	0	1.000000
1960	3	0	1.000000
1961	3	0	1.000000
1962	3	3	1.000000
1963	3	0	1.000000
1964	3	2	1.000000
1965	3	0	1.000000
1966	3	0	1.000000
1967	3	0	1.000000
1968	3	0	1.000000
1969	3	0	1.000000
1970	3	0	1.000000
1971	3	2	1.000000
1972	3	0	1.000000
1973	4	0	1.000000
1974	4	0	1.000000
1975	4	0	1.000000
1976	4	0	1.000000
1977	4	0	1.000000
1978	4	0	1.000000
1979	4	0	1.000000
1980	4	0	1.000000
1981	4	0	1.000000
1982	4	0	1.000000
1983	4	0	1.000000
1984	4	0	1.000000
1985	4	0	1.000000
1986	4	0	1.000000
1987	4	0	1.000000
1988	4	0	1.000000
1989	4	0	1.000000
1990	4	0	1.000000
1991	4	0	1.000000
1992	4	0	1.000000
1993	4	0	1.000000
1994	4	0	1.000000
1995	4	0	1.000000
1996	4	0	1.000000
1997	4	0	1.000000
1998	4	0	1.000000
1999	4	0	1.000000
2000	4	0	1.000000
2001	4	0	1.000000
2002	4	0	1.000000
2003	4	0	1.000000
2004	4	0	1.000000
2005	4	0	1.000000
2006	4	1	1.000000
2007	4	1	1.000000
2008	4	1	1.000000
2009	4	0	1.000000
2010	4	0	1.000000
2011	4	0	1.000000
2012	4	0	1.000000
2013	4	0	1.000000
2014	4	0	1.000000
2015	4	0	1.000000
2016	4	0	1.000000
2017	4	0	1.000000
2018	4	0	1.000000
2019	4	0	1.000000
2020	4	0	1.000000
2021	4	0	1.000000
2022	4	0	1.000000
2023	4	0	1.000000
2024	4	0	1.000000
2025	4	0	1.000000
2026	4	0	1.000000
2027	4	0	1.000000
2028	4	0	1.000000
2029	4	0	1.000000
2030	4	0	1.000000
2031	4	0	1.000000
2032	4	0	1.000000
2033	4	0	1.000000
2034	4	0	1.000000
2035	4	0	1.000000
2036	4	0	1.000000
2037	4	0	1.000000
2038	4	0	1.000000
2039	4	3	1.000000
2040	4	0	1.000000
2041	4	0	1.000000
2042	4	0	1.000000
2043	4	3	1.000000
2044	4	0	1.000000
2045	4	0	1.000000
2046	4	0	1.000000
2047	4	0	1.000000
2048	4	0	1.000000
2049	4	0	1.000000
2050	4	0	1.000000
2051	3	0	1.000000
2052	4	0	1.000000
2053	4	0	1.000000
2054	4	0	1.000000
2055	4	0	1.000000
2056	4	0	1.000000
2057	4	0	1.000000
2058	4	0	1.000000
2059	4	0	1.000000
2060	4	0	1.000000
2061	4	0	1.000000
2062	4	0	1.000000
2063	4	0	1.000000
2064	4	2	1.000000
2065	4	0	1.000000
2066	4	0	1.000000
2067	3	0	1.000000
2068	3	0	1.000000
2069	3	0	1.000000
2070	3	0	1.000000
2071	3	0	1.000000
2072	3	0	1.000000
2073	3	0	1.000000
2074	3	0	1.000000
2075	3	0	1.000000
2076	3	0	1.000000
2077	3	0	1.000000
2078	3	0	1.000000
2079	3	0	1.000000
2080	3	0	1.000000
2081	3	3	1.000000
2082	3	0	1.000000
2083	3	0	1.000000
2084	3	3	1.000000
2085	3	0	1.000000
2086	3	0	1.000000
2087	3	0	1.000000
2088	3	2	1.000000
2089	3	0	1.000000
2090	3	0	1.000000
2091	3	3	1.000000
2092	3	0	1.000000
2093	3	0	1.000000
2094	3	0	1.000000
2095	3	0	1.000000
2096	3	3	1.000000
2097	3	0	1.000000
2098	3	0	1.000000
2099	3	0	1.000000
2100	3	0	1.000000
2101	3	0	1.000000
2102	3	1	1.000000
2103	3	0	1.000000
2104	3	0	1.000000
2105	3	0	1.000000
2106	3	0	1.000000
2107	3	0	1.000000
2108	3	0	1.000000
2109	3	0	0.125000
2110	2	2	1.000000
2111	3	1	0.125000
2112	2	2	0.125000
2113	2	2	0.125000
2114	2	2	0.125000
2115	2	2	0.125000
2116	2	2	0.125000
2117	2	2	0.125000
2118	2	2	0.125000
2119	1	1	0.125000
2120	1	1	0.125000
2121	1	1	0.125000
2122	1	1	0.125000
2123	1	1	0.125000
2124	1	1	0.125000
2125	1	1	0.125000
2126	1	1	0.125000
2127	1	1	0.125000
2128	1	1	0.125000
2129	1	1	0.125000
2130	1	1	0.125000
2131	1	1	0.125000
2132	1	1	0.125000
2133	1	1	0.125000
2134	1	1	0.125000
2135	1	1	0.125000
2136	1	1	0.125000
2137	1	1	0.125000
2138	1	1	0.125000
2139	1	1	0.125000
2140	1	1	0.125000
2141	1	1	0.125000
2142	1	1	0.125000
2143	1	1	0.125000
2144	1	1	0.125000
2145	1	1	0.125000
2146	1	1	0.125000
2147	1	1	0.125000
2148	1	1	0.125000
2149	1	1	0.125000
2150	1	1	0.125000
2151	1	1	0.125000
2152	1	1	0.125000
2153	1	1	0.125000
2154	1	1	0.125000
2155	1	1	0.125000
2156	1	1	0.125000
2157	1	1	0.125000
2158	1	1	0.125000
2159	1	0	0.125000
2160	1	1	0.125000
2161	1	1	0.125000
2162	1	1	0.125000
2163	1	1	0.125000
2164	1	1	0.125000
2165	1	1	0.125000
2166	1	1	0.125000
2167	1	1	0.125000
2168	1	1	0.125000
2169	1	1	0.125000
2170	1	1	0.125000
2171	1	1	0.125000
2172	1	1	0.125000
2173	1	1	0.125000
2174	1	1	0.125000
2175	1	1	0.125000
2176	1	1	0.125000
2177	1	1	0.125000
2178	1	1	0.125000
2179	1	1	0.125000
2180	1	1	0.125000
2181	1	1	0.125000
2182	1	1	0.125000
2183	1	1	0.125000
2184	1	1	0.125000
2185	1	1	0.125000
2186	1	1	0.125000
2187	1	1	0.125000
2188	1	1	0.125000
2189	1	1	0.125000
2190	1	1	0.125000
2191	1	1	0.125000
2192	1	1	0.125000
2193	1	1	0.125000
2194	1	1	0.125000
2195	1	1	0.125000
2196	1	1	0.125000
2197	1	1	0.125000
2198	1	1	0.125000
2199	1	1	0.125000
2200	1	1	0.125000
2201	1	1	0.125000
2202	1	1	0.125000
2203	1	1	0.125000
2204	1	3	0.125000
2205	1	1	0.125000
2206	1	1	0.125000
2207	1	1	0.125000
2208	1	1	0.125000
2209	1	1	0.125000
2210	1	1	0.125000
2211	1	1	0.125000
2212	1	1	0.125000
2213	1	1	0.125000
2214	1	1	0.125000
2215	1	1	0.125000
2216	1	1	0.125000
2217	1	1	0.125000
2218	1	1	0.125000
2219	1	1	0.125000
2220	1	1	0.125000
2221	1	1	0.125000
2222	1	1	0.125000
2223	1	1	0.125000
2224	1	1	0.125000
2225	1	1	0.125000
2226	1	1	0.125000
2227	1	1	0.125000
2228	1	1	0.125000
2229	1	1	0.125000
2230	1	1	0.125000
2231	1	1	0.125000
2232	1	1	0.125000
2233	1	1	0.125000
2234	1	1	0.125000
2235	1	1	0.125000
2236	1	0	0.125000
2237	1	1	0.125000
2238	1	1	0.125000
2239	1	1	0.125000
2240	1	1	0.125000
2241	1	1	0.125000
2242	1	1	0.125000
2243	1	1	0.125000
2244	1	1	0.125000
2245	1	1	0.125000
2246	1	1	0.125000
2247	1	2	0.125000
2248	1	1	0.125000
2249	1	1	0.125000
2250	1	1	0.125000
2251	1	1	0.125000
2252	1	1	0.125000
2253	1	1	0.125000
2254	1	1	0.125000
2255	1	1	0.125000
2256	1	1	0.125000
2257	1	1	0.125000
2258	1	1	0.125000
2259	1	1	0.125000
2260	1	1	0.125000
2261	1	1	0.125000
2262	1	1	0.125000
2263	1	1	0.125000
2264	1	1	0.125000
2265	1	1	0.125000
2266	1	1	0.125000
2267	1	1	0.125000
2268	1	1	0.125000
2269	1	1	0.125000
2270	1	1	0.125000
2271	1	1	0.125000
2272	1	1	0.125000
2273	1	1	0.125000
2274	1	1	0.125000
2275	1	1	0.125000
2276	1	1	0.125000
2277	1	1	0.125000
2278	1	3	0.125000
2279	1	1	0.125000
2280	1	1	0.125000
2281	1	1	0.125000
2282	1	2	0.125000
2283	1	1	0.125000
2284	1	1	0.125000
2285	1	1	0.125000
2286	1	3	0.125000
2287	1	1	0.125000
2288	1	1	0.125000
2289	1	1	0.125000
2290	1	1	0.125000
2291	1	1	0.125000
2292	1	1	0.125000
2293	1	1	0.125000
2294	1	1	0.125000
2295	1	1	0.125000
2296	1	1	0.125000
2297	1	1	0.125000
2298	1	1	0.125000
2299	1	1	0.125000
2300	1	1	0.125000
2301	1	2	0.125000
2302	1	1	0.125000
2303	1	1	0.125000
2304	1	1	0.125000
2305	1	1	0.125000
2306	1	1	0.125000
2307	1	1	0.125000
2308	1	1	0.125000
2309	1	1	0.125000
2310	1	1	0.125000
2311	1	1	0.125000
2312	1	1	0.125000
2313	1	1	0.125000
2314	1	1	0.125000
2315	1	1	0.125000
2316	1	1	0.125000
2317	1	1	0.125000
2318	1	3	0.125000
2319	1	1	0.125000
2320	1	1	0.125000
2321	1	1	0.125000
2322	1	1	0.125000
2323	1	1	0.125000
2324	1	2	0.125000
2325	1	1	0.125000
2326	1	1	0.125000
2327	1	1	0.125000
2328	1	1	0.125000
2329	1	1	0.125000
2330	1	1	0.125000
2331	1	1	0.125000
2332	1	1	0.125000
2333	1	1	0.125000
2334	1	1	0.125000
2335	1	1	0.125000
2336	1	1	0.125000
2337	1	1	0.125000
2338	1	1	0.125000
2339	1	1	0.125000
2340	1	1	0.125000
2341	1	1	0.125000
2342	1	1	0.125000
2343	1	1	0.125000
2344	1	1	0.125000
2345	1	1	0.125000
2346	1	1	0.125000
2347	1	1	0.125000
2348	1	1	0.125000
2349	1	1	0.125000
2350	1	1	0.125000
2351	1	1	0.125000
2352	1	3	0.125000
2353	1	1	0.125000
2354	1	1	0.125000
2355	1	1	0.125000
2356	1	1	0.125000
2357	1	1	0.125000
2358	1	1	0.125000
2359	1	1	0.125000
2360	1	1	0.125000
2361	1	1	0.125000
2362	1	1	0.125000
2363	1	1	0.125000
2364	1	1	0.125000
2365	1	1	0.125000
2366	1	1	0.125000
2367	1	1	0.125000
2368	1	1	0.125000
2369	1	1	0.125000
2370	1	1	0.125000
2371	1	1	0.125000
2372	1	1	0.125000
2373	1	1	0.125000
2374	1	1	0.125000
2375	1	1	0.125000
2376	1	3	0.125000
2377	1	1	0.125000
2378	1	1	0.125000
2379	1	1	0.125000
2380	1	1	0.125000
2381	1	0	0.125000
2382	1	1	0.125000
2383	1	1	0.125000
2384	1	1	0.125000
2385	1	1	0.125000
2386	1	1	0.125000
2387	1	1	0.125000
2388	1	1	0.125000
2389	1	1	0.125000
2390	1	1	0.125000
2391	1	1	0.125000
2392	1	1	0.125000
2393	1	2	0.125000
2394	1	1	0.125000
2395	1	1	0.125000
2396	1	1	0.125000
2397	1	1	0.125000
2398	1	1	0.125000
2399	1	1	0.125000
2400	1	1	0.125000
2401	1	1	0.125000
2402	1	1	0.125000
2403	1	1	0.125000
2404	1	1	0.125000
2405	1	1	0.125000
2406	1	1	0.125000
2407	1	1	0.125000
2408	1	1	0.125000
2409	1	1	0.125000
2410	1	1	0.125000
2411	1	1	0.125000
2412	1	1	0.125000
2413	1	0	0.125000
2414	1	1	0.125000
2415	1	1	0.125000
2416	1	3	0.125000
2417	1	1	0.125000
2418	1	1	0.125000
2419	1	1	0.125000
2420	1	1	0.125000
2421	1	1	0.125000
2422	1	1	0.125000
2423	1	1	0.125000
2424	1	1	0.125000
2425	1	1	0.125000
2426	1	1	0.125000
2427	1	1	0.125000
2428	1	1	0.125000
2429	1	1	0.125000
2430	1	1	0.125000
2431	1	3	0.125000
2432	1	1	0.125000
2433	1	3	0.125000
2434	1	1	0.125000
2435	1	1	0.125000
2436	1	1	0.125000
2437	1	1	0.125000
2438	1	1	0.125000
2439	1	1	0.125000
2440	1	1	0.125000
2441	1	1	0.125000
2442	1	1	0.125000
2443	1	0	0.125000
2444	1	1	0.125000
2445	1	1	0.125000
2446	1	1	0.125000
2447	1	1	0.125000
2448	1	2	0.125000
2449	1	1	0.125000
2450	1	1	0.125000
2451	1	1	0.125000
2452	1	1	0.125000
2453	1	1	0.125000
2454	1	1	0.125000
2455	1	1	0.125000
2456	1	1	0.125000
2457	1	1	0.125000
2458	1	1	0.125000
2459	1	1	0.125000
2460	1	1	0.125000
2461	1	1	0.125000
2462	1	1	0.125000
2463	1	1	0.125000
2464	1	1	0.125000
2465	1	1	0.125000
2466	1	1	0.125000
2467	1	1	0.125000
2468	1	1	0.125000
2469	1	3	0.125000
2470	1	1	0.125000
2471	1	1	0.125000
2472	1	1	0.125000
2473	1	1	0.125000
2474	1	1	0.125000
2475	1	1	0.125000
2476	1	1	0.125000
2477	1	1	0.125000
2478	1	1	0.125000
2479	1	1	0.125000
2480	1	1	0.125000
2481	1	1	0.125000
2482	1	1	0.125000
2483	1	1	0.125000
2484	1	1	0.125000
2485	1	1	0.125000
2486	1	1	0.125000
2487	1	1	0.125000
2488	1	1	0.125000
2489	1	1	0.125000
2490	1	1	0.125000
2491	1	1	0.125000
2492	1	1	0.125000
2493	1	1	0.125000
2494	1	1	0.125000
2495	1	1	0.125000
2496	1	1	0.125000
2497	1	1	0.125000
2498	1	1	0.125000
2499	1	1	0.125000
2500	1	1	0.125000
2501	1	1	0.125000
2502	1	1	0.125000
2503	1	1	0.125000
2504	1	1	0.125000
2505	1	1	0.125000
2506	1	1	0.125000
2507	1	2	0.125000
2508	1	1	0.125000
2509	1	1	0.125000
2510	1	1	0.125000
2511	1	1	0.125000
2512	1	1	0.125000
2513	1	1	0.125000
2514	1	1	0.125000
2515	1	1	0.125000
2516	1	1	0.125000
2517	1	2	0.125000
2518	1	1	0.125000
2519	1	1	0.125000
2520	1	1	0.125000
2521	1	1	0.125000
2522	1	1	0.125000
2523	1	1	0.125000
2524	1	1	0.125000
2525	1	1	0.125000
2526	1	1	0.125000
2527	1	3	0.125000
2528	1	1	0.125000
2529	1	1	0.125000
2530	1	1	0.125000
2531	1	1	0.125000
2532	1	1	0.125000
2533	1	1	0.125000
2534	1	1	0.125000
2535	1	1	0.125000
2536	1	1	0.125000
2537	1	1	0.125000
2538	1	1	0.125000
2539	1	1	0.125000
2540	1	1	0.125000
2541	1	1	0.125000
2542	1	1	0.125000
2543	1	1	0.125000
2544	1	1	0.125000
2545	1	1	0.125000
2546	2	1	0.125000
2547	2	2	0.125000
2548	2	2	0.125000
2549	2	2	0.125000
2550	2	2	0.125000
2551	2	2	0.125000
2552	2	2	0.125000
2553	2	2	0.125000
2554	2	2	0.125000
2555	2	2	0.125000
2556	2	2	0.125000
2557	2	2	0.125000
2558	2	0	0.125000
2559	2	2	0.125000
2560	2	2	0.125000
2561	2	2	0.125000
2562	2	2	0.125000
2563	2	2	0.125000
2564	2	2	0.125000
2565	2	2	0.125000
2566	2	2	0.125000
2567	2	2	0.125000
2568	2	2	0.125000
2569	2	2	0.125000
2570	2	2	0.125000
2571	2	2	0.125000
2572	2	2	0.125000
2573	2	2	0.125000
2574	2	2	0.125000
2575	2	2	0.125000
2576	2	2	0.125000
2577	2	2	0.125000
2578	2	2	0.125000
2579	2	2	0.125000
2580	2	2	0.125000
2581	2	2	0.125000
2582	2	2	0.125000
2583	2	2	0.125000
2584	2	2	0.125000
2585	2	2	0.125000
2586	2	2	0.125000
2587	2	2	0.125000
2588	2	2	0.125000
2589	2	2	0.125000
2590	2	2	0.125000
2591	2	2	0.125000
2592	2	2	0.125000
2593	2	2	0.125000
2594	2	2	0.125000
2595	2	2	0.125000
2596	2	2	0.125000
2597	2	2	0.125000
2598	2	2	0.125000
2599	2	2	0.125000
2600	2	2	0.125000
2601	2	2	0.125000
2602	2	2	0.125000
2603	2	2	0.125000
2604	1	1	0.125000
2605	1	1	0.125000
2606	1	1	0.125000
2607	1	1	0.125000
2608	1	1	0.125000
2609	1	1	0.125000
2610	1	1	0.125000
2611	1	1	0.125000
2612	1	1	0.125000
2613	1	2	0.125000
2614	1	1	0.125000
2615	1	1	0.125000
2616	1	1	0.125000
2617	2	2	0.125000
2618	1	1	0.125000
2619	1	1	0.125000
2620	2	2	0.125000
2621	2	2	0.125000
2622	2	2	0.125000
2623	2	5	0.125000
2624	2	4	0.125000
2625	2	2	0.125000
2626	2	2	0.125000
2627	2	2	0.125000
2628	2	3	0.125000
2629	2	2	0.125000
2630	2	2	0.125000
2631	2	2	0.125000
2632	2	2	0.125000
2633	2	2	0.125000
2634	2	2	0.125000
2635	1	1	0.125000
2636	2	2	0.125000
2637	1	1	0.125000
2638	2	2	0.125000
2639	2	2	0.125000
2640	2	2	0.125000
2641	2	2	0.125000
2642	1	1	0.125000
2643	1	1	0.125000
2644	1	1	0.125000
2645	1	1	0.125000
2646	1	1	0.125000
2647	1	1	0.125000
2648	1	1	0.125000
2649	1	0	0.125000
2650	1	1	0.125000
2651	1	1	0.125000
2652	2	2	0.125000
2653	2	2	0.125000
2654	2	2	0.125000
2655	2	1	0.125000
2656	2	2	0.125000
2657	2	2	0.125000
2658	2	2	0.125000
2659	2	2	0.125000
2660	2	4	0.125000
2661	2	2	0.125000
2662	2	2	0.125000
2663	2	2	0.125000
2664	2	2	0.125000
2665	2	2	0.125000
2666	2	2	0.125000
2667	2	2	0.125000
2668	2	2	0.125000
2669	2	2	0.125000
2670	2	5	0.125000
2671	2	2	0.125000
2672	2	2	0.125000
2673	2	2	0.125000
2674	2	2	0.125000
2675	2	2	0.125000
2676	2	2	0.125000
2677	2	2	0.125000
2678	2	2	0.125000
2679	2	2	0.125000
2680	2	2	0.125000
2681	2	2	1.000000
2682	3	0	1.000000
2683	3	0	1.000000
2684	3	0	1.000000
2685	3	0	1.000000
2686	3	0	1.000000
2687	3	0	1.000000
2688	3	0	1.000000
2689	3	0	1.000000
2690	3	0	1.000000
2691	3	0	1.000000
2692	3	0	1.000000
2693	3	0	1.000000
2694	3	0	1.000000
2695	3	0	1.000000
2696	3	0	1.000000
2697	3	1	1.000000
2698	3	0	1.000000
2699	3	3	1.000000
2700	3	1	1.000000
2701	3	0	1.000000
2702	3	0	1.000000
2703	3	0	1.000000
2704	3	0	1.000000
2705	3	0	1.000000
2706	3	0	1.000000
2707	3	0	1.000000
2708	3	0	1.000000
2709	3	0	1.000000
2710	3	0	1.000000
2711	3	0	1.000000
2712	3	0	1.000000
2713	3	0	1.000000
2714	3	0	1.000000
2715	3	0	1.000000
2716	3	0	1.000000
2717	3	0	1.000000
2718	3	0	1.000000
2719	3	3	1.000000
2720	3	0	1.000000
2721	3	0	1.000000
2722	3	0	1.000000
2723	3	0	1.000000
2724	3	0	1.000000
2725	3	3	1.000000
2726	3	0	1.000000
2727	3	0	1.000000
2728	3	0	1.000000
2729	3	0	1.000000
2730	3	0	1.000000
2731	3	0	1.000000
2732	3	0	1.000000
2733	3	1	1.000000
2734	3	2	1.000000
2735	3	0	1.000000
2736	3	1	1.000000
2737	3	0	1.000000
2738	3	0	1.000000
2739	3	2	1.000000
2740	3	0	1.000000
2741	4	0	1.000000
2742	4	1	1.000000
2743	4	0	1.000000
2744	3	0	1.000000
2745	4	0	1.000000
2746	4	0	1.000000
2747	4	0	1.000000
2748	4	0	1.000000
2749	4	0	1.000000
2750	4	0	1.000000
2751	4	0	1.000000
2752	4	0	1.000000
2753	4	0	1.000000
2754	4	0	1.000000
2755	4	1	1.000000
2756	4	0	1.000000
2757	4	0	1.000000
2758	4	0	1.000000
2759	4	0	1.000000
2760	4	3	1.000000
2761	4	0	1.000000
2762	4	0	1.000000
2763	4	0	1.000000
2764	4	3	1.000000
2765	3	0	1.000000
2766	4	3	1.000000
2767	4	0	1.000000
2768	4	0	1.000000
2769	3	0	1.000000
2770	4	0	1.000000
2771	4	0	1.000000
2772	3	0	1.000000
2773	4	0	1.000000
2774	4	0	1.000000
2775	4	0	1.000000
2776	4	0	1.000000
2777	4	0	1.000000
2778	4	0	1.000000
2779	4	0	1.000000
2780	4	0	1.000000
2781	4	0	1.000000
2782	3	0	1.000000
2783	3	0	1.000000
2784	4	0	1.000000
2785	4	0	1.000000
2786	3	0	1.000000
2787	4	3	1.000000
2788	4	0	1.000000
2789	4	2	1.000000
2790	4	0	1.000000
2791	4	0	1.000000
2792	4	3	1.000000
2793	4	0	1.000000
2794	4	0	1.000000
2795	4	0	1.000000
2796	4	0	1.000000
2797	3	0	1.000000
2798	4	0	1.000000
2799	4	0	1.000000
2800	4	0	1.000000
2801	4	0	1.000000
2802	4	0	1.000000
2803	4	0	1.000000
2804	4	0	1.000000
2805	4	0	1.000000
2806	4	0	1.000000
2807	4	0	1.000000
2808	4	0	1.000000
2809	4	0	1.000000
2810	4	0	1.000000
2811	4	0	1.000000
2812	4	0	1.000000
2813	4	0	1.000000
2814	4	3	1.000000
2815	4	1	1.000000
2816	4	0	1.000000
2817	4	0	1.000000
2818	4	0	1.000000
2819	4	0	1.000000
2820	4	0	1.000000
2821	4	0	1.000000
2822	4	0	1.000000
2823	4	0	1.000000
2824	4	0	1.000000
2825	4	0	1.000000
2826	4	0	1.000000
2827	4	0	1.000000
2828	4	0	1.000000
2829	4	0	1.000000
2830	4	0	1.000000
2831	4	0	1.000000
2832	4	0	1.000000
2833	4	0	1.000000
2834	4	0	1.000000
2835	4	0	1.000000
2836	4	0	1.000000
2837	4	3	1.000000
2838	4	0	1.000000
2839	4	1	1.000000
2840	4	0	1.000000
2841	4	0	1.000000
2842	4	0	1.000000
2843	4	0	1.000000
2844	4	0	1.000000
2845	4	0	1.000000
2846	4	0	1.000000
2847	4	0	1.000000
2848	4	0	1.000000
2849	4	0	1.000000
2850	4	0	1.000000
2851	4	0	1.000000
2852	4	0	1.000000
2853	4	0	1.000000
2854	4	0	1.000000
2855	4	0	1.000000
2856	4	0	1.000000
2857	4	0	1.000000
2858	4	0	1.000000
2859	4	0	1.000000
2860	4	0	1.000000
2861	4	0	1.000000
2862	4	0	1.000000
2863	4	0	1.000000
2864	4	0	1.000000
2865	4	0	1.000000
2866	4	0	1.000000
2867	4	0	1.000000
2868	4	1	1.000000
2869	4	0	1.000000
2870	4	0	1.000000
2871	4	0	1.000000
2872	4	0	1.000000
2873	4	0	1.000000
2874	4	0	1.000000
2875	4	0	1.000000
2876	4	2	1.000000
2877	4	0	1.000000
2878	4	0	1.000000
2879	4	0	1.000000
2880	4	0	1.000000
2881	4	0	1.000000
2882	4	0	1.000000
2883	4	0	1.000000
2884	4	0	1.000000
2885	4	0	1.000000
2886	4	1	1.000000
2887	4	0	1.000000
2888	4	0	1.000000
2889	4	0	1.000000
2890	4	0	1.000000
2891	4	0	1.000000
2892	4	0	1.000000
2893	3	0	1.000000
2894	4	0	1.000000
2895	4	0	1.000000
2896	4	2	1.000000
2897	3	0	1.000000
2898	4	0	1.000000
2899	4	0	1.000000
2900	4	0	1.000000
2901	4	0	1.000000
2902	4	0	1.000000
2903	4	0	1.000000
2904	4	3	1.000000
2905	4	0	1.000000
2906	4	0	1.000000
2907	4	0	1.000000
2908	3	0	1.000000
2909	3	0	1.000000
2910	4	0	1.000000
2911	4	0	1.000000
2912	4	2	1.000000
2913	4	0	1.000000
2914	4	0	1.000000
2915	4	0	1.000000
2916	4	0	1.000000
2917	4	0	1.000000
2918	4	0	1.000000
2919	4	0	1.000000
2920	4	0	1.000000
2921	4	2	1.000000
2922	4	0	1.000000
2923	4	0	1.000000
2924	4	0	1.000000
2925	4	0	1.000000
2926	4	0	1.000000
2927	4	0	1.000000
2928	4	0	1.000000
2929	3	0	1.000000
2930	4	0	1.000000
2931	3	0	1.000000
2932	3	0	1.000000
2933	3	0	1.000000
2934	4	0	1.000000
2935	4	0	1.000000
2936	3	0	1.000000
2937	4	2	1.000000
2938	4	0	1.000000
2939	4	2	1.000000
2940	4	0	1.000000
2941	3	0	1.000000
2942	3	0	1.000000
2943	3	0	1.000000
2944	3	0	1.000000
2945	3	0	1.000000
2946	3	0	1.000000
2947	3	0	1.000000
2948	3	0	1.000000
2949	3	0	1.000000
2950	3	0	1.000000
2951	3	0	1.000000
2952	3	0	1.000000
2953	3	0	1.000000
2954	3	0	1.000000
2955	3	0	1.000000
2956	3	0	1.000000
2957	3	3	1.000000
2958	3	0	1.000000
2959	3	0	1.000000
2960	3	0	1.000000
2961	3	0	1.000000
2962	3	0	1.000000
2963	3	0	1.000000
2964	3	0	1.000000
2965	3	0	1.000000
2966	3	0	1.000000
2967	3	0	1.000000
2968	3	0	1.000000
2969	3	3	1.000000
2970	3	0	1.000000
2971	3	3	1.000000
2972	3	0	1.000000
2973	3	0	1.000000
2974	3	0	1.000000
2975	3	0	1.000000
2976	3	0	1.000000
2977	3	0	1.000000
2978	3	0	1.000000
2979	3	0	1.000000
2980	3	0	1.000000
2981	3	0	1.000000
2982	3	0	1.000000
2983	3	0	1.000000
2984	3	0	1.000000
2985	3	0	1.000000
2986	3	3	1.000000
2987	3	0	1.000000
2988	3	0	1.000000
2989	3	0	1.000000
2990	3	3	1.000000
2991	3	0	1.000000
2992	3	0	1.000000
2993	3	0	1.000000
2994	3	0	1.000000
2995	3	0	1.000000
2996	3	0	1.000000
2997	3	0	1.000000
2998	3	0	1.000000
2999	3	0	1.000000
3000	3	0	1.000000
3001	3	0	1.000000
3002	3	0	1.000000
3003	3	0	1.000000
3004	3	0	1.000000
3005	3	0	1.000000
3006	3	0	1.000000
3007	3	0	1.000000
3008	3	0	1.000000
3009	3	0	1.000000
3010	3	2	1.000000
3011	3	0	1.000000
3012	3	3	1.000000
3013	3	0	1.000000
3014	3	0	1.000000
3015	3	0	1.000000
3016	3	0	1.000000
3017	3	0	1.000000
3018	3	0	1.000000
3019	3	0	1.000000
3020	3	0	1.000000
3021	3	0	1.000000
3022	3	0	1.000000
3023	3	0	1.000000
3024	3	0	1.000000
3025	3	1	1.000000
3026	3	0	1.000000
3027	3	0	1.000000
3028	3	0	1.000000
3029	3	0	1.000000
3030	3	0	1.000000
3031	3	0	1.000000
3032	3	0	1.000000
3033	3	0	1.000000
3034	3	0	1.000000
3035	3	0	1.000000
3036	3	3	1.000000
3037	3	0	1.000000
3038	3	0	1.000000
3039	3	0	1.000000
3040	3	0	1.000000
3041	3	0	1.000000
3042	3	3	1.000000
3043	3	0	0.125000
3044	2	2	0.125000
3045	2	2	0.125000
3046	2	2	0.125000
3047	2	2	0.125000
3048	2	2	0.125000
3049	2	2	0.125000
3050	2	2	0.125000
3051	2	4	0.125000
3052	2	2	0.125000
3053	2	2	0.125000
3054	2	2	0.125000
3055	2	2	0.125000
3056	2	2	0.125000
3057	2	2	0.125000
3058	1	1	0.125000
3059	1	1	0.125000
3060	1	1	0.125000
3061	1	1	0.125000
3062	1	1	0.125000
3063	1	1	0.125000
3064	1	0	0.125000
3065	1	1	0.125000
3066	1	1	0.125000
3067	1	1	0.125000
3068	1	1	0.125000
3069	1	1	0.125000
3070	1	1	0.125000
3071	1	1	0.125000
3072	1	1	0.125000
3073	1	2	0.125000
3074	1	1	0.125000
3075	1	1	0.125000
3076	1	1	0.125000
3077	1	0	0.125000
3078	1	1	0.125000
3079	1	1	0.125000
3080	1	1	0.125000
3081	1	1	0.125000
3082	1	1	0.125000
3083	1	1	0.125000
3084	1	1	0.125000
3085	1	1	0.125000
3086	1	1	0.125000
3087	1	1	0.125000
3088	1	1	0.125000
3089	1	1	0.125000
3090	1	1	0.125000
3091	2	2	0.125000
3092	2	2	0.125000
3093	2	2	0.125000
3094	2	2	0.125000
3095	2	2	0.125000
3096	2	2	0.125000
3097	2	2	0.125000
3098	2	2	0.125000
3099	2	2	0.125000
3100	2	2	0.125000
3101	1	0	0.125000
3102	1	1	0.125000
3103	1	1	0.125000
3104	1	1	0.125000
3105	1	1	0.125000
3106	1	1	0.125000
3107	1	0	0.125000
3108	1	1	0.125000
3109	1	1	0.125000
3110	1	1	0.125000
3111	1	1	0.125000
3112	1	2	0.125000
3113	1	1	0.125000
3114	1	1	0.125000
3115	1	1	0.125000
3116	1	1	0.125000
3117	1	1	0.125000
3118	1	1	0.125000
3119	1	1	0.125000
3120	1	1	0.125000
3121	1	1	0.125000
3122	1	3	0.125000
3123	1	1	0.125000
3124	1	1	0.125000
3125	1	1	0.125000
3126	1	1	0.125000
3127	2	2	0.125000
3128	2	3	0.125000
3129	2	2	0.125000
3130	2	2	0.125000
3131	2	2	0.125000
3132	2	2	0.125000
3133	2	2	0.125000
3134	2	2	0.125000
3135	2	3	0.125000
3136	2	2	0.125000
3137	2	3	0.125000
3138	2	2	0.125000
3139	2	2	0.125000
3140	1	1	0.125000
3141	1	1	0.125000
3142	1	1	0.125000
3143	1	1	0.125000
3144	1	1	0.125000
3145	1	1	0.125000
3146	1	1	0.125000
3147	1	1	0.125000
3148	1	1	0.125000
3149	1	1	0.125000
3150	1	1	0.125000
3151	1	1	0.125000
3152	1	1	0.125000
3153	1	1	0.125000
3154	1	1	0.125000
3155	1	1	0.125000
3156	2	2	0.125000
3157	1	1	0.125000
3158	2	5	0.125000
3159	2	2	0.125000
3160	2	2	0.125000
3161	2	2	0.125000
3162	2	2	0.125000
3163	2	2	0.125000
3164	1	1	0.125000
3165	1	2	0.125000
3166	2	2	0.125000
3167	1	3	0.125000
3168	1	1	0.125000
3169	1	1	0.125000
3170	1	1	0.125000
3171	1	1	0.125000
3172	1	1	0.125000
3173	1	1	0.125000
3174	1	1	0.125000
3175	1	1	0.125000
3176	1	1	0.125000
3177	1	0	0.125000
3178	1	1	0.125000
3179	2	2	0.125000
3180	1	1	0.125000
3181	2	2	0.125000
3182	2	2	0.125000
3183	2	2	0.125000
3184	2	2	0.125000
3185	2	2	0.125000
3186	2	4	0.125000
3187	2	2	0.125000
3188	2	0	0.125000
3189	2	2	0.125000
3190	2	2	0.125000
3191	2	2	0.125000
3192	1	1	0.125000
3193	1	1	0.125000
3194	1	1	0.125000
3195	1	1	0.125000
3196	1	2	0.125000
3197	1	1	0.125000
3198	1	1	0.125000
3199	1	1	0.125000
3200	1	1	0.125000
3201	1	1	0.125000
3202	1	1	0.125000
3203	1	1	0.125000
3204	1	1	0.125000
3205	1	2	0.125000
3206	1	1	0.125000
3207	2	2	0.125000
3208	2	2	0.125000
3209	2	2	0.125000
3210	2	2	0.125000
3211	2	2	0.125000
3212	2	2	0.125000
3213	2	2	0.125000
3214	2	2	0.125000
3215	2	4	0.125000
3216	2	2	0.125000
3217	1	1	0.125000
3218	1	1	0.125000
3219	1	1	0.125000
3220	1	1	0.125000
3221	1	1	0.125000
3222	1	1	0.125000
3223	1	1	0.125000
3224	1	1	0.125000
3225	1	1	0.125000
3226	1	1	0.125000
3227	1	1	0.125000
3228	1	1	0.125000
3229	1	1	0.125000
3230	1	1	0.125000
3231	1	1	0.125000
3232	1	1	0.125000
3233	1	1	0.125000
3234	1	1	0.125000
3235	1	1	0.125000
3236	2	2	0.125000
3237	2	2	0.125000
3238	2	2	0.125000
3239	2	2	0.125000
3240	2	2	0.125000
3241	2	2	0.125000
3242	2	1	0.125000
3243	2	3	0.125000
3244	2	2	0.125000
3245	2	2	0.125000
3246	2	2	0.125000
3247	2	2	0.125000
3248	2	2	0.125000
3249	2	2	0.125000
3250	2	2	0.125000
3251	1	1	0.125000
3252	1	1	0.125000
3253	1	2	0.125000
3254	1	1	0.125000
3255	1	1	0.125000
3256	1	1	0.125000
3257	1	1	0.125000
3258	1	1	0.125000
3259	1	1	0.125000
3260	1	1	0.125000
3261	1	1	0.125000
3262	1	1	0.125000
3263	1	1	0.125000
3264	1	1	0.125000
3265	1	1	0.125000
3266	1	1	0.125000
3267	2	2	0.125000
3268	1	1	0.125000
3269	2	2	0.125000
3270	1	3	0.125000
3271	2	2	0.125000
3272	2	2	0.125000
3273	2	0	0.125000
3274	2	2	0.125000
3275	2	2	0.125000
3276	2	1	0.125000
3277	2	2	0.125000
3278	2	2	0.125000
3279	1	1	0.125000
3280	1	1	0.125000
3281	1	1	0.125000
3282	2	2	0.125000
3283	1	1	0.125000
3284	2	2	0.125000
3285	1	1	0.125000
3286	1	1	0.125000
3287	1	1	0.125000
3288	1	0	0.125000
3289	1	1	0.125000
3290	1	1	0.125000
3291	1	1	0.125000
3292	1	3	0.125000
3293	1	1	0.125000
3294	1	1	0.125000
3295	1	1	0.125000
3296	1	1	0.125000
3297	1	1	0.125000
3298	2	2	0.125000
3299	2	2	0.125000
3300	2	2	0.125000
3301	2	2	0.125000
3302	2	2	0.125000
3303	2	2	0.125000
3304	2	2	0.125000
3305	2	2	0.125000
3306	2	2	0.125000
3307	2	2	0.125000
3308	2	2	0.125000
3309	2	2	0.125000
3310	2	2	0.125000
3311	2	2	0.125000
3312	2	2	0.125000
3313	2	2	0.125000
3314	1	1	0.125000
3315	1	1	0.125000
3316	1	1	0.125000
3317	1	1	0.125000
3318	1	1	0.125000
3319	1	1	0.125000
3320	1	1	0.125000
3321	1	1	0.125000
3322	1	1	0.125000
3323	1	1	0.125000
3324	1	1	0.125000
3325	1	1	0.125000
3326	1	1	0.125000
3327	1	1	0.125000
3328	1	1	0.125000
3329	1	1	0.125000
3330	1	1	0.125000
3331	1	1	0.125000
3332	1	1	0.125000
3333	1	2	0.125000
3334	1	2	0.125000
3335	1	1	0.125000
3336	1	1	0.125000
3337	1	1	0.125000
3338	1	1	0.125000
3339	1	1	0.125000
3340	1	1	0.125000
3341	2	2	0.125000
3342	2	2	0.125000
3343	1	1	0.125000
3344	2	2	0.125000
3345	2	2	0.125000
3346	2	2	0.125000
3347	2	2	0.125000
3348	2	2	0.125000
3349	2	2	0.125000
3350	2	2	0.125000
3351	2	2	1.000000
3352	3	0	0.125000
3353	2	2	1.000000
3354	3	2	1.000000
3355	3	0	1.000000
3356	3	0	1.000000
3357	3	0	1.000000
3358	3	0	1.000000
3359	3	0	1.000000
3360	3	0	1.000000
3361	3	0	1.000000
3362	3	0	1.000000
3363	3	0	1.000000
3364	3	0	1.000000
3365	3	0	1.000000
3366	3	0	1.000000
3367	3	0	1.000000
3368	3	0	1.000000
3369	3	0	1.000000
3370	3	0	1.000000
3371	3	0	1.000000
3372	3	0	1.000000
3373	3	3	1.000000
3374	3	0	1.000000
3375	3	0	1.000000
3376	3	0	1.000000
3377	3	0	1.000000
3378	3	0	1.000000
3379	3	0	1.000000
3380	3	0	1.000000
3381	3	0	1.000000
3382	3	0	1.000000
3383	3	0	1.000000
3384	3	0	1.000000
3385	3	0	1.000000
3386	3	0	1.000000
3387	3	0	1.000000
3388	3	0	1.000000
3389	3	1	1.000000
3390	3	0	1.000000
3391	3	0	1.000000
3392	3	0	1.000000
3393	3	0	1.000000
3394	3	0	1.000000
3395	3	0	1.000000
3396	3	0	1.000000
3397	3	0	1.000000
3398	3	1	1.000000
3399	3	0	1.000000
3400	3	0	1.000000
3401	3	0	1.000000
3402	3	0	1.000000
3403	3	0	1.000000
3404	3	0	1.000000
3405	3	0	1.000000
3406	3	0	1.000000
3407	3	0	1.000000
3408	3	0	1.000000
3409	3	0	1.000000
3410	3	0	1.000000
3411	3	0	1.000000
3412	3	0	1.000000
3413	3	3	1.000000
3414	3	0	1.000000
3415	3	0	1.000000
3416	3	0	1.000000
3417	3	0	1.000000
3418	3	0	1.000000
3419	3	0	1.000000
3420	3	0	1.000000
3421	3	0	1.000000
3422	3	0	1.000000
3423	3	0	1.000000
3424	3	0	1.000000
3425	3	0	1.000000
3426	3	2	1.000000
3427	3	1	1.000000
3428	3	1	1.000000
3429	3	0	1.000000
3430	3	0	1.000000
3431	3	2	1.000000
3432	3	0	1.000000
3433	3	0	1.000000
3434	3	0	1.000000
3435	3	0	1.000000
3436	3	0	1.000000
3437	3	0	1.000000
3438	3	0	1.000000
3439	3	0	1.000000
3440	3	0	1.000000
3441	3	0	1.000000
3442	3	0	1.000000
3443	3	0	1.000000
3444	3	0	1.000000
3445	3	0	1.000000
3446	3	0	1.000000
3447	3	0	1.000000
3448	3	0	1.000000
3449	3	0	1.000000
3450	3	0	1.000000
3451	3	0	1.000000
3452	3	0	1.000000
3453	3	0	1.000000
3454	3	0	1.000000
3455	3	0	1.000000
3456	3	0	1.000000
3457	3	0	1.000000
3458	3	0	1.000000
3459	3	0	1.000000
3460	3	0	1.000000
3461	3	0	1.000000
3462	3	0	1.000000
3463	3	2	1.000000
3464	3	0	1.000000
3465	3	0	1.000000
3466	3	0	1.000000
3467	3	1	1.000000
3468	3	0	1.000000
3469	3	0	1.000000
3470	3	0	1.000000
3471	3	0	1.000000
3472	3	0	1.000000
3473	3	0	1.000000
3474	3	0	1.000000
3475	3	0	1.000000
3476	3	0	1.000000
3477	3	0	1.000000
3478	3	0	1.000000
3479	3	0	1.000000
3480	3	0	1.000000
3481	3	0	1.000000
3482	3	0	1.000000
3483	3	0	1.000000
3484	3	0	1.000000
3485	3	0	1.000000
3486	3	0	1.000000
3487	3	0	1.000000
3488	3	0	1.000000
3489	3	0	1.000000
3490	3	0	1.000000
3491	3	0	1.000000
3492	3	0	1.000000
3493	3	0	1.000000
3494	3	0	1.000000
3495	3	0	1.000000
3496	3	0	1.000000
3497	3	0	1.000000
3498	3	0	1.000000
3499	3	0	1.000000
3500	3	0	1.000000
3501	3	0	1.000000
3502	3	0	1.000000
3503	3	0	1.000000
3504	3	0	1.000000
3505	3	0	1.000000
3506	3	0	1.000000
3507	3	0	1.000000
3508	3	0	1.000000
3509	3	0	1.000000
3510	3	0	1.000000
3511	3	0	1.000000
3512	3	0	1.000000
3513	3	0	1.000000
3514	3	0	1.000000
3515	4	0	1.000000
3516	3	0	1.000000
3517	3	0	1.000000
3518	3	0	1.000000
3519	4	0	1.000000
3520	3	0	1.000000
3521	4	0	1.000000
3522	3	0	1.000000
3523	3	0	1.000000
3524	3	0	1.000000
3525	3	3	1.000000
3526	3	0	1.000000
3527	3	0	1.000000
3528	3	0	1.000000
3529	4	0	1.000000
3530	3	0	1.000000
3531	3	1	1.000000
3532	3	0	1.000000
3533	3	0	1.000000
3534	3	0	1.000000
3535	3	0	1.000000
3536	3	0	1.000000
3537	3	2	1.000000
3538	4	0	1.000000
3539	4	0	1.000000
3540	3	0	1.000000
3541	3	0	1.000000
3542	3	0	1.000000
3543	3	0	1.000000
3544	3	0	1.000000
3545	3	0	1.000000
3546	3	0	1.000000
3547	3	0	1.000000
3548	4	0	1.000000
3549	3	0	1.000000
3550	3	0	1.000000
3551	3	0	1.000000
3552	3	0	1.000000
3553	3	0	1.000000
3554	3	0	1.000000
3555	4	0	1.000000
3556	4	0	1.000000
3557	4	3	1.000000
3558	4	0	1.000000
3559	4	0	1.000000
3560	4	0	1.000000
3561	4	0	1.000000
3562	4	0	1.000000
3563	4	0	1.000000
3564	4	0	1.000000
3565	4	0	1.000000
3566	4	0	1.000000
3567	4	0	1.000000
3568	4	0	1.000000
3569	4	0	1.000000
3570	4	0	1.000000
3571	4	0	1.000000
3572	4	0	1.000000
3573	4	0	1.000000
3574	4	0	1.000000
3575	4	0	1.000000
3576	4	0	1.000000
3577	4	0	1.000000
3578	4	0	1.000000
3579	4	0	1.000000
3580	4	0	1.000000
3581	4	0	1.000000
3582	4	0	1.000000
3583	4	0	1.000000
3584	4	0	1.000000
3585	4	0	1.000000
3586	4	0	1.000000
3587	4	0	1.000000
3588	4	0	1.000000
3589	4	0	1.000000
3590	4	0	1.000000
3591	4	0	1.000000
3592	4	0	1.000000
3593	4	0	1.000000
3594	4	0	1.000000
3595	4	0	1.000000
3596	4	0	1.000000
3597	4	0	1.000000
3598	4	0	1.000000
3599	4	0	1.000000
3600	4	0	1.000000
3601	4	0	1.000000
3602	4	0	1.000000
3603	4	0	1.000000
3604	4	0	1.000000
3605	4	0	1.000000
3606	4	3	1.000000
3607	4	0	1.000000
3608	4	1	1.000000
3609	4	0	1.000000
3610	4	0	1.000000
3611	4	0	1.000000
3612	4	0	1.000000
3613	4	0	1.000000
3614	4	2	1.000000
3615	4	0	1.000000
3616	4	0	1.000000
3617	4	0	1.000000
3618	4	0	1.000000
3619	4	0	1.000000
3620	4	0	1.000000
3621	4	0	1.000000
3622	4	0	1.000000
3623	4	0	1.000000
3624	4	0	1.000000
3625	4	0	1.000000
3626	4	0	1.000000
3627	4	0	1.000000
3628	4	0	1.000000
3629	4	0	1.000000
3630	4	0	1.000000
3631	4	0	1.000000
3632	4	2	1.000000
3633	4	0	1.000000
3634	4	0	1.000000
3635	4	0	1.000000
3636	4	0	1.000000
3637	4	0	1.000000
3638	4	0	1.000000
3639	4	0	1.000000
3640	4	0	1.000000
3641	4	0	1.000000
3642	4	0	1.000000
3643	4	0	1.000000
3644	4	0	1.000000
3645	4	0	1.000000
3646	4	0	1.000000
3647	4	0	1.000000
3648	4	0	1.000000
3649	4	0	1.000000
3650	4	0	1.000000
3651	4	0	1.000000
3652	4	0	1.000000
3653	4	0	1.000000
3654	4	0	1.000000
3655	4	0	1.000000
3656	4	1	1.000000
3657	4	0	1.000000
3658	4	0	1.000000
3659	4	0	1.000000
3660	4	0	1.000000
3661	4	0	1.000000
3662	4	0	1.000000
3663	4	0	1.000000
3664	4	0	1.000000
3665	4	0	1.000000
3666	4	0	1.000000
3667	4	0	1.000000
3668	4	0	1.000000
3669	4	0	1.000000
3670	4	0	1.000000
3671	4	0	1.000000
3672	4	0	1.000000
3673	4	2	1.000000
3674	4	0	1.000000
3675	4	0	1.000000
3676	4	0	1.000000
3677	4	0	1.000000
3678	4	0	1.000000
3679	4	0	1.000000
3680	4	0	1.000000
3681	4	0	1.000000
3682	4	0	1.000000
3683	4	0	1.000000
3684	4	0	1.000000
3685	4	1	1.000000
3686	4	0	1.000000
3687	4	0	1.000000
3688	4	0	1.000000
3689	4	0	1.000000
3690	4	0	1.000000
3691	4	0	1.000000
3692	4	0	1.000000
3693	4	0	1.000000
3694	4	0	1.000000
3695	4	0	1.000000
3696	4	0	1.000000
3697	4	0	1.000000
3698	4	0	1.000000
3699	4	0	1.000000
3700	4	0	1.000000
3701	4	0	1.000000
3702	4	0	1.000000
3703	4	0	1.000000
3704	4	0	1.000000
3705	4	0	1.000000
3706	4	0	1.000000
3707	4	0	1.000000
3708	4	0	1.000000
3709	4	0	1.000000
3710	4	1	1.000000
3711	4	0	1.000000
3712	4	0	1.000000
3713	4	0	1.000000
3714	4	0	1.000000
3715	4	0	1.000000
3716	4	0	1.000000
3717	4	0	1.000000
3718	4	0	1.000000
3719	4	1	1.000000
3720	4	0	1.000000
3721	4	0	1.000000
3722	4	0	1.000000
3723	4	0	1.000000
3724	4	0	1.000000
3725	4	0	1.000000
3726	4	0	1.000000
3727	4	0	1.000000
3728	4	0	1.000000
3729	4	0	1.000000
3730	4	0	1.000000
3731	4	0	1.000000
3732	4	0	1.000000
3733	4	0	1.000000
3734	4	0	1.000000
3735	4	0	1.000000
3736	3	0	1.000000
3737	3	0	1.000000
3738	3	0	1.000000
3739	3	0	1.000000
3740	3	1	1.000000
3741	3	0	1.000000
3742	3	0	1.000000
3743	3	0	1.000000
3744	3	0	1.000000
3745	3	0	1.000000
3746	3	1	1.000000
3747	3	0	1.000000
3748	3	2	1.000000
3749	3	3	1.000000
3750	3	0	1.000000
3751	3	0	1.000000
3752	3	0	1.000000
3753	3	0	1.000000
3754	3	0	1.000000
3755	3	0	1.000000
3756	3	0	1.000000
3757	3	0	1.000000
3758	3	3	1.000000
3759	3	0	1.000000
3760	3	0	1.000000
3761	3	0	1.000000
3762	3	0	1.000000
3763	3	0	0.125000
3764	2	4	0.125000
3765	2	2	0.125000
3766	2	2	0.125000
3767	2	2	0.125000
3768	2	2	0.125000
3769	2	2	0.125000
3770	2	2	0.125000
3771	2	2	0.125000
3772	2	2	0.125000
3773	2	2	0.125000
3774	2	3	0.125000
3775	2	2	0.125000
3776	2	2	0.125000
3777	2	5	0.125000
3778	2	2	0.125000
3779	2	2	0.125000
3780	2	2	0.125000
3781	1	1	0.125000
3782	1	1	0.125000
3783	1	1	0.125000
3784	1	1	0.125000
3785	1	1	0.125000
3786	1	1	0.125000
3787	1	1	0.125000
3788	1	1	0.125000
3789	1	1	0.125000
3790	2	2	0.125000
3791	2	1	0.125000
3792	2	2	0.125000
3793	2	2	0.125000
3794	2	2	0.125000
3795	2	2	0.125000
3796	2	2	0.125000
3797	2	2	0.125000
3798	2	2	0.125000
3799	2	2	0.125000
3800	2	2	0.125000
3801	2	0	0.125000
3802	1	1	0.125000
3803	1	1	0.125000
3804	1	0	0.125000
3805	1	1	0.125000
3806	1	1	0.125000
3807	1	1	0.125000
3808	1	1	0.125000
3809	1	1	0.125000
3810	1	1	0.125000
3811	1	2	0.125000
3812	1	1	0.125000
3813	1	1	0.125000
3814	1	1	0.125000
3815	1	1	0.125000
3816	1	1	0.125000
3817	1	1	0.125000
3818	1	1	0.125000
3819	2	2	0.125000
3820	2	2	0.125000
3821	2	2	0.125000
3822	2	2	0.125000
3823	2	2	0.125000
3824	2	2	0.125000
3825	2	2	0.125000
3826	2	2	0.125000
3827	2	1	0.125000
3828	2	2	0.125000
3829	2	2	0.125000
3830	2	2	0.125000
3831	2	2	0.125000
3832	2	2	0.125000
3833	2	2	0.125000
3834	2	2	0.125000
3835	2	2	0.125000
3836	2	2	0.125000
3837	2	2	0.125000
3838	2	2	0.125000
3839	2	2	0.125000
3840	2	2	0.125000
3841	2	2	0.125000
3842	2	2	0.125000
3843	2	2	0.125000
3844	2	2	0.125000
3845	2	2	0.125000
3846	2	2	0.125000
3847	2	2	0.125000
3848	2	2	0.125000
3849	2	2	0.125000
3850	2	2	0.125000
3851	2	2	0.125000
3852	2	2	0.125000
3853	2	2	0.125000
3854	2	2	0.125000
3855	2	2	0.125000
3856	2	2	0.125000
3857	2	2	0.125000
3858	2	2	0.125000
3859	2	2	0.125000
3860	1	1	0.125000
3861	1	1	0.125000
3862	1	1	0.125000
3863	1	1	0.125000
3864	1	1	0.125000
3865	1	1	0.125000
3866	1	1	0.125000
3867	1	1	0.125000
3868	2	2	0.125000
3869	2	2	0.125000
3870	2	2	0.125000
3871	2	0	0.125000
3872	2	2	0.125000
3873	2	2	0.125000
3874	2	2	0.125000
3875	2	2	0.125000
3876	2	2	0.125000
3877	2	2	0.125000
3878	2	2	0.125000
3879	2	2	0.125000
3880	1	1	0.125000
3881	1	1	0.125000
3882	1	1	0.125000
3883	1	1	0.125000
3884	1	1	0.125000
3885	1	1	0.125000
3886	1	1	0.125000
3887	1	1	0.125000
3888	1	1	0.125000
3889	1	1	0.125000
3890	1	1	0.125000
3891	1	1	0.125000
3892	1	1	0.125000
3893	1	0	0.125000
3894	1	1	0.125000
3895	1	1	0.125000
3896	1	1	0.125000
3897	1	1	0.125000
3898	1	1	0.125000
3899	1	1	0.125000
3900	2	2	0.125000
3901	1	1	0.125000
3902	1	1	0.125000
3903	2	2	0.125000
3904	2	2	0.125000
3905	2	2	0.125000
3906	2	2	0.125000
3907	2	2	0.125000
3908	2	2	0.125000
3909	2	2	0.125000
3910	2	2	0.125000
3911	2	2	0.125000
3912	2	2	0.125000
3913	2	2	0.125000
3914	2	2	0.125000
3915	2	2	0.125000
3916	2	2	0.125000
3917	2	1	0.125000
3918	1	1	0.125000
3919	1	1	0.125000
3920	2	2	0.125000
3921	1	1	0.125000
3922	2	2	0.125000
3923	2	2	0.125000
3924	1	0	0.125000
3925	2	2	0.125000
3926	2	5	0.125000
3927	1	1	0.125000
3928	2	2	0.125000
3929	1	1	0.125000
3930	1	3	0.125000
3931	1	1	0.125000
3932	1	1	0.125000
3933	1	3	0.125000
3934	1	1	0.125000
3935	1	1	0.125000
3936	1	1	0.125000
3937	1	1	0.125000
3938	1	1	0.125000
3939	1	1	0.125000
3940	1	1	0.125000
3941	1	1	0.125000
3942	1	1	0.125000
3943	1	1	0.125000
3944	1	1	0.125000
3945	2	2	0.125000
3946	2	2	0.125000
3947	2	2	0.125000
3948	2	2	0.125000
3949	2	2	0.125000
3950	2	2	0.125000
3951	2	2	0.125000
3952	2	2	0.125000
3953	2	2	0.125000
3954	2	2	0.125000
3955	2	2	0.125000
3956	2	2	0.125000
3957	2	2	0.125000
3958	2	2	0.125000
3959	2	2	0.125000
3960	2	2	0.125000
3961	2	0	0.125000
3962	1	1	0.125000
3963	1	1	0.125000
3964	2	2	0.125000
3965	1	2	0.125000
3966	1	1	0.125000
3967	1	1	0.125000
3968	2	2	0.125000
3969	1	1	0.125000
3970	2	2	0.125000
3971	1	1	0.125000
3972	1	2	0.125000
3973	1	0	0.125000
3974	1	1	0.125000
3975	2	2	0.125000
3976	2	2	0.125000
3977	2	2	0.125000
3978	2	2	0.125000
3979	2	2	0.125000
3980	2	2	0.125000
3981	2	2	0.125000
3982	2	2	0.125000
3983	2	2	0.125000
3984	2	2	0.125000
3985	2	2	0.125000
3986	2	4	0.125000
3987	1	1	0.125000
3988	1	2	0.125000
3989	1	1	0.125000
3990	1	2	0.125000
3991	1	1	0.125000
3992	1	1	0.125000
3993	1	1	0.125000
3994	1	1	0.125000
3995	1	1	0.125000
3996	1	1	0.125000
3997	1	1	0.125000
3998	1	1	0.125000
3999	2	2	0.125000
4000	2	2	0.125000
4001	2	1	0.125000
4002	2	2	0.125000
4003	2	2	0.125000
4004	2	2	0.125000
4005	2	2	0.125000
4006	2	2	0.125000
4007	2	2	0.125000
4008	2	2	0.125000
4009	2	2	0.125000
4010	2	2	0.125000
4011	2	2	0.125000
4012	1	1	0.125000
4013	1	3	0.125000
4014	1	1	0.125000
4015	1	1	0.125000
4016	1	1	0.125000
4017	1	1	0.125000
4018	1	1	0.125000
4019	1	1	0.125000
4020	1	1	0.125000
4021	1	1	0.125000
4022	2	3	0.125000
4023	2	2	0.125000
4024	2	2	0.125000
4025	2	2	0.125000
4026	2	2	0.125000
4027	2	2	0.125000
4028	2	2	0.125000
4029	2	5	0.125000
4030	2	2	0.125000
4031	2	2	0.125000
4032	2	2	0.125000
4033	2	2	0.125000
4034	2	2	0.125000
4035	1	1	0.125000
4036	1	1	0.125000
4037	1	1	0.125000
4038	1	1	0.125000
4039	1	1	0.125000
4040	1	1	0.125000
4041	1	1	0.125000
4042	1	2	0.125000
4043	1	3	0.125000
4044	1	1	0.125000
4045	1	1	0.125000
4046	1	1	0.125000
4047	1	1	0.125000
4048	1	1	0.125000
4049	1	1	0.125000
4050	1	1	0.125000
4051	2	2	0.125000
4052	2	2	0.125000
4053	2	2	0.125000
4054	2	2	0.125000
4055	2	2	0.125000
4056	2	2	0.125000
4057	2	5	0.125000
4058	2	2	0.125000
4059	2	2	0.125000
4060	2	2	0.125000
4061	2	2	0.125000
4062	2	2	0.125000
4063	2	2	0.125000
4064	2	2	0.125000
4065	1	1	0.125000
4066	1	1	0.125000
4067	1	1	0.125000
4068	1	1	0.125000
4069	1	1	0.125000
4070	1	3	0.125000
4071	1	1	0.125000
4072	1	1	0.125000
4073	1	1	0.125000
4074	1	1	0.125000
4075	1	1	0.125000
4076	1	1	0.125000
4077	1	1	0.125000
4078	1	1	0.125000
4079	2	2	0.125000
4080	2	2	0.125000
4081	2	2	0.125000
4082	2	2	0.125000
4083	2	2	0.125000
4084	2	2	0.125000
4085	2	2	0.125000
4086	2	2	0.125000
4087	2	2	0.125000
4088	2	2	0.125000
4089	2	2	0.125000
4090	1	1	0.125000
4091	1	1	0.125000
4092	1	1	0.125000
4093	1	1	0.125000
4094	1	1	0.125000
4095	1	1	0.125000
4096	1	0	0.125000
4097	1	1	0.125000
4098	1	1	0.125000
4099	1	1	0.125000
4100	1	1	0.125000
4101	1	1	0.125000
4102	1	1	0.125000
4103	1	1	0.125000
4104	2	2	0.125000
4105	2	2	0.125000
4106	2	5	0.125000
4107	2	2	0.125000
4108	2	2	0.125000
4109	2	2	0.125000
4110	2	2	0.125000
4111	2	2	0.125000
4112	2	2	0.125000
4113	2	2	0.125000
4114	2	2	0.125000
4115	1	2	0.125000
4116	1	1	0.125000
4117	1	1	0.125000
4118	1	1	0.125000
4119	2	2	0.125000
4120	1	1	0.125000
4121	1	1	0.125000
4122	1	1	0.125000
4123	1	1	0.125000
4124	1	1	0.125000
4125	1	1	0.125000
4126	1	1	0.125000
4127	1	1	0.125000
4128	1	1	0.125000
4129	1	1	0.125000
4130	1	1	0.125000
4131	1	1	0.125000
4132	1	1	0.125000
4133	1	2	0.125000
4134	1	1	0.125000
4135	2	1	0.125000
4136	2	4	0.125000
4137	2	2	0.125000
4138	2	5	0.125000
4139	2	2	0.125000
4140	2	2	0.125000
4141	2	2	0.125000
4142	2	2	0.125000
4143	2	2	0.125000
4144	2	2	0.125000
4145	2	2	0.125000
4146	2	2	0.125000
4147	2	2	0.125000
4148	2	2	0.125000
4149	2	4	0.125000
4150	2	0	0.125000
4151	2	2	0.125000
4152	2	2	0.125000
4153	1	2	0.125000
4154	1	1	0.125000
4155	1	1	0.125000
4156	1	1	0.125000
4157	1	1	0.125000
4158	1	1	0.125000
4159	1	1	0.125000
4160	1	1	0.125000
4161	1	1	0.125000
4162	1	1	0.125000
4163	1	3	0.125000
4164	1	1	0.125000
4165	1	3	0.125000
4166	1	1	0.125000
4167	1	1	0.125000
4168	1	1	0.125000
4169	1	1	0.125000
4170	2	2	0.125000
4171	1	1	0.125000
4172	1	1	0.125000
4173	2	2	0.125000
4174	2	2	0.125000
4175	2	2	0.125000
4176	2	2	0.125000
4177	2	2	0.125000
4178	2	2	0.125000
4179	2	2	0.125000
4180	2	2	0.125000
4181	2	1	0.125000
4182	2	2	0.125000
4183	2	2	0.125000
4184	2	2	0.125000
4185	1	1	0.125000
4186	1	1	0.125000
4187	1	1	0.125000
4188	1	1	0.125000
4189	1	1	0.125000
4190	1	1	0.125000
4191	1	1	0.125000
4192	1	1	0.125000
4193	1	1	0.125000
4194	1	1	0.125000
4195	1	3	0.125000
4196	1	1	0.125000
4197	1	1	0.125000
4198	1	1	0.125000
4199	2	2	0.125000
4200	2	2	0.125000
4201	2	2	0.125000
4202	2	2	0.125000
4203	2	2	0.125000
4204	2	5	0.125000
4205	2	2	0.125000
4206	2	2	0.125000
4207	2	2	0.125000
4208	2	2	0.125000
4209	2	5	0.125000
4210	2	2	0.125000
4211	1	1	0.125000
4212	1	1	0.125000
4213	1	0	0.125000
4214	1	1	0.125000
4215	1	1	0.125000
4216	1	1	0.125000
4217	1	3	0.125000
4218	1	1	0.125000
4219	1	1	0.125000
4220	1	1	0.125000
4221	1	1	0.125000
4222	1	1	0.125000
4223	1	1	0.125000
4224	1	1	0.125000
4225	1	1	0.125000
4226	1	1	0.125000
4227	1	1	0.125000
4228	1	1	0.125000
4229	2	2	0.125000
4230	2	0	0.125000
4231	2	4	0.125000
4232	2	2	0.125000
4233	2	2	0.125000
4234	2	0	0.125000
4235	2	2	0.125000
4236	2	2	0.125000
4237	2	2	0.125000
4238	2	2	0.125000
4239	2	2	0.125000
4240	2	2	0.125000
4241	2	2	0.125000
4242	2	2	0.125000
4243	1	1	0.125000
4244	1	1	0.125000
4245	1	1	0.125000
4246	1	1	0.125000
4247	1	1	0.125000
4248	1	1	0.125000
4249	1	1	0.125000
4250	1	3	0.125000
4251	1	1	0.125000
4252	1	1	0.125000
4253	1	1	0.125000
4254	1	1	0.125000
4255	1	1	0.125000
4256	1	1	0.125000
4257	1	1	0.125000
4258	2	2	0.125000
4259	2	2	0.125000
4260	2	2	0.125000
4261	2	2	0.125000
4262	2	2	0.125000
4263	2	3	0.125000
4264	2	2	0.125000
4265	2	2	0.125000
4266	2	2	0.125000
4267	2	2	0.125000
4268	2	2	0.125000
4269	1	1	0.125000
4270	1	1	0.125000
4271	1	3	0.125000
4272	1	1	0.125000
4273	1	1	0.125000
4274	1	1	0.125000
4275	1	1	0.125000
4276	1	1	0.125000
4277	1	1	0.125000
4278	1	1	0.125000
4279	1	1	0.125000
4280	1	1	0.125000
4281	2	2	0.125000
4282	2	3	0.125000
4283	2	2	0.125000
4284	2	2	0.125000
4285	2	2	0.125000
4286	2	2	0.125000
4287	2	5	0.125000
4288	2	2	0.125000
4289	2	2	0.125000
4290	2	2	0.125000
4291	1	1	0.125000
4292	1	3	0.125000
4293	1	1	0.125000
4294	1	1	0.125000
4295	1	1	0.125000
4296	1	1	0.125000
4297	1	1	0.125000
4298	1	1	0.125000
4299	1	1	0.125000
4300	1	1	0.125000
4301	1	1	0.125000
4302	1	1	0.125000
4303	1	1	0.125000
4304	1	1	0.125000
4305	1	1	0.125000
4306	1	0	0.125000
4307	1	3	0.125000
4308	2	2	0.125000
4309	2	2	0.125000
4310	2	2	0.125000
4311	2	2	0.125000
4312	2	2	0.125000
4313	2	2	0.125000
4314	2	2	0.125000
4315	2	2	0.125000
4316	2	0	0.125000
4317	2	2	0.125000
4318	2	2	0.125000
4319	2	2	0.125000
4320	2	2	0.125000
4321	2	2	0.125000
4322	2	3	0.125000
4323	2	2	0.125000
4324	1	1	0.125000
4325	1	1	0.125000
4326	1	1	0.125000
4327	1	1	0.125000
4328	1	1	0.125000
4329	1	1	0.125000
4330	1	1	0.125000
4331	1	2	0.125000
4332	1	1	0.125000
4333	1	1	0.125000
4334	1	1	0.125000
4335	1	0	0.125000
4336	1	1	0.125000
4337	1	1	0.125000
4338	2	2	0.125000
4339	2	2	0.125000
4340	2	2	0.125000
4341	2	1	0.125000
4342	2	2	0.125000
4343	2	2	0.125000
4344	2	2	0.125000
4345	2	0	0.125000
4346	2	2	0.125000
4347	1	1	0.125000
4348	1	1	0.125000
4349	1	0	0.125000
4350	1	1	0.125000
4351	1	1	0.125000
4352	1	1	0.125000
4353	1	1	0.125000
4354	1	2	0.125000
4355	1	1	0.125000
4356	1	1	0.125000
4357	1	1	0.125000
4358	1	1	0.125000
4359	1	1	0.125000
4360	2	3	0.125000
4361	2	2	0.125000
4362	2	2	0.125000
4363	2	2	0.125000
4364	2	2	0.125000
4365	2	2	0.125000
4366	2	2	0.125000
4367	2	2	0.125000
4368	2	2	0.125000
4369	2	2	0.125000
4370	2	2	0.125000
4371	2	2	0.125000
4372	2	2	0.125000
4373	2	2	0.125000
4374	2	2	0.125000
4375	2	2	0.125000
4376	2	2	0.125000
4377	1	1	0.125000
4378	1	1	0.125000
4379	1	1	0.125000
4380	1	1	0.125000
4381	1	1	0.125000
4382	1	1	0.125000
4383	1	1	0.125000
4384	1	1	0.125000
4385	1	1	0.125000
4386	1	1	0.125000
4387	1	3	0.125000
4388	1	1	0.125000
4389	1	1	0.125000
4390	1	1	0.125000
4391	1	1	0.125000
4392	2	2	0.125000
4393	2	2	0.125000
4394	1	1	0.125000
4395	2	2	0.125000
4396	2	2	0.125000
4397	2	2	0.125000
4398	2	2	0.125000
4399	2	2	0.125000
4400	2	2	0.125000
4401	2	2	0.125000
4402	2	2	0.125000
4403	2	2	0.125000
4404	2	2	0.125000
4405	1	1	0.125000
4406	1	1	0.125000
4407	1	1	0.125000
4408	1	1	0.125000
4409	1	1	0.125000
4410	1	1	0.125000
4411	1	3	0.125000
4412	1	1	0.125000
4413	1	1	0.125000
4414	1	1	0.125000
4415	1	1	0.125000
4416	1	1	0.125000
4417	1	1	0.125000
4418	1	1	0.125000
4419	1	1	0.125000
4420	1	1	0.125000
4421	1	1	0.125000
4422	1	1	0.125000
4423	1	3	0.125000
4424	1	1	0.125000
4425	1	1	0.125000
4426	2	2	0.125000
4427	2	2	0.125000
4428	2	2	0.125000
4429	2	2	0.125000
4430	2	2	0.125000
4431	2	2	0.125000
4432	2	2	0.125000
4433	2	2	0.125000
4434	2	2	0.125000
4435	2	2	0.125000
4436	1	1	0.125000
4437	1	1	0.125000
4438	1	1	0.125000
4439	1	1	0.125000
4440	1	1	0.125000
4441	1	1	0.125000
4442	1	1	0.125000
4443	1	1	0.125000
4444	1	1	0.125000
4445	1	1	0.125000
4446	1	1	0.125000
4447	1	1	0.125000
4448	1	0	0.125000
4449	2	2	0.125000
4450	2	2	0.125000
4451	2	1	0.125000
4452	2	2	0.125000
4453	2	2	0.125000
4454	2	2	0.125000
4455	2	2	0.125000
4456	2	2	0.125000
4457	2	2	0.125000
4458	2	2	0.125000
4459	2	2	0.125000
4460	2	2	0.125000
4461	2	2	0.125000
4462	1	1	0.125000
4463	1	1	0.125000
4464	1	1	0.125000
4465	1	1	0.125000
4466	1	3	0.125000
4467	1	1	0.125000
4468	1	1	0.125000
4469	1	1	0.125000
4470	1	1	0.125000
4471	1	3	0.125000
4472	1	1	0.125000
4473	1	1	0.125000
4474	1	1	0.125000
4475	1	1	0.125000
4476	1	1	0.125000
4477	1	1	0.125000
4478	1	1	0.125000
4479	1	1	0.125000
4480	2	2	0.125000
4481	2	2	0.125000
4482	2	2	0.125000
4483	2	2	0.125000
4484	2	2	0.125000
4485	2	2	0.125000
4486	2	2	0.125000
4487	2	2	0.125000
4488	2	2	0.125000
4489	2	2	0.125000
4490	2	2	0.125000
4491	1	1	0.125000
4492	1	1	0.125000
4493	1	1	0.125000
4494	1	1	0.125000
4495	1	1	0.125000
4496	1	1	0.125000
4497	1	3	0.125000
4498	1	1	0.125000
4499	1	1	0.125000
4500	1	1	0.125000
4501	1	1	0.125000
4502	1	1	0.125000
4503	1	1	0.125000
4504	1	1	0.125000
4505	1	3	0.125000
4506	1	0	0.125000
4507	1	1	0.125000
4508	1	1	0.125000
4509	1	1	0.125000
4510	1	1	0.125000
4511	2	2	0.125000
4512	2	0	0.125000
4513	2	2	0.125000
4514	2	2	0.125000
4515	2	2	0.125000
4516	2	2	0.125000
4517	2	2	0.125000
4518	2	2	0.125000
4519	2	2	0.125000
4520	2	2	0.125000
4521	2	2	0.125000
4522	2	2	0.125000
4523	2	2	0.125000
4524	2	2	0.125000
4525	2	2	0.125000
4526	2	3	0.125000
4527	1	1	0.125000
4528	1	1	0.125000
4529	1	1	0.125000
4530	1	1	0.125000
4531	1	1	0.125000
4532	1	1	0.125000
4533	1	1	0.125000
4534	1	1	0.125000
4535	1	1	0.125000
4536	1	1	0.125000
4537	1	1	0.125000
4538	1	3	0.125000
4539	1	1	0.125000
4540	2	2	0.125000
4541	2	2	0.125000
4542	2	2	0.125000
4543	2	2	0.125000
4544	2	2	0.125000
4545	2	0	0.125000
4546	2	2	0.125000
4547	2	2	0.125000
4548	2	2	0.125000
4549	2	2	0.125000
4550	2	2	0.125000
4551	2	4	0.125000
4552	2	2	0.125000
4553	1	1	0.125000
4554	1	0	0.125000
4555	1	1	0.125000
4556	1	1	0.125000
4557	1	1	0.125000
4558	1	1	0.125000
4559	1	0	0.125000
4560	1	1	0.125000
4561	1	1	0.125000
4562	1	0	0.125000
4563	1	0	0.125000
4564	1	1	0.125000
4565	1	0	0.125000
4566	1	1	0.125000
4567	2	2	0.125000
4568	2	2	0.125000
4569	2	2	0.125000
4570	2	4	0.125000
4571	2	2	0.125000
4572	2	2	0.125000
4573	2	2	0.125000
4574	2	2	0.125000
4575	2	2	0.125000
4576	2	2	0.125000
4577	2	2	0.125000
4578	2	2	0.125000
4579	1	1	0.125000
4580	1	1	0.125000
4581	1	1	0.125000
4582	1	1	0.125000
4583	1	2	0.125000
4584	1	1	0.125000
4585	1	1	0.125000
4586	1	1	0.125000
4587	1	1	0.125000
4588	1	1	0.125000
4589	1	1	0.125000
4590	1	1	0.125000
4591	1	1	0.125000
4592	1	1	0.125000
4593	1	1	0.125000
4594	1	1	0.125000
4595	1	1	0.125000
4596	1	1	0.125000
4597	1	1	0.125000
4598	2	2	0.125000
4599	2	2	0.125000
4600	2	2	0.125000
4601	2	2	0.125000
4602	2	2	0.125000
4603	2	2	0.125000
4604	2	2	0.125000
4605	2	2	0.125000
4606	2	2	0.125000
4607	2	2	0.125000
4608	2	2	0.125000
4609	2	2	0.125000
4610	2	2	0.125000
4611	1	1	0.125000
4612	1	1	0.125000
4613	1	1	0.125000
4614	1	1	0.125000
4615	1	1	0.125000
4616	1	1	0.125000
4617	1	1	0.125000
4618	1	1	0.125000
4619	1	1	0.125000
4620	1	2	0.125000
4621	1	1	0.125000
4622	1	1	0.125000
4623	1	1	0.125000
4624	1	1	0.125000
4625	1	1	0.125000
4626	1	1	0.125000
4627	1	1	0.125000
4628	2	2	0.125000
4629	2	2	0.125000
4630	2	2	0.125000
4631	2	2	0.125000
4632	2	2	0.125000
4633	2	2	0.125000
4634	2	5	0.125000
4635	2	2	0.125000
4636	2	2	0.125000
4637	2	2	0.125000
4638	2	2	0.125000
4639	1	1	0.125000
4640	1	1	0.125000
4641	1	1	0.125000
4642	1	1	0.125000
4643	1	1	0.125000
4644	1	1	0.125000
4645	1	3	0.125000
4646	1	1	0.125000
4647	1	0	0.125000
4648	1	1	0.125000
4649	1	1	0.125000
4650	1	1	0.125000
4651	1	1	0.125000
4652	1	1	0.125000
4653	1	1	0.125000
4654	1	1	0.125000
4655	1	1	0.125000
4656	2	2	0.125000
4657	2	2	0.125000
4658	2	2	0.125000
4659	2	2	0.125000
4660	2	2	0.125000
4661	2	0	0.125000
4662	2	2	0.125000
4663	2	2	0.125000
4664	2	2	0.125000
4665	2	2	0.125000
4666	2	2	0.125000
4667	2	2	0.125000
4668	1	1	0.125000
4669	1	1	0.125000
4670	1	1	0.125000
4671	1	1	0.125000
4672	1	1	0.125000
4673	1	1	0.125000
4674	1	1	0.125000
4675	1	1	0.125000
4676	1	1	0.125000
4677	1	1	0.125000
4678	1	1	0.125000
4679	1	0	0.125000
4680	1	1	0.125000
4681	1	1	0.125000
4682	1	1	0.125000
4683	2	3	0.125000
4684	2	2	0.125000
4685	2	2	0.125000
4686	2	2	0.125000
4687	2	4	0.125000
4688	2	5	0.125000
4689	2	2	0.125000
4690	2	2	0.125000
4691	2	2	0.125000
4692	2	2	0.125000
4693	2	2	0.125000
4694	2	2	0.125000
4695	2	2	0.125000
4696	2	2	0.125000
4697	2	2	0.125000
4698	2	2	0.125000
4699	2	2	0.125000
4700	2	0	0.125000
4701	2	2	0.125000
4702	2	2	0.125000
4703	2	2	0.125000
4704	2	3	0.125000
4705	2	2	0.125000
4706	2	2	0.125000
4707	2	4	0.125000
4708	2	2	0.125000
4709	2	2	0.125000
4710	2	2	0.125000
4711	2	2	0.125000
4712	2	2	0.125000
4713	2	2	0.125000
4714	2	2	0.125000
4715	2	3	0.125000
4716	2	2	0.125000
4717	2	2	0.125000
4718	2	2	0.125000
4719	2	2	0.125000
4720	2	2	0.125000
4721	2	2	0.125000
4722	2	5	0.125000
4723	2	2	0.125000
4724	2	3	0.125000
4725	2	2	0.125000
4726	2	2	0.125000
4727	2	2	0.125000
4728	2	2	0.125000
4729	2	2	0.125000
4730	2	2	0.125000
4731	2	2	0.125000
4732	2	2	0.125000
4733	2	2	0.125000
4734	2	1	0.125000
4735	2	2	0.125000
4736	2	2	0.125000
4737	2	2	0.125000
4738	2	2	0.125000
4739	2	2	0.125000
4740	2	2	0.125000
4741	2	2	0.125000
4742	2	2	0.125000
4743	2	1	0.125000
4744	2	2	0.125000
4745	2	2	0.125000
4746	1	0	0.125000
4747	1	1	0.125000
4748	1	1	0.125000
4749	1	1	0.125000
4750	1	1	0.125000
4751	1	1	0.125000
4752	1	1	0.125000
4753	1	1	0.125000
4754	1	2	0.125000
4755	2	2	0.125000
4756	1	0	0.125000
4757	2	2	0.125000
4758	2	2	0.125000
4759	2	2	0.125000
4760	2	2	0.125000
4761	2	2	0.125000
4762	2	2	0.125000
4763	2	2	0.125000
4764	2	2	0.125000
4765	2	2	0.125000
4766	2	2	0.125000
4767	2	2	0.125000
4768	2	2	0.125000
4769	2	2	0.125000
4770	2	2	0.125000
4771	2	2	0.125000
4772	2	2	0.125000
4773	2	2	0.125000
4774	2	2	0.125000
4775	2	2	0.125000
4776	2	2	0.125000
4777	2	2	0.125000
4778	2	2	0.125000
4779	2	2	0.125000
4780	2	2	0.125000
4781	1	3	0.125000
4782	1	1	0.125000
4783	1	1	0.125000
4784	1	1	0.125000
4785	1	1	0.125000
4786	1	2	0.125000
4787	1	1	0.125000
4788	1	2	0.125000
4789	1	1	0.125000
4790	2	2	0.125000
4791	1	1	0.125000
4792	1	1	0.125000
4793	1	1	0.125000
4794	1	1	0.125000
4795	2	2	0.125000
4796	2	2	0.125000
4797	2	4	0.125000
4798	2	2	0.125000
4799	2	2	0.125000
4800	2	2	0.125000
4801	2	2	0.125000
4802	2	2	0.125000
4803	2	5	0.125000
4804	2	2	0.125000
4805	2	2	0.125000
4806	2	2	0.125000
4807	1	1	0.125000
4808	1	2	0.125000
4809	1	1	0.125000
4810	1	1	0.125000
4811	1	1	0.125000
4812	1	1	0.125000
4813	1	1	0.125000
4814	2	2	0.125000
4815	2	4	0.125000
4816	2	2	0.125000
4817	2	2	0.125000
4818	2	2	0.125000
4819	2	2	0.125000
4820	2	3	0.125000
4821	2	2	0.125000
4822	2	2	0.125000
4823	2	2	0.125000
4824	2	2	0.125000
4825	2	2	0.125000
4826	2	0	0.125000
4827	2	2	0.125000
4828	2	2	0.125000
4829	2	2	0.125000
4830	2	2	0.125000
4831	2	2	0.125000
4832	2	2	0.125000
4833	2	2	0.125000
4834	2	2	0.125000
4835	2	2	0.125000
4836	1	1	0.125000
4837	1	1	0.125000
4838	1	1	0.125000
4839	1	1	0.125000
4840	1	1	0.125000
4841	1	1	0.125000
4842	1	1	0.125000
4843	1	1	0.125000
4844	1	1	0.125000
4845	1	1	0.125000
4846	1	1	0.125000
4847	1	1	0.125000
4848	1	1	0.125000
4849	1	1	0.125000
4850	1	1	0.125000
4851	1	1	0.125000
4852	2	2	0.125000
4853	2	2	0.125000
4854	2	2	0.125000
4855	2	2	0.125000
4856	2	2	0.125000
4857	2	2	0.125000
4858	2	1	0.125000
4859	2	2	0.125000
4860	2	2	0.125000
4861	2	1	0.125000
4862	2	2	0.125000
4863	2	2	0.125000
4864	2	2	0.125000
4865	2	2	0.125000
4866	1	1	0.125000
4867	1	1	0.125000
4868	2	2	0.125000
4869	2	2	0.125000
4870	1	1	0.125000
4871	1	1	0.125000
4872	1	1	0.125000
4873	1	0	0.125000
4874	1	1	0.125000
4875	1	1	0.125000
4876	1	1	0.125000
4877	1	1	0.125000
4878	1	1	0.125000
4879	1	1	0.125000
4880	2	2	0.125000
4881	2	2	0.125000
4882	2	2	0.125000
4883	2	4	0.125000
4884	2	2	0.125000
4885	2	2	0.125000
4886	2	2	0.125000
4887	2	2	0.125000
4888	2	2	0.125000
4889	2	2	0.125000
4890	2	2	0.125000
4891	2	2	0.125000
4892	2	2	0.125000
4893	2	2	0.125000
4894	2	2	0.125000
4895	2	2	0.125000
4896	2	2	1.000000
4897	3	0	1.000000
4898	3	0	1.000000
4899	3	0	1.000000
4900	3	0	1.000000
4901	3	0	1.000000
4902	3	0	1.000000
4903	3	0	1.000000
4904	3	0	1.000000
4905	3	0	1.000000
4906	3	3	1.000000
4907	3	0	1.000000
4908	3	0	1.000000
4909	3	0	1.000000
4910	3	0	1.000000
4911	3	0	1.000000
4912	3	0	1.000000
4913	3	0	1.000000
4914	3	0	1.000000
4915	3	0	1.000000
4916	3	0	1.000000
4917	3	0	1.000000
4918	3	0	1.000000
4919	3	0	1.000000
4920	3	0	1.000000
4921	4	2	1.000000
4922	3	0	1.000000
4923	3	0	1.000000
4924	3	0	1.000000
4925	3	3	1.000000
4926	3	0	1.000000
4927	3	0	1.000000
4928	3	0	1.000000
4929	3	0	1.000000
4930	3	0	1.000000
4931	3	0	1.000000
4932	3	2	1.000000
4933	4	0	1.000000
4934	4	0	1.000000
4935	4	0	1.000000
4936	4	0	1.000000
4937	4	0	1.000000
4938	3	0	1.000000
4939	3	0	1.000000
4940	3	0	1.000000
4941	3	0	1.000000
4942	3	0	1.000000
4943	3	0	1.000000
4944	3	0	1.000000
4945	3	0	1.000000
4946	3	0	1.000000
4947	3	0	1.000000
4948	4	0	1.000000
4949	3	0	1.000000
4950	3	0	1.000000
4951	3	0	1.000000
4952	3	0	1.000000
4953	3	0	1.000000
4954	3	0	1.000000
4955	3	0	1.000000
4956	3	0	1.000000
4957	3	0	1.000000
4958	3	0	1.000000
4959	3	1	1.000000
4960	3	0	1.000000
4961	3	0	1.000000
4962	3	0	1.000000
4963	3	2	1.000000
4964	3	0	1.000000
4965	3	0	1.000000
4966	3	0	1.000000
4967	3	0	1.000000
4968	3	0	1.000000
4969	3	0	1.000000
4970	3	0	1.000000
4971	3	1	1.000000
4972	3	0	1.000000
4973	3	0	1.000000
4974	3	0	1.000000
4975	3	0	1.000000
4976	3	0	1.000000
4977	3	0	1.000000
4978	3	0	1.000000
4979	3	0	1.000000
4980	3	0	1.000000
4981	3	0	1.000000
4982	3	0	1.000000
4983	3	0	1.000000
4984	3	1	1.000000
4985	3	0	1.000000
4986	3	0	1.000000
4987	4	0	1.000000
4988	4	0	1.000000
4989	4	0	1.000000
4990	3	0	1.000000
4991	4	0	1.000000
4992	4	0	1.000000
4993	4	0	1.000000
4994	4	1	1.000000
4995	4	0	1.000000
4996	4	0	1.000000
4997	4	0	1.000000
4998	4	0	1.000000
4999	4	0	1.000000
5000	4	0	1.000000
5001	4	0	1.000000
5002	4	0	1.000000
5003	4	0	1.000000
5004	4	1	1.000000
5005	4	0	1.000000
5006	4	0	1.000000
5007	4	0	1.000000
5008	4	0	1.000000
5009	4	0	1.000000
5010	4	0	1.000000
5011	4	0	1.000000
5012	4	0	1.000000
5013	4	0	1.000000
5014	4	0	1.000000
5015	4	0	1.000000
5016	4	0	1.000000
5017	4	0	1.000000
5018	4	3	1.000000
5019	4	2	1.000000
5020	4	0	1.000000
5021	4	0	1.000000
5022	4	0	1.000000
5023	4	0	1.000000
5024	4	0	1.000000
5025	4	0	1.000000
5026	4	0	1.000000
5027	4	0	1.000000
5028	4	0	1.000000
5029	4	3	1.000000
5030	4	2	1.000000
5031	4	0	1.000000
5032	4	0	1.000000
5033	4	0	1.000000
5034	4	0	1.000000
5035	4	0	1.000000
5036	4	0	1.000000
5037	4	0	1.000000
5038	4	0	1.000000
5039	4	0	1.000000
5040	4	3	1.000000
5041	4	0	1.000000
5042	4	0	1.000000
5043	4	2	1.000000
5044	4	0	1.000000
5045	4	0	1.000000
5046	4	0	1.000000
5047	4	0	1.000000
5048	4	0	1.000000
5049	4	0	1.000000
5050	4	0	1.000000
5051	4	0	1.000000
5052	4	0	1.000000
5053	4	0	1.000000
5054	4	2	1.000000
5055	4	0	1.000000
5056	4	0	1.000000
5057	4	0	1.000000
5058	4	0	1.000000
5059	4	0	1.000000
5060	4	2	1.000000
5061	4	0	1.000000
5062	4	0	1.000000
5063	4	0	1.000000
5064	4	0	1.000000
5065	4	0	1.000000
5066	4	2	1.000000
5067	4	0	1.000000
5068	4	0	1.000000
5069	4	0	1.000000
5070	4	0	1.000000
5071	4	0	1.000000
5072	4	0	1.000000
5073	4	0	1.000000
5074	4	0	1.000000
5075	4	0	1.000000
5076	4	0	1.000000
5077	4	0	1.000000
5078	4	0	1.000000
5079	4	0	1.000000
5080	4	0	1.000000
5081	4	2	1.000000
5082	4	0	1.000000
5083	4	1	1.000000
5084	4	0	1.000000
5085	4	0	1.000000
5086	4	0	1.000000
5087	4	0	1.000000
5088	4	0	1.000000
5089	4	0	1.000000
5090	4	0	1.000000
5091	4	0	1.000000
5092	4	0	1.000000
5093	4	0	1.000000
5094	4	3	1.000000
5095	4	0	1.000000
5096	4	0	1.000000
5097	4	3	1.000000
5098	4	0	1.000000
5099	4	0	1.000000
5100	4	0	1.000000
5101	4	0	1.000000
5102	4	0	1.000000
5103	4	1	1.000000
5104	4	0	1.000000
5105	4	0	1.000000
5106	4	0	1.000000
5107	4	0	1.000000
5108	4	0	1.000000
5109	4	0	1.000000
5110	4	0	1.000000
5111	4	0	1.000000
5112	4	0	1.000000
5113	4	0	1.000000
5114	4	0	1.000000
5115	4	0	1.000000
5116	4	0	1.000000
5117	4	0	1.000000
5118	4	0	1.000000
5119	4	0	1.000000
5120	4	0	1.000000
5121	4	0	1.000000
5122	4	0	1.000000
5123	4	0	1.000000
5124	4	0	1.000000
5125	4	0	1.000000
5126	4	0	1.000000
5127	4	0	1.000000
5128	4	0	1.000000
5129	4	3	1.000000
5130	4	0	1.000000
5131	4	0	1.000000
5132	4	0	1.000000
5133	4	0	1.000000
5134	4	0	1.000000
5135	4	0	1.000000
5136	4	0	1.000000
5137	3	0	1.000000
5138	4	0	1.000000
5139	4	2	1.000000
5140	4	0	1.000000
5141	3	0	1.000000
5142	3	0	1.000000
5143	3	0	1.000000
5144	3	0	1.000000
5145	3	0	1.000000
5146	3	0	1.000000
5147	3	0	1.000000
5148	3	0	1.000000
5149	3	0	1.000000
5150	3	0	1.000000
5151	3	0	1.000000
5152	3	0	1.000000
5153	3	1	1.000000
5154	3	1	1.000000
5155	3	0	1.000000
5156	3	0	1.000000
5157	3	0	1.000000
5158	3	0	1.000000
5159	3	0	1.000000
5160	3	0	1.000000
5161	3	0	1.000000
5162	3	0	1.000000
5163	3	0	1.000000
5164	3	0	1.000000
5165	3	0	1.000000
5166	3	1	1.000000
5167	3	0	1.000000
5168	3	0	1.000000
5169	3	0	1.000000
5170	3	0	1.000000
5171	3	0	1.000000
5172	3	0	1.000000
5173	3	0	1.000000
5174	3	0	1.000000
5175	3	1	1.000000
5176	3	0	1.000000
5177	3	0	1.000000
5178	3	0	1.000000
5179	3	0	1.000000
5180	3	0	1.000000
5181	3	0	1.000000
5182	3	0	1.000000
5183	3	0	1.000000
5184	3	0	1.000000
5185	3	0	1.000000
5186	3	0	1.000000
5187	3	0	1.000000
5188	3	3	1.000000
5189	3	0	1.000000
5190	3	0	1.000000
5191	3	0	1.000000
5192	3	0	1.000000
5193	3	0	1.000000
5194	3	0	1.000000
5195	3	2	1.000000
5196	3	0	1.000000
5197	3	0	1.000000
5198	3	0	1.000000
5199	3	0	1.000000
5200	3	2	1.000000
5201	3	0	1.000000
5202	3	0	1.000000
5203	3	3	1.000000
5204	3	0	1.000000
5205	3	0	1.000000
5206	3	0	1.000000
5207	3	0	1.000000
5208	3	0	1.000000
5209	3	0	1.000000
5210	3	0	1.000000
5211	3	0	1.000000
5212	3	1	1.000000
5213	3	0	1.000000
5214	3	0	1.000000
5215	3	0	1.000000
5216	3	0	1.000000
5217	3	0	1.000000
5218	3	0	1.000000
5219	3	0	1.000000
5220	3	0	1.000000
5221	3	0	1.000000
5222	3	0	1.000000
5223	3	0	1.000000
5224	3	0	1.000000
5225	3	0	1.000000
5226	3	0	1.000000
5227	3	0	1.000000
5228	3	0	1.000000
5229	3	0	1.000000
5230	3	0	1.000000
5231	3	0	1.000000
5232	3	0	1.000000
5233	3	0	1.000000
5234	3	0	1.000000
5235	3	0	1.000000
5236	3	0	1.000000
5237	3	0	1.000000
5238	3	0	1.000000
5239	3	0	1.000000
5240	3	0	1.000000
5241	3	0	0.125000
5242	2	2	1.000000
5243	3	3	1.000000
5244	3	0	0.125000
5245	2	2	0.125000
5246	2	2	0.125000
5247	2	2	0.125000
5248	2	2	0.125000
5249	2	2	0.125000
5250	2	2	0.125000
5251	2	2	0.125000
5252	2	2	0.125000
5253	2	2	0.125000
5254	2	2	0.125000
5255	2	2	0.125000
5256	2	2	0.125000
5257	2	2	0.125000
5258	2	2	0.125000
5259	2	2	0.125000
5260	1	1	0.125000
5261	1	1	0.125000
5262	1	1	0.125000
5263	1	1	0.125000
5264	1	1	0.125000
5265	2	2	0.125000
5266	2	2	0.125000
5267	1	1	0.125000
5268	1	1	0.125000
5269	1	1	0.125000
5270	1	0	0.125000
5271	1	1	0.125000
5272	1	1	0.125000
5273	1	1	0.125000
5274	1	2	0.125000
5275	1	1	0.125000
5276	1	1	0.125000
5277	1	1	0.125000
5278	1	1	0.125000
5279	1	1	0.125000
5280	2	2	0.125000
5281	2	2	0.125000
5282	2	2	0.125000
5283	2	2	0.125000
5284	2	2	0.125000
5285	2	2	0.125000
5286	2	2	0.125000
5287	2	3	0.125000
5288	2	2	0.125000
5289	2	2	0.125000
5290	2	2	0.125000
5291	2	2	0.125000
5292	2	2	0.125000
5293	1	1	0.125000
5294	1	1	0.125000
5295	1	1	0.125000
5296	1	1	0.125000
5297	1	1	0.125000
5298	1	1	0.125000
5299	1	1	0.125000
5300	1	1	0.125000
5301	1	1	0.125000
5302	1	1	0.125000
5303	1	1	0.125000
5304	1	1	0.125000
5305	1	2	0.125000
5306	2	5	0.125000
5307	2	2	0.125000
5308	2	2	0.125000
5309	2	2	0.125000
5310	2	2	0.125000
5311	2	2	0.125000
5312	2	2	0.125000
5313	2	2	0.125000
5314	2	2	0.125000
5315	2	2	0.125000
5316	2	2	0.125000
5317	2	2	0.125000
5318	2	2	0.125000
5319	2	2	0.125000
5320	2	0	0.125000
5321	2	2	0.125000
5322	2	2	0.125000
5323	2	2	0.125000
5324	2	2	0.125000
5325	1	1	0.125000
5326	1	1	0.125000
5327	1	1	0.125000
5328	1	1	0.125000
5329	1	1	0.125000
5330	1	1	0.125000
5331	1	1	0.125000
5332	1	2	0.125000
5333	1	1	0.125000
5334	1	1	0.125000
5335	1	1	0.125000
5336	1	1	0.125000
5337	1	1	0.125000
5338	1	1	0.125000
5339	2	2	0.125000
5340	2	2	0.125000
5341	2	2	0.125000
5342	2	2	0.125000
5343	2	2	0.125000
5344	2	2	0.125000
5345	2	5	0.125000
5346	2	2	0.125000
5347	2	2	0.125000
5348	2	2	0.125000
5349	2	2	0.125000
5350	2	2	0.125000
5351	2	4	0.125000
5352	1	1	0.125000
5353	1	1	0.125000
5354	1	1	0.125000
5355	1	1	0.125000
5356	1	1	0.125000
5357	1	1	0.125000
5358	1	1	0.125000
5359	1	1	0.125000
5360	1	1	0.125000
5361	1	1	0.125000
5362	1	3	0.125000
5363	1	1	0.125000
5364	1	1	0.125000
5365	2	2	0.125000
5366	2	2	0.125000
5367	2	2	0.125000
5368	2	2	0.125000
5369	2	2	0.125000
5370	2	2	0.125000
5371	2	2	0.125000
5372	2	2	0.125000
5373	2	2	0.125000
5374	2	2	0.125000
5375	2	2	0.125000
5376	2	2	0.125000
5377	2	2	0.125000
5378	1	1	0.125000
5379	1	1	0.125000
5380	1	0	0.125000
5381	1	1	0.125000
5382	1	1	0.125000
5383	1	1	0.125000
5384	1	1	0.125000
5385	1	1	0.125000
5386	1	1	0.125000
5387	1	1	0.125000
5388	1	3	0.125000
5389	1	1	0.125000
5390	1	1	0.125000
5391	2	2	0.125000
5392	2	2	0.125000
5393	2	1	0.125000
5394	2	2	0.125000
5395	2	2	0.125000
5396	2	2	0.125000
5397	2	2	0.125000
5398	2	2	0.125000
5399	2	2	0.125000
5400	2	2	0.125000
5401	2	2	0.125000
5402	2	2	0.125000
5403	2	2	0.125000
5404	2	2	0.125000
5405	2	2	0.125000
5406	1	1	0.125000
5407	1	1	0.125000
5408	1	1	0.125000
5409	1	1	0.125000
5410	1	1	0.125000
5411	1	1	0.125000
5412	1	1	0.125000
5413	1	1	0.125000
5414	1	1	0.125000
5415	1	1	0.125000
5416	1	1	0.125000
5417	1	1	0.125000
5418	1	1	0.125000
5419	2	2	0.125000
5420	2	2	0.125000
5421	2	2	0.125000
5422	2	2	0.125000
5423	2	2	0.125000
5424	2	2	0.125000
5425	2	2	0.125000
5426	2	2	0.125000
5427	2	2	0.125000
5428	2	2	0.125000
5429	2	5	0.125000
5430	2	2	0.125000
5431	1	1	0.125000
5432	2	2	0.125000
5433	1	1	0.125000
5434	1	1	0.125000
5435	2	0	0.125000
5436	2	2	0.125000
5437	2	2	0.125000
5438	2	2	0.125000
5439	2	2	0.125000
5440	2	2	0.125000
5441	2	2	0.125000
5442	2	2	0.125000
5443	2	2	0.125000
5444	2	2	0.125000
5445	2	2	0.125000
5446	1	1	0.125000
5447	1	1	0.125000
5448	1	2	0.125000
5449	1	0	0.125000
5450	1	1	0.125000
5451	1	1	0.125000
5452	1	1	0.125000
5453	1	1	0.125000
5454	1	1	0.125000
5455	1	2	0.125000
5456	1	1	0.125000
5457	1	1	0.125000
5458	1	1	0.125000
5459	2	2	0.125000
5460	2	2	0.125000
5461	2	2	0.125000
5462	2	2	0.125000
5463	2	2	0.125000
5464	2	2	0.125000
5465	2	2	0.125000
5466	2	2	0.125000
5467	2	2	0.125000
5468	2	2	0.125000
5469	2	1	0.125000
5470	1	1	0.125000
5471	1	1	0.125000
5472	1	1	0.125000
5473	1	1	0.125000
5474	1	1	0.125000
5475	1	1	0.125000
5476	1	1	0.125000
5477	1	1	0.125000
5478	1	1	0.125000
5479	2	2	0.125000
5480	1	1	0.125000
5481	1	1	0.125000
5482	1	1	0.125000
5483	1	1	0.125000
5484	1	1	0.125000
5485	1	1	0.125000
5486	1	1	0.125000
5487	2	3	0.125000
5488	2	2	0.125000
5489	2	2	0.125000
5490	1	1	0.125000
5491	1	1	0.125000
5492	1	1	0.125000
5493	1	1	0.125000
5494	1	1	0.125000
5495	1	1	0.125000
5496	1	1	0.125000
5497	1	1	0.125000
5498	1	1	0.125000
5499	1	3	0.125000
5500	1	1	0.125000
5501	1	1	0.125000
5502	1	1	0.125000
5503	1	2	0.125000
5504	1	3	0.125000
5505	2	2	0.125000
5506	2	2	0.125000
5507	2	2	0.125000
5508	2	2	0.125000
5509	2	2	0.125000
5510	2	2	0.125000
5511	2	2	0.125000
5512	2	2	0.125000
5513	2	2	0.125000
5514	2	3	0.125000
5515	2	2	0.125000
5516	2	2	0.125000
5517	2	2	0.125000
5518	2	2	0.125000
5519	2	2	0.125000
5520	2	2	0.125000
5521	2	2	0.125000
5522	2	2	0.125000
5523	2	2	0.125000
5524	2	2	0.125000
5525	1	3	0.125000
5526	1	1	0.125000
5527	1	1	0.125000
5528	1	1	0.125000
5529	1	1	0.125000
5530	1	1	0.125000
5531	1	1	0.125000
5532	1	1	0.125000
5533	1	1	0.125000
5534	1	1	0.125000
5535	1	1	0.125000
5536	1	1	0.125000
5537	1	1	0.125000
5538	1	1	0.125000
5539	1	1	0.125000
5540	1	2	0.125000
5541	1	1	0.125000
5542	1	1	0.125000
5543	1	2	0.125000
5544	1	1	0.125000
5545	2	2	0.125000
5546	2	2	0.125000
5547	2	2	0.125000
5548	2	2	0.125000
5549	2	2	0.125000
5550	2	2	0.125000
5551	2	3	0.125000
5552	2	2	0.125000
5553	2	2	0.125000
5554	0	0	0.000000
