StartTime	2015/11/08 04:21:16
FinishTime	2015/11/08 04:22:08
ElapsedTime	52.000000
/home/daisuke/git/ReinforcementLearning/log/EV3LineTracer_20151108022157_10Setting_20151108022158.log
0	1.000000
1	0.031250	0.906250	0.031250	0.031250
2	0.020833	0.020833	0.020833	0.020833	0.020833	0.895833
3	0.031250	0.031250	0.031250	0.906250
4	0.031250	0.031250	0.031250	0.906250
5	0.031250	0.906250	0.031250	0.031250
6	0.031250	0.031250	0.031250	0.906250
4028
0	3	3	1.000000
1	3	3	1.000000
2	3	3	1.000000
3	3	3	1.000000
4	3	3	1.000000
5	3	3	1.000000
6	3	3	1.000000
7	3	3	1.000000
8	3	3	1.000000
9	3	3	1.000000
10	3	3	0.125000
11	2	5	0.125000
12	2	5	0.125000
13	2	5	0.125000
14	2	5	0.125000
15	2	5	0.125000
16	2	5	0.125000
17	2	2	0.125000
18	1	2	0.125000
19	1	1	0.125000
20	2	5	0.125000
21	1	1	0.125000
22	1	1	0.125000
23	1	1	0.125000
24	1	1	0.125000
25	1	3	0.125000
26	1	1	0.125000
27	1	1	0.125000
28	1	1	0.125000
29	1	1	0.125000
30	1	1	0.125000
31	1	0	0.125000
32	1	1	0.125000
33	1	1	0.125000
34	1	1	0.125000
35	1	1	0.125000
36	1	1	0.125000
37	1	1	0.125000
38	1	1	0.125000
39	1	1	0.125000
40	1	1	0.125000
41	1	1	0.125000
42	1	1	0.125000
43	1	1	0.125000
44	1	1	0.125000
45	1	1	0.125000
46	1	1	0.125000
47	1	1	0.125000
48	1	1	0.125000
49	1	1	0.125000
50	1	1	0.125000
51	1	1	0.125000
52	2	4	0.125000
53	2	5	0.125000
54	2	5	0.125000
55	2	5	0.125000
56	2	5	0.125000
57	2	5	0.125000
58	2	5	0.125000
59	2	5	0.125000
60	2	5	0.125000
61	2	5	0.125000
62	1	1	0.125000
63	1	1	0.125000
64	1	2	0.125000
65	1	1	0.125000
66	1	1	0.125000
67	1	0	0.125000
68	1	2	0.125000
69	1	1	0.125000
70	1	1	0.125000
71	1	1	0.125000
72	2	5	0.125000
73	2	5	0.125000
74	2	5	0.125000
75	1	1	0.125000
76	1	1	0.125000
77	1	1	0.125000
78	1	1	0.125000
79	1	1	0.125000
80	1	1	0.125000
81	1	1	0.125000
82	1	1	0.125000
83	1	1	0.125000
84	1	0	0.125000
85	1	1	0.125000
86	1	1	0.125000
87	1	1	0.125000
88	1	1	0.125000
89	1	3	0.125000
90	1	1	0.125000
91	1	1	0.125000
92	1	1	0.125000
93	1	1	0.125000
94	1	1	0.125000
95	1	1	0.125000
96	1	3	0.125000
97	1	1	0.125000
98	1	2	0.125000
99	1	1	0.125000
100	1	1	0.125000
101	1	1	0.125000
102	1	1	0.125000
103	1	1	0.125000
104	2	5	0.125000
105	2	5	0.125000
106	2	5	0.125000
107	2	5	0.125000
108	2	5	0.125000
109	2	5	0.125000
110	2	5	0.125000
111	2	5	0.125000
112	2	5	0.125000
113	2	5	0.125000
114	2	5	0.125000
115	2	5	0.125000
116	1	1	0.125000
117	1	1	0.125000
118	1	1	0.125000
119	1	1	0.125000
120	1	1	0.125000
121	2	5	0.125000
122	2	5	0.125000
123	1	1	0.125000
124	1	1	0.125000
125	1	1	0.125000
126	1	1	0.125000
127	1	1	0.125000
128	1	1	0.125000
129	1	3	0.125000
130	1	1	0.125000
131	1	1	0.125000
132	1	3	0.125000
133	1	1	0.125000
134	1	1	0.125000
135	1	1	0.125000
136	1	1	0.125000
137	1	1	0.125000
138	1	1	0.125000
139	1	1	0.125000
140	1	1	0.125000
141	1	1	0.125000
142	1	1	0.125000
143	1	1	0.125000
144	2	5	0.125000
145	2	5	0.125000
146	1	1	0.125000
147	1	1	0.125000
148	1	1	0.125000
149	1	1	0.125000
150	1	1	0.125000
151	1	1	0.125000
152	1	1	0.125000
153	1	1	0.125000
154	1	3	0.125000
155	1	1	0.125000
156	1	1	0.125000
157	1	1	0.125000
158	1	0	0.125000
159	1	1	0.125000
160	1	1	0.125000
161	1	1	0.125000
162	1	1	0.125000
163	1	1	0.125000
164	1	1	0.125000
165	1	1	0.125000
166	1	1	0.125000
167	1	1	0.125000
168	1	1	0.125000
169	1	1	0.125000
170	1	0	0.125000
171	2	5	0.125000
172	2	3	0.125000
173	2	5	0.125000
174	2	5	0.125000
175	2	5	0.125000
176	2	5	0.125000
177	2	5	0.125000
178	2	5	0.125000
179	2	5	0.125000
180	2	5	0.125000
181	2	5	0.125000
182	2	5	0.125000
183	2	4	0.125000
184	1	1	0.125000
185	1	1	0.125000
186	1	1	0.125000
187	1	1	0.125000
188	1	1	0.125000
189	2	5	0.125000
190	1	1	0.125000
191	1	1	0.125000
192	1	1	0.125000
193	1	1	0.125000
194	1	1	0.125000
195	1	1	0.125000
196	1	1	0.125000
197	1	1	0.125000
198	1	1	0.125000
199	1	1	0.125000
200	1	1	0.125000
201	1	1	0.125000
202	1	1	0.125000
203	1	1	0.125000
204	1	3	0.125000
205	1	1	0.125000
206	1	1	0.125000
207	1	1	0.125000
208	1	1	0.125000
209	1	1	0.125000
210	1	1	0.125000
211	1	1	0.125000
212	1	1	0.125000
213	2	5	0.125000
214	2	5	0.125000
215	2	1	0.125000
216	2	5	0.125000
217	2	5	0.125000
218	2	5	0.125000
219	2	5	0.125000
220	2	5	0.125000
221	2	5	0.125000
222	2	5	0.125000
223	2	5	0.125000
224	2	5	0.125000
225	2	5	0.125000
226	1	1	0.125000
227	1	1	0.125000
228	1	3	0.125000
229	1	1	0.125000
230	1	1	0.125000
231	1	1	0.125000
232	1	3	0.125000
233	1	1	0.125000
234	1	1	0.125000
235	1	3	0.125000
236	1	1	0.125000
237	1	1	0.125000
238	1	1	0.125000
239	1	0	0.125000
240	1	2	0.125000
241	1	1	0.125000
242	1	1	0.125000
243	1	1	0.125000
244	1	1	0.125000
245	1	1	0.125000
246	2	5	0.125000
247	2	5	0.125000
248	2	5	0.125000
249	2	5	0.125000
250	2	5	0.125000
251	2	0	0.125000
252	2	5	0.125000
253	2	5	0.125000
254	2	5	0.125000
255	2	5	0.125000
256	1	1	0.125000
257	1	1	0.125000
258	1	1	0.125000
259	1	1	0.125000
260	1	1	0.125000
261	1	1	0.125000
262	1	1	0.125000
263	1	1	0.125000
264	1	1	0.125000
265	1	1	0.125000
266	1	1	0.125000
267	1	1	0.125000
268	1	1	0.125000
269	1	3	0.125000
270	1	1	0.125000
271	1	1	0.125000
272	2	5	0.125000
273	2	5	0.125000
274	2	5	0.125000
275	1	1	0.125000
276	1	1	0.125000
277	1	1	0.125000
278	1	3	0.125000
279	1	1	0.125000
280	1	1	0.125000
281	1	1	0.125000
282	1	3	0.125000
283	1	1	0.125000
284	1	1	0.125000
285	1	1	0.125000
286	1	1	0.125000
287	1	2	0.125000
288	1	1	0.125000
289	1	1	0.125000
290	2	5	0.125000
291	2	5	0.125000
292	2	5	0.125000
293	2	5	0.125000
294	1	3	0.125000
295	1	1	0.125000
296	1	1	0.125000
297	1	1	0.125000
298	1	1	0.125000
299	1	1	0.125000
300	1	1	0.125000
301	1	1	0.125000
302	1	1	0.125000
303	1	1	0.125000
304	1	1	0.125000
305	1	1	0.125000
306	1	1	0.125000
307	1	1	0.125000
308	1	1	0.125000
309	1	1	0.125000
310	1	1	0.125000
311	1	1	0.125000
312	1	1	0.125000
313	1	1	0.125000
314	1	1	0.125000
315	1	1	0.125000
316	1	3	0.125000
317	1	1	0.125000
318	1	1	0.125000
319	1	1	0.125000
320	1	1	0.125000
321	1	1	0.125000
322	2	5	0.125000
323	2	5	0.125000
324	2	5	0.125000
325	2	5	0.125000
326	1	1	0.125000
327	1	1	0.125000
328	2	5	0.125000
329	2	5	0.125000
330	2	5	0.125000
331	2	5	0.125000
332	2	5	0.125000
333	2	5	0.125000
334	2	5	0.125000
335	1	1	0.125000
336	1	1	0.125000
337	1	1	0.125000
338	1	1	0.125000
339	1	1	0.125000
340	1	1	0.125000
341	1	1	0.125000
342	1	1	0.125000
343	1	1	0.125000
344	1	1	0.125000
345	1	1	0.125000
346	1	1	0.125000
347	1	1	0.125000
348	1	1	0.125000
349	1	1	0.125000
350	1	1	0.125000
351	1	1	0.125000
352	1	1	0.125000
353	1	1	0.125000
354	1	2	0.125000
355	1	1	1.000000
356	3	3	1.000000
357	3	3	1.000000
358	3	3	1.000000
359	3	3	0.125000
360	2	5	0.125000
361	2	5	0.125000
362	2	5	0.125000
363	2	5	0.125000
364	2	0	0.125000
365	2	5	0.125000
366	2	5	0.125000
367	2	5	0.125000
368	2	5	0.125000
369	2	5	0.125000
370	1	1	0.125000
371	1	1	0.125000
372	1	1	0.125000
373	1	1	0.125000
374	1	1	0.125000
375	2	4	0.125000
376	2	5	0.125000
377	1	1	0.125000
378	1	1	0.125000
379	1	1	0.125000
380	1	1	0.125000
381	1	1	0.125000
382	1	1	0.125000
383	1	1	0.125000
384	1	1	0.125000
385	1	1	0.125000
386	1	1	0.125000
387	1	0	0.125000
388	1	1	0.125000
389	1	1	0.125000
390	1	1	0.125000
391	1	1	0.125000
392	1	1	0.125000
393	1	1	0.125000
394	1	1	0.125000
395	1	1	0.125000
396	2	5	0.125000
397	2	5	0.125000
398	2	5	0.125000
399	2	1	0.125000
400	2	5	0.125000
401	2	5	0.125000
402	2	0	0.125000
403	2	5	0.125000
404	2	5	0.125000
405	2	5	0.125000
406	1	1	0.125000
407	1	1	0.125000
408	1	1	0.125000
409	2	5	0.125000
410	1	1	0.125000
411	1	1	0.125000
412	1	1	1.000000
413	3	3	0.125000
414	1	1	0.125000
415	1	1	0.125000
416	1	1	0.125000
417	1	1	0.125000
418	1	1	0.125000
419	1	1	0.125000
420	1	1	0.125000
421	1	1	0.125000
422	1	1	0.125000
423	1	0	0.125000
424	1	1	0.125000
425	1	1	0.125000
426	1	1	0.125000
427	1	1	0.125000
428	1	1	0.125000
429	2	5	0.125000
430	2	4	0.125000
431	2	5	0.125000
432	2	5	1.000000
433	3	3	1.000000
434	3	3	1.000000
435	3	3	1.000000
436	3	3	1.000000
437	3	3	0.125000
438	2	5	0.125000
439	2	5	0.125000
440	2	5	0.125000
441	2	5	0.125000
442	1	0	0.125000
443	1	1	0.125000
444	1	1	0.125000
445	2	5	0.125000
446	1	1	0.125000
447	1	1	0.125000
448	1	1	0.125000
449	1	1	0.125000
450	1	1	0.125000
451	1	1	0.125000
452	1	1	0.125000
453	1	1	0.125000
454	1	3	0.125000
455	1	1	0.125000
456	1	2	0.125000
457	1	1	0.125000
458	1	1	0.125000
459	1	1	0.125000
460	1	1	0.125000
461	1	1	0.125000
462	1	1	0.125000
463	1	1	0.125000
464	2	5	0.125000
465	2	5	0.125000
466	2	5	0.125000
467	2	5	0.125000
468	2	5	0.125000
469	2	5	0.125000
470	2	5	0.125000
471	2	0	0.125000
472	2	3	0.125000
473	2	5	0.125000
474	2	5	0.125000
475	2	5	0.125000
476	1	0	0.125000
477	1	1	0.125000
478	2	5	0.125000
479	2	5	0.125000
480	2	1	0.125000
481	2	5	0.125000
482	2	5	0.125000
483	1	1	0.125000
484	1	1	0.125000
485	1	1	0.125000
486	1	1	0.125000
487	1	1	0.125000
488	1	1	0.125000
489	1	0	0.125000
490	1	1	0.125000
491	1	1	0.125000
492	1	1	0.125000
493	1	1	0.125000
494	1	1	0.125000
495	1	1	0.125000
496	1	2	0.125000
497	1	3	0.125000
498	1	1	0.125000
499	1	1	0.125000
500	2	5	0.125000
501	2	5	0.125000
502	1	0	0.125000
503	1	1	0.125000
504	1	2	0.125000
505	1	0	0.125000
506	1	1	0.125000
507	1	1	0.125000
508	1	1	0.125000
509	1	1	0.125000
510	1	1	0.125000
511	1	1	0.125000
512	1	1	0.125000
513	1	2	0.125000
514	1	1	0.125000
515	2	5	0.125000
516	2	5	0.125000
517	2	5	0.125000
518	2	5	0.125000
519	2	5	0.125000
520	2	4	0.125000
521	2	4	0.125000
522	2	5	0.125000
523	2	5	0.125000
524	2	5	0.125000
525	2	5	0.125000
526	2	5	0.125000
527	1	1	0.125000
528	2	3	0.125000
529	2	5	0.125000
530	2	5	0.125000
531	2	5	0.125000
532	2	3	0.125000
533	1	1	0.125000
534	1	1	0.125000
535	1	1	0.125000
536	1	1	0.125000
537	2	5	0.125000
538	2	5	0.125000
539	2	5	0.125000
540	2	5	0.125000
541	2	5	0.125000
542	2	5	0.125000
543	2	5	0.125000
544	2	5	0.125000
545	2	5	0.125000
546	2	5	0.125000
547	2	5	0.125000
548	2	5	0.125000
549	1	1	0.125000
550	1	3	0.125000
551	1	1	0.125000
552	1	1	0.125000
553	1	1	0.125000
554	2	5	0.125000
555	2	5	0.125000
556	2	5	0.125000
557	2	5	0.125000
558	2	5	0.125000
559	2	1	1.000000
560	3	3	1.000000
561	3	3	0.125000
562	2	1	0.125000
563	2	5	0.125000
564	2	5	0.125000
565	2	5	0.125000
566	2	5	0.125000
567	2	5	0.125000
568	2	5	0.125000
569	2	5	0.125000
570	2	5	0.125000
571	2	5	0.125000
572	2	5	0.125000
573	1	1	0.125000
574	1	1	0.125000
575	1	1	0.125000
576	1	3	0.125000
577	1	1	0.125000
578	1	1	0.125000
579	2	5	0.125000
580	2	5	0.125000
581	2	5	0.125000
582	2	5	0.125000
583	2	5	0.125000
584	2	5	0.125000
585	2	2	0.125000
586	2	5	0.125000
587	2	5	0.125000
588	2	2	0.125000
589	2	5	0.125000
590	2	5	0.125000
591	2	1	0.125000
592	1	1	0.125000
593	1	1	0.125000
594	1	1	0.125000
595	1	1	0.125000
596	1	1	0.125000
597	1	1	0.125000
598	1	1	0.125000
599	1	1	0.125000
600	1	1	0.125000
601	1	1	0.125000
602	1	1	0.125000
603	1	1	0.125000
604	1	1	0.125000
605	1	1	0.125000
606	1	1	0.125000
607	1	1	0.125000
608	1	1	0.125000
609	1	1	0.125000
610	1	1	0.125000
611	1	1	0.125000
612	1	1	0.125000
613	1	1	0.125000
614	1	1	0.125000
615	1	1	0.125000
616	1	1	0.125000
617	1	1	0.125000
618	1	1	0.125000
619	1	1	0.125000
620	1	1	0.125000
621	1	1	0.125000
622	1	1	0.125000
623	1	1	0.125000
624	1	1	0.125000
625	1	1	0.125000
626	1	1	0.125000
627	2	5	0.125000
628	2	5	0.125000
629	2	5	0.125000
630	2	5	0.125000
631	2	5	0.125000
632	2	5	0.125000
633	2	1	0.125000
634	2	1	0.125000
635	2	5	0.125000
636	2	5	0.125000
637	2	5	0.125000
638	2	5	0.125000
639	2	5	0.125000
640	2	5	0.125000
641	2	5	0.125000
642	2	5	0.125000
643	2	5	1.000000
644	3	3	1.000000
645	3	3	1.000000
646	3	3	1.000000
647	3	3	1.000000
648	3	3	1.000000
649	3	3	1.000000
650	3	3	1.000000
651	3	3	1.000000
652	3	1	1.000000
653	3	1	1.000000
654	3	3	1.000000
655	3	3	1.000000
656	3	3	1.000000
657	3	3	1.000000
658	3	3	1.000000
659	3	3	0.125000
660	2	5	0.125000
661	2	5	0.125000
662	2	1	0.125000
663	2	5	0.125000
664	2	5	0.125000
665	2	5	0.125000
666	2	5	0.125000
667	2	5	0.125000
668	2	5	0.125000
669	2	5	0.125000
670	2	5	0.125000
671	2	5	0.125000
672	1	1	0.125000
673	1	1	0.125000
674	1	1	0.125000
675	1	1	0.125000
676	1	1	0.125000
677	1	1	0.125000
678	1	1	0.125000
679	1	1	0.125000
680	1	1	0.125000
681	1	1	0.125000
682	1	1	0.125000
683	1	1	0.125000
684	1	1	0.125000
685	1	1	0.125000
686	1	1	0.125000
687	1	1	0.125000
688	1	1	0.125000
689	1	1	0.125000
690	1	1	0.125000
691	1	3	0.125000
692	1	1	0.125000
693	1	1	0.125000
694	1	1	0.125000
695	1	1	0.125000
696	1	1	0.125000
697	2	5	0.125000
698	2	5	0.125000
699	2	5	0.125000
700	2	5	0.125000
701	2	5	0.125000
702	2	5	0.125000
703	2	5	0.125000
704	2	5	0.125000
705	2	5	0.125000
706	2	5	0.125000
707	2	5	0.125000
708	2	5	0.125000
709	2	0	0.125000
710	2	5	0.125000
711	1	1	0.125000
712	1	1	0.125000
713	1	1	0.125000
714	1	0	0.125000
715	1	1	0.125000
716	1	1	0.125000
717	1	1	0.125000
718	1	1	0.125000
719	1	1	0.125000
720	1	1	0.125000
721	1	1	0.125000
722	2	5	0.125000
723	2	5	0.125000
724	2	5	0.125000
725	1	1	0.125000
726	1	1	0.125000
727	2	5	0.125000
728	2	5	0.125000
729	2	5	0.125000
730	2	5	0.125000
731	2	5	0.125000
732	1	1	0.125000
733	1	1	0.125000
734	1	1	0.125000
735	1	3	0.125000
736	1	1	0.125000
737	1	1	0.125000
738	1	1	0.125000
739	1	1	0.125000
740	1	2	0.125000
741	1	0	0.125000
742	1	1	0.125000
743	1	1	0.125000
744	1	1	0.125000
745	1	1	0.125000
746	2	5	0.125000
747	2	5	0.125000
748	2	5	0.125000
749	2	5	0.125000
750	2	5	0.125000
751	2	5	0.125000
752	2	5	0.125000
753	2	3	0.125000
754	2	5	0.125000
755	2	5	0.125000
756	2	0	0.125000
757	1	1	0.125000
758	1	1	0.125000
759	1	1	0.125000
760	1	1	0.125000
761	1	1	0.125000
762	1	1	0.125000
763	1	1	0.125000
764	1	1	0.125000
765	1	1	0.125000
766	1	1	0.125000
767	1	1	0.125000
768	1	1	0.125000
769	1	0	0.125000
770	1	1	0.125000
771	2	2	0.125000
772	2	5	0.125000
773	2	5	0.125000
774	2	5	0.125000
775	2	2	0.125000
776	2	5	0.125000
777	2	5	0.125000
778	2	4	0.125000
779	2	5	0.125000
780	2	5	0.125000
781	2	2	0.125000
782	2	5	0.125000
783	2	5	0.125000
784	1	1	0.125000
785	1	1	0.125000
786	1	1	0.125000
787	1	1	0.125000
788	1	1	0.125000
789	1	1	0.125000
790	1	1	0.125000
791	1	1	0.125000
792	1	1	0.125000
793	1	1	0.125000
794	1	1	0.125000
795	1	1	0.125000
796	1	1	0.125000
797	1	1	0.125000
798	1	1	0.125000
799	1	1	0.125000
800	1	1	0.125000
801	1	1	0.125000
802	1	1	0.125000
803	1	1	0.125000
804	1	1	0.125000
805	2	0	0.125000
806	2	0	0.125000
807	2	5	0.125000
808	2	5	0.125000
809	2	5	0.125000
810	2	5	0.125000
811	2	5	0.125000
812	2	5	0.125000
813	2	5	0.125000
814	2	5	0.125000
815	2	5	0.125000
816	2	5	0.125000
817	2	5	0.125000
818	2	5	0.125000
819	2	5	1.000000
820	3	3	1.000000
821	3	3	1.000000
822	3	3	1.000000
823	3	3	1.000000
824	3	3	1.000000
825	3	3	1.000000
826	3	0	1.000000
827	3	3	1.000000
828	3	3	1.000000
829	3	0	1.000000
830	3	3	1.000000
831	3	3	1.000000
832	3	3	1.000000
833	3	3	1.000000
834	3	3	1.000000
835	3	3	1.000000
836	3	3	1.000000
837	3	3	1.000000
838	3	3	1.000000
839	3	3	1.000000
840	3	3	1.000000
841	3	3	1.000000
842	3	3	1.000000
843	3	3	1.000000
844	3	3	1.000000
845	3	3	1.000000
846	3	3	1.000000
847	3	3	1.000000
848	3	3	1.000000
849	3	3	1.000000
850	3	3	1.000000
851	3	3	0.125000
852	2	2	0.125000
853	2	5	0.125000
854	2	5	0.125000
855	2	5	0.125000
856	2	5	0.125000
857	2	5	0.125000
858	2	0	0.125000
859	2	5	0.125000
860	2	5	0.125000
861	2	5	0.125000
862	2	5	0.125000
863	2	5	0.125000
864	1	1	0.125000
865	1	1	0.125000
866	1	1	0.125000
867	1	2	0.125000
868	1	1	0.125000
869	1	1	0.125000
870	2	5	0.125000
871	1	1	0.125000
872	1	1	0.125000
873	1	1	0.125000
874	1	1	0.125000
875	1	1	0.125000
876	1	1	0.125000
877	1	1	0.125000
878	1	1	0.125000
879	1	1	0.125000
880	1	1	0.125000
881	1	1	0.125000
882	1	1	0.125000
883	1	1	0.125000
884	1	1	0.125000
885	1	1	0.125000
886	1	1	0.125000
887	1	1	0.125000
888	1	1	0.125000
889	2	5	0.125000
890	1	1	0.125000
891	2	1	0.125000
892	2	5	0.125000
893	2	5	0.125000
894	2	5	0.125000
895	2	5	0.125000
896	2	5	0.125000
897	2	5	0.125000
898	2	4	0.125000
899	2	5	0.125000
900	2	5	0.125000
901	2	5	0.125000
902	2	5	0.125000
903	1	1	0.125000
904	1	1	0.125000
905	1	1	0.125000
906	1	1	0.125000
907	1	1	0.125000
908	1	1	0.125000
909	1	1	0.125000
910	1	1	0.125000
911	1	2	0.125000
912	1	1	0.125000
913	2	5	0.125000
914	2	5	0.125000
915	2	5	0.125000
916	2	5	0.125000
917	2	5	0.125000
918	2	5	0.125000
919	2	5	0.125000
920	2	5	0.125000
921	2	5	0.125000
922	1	1	0.125000
923	1	1	0.125000
924	1	1	0.125000
925	1	1	0.125000
926	1	0	0.125000
927	2	5	0.125000
928	2	5	0.125000
929	2	5	0.125000
930	1	1	0.125000
931	1	1	0.125000
932	2	5	0.125000
933	2	5	0.125000
934	1	1	0.125000
935	2	5	0.125000
936	1	1	0.125000
937	1	0	0.125000
938	1	1	0.125000
939	2	5	0.125000
940	2	5	0.125000
941	1	1	0.125000
942	1	1	0.125000
943	1	1	0.125000
944	1	2	0.125000
945	1	0	0.125000
946	1	1	0.125000
947	1	1	0.125000
948	1	1	0.125000
949	1	1	0.125000
950	1	1	0.125000
951	1	1	0.125000
952	1	1	0.125000
953	1	1	0.125000
954	1	1	0.125000
955	1	1	0.125000
956	1	1	0.125000
957	1	1	0.125000
958	1	1	0.125000
959	1	1	0.125000
960	1	1	0.125000
961	1	1	0.125000
962	1	2	0.125000
963	1	1	0.125000
964	1	1	0.125000
965	1	1	0.125000
966	1	1	0.125000
967	1	1	0.125000
968	2	5	0.125000
969	2	5	0.125000
970	2	5	0.125000
971	2	5	0.125000
972	2	5	0.125000
973	2	5	0.125000
974	2	5	0.125000
975	2	5	0.125000
976	2	4	0.125000
977	2	5	0.125000
978	2	5	0.125000
979	2	5	0.125000
980	2	5	0.125000
981	2	4	0.125000
982	2	5	0.125000
983	1	3	0.125000
984	1	1	0.125000
985	1	1	0.125000
986	1	1	0.125000
987	1	1	0.125000
988	1	1	0.125000
989	1	1	0.125000
990	1	1	0.125000
991	1	1	0.125000
992	1	1	0.125000
993	1	1	0.125000
994	1	1	0.125000
995	1	1	0.125000
996	1	1	0.125000
997	1	1	0.125000
998	1	1	0.125000
999	1	0	0.125000
1000	1	1	0.125000
1001	1	1	0.125000
1002	1	1	0.125000
1003	1	1	0.125000
1004	1	3	0.125000
1005	1	1	0.125000
1006	1	1	0.125000
1007	2	1	0.125000
1008	2	5	0.125000
1009	2	5	0.125000
1010	2	5	0.125000
1011	2	5	0.125000
1012	2	5	0.125000
1013	2	5	0.125000
1014	2	4	0.125000
1015	2	5	0.125000
1016	2	5	0.125000
1017	2	5	0.125000
1018	2	5	0.125000
1019	2	5	0.125000
1020	1	1	0.125000
1021	1	1	0.125000
1022	1	1	0.125000
1023	1	1	0.125000
1024	1	1	0.125000
1025	1	1	0.125000
1026	1	1	0.125000
1027	1	1	0.125000
1028	2	5	0.125000
1029	2	5	0.125000
1030	2	5	0.125000
1031	2	5	0.125000
1032	2	5	0.125000
1033	2	5	0.125000
1034	2	1	0.125000
1035	1	1	0.125000
1036	1	1	0.125000
1037	1	1	0.125000
1038	2	5	0.125000
1039	1	1	0.125000
1040	1	0	0.125000
1041	1	1	0.125000
1042	1	1	0.125000
1043	1	1	0.125000
1044	1	1	0.125000
1045	1	3	0.125000
1046	1	1	0.125000
1047	1	1	0.125000
1048	1	1	0.125000
1049	1	1	0.125000
1050	1	3	0.125000
1051	1	1	0.125000
1052	1	1	0.125000
1053	2	5	0.125000
1054	1	1	0.125000
1055	1	1	0.125000
1056	1	1	0.125000
1057	1	1	0.125000
1058	1	1	0.125000
1059	2	5	0.125000
1060	2	5	0.125000
1061	2	0	0.125000
1062	1	1	0.125000
1063	1	1	0.125000
1064	1	1	0.125000
1065	1	1	0.125000
1066	1	3	0.125000
1067	1	1	0.125000
1068	1	1	0.125000
1069	1	1	0.125000
1070	1	1	0.125000
1071	1	1	0.125000
1072	1	1	0.125000
1073	1	1	0.125000
1074	1	1	0.125000
1075	1	1	0.125000
1076	2	5	0.125000
1077	2	5	0.125000
1078	2	5	0.125000
1079	2	5	0.125000
1080	2	4	0.125000
1081	2	5	0.125000
1082	2	5	0.125000
1083	2	5	0.125000
1084	1	1	0.125000
1085	1	1	0.125000
1086	1	0	0.125000
1087	1	1	0.125000
1088	1	1	0.125000
1089	1	1	0.125000
1090	1	1	0.125000
1091	1	1	0.125000
1092	1	2	0.125000
1093	1	1	0.125000
1094	1	1	0.125000
1095	1	1	0.125000
1096	1	1	0.125000
1097	1	1	0.125000
1098	1	0	0.125000
1099	1	3	0.125000
1100	1	1	0.125000
1101	1	1	0.125000
1102	2	5	0.125000
1103	2	5	0.125000
1104	2	5	0.125000
1105	2	5	0.125000
1106	2	5	1.000000
1107	3	0	1.000000
1108	3	3	1.000000
1109	3	3	1.000000
1110	3	3	1.000000
1111	3	3	1.000000
1112	3	3	1.000000
1113	3	3	1.000000
1114	3	3	1.000000
1115	3	3	1.000000
1116	3	3	1.000000
1117	3	3	1.000000
1118	3	3	1.000000
1119	3	3	1.000000
1120	3	3	1.000000
1121	3	3	1.000000
1122	3	3	1.000000
1123	3	3	1.000000
1124	3	3	1.000000
1125	3	3	1.000000
1126	3	3	1.000000
1127	3	3	1.000000
1128	3	3	1.000000
1129	3	3	1.000000
1130	3	3	1.000000
1131	3	3	1.000000
1132	3	3	1.000000
1133	3	3	1.000000
1134	3	3	1.000000
1135	3	3	1.000000
1136	3	3	1.000000
1137	3	3	1.000000
1138	3	3	1.000000
1139	3	3	1.000000
1140	3	3	1.000000
1141	3	3	1.000000
1142	3	3	0.125000
1143	2	5	0.125000
1144	2	5	0.125000
1145	2	5	0.125000
1146	2	5	0.125000
1147	2	5	0.125000
1148	2	5	0.125000
1149	2	2	0.125000
1150	2	5	0.125000
1151	2	5	0.125000
1152	1	1	0.125000
1153	1	1	0.125000
1154	1	1	0.125000
1155	1	1	0.125000
1156	1	1	0.125000
1157	1	1	0.125000
1158	1	1	0.125000
1159	1	1	0.125000
1160	1	1	0.125000
1161	1	1	0.125000
1162	1	1	0.125000
1163	1	1	0.125000
1164	1	1	0.125000
1165	1	1	0.125000
1166	1	3	0.125000
1167	1	1	0.125000
1168	1	1	0.125000
1169	1	1	0.125000
1170	1	1	0.125000
1171	1	1	0.125000
1172	1	1	0.125000
1173	1	1	0.125000
1174	1	1	0.125000
1175	1	1	0.125000
1176	2	5	0.125000
1177	2	5	0.125000
1178	2	5	0.125000
1179	2	5	0.125000
1180	2	5	0.125000
1181	2	5	0.125000
1182	2	5	0.125000
1183	2	5	0.125000
1184	2	5	0.125000
1185	2	5	0.125000
1186	2	5	0.125000
1187	2	5	0.125000
1188	2	5	0.125000
1189	1	1	0.125000
1190	1	1	0.125000
1191	1	1	0.125000
1192	1	1	0.125000
1193	1	1	0.125000
1194	1	2	0.125000
1195	1	1	0.125000
1196	1	1	0.125000
1197	1	1	0.125000
1198	1	1	0.125000
1199	1	1	0.125000
1200	1	1	0.125000
1201	1	0	0.125000
1202	1	1	0.125000
1203	1	1	0.125000
1204	1	1	0.125000
1205	1	3	0.125000
1206	1	1	0.125000
1207	1	1	0.125000
1208	1	1	0.125000
1209	2	5	0.125000
1210	2	5	0.125000
1211	2	5	0.125000
1212	2	5	0.125000
1213	2	5	0.125000
1214	2	5	0.125000
1215	2	5	0.125000
1216	2	5	0.125000
1217	2	5	0.125000
1218	2	5	0.125000
1219	2	5	0.125000
1220	1	1	0.125000
1221	1	1	0.125000
1222	1	1	0.125000
1223	1	1	0.125000
1224	1	1	0.125000
1225	1	0	0.125000
1226	1	1	0.125000
1227	1	1	0.125000
1228	1	3	0.125000
1229	1	1	0.125000
1230	1	1	0.125000
1231	1	2	0.125000
1232	1	1	0.125000
1233	1	1	0.125000
1234	1	3	0.125000
1235	1	1	0.125000
1236	1	1	0.125000
1237	1	1	0.125000
1238	1	1	0.125000
1239	1	1	0.125000
1240	1	1	0.125000
1241	1	1	0.125000
1242	2	5	0.125000
1243	2	5	0.125000
1244	2	5	0.125000
1245	2	5	0.125000
1246	2	5	0.125000
1247	2	5	0.125000
1248	2	5	0.125000
1249	2	5	0.125000
1250	2	5	0.125000
1251	2	5	0.125000
1252	2	5	0.125000
1253	2	5	0.125000
1254	2	5	0.125000
1255	1	1	0.125000
1256	2	5	0.125000
1257	2	5	0.125000
1258	2	5	0.125000
1259	2	5	1.000000
1260	3	3	1.000000
1261	3	0	1.000000
1262	3	2	1.000000
1263	3	2	1.000000
1264	3	3	1.000000
1265	3	3	1.000000
1266	3	3	1.000000
1267	3	0	1.000000
1268	3	3	1.000000
1269	3	3	1.000000
1270	3	3	1.000000
1271	3	3	1.000000
1272	3	3	1.000000
1273	3	3	1.000000
1274	3	3	1.000000
1275	3	3	1.000000
1276	3	3	1.000000
1277	3	3	1.000000
1278	3	3	1.000000
1279	3	3	1.000000
1280	3	3	1.000000
1281	3	3	1.000000
1282	3	3	1.000000
1283	3	3	1.000000
1284	3	3	0.125000
1285	2	5	0.125000
1286	2	5	0.125000
1287	2	5	0.125000
1288	2	4	0.125000
1289	2	5	0.125000
1290	2	5	0.125000
1291	2	5	0.125000
1292	2	5	0.125000
1293	2	5	0.125000
1294	2	5	0.125000
1295	2	5	0.125000
1296	2	5	0.125000
1297	1	2	0.125000
1298	1	1	0.125000
1299	1	1	0.125000
1300	1	1	0.125000
1301	1	3	0.125000
1302	1	3	0.125000
1303	1	1	0.125000
1304	1	1	0.125000
1305	1	1	0.125000
1306	1	1	0.125000
1307	1	1	0.125000
1308	1	1	0.125000
1309	1	1	0.125000
1310	1	1	0.125000
1311	1	1	0.125000
1312	1	1	0.125000
1313	1	1	0.125000
1314	1	1	0.125000
1315	1	1	0.125000
1316	1	1	0.125000
1317	1	1	0.125000
1318	1	1	0.125000
1319	2	5	0.125000
1320	2	5	0.125000
1321	2	5	0.125000
1322	2	5	0.125000
1323	2	5	0.125000
1324	2	5	0.125000
1325	2	5	0.125000
1326	2	5	0.125000
1327	2	5	0.125000
1328	2	3	0.125000
1329	2	5	0.125000
1330	2	5	0.125000
1331	2	5	0.125000
1332	2	5	0.125000
1333	2	5	0.125000
1334	2	5	0.125000
1335	2	5	0.125000
1336	2	5	0.125000
1337	2	5	0.125000
1338	2	5	0.125000
1339	2	5	0.125000
1340	2	5	0.125000
1341	2	5	0.125000
1342	2	5	0.125000
1343	1	1	0.125000
1344	1	1	0.125000
1345	1	1	0.125000
1346	1	1	0.125000
1347	1	1	0.125000
1348	1	1	0.125000
1349	1	1	0.125000
1350	1	1	0.125000
1351	1	1	0.125000
1352	1	1	0.125000
1353	1	1	0.125000
1354	1	1	0.125000
1355	1	1	0.125000
1356	1	3	0.125000
1357	1	1	0.125000
1358	1	1	0.125000
1359	1	1	0.125000
1360	1	1	0.125000
1361	1	1	0.125000
1362	1	1	0.125000
1363	1	1	0.125000
1364	1	1	0.125000
1365	1	1	0.125000
1366	2	5	0.125000
1367	2	5	0.125000
1368	2	5	0.125000
1369	2	5	0.125000
1370	2	5	0.125000
1371	2	5	0.125000
1372	2	5	0.125000
1373	2	5	0.125000
1374	2	0	0.125000
1375	2	5	0.125000
1376	1	3	0.125000
1377	2	5	0.125000
1378	1	1	0.125000
1379	1	1	0.125000
1380	1	1	0.125000
1381	2	5	0.125000
1382	2	5	0.125000
1383	2	5	0.125000
1384	2	5	0.125000
1385	2	5	0.125000
1386	2	5	0.125000
1387	2	5	1.000000
1388	3	3	1.000000
1389	3	3	1.000000
1390	3	3	1.000000
1391	3	3	1.000000
1392	3	2	1.000000
1393	3	3	1.000000
1394	3	3	1.000000
1395	3	3	1.000000
1396	3	3	1.000000
1397	3	3	1.000000
1398	3	3	1.000000
1399	3	3	1.000000
1400	3	3	1.000000
1401	3	3	1.000000
1402	3	3	1.000000
1403	3	3	1.000000
1404	3	3	1.000000
1405	3	3	1.000000
1406	3	1	1.000000
1407	3	3	1.000000
1408	3	3	1.000000
1409	3	3	1.000000
1410	3	3	1.000000
1411	3	3	1.000000
1412	3	2	1.000000
1413	3	0	1.000000
1414	3	3	1.000000
1415	3	1	1.000000
1416	3	3	1.000000
1417	3	1	1.000000
1418	3	1	1.000000
1419	3	3	1.000000
1420	3	3	1.000000
1421	3	3	1.000000
1422	3	3	1.000000
1423	3	3	1.000000
1424	3	3	1.000000
1425	3	3	0.125000
1426	2	5	0.125000
1427	2	5	0.125000
1428	2	5	0.125000
1429	2	5	0.125000
1430	2	5	0.125000
1431	2	5	0.125000
1432	2	5	0.125000
1433	2	5	0.125000
1434	2	5	0.125000
1435	2	5	0.125000
1436	2	5	0.125000
1437	2	5	0.125000
1438	1	3	0.125000
1439	1	1	0.125000
1440	1	1	0.125000
1441	1	1	0.125000
1442	1	1	0.125000
1443	1	1	0.125000
1444	2	5	0.125000
1445	2	5	0.125000
1446	2	5	0.125000
1447	2	3	0.125000
1448	2	5	0.125000
1449	2	5	0.125000
1450	2	5	0.125000
1451	2	5	0.125000
1452	2	5	0.125000
1453	1	1	0.125000
1454	1	1	0.125000
1455	1	1	0.125000
1456	1	3	0.125000
1457	1	1	0.125000
1458	1	1	0.125000
1459	1	1	0.125000
1460	1	1	0.125000
1461	2	5	0.125000
1462	1	1	0.125000
1463	1	1	0.125000
1464	1	1	0.125000
1465	1	1	0.125000
1466	1	1	0.125000
1467	1	1	0.125000
1468	1	1	0.125000
1469	1	1	0.125000
1470	1	1	0.125000
1471	1	1	0.125000
1472	1	0	0.125000
1473	1	1	0.125000
1474	1	1	0.125000
1475	1	1	0.125000
1476	1	1	0.125000
1477	1	1	0.125000
1478	1	1	0.125000
1479	1	1	0.125000
1480	1	1	0.125000
1481	1	1	0.125000
1482	1	1	0.125000
1483	2	5	0.125000
1484	2	4	0.125000
1485	2	5	0.125000
1486	2	5	0.125000
1487	2	5	0.125000
1488	2	5	0.125000
1489	2	5	0.125000
1490	2	2	0.125000
1491	2	5	0.125000
1492	2	5	0.125000
1493	2	5	0.125000
1494	2	5	0.125000
1495	1	1	0.125000
1496	1	1	0.125000
1497	1	1	0.125000
1498	1	1	0.125000
1499	1	1	0.125000
1500	1	1	0.125000
1501	1	1	0.125000
1502	1	1	0.125000
1503	1	1	0.125000
1504	1	1	0.125000
1505	1	1	0.125000
1506	1	1	0.125000
1507	1	1	0.125000
1508	1	1	0.125000
1509	1	1	0.125000
1510	1	1	0.125000
1511	1	1	0.125000
1512	1	1	0.125000
1513	1	1	0.125000
1514	1	1	0.125000
1515	1	1	0.125000
1516	1	1	0.125000
1517	1	1	0.125000
1518	1	1	0.125000
1519	1	1	0.125000
1520	1	1	0.125000
1521	1	1	0.125000
1522	1	0	0.125000
1523	1	1	0.125000
1524	1	1	0.125000
1525	1	1	0.125000
1526	1	1	0.125000
1527	1	1	0.125000
1528	1	1	0.125000
1529	1	1	0.125000
1530	1	1	0.125000
1531	1	3	0.125000
1532	1	1	0.125000
1533	1	1	0.125000
1534	1	3	0.125000
1535	1	1	0.125000
1536	1	1	0.125000
1537	1	1	0.125000
1538	1	1	0.125000
1539	1	1	0.125000
1540	1	1	0.125000
1541	1	1	0.125000
1542	1	1	0.125000
1543	1	1	0.125000
1544	1	1	0.125000
1545	1	1	0.125000
1546	1	1	0.125000
1547	1	0	0.125000
1548	1	1	0.125000
1549	1	1	0.125000
1550	1	1	0.125000
1551	1	1	0.125000
1552	1	1	0.125000
1553	1	1	0.125000
1554	1	1	0.125000
1555	1	1	0.125000
1556	1	1	0.125000
1557	1	1	0.125000
1558	1	1	0.125000
1559	1	1	0.125000
1560	1	3	0.125000
1561	1	1	0.125000
1562	1	1	0.125000
1563	1	1	0.125000
1564	1	1	0.125000
1565	1	1	0.125000
1566	1	1	0.125000
1567	1	1	0.125000
1568	1	2	0.125000
1569	1	1	0.125000
1570	1	1	0.125000
1571	1	1	0.125000
1572	1	1	0.125000
1573	1	1	0.125000
1574	1	1	0.125000
1575	1	1	0.125000
1576	1	0	0.125000
1577	1	1	0.125000
1578	2	5	0.125000
1579	2	5	0.125000
1580	2	5	0.125000
1581	1	1	0.125000
1582	1	1	0.125000
1583	1	1	0.125000
1584	1	0	0.125000
1585	1	1	0.125000
1586	1	0	0.125000
1587	1	1	0.125000
1588	1	1	0.125000
1589	1	1	0.125000
1590	1	1	0.125000
1591	1	1	0.125000
1592	1	1	0.125000
1593	1	3	0.125000
1594	1	1	0.125000
1595	1	1	0.125000
1596	1	1	0.125000
1597	1	1	0.125000
1598	1	1	0.125000
1599	1	1	0.125000
1600	1	1	0.125000
1601	1	1	0.125000
1602	1	1	0.125000
1603	1	1	0.125000
1604	1	1	0.125000
1605	1	1	0.125000
1606	1	1	0.125000
1607	1	1	0.125000
1608	1	1	0.125000
1609	1	1	0.125000
1610	1	1	0.125000
1611	1	1	0.125000
1612	1	1	0.125000
1613	1	1	0.125000
1614	1	1	0.125000
1615	1	1	0.125000
1616	1	1	0.125000
1617	1	1	0.125000
1618	1	1	0.125000
1619	1	1	0.125000
1620	1	1	0.125000
1621	1	1	0.125000
1622	1	1	0.125000
1623	1	2	0.125000
1624	1	0	0.125000
1625	1	1	0.125000
1626	1	1	0.125000
1627	1	1	0.125000
1628	1	1	0.125000
1629	1	1	0.125000
1630	1	1	0.125000
1631	1	1	0.125000
1632	1	1	0.125000
1633	1	1	0.125000
1634	1	1	0.125000
1635	1	1	0.125000
1636	1	1	0.125000
1637	1	1	0.125000
1638	1	1	0.125000
1639	1	0	0.125000
1640	1	1	0.125000
1641	1	1	0.125000
1642	1	1	0.125000
1643	1	1	0.125000
1644	1	1	0.125000
1645	1	1	0.125000
1646	1	1	0.125000
1647	1	1	0.125000
1648	1	1	0.125000
1649	1	1	0.125000
1650	1	3	0.125000
1651	1	1	0.125000
1652	1	1	0.125000
1653	1	1	0.125000
1654	1	1	0.125000
1655	1	1	0.125000
1656	1	1	0.125000
1657	1	1	0.125000
1658	1	1	0.125000
1659	1	1	0.125000
1660	1	1	0.125000
1661	1	1	0.125000
1662	1	1	0.125000
1663	1	1	0.125000
1664	1	1	0.125000
1665	1	1	0.125000
1666	1	1	0.125000
1667	1	1	0.125000
1668	1	1	0.125000
1669	1	1	0.125000
1670	1	1	0.125000
1671	1	1	0.125000
1672	1	1	0.125000
1673	1	1	0.125000
1674	1	1	0.125000
1675	1	1	0.125000
1676	1	1	0.125000
1677	1	1	0.125000
1678	1	1	0.125000
1679	1	1	0.125000
1680	1	1	0.125000
1681	1	2	0.125000
1682	1	1	0.125000
1683	1	1	0.125000
1684	1	1	0.125000
1685	1	1	0.125000
1686	1	3	0.125000
1687	1	1	0.125000
1688	1	1	0.125000
1689	1	1	0.125000
1690	1	1	0.125000
1691	1	1	0.125000
1692	1	1	0.125000
1693	1	1	0.125000
1694	1	1	0.125000
1695	1	1	0.125000
1696	1	1	0.125000
1697	1	1	0.125000
1698	1	1	0.125000
1699	1	1	0.125000
1700	1	1	0.125000
1701	1	1	0.125000
1702	1	1	0.125000
1703	1	1	0.125000
1704	1	1	0.125000
1705	1	3	0.125000
1706	1	1	0.125000
1707	1	3	0.125000
1708	1	1	0.125000
1709	1	0	0.125000
1710	1	1	0.125000
1711	1	1	0.125000
1712	1	1	0.125000
1713	1	1	0.125000
1714	1	1	0.125000
1715	1	1	0.125000
1716	1	1	0.125000
1717	1	1	0.125000
1718	1	1	0.125000
1719	1	1	0.125000
1720	1	1	0.125000
1721	1	1	0.125000
1722	1	1	0.125000
1723	1	1	0.125000
1724	1	1	0.125000
1725	1	0	0.125000
1726	1	1	0.125000
1727	1	1	0.125000
1728	1	0	0.125000
1729	1	1	0.125000
1730	1	1	0.125000
1731	1	1	0.125000
1732	1	1	0.125000
1733	1	1	0.125000
1734	1	1	0.125000
1735	1	1	0.125000
1736	1	1	0.125000
1737	1	1	0.125000
1738	1	1	0.125000
1739	1	2	0.125000
1740	1	1	0.125000
1741	1	1	0.125000
1742	1	1	0.125000
1743	1	1	0.125000
1744	1	1	0.125000
1745	1	1	0.125000
1746	1	1	0.125000
1747	1	1	0.125000
1748	1	1	0.125000
1749	1	1	0.125000
1750	1	1	0.125000
1751	1	1	0.125000
1752	1	1	0.125000
1753	1	1	0.125000
1754	1	1	0.125000
1755	1	1	0.125000
1756	1	1	0.125000
1757	1	1	0.125000
1758	1	1	0.125000
1759	1	1	0.125000
1760	1	1	0.125000
1761	1	1	0.125000
1762	1	1	0.125000
1763	1	1	0.125000
1764	1	1	0.125000
1765	1	1	0.125000
1766	1	1	0.125000
1767	1	1	0.125000
1768	1	1	0.125000
1769	1	3	0.125000
1770	1	1	0.125000
1771	1	1	0.125000
1772	1	1	0.125000
1773	1	1	0.125000
1774	1	1	0.125000
1775	1	3	0.125000
1776	1	1	0.125000
1777	1	1	0.125000
1778	1	1	0.125000
1779	1	1	0.125000
1780	1	1	0.125000
1781	1	1	0.125000
1782	1	1	0.125000
1783	1	1	0.125000
1784	1	1	0.125000
1785	1	1	0.125000
1786	1	1	0.125000
1787	1	1	0.125000
1788	1	1	0.125000
1789	1	3	0.125000
1790	1	1	0.125000
1791	1	1	0.125000
1792	1	1	0.125000
1793	1	1	0.125000
1794	1	1	0.125000
1795	1	1	0.125000
1796	1	1	0.125000
1797	1	1	0.125000
1798	1	1	0.125000
1799	1	1	0.125000
1800	1	1	0.125000
1801	1	1	0.125000
1802	1	1	0.125000
1803	1	1	0.125000
1804	1	1	0.125000
1805	1	2	0.125000
1806	1	1	0.125000
1807	1	1	0.125000
1808	1	1	0.125000
1809	1	1	0.125000
1810	1	1	0.125000
1811	1	1	0.125000
1812	1	1	0.125000
1813	1	1	0.125000
1814	1	1	0.125000
1815	1	3	0.125000
1816	1	1	0.125000
1817	1	1	0.125000
1818	1	1	0.125000
1819	1	1	0.125000
1820	1	1	0.125000
1821	1	1	0.125000
1822	1	1	0.125000
1823	1	1	0.125000
1824	1	1	0.125000
1825	1	1	0.125000
1826	1	1	0.125000
1827	1	1	0.125000
1828	1	3	0.125000
1829	1	1	0.125000
1830	1	0	0.125000
1831	1	1	0.125000
1832	1	1	0.125000
1833	1	1	0.125000
1834	1	1	0.125000
1835	1	1	0.125000
1836	1	1	0.125000
1837	1	1	0.125000
1838	1	1	0.125000
1839	1	1	0.125000
1840	1	1	0.125000
1841	1	1	0.125000
1842	1	2	0.125000
1843	1	1	0.125000
1844	1	1	0.125000
1845	1	1	0.125000
1846	1	0	0.125000
1847	1	3	0.125000
1848	1	1	0.125000
1849	1	1	0.125000
1850	1	1	0.125000
1851	1	0	0.125000
1852	1	1	0.125000
1853	1	1	0.125000
1854	1	1	0.125000
1855	1	1	0.125000
1856	1	1	0.125000
1857	1	1	0.125000
1858	1	1	0.125000
1859	1	1	0.125000
1860	1	1	0.125000
1861	1	1	0.125000
1862	1	1	0.125000
1863	1	1	0.125000
1864	1	1	0.125000
1865	1	1	0.125000
1866	1	1	0.125000
1867	1	1	0.125000
1868	1	1	0.125000
1869	1	1	0.125000
1870	1	1	0.125000
1871	1	0	0.125000
1872	1	1	0.125000
1873	1	1	0.125000
1874	1	1	0.125000
1875	1	1	0.125000
1876	1	0	0.125000
1877	1	3	0.125000
1878	1	1	0.125000
1879	1	1	0.125000
1880	1	1	0.125000
1881	1	1	0.125000
1882	1	1	0.125000
1883	1	1	0.125000
1884	1	1	0.125000
1885	1	1	0.125000
1886	1	1	0.125000
1887	1	1	0.125000
1888	1	1	0.125000
1889	2	5	0.125000
1890	2	3	0.125000
1891	2	5	0.125000
1892	2	5	0.125000
1893	2	5	0.125000
1894	2	0	0.125000
1895	2	5	0.125000
1896	2	5	0.125000
1897	2	2	0.125000
1898	2	5	0.125000
1899	2	5	0.125000
1900	2	4	0.125000
1901	2	5	0.125000
1902	2	5	0.125000
1903	2	5	0.125000
1904	2	5	0.125000
1905	2	5	0.125000
1906	2	5	0.125000
1907	2	5	0.125000
1908	2	5	0.125000
1909	2	5	0.125000
1910	2	5	0.125000
1911	2	5	0.125000
1912	2	5	0.125000
1913	2	5	0.125000
1914	2	5	0.125000
1915	2	5	0.125000
1916	2	5	0.125000
1917	2	5	0.125000
1918	2	5	0.125000
1919	2	5	0.125000
1920	2	5	0.125000
1921	2	5	0.125000
1922	2	2	0.125000
1923	2	5	0.125000
1924	2	5	0.125000
1925	2	5	0.125000
1926	1	1	0.125000
1927	1	1	0.125000
1928	1	1	0.125000
1929	1	1	0.125000
1930	1	1	0.125000
1931	1	1	0.125000
1932	1	1	0.125000
1933	1	1	0.125000
1934	1	1	0.125000
1935	1	1	0.125000
1936	1	1	0.125000
1937	1	1	0.125000
1938	1	1	0.125000
1939	1	1	0.125000
1940	1	1	0.125000
1941	1	1	0.125000
1942	1	1	0.125000
1943	1	2	0.125000
1944	1	1	0.125000
1945	1	1	0.125000
1946	1	1	0.125000
1947	1	1	0.125000
1948	1	1	0.125000
1949	1	1	0.125000
1950	2	5	0.125000
1951	1	1	0.125000
1952	2	5	0.125000
1953	2	5	0.125000
1954	2	5	0.125000
1955	2	5	0.125000
1956	2	5	0.125000
1957	2	1	0.125000
1958	2	5	0.125000
1959	2	5	0.125000
1960	2	5	0.125000
1961	2	5	0.125000
1962	2	5	0.125000
1963	2	5	0.125000
1964	2	5	0.125000
1965	2	0	0.125000
1966	2	5	0.125000
1967	1	2	0.125000
1968	1	1	0.125000
1969	1	1	0.125000
1970	1	1	0.125000
1971	1	1	0.125000
1972	1	1	0.125000
1973	1	1	0.125000
1974	1	1	0.125000
1975	1	1	0.125000
1976	1	1	0.125000
1977	1	1	0.125000
1978	1	1	0.125000
1979	1	1	0.125000
1980	1	1	0.125000
1981	1	1	0.125000
1982	1	1	0.125000
1983	1	1	0.125000
1984	1	1	0.125000
1985	1	0	0.125000
1986	1	1	0.125000
1987	1	1	0.125000
1988	2	5	0.125000
1989	2	5	0.125000
1990	2	5	0.125000
1991	2	5	0.125000
1992	2	5	0.125000
1993	2	5	0.125000
1994	2	5	0.125000
1995	2	5	0.125000
1996	2	5	0.125000
1997	2	5	0.125000
1998	2	5	0.125000
1999	2	5	0.125000
2000	2	5	0.125000
2001	2	5	0.125000
2002	2	5	0.125000
2003	2	5	0.125000
2004	2	2	0.125000
2005	2	5	1.000000
2006	3	3	1.000000
2007	3	3	1.000000
2008	3	3	1.000000
2009	3	3	1.000000
2010	3	3	1.000000
2011	4	3	1.000000
2012	4	3	1.000000
2013	3	3	1.000000
2014	3	3	1.000000
2015	3	3	1.000000
2016	3	3	1.000000
2017	3	3	1.000000
2018	3	3	1.000000
2019	3	3	1.000000
2020	3	3	1.000000
2021	3	3	1.000000
2022	3	3	1.000000
2023	4	3	1.000000
2024	3	3	1.000000
2025	3	3	1.000000
2026	3	3	1.000000
2027	3	3	1.000000
2028	3	3	1.000000
2029	3	3	1.000000
2030	3	3	1.000000
2031	3	3	1.000000
2032	3	3	1.000000
2033	3	3	1.000000
2034	4	3	1.000000
2035	4	1	1.000000
2036	3	3	1.000000
2037	3	3	1.000000
2038	3	3	1.000000
2039	3	3	1.000000
2040	3	3	1.000000
2041	3	3	1.000000
2042	3	3	1.000000
2043	3	3	1.000000
2044	3	3	1.000000
2045	3	3	1.000000
2046	3	3	1.000000
2047	3	0	1.000000
2048	3	3	1.000000
2049	3	3	1.000000
2050	3	3	1.000000
2051	3	3	1.000000
2052	3	3	1.000000
2053	3	3	1.000000
2054	3	3	1.000000
2055	3	3	1.000000
2056	3	3	1.000000
2057	3	3	1.000000
2058	3	3	1.000000
2059	3	2	1.000000
2060	3	3	1.000000
2061	3	3	1.000000
2062	3	0	1.000000
2063	3	3	1.000000
2064	3	3	1.000000
2065	3	3	1.000000
2066	3	3	1.000000
2067	3	3	1.000000
2068	4	3	1.000000
2069	4	3	1.000000
2070	3	3	1.000000
2071	3	3	1.000000
2072	3	3	1.000000
2073	3	3	1.000000
2074	3	3	1.000000
2075	3	3	1.000000
2076	3	3	1.000000
2077	3	3	1.000000
2078	3	3	1.000000
2079	3	3	1.000000
2080	3	3	1.000000
2081	3	3	1.000000
2082	3	3	1.000000
2083	3	3	1.000000
2084	3	2	1.000000
2085	3	2	1.000000
2086	3	3	1.000000
2087	3	3	1.000000
2088	3	3	1.000000
2089	3	2	1.000000
2090	3	0	1.000000
2091	3	3	1.000000
2092	3	3	1.000000
2093	3	3	0.125000
2094	2	5	0.125000
2095	2	5	0.125000
2096	2	5	0.125000
2097	2	0	0.125000
2098	2	5	0.125000
2099	2	5	0.125000
2100	2	5	0.125000
2101	2	2	0.125000
2102	2	5	0.125000
2103	2	5	0.125000
2104	2	5	0.125000
2105	2	5	0.125000
2106	2	5	0.125000
2107	2	0	0.125000
2108	2	5	0.125000
2109	1	1	0.125000
2110	2	5	0.125000
2111	2	5	0.125000
2112	2	5	0.125000
2113	1	1	0.125000
2114	1	1	0.125000
2115	1	1	0.125000
2116	1	1	0.125000
2117	1	1	0.125000
2118	1	1	0.125000
2119	1	1	0.125000
2120	1	1	0.125000
2121	1	1	0.125000
2122	1	1	0.125000
2123	1	1	0.125000
2124	1	2	0.125000
2125	1	1	0.125000
2126	1	1	0.125000
2127	1	1	0.125000
2128	1	1	0.125000
2129	1	1	0.125000
2130	1	1	0.125000
2131	1	1	0.125000
2132	1	1	0.125000
2133	1	1	0.125000
2134	2	5	0.125000
2135	2	5	0.125000
2136	2	5	0.125000
2137	1	1	0.125000
2138	1	1	0.125000
2139	1	1	0.125000
2140	1	1	0.125000
2141	1	2	0.125000
2142	1	1	0.125000
2143	1	1	0.125000
2144	1	1	0.125000
2145	1	2	0.125000
2146	1	1	0.125000
2147	1	3	0.125000
2148	1	1	0.125000
2149	1	1	0.125000
2150	1	1	0.125000
2151	1	1	0.125000
2152	1	1	0.125000
2153	1	1	0.125000
2154	1	1	0.125000
2155	1	1	0.125000
2156	1	2	0.125000
2157	1	1	0.125000
2158	1	1	0.125000
2159	1	1	0.125000
2160	1	1	0.125000
2161	1	1	0.125000
2162	1	1	0.125000
2163	1	1	0.125000
2164	2	5	0.125000
2165	2	5	0.125000
2166	2	5	0.125000
2167	2	5	0.125000
2168	2	5	0.125000
2169	2	5	0.125000
2170	2	5	0.125000
2171	2	5	0.125000
2172	2	5	0.125000
2173	2	5	0.125000
2174	2	5	0.125000
2175	2	5	0.125000
2176	1	1	0.125000
2177	1	1	0.125000
2178	1	1	0.125000
2179	1	1	0.125000
2180	1	1	0.125000
2181	1	1	0.125000
2182	1	1	0.125000
2183	1	1	0.125000
2184	1	1	0.125000
2185	1	1	0.125000
2186	1	1	0.125000
2187	1	1	0.125000
2188	1	1	0.125000
2189	1	1	0.125000
2190	1	1	0.125000
2191	1	1	0.125000
2192	1	1	0.125000
2193	1	1	0.125000
2194	1	1	0.125000
2195	1	3	0.125000
2196	1	1	0.125000
2197	1	1	0.125000
2198	1	1	0.125000
2199	1	1	0.125000
2200	2	5	0.125000
2201	2	5	0.125000
2202	2	5	0.125000
2203	2	3	0.125000
2204	2	5	0.125000
2205	2	5	0.125000
2206	2	5	0.125000
2207	2	5	0.125000
2208	2	5	0.125000
2209	2	5	0.125000
2210	2	5	0.125000
2211	1	1	0.125000
2212	1	1	0.125000
2213	1	1	0.125000
2214	1	1	0.125000
2215	1	1	0.125000
2216	1	0	0.125000
2217	1	1	0.125000
2218	1	1	0.125000
2219	1	1	0.125000
2220	1	1	0.125000
2221	1	1	0.125000
2222	1	1	0.125000
2223	1	1	0.125000
2224	1	1	0.125000
2225	1	1	0.125000
2226	1	1	0.125000
2227	1	1	0.125000
2228	1	0	0.125000
2229	1	1	0.125000
2230	1	1	0.125000
2231	1	1	0.125000
2232	1	1	0.125000
2233	1	1	0.125000
2234	1	1	0.125000
2235	1	2	0.125000
2236	1	0	0.125000
2237	1	1	0.125000
2238	2	5	0.125000
2239	2	5	0.125000
2240	2	5	0.125000
2241	2	5	0.125000
2242	2	5	0.125000
2243	2	5	0.125000
2244	2	0	0.125000
2245	2	5	0.125000
2246	2	5	0.125000
2247	2	1	0.125000
2248	2	5	0.125000
2249	2	5	0.125000
2250	2	5	0.125000
2251	2	5	0.125000
2252	1	1	0.125000
2253	1	1	0.125000
2254	1	1	0.125000
2255	1	1	0.125000
2256	1	1	0.125000
2257	1	1	0.125000
2258	1	2	0.125000
2259	1	1	0.125000
2260	1	2	0.125000
2261	1	3	0.125000
2262	1	1	0.125000
2263	1	1	0.125000
2264	1	3	0.125000
2265	1	1	0.125000
2266	1	1	0.125000
2267	1	1	0.125000
2268	1	1	0.125000
2269	1	1	0.125000
2270	1	1	0.125000
2271	1	1	0.125000
2272	1	1	0.125000
2273	1	1	0.125000
2274	1	1	0.125000
2275	1	1	0.125000
2276	2	5	0.125000
2277	2	5	0.125000
2278	2	5	0.125000
2279	2	5	0.125000
2280	2	5	0.125000
2281	2	5	0.125000
2282	2	5	0.125000
2283	2	5	0.125000
2284	2	5	0.125000
2285	2	1	0.125000
2286	1	1	0.125000
2287	1	1	0.125000
2288	1	1	0.125000
2289	1	1	0.125000
2290	1	1	0.125000
2291	1	1	0.125000
2292	2	5	0.125000
2293	2	5	0.125000
2294	2	5	0.125000
2295	1	1	0.125000
2296	1	1	0.125000
2297	1	1	0.125000
2298	1	1	0.125000
2299	1	1	0.125000
2300	1	1	0.125000
2301	1	3	0.125000
2302	1	1	0.125000
2303	1	1	0.125000
2304	1	1	0.125000
2305	1	1	0.125000
2306	1	1	0.125000
2307	1	1	0.125000
2308	1	1	0.125000
2309	1	1	0.125000
2310	1	2	0.125000
2311	1	1	0.125000
2312	1	1	0.125000
2313	1	1	0.125000
2314	1	1	0.125000
2315	1	1	0.125000
2316	1	1	0.125000
2317	1	1	0.125000
2318	1	1	0.125000
2319	1	1	0.125000
2320	1	2	0.125000
2321	1	1	0.125000
2322	2	5	0.125000
2323	2	5	0.125000
2324	2	0	0.125000
2325	2	5	0.125000
2326	2	5	0.125000
2327	2	5	0.125000
2328	2	3	0.125000
2329	2	5	0.125000
2330	2	5	0.125000
2331	2	5	0.125000
2332	2	5	0.125000
2333	2	5	0.125000
2334	2	3	0.125000
2335	2	2	0.125000
2336	2	5	0.125000
2337	1	1	0.125000
2338	1	1	0.125000
2339	2	4	0.125000
2340	1	1	0.125000
2341	1	1	0.125000
2342	1	3	0.125000
2343	1	0	0.125000
2344	1	1	0.125000
2345	1	1	0.125000
2346	1	1	0.125000
2347	1	1	0.125000
2348	1	1	0.125000
2349	1	1	0.125000
2350	1	3	0.125000
2351	1	1	0.125000
2352	1	1	0.125000
2353	2	5	0.125000
2354	2	0	0.125000
2355	2	5	0.125000
2356	2	5	0.125000
2357	2	5	0.125000
2358	2	5	0.125000
2359	1	2	0.125000
2360	2	5	0.125000
2361	1	1	0.125000
2362	2	5	0.125000
2363	1	1	0.125000
2364	1	1	0.125000
2365	2	5	0.125000
2366	1	1	0.125000
2367	1	1	0.125000
2368	1	1	0.125000
2369	1	1	0.125000
2370	1	1	0.125000
2371	1	1	0.125000
2372	2	5	0.125000
2373	1	1	0.125000
2374	1	1	0.125000
2375	1	1	0.125000
2376	1	1	0.125000
2377	1	1	0.125000
2378	1	1	0.125000
2379	1	1	0.125000
2380	1	1	0.125000
2381	1	1	0.125000
2382	1	1	0.125000
2383	1	1	0.125000
2384	1	1	0.125000
2385	1	1	0.125000
2386	1	0	0.125000
2387	1	1	0.125000
2388	1	1	0.125000
2389	1	1	0.125000
2390	2	5	0.125000
2391	2	5	0.125000
2392	2	5	0.125000
2393	2	5	0.125000
2394	2	5	0.125000
2395	1	1	0.125000
2396	2	5	0.125000
2397	2	5	0.125000
2398	2	5	0.125000
2399	1	1	0.125000
2400	1	1	0.125000
2401	1	1	0.125000
2402	1	1	0.125000
2403	1	1	0.125000
2404	1	1	0.125000
2405	1	3	0.125000
2406	1	1	0.125000
2407	1	1	0.125000
2408	1	1	0.125000
2409	1	1	0.125000
2410	1	1	0.125000
2411	1	0	0.125000
2412	1	1	0.125000
2413	1	1	0.125000
2414	1	1	0.125000
2415	1	1	0.125000
2416	1	1	0.125000
2417	1	1	0.125000
2418	1	0	0.125000
2419	2	5	0.125000
2420	2	5	0.125000
2421	2	5	0.125000
2422	2	5	0.125000
2423	2	5	0.125000
2424	2	5	0.125000
2425	2	5	0.125000
2426	1	1	0.125000
2427	1	1	0.125000
2428	1	1	0.125000
2429	1	1	0.125000
2430	1	1	0.125000
2431	1	1	0.125000
2432	1	1	0.125000
2433	1	1	0.125000
2434	1	1	0.125000
2435	1	1	0.125000
2436	1	1	0.125000
2437	1	1	0.125000
2438	1	1	0.125000
2439	1	3	0.125000
2440	1	1	0.125000
2441	1	1	0.125000
2442	1	1	0.125000
2443	1	1	0.125000
2444	1	1	0.125000
2445	1	1	0.125000
2446	1	1	0.125000
2447	1	1	0.125000
2448	1	0	0.125000
2449	1	1	0.125000
2450	1	1	0.125000
2451	1	1	0.125000
2452	1	1	0.125000
2453	1	1	0.125000
2454	1	1	0.125000
2455	1	1	0.125000
2456	1	0	0.125000
2457	1	1	0.125000
2458	1	1	0.125000
2459	1	1	0.125000
2460	1	1	0.125000
2461	1	1	0.125000
2462	1	1	0.125000
2463	1	1	0.125000
2464	1	1	0.125000
2465	1	2	0.125000
2466	1	1	0.125000
2467	1	1	0.125000
2468	1	1	0.125000
2469	1	1	0.125000
2470	1	1	0.125000
2471	1	1	0.125000
2472	2	5	0.125000
2473	2	5	0.125000
2474	2	5	0.125000
2475	2	5	0.125000
2476	2	5	0.125000
2477	2	5	0.125000
2478	2	5	0.125000
2479	2	5	0.125000
2480	2	5	1.000000
2481	3	1	1.000000
2482	3	3	1.000000
2483	3	3	1.000000
2484	3	3	1.000000
2485	3	0	1.000000
2486	3	3	1.000000
2487	3	3	1.000000
2488	3	3	1.000000
2489	3	3	1.000000
2490	3	3	1.000000
2491	3	3	1.000000
2492	3	3	1.000000
2493	3	3	1.000000
2494	3	3	1.000000
2495	3	1	1.000000
2496	3	3	1.000000
2497	3	3	1.000000
2498	3	3	1.000000
2499	3	3	1.000000
2500	3	3	1.000000
2501	3	3	1.000000
2502	3	3	1.000000
2503	3	3	1.000000
2504	3	3	1.000000
2505	3	3	1.000000
2506	3	3	1.000000
2507	3	3	1.000000
2508	3	3	1.000000
2509	3	3	1.000000
2510	3	3	1.000000
2511	3	3	1.000000
2512	3	3	1.000000
2513	3	3	1.000000
2514	3	3	1.000000
2515	3	0	1.000000
2516	3	3	1.000000
2517	3	3	1.000000
2518	3	3	1.000000
2519	3	3	1.000000
2520	3	3	1.000000
2521	3	1	1.000000
2522	3	3	1.000000
2523	3	3	1.000000
2524	3	3	1.000000
2525	3	3	1.000000
2526	3	3	1.000000
2527	3	3	1.000000
2528	3	2	1.000000
2529	3	3	1.000000
2530	3	3	1.000000
2531	3	3	1.000000
2532	3	3	1.000000
2533	3	3	1.000000
2534	3	3	1.000000
2535	3	3	1.000000
2536	3	3	1.000000
2537	3	3	1.000000
2538	3	3	1.000000
2539	3	3	1.000000
2540	3	3	0.125000
2541	2	5	0.125000
2542	2	5	0.125000
2543	2	5	0.125000
2544	2	5	0.125000
2545	2	5	0.125000
2546	2	5	0.125000
2547	2	5	0.125000
2548	2	5	0.125000
2549	2	5	0.125000
2550	2	5	0.125000
2551	1	1	0.125000
2552	1	1	0.125000
2553	1	1	0.125000
2554	1	1	0.125000
2555	1	3	0.125000
2556	1	1	0.125000
2557	1	1	0.125000
2558	1	1	0.125000
2559	1	1	0.125000
2560	1	1	0.125000
2561	1	1	0.125000
2562	1	1	0.125000
2563	1	0	0.125000
2564	1	1	0.125000
2565	1	1	0.125000
2566	1	3	0.125000
2567	1	1	0.125000
2568	1	1	0.125000
2569	1	1	0.125000
2570	1	1	0.125000
2571	1	1	0.125000
2572	1	1	0.125000
2573	1	1	0.125000
2574	2	5	0.125000
2575	2	5	0.125000
2576	2	5	0.125000
2577	2	5	0.125000
2578	2	5	0.125000
2579	2	5	0.125000
2580	2	5	0.125000
2581	2	5	0.125000
2582	2	1	0.125000
2583	2	0	0.125000
2584	2	5	0.125000
2585	2	5	0.125000
2586	2	0	0.125000
2587	2	5	0.125000
2588	2	5	0.125000
2589	2	5	0.125000
2590	2	5	0.125000
2591	2	5	0.125000
2592	2	5	0.125000
2593	2	5	0.125000
2594	2	2	0.125000
2595	2	5	0.125000
2596	2	5	0.125000
2597	2	0	0.125000
2598	2	5	0.125000
2599	2	5	0.125000
2600	2	1	0.125000
2601	2	5	0.125000
2602	2	2	0.125000
2603	2	5	0.125000
2604	2	5	0.125000
2605	2	5	0.125000
2606	2	0	0.125000
2607	2	5	0.125000
2608	2	2	0.125000
2609	2	3	0.125000
2610	2	5	0.125000
2611	2	5	0.125000
2612	2	5	0.125000
2613	2	0	0.125000
2614	2	5	0.125000
2615	2	5	0.125000
2616	2	5	0.125000
2617	2	2	0.125000
2618	2	5	0.125000
2619	2	5	0.125000
2620	2	5	0.125000
2621	2	5	0.125000
2622	2	5	0.125000
2623	2	5	0.125000
2624	2	5	0.125000
2625	2	5	0.125000
2626	2	5	0.125000
2627	2	5	0.125000
2628	2	5	0.125000
2629	2	5	0.125000
2630	2	5	0.125000
2631	1	1	0.125000
2632	1	1	0.125000
2633	1	1	0.125000
2634	1	1	0.125000
2635	1	1	0.125000
2636	1	1	0.125000
2637	1	1	0.125000
2638	1	1	0.125000
2639	1	1	0.125000
2640	1	1	0.125000
2641	1	1	0.125000
2642	1	1	0.125000
2643	1	1	0.125000
2644	1	1	0.125000
2645	1	1	0.125000
2646	1	0	0.125000
2647	1	1	0.125000
2648	1	1	0.125000
2649	1	1	0.125000
2650	1	1	0.125000
2651	2	5	0.125000
2652	2	5	0.125000
2653	2	5	0.125000
2654	2	1	0.125000
2655	2	5	0.125000
2656	2	5	0.125000
2657	2	5	0.125000
2658	2	5	0.125000
2659	2	5	0.125000
2660	2	5	0.125000
2661	2	5	0.125000
2662	2	5	0.125000
2663	2	5	0.125000
2664	2	5	0.125000
2665	2	5	0.125000
2666	1	3	0.125000
2667	1	1	0.125000
2668	1	1	0.125000
2669	1	1	0.125000
2670	1	2	0.125000
2671	1	0	0.125000
2672	1	1	0.125000
2673	2	5	0.125000
2674	2	5	0.125000
2675	2	5	0.125000
2676	2	5	0.125000
2677	2	5	0.125000
2678	2	4	0.125000
2679	2	5	0.125000
2680	2	3	0.125000
2681	2	5	0.125000
2682	2	5	0.125000
2683	1	1	0.125000
2684	2	5	0.125000
2685	1	1	0.125000
2686	1	1	0.125000
2687	1	1	0.125000
2688	1	1	0.125000
2689	1	1	0.125000
2690	1	1	0.125000
2691	1	1	0.125000
2692	1	1	0.125000
2693	1	1	0.125000
2694	1	1	0.125000
2695	1	1	0.125000
2696	1	1	0.125000
2697	1	1	0.125000
2698	1	1	0.125000
2699	1	1	0.125000
2700	1	1	0.125000
2701	1	1	0.125000
2702	1	1	0.125000
2703	1	1	0.125000
2704	1	0	0.125000
2705	1	1	0.125000
2706	1	1	0.125000
2707	2	4	0.125000
2708	2	5	0.125000
2709	2	5	0.125000
2710	2	5	0.125000
2711	2	5	0.125000
2712	2	5	0.125000
2713	2	5	0.125000
2714	2	5	0.125000
2715	2	5	0.125000
2716	2	5	0.125000
2717	2	5	0.125000
2718	2	5	0.125000
2719	2	5	0.125000
2720	2	5	0.125000
2721	2	5	0.125000
2722	2	5	0.125000
2723	2	5	0.125000
2724	2	5	0.125000
2725	2	3	0.125000
2726	2	5	0.125000
2727	1	1	0.125000
2728	2	5	0.125000
2729	2	5	0.125000
2730	2	5	0.125000
2731	1	0	0.125000
2732	1	1	0.125000
2733	1	1	0.125000
2734	1	3	0.125000
2735	1	1	0.125000
2736	1	0	0.125000
2737	1	1	0.125000
2738	1	1	0.125000
2739	1	1	0.125000
2740	1	1	0.125000
2741	1	1	0.125000
2742	1	3	0.125000
2743	1	1	0.125000
2744	1	1	0.125000
2745	1	1	0.125000
2746	1	1	0.125000
2747	1	1	0.125000
2748	1	3	0.125000
2749	1	1	0.125000
2750	1	1	0.125000
2751	1	1	0.125000
2752	2	5	0.125000
2753	2	4	0.125000
2754	2	4	0.125000
2755	2	5	0.125000
2756	2	5	0.125000
2757	2	5	0.125000
2758	2	5	0.125000
2759	2	2	0.125000
2760	2	5	0.125000
2761	2	5	0.125000
2762	2	5	0.125000
2763	2	5	0.125000
2764	2	5	0.125000
2765	2	5	0.125000
2766	2	5	0.125000
2767	2	5	0.125000
2768	2	5	0.125000
2769	2	5	0.125000
2770	2	5	0.125000
2771	2	5	0.125000
2772	2	5	0.125000
2773	2	5	0.125000
2774	2	5	0.125000
2775	2	5	0.125000
2776	2	5	0.125000
2777	2	5	0.125000
2778	2	5	0.125000
2779	2	5	0.125000
2780	2	5	0.125000
2781	2	5	0.125000
2782	2	5	0.125000
2783	2	3	0.125000
2784	2	5	0.125000
2785	2	5	0.125000
2786	2	5	0.125000
2787	2	4	0.125000
2788	2	5	0.125000
2789	2	5	0.125000
2790	1	1	0.125000
2791	1	1	0.125000
2792	1	1	0.125000
2793	1	1	0.125000
2794	1	1	0.125000
2795	1	1	0.125000
2796	1	1	0.125000
2797	1	1	0.125000
2798	1	1	0.125000
2799	1	1	0.125000
2800	1	1	0.125000
2801	1	1	0.125000
2802	1	1	0.125000
2803	1	1	0.125000
2804	1	1	0.125000
2805	1	1	0.125000
2806	1	1	0.125000
2807	1	1	0.125000
2808	1	1	0.125000
2809	1	1	0.125000
2810	1	1	0.125000
2811	1	1	0.125000
2812	1	1	0.125000
2813	1	1	0.125000
2814	1	1	0.125000
2815	1	1	0.125000
2816	1	1	0.125000
2817	1	1	0.125000
2818	1	1	0.125000
2819	1	1	0.125000
2820	2	5	0.125000
2821	2	5	0.125000
2822	2	5	0.125000
2823	2	5	0.125000
2824	2	5	0.125000
2825	2	5	0.125000
2826	2	5	0.125000
2827	2	5	0.125000
2828	2	5	0.125000
2829	2	5	0.125000
2830	2	5	0.125000
2831	2	5	0.125000
2832	2	5	0.125000
2833	1	1	0.125000
2834	1	1	0.125000
2835	1	1	0.125000
2836	1	1	0.125000
2837	1	1	0.125000
2838	1	1	0.125000
2839	1	1	0.125000
2840	1	1	0.125000
2841	1	1	0.125000
2842	1	1	0.125000
2843	1	1	0.125000
2844	1	1	0.125000
2845	1	1	0.125000
2846	1	1	0.125000
2847	1	1	0.125000
2848	1	1	0.125000
2849	1	1	0.125000
2850	1	1	0.125000
2851	1	1	0.125000
2852	1	1	0.125000
2853	2	5	0.125000
2854	2	3	0.125000
2855	2	5	0.125000
2856	2	5	0.125000
2857	2	5	0.125000
2858	2	5	0.125000
2859	2	5	0.125000
2860	2	5	0.125000
2861	2	5	0.125000
2862	2	5	0.125000
2863	2	5	0.125000
2864	2	5	0.125000
2865	2	5	0.125000
2866	2	5	0.125000
2867	2	5	0.125000
2868	2	5	0.125000
2869	1	1	0.125000
2870	1	1	0.125000
2871	1	1	0.125000
2872	1	1	0.125000
2873	1	1	0.125000
2874	1	1	0.125000
2875	1	1	0.125000
2876	1	1	0.125000
2877	1	1	0.125000
2878	1	1	0.125000
2879	1	2	0.125000
2880	1	2	0.125000
2881	1	1	0.125000
2882	1	1	0.125000
2883	1	3	0.125000
2884	1	1	0.125000
2885	1	1	0.125000
2886	1	1	0.125000
2887	1	1	0.125000
2888	1	1	0.125000
2889	1	1	0.125000
2890	2	5	0.125000
2891	2	5	0.125000
2892	2	5	0.125000
2893	2	2	0.125000
2894	2	5	0.125000
2895	2	5	0.125000
2896	2	5	0.125000
2897	2	5	0.125000
2898	2	5	0.125000
2899	2	5	0.125000
2900	2	5	0.125000
2901	2	5	0.125000
2902	1	1	0.125000
2903	1	1	0.125000
2904	1	1	0.125000
2905	1	1	0.125000
2906	1	1	0.125000
2907	1	1	0.125000
2908	1	1	0.125000
2909	1	0	0.125000
2910	1	1	0.125000
2911	1	1	0.125000
2912	1	1	0.125000
2913	1	1	0.125000
2914	1	1	0.125000
2915	1	1	0.125000
2916	1	0	0.125000
2917	1	1	0.125000
2918	1	1	0.125000
2919	1	1	0.125000
2920	1	1	0.125000
2921	1	1	0.125000
2922	1	1	0.125000
2923	1	1	0.125000
2924	1	1	0.125000
2925	1	2	0.125000
2926	2	5	0.125000
2927	2	5	0.125000
2928	1	1	0.125000
2929	1	1	0.125000
2930	2	5	0.125000
2931	2	5	0.125000
2932	2	5	0.125000
2933	2	5	0.125000
2934	2	5	0.125000
2935	2	5	0.125000
2936	2	5	0.125000
2937	2	3	0.125000
2938	2	5	0.125000
2939	2	5	0.125000
2940	2	5	0.125000
2941	2	2	0.125000
2942	1	1	0.125000
2943	1	1	0.125000
2944	1	1	0.125000
2945	1	1	0.125000
2946	1	1	0.125000
2947	1	1	0.125000
2948	1	1	0.125000
2949	1	1	0.125000
2950	1	1	0.125000
2951	1	1	0.125000
2952	1	1	0.125000
2953	1	1	0.125000
2954	1	1	0.125000
2955	1	1	0.125000
2956	1	1	0.125000
2957	1	1	0.125000
2958	1	1	0.125000
2959	1	1	0.125000
2960	1	1	0.125000
2961	1	1	0.125000
2962	1	1	0.125000
2963	1	1	0.125000
2964	2	5	0.125000
2965	2	5	0.125000
2966	2	5	0.125000
2967	2	5	0.125000
2968	2	5	0.125000
2969	2	5	0.125000
2970	2	1	0.125000
2971	2	5	0.125000
2972	2	4	0.125000
2973	2	5	0.125000
2974	1	1	0.125000
2975	1	1	0.125000
2976	1	1	0.125000
2977	1	1	0.125000
2978	1	1	0.125000
2979	1	1	0.125000
2980	1	1	0.125000
2981	2	5	0.125000
2982	2	3	0.125000
2983	1	1	0.125000
2984	1	1	0.125000
2985	1	1	0.125000
2986	1	2	0.125000
2987	1	1	0.125000
2988	1	1	0.125000
2989	1	1	0.125000
2990	1	3	0.125000
2991	1	0	0.125000
2992	1	1	0.125000
2993	1	1	0.125000
2994	1	1	0.125000
2995	1	1	0.125000
2996	2	5	0.125000
2997	2	5	0.125000
2998	2	5	0.125000
2999	2	5	0.125000
3000	2	5	0.125000
3001	2	5	0.125000
3002	2	5	0.125000
3003	2	1	0.125000
3004	2	5	0.125000
3005	2	5	0.125000
3006	2	5	0.125000
3007	2	0	0.125000
3008	1	1	0.125000
3009	1	3	0.125000
3010	1	1	0.125000
3011	1	1	0.125000
3012	1	1	0.125000
3013	1	1	0.125000
3014	1	1	0.125000
3015	1	1	0.125000
3016	1	3	0.125000
3017	1	1	0.125000
3018	1	1	0.125000
3019	1	1	0.125000
3020	1	1	0.125000
3021	1	1	0.125000
3022	1	1	0.125000
3023	1	1	0.125000
3024	1	1	0.125000
3025	1	1	0.125000
3026	1	1	0.125000
3027	1	1	0.125000
3028	1	1	0.125000
3029	1	2	0.125000
3030	1	1	0.125000
3031	1	2	0.125000
3032	2	5	0.125000
3033	2	5	0.125000
3034	2	1	0.125000
3035	2	5	0.125000
3036	2	5	0.125000
3037	2	5	0.125000
3038	2	5	0.125000
3039	2	5	0.125000
3040	2	5	0.125000
3041	2	4	0.125000
3042	2	5	0.125000
3043	2	5	0.125000
3044	2	5	0.125000
3045	2	5	0.125000
3046	1	0	0.125000
3047	1	1	0.125000
3048	1	1	0.125000
3049	1	1	0.125000
3050	1	1	0.125000
3051	1	1	0.125000
3052	1	1	0.125000
3053	1	1	0.125000
3054	1	1	0.125000
3055	1	1	0.125000
3056	1	1	0.125000
3057	1	1	0.125000
3058	1	1	0.125000
3059	1	1	0.125000
3060	1	1	0.125000
3061	1	1	0.125000
3062	1	1	0.125000
3063	1	1	0.125000
3064	1	3	0.125000
3065	1	1	0.125000
3066	1	1	0.125000
3067	1	1	0.125000
3068	1	1	0.125000
3069	1	1	0.125000
3070	1	2	0.125000
3071	1	1	0.125000
3072	1	1	0.125000
3073	2	5	0.125000
3074	2	5	0.125000
3075	2	5	0.125000
3076	2	5	0.125000
3077	2	5	0.125000
3078	2	5	0.125000
3079	2	5	0.125000
3080	2	5	0.125000
3081	2	5	0.125000
3082	2	5	0.125000
3083	1	1	0.125000
3084	1	0	0.125000
3085	1	1	0.125000
3086	1	1	0.125000
3087	1	1	0.125000
3088	1	1	0.125000
3089	1	1	0.125000
3090	1	1	0.125000
3091	1	2	0.125000
3092	1	1	0.125000
3093	1	1	0.125000
3094	1	1	0.125000
3095	1	1	0.125000
3096	1	1	0.125000
3097	1	1	0.125000
3098	1	1	0.125000
3099	1	1	0.125000
3100	1	1	0.125000
3101	1	1	0.125000
3102	1	3	0.125000
3103	1	1	0.125000
3104	1	1	0.125000
3105	1	1	0.125000
3106	1	1	0.125000
3107	1	1	0.125000
3108	1	1	0.125000
3109	1	1	0.125000
3110	1	1	0.125000
3111	1	3	0.125000
3112	1	1	0.125000
3113	1	3	0.125000
3114	1	1	0.125000
3115	1	1	0.125000
3116	1	1	0.125000
3117	1	1	0.125000
3118	1	0	0.125000
3119	1	1	0.125000
3120	1	1	0.125000
3121	2	5	0.125000
3122	2	5	0.125000
3123	2	5	0.125000
3124	2	5	0.125000
3125	2	5	0.125000
3126	2	0	0.125000
3127	2	5	0.125000
3128	2	3	0.125000
3129	2	5	0.125000
3130	2	5	0.125000
3131	2	5	0.125000
3132	2	0	0.125000
3133	1	1	0.125000
3134	1	1	0.125000
3135	1	1	0.125000
3136	1	0	0.125000
3137	1	1	0.125000
3138	1	1	0.125000
3139	1	1	0.125000
3140	1	1	0.125000
3141	1	1	0.125000
3142	1	1	0.125000
3143	1	3	0.125000
3144	1	3	0.125000
3145	1	1	0.125000
3146	1	1	0.125000
3147	1	1	0.125000
3148	1	1	0.125000
3149	1	1	0.125000
3150	1	1	0.125000
3151	1	1	0.125000
3152	2	5	0.125000
3153	2	5	0.125000
3154	2	5	0.125000
3155	2	5	0.125000
3156	2	5	0.125000
3157	2	5	0.125000
3158	2	1	0.125000
3159	2	5	0.125000
3160	2	0	0.125000
3161	2	5	0.125000
3162	1	1	0.125000
3163	1	1	0.125000
3164	1	1	0.125000
3165	1	1	0.125000
3166	1	0	0.125000
3167	1	1	0.125000
3168	1	1	0.125000
3169	1	1	0.125000
3170	1	1	0.125000
3171	1	3	0.125000
3172	1	3	0.125000
3173	1	1	0.125000
3174	1	1	0.125000
3175	1	1	0.125000
3176	1	2	0.125000
3177	1	1	0.125000
3178	1	1	0.125000
3179	1	1	0.125000
3180	1	1	0.125000
3181	1	1	0.125000
3182	1	1	0.125000
3183	1	1	0.125000
3184	1	1	0.125000
3185	1	1	0.125000
3186	1	1	0.125000
3187	2	5	0.125000
3188	2	5	0.125000
3189	2	4	0.125000
3190	2	5	0.125000
3191	2	5	0.125000
3192	2	5	0.125000
3193	2	5	0.125000
3194	2	5	0.125000
3195	2	5	0.125000
3196	2	5	0.125000
3197	1	1	0.125000
3198	1	1	0.125000
3199	1	1	0.125000
3200	1	1	0.125000
3201	1	1	0.125000
3202	1	1	0.125000
3203	1	1	0.125000
3204	1	1	0.125000
3205	1	1	0.125000
3206	1	1	0.125000
3207	1	1	0.125000
3208	1	0	0.125000
3209	1	1	0.125000
3210	1	2	0.125000
3211	1	3	0.125000
3212	1	1	0.125000
3213	1	1	0.125000
3214	1	1	0.125000
3215	1	1	0.125000
3216	1	1	0.125000
3217	1	0	0.125000
3218	1	1	0.125000
3219	1	1	0.125000
3220	1	1	0.125000
3221	1	1	0.125000
3222	1	1	0.125000
3223	1	3	0.125000
3224	1	1	0.125000
3225	1	1	0.125000
3226	1	1	0.125000
3227	1	1	0.125000
3228	2	5	0.125000
3229	1	1	0.125000
3230	2	5	0.125000
3231	2	5	0.125000
3232	2	5	0.125000
3233	2	5	0.125000
3234	2	0	0.125000
3235	2	5	0.125000
3236	2	5	0.125000
3237	2	5	0.125000
3238	2	5	0.125000
3239	2	5	0.125000
3240	2	4	0.125000
3241	2	3	0.125000
3242	1	1	0.125000
3243	1	1	0.125000
3244	1	1	0.125000
3245	1	1	0.125000
3246	1	1	0.125000
3247	1	1	0.125000
3248	1	1	0.125000
3249	1	1	0.125000
3250	1	1	0.125000
3251	1	1	0.125000
3252	1	1	0.125000
3253	1	1	0.125000
3254	1	1	0.125000
3255	1	1	0.125000
3256	1	1	0.125000
3257	1	1	0.125000
3258	1	1	0.125000
3259	1	1	0.125000
3260	1	1	0.125000
3261	1	1	0.125000
3262	1	1	0.125000
3263	2	5	0.125000
3264	2	5	0.125000
3265	2	5	0.125000
3266	2	5	0.125000
3267	2	5	0.125000
3268	2	5	0.125000
3269	2	5	0.125000
3270	2	5	0.125000
3271	2	5	0.125000
3272	2	5	0.125000
3273	2	5	0.125000
3274	1	1	0.125000
3275	1	1	0.125000
3276	1	1	0.125000
3277	1	2	0.125000
3278	1	1	0.125000
3279	1	1	0.125000
3280	1	1	0.125000
3281	1	1	0.125000
3282	1	1	0.125000
3283	1	1	0.125000
3284	1	1	0.125000
3285	1	1	0.125000
3286	1	1	0.125000
3287	1	1	0.125000
3288	1	1	0.125000
3289	1	1	0.125000
3290	1	1	0.125000
3291	1	1	0.125000
3292	1	1	0.125000
3293	1	1	0.125000
3294	1	1	0.125000
3295	1	1	0.125000
3296	1	1	0.125000
3297	1	1	0.125000
3298	1	1	0.125000
3299	1	1	0.125000
3300	1	2	0.125000
3301	1	1	0.125000
3302	1	1	0.125000
3303	1	1	0.125000
3304	1	1	0.125000
3305	1	1	0.125000
3306	1	1	0.125000
3307	1	1	0.125000
3308	1	1	0.125000
3309	1	1	0.125000
3310	1	2	0.125000
3311	2	5	0.125000
3312	2	5	0.125000
3313	2	5	0.125000
3314	2	5	0.125000
3315	2	5	0.125000
3316	2	5	0.125000
3317	2	5	0.125000
3318	2	5	0.125000
3319	2	5	0.125000
3320	2	5	0.125000
3321	2	5	0.125000
3322	2	5	0.125000
3323	2	5	0.125000
3324	1	1	0.125000
3325	1	0	0.125000
3326	1	1	0.125000
3327	1	2	0.125000
3328	1	3	0.125000
3329	1	1	0.125000
3330	1	2	0.125000
3331	1	1	0.125000
3332	1	1	0.125000
3333	1	1	0.125000
3334	1	1	0.125000
3335	1	1	0.125000
3336	1	2	0.125000
3337	1	1	0.125000
3338	1	1	0.125000
3339	1	1	0.125000
3340	1	1	0.125000
3341	1	1	0.125000
3342	1	1	0.125000
3343	1	1	0.125000
3344	1	1	0.125000
3345	1	1	0.125000
3346	1	1	0.125000
3347	1	1	0.125000
3348	1	1	0.125000
3349	1	1	0.125000
3350	1	1	0.125000
3351	2	5	0.125000
3352	2	5	0.125000
3353	2	5	0.125000
3354	2	5	0.125000
3355	2	5	0.125000
3356	2	5	0.125000
3357	2	5	0.125000
3358	2	5	0.125000
3359	2	5	0.125000
3360	2	5	0.125000
3361	2	4	0.125000
3362	1	1	0.125000
3363	1	1	0.125000
3364	1	1	0.125000
3365	1	1	0.125000
3366	1	1	0.125000
3367	1	1	0.125000
3368	1	1	0.125000
3369	1	1	0.125000
3370	1	1	0.125000
3371	1	1	0.125000
3372	1	1	0.125000
3373	1	1	0.125000
3374	1	1	0.125000
3375	1	1	0.125000
3376	1	1	0.125000
3377	1	1	0.125000
3378	1	0	0.125000
3379	1	0	0.125000
3380	1	2	0.125000
3381	1	1	0.125000
3382	1	1	0.125000
3383	1	1	0.125000
3384	1	1	0.125000
3385	1	1	0.125000
3386	1	1	0.125000
3387	1	1	0.125000
3388	1	2	0.125000
3389	1	1	0.125000
3390	2	5	0.125000
3391	2	5	0.125000
3392	2	5	0.125000
3393	2	5	0.125000
3394	2	5	0.125000
3395	2	5	0.125000
3396	2	5	0.125000
3397	2	5	0.125000
3398	2	5	0.125000
3399	2	5	0.125000
3400	2	5	0.125000
3401	2	5	0.125000
3402	2	5	0.125000
3403	2	1	0.125000
3404	1	1	0.125000
3405	1	1	0.125000
3406	1	3	0.125000
3407	1	1	0.125000
3408	1	1	0.125000
3409	1	1	0.125000
3410	1	1	0.125000
3411	1	1	0.125000
3412	1	0	0.125000
3413	1	0	0.125000
3414	1	1	0.125000
3415	1	1	0.125000
3416	1	1	0.125000
3417	1	1	0.125000
3418	1	1	0.125000
3419	1	1	0.125000
3420	1	1	0.125000
3421	1	1	0.125000
3422	1	1	0.125000
3423	1	1	0.125000
3424	1	2	0.125000
3425	1	1	0.125000
3426	1	1	0.125000
3427	1	1	0.125000
3428	1	1	0.125000
3429	1	1	0.125000
3430	1	1	0.125000
3431	1	1	0.125000
3432	1	1	0.125000
3433	2	5	0.125000
3434	2	5	0.125000
3435	2	5	0.125000
3436	2	5	0.125000
3437	2	5	0.125000
3438	2	5	0.125000
3439	2	5	0.125000
3440	2	5	0.125000
3441	2	5	0.125000
3442	2	0	0.125000
3443	2	5	0.125000
3444	2	5	0.125000
3445	2	5	0.125000
3446	1	1	0.125000
3447	1	1	0.125000
3448	1	1	0.125000
3449	2	5	0.125000
3450	1	1	0.125000
3451	1	1	0.125000
3452	1	1	0.125000
3453	1	1	0.125000
3454	1	1	0.125000
3455	2	5	0.125000
3456	2	5	0.125000
3457	2	5	0.125000
3458	2	5	0.125000
3459	2	5	0.125000
3460	2	5	0.125000
3461	2	5	0.125000
3462	2	1	0.125000
3463	2	5	0.125000
3464	2	5	0.125000
3465	1	1	0.125000
3466	1	1	0.125000
3467	1	1	0.125000
3468	1	1	0.125000
3469	1	1	0.125000
3470	1	1	0.125000
3471	1	3	0.125000
3472	2	5	0.125000
3473	2	4	0.125000
3474	2	5	0.125000
3475	2	5	0.125000
3476	2	5	0.125000
3477	2	5	0.125000
3478	2	1	0.125000
3479	2	5	0.125000
3480	2	5	0.125000
3481	2	5	0.125000
3482	2	1	0.125000
3483	2	5	0.125000
3484	2	5	0.125000
3485	2	5	0.125000
3486	2	5	0.125000
3487	2	5	0.125000
3488	2	5	0.125000
3489	2	5	0.125000
3490	2	5	0.125000
3491	2	1	0.125000
3492	2	5	0.125000
3493	1	1	0.125000
3494	1	1	0.125000
3495	1	1	0.125000
3496	1	1	0.125000
3497	1	1	0.125000
3498	1	1	0.125000
3499	1	1	0.125000
3500	1	1	0.125000
3501	1	1	0.125000
3502	1	1	0.125000
3503	1	1	0.125000
3504	1	1	0.125000
3505	1	1	0.125000
3506	1	1	0.125000
3507	1	1	0.125000
3508	1	1	0.125000
3509	1	1	0.125000
3510	1	3	0.125000
3511	1	1	0.125000
3512	1	1	0.125000
3513	2	0	0.125000
3514	2	5	0.125000
3515	2	5	0.125000
3516	2	5	0.125000
3517	2	5	0.125000
3518	2	5	0.125000
3519	2	5	0.125000
3520	2	5	0.125000
3521	2	5	0.125000
3522	2	5	0.125000
3523	2	0	0.125000
3524	2	1	0.125000
3525	2	5	0.125000
3526	2	5	0.125000
3527	2	5	0.125000
3528	2	4	0.125000
3529	2	5	0.125000
3530	2	4	0.125000
3531	2	5	0.125000
3532	2	5	0.125000
3533	2	5	0.125000
3534	2	0	0.125000
3535	2	5	0.125000
3536	2	5	0.125000
3537	2	5	0.125000
3538	2	5	0.125000
3539	1	1	0.125000
3540	1	1	0.125000
3541	1	1	0.125000
3542	1	0	0.125000
3543	1	1	0.125000
3544	1	1	0.125000
3545	1	1	0.125000
3546	1	1	0.125000
3547	1	1	0.125000
3548	1	1	0.125000
3549	1	1	0.125000
3550	2	5	0.125000
3551	2	5	0.125000
3552	2	5	0.125000
3553	1	1	0.125000
3554	1	1	0.125000
3555	1	1	0.125000
3556	1	1	0.125000
3557	1	2	0.125000
3558	2	3	0.125000
3559	1	3	0.125000
3560	1	1	0.125000
3561	1	1	0.125000
3562	1	1	0.125000
3563	2	5	0.125000
3564	1	1	0.125000
3565	1	1	0.125000
3566	1	1	0.125000
3567	1	1	0.125000
3568	1	1	0.125000
3569	2	5	0.125000
3570	2	5	0.125000
3571	2	5	0.125000
3572	2	5	0.125000
3573	2	0	0.125000
3574	2	5	0.125000
3575	2	5	0.125000
3576	2	5	0.125000
3577	2	2	0.125000
3578	2	5	0.125000
3579	2	5	0.125000
3580	2	3	0.125000
3581	2	5	0.125000
3582	2	5	0.125000
3583	2	5	0.125000
3584	2	4	0.125000
3585	2	5	1.000000
3586	3	3	1.000000
3587	3	2	1.000000
3588	3	3	1.000000
3589	3	3	1.000000
3590	3	3	1.000000
3591	3	3	1.000000
3592	3	3	1.000000
3593	3	3	1.000000
3594	3	0	1.000000
3595	3	3	1.000000
3596	3	3	1.000000
3597	3	3	1.000000
3598	4	3	1.000000
3599	3	3	1.000000
3600	3	1	1.000000
3601	4	3	1.000000
3602	4	3	1.000000
3603	3	1	1.000000
3604	4	3	1.000000
3605	3	3	1.000000
3606	3	3	1.000000
3607	3	3	1.000000
3608	3	3	1.000000
3609	3	2	1.000000
3610	3	3	1.000000
3611	3	3	1.000000
3612	3	3	1.000000
3613	3	3	1.000000
3614	3	3	1.000000
3615	3	3	1.000000
3616	3	3	1.000000
3617	3	3	1.000000
3618	3	3	1.000000
3619	3	3	1.000000
3620	3	3	1.000000
3621	3	3	1.000000
3622	3	3	1.000000
3623	3	1	1.000000
3624	3	3	1.000000
3625	3	3	1.000000
3626	3	3	1.000000
3627	3	3	1.000000
3628	3	3	1.000000
3629	3	3	1.000000
3630	3	3	1.000000
3631	3	3	1.000000
3632	3	3	1.000000
3633	3	3	1.000000
3634	3	3	1.000000
3635	3	3	1.000000
3636	3	3	1.000000
3637	3	3	1.000000
3638	3	3	1.000000
3639	3	3	1.000000
3640	3	3	0.125000
3641	2	5	0.125000
3642	2	1	0.125000
3643	2	5	0.125000
3644	2	5	0.125000
3645	2	5	0.125000
3646	2	5	0.125000
3647	1	1	0.125000
3648	1	1	0.125000
3649	1	1	0.125000
3650	1	1	0.125000
3651	1	1	0.125000
3652	1	1	0.125000
3653	1	1	0.125000
3654	1	1	0.125000
3655	1	1	0.125000
3656	1	0	0.125000
3657	1	1	0.125000
3658	1	1	0.125000
3659	1	1	0.125000
3660	1	1	0.125000
3661	1	1	0.125000
3662	1	1	0.125000
3663	1	1	0.125000
3664	1	1	0.125000
3665	1	1	0.125000
3666	1	1	0.125000
3667	1	1	0.125000
3668	2	5	0.125000
3669	2	5	0.125000
3670	2	5	0.125000
3671	2	5	0.125000
3672	2	5	0.125000
3673	2	5	0.125000
3674	2	5	0.125000
3675	2	5	0.125000
3676	2	5	0.125000
3677	2	5	0.125000
3678	1	1	0.125000
3679	1	1	0.125000
3680	1	1	0.125000
3681	1	1	0.125000
3682	1	1	0.125000
3683	1	2	0.125000
3684	1	1	0.125000
3685	1	1	0.125000
3686	1	1	0.125000
3687	1	1	0.125000
3688	1	1	0.125000
3689	1	1	0.125000
3690	2	5	0.125000
3691	2	5	0.125000
3692	2	5	0.125000
3693	2	5	0.125000
3694	2	5	0.125000
3695	2	5	0.125000
3696	2	5	0.125000
3697	2	5	0.125000
3698	2	5	0.125000
3699	2	5	0.125000
3700	1	1	0.125000
3701	1	1	0.125000
3702	1	1	0.125000
3703	2	5	0.125000
3704	2	5	0.125000
3705	1	1	0.125000
3706	1	1	0.125000
3707	1	1	0.125000
3708	1	1	0.125000
3709	2	0	1.000000
3710	3	3	1.000000
3711	3	3	1.000000
3712	3	3	1.000000
3713	3	3	1.000000
3714	3	3	1.000000
3715	3	3	1.000000
3716	3	3	0.125000
3717	2	5	0.125000
3718	2	5	0.125000
3719	2	3	0.125000
3720	2	5	0.125000
3721	1	1	0.125000
3722	1	1	0.125000
3723	1	1	0.125000
3724	1	1	0.125000
3725	1	1	0.125000
3726	1	1	0.125000
3727	1	1	0.125000
3728	1	1	0.125000
3729	1	1	0.125000
3730	1	1	0.125000
3731	1	1	0.125000
3732	1	1	0.125000
3733	1	1	0.125000
3734	1	1	0.125000
3735	1	0	0.125000
3736	1	1	0.125000
3737	1	1	0.125000
3738	1	1	0.125000
3739	1	3	0.125000
3740	1	3	0.125000
3741	1	1	0.125000
3742	1	1	0.125000
3743	1	1	0.125000
3744	1	1	0.125000
3745	1	1	0.125000
3746	1	1	0.125000
3747	1	1	0.125000
3748	1	1	0.125000
3749	1	1	0.125000
3750	1	1	0.125000
3751	1	1	0.125000
3752	1	1	0.125000
3753	1	1	0.125000
3754	1	1	0.125000
3755	1	1	0.125000
3756	1	1	0.125000
3757	2	5	0.125000
3758	2	5	0.125000
3759	2	5	0.125000
3760	2	5	0.125000
3761	2	5	0.125000
3762	2	5	0.125000
3763	2	5	0.125000
3764	2	5	0.125000
3765	2	5	0.125000
3766	2	5	0.125000
3767	2	5	0.125000
3768	2	1	0.125000
3769	2	5	0.125000
3770	2	5	0.125000
3771	2	5	1.000000
3772	3	3	1.000000
3773	3	3	1.000000
3774	3	3	1.000000
3775	3	3	1.000000
3776	3	3	1.000000
3777	3	3	1.000000
3778	3	3	1.000000
3779	3	3	1.000000
3780	3	1	1.000000
3781	3	3	1.000000
3782	3	3	1.000000
3783	3	3	1.000000
3784	3	3	1.000000
3785	3	1	1.000000
3786	3	3	1.000000
3787	3	3	1.000000
3788	3	3	1.000000
3789	3	3	1.000000
3790	3	3	1.000000
3791	3	3	1.000000
3792	3	3	1.000000
3793	3	1	1.000000
3794	3	3	1.000000
3795	3	3	1.000000
3796	3	3	0.125000
3797	2	5	0.125000
3798	2	5	0.125000
3799	2	5	0.125000
3800	2	5	0.125000
3801	2	5	0.125000
3802	2	5	0.125000
3803	2	5	0.125000
3804	2	5	0.125000
3805	1	1	0.125000
3806	2	3	0.125000
3807	1	1	0.125000
3808	1	1	0.125000
3809	1	1	0.125000
3810	1	1	0.125000
3811	1	1	0.125000
3812	1	1	0.125000
3813	1	1	0.125000
3814	1	1	0.125000
3815	1	1	0.125000
3816	1	1	0.125000
3817	1	1	0.125000
3818	1	1	0.125000
3819	1	1	0.125000
3820	1	1	0.125000
3821	1	1	0.125000
3822	1	3	0.125000
3823	1	1	0.125000
3824	1	1	0.125000
3825	1	1	0.125000
3826	1	0	0.125000
3827	2	3	0.125000
3828	2	1	0.125000
3829	1	1	0.125000
3830	1	0	0.125000
3831	2	5	0.125000
3832	2	5	0.125000
3833	2	2	0.125000
3834	2	5	0.125000
3835	2	5	0.125000
3836	2	5	0.125000
3837	2	5	0.125000
3838	2	5	0.125000
3839	2	5	0.125000
3840	2	5	0.125000
3841	2	5	0.125000
3842	2	5	0.125000
3843	2	1	0.125000
3844	2	5	0.125000
3845	2	5	0.125000
3846	2	5	0.125000
3847	2	5	0.125000
3848	2	5	0.125000
3849	2	5	0.125000
3850	2	5	0.125000
3851	2	5	0.125000
3852	2	5	0.125000
3853	2	0	0.125000
3854	2	5	0.125000
3855	1	1	0.125000
3856	1	1	0.125000
3857	1	1	0.125000
3858	1	1	0.125000
3859	1	1	0.125000
3860	1	3	0.125000
3861	1	1	0.125000
3862	1	1	0.125000
3863	1	1	0.125000
3864	1	1	0.125000
3865	1	1	0.125000
3866	1	1	0.125000
3867	1	1	0.125000
3868	1	1	0.125000
3869	1	1	0.125000
3870	1	1	0.125000
3871	1	2	0.125000
3872	1	0	0.125000
3873	1	1	0.125000
3874	1	1	0.125000
3875	1	1	0.125000
3876	1	1	0.125000
3877	1	1	0.125000
3878	1	1	0.125000
3879	1	1	0.125000
3880	1	1	0.125000
3881	2	5	0.125000
3882	1	1	0.125000
3883	2	5	0.125000
3884	2	1	0.125000
3885	2	5	0.125000
3886	2	5	0.125000
3887	2	5	0.125000
3888	2	5	0.125000
3889	2	5	0.125000
3890	2	5	0.125000
3891	2	5	0.125000
3892	2	5	0.125000
3893	2	5	0.125000
3894	1	1	0.125000
3895	1	1	0.125000
3896	1	1	0.125000
3897	1	1	0.125000
3898	1	1	0.125000
3899	1	1	0.125000
3900	1	1	0.125000
3901	1	1	0.125000
3902	1	1	0.125000
3903	1	1	0.125000
3904	1	1	0.125000
3905	1	1	0.125000
3906	1	2	0.125000
3907	1	1	0.125000
3908	1	0	0.125000
3909	1	1	0.125000
3910	1	1	0.125000
3911	1	1	0.125000
3912	1	1	0.125000
3913	1	1	0.125000
3914	1	1	0.125000
3915	2	5	0.125000
3916	2	5	0.125000
3917	2	5	0.125000
3918	2	5	0.125000
3919	2	5	0.125000
3920	2	5	0.125000
3921	2	5	0.125000
3922	2	5	0.125000
3923	2	5	0.125000
3924	2	5	0.125000
3925	2	5	0.125000
3926	2	5	0.125000
3927	1	1	0.125000
3928	1	1	0.125000
3929	1	1	0.125000
3930	2	5	0.125000
3931	2	5	0.125000
3932	2	5	0.125000
3933	1	1	0.125000
3934	1	3	0.125000
3935	1	1	0.125000
3936	1	1	0.125000
3937	1	1	0.125000
3938	1	1	0.125000
3939	1	1	0.125000
3940	1	1	0.125000
3941	1	1	0.125000
3942	1	1	0.125000
3943	1	1	0.125000
3944	1	1	0.125000
3945	1	1	0.125000
3946	1	1	0.125000
3947	1	0	0.125000
3948	1	1	0.125000
3949	1	1	0.125000
3950	1	1	0.125000
3951	2	5	0.125000
3952	2	5	0.125000
3953	2	5	0.125000
3954	2	5	0.125000
3955	2	5	0.125000
3956	1	3	0.125000
3957	1	1	0.125000
3958	2	5	0.125000
3959	2	5	0.125000
3960	1	2	0.125000
3961	1	1	0.125000
3962	1	1	0.125000
3963	1	1	0.125000
3964	1	1	0.125000
3965	1	1	0.125000
3966	1	1	0.125000
3967	1	1	0.125000
3968	1	1	0.125000
3969	1	1	0.125000
3970	1	2	0.125000
3971	1	1	0.125000
3972	2	5	0.125000
3973	2	5	0.125000
3974	2	4	0.125000
3975	2	5	0.125000
3976	2	5	0.125000
3977	2	5	0.125000
3978	2	5	0.125000
3979	2	5	0.125000
3980	1	1	0.125000
3981	1	1	0.125000
3982	1	1	0.125000
3983	1	0	0.125000
3984	1	1	0.125000
3985	1	1	0.125000
3986	1	1	0.125000
3987	1	1	0.125000
3988	1	1	0.125000
3989	1	1	0.125000
3990	1	1	0.125000
3991	1	2	0.125000
3992	1	1	0.125000
3993	1	1	0.125000
3994	1	1	0.125000
3995	1	1	0.125000
3996	1	1	0.125000
3997	1	1	0.125000
3998	1	1	0.125000
3999	1	1	0.125000
4000	1	2	0.125000
4001	1	1	0.125000
4002	1	1	0.125000
4003	1	1	0.125000
4004	1	1	0.125000
4005	1	1	0.125000
4006	1	1	0.125000
4007	1	1	0.125000
4008	1	1	0.125000
4009	1	1	0.125000
4010	2	5	0.125000
4011	2	5	0.125000
4012	2	5	0.125000
4013	2	5	0.125000
4014	2	5	0.125000
4015	1	1	0.125000
4016	1	1	0.125000
4017	1	0	0.125000
4018	1	1	0.125000
4019	1	1	0.125000
4020	1	1	0.125000
4021	1	1	0.125000
4022	1	1	0.125000
4023	1	1	0.125000
4024	1	2	0.125000
4025	1	1	0.125000
4026	1	1	0.125000
4027	0	0	0.000000
