StartTime	2015/11/08 07:33:10
FinishTime	2015/11/08 07:33:54
ElapsedTime	44.000000
/home/daisuke/git/ReinforcementLearning/log/EV3LineTracer_20151108022157_10Setting_20151108022158.log
0	1.000000
1	0.031250	0.906250	0.031250	0.031250
2	0.020833	0.020833	0.895833	0.020833	0.020833	0.020833
3	0.906250	0.031250	0.031250	0.031250
4	0.906250	0.031250	0.031250	0.031250
5	0.031250	0.906250	0.031250	0.031250
6	0.031250	0.031250	0.031250	0.906250
3378
0	3	0	1.000000
1	3	0	1.000000
2	3	0	1.000000
3	3	0	1.000000
4	3	0	1.000000
5	3	0	1.000000
6	3	0	1.000000
7	3	0	1.000000
8	3	0	1.000000
9	3	0	1.000000
10	3	0	1.000000
11	3	0	1.000000
12	3	0	1.000000
13	3	0	1.000000
14	3	0	1.000000
15	3	0	1.000000
16	3	0	1.000000
17	3	0	1.000000
18	3	0	1.000000
19	3	0	1.000000
20	3	0	1.000000
21	3	0	1.000000
22	3	0	1.000000
23	3	0	1.000000
24	3	2	1.000000
25	3	0	1.000000
26	3	0	1.000000
27	3	0	1.000000
28	3	0	1.000000
29	3	0	1.000000
30	3	0	1.000000
31	3	0	1.000000
32	3	0	1.000000
33	3	0	1.000000
34	3	0	1.000000
35	3	0	1.000000
36	3	0	1.000000
37	3	0	1.000000
38	3	0	1.000000
39	3	0	1.000000
40	3	0	1.000000
41	3	0	1.000000
42	3	0	1.000000
43	3	0	1.000000
44	3	0	0.125000
45	2	2	0.125000
46	2	2	0.125000
47	2	2	0.125000
48	2	2	0.125000
49	2	2	0.125000
50	2	2	0.125000
51	1	1	0.125000
52	2	2	0.125000
53	1	1	0.125000
54	1	1	0.125000
55	1	1	0.125000
56	1	1	0.125000
57	1	1	0.125000
58	1	1	0.125000
59	1	1	0.125000
60	1	1	0.125000
61	1	1	0.125000
62	1	1	0.125000
63	1	1	0.125000
64	1	1	0.125000
65	1	1	0.125000
66	1	1	0.125000
67	1	1	0.125000
68	1	1	0.125000
69	1	2	0.125000
70	1	1	0.125000
71	1	3	0.125000
72	1	1	0.125000
73	1	1	0.125000
74	1	1	0.125000
75	1	1	0.125000
76	1	1	0.125000
77	1	1	0.125000
78	2	2	0.125000
79	2	2	0.125000
80	2	2	0.125000
81	2	2	0.125000
82	2	2	0.125000
83	2	2	0.125000
84	2	2	0.125000
85	2	2	0.125000
86	2	2	0.125000
87	2	2	0.125000
88	2	2	0.125000
89	2	2	0.125000
90	1	1	0.125000
91	1	1	0.125000
92	1	1	0.125000
93	1	1	0.125000
94	1	1	0.125000
95	1	3	0.125000
96	1	1	0.125000
97	1	1	0.125000
98	1	1	0.125000
99	1	1	0.125000
100	1	1	0.125000
101	1	1	0.125000
102	1	1	0.125000
103	1	1	0.125000
104	1	1	0.125000
105	1	1	0.125000
106	1	1	0.125000
107	1	1	0.125000
108	1	1	0.125000
109	2	2	0.125000
110	2	2	0.125000
111	2	2	0.125000
112	2	2	0.125000
113	2	2	0.125000
114	2	2	0.125000
115	2	2	0.125000
116	2	2	0.125000
117	2	2	0.125000
118	2	2	0.125000
119	1	1	0.125000
120	1	1	0.125000
121	1	0	0.125000
122	1	1	0.125000
123	1	1	0.125000
124	1	1	0.125000
125	1	1	0.125000
126	1	1	0.125000
127	1	1	0.125000
128	1	1	0.125000
129	1	1	0.125000
130	1	1	0.125000
131	1	1	0.125000
132	1	1	0.125000
133	1	1	0.125000
134	1	1	0.125000
135	2	2	0.125000
136	2	2	0.125000
137	2	2	0.125000
138	2	2	0.125000
139	2	2	0.125000
140	2	2	0.125000
141	2	2	0.125000
142	2	2	0.125000
143	2	2	0.125000
144	2	3	0.125000
145	1	3	0.125000
146	1	1	0.125000
147	1	1	0.125000
148	1	1	0.125000
149	1	1	0.125000
150	1	1	0.125000
151	1	1	0.125000
152	1	1	0.125000
153	1	3	0.125000
154	1	1	0.125000
155	1	3	0.125000
156	1	1	0.125000
157	1	1	0.125000
158	2	1	0.125000
159	2	2	0.125000
160	2	5	0.125000
161	2	2	0.125000
162	2	2	0.125000
163	2	2	0.125000
164	2	2	0.125000
165	2	2	0.125000
166	2	2	0.125000
167	2	2	0.125000
168	2	2	0.125000
169	2	2	0.125000
170	1	0	0.125000
171	1	1	0.125000
172	1	1	0.125000
173	1	1	0.125000
174	1	1	0.125000
175	1	1	0.125000
176	1	1	0.125000
177	1	0	0.125000
178	1	1	0.125000
179	1	1	0.125000
180	1	2	0.125000
181	1	1	0.125000
182	1	1	0.125000
183	1	1	0.125000
184	1	1	0.125000
185	1	1	0.125000
186	2	2	0.125000
187	2	2	0.125000
188	2	2	0.125000
189	2	2	0.125000
190	2	2	0.125000
191	2	2	0.125000
192	2	2	0.125000
193	2	2	0.125000
194	2	2	0.125000
195	2	2	0.125000
196	2	2	0.125000
197	2	2	0.125000
198	2	1	0.125000
199	1	1	0.125000
200	1	1	0.125000
201	1	1	0.125000
202	1	1	0.125000
203	1	1	0.125000
204	1	1	0.125000
205	1	1	0.125000
206	1	0	0.125000
207	1	1	0.125000
208	1	1	0.125000
209	1	1	0.125000
210	1	1	0.125000
211	1	1	0.125000
212	1	1	0.125000
213	1	1	0.125000
214	1	1	0.125000
215	1	1	0.125000
216	1	1	0.125000
217	1	1	0.125000
218	1	1	0.125000
219	2	2	0.125000
220	1	1	0.125000
221	2	2	0.125000
222	2	2	0.125000
223	2	5	0.125000
224	2	2	0.125000
225	2	2	0.125000
226	2	2	0.125000
227	2	2	0.125000
228	2	2	0.125000
229	2	2	0.125000
230	2	2	0.125000
231	1	1	0.125000
232	1	1	0.125000
233	1	1	0.125000
234	1	1	0.125000
235	1	1	0.125000
236	1	1	0.125000
237	1	1	0.125000
238	1	1	0.125000
239	1	1	0.125000
240	1	1	0.125000
241	1	1	0.125000
242	1	1	0.125000
243	1	1	0.125000
244	1	1	0.125000
245	1	1	0.125000
246	1	1	0.125000
247	1	1	0.125000
248	1	1	0.125000
249	1	1	0.125000
250	2	2	0.125000
251	2	0	0.125000
252	2	2	0.125000
253	2	2	0.125000
254	2	2	0.125000
255	2	2	0.125000
256	2	2	0.125000
257	2	2	0.125000
258	2	2	0.125000
259	2	2	0.125000
260	2	2	0.125000
261	2	2	0.125000
262	2	2	0.125000
263	1	1	0.125000
264	1	1	0.125000
265	1	1	0.125000
266	1	1	0.125000
267	1	1	0.125000
268	1	1	0.125000
269	1	1	0.125000
270	1	1	0.125000
271	1	0	0.125000
272	1	1	0.125000
273	1	1	0.125000
274	1	1	0.125000
275	1	1	0.125000
276	1	3	0.125000
277	1	1	0.125000
278	1	1	0.125000
279	1	1	0.125000
280	1	1	0.125000
281	2	2	0.125000
282	2	2	0.125000
283	2	2	0.125000
284	2	2	0.125000
285	2	2	0.125000
286	2	2	0.125000
287	2	2	0.125000
288	2	4	0.125000
289	2	2	0.125000
290	2	0	0.125000
291	2	2	0.125000
292	2	2	0.125000
293	1	1	0.125000
294	1	1	0.125000
295	1	1	0.125000
296	1	1	0.125000
297	1	1	0.125000
298	1	1	0.125000
299	1	0	0.125000
300	1	1	0.125000
301	1	1	0.125000
302	1	1	0.125000
303	1	1	0.125000
304	1	1	0.125000
305	1	1	0.125000
306	1	1	0.125000
307	1	1	0.125000
308	2	2	0.125000
309	2	2	0.125000
310	2	2	0.125000
311	2	2	0.125000
312	2	2	0.125000
313	2	2	0.125000
314	2	2	0.125000
315	2	2	0.125000
316	2	2	0.125000
317	2	2	0.125000
318	2	2	0.125000
319	2	2	0.125000
320	2	2	0.125000
321	2	2	0.125000
322	2	2	0.125000
323	2	2	0.125000
324	2	2	0.125000
325	2	2	0.125000
326	2	2	0.125000
327	2	2	0.125000
328	2	2	0.125000
329	2	5	0.125000
330	1	1	0.125000
331	1	1	0.125000
332	1	1	0.125000
333	1	1	0.125000
334	1	1	0.125000
335	1	1	0.125000
336	1	1	0.125000
337	1	1	0.125000
338	1	1	0.125000
339	1	1	0.125000
340	1	1	0.125000
341	1	1	0.125000
342	1	1	0.125000
343	1	1	0.125000
344	1	1	0.125000
345	2	3	0.125000
346	2	4	0.125000
347	2	2	0.125000
348	2	2	0.125000
349	2	2	0.125000
350	2	2	0.125000
351	1	1	0.125000
352	1	1	0.125000
353	1	1	0.125000
354	1	1	0.125000
355	1	1	0.125000
356	1	1	0.125000
357	1	1	0.125000
358	1	1	0.125000
359	1	1	0.125000
360	1	1	0.125000
361	1	0	0.125000
362	1	1	0.125000
363	1	1	0.125000
364	1	1	0.125000
365	1	1	0.125000
366	1	1	0.125000
367	1	1	0.125000
368	1	0	0.125000
369	1	1	0.125000
370	1	1	0.125000
371	2	1	0.125000
372	2	2	1.000000
373	3	0	0.125000
374	2	2	0.125000
375	2	2	0.125000
376	2	2	0.125000
377	2	0	0.125000
378	1	1	0.125000
379	1	1	0.125000
380	1	1	0.125000
381	1	1	0.125000
382	1	1	0.125000
383	1	0	0.125000
384	1	1	0.125000
385	1	1	0.125000
386	2	2	0.125000
387	2	2	0.125000
388	2	2	0.125000
389	2	5	0.125000
390	2	2	0.125000
391	2	2	0.125000
392	2	2	0.125000
393	2	2	0.125000
394	2	0	0.125000
395	1	1	0.125000
396	1	0	0.125000
397	1	1	0.125000
398	1	1	0.125000
399	1	1	0.125000
400	1	1	0.125000
401	1	1	0.125000
402	1	1	0.125000
403	2	2	0.125000
404	2	2	0.125000
405	2	2	0.125000
406	2	0	0.125000
407	2	2	0.125000
408	2	2	0.125000
409	2	2	0.125000
410	1	1	0.125000
411	1	1	0.125000
412	1	1	0.125000
413	1	1	0.125000
414	1	1	0.125000
415	1	1	0.125000
416	1	1	0.125000
417	1	1	0.125000
418	1	1	0.125000
419	1	1	0.125000
420	1	1	0.125000
421	1	1	0.125000
422	1	1	0.125000
423	1	1	0.125000
424	1	1	0.125000
425	1	1	0.125000
426	1	1	0.125000
427	1	1	0.125000
428	1	1	0.125000
429	2	2	0.125000
430	2	2	0.125000
431	1	1	0.125000
432	1	1	0.125000
433	1	1	0.125000
434	1	1	0.125000
435	1	1	0.125000
436	1	1	0.125000
437	1	1	0.125000
438	1	1	0.125000
439	2	2	0.125000
440	2	2	0.125000
441	2	2	0.125000
442	2	2	0.125000
443	2	2	1.000000
444	3	0	1.000000
445	3	0	1.000000
446	3	0	1.000000
447	3	1	1.000000
448	3	0	1.000000
449	3	0	0.125000
450	2	2	0.125000
451	2	2	0.125000
452	2	2	0.125000
453	2	2	0.125000
454	2	2	0.125000
455	2	2	0.125000
456	2	2	0.125000
457	2	2	0.125000
458	2	5	0.125000
459	2	2	0.125000
460	2	2	0.125000
461	2	2	0.125000
462	2	2	0.125000
463	2	2	0.125000
464	2	2	0.125000
465	2	2	0.125000
466	2	2	0.125000
467	2	2	0.125000
468	2	2	0.125000
469	2	2	0.125000
470	2	2	0.125000
471	1	1	0.125000
472	1	1	0.125000
473	1	1	0.125000
474	1	1	0.125000
475	1	1	0.125000
476	1	1	0.125000
477	1	1	0.125000
478	1	3	0.125000
479	1	1	0.125000
480	1	3	0.125000
481	1	1	0.125000
482	1	1	0.125000
483	1	1	0.125000
484	1	1	0.125000
485	1	1	0.125000
486	1	3	0.125000
487	1	1	0.125000
488	1	1	0.125000
489	2	2	0.125000
490	2	2	0.125000
491	2	4	0.125000
492	2	2	0.125000
493	2	2	1.000000
494	3	0	1.000000
495	3	0	1.000000
496	3	0	1.000000
497	3	0	0.125000
498	2	2	0.125000
499	2	4	0.125000
500	2	2	0.125000
501	2	2	0.125000
502	2	2	0.125000
503	2	2	0.125000
504	2	2	0.125000
505	2	2	0.125000
506	2	2	0.125000
507	2	2	0.125000
508	2	2	0.125000
509	2	2	0.125000
510	2	2	0.125000
511	2	2	0.125000
512	2	2	0.125000
513	2	2	0.125000
514	1	1	0.125000
515	1	1	0.125000
516	1	1	0.125000
517	1	0	0.125000
518	2	2	0.125000
519	2	2	0.125000
520	2	0	0.125000
521	2	2	0.125000
522	1	1	0.125000
523	1	1	0.125000
524	1	1	0.125000
525	1	1	0.125000
526	1	1	0.125000
527	1	1	0.125000
528	1	1	0.125000
529	1	1	0.125000
530	1	1	0.125000
531	1	1	0.125000
532	1	1	0.125000
533	1	1	0.125000
534	1	1	0.125000
535	1	1	0.125000
536	2	5	0.125000
537	2	2	0.125000
538	2	2	0.125000
539	2	2	0.125000
540	2	1	1.000000
541	3	0	1.000000
542	3	0	1.000000
543	3	0	0.125000
544	2	2	0.125000
545	2	2	0.125000
546	2	2	0.125000
547	2	2	0.125000
548	2	2	0.125000
549	2	2	0.125000
550	2	2	0.125000
551	2	2	0.125000
552	2	2	0.125000
553	2	2	0.125000
554	2	2	0.125000
555	2	2	0.125000
556	2	2	0.125000
557	2	2	0.125000
558	2	2	0.125000
559	1	1	0.125000
560	1	1	0.125000
561	1	1	0.125000
562	1	1	0.125000
563	1	1	0.125000
564	1	1	0.125000
565	1	1	0.125000
566	1	1	0.125000
567	1	1	0.125000
568	1	1	0.125000
569	1	3	0.125000
570	1	1	0.125000
571	1	1	0.125000
572	1	1	0.125000
573	1	0	0.125000
574	1	1	0.125000
575	1	1	0.125000
576	1	1	0.125000
577	1	1	0.125000
578	1	0	0.125000
579	2	2	0.125000
580	2	2	0.125000
581	2	2	0.125000
582	2	2	0.125000
583	2	2	0.125000
584	2	2	0.125000
585	2	2	0.125000
586	2	2	0.125000
587	2	2	0.125000
588	2	2	0.125000
589	2	1	0.125000
590	2	2	0.125000
591	2	2	0.125000
592	2	2	0.125000
593	2	2	0.125000
594	2	2	0.125000
595	2	2	0.125000
596	2	5	0.125000
597	2	2	0.125000
598	2	2	0.125000
599	2	2	0.125000
600	1	1	0.125000
601	2	2	0.125000
602	2	2	0.125000
603	2	2	0.125000
604	2	2	0.125000
605	2	2	0.125000
606	1	1	0.125000
607	1	1	0.125000
608	2	2	0.125000
609	2	1	0.125000
610	2	2	0.125000
611	2	2	0.125000
612	2	2	0.125000
613	2	2	0.125000
614	2	2	0.125000
615	2	2	0.125000
616	2	2	0.125000
617	1	1	0.125000
618	1	1	0.125000
619	1	1	0.125000
620	1	2	0.125000
621	1	1	0.125000
622	1	1	0.125000
623	1	1	0.125000
624	1	1	0.125000
625	1	1	0.125000
626	1	1	0.125000
627	1	1	0.125000
628	1	1	0.125000
629	1	1	0.125000
630	1	1	0.125000
631	1	2	0.125000
632	1	1	0.125000
633	1	1	0.125000
634	1	2	0.125000
635	1	1	0.125000
636	1	3	0.125000
637	1	1	0.125000
638	1	1	0.125000
639	1	1	0.125000
640	1	1	0.125000
641	2	2	0.125000
642	2	2	0.125000
643	2	2	0.125000
644	2	2	0.125000
645	1	1	0.125000
646	1	1	0.125000
647	1	1	0.125000
648	1	1	0.125000
649	1	0	0.125000
650	1	1	0.125000
651	1	1	0.125000
652	1	1	0.125000
653	1	1	0.125000
654	1	1	0.125000
655	1	1	0.125000
656	1	1	0.125000
657	1	1	0.125000
658	1	1	0.125000
659	1	3	0.125000
660	1	1	0.125000
661	1	1	0.125000
662	1	1	0.125000
663	1	1	0.125000
664	1	1	0.125000
665	2	2	0.125000
666	2	2	0.125000
667	2	2	0.125000
668	2	2	0.125000
669	2	5	0.125000
670	2	0	0.125000
671	2	2	0.125000
672	2	2	0.125000
673	2	2	0.125000
674	2	2	0.125000
675	2	2	0.125000
676	2	2	0.125000
677	2	2	0.125000
678	2	2	0.125000
679	2	2	0.125000
680	2	1	0.125000
681	2	2	0.125000
682	2	2	0.125000
683	2	2	0.125000
684	2	2	0.125000
685	2	2	0.125000
686	2	2	0.125000
687	2	2	0.125000
688	1	1	0.125000
689	1	1	0.125000
690	1	1	0.125000
691	1	1	0.125000
692	1	1	0.125000
693	1	1	0.125000
694	2	2	0.125000
695	2	2	0.125000
696	2	2	0.125000
697	2	2	0.125000
698	2	2	0.125000
699	2	2	0.125000
700	2	2	0.125000
701	2	2	0.125000
702	2	2	0.125000
703	2	2	0.125000
704	2	2	0.125000
705	2	2	0.125000
706	2	2	0.125000
707	2	2	0.125000
708	2	2	0.125000
709	2	2	0.125000
710	2	2	0.125000
711	2	2	0.125000
712	2	2	0.125000
713	2	2	0.125000
714	2	2	0.125000
715	2	2	0.125000
716	2	2	0.125000
717	2	2	0.125000
718	2	2	0.125000
719	2	2	0.125000
720	2	2	0.125000
721	2	2	0.125000
722	2	2	0.125000
723	2	2	0.125000
724	2	2	0.125000
725	2	2	0.125000
726	2	2	0.125000
727	2	2	0.125000
728	2	2	0.125000
729	2	2	0.125000
730	2	2	0.125000
731	2	2	0.125000
732	2	2	0.125000
733	2	2	0.125000
734	2	2	0.125000
735	2	2	0.125000
736	2	2	0.125000
737	2	2	0.125000
738	2	2	0.125000
739	2	2	0.125000
740	2	2	0.125000
741	2	2	0.125000
742	2	2	0.125000
743	1	1	0.125000
744	2	2	0.125000
745	2	2	0.125000
746	2	2	0.125000
747	2	2	0.125000
748	2	5	0.125000
749	2	2	0.125000
750	2	2	0.125000
751	1	1	0.125000
752	1	1	0.125000
753	1	1	0.125000
754	1	1	0.125000
755	1	1	0.125000
756	1	1	0.125000
757	1	1	0.125000
758	1	1	0.125000
759	1	1	0.125000
760	1	1	0.125000
761	1	3	0.125000
762	1	1	0.125000
763	1	1	0.125000
764	1	0	0.125000
765	1	1	0.125000
766	1	3	0.125000
767	1	1	0.125000
768	1	2	0.125000
769	1	1	0.125000
770	1	1	0.125000
771	1	1	0.125000
772	1	1	0.125000
773	1	1	0.125000
774	1	0	0.125000
775	2	2	0.125000
776	2	2	0.125000
777	2	2	0.125000
778	2	2	1.000000
779	3	0	1.000000
780	3	3	1.000000
781	3	0	1.000000
782	3	0	1.000000
783	3	0	1.000000
784	3	0	1.000000
785	3	0	0.125000
786	2	2	0.125000
787	2	2	0.125000
788	2	2	0.125000
789	2	2	0.125000
790	2	0	0.125000
791	2	2	0.125000
792	2	2	0.125000
793	2	2	0.125000
794	2	2	0.125000
795	2	2	0.125000
796	2	2	0.125000
797	2	2	0.125000
798	2	2	0.125000
799	2	2	0.125000
800	2	2	0.125000
801	2	2	0.125000
802	2	2	0.125000
803	2	2	0.125000
804	2	2	0.125000
805	2	2	0.125000
806	2	2	0.125000
807	2	2	0.125000
808	2	2	0.125000
809	2	2	0.125000
810	2	2	0.125000
811	2	2	0.125000
812	2	2	0.125000
813	2	2	0.125000
814	2	2	0.125000
815	2	2	0.125000
816	2	2	0.125000
817	2	2	0.125000
818	2	2	0.125000
819	2	2	0.125000
820	2	2	0.125000
821	2	2	0.125000
822	2	3	0.125000
823	2	2	0.125000
824	2	2	0.125000
825	2	2	0.125000
826	2	2	0.125000
827	2	3	0.125000
828	2	2	0.125000
829	2	2	0.125000
830	2	2	0.125000
831	2	2	0.125000
832	1	1	0.125000
833	1	0	0.125000
834	1	1	0.125000
835	1	1	0.125000
836	1	1	0.125000
837	1	3	0.125000
838	1	1	0.125000
839	1	1	0.125000
840	1	1	0.125000
841	1	1	0.125000
842	1	1	0.125000
843	1	1	0.125000
844	1	1	0.125000
845	1	1	0.125000
846	2	2	0.125000
847	2	1	0.125000
848	2	2	0.125000
849	2	2	0.125000
850	2	2	0.125000
851	2	2	0.125000
852	2	2	0.125000
853	2	2	0.125000
854	2	2	0.125000
855	2	2	0.125000
856	2	2	0.125000
857	2	2	0.125000
858	2	2	0.125000
859	2	2	0.125000
860	2	2	0.125000
861	2	2	0.125000
862	2	2	0.125000
863	2	2	0.125000
864	2	2	0.125000
865	2	2	0.125000
866	2	2	0.125000
867	2	2	0.125000
868	2	2	0.125000
869	2	2	0.125000
870	2	2	0.125000
871	2	2	0.125000
872	2	2	0.125000
873	2	2	0.125000
874	2	2	0.125000
875	2	2	0.125000
876	2	2	0.125000
877	2	2	0.125000
878	2	2	0.125000
879	2	1	0.125000
880	2	3	0.125000
881	2	2	0.125000
882	2	2	0.125000
883	2	2	0.125000
884	2	3	0.125000
885	2	4	0.125000
886	2	2	0.125000
887	2	2	0.125000
888	2	2	0.125000
889	2	2	0.125000
890	2	2	0.125000
891	2	2	0.125000
892	2	2	0.125000
893	2	2	0.125000
894	2	2	0.125000
895	2	2	0.125000
896	2	2	0.125000
897	2	2	0.125000
898	2	2	0.125000
899	2	2	0.125000
900	2	2	0.125000
901	2	2	0.125000
902	2	2	0.125000
903	2	2	0.125000
904	2	4	0.125000
905	1	1	0.125000
906	1	1	0.125000
907	1	1	0.125000
908	1	1	0.125000
909	1	1	0.125000
910	1	1	0.125000
911	1	1	0.125000
912	1	1	0.125000
913	1	1	0.125000
914	1	1	0.125000
915	1	1	0.125000
916	1	1	0.125000
917	1	1	0.125000
918	1	1	0.125000
919	1	1	0.125000
920	1	1	0.125000
921	1	1	0.125000
922	2	2	0.125000
923	2	2	0.125000
924	2	2	0.125000
925	2	2	0.125000
926	2	2	0.125000
927	2	2	0.125000
928	2	2	0.125000
929	2	2	0.125000
930	2	2	0.125000
931	2	2	0.125000
932	2	2	0.125000
933	2	2	0.125000
934	2	2	0.125000
935	2	2	0.125000
936	2	2	0.125000
937	2	2	0.125000
938	2	2	0.125000
939	2	2	0.125000
940	2	2	0.125000
941	2	2	0.125000
942	2	2	0.125000
943	2	2	0.125000
944	2	2	0.125000
945	2	2	0.125000
946	1	1	0.125000
947	1	1	0.125000
948	1	1	0.125000
949	1	1	0.125000
950	1	1	0.125000
951	1	1	0.125000
952	1	1	0.125000
953	1	1	0.125000
954	1	3	0.125000
955	1	1	0.125000
956	1	1	0.125000
957	1	1	0.125000
958	1	1	0.125000
959	1	1	0.125000
960	1	1	0.125000
961	2	2	0.125000
962	2	2	0.125000
963	2	2	0.125000
964	2	2	0.125000
965	2	2	0.125000
966	2	4	0.125000
967	2	2	0.125000
968	2	2	0.125000
969	2	2	0.125000
970	2	2	0.125000
971	2	2	0.125000
972	2	2	0.125000
973	2	3	0.125000
974	2	2	0.125000
975	2	2	0.125000
976	2	2	0.125000
977	2	2	0.125000
978	2	2	0.125000
979	1	1	0.125000
980	2	2	0.125000
981	1	1	0.125000
982	1	2	0.125000
983	1	1	0.125000
984	1	1	0.125000
985	1	1	0.125000
986	1	1	0.125000
987	1	1	0.125000
988	1	0	0.125000
989	1	1	0.125000
990	1	1	0.125000
991	1	1	0.125000
992	2	2	0.125000
993	2	2	0.125000
994	2	2	0.125000
995	2	1	0.125000
996	2	2	0.125000
997	2	2	0.125000
998	2	2	0.125000
999	2	2	0.125000
1000	2	2	0.125000
1001	2	2	0.125000
1002	2	2	0.125000
1003	2	2	0.125000
1004	2	2	0.125000
1005	2	2	0.125000
1006	2	2	0.125000
1007	2	2	0.125000
1008	2	2	0.125000
1009	2	2	0.125000
1010	1	3	0.125000
1011	2	2	0.125000
1012	1	1	0.125000
1013	1	1	0.125000
1014	1	1	0.125000
1015	1	1	0.125000
1016	1	1	0.125000
1017	1	1	0.125000
1018	1	1	0.125000
1019	1	0	0.125000
1020	1	1	0.125000
1021	1	1	0.125000
1022	2	3	0.125000
1023	2	2	0.125000
1024	2	2	0.125000
1025	2	2	0.125000
1026	2	2	0.125000
1027	2	2	0.125000
1028	2	2	0.125000
1029	2	2	0.125000
1030	2	3	0.125000
1031	2	2	0.125000
1032	2	1	0.125000
1033	2	2	0.125000
1034	2	2	0.125000
1035	2	2	0.125000
1036	2	2	0.125000
1037	2	2	0.125000
1038	2	2	0.125000
1039	2	2	0.125000
1040	2	2	0.125000
1041	2	2	0.125000
1042	2	5	0.125000
1043	2	2	0.125000
1044	1	1	0.125000
1045	1	1	0.125000
1046	1	1	0.125000
1047	1	0	0.125000
1048	1	0	0.125000
1049	1	1	0.125000
1050	1	1	0.125000
1051	1	1	0.125000
1052	1	1	0.125000
1053	1	1	0.125000
1054	1	1	0.125000
1055	1	1	0.125000
1056	1	1	0.125000
1057	1	1	0.125000
1058	2	2	0.125000
1059	2	2	0.125000
1060	2	2	0.125000
1061	2	2	0.125000
1062	2	2	0.125000
1063	2	2	0.125000
1064	2	2	0.125000
1065	2	2	0.125000
1066	2	2	0.125000
1067	2	2	0.125000
1068	2	2	0.125000
1069	2	2	0.125000
1070	2	2	0.125000
1071	2	2	0.125000
1072	2	1	0.125000
1073	2	2	0.125000
1074	2	2	0.125000
1075	2	1	0.125000
1076	2	2	0.125000
1077	2	2	0.125000
1078	2	2	0.125000
1079	2	2	0.125000
1080	2	2	0.125000
1081	2	2	0.125000
1082	2	2	0.125000
1083	2	2	0.125000
1084	2	1	0.125000
1085	2	2	0.125000
1086	2	1	0.125000
1087	2	2	0.125000
1088	2	2	0.125000
1089	2	2	0.125000
1090	2	2	0.125000
1091	2	2	0.125000
1092	2	3	0.125000
1093	2	2	0.125000
1094	2	2	0.125000
1095	2	2	0.125000
1096	2	2	0.125000
1097	2	2	0.125000
1098	2	2	0.125000
1099	2	1	0.125000
1100	2	2	0.125000
1101	2	2	0.125000
1102	2	2	0.125000
1103	2	2	0.125000
1104	2	2	0.125000
1105	2	2	0.125000
1106	2	2	0.125000
1107	2	2	0.125000
1108	2	2	0.125000
1109	2	2	0.125000
1110	2	2	0.125000
1111	2	2	0.125000
1112	2	2	0.125000
1113	2	2	0.125000
1114	2	2	0.125000
1115	2	5	0.125000
1116	2	2	0.125000
1117	2	2	0.125000
1118	2	2	0.125000
1119	2	2	0.125000
1120	2	0	0.125000
1121	2	2	0.125000
1122	2	2	0.125000
1123	2	2	0.125000
1124	2	3	0.125000
1125	2	4	0.125000
1126	2	2	0.125000
1127	2	2	0.125000
1128	2	2	0.125000
1129	2	2	0.125000
1130	2	2	0.125000
1131	2	2	0.125000
1132	2	2	0.125000
1133	2	2	0.125000
1134	2	2	0.125000
1135	2	2	0.125000
1136	2	2	0.125000
1137	2	4	0.125000
1138	2	2	0.125000
1139	2	2	0.125000
1140	2	2	0.125000
1141	2	2	0.125000
1142	2	2	0.125000
1143	2	2	0.125000
1144	2	2	0.125000
1145	2	2	0.125000
1146	2	2	0.125000
1147	2	2	0.125000
1148	2	5	0.125000
1149	2	2	0.125000
1150	2	2	0.125000
1151	2	2	0.125000
1152	2	2	0.125000
1153	2	2	0.125000
1154	2	2	0.125000
1155	2	2	0.125000
1156	2	2	0.125000
1157	2	2	0.125000
1158	2	2	0.125000
1159	2	2	0.125000
1160	2	2	0.125000
1161	2	2	0.125000
1162	2	2	0.125000
1163	2	2	0.125000
1164	1	1	0.125000
1165	1	1	0.125000
1166	1	1	0.125000
1167	1	1	0.125000
1168	1	1	0.125000
1169	1	1	0.125000
1170	1	1	0.125000
1171	1	1	0.125000
1172	1	1	0.125000
1173	1	1	0.125000
1174	1	1	0.125000
1175	1	2	0.125000
1176	1	1	0.125000
1177	1	1	0.125000
1178	1	1	0.125000
1179	1	0	0.125000
1180	1	1	0.125000
1181	1	1	0.125000
1182	1	1	0.125000
1183	2	2	0.125000
1184	2	2	0.125000
1185	2	2	0.125000
1186	2	2	0.125000
1187	2	2	0.125000
1188	2	2	0.125000
1189	2	5	0.125000
1190	2	2	0.125000
1191	2	0	0.125000
1192	2	2	0.125000
1193	2	4	0.125000
1194	2	2	0.125000
1195	2	2	0.125000
1196	2	2	0.125000
1197	2	2	0.125000
1198	2	2	0.125000
1199	2	2	0.125000
1200	2	2	0.125000
1201	2	2	0.125000
1202	2	3	0.125000
1203	2	2	0.125000
1204	2	2	0.125000
1205	2	0	0.125000
1206	2	2	0.125000
1207	2	2	0.125000
1208	2	2	0.125000
1209	2	2	0.125000
1210	2	2	0.125000
1211	2	2	0.125000
1212	2	2	0.125000
1213	2	2	0.125000
1214	2	2	0.125000
1215	2	2	0.125000
1216	2	2	0.125000
1217	2	2	0.125000
1218	2	2	0.125000
1219	2	2	0.125000
1220	2	2	0.125000
1221	2	2	0.125000
1222	1	1	0.125000
1223	1	1	0.125000
1224	1	1	0.125000
1225	1	1	0.125000
1226	1	1	0.125000
1227	1	1	0.125000
1228	1	1	0.125000
1229	1	1	0.125000
1230	1	1	0.125000
1231	1	1	0.125000
1232	1	1	0.125000
1233	1	1	0.125000
1234	1	1	0.125000
1235	1	1	0.125000
1236	1	1	0.125000
1237	1	1	0.125000
1238	1	1	0.125000
1239	1	1	0.125000
1240	1	1	0.125000
1241	1	1	0.125000
1242	2	2	0.125000
1243	2	2	0.125000
1244	2	2	0.125000
1245	2	2	0.125000
1246	2	2	0.125000
1247	2	2	0.125000
1248	2	2	0.125000
1249	2	2	0.125000
1250	2	2	0.125000
1251	2	2	0.125000
1252	2	4	0.125000
1253	2	2	0.125000
1254	2	2	0.125000
1255	2	2	0.125000
1256	2	2	0.125000
1257	2	2	0.125000
1258	2	1	0.125000
1259	2	2	0.125000
1260	2	4	0.125000
1261	1	1	0.125000
1262	1	1	0.125000
1263	1	2	0.125000
1264	2	2	0.125000
1265	1	1	0.125000
1266	1	1	0.125000
1267	1	1	0.125000
1268	1	1	0.125000
1269	1	1	0.125000
1270	1	1	0.125000
1271	1	1	0.125000
1272	1	1	0.125000
1273	2	2	0.125000
1274	2	2	0.125000
1275	2	2	0.125000
1276	2	2	0.125000
1277	2	2	0.125000
1278	2	1	0.125000
1279	2	2	0.125000
1280	2	2	0.125000
1281	2	2	0.125000
1282	2	2	0.125000
1283	2	2	0.125000
1284	2	4	0.125000
1285	2	1	0.125000
1286	2	2	0.125000
1287	1	0	0.125000
1288	1	0	0.125000
1289	1	1	0.125000
1290	1	1	0.125000
1291	1	1	0.125000
1292	1	1	0.125000
1293	1	1	0.125000
1294	1	1	0.125000
1295	1	1	0.125000
1296	1	1	0.125000
1297	1	0	0.125000
1298	1	1	0.125000
1299	2	2	0.125000
1300	2	2	0.125000
1301	2	5	0.125000
1302	2	2	0.125000
1303	2	2	0.125000
1304	2	2	0.125000
1305	2	2	0.125000
1306	2	2	0.125000
1307	2	2	0.125000
1308	2	2	0.125000
1309	2	2	0.125000
1310	2	2	0.125000
1311	2	2	0.125000
1312	1	1	0.125000
1313	2	2	0.125000
1314	2	2	0.125000
1315	1	1	0.125000
1316	1	1	0.125000
1317	1	1	0.125000
1318	1	1	0.125000
1319	1	1	0.125000
1320	1	1	0.125000
1321	1	1	0.125000
1322	1	1	0.125000
1323	1	1	0.125000
1324	1	1	0.125000
1325	1	1	0.125000
1326	1	1	0.125000
1327	1	1	0.125000
1328	1	1	0.125000
1329	2	1	0.125000
1330	2	2	0.125000
1331	2	2	0.125000
1332	2	2	0.125000
1333	2	2	0.125000
1334	2	2	0.125000
1335	2	2	0.125000
1336	2	2	0.125000
1337	2	2	0.125000
1338	2	2	0.125000
1339	2	2	0.125000
1340	2	2	0.125000
1341	2	2	0.125000
1342	2	3	0.125000
1343	1	1	0.125000
1344	1	1	0.125000
1345	1	1	0.125000
1346	1	1	0.125000
1347	1	1	0.125000
1348	1	1	0.125000
1349	1	1	0.125000
1350	1	0	0.125000
1351	1	0	0.125000
1352	1	1	0.125000
1353	1	1	0.125000
1354	1	1	0.125000
1355	1	1	0.125000
1356	2	2	0.125000
1357	2	2	0.125000
1358	2	2	0.125000
1359	2	2	0.125000
1360	2	2	0.125000
1361	2	2	0.125000
1362	2	2	0.125000
1363	2	2	0.125000
1364	2	2	0.125000
1365	2	2	0.125000
1366	2	2	0.125000
1367	2	2	0.125000
1368	2	4	0.125000
1369	1	1	0.125000
1370	1	1	0.125000
1371	1	1	0.125000
1372	1	1	0.125000
1373	1	1	0.125000
1374	1	1	0.125000
1375	1	1	0.125000
1376	1	1	0.125000
1377	1	2	0.125000
1378	1	1	0.125000
1379	1	1	0.125000
1380	1	1	0.125000
1381	2	2	0.125000
1382	2	2	0.125000
1383	2	2	0.125000
1384	2	3	0.125000
1385	2	2	0.125000
1386	2	2	0.125000
1387	2	2	0.125000
1388	2	2	0.125000
1389	2	2	0.125000
1390	2	2	0.125000
1391	2	2	0.125000
1392	2	2	0.125000
1393	2	2	0.125000
1394	2	2	0.125000
1395	2	2	0.125000
1396	1	1	0.125000
1397	1	1	0.125000
1398	1	1	0.125000
1399	1	0	0.125000
1400	1	1	0.125000
1401	1	1	0.125000
1402	1	0	0.125000
1403	1	0	0.125000
1404	1	1	0.125000
1405	1	1	0.125000
1406	1	1	0.125000
1407	1	1	0.125000
1408	1	1	0.125000
1409	1	1	0.125000
1410	1	1	0.125000
1411	1	1	0.125000
1412	2	2	0.125000
1413	2	2	0.125000
1414	2	2	0.125000
1415	2	2	0.125000
1416	2	2	0.125000
1417	2	2	0.125000
1418	2	4	0.125000
1419	2	2	0.125000
1420	2	2	0.125000
1421	2	2	0.125000
1422	2	2	0.125000
1423	2	2	0.125000
1424	2	2	0.125000
1425	1	1	0.125000
1426	1	0	0.125000
1427	1	1	0.125000
1428	1	1	0.125000
1429	1	1	0.125000
1430	1	1	0.125000
1431	1	1	0.125000
1432	1	1	0.125000
1433	1	1	0.125000
1434	1	1	0.125000
1435	1	1	0.125000
1436	1	1	0.125000
1437	1	1	0.125000
1438	1	1	0.125000
1439	2	2	0.125000
1440	2	2	0.125000
1441	2	2	0.125000
1442	2	2	0.125000
1443	2	2	0.125000
1444	2	2	0.125000
1445	2	2	0.125000
1446	2	2	0.125000
1447	2	2	0.125000
1448	1	1	0.125000
1449	1	3	0.125000
1450	1	1	0.125000
1451	1	1	0.125000
1452	1	1	0.125000
1453	1	2	0.125000
1454	1	3	0.125000
1455	1	1	0.125000
1456	1	1	0.125000
1457	1	1	0.125000
1458	1	1	0.125000
1459	1	1	0.125000
1460	1	1	0.125000
1461	1	1	0.125000
1462	1	1	0.125000
1463	1	1	0.125000
1464	1	1	0.125000
1465	1	1	0.125000
1466	1	1	0.125000
1467	1	1	0.125000
1468	1	1	0.125000
1469	1	3	0.125000
1470	2	2	0.125000
1471	2	0	0.125000
1472	2	2	0.125000
1473	2	2	0.125000
1474	2	2	0.125000
1475	2	2	0.125000
1476	2	2	1.000000
1477	3	0	1.000000
1478	3	0	1.000000
1479	3	0	1.000000
1480	3	0	1.000000
1481	3	1	1.000000
1482	3	0	1.000000
1483	3	0	1.000000
1484	3	0	1.000000
1485	3	0	1.000000
1486	3	3	1.000000
1487	3	0	1.000000
1488	3	0	1.000000
1489	3	0	1.000000
1490	3	0	1.000000
1491	3	1	1.000000
1492	3	0	1.000000
1493	3	0	1.000000
1494	3	0	1.000000
1495	3	3	1.000000
1496	3	0	1.000000
1497	3	2	1.000000
1498	3	0	1.000000
1499	3	0	1.000000
1500	3	0	1.000000
1501	3	0	1.000000
1502	3	0	1.000000
1503	3	0	1.000000
1504	3	0	1.000000
1505	3	0	1.000000
1506	3	3	1.000000
1507	3	0	1.000000
1508	3	2	1.000000
1509	4	0	1.000000
1510	4	0	1.000000
1511	4	0	1.000000
1512	4	0	1.000000
1513	4	0	1.000000
1514	4	0	1.000000
1515	4	0	1.000000
1516	4	0	1.000000
1517	4	0	1.000000
1518	4	0	1.000000
1519	4	0	1.000000
1520	4	0	1.000000
1521	4	0	1.000000
1522	4	0	1.000000
1523	4	0	1.000000
1524	4	2	1.000000
1525	4	1	1.000000
1526	4	0	1.000000
1527	4	0	1.000000
1528	4	0	1.000000
1529	4	0	1.000000
1530	4	0	1.000000
1531	4	0	1.000000
1532	4	0	1.000000
1533	4	0	1.000000
1534	4	0	1.000000
1535	4	0	1.000000
1536	4	0	1.000000
1537	4	0	1.000000
1538	4	0	1.000000
1539	4	0	1.000000
1540	4	0	1.000000
1541	4	0	1.000000
1542	4	0	1.000000
1543	4	0	1.000000
1544	4	0	1.000000
1545	4	0	1.000000
1546	4	0	1.000000
1547	4	0	1.000000
1548	4	0	1.000000
1549	4	0	1.000000
1550	4	1	1.000000
1551	4	0	1.000000
1552	4	0	1.000000
1553	4	0	1.000000
1554	4	0	1.000000
1555	4	0	1.000000
1556	4	0	1.000000
1557	4	0	1.000000
1558	4	0	1.000000
1559	4	0	1.000000
1560	4	0	1.000000
1561	4	0	1.000000
1562	4	0	1.000000
1563	4	0	1.000000
1564	4	0	1.000000
1565	4	0	1.000000
1566	4	0	1.000000
1567	4	0	1.000000
1568	4	0	1.000000
1569	4	0	1.000000
1570	4	0	1.000000
1571	4	0	1.000000
1572	4	0	1.000000
1573	4	0	1.000000
1574	4	0	1.000000
1575	4	3	1.000000
1576	4	0	1.000000
1577	4	0	1.000000
1578	4	0	1.000000
1579	4	0	1.000000
1580	4	0	1.000000
1581	4	0	1.000000
1582	4	0	1.000000
1583	4	0	1.000000
1584	4	0	1.000000
1585	4	0	1.000000
1586	4	0	1.000000
1587	4	0	1.000000
1588	4	0	1.000000
1589	4	0	1.000000
1590	4	0	1.000000
1591	4	0	1.000000
1592	4	0	1.000000
1593	4	0	1.000000
1594	4	0	1.000000
1595	4	0	1.000000
1596	4	0	1.000000
1597	4	0	1.000000
1598	4	0	1.000000
1599	4	0	1.000000
1600	4	0	1.000000
1601	4	0	1.000000
1602	4	0	1.000000
1603	4	0	1.000000
1604	4	0	1.000000
1605	4	0	1.000000
1606	4	0	1.000000
1607	4	0	1.000000
1608	4	3	1.000000
1609	4	0	1.000000
1610	4	0	1.000000
1611	4	0	1.000000
1612	4	0	1.000000
1613	4	0	1.000000
1614	4	2	1.000000
1615	4	0	1.000000
1616	4	0	1.000000
1617	4	0	1.000000
1618	4	0	1.000000
1619	4	0	1.000000
1620	4	0	1.000000
1621	4	0	1.000000
1622	4	0	1.000000
1623	4	0	1.000000
1624	4	0	1.000000
1625	4	0	1.000000
1626	4	0	1.000000
1627	4	0	1.000000
1628	4	0	1.000000
1629	4	0	1.000000
1630	3	0	1.000000
1631	3	0	1.000000
1632	3	0	1.000000
1633	3	0	1.000000
1634	3	0	1.000000
1635	3	0	1.000000
1636	3	2	1.000000
1637	3	0	1.000000
1638	3	0	1.000000
1639	3	0	1.000000
1640	3	3	1.000000
1641	3	0	1.000000
1642	3	0	1.000000
1643	3	0	1.000000
1644	3	0	1.000000
1645	3	0	1.000000
1646	3	0	1.000000
1647	3	0	1.000000
1648	3	0	1.000000
1649	3	0	1.000000
1650	3	0	1.000000
1651	3	0	1.000000
1652	3	0	1.000000
1653	3	0	1.000000
1654	3	0	1.000000
1655	3	0	1.000000
1656	3	0	1.000000
1657	3	0	0.125000
1658	2	2	0.125000
1659	2	2	0.125000
1660	2	2	0.125000
1661	2	3	0.125000
1662	2	2	0.125000
1663	2	0	0.125000
1664	2	2	0.125000
1665	2	2	0.125000
1666	2	2	0.125000
1667	2	2	0.125000
1668	2	2	0.125000
1669	2	3	0.125000
1670	2	2	0.125000
1671	2	2	0.125000
1672	2	2	0.125000
1673	2	2	0.125000
1674	2	2	0.125000
1675	2	3	0.125000
1676	2	2	0.125000
1677	2	2	0.125000
1678	2	2	0.125000
1679	1	1	0.125000
1680	1	1	0.125000
1681	1	1	0.125000
1682	1	1	0.125000
1683	1	1	0.125000
1684	1	1	0.125000
1685	1	1	0.125000
1686	1	1	0.125000
1687	1	1	0.125000
1688	1	1	0.125000
1689	1	1	0.125000
1690	1	1	0.125000
1691	1	1	0.125000
1692	1	1	0.125000
1693	1	1	0.125000
1694	1	0	0.125000
1695	1	1	0.125000
1696	1	1	0.125000
1697	1	1	0.125000
1698	1	1	0.125000
1699	1	1	0.125000
1700	1	1	0.125000
1701	2	2	0.125000
1702	2	2	0.125000
1703	2	2	0.125000
1704	2	2	0.125000
1705	2	2	0.125000
1706	2	2	0.125000
1707	2	2	0.125000
1708	1	1	0.125000
1709	1	1	0.125000
1710	1	0	0.125000
1711	1	1	0.125000
1712	1	1	0.125000
1713	1	1	0.125000
1714	1	1	0.125000
1715	2	2	0.125000
1716	2	2	0.125000
1717	2	2	0.125000
1718	2	2	0.125000
1719	2	2	0.125000
1720	2	2	1.000000
1721	3	0	1.000000
1722	3	0	1.000000
1723	3	0	1.000000
1724	3	3	1.000000
1725	3	3	1.000000
1726	3	0	1.000000
1727	3	0	1.000000
1728	3	0	1.000000
1729	3	0	1.000000
1730	3	0	1.000000
1731	3	0	1.000000
1732	3	0	1.000000
1733	3	0	1.000000
1734	3	3	1.000000
1735	3	0	1.000000
1736	3	0	1.000000
1737	3	0	1.000000
1738	3	0	1.000000
1739	3	0	1.000000
1740	3	0	1.000000
1741	3	0	1.000000
1742	3	0	1.000000
1743	3	0	1.000000
1744	3	0	1.000000
1745	3	0	1.000000
1746	3	0	1.000000
1747	3	1	1.000000
1748	3	0	1.000000
1749	3	0	1.000000
1750	4	0	1.000000
1751	4	0	1.000000
1752	4	0	1.000000
1753	4	0	1.000000
1754	4	0	1.000000
1755	4	0	1.000000
1756	3	0	1.000000
1757	3	0	1.000000
1758	3	2	1.000000
1759	3	1	1.000000
1760	4	0	1.000000
1761	4	0	1.000000
1762	4	0	1.000000
1763	4	0	1.000000
1764	4	0	1.000000
1765	4	0	1.000000
1766	4	1	1.000000
1767	4	0	1.000000
1768	4	0	1.000000
1769	4	0	1.000000
1770	4	0	1.000000
1771	4	0	1.000000
1772	4	0	1.000000
1773	3	0	1.000000
1774	4	0	1.000000
1775	4	2	1.000000
1776	3	0	1.000000
1777	3	0	1.000000
1778	3	0	1.000000
1779	3	0	1.000000
1780	3	0	1.000000
1781	4	0	1.000000
1782	3	0	1.000000
1783	3	0	1.000000
1784	3	0	1.000000
1785	3	0	1.000000
1786	3	0	1.000000
1787	3	0	1.000000
1788	3	0	1.000000
1789	3	0	1.000000
1790	3	0	1.000000
1791	3	0	1.000000
1792	3	0	1.000000
1793	3	2	1.000000
1794	3	2	1.000000
1795	3	2	1.000000
1796	3	0	1.000000
1797	3	0	1.000000
1798	3	0	1.000000
1799	3	0	1.000000
1800	3	0	1.000000
1801	3	0	1.000000
1802	3	2	1.000000
1803	3	0	1.000000
1804	3	0	1.000000
1805	3	0	1.000000
1806	3	3	1.000000
1807	3	0	1.000000
1808	3	0	1.000000
1809	3	0	1.000000
1810	3	0	1.000000
1811	3	0	1.000000
1812	3	0	1.000000
1813	3	0	1.000000
1814	3	0	1.000000
1815	3	0	1.000000
1816	3	0	1.000000
1817	3	0	1.000000
1818	3	0	1.000000
1819	3	0	1.000000
1820	3	0	1.000000
1821	3	0	1.000000
1822	3	0	1.000000
1823	3	0	1.000000
1824	3	1	1.000000
1825	3	0	1.000000
1826	3	2	1.000000
1827	3	0	1.000000
1828	3	0	1.000000
1829	3	0	1.000000
1830	3	0	1.000000
1831	3	0	1.000000
1832	3	0	1.000000
1833	3	0	1.000000
1834	3	0	1.000000
1835	3	2	1.000000
1836	3	0	1.000000
1837	3	0	1.000000
1838	3	0	1.000000
1839	3	0	1.000000
1840	3	0	1.000000
1841	3	0	1.000000
1842	3	1	1.000000
1843	3	0	1.000000
1844	3	0	1.000000
1845	3	2	1.000000
1846	3	0	1.000000
1847	3	0	1.000000
1848	3	0	1.000000
1849	3	0	1.000000
1850	3	2	1.000000
1851	3	0	0.125000
1852	2	2	0.125000
1853	2	2	0.125000
1854	2	4	0.125000
1855	2	2	0.125000
1856	2	2	1.000000
1857	3	0	0.125000
1858	2	2	0.125000
1859	2	2	0.125000
1860	2	2	0.125000
1861	2	2	0.125000
1862	2	2	0.125000
1863	2	2	0.125000
1864	2	2	0.125000
1865	2	2	0.125000
1866	2	2	0.125000
1867	2	2	0.125000
1868	2	2	0.125000
1869	2	2	0.125000
1870	2	2	0.125000
1871	2	2	0.125000
1872	2	2	0.125000
1873	2	2	0.125000
1874	2	2	0.125000
1875	2	2	0.125000
1876	1	3	0.125000
1877	1	1	0.125000
1878	1	1	0.125000
1879	1	1	0.125000
1880	1	1	0.125000
1881	1	1	0.125000
1882	1	1	0.125000
1883	1	1	0.125000
1884	1	1	0.125000
1885	1	1	0.125000
1886	1	1	0.125000
1887	1	1	0.125000
1888	1	1	0.125000
1889	1	1	0.125000
1890	1	1	0.125000
1891	1	1	0.125000
1892	1	1	0.125000
1893	1	1	0.125000
1894	1	1	0.125000
1895	1	1	0.125000
1896	1	2	0.125000
1897	1	2	0.125000
1898	1	1	0.125000
1899	1	1	0.125000
1900	1	1	0.125000
1901	2	2	0.125000
1902	2	2	0.125000
1903	2	2	0.125000
1904	2	2	0.125000
1905	2	2	0.125000
1906	2	2	0.125000
1907	2	2	0.125000
1908	2	2	0.125000
1909	2	2	1.000000
1910	3	0	1.000000
1911	3	0	1.000000
1912	3	0	1.000000
1913	3	0	1.000000
1914	3	0	1.000000
1915	3	0	1.000000
1916	3	0	1.000000
1917	3	0	1.000000
1918	3	0	1.000000
1919	3	0	1.000000
1920	3	0	1.000000
1921	3	0	1.000000
1922	3	0	1.000000
1923	3	0	1.000000
1924	3	0	1.000000
1925	3	1	1.000000
1926	3	2	1.000000
1927	3	0	1.000000
1928	3	0	1.000000
1929	3	0	1.000000
1930	3	0	1.000000
1931	3	0	1.000000
1932	3	0	1.000000
1933	3	0	1.000000
1934	3	0	1.000000
1935	3	0	1.000000
1936	3	0	1.000000
1937	3	0	1.000000
1938	3	0	1.000000
1939	3	0	1.000000
1940	3	0	1.000000
1941	3	0	1.000000
1942	3	0	1.000000
1943	3	0	1.000000
1944	3	0	1.000000
1945	3	0	1.000000
1946	3	0	1.000000
1947	3	0	1.000000
1948	3	0	1.000000
1949	3	0	1.000000
1950	3	0	1.000000
1951	3	0	1.000000
1952	3	0	1.000000
1953	3	0	1.000000
1954	3	0	1.000000
1955	4	0	1.000000
1956	4	0	1.000000
1957	4	0	1.000000
1958	4	0	1.000000
1959	4	0	1.000000
1960	4	0	1.000000
1961	4	0	1.000000
1962	4	0	1.000000
1963	4	0	1.000000
1964	4	0	1.000000
1965	4	0	1.000000
1966	4	0	1.000000
1967	4	0	1.000000
1968	4	0	1.000000
1969	4	0	1.000000
1970	4	0	1.000000
1971	4	0	1.000000
1972	4	0	1.000000
1973	4	0	1.000000
1974	4	0	1.000000
1975	4	0	1.000000
1976	4	1	1.000000
1977	4	0	1.000000
1978	4	0	1.000000
1979	4	0	1.000000
1980	4	0	1.000000
1981	4	0	1.000000
1982	4	0	1.000000
1983	4	0	1.000000
1984	4	2	1.000000
1985	4	0	1.000000
1986	4	0	1.000000
1987	4	0	1.000000
1988	4	0	1.000000
1989	4	0	1.000000
1990	4	0	1.000000
1991	4	0	1.000000
1992	4	0	1.000000
1993	4	0	1.000000
1994	4	0	1.000000
1995	4	0	1.000000
1996	4	0	1.000000
1997	4	0	1.000000
1998	4	1	1.000000
1999	4	0	1.000000
2000	4	0	1.000000
2001	4	0	1.000000
2002	4	0	1.000000
2003	4	0	1.000000
2004	4	0	1.000000
2005	4	0	1.000000
2006	4	1	1.000000
2007	4	0	1.000000
2008	4	0	1.000000
2009	4	0	1.000000
2010	4	0	1.000000
2011	4	0	1.000000
2012	4	0	1.000000
2013	4	0	1.000000
2014	4	0	1.000000
2015	4	0	1.000000
2016	4	0	1.000000
2017	4	0	1.000000
2018	4	0	1.000000
2019	4	0	1.000000
2020	4	0	1.000000
2021	4	0	1.000000
2022	4	0	1.000000
2023	4	0	1.000000
2024	4	0	1.000000
2025	4	0	1.000000
2026	4	0	1.000000
2027	4	0	1.000000
2028	4	0	1.000000
2029	4	0	1.000000
2030	4	0	1.000000
2031	4	0	1.000000
2032	4	0	1.000000
2033	4	0	1.000000
2034	4	2	1.000000
2035	4	0	1.000000
2036	4	0	1.000000
2037	4	0	1.000000
2038	4	0	1.000000
2039	4	0	1.000000
2040	4	0	1.000000
2041	4	0	1.000000
2042	4	0	1.000000
2043	4	0	1.000000
2044	4	0	1.000000
2045	4	0	1.000000
2046	4	0	1.000000
2047	4	3	1.000000
2048	4	0	1.000000
2049	4	0	1.000000
2050	4	0	1.000000
2051	4	0	1.000000
2052	4	0	1.000000
2053	4	0	1.000000
2054	4	0	1.000000
2055	4	0	1.000000
2056	4	1	1.000000
2057	4	0	1.000000
2058	4	0	1.000000
2059	4	0	1.000000
2060	4	0	1.000000
2061	4	2	1.000000
2062	4	0	1.000000
2063	4	0	1.000000
2064	4	0	1.000000
2065	4	0	1.000000
2066	4	0	1.000000
2067	4	0	1.000000
2068	4	0	1.000000
2069	4	0	1.000000
2070	4	0	1.000000
2071	4	0	1.000000
2072	4	0	1.000000
2073	4	0	1.000000
2074	4	0	1.000000
2075	4	0	1.000000
2076	4	0	1.000000
2077	4	0	1.000000
2078	4	0	1.000000
2079	4	0	1.000000
2080	4	0	1.000000
2081	4	0	1.000000
2082	4	0	1.000000
2083	4	0	1.000000
2084	4	0	1.000000
2085	4	0	1.000000
2086	4	0	1.000000
2087	4	0	1.000000
2088	4	0	1.000000
2089	3	0	1.000000
2090	3	0	1.000000
2091	3	0	1.000000
2092	3	0	1.000000
2093	3	0	1.000000
2094	3	0	1.000000
2095	3	0	1.000000
2096	3	0	1.000000
2097	3	0	1.000000
2098	3	0	1.000000
2099	3	0	1.000000
2100	3	0	1.000000
2101	3	0	1.000000
2102	3	0	1.000000
2103	3	0	1.000000
2104	3	0	1.000000
2105	3	0	1.000000
2106	3	0	1.000000
2107	3	1	1.000000
2108	3	0	1.000000
2109	3	1	1.000000
2110	3	0	1.000000
2111	3	0	1.000000
2112	3	0	1.000000
2113	3	0	0.125000
2114	2	2	0.125000
2115	2	2	0.125000
2116	2	2	0.125000
2117	2	2	0.125000
2118	2	2	0.125000
2119	2	2	0.125000
2120	2	2	0.125000
2121	1	1	0.125000
2122	1	1	0.125000
2123	1	1	0.125000
2124	1	3	0.125000
2125	1	1	0.125000
2126	1	1	0.125000
2127	1	1	0.125000
2128	1	1	0.125000
2129	1	1	0.125000
2130	2	2	0.125000
2131	2	2	0.125000
2132	2	4	0.125000
2133	2	2	0.125000
2134	2	2	0.125000
2135	2	0	0.125000
2136	2	2	0.125000
2137	2	2	0.125000
2138	2	2	0.125000
2139	2	2	0.125000
2140	1	1	0.125000
2141	1	1	0.125000
2142	1	1	0.125000
2143	1	1	0.125000
2144	1	1	0.125000
2145	1	1	0.125000
2146	1	1	0.125000
2147	1	1	0.125000
2148	1	1	0.125000
2149	1	1	0.125000
2150	1	1	0.125000
2151	1	1	0.125000
2152	1	1	0.125000
2153	1	1	0.125000
2154	1	1	0.125000
2155	1	1	0.125000
2156	1	1	0.125000
2157	1	1	0.125000
2158	1	1	0.125000
2159	1	1	0.125000
2160	1	1	0.125000
2161	1	1	0.125000
2162	1	1	0.125000
2163	1	1	0.125000
2164	1	1	0.125000
2165	1	1	0.125000
2166	1	1	0.125000
2167	1	1	0.125000
2168	1	1	0.125000
2169	1	2	0.125000
2170	1	1	0.125000
2171	1	1	0.125000
2172	1	1	0.125000
2173	1	1	0.125000
2174	1	1	0.125000
2175	1	1	0.125000
2176	1	1	0.125000
2177	1	1	0.125000
2178	1	1	0.125000
2179	1	1	0.125000
2180	1	1	0.125000
2181	1	1	0.125000
2182	1	1	0.125000
2183	1	1	0.125000
2184	1	3	0.125000
2185	1	1	0.125000
2186	1	1	0.125000
2187	1	1	0.125000
2188	1	1	0.125000
2189	1	1	0.125000
2190	1	1	0.125000
2191	1	1	0.125000
2192	1	1	0.125000
2193	1	1	0.125000
2194	1	1	0.125000
2195	1	1	0.125000
2196	1	1	0.125000
2197	1	1	0.125000
2198	1	1	0.125000
2199	1	1	0.125000
2200	1	1	0.125000
2201	1	1	0.125000
2202	1	1	0.125000
2203	1	1	0.125000
2204	1	1	0.125000
2205	1	1	0.125000
2206	1	1	0.125000
2207	1	1	0.125000
2208	1	2	0.125000
2209	1	1	0.125000
2210	1	1	0.125000
2211	1	0	0.125000
2212	1	1	0.125000
2213	1	1	0.125000
2214	1	1	0.125000
2215	1	1	0.125000
2216	1	1	0.125000
2217	1	1	0.125000
2218	1	1	0.125000
2219	1	1	0.125000
2220	1	1	0.125000
2221	1	1	0.125000
2222	1	3	0.125000
2223	1	1	0.125000
2224	1	1	0.125000
2225	1	1	0.125000
2226	1	1	0.125000
2227	1	1	0.125000
2228	1	2	0.125000
2229	1	1	0.125000
2230	1	1	0.125000
2231	1	1	0.125000
2232	1	1	0.125000
2233	1	1	0.125000
2234	1	1	0.125000
2235	1	1	0.125000
2236	1	1	0.125000
2237	1	1	0.125000
2238	1	1	0.125000
2239	1	1	0.125000
2240	1	1	0.125000
2241	1	1	0.125000
2242	1	0	0.125000
2243	1	1	0.125000
2244	1	1	0.125000
2245	1	3	0.125000
2246	1	1	0.125000
2247	1	1	0.125000
2248	1	1	0.125000
2249	1	1	0.125000
2250	1	1	0.125000
2251	1	1	0.125000
2252	1	3	0.125000
2253	1	1	0.125000
2254	1	1	0.125000
2255	1	1	0.125000
2256	1	1	0.125000
2257	1	1	0.125000
2258	1	2	0.125000
2259	1	0	0.125000
2260	1	1	0.125000
2261	1	1	0.125000
2262	1	0	0.125000
2263	1	1	0.125000
2264	1	1	0.125000
2265	1	1	0.125000
2266	1	1	0.125000
2267	1	1	0.125000
2268	1	1	0.125000
2269	1	1	0.125000
2270	1	1	0.125000
2271	1	1	0.125000
2272	1	1	0.125000
2273	1	1	0.125000
2274	1	1	0.125000
2275	1	1	0.125000
2276	1	1	0.125000
2277	1	0	0.125000
2278	1	1	0.125000
2279	1	1	0.125000
2280	1	1	0.125000
2281	1	1	0.125000
2282	1	1	0.125000
2283	1	2	0.125000
2284	1	1	0.125000
2285	1	1	0.125000
2286	1	1	0.125000
2287	1	1	0.125000
2288	1	1	0.125000
2289	1	1	0.125000
2290	1	1	0.125000
2291	1	1	0.125000
2292	1	1	0.125000
2293	1	1	0.125000
2294	1	1	0.125000
2295	1	1	0.125000
2296	1	1	0.125000
2297	1	1	0.125000
2298	1	1	0.125000
2299	1	1	0.125000
2300	1	1	0.125000
2301	1	1	0.125000
2302	1	1	0.125000
2303	1	1	0.125000
2304	1	1	0.125000
2305	1	1	0.125000
2306	1	3	0.125000
2307	1	1	0.125000
2308	1	1	0.125000
2309	1	1	0.125000
2310	1	1	0.125000
2311	1	3	0.125000
2312	1	1	0.125000
2313	1	1	0.125000
2314	1	1	0.125000
2315	1	1	0.125000
2316	1	1	0.125000
2317	1	1	0.125000
2318	1	1	0.125000
2319	1	1	0.125000
2320	1	1	0.125000
2321	1	1	0.125000
2322	1	1	0.125000
2323	1	1	0.125000
2324	1	1	0.125000
2325	1	1	0.125000
2326	1	1	0.125000
2327	1	3	0.125000
2328	1	1	0.125000
2329	1	1	0.125000
2330	1	1	0.125000
2331	1	1	0.125000
2332	1	1	0.125000
2333	1	1	0.125000
2334	1	1	0.125000
2335	1	1	0.125000
2336	1	1	0.125000
2337	1	1	0.125000
2338	1	1	0.125000
2339	1	1	0.125000
2340	1	1	0.125000
2341	1	1	0.125000
2342	1	1	0.125000
2343	1	1	0.125000
2344	1	1	0.125000
2345	1	0	0.125000
2346	1	1	0.125000
2347	1	1	0.125000
2348	1	1	0.125000
2349	1	1	0.125000
2350	1	1	0.125000
2351	1	1	0.125000
2352	1	1	0.125000
2353	1	1	0.125000
2354	1	1	0.125000
2355	1	1	0.125000
2356	1	1	0.125000
2357	1	1	0.125000
2358	1	1	0.125000
2359	1	1	0.125000
2360	1	1	0.125000
2361	1	1	0.125000
2362	1	1	0.125000
2363	1	1	0.125000
2364	1	1	0.125000
2365	1	1	0.125000
2366	1	1	0.125000
2367	1	2	0.125000
2368	1	1	0.125000
2369	1	1	0.125000
2370	1	0	0.125000
2371	1	1	0.125000
2372	1	1	0.125000
2373	1	1	0.125000
2374	1	1	0.125000
2375	1	1	0.125000
2376	1	1	0.125000
2377	1	1	0.125000
2378	1	1	0.125000
2379	1	1	0.125000
2380	1	1	0.125000
2381	1	1	0.125000
2382	1	1	0.125000
2383	1	1	0.125000
2384	1	1	0.125000
2385	1	1	0.125000
2386	1	1	0.125000
2387	1	1	0.125000
2388	1	1	0.125000
2389	1	1	0.125000
2390	1	1	0.125000
2391	1	1	0.125000
2392	1	3	0.125000
2393	1	1	0.125000
2394	1	1	0.125000
2395	1	1	0.125000
2396	1	1	0.125000
2397	1	1	0.125000
2398	1	1	0.125000
2399	1	1	0.125000
2400	1	1	0.125000
2401	1	1	0.125000
2402	1	1	0.125000
2403	1	0	0.125000
2404	1	1	0.125000
2405	1	1	0.125000
2406	1	1	0.125000
2407	1	1	0.125000
2408	1	1	0.125000
2409	1	3	0.125000
2410	1	1	0.125000
2411	1	1	0.125000
2412	1	1	0.125000
2413	1	1	0.125000
2414	1	1	0.125000
2415	2	2	0.125000
2416	2	2	0.125000
2417	2	2	0.125000
2418	2	2	0.125000
2419	2	2	0.125000
2420	2	4	0.125000
2421	2	2	0.125000
2422	2	2	0.125000
2423	2	2	0.125000
2424	2	2	0.125000
2425	2	2	0.125000
2426	2	2	0.125000
2427	2	2	0.125000
2428	2	2	1.000000
2429	3	0	1.000000
2430	3	1	1.000000
2431	3	0	1.000000
2432	3	0	1.000000
2433	3	0	1.000000
2434	3	0	1.000000
2435	3	0	1.000000
2436	3	2	1.000000
2437	3	0	1.000000
2438	3	0	1.000000
2439	3	0	1.000000
2440	3	0	1.000000
2441	3	0	1.000000
2442	3	0	1.000000
2443	3	0	1.000000
2444	3	0	1.000000
2445	3	0	1.000000
2446	3	0	1.000000
2447	4	0	1.000000
2448	4	0	1.000000
2449	4	3	1.000000
2450	4	0	1.000000
2451	4	0	1.000000
2452	4	0	1.000000
2453	4	0	1.000000
2454	4	0	1.000000
2455	4	0	1.000000
2456	4	0	1.000000
2457	4	0	1.000000
2458	4	0	1.000000
2459	4	0	1.000000
2460	4	0	1.000000
2461	4	0	1.000000
2462	4	0	1.000000
2463	4	0	1.000000
2464	4	0	1.000000
2465	4	0	1.000000
2466	4	0	1.000000
2467	4	0	1.000000
2468	4	3	1.000000
2469	4	0	1.000000
2470	4	0	1.000000
2471	4	0	1.000000
2472	4	0	1.000000
2473	4	0	1.000000
2474	4	0	1.000000
2475	4	0	1.000000
2476	4	0	1.000000
2477	4	0	1.000000
2478	4	0	1.000000
2479	4	0	1.000000
2480	4	0	1.000000
2481	4	0	1.000000
2482	4	0	1.000000
2483	4	0	1.000000
2484	4	0	1.000000
2485	4	1	1.000000
2486	4	0	1.000000
2487	4	0	1.000000
2488	4	0	1.000000
2489	4	0	1.000000
2490	4	0	1.000000
2491	4	0	1.000000
2492	4	0	1.000000
2493	4	0	1.000000
2494	4	0	1.000000
2495	4	0	1.000000
2496	4	2	1.000000
2497	4	0	1.000000
2498	4	0	1.000000
2499	4	0	1.000000
2500	4	0	1.000000
2501	4	0	1.000000
2502	4	0	1.000000
2503	4	0	1.000000
2504	4	0	1.000000
2505	4	0	1.000000
2506	4	0	1.000000
2507	4	0	1.000000
2508	4	0	1.000000
2509	4	3	1.000000
2510	4	0	1.000000
2511	4	0	1.000000
2512	4	3	1.000000
2513	4	0	1.000000
2514	4	0	1.000000
2515	4	0	1.000000
2516	4	0	1.000000
2517	4	0	1.000000
2518	4	0	1.000000
2519	4	0	1.000000
2520	4	0	1.000000
2521	4	0	1.000000
2522	4	0	1.000000
2523	4	1	1.000000
2524	4	0	1.000000
2525	4	0	1.000000
2526	4	0	1.000000
2527	4	0	1.000000
2528	4	0	1.000000
2529	4	0	1.000000
2530	4	0	1.000000
2531	4	0	1.000000
2532	4	0	1.000000
2533	4	0	1.000000
2534	4	0	1.000000
2535	4	2	1.000000
2536	4	0	1.000000
2537	4	0	1.000000
2538	4	0	1.000000
2539	4	0	1.000000
2540	4	0	1.000000
2541	4	0	1.000000
2542	4	0	1.000000
2543	4	0	1.000000
2544	4	0	1.000000
2545	4	0	1.000000
2546	4	0	1.000000
2547	4	0	1.000000
2548	4	0	1.000000
2549	4	0	1.000000
2550	4	0	1.000000
2551	4	0	1.000000
2552	4	0	1.000000
2553	4	0	1.000000
2554	4	0	1.000000
2555	4	0	1.000000
2556	4	0	1.000000
2557	4	0	1.000000
2558	4	0	1.000000
2559	4	0	1.000000
2560	4	0	1.000000
2561	4	0	1.000000
2562	4	0	1.000000
2563	4	0	1.000000
2564	4	0	1.000000
2565	4	0	1.000000
2566	4	0	1.000000
2567	4	0	1.000000
2568	4	0	1.000000
2569	4	0	1.000000
2570	4	0	1.000000
2571	4	0	1.000000
2572	4	0	1.000000
2573	4	2	1.000000
2574	4	2	1.000000
2575	4	0	1.000000
2576	4	0	1.000000
2577	4	2	1.000000
2578	4	0	1.000000
2579	4	0	1.000000
2580	4	0	1.000000
2581	4	2	1.000000
2582	4	0	1.000000
2583	4	0	1.000000
2584	4	0	1.000000
2585	4	0	1.000000
2586	4	0	1.000000
2587	4	1	1.000000
2588	3	0	1.000000
2589	3	0	1.000000
2590	4	0	1.000000
2591	4	0	1.000000
2592	4	0	1.000000
2593	4	0	1.000000
2594	4	0	1.000000
2595	4	0	1.000000
2596	4	0	1.000000
2597	4	3	1.000000
2598	4	0	1.000000
2599	4	3	1.000000
2600	4	0	1.000000
2601	4	0	1.000000
2602	4	0	1.000000
2603	4	0	1.000000
2604	4	0	1.000000
2605	4	0	1.000000
2606	4	0	1.000000
2607	4	0	1.000000
2608	4	0	1.000000
2609	4	0	1.000000
2610	4	0	1.000000
2611	4	0	1.000000
2612	4	0	1.000000
2613	4	0	1.000000
2614	4	0	1.000000
2615	4	0	1.000000
2616	4	0	1.000000
2617	4	0	1.000000
2618	4	0	1.000000
2619	4	0	1.000000
2620	4	0	1.000000
2621	4	0	1.000000
2622	4	0	1.000000
2623	4	3	1.000000
2624	4	0	1.000000
2625	4	0	1.000000
2626	4	0	1.000000
2627	4	0	1.000000
2628	4	0	1.000000
2629	4	0	1.000000
2630	4	0	1.000000
2631	4	0	1.000000
2632	4	0	1.000000
2633	4	0	1.000000
2634	4	0	1.000000
2635	4	0	1.000000
2636	4	0	1.000000
2637	4	0	1.000000
2638	4	0	1.000000
2639	4	0	1.000000
2640	4	0	1.000000
2641	4	0	1.000000
2642	4	0	1.000000
2643	4	0	1.000000
2644	4	0	1.000000
2645	4	0	1.000000
2646	4	0	1.000000
2647	4	0	1.000000
2648	4	0	1.000000
2649	4	0	1.000000
2650	4	0	1.000000
2651	4	0	1.000000
2652	4	0	1.000000
2653	4	0	1.000000
2654	4	0	1.000000
2655	4	0	1.000000
2656	4	0	1.000000
2657	4	0	1.000000
2658	4	0	1.000000
2659	4	0	1.000000
2660	4	0	1.000000
2661	4	0	1.000000
2662	4	0	1.000000
2663	4	0	1.000000
2664	4	0	1.000000
2665	4	0	1.000000
2666	4	0	1.000000
2667	4	0	1.000000
2668	4	0	1.000000
2669	4	0	1.000000
2670	4	0	1.000000
2671	4	3	1.000000
2672	4	0	1.000000
2673	4	0	1.000000
2674	4	3	1.000000
2675	4	0	1.000000
2676	4	0	1.000000
2677	4	0	1.000000
2678	4	2	1.000000
2679	4	0	1.000000
2680	4	0	1.000000
2681	4	0	1.000000
2682	4	0	1.000000
2683	4	0	1.000000
2684	4	0	1.000000
2685	4	0	1.000000
2686	4	0	1.000000
2687	4	0	1.000000
2688	4	0	1.000000
2689	4	0	1.000000
2690	4	0	1.000000
2691	4	0	1.000000
2692	4	0	1.000000
2693	4	1	1.000000
2694	4	0	1.000000
2695	4	0	1.000000
2696	4	0	1.000000
2697	4	0	1.000000
2698	4	0	1.000000
2699	4	0	1.000000
2700	4	0	1.000000
2701	4	0	1.000000
2702	4	0	1.000000
2703	4	0	1.000000
2704	4	3	1.000000
2705	4	0	1.000000
2706	4	0	1.000000
2707	4	0	1.000000
2708	4	0	1.000000
2709	4	0	1.000000
2710	4	0	1.000000
2711	4	0	1.000000
2712	4	0	1.000000
2713	4	2	1.000000
2714	4	0	1.000000
2715	4	0	1.000000
2716	4	0	1.000000
2717	4	0	1.000000
2718	4	0	1.000000
2719	4	0	1.000000
2720	4	0	1.000000
2721	4	0	1.000000
2722	4	0	1.000000
2723	4	0	1.000000
2724	4	0	1.000000
2725	4	0	1.000000
2726	4	0	1.000000
2727	4	0	1.000000
2728	4	0	1.000000
2729	4	0	1.000000
2730	4	0	1.000000
2731	4	0	1.000000
2732	4	0	1.000000
2733	4	0	1.000000
2734	4	0	1.000000
2735	4	0	1.000000
2736	4	0	1.000000
2737	4	0	1.000000
2738	4	0	1.000000
2739	4	0	1.000000
2740	4	0	1.000000
2741	4	0	1.000000
2742	4	0	1.000000
2743	4	0	1.000000
2744	4	0	1.000000
2745	4	0	1.000000
2746	4	0	1.000000
2747	4	0	1.000000
2748	4	0	1.000000
2749	4	0	1.000000
2750	4	0	1.000000
2751	4	0	1.000000
2752	4	0	1.000000
2753	4	0	1.000000
2754	4	3	1.000000
2755	4	0	1.000000
2756	4	0	1.000000
2757	4	0	1.000000
2758	4	0	1.000000
2759	4	0	1.000000
2760	4	0	1.000000
2761	4	0	1.000000
2762	4	0	1.000000
2763	4	0	1.000000
2764	4	0	1.000000
2765	4	0	1.000000
2766	4	0	1.000000
2767	4	0	1.000000
2768	4	0	1.000000
2769	4	0	1.000000
2770	4	0	1.000000
2771	4	3	1.000000
2772	4	0	1.000000
2773	4	0	1.000000
2774	4	0	1.000000
2775	4	0	1.000000
2776	4	0	1.000000
2777	4	0	1.000000
2778	4	2	1.000000
2779	4	0	1.000000
2780	4	0	1.000000
2781	4	0	1.000000
2782	4	0	1.000000
2783	4	0	1.000000
2784	4	0	1.000000
2785	4	0	1.000000
2786	4	0	1.000000
2787	4	0	1.000000
2788	4	0	1.000000
2789	4	3	1.000000
2790	4	0	1.000000
2791	4	0	1.000000
2792	4	0	1.000000
2793	4	0	1.000000
2794	4	0	1.000000
2795	4	0	1.000000
2796	4	0	1.000000
2797	4	0	1.000000
2798	4	0	1.000000
2799	4	0	1.000000
2800	4	2	1.000000
2801	4	0	1.000000
2802	4	0	1.000000
2803	4	3	1.000000
2804	4	0	1.000000
2805	4	0	1.000000
2806	4	0	1.000000
2807	4	0	1.000000
2808	4	0	1.000000
2809	4	0	1.000000
2810	4	0	1.000000
2811	4	0	1.000000
2812	4	0	1.000000
2813	4	0	1.000000
2814	4	0	1.000000
2815	4	0	1.000000
2816	4	3	1.000000
2817	4	0	1.000000
2818	4	1	1.000000
2819	4	0	1.000000
2820	4	0	1.000000
2821	4	0	1.000000
2822	4	0	1.000000
2823	4	0	1.000000
2824	4	0	1.000000
2825	4	2	1.000000
2826	4	1	1.000000
2827	4	2	1.000000
2828	4	0	1.000000
2829	4	3	1.000000
2830	4	0	1.000000
2831	4	0	1.000000
2832	4	0	1.000000
2833	4	0	1.000000
2834	4	0	1.000000
2835	4	3	1.000000
2836	4	0	1.000000
2837	4	0	1.000000
2838	4	0	1.000000
2839	4	0	1.000000
2840	4	0	1.000000
2841	4	0	1.000000
2842	4	0	1.000000
2843	4	0	1.000000
2844	4	2	1.000000
2845	4	0	1.000000
2846	4	0	1.000000
2847	4	0	1.000000
2848	4	0	1.000000
2849	4	0	1.000000
2850	4	0	1.000000
2851	4	0	1.000000
2852	4	0	1.000000
2853	4	0	1.000000
2854	4	2	1.000000
2855	4	0	1.000000
2856	4	0	1.000000
2857	4	0	1.000000
2858	4	0	1.000000
2859	4	0	1.000000
2860	4	0	1.000000
2861	4	0	1.000000
2862	4	0	1.000000
2863	4	2	1.000000
2864	4	0	1.000000
2865	4	0	1.000000
2866	4	0	1.000000
2867	4	0	1.000000
2868	4	0	1.000000
2869	4	3	1.000000
2870	4	0	1.000000
2871	4	0	1.000000
2872	4	1	1.000000
2873	4	0	1.000000
2874	4	0	1.000000
2875	4	0	1.000000
2876	4	0	1.000000
2877	4	0	1.000000
2878	4	0	1.000000
2879	4	0	1.000000
2880	4	0	1.000000
2881	4	0	1.000000
2882	4	3	1.000000
2883	4	0	1.000000
2884	4	0	1.000000
2885	4	0	1.000000
2886	4	2	1.000000
2887	4	0	1.000000
2888	4	0	1.000000
2889	4	1	1.000000
2890	4	1	1.000000
2891	4	0	1.000000
2892	4	0	1.000000
2893	4	0	1.000000
2894	4	0	1.000000
2895	4	0	1.000000
2896	4	0	1.000000
2897	4	0	1.000000
2898	4	0	1.000000
2899	4	3	1.000000
2900	4	1	1.000000
2901	4	0	1.000000
2902	4	0	1.000000
2903	4	0	1.000000
2904	4	0	1.000000
2905	4	0	1.000000
2906	4	0	1.000000
2907	4	0	1.000000
2908	4	0	1.000000
2909	4	0	1.000000
2910	4	0	1.000000
2911	4	0	1.000000
2912	4	0	1.000000
2913	4	0	1.000000
2914	4	0	1.000000
2915	4	0	1.000000
2916	3	0	1.000000
2917	4	0	1.000000
2918	4	0	1.000000
2919	4	0	1.000000
2920	4	0	1.000000
2921	4	0	1.000000
2922	4	0	1.000000
2923	4	0	1.000000
2924	4	0	1.000000
2925	3	0	1.000000
2926	4	0	1.000000
2927	3	0	1.000000
2928	4	0	1.000000
2929	4	0	1.000000
2930	3	0	1.000000
2931	3	0	1.000000
2932	3	0	1.000000
2933	3	0	1.000000
2934	3	0	1.000000
2935	3	0	1.000000
2936	3	1	1.000000
2937	3	0	1.000000
2938	3	0	1.000000
2939	3	0	1.000000
2940	3	0	1.000000
2941	3	0	1.000000
2942	3	0	1.000000
2943	3	0	1.000000
2944	3	0	1.000000
2945	3	0	1.000000
2946	3	0	1.000000
2947	3	0	1.000000
2948	3	0	1.000000
2949	3	0	1.000000
2950	3	1	1.000000
2951	3	0	1.000000
2952	3	0	1.000000
2953	3	0	1.000000
2954	3	0	1.000000
2955	3	0	1.000000
2956	3	0	1.000000
2957	3	0	1.000000
2958	3	0	1.000000
2959	3	0	1.000000
2960	3	0	1.000000
2961	3	0	1.000000
2962	3	0	1.000000
2963	3	0	1.000000
2964	3	0	1.000000
2965	3	0	1.000000
2966	3	0	1.000000
2967	3	0	1.000000
2968	3	0	1.000000
2969	3	3	1.000000
2970	3	0	1.000000
2971	3	0	1.000000
2972	3	0	1.000000
2973	3	0	1.000000
2974	3	0	1.000000
2975	3	3	1.000000
2976	3	0	1.000000
2977	3	0	1.000000
2978	3	0	1.000000
2979	3	0	1.000000
2980	3	0	1.000000
2981	3	0	1.000000
2982	3	0	1.000000
2983	3	0	1.000000
2984	3	0	1.000000
2985	3	0	1.000000
2986	3	0	1.000000
2987	3	0	1.000000
2988	3	0	1.000000
2989	3	0	1.000000
2990	3	0	1.000000
2991	3	0	1.000000
2992	3	0	1.000000
2993	3	0	1.000000
2994	3	0	1.000000
2995	3	3	1.000000
2996	3	0	1.000000
2997	3	3	1.000000
2998	3	0	1.000000
2999	3	0	1.000000
3000	3	0	1.000000
3001	3	0	1.000000
3002	3	0	1.000000
3003	3	0	1.000000
3004	3	0	1.000000
3005	3	3	1.000000
3006	3	0	1.000000
3007	3	0	1.000000
3008	3	3	1.000000
3009	3	0	1.000000
3010	3	0	1.000000
3011	3	0	1.000000
3012	3	0	1.000000
3013	3	0	1.000000
3014	3	0	1.000000
3015	3	0	1.000000
3016	3	1	1.000000
3017	3	0	1.000000
3018	3	0	1.000000
3019	3	0	1.000000
3020	3	0	1.000000
3021	3	0	1.000000
3022	3	0	1.000000
3023	3	0	1.000000
3024	3	3	1.000000
3025	3	0	1.000000
3026	3	0	1.000000
3027	3	0	1.000000
3028	3	0	1.000000
3029	3	0	1.000000
3030	3	3	1.000000
3031	3	0	1.000000
3032	3	2	1.000000
3033	3	0	1.000000
3034	3	0	1.000000
3035	3	0	1.000000
3036	3	2	1.000000
3037	3	0	1.000000
3038	3	0	1.000000
3039	3	0	1.000000
3040	3	0	1.000000
3041	3	0	1.000000
3042	3	0	1.000000
3043	3	0	1.000000
3044	3	0	1.000000
3045	3	0	1.000000
3046	3	0	1.000000
3047	3	0	1.000000
3048	3	0	1.000000
3049	3	0	1.000000
3050	3	0	1.000000
3051	3	0	1.000000
3052	3	0	1.000000
3053	3	0	1.000000
3054	3	0	1.000000
3055	3	0	1.000000
3056	3	0	1.000000
3057	3	0	1.000000
3058	3	0	1.000000
3059	3	0	1.000000
3060	3	0	1.000000
3061	3	0	1.000000
3062	3	2	1.000000
3063	3	1	1.000000
3064	3	3	1.000000
3065	3	0	1.000000
3066	3	0	1.000000
3067	3	0	1.000000
3068	3	0	1.000000
3069	3	0	1.000000
3070	3	0	1.000000
3071	3	0	1.000000
3072	3	0	1.000000
3073	3	0	1.000000
3074	3	0	1.000000
3075	3	0	1.000000
3076	3	0	1.000000
3077	3	0	1.000000
3078	3	0	1.000000
3079	3	0	1.000000
3080	3	0	1.000000
3081	3	2	1.000000
3082	3	0	1.000000
3083	3	2	1.000000
3084	3	0	1.000000
3085	3	0	1.000000
3086	3	0	1.000000
3087	3	0	1.000000
3088	3	0	1.000000
3089	3	0	1.000000
3090	3	0	1.000000
3091	3	0	1.000000
3092	3	0	1.000000
3093	3	0	1.000000
3094	3	0	1.000000
3095	3	0	1.000000
3096	3	0	1.000000
3097	3	0	1.000000
3098	3	0	1.000000
3099	3	0	1.000000
3100	3	0	1.000000
3101	3	0	1.000000
3102	3	0	1.000000
3103	3	0	1.000000
3104	3	0	1.000000
3105	3	0	1.000000
3106	3	0	1.000000
3107	3	0	1.000000
3108	3	0	1.000000
3109	3	0	1.000000
3110	3	0	1.000000
3111	3	0	1.000000
3112	3	0	1.000000
3113	3	0	1.000000
3114	3	0	1.000000
3115	3	0	1.000000
3116	3	0	1.000000
3117	3	0	1.000000
3118	3	0	1.000000
3119	3	0	1.000000
3120	3	0	1.000000
3121	3	0	1.000000
3122	3	0	1.000000
3123	3	0	1.000000
3124	3	0	1.000000
3125	3	0	1.000000
3126	3	0	1.000000
3127	3	0	1.000000
3128	3	0	1.000000
3129	3	0	1.000000
3130	3	0	1.000000
3131	3	0	1.000000
3132	3	0	1.000000
3133	3	0	1.000000
3134	3	0	1.000000
3135	3	0	1.000000
3136	3	0	1.000000
3137	3	0	1.000000
3138	3	0	1.000000
3139	3	0	1.000000
3140	3	0	1.000000
3141	3	0	1.000000
3142	3	3	1.000000
3143	3	0	1.000000
3144	3	1	1.000000
3145	3	0	1.000000
3146	3	0	1.000000
3147	3	0	1.000000
3148	3	0	1.000000
3149	3	0	1.000000
3150	3	0	1.000000
3151	3	3	1.000000
3152	3	0	1.000000
3153	3	0	1.000000
3154	3	0	1.000000
3155	3	3	1.000000
3156	3	0	1.000000
3157	3	0	1.000000
3158	3	0	1.000000
3159	3	0	1.000000
3160	3	0	1.000000
3161	3	0	1.000000
3162	3	0	1.000000
3163	3	0	1.000000
3164	3	0	1.000000
3165	3	0	1.000000
3166	3	0	1.000000
3167	3	0	1.000000
3168	3	0	1.000000
3169	3	3	1.000000
3170	3	3	1.000000
3171	3	0	1.000000
3172	3	0	1.000000
3173	3	3	1.000000
3174	3	0	1.000000
3175	3	0	1.000000
3176	3	0	1.000000
3177	3	3	1.000000
3178	3	0	1.000000
3179	3	0	1.000000
3180	3	0	1.000000
3181	3	0	1.000000
3182	3	0	1.000000
3183	3	1	1.000000
3184	3	0	1.000000
3185	3	0	1.000000
3186	3	1	1.000000
3187	3	0	1.000000
3188	3	0	1.000000
3189	3	0	1.000000
3190	3	0	1.000000
3191	3	0	1.000000
3192	3	0	1.000000
3193	3	0	1.000000
3194	3	0	1.000000
3195	3	0	1.000000
3196	3	0	1.000000
3197	3	0	1.000000
3198	3	0	1.000000
3199	3	0	1.000000
3200	3	0	1.000000
3201	3	0	1.000000
3202	3	0	1.000000
3203	3	0	1.000000
3204	3	0	1.000000
3205	3	0	1.000000
3206	3	0	1.000000
3207	3	0	1.000000
3208	3	0	1.000000
3209	3	0	1.000000
3210	3	1	1.000000
3211	3	0	1.000000
3212	3	0	1.000000
3213	3	0	1.000000
3214	3	0	1.000000
3215	3	0	1.000000
3216	3	0	1.000000
3217	3	0	1.000000
3218	3	0	1.000000
3219	3	0	1.000000
3220	3	0	1.000000
3221	3	0	1.000000
3222	3	0	1.000000
3223	3	0	1.000000
3224	3	2	1.000000
3225	3	0	1.000000
3226	3	0	1.000000
3227	3	0	1.000000
3228	3	0	1.000000
3229	3	0	1.000000
3230	3	0	1.000000
3231	3	0	1.000000
3232	3	0	1.000000
3233	3	0	1.000000
3234	3	0	1.000000
3235	3	0	1.000000
3236	3	0	1.000000
3237	3	0	1.000000
3238	3	0	1.000000
3239	3	0	1.000000
3240	3	0	1.000000
3241	3	0	0.125000
3242	2	2	0.125000
3243	2	0	0.125000
3244	2	5	0.125000
3245	2	2	0.125000
3246	2	2	0.125000
3247	2	2	0.125000
3248	2	2	0.125000
3249	2	3	0.125000
3250	2	2	0.125000
3251	2	2	0.125000
3252	2	2	0.125000
3253	2	2	0.125000
3254	2	2	0.125000
3255	2	2	0.125000
3256	2	2	0.125000
3257	2	2	0.125000
3258	2	2	0.125000
3259	2	2	0.125000
3260	2	5	0.125000
3261	2	2	0.125000
3262	2	2	0.125000
3263	2	2	0.125000
3264	2	5	0.125000
3265	2	2	0.125000
3266	2	2	0.125000
3267	2	2	0.125000
3268	2	2	0.125000
3269	2	2	0.125000
3270	2	2	0.125000
3271	2	2	0.125000
3272	2	2	0.125000
3273	2	2	0.125000
3274	2	2	0.125000
3275	2	2	0.125000
3276	2	2	0.125000
3277	2	2	0.125000
3278	2	2	0.125000
3279	2	2	0.125000
3280	2	2	1.000000
3281	3	1	0.125000
3282	2	2	1.000000
3283	3	0	1.000000
3284	3	0	1.000000
3285	3	0	1.000000
3286	3	0	1.000000
3287	3	0	1.000000
3288	3	0	1.000000
3289	3	0	1.000000
3290	3	2	1.000000
3291	3	2	1.000000
3292	3	0	1.000000
3293	3	0	1.000000
3294	3	0	1.000000
3295	3	0	1.000000
3296	3	0	1.000000
3297	3	0	1.000000
3298	3	0	1.000000
3299	3	0	1.000000
3300	3	3	1.000000
3301	3	0	1.000000
3302	3	0	1.000000
3303	3	0	1.000000
3304	3	0	1.000000
3305	3	0	1.000000
3306	3	0	1.000000
3307	3	0	1.000000
3308	3	0	1.000000
3309	3	0	1.000000
3310	3	0	1.000000
3311	3	0	1.000000
3312	3	0	1.000000
3313	3	0	1.000000
3314	3	0	1.000000
3315	3	0	1.000000
3316	3	0	1.000000
3317	3	0	1.000000
3318	3	0	1.000000
3319	3	0	1.000000
3320	3	0	1.000000
3321	3	0	1.000000
3322	3	0	1.000000
3323	3	0	1.000000
3324	3	0	1.000000
3325	3	0	1.000000
3326	3	0	1.000000
3327	3	0	1.000000
3328	3	0	1.000000
3329	3	0	1.000000
3330	3	0	1.000000
3331	3	0	1.000000
3332	3	0	1.000000
3333	3	0	1.000000
3334	3	0	1.000000
3335	3	0	1.000000
3336	3	1	1.000000
3337	3	0	1.000000
3338	3	0	1.000000
3339	3	0	1.000000
3340	3	0	1.000000
3341	3	0	1.000000
3342	3	0	1.000000
3343	3	0	1.000000
3344	3	1	1.000000
3345	3	0	1.000000
3346	3	0	1.000000
3347	3	0	1.000000
3348	3	0	1.000000
3349	3	0	1.000000
3350	3	0	1.000000
3351	3	0	1.000000
3352	3	1	1.000000
3353	3	0	1.000000
3354	3	0	1.000000
3355	3	0	1.000000
3356	3	0	1.000000
3357	3	0	1.000000
3358	3	0	1.000000
3359	3	0	1.000000
3360	3	0	1.000000
3361	3	0	1.000000
3362	3	0	1.000000
3363	3	0	1.000000
3364	3	0	1.000000
3365	3	0	1.000000
3366	3	0	1.000000
3367	3	0	1.000000
3368	3	0	1.000000
3369	3	0	1.000000
3370	3	0	1.000000
3371	3	0	1.000000
3372	3	0	1.000000
3373	3	0	1.000000
3374	3	0	1.000000
3375	3	0	1.000000
3376	3	0	100.000000
3377	0	0	0.000000
