StartTime	2015/10/01 22:25:29
FinishTime	2015/10/01 22:25:55
ElapsedTime	26.000000
/home/daisuke/git/ReinforcementLearning/log/EV3LineTracer_20151001190952_10Setting_20151001190954.log
0	1.000000
1	0.031250	0.031250	0.031250	0.906250
2	0.020833	0.020833	0.020833	0.895833	0.020833	0.020833
3	0.031250	0.031250	0.906250	0.031250
4	0.031250	0.906250	0.031250	0.031250
5	0.031250	0.031250	0.031250	0.906250
6	0.031250	0.031250	0.031250	0.906250
1942
0	2	3	0.000000
1	2	3	0.000000
2	2	3	0.000000
3	2	3	0.000000
4	2	3	0.000000
5	2	3	0.000000
6	2	3	0.000000
7	2	3	0.000000
8	2	3	0.000000
9	2	3	0.000000
10	2	3	0.000000
11	2	3	0.000000
12	2	3	0.000000
13	3	2	0.000000
14	3	2	0.000000
15	3	2	0.000000
16	3	2	0.000000
17	3	0	0.000000
18	3	2	0.000000
19	3	2	0.000000
20	4	1	0.000000
21	4	3	0.000000
22	4	1	0.000000
23	4	2	0.000000
24	4	1	0.000000
25	4	1	0.000000
26	3	2	0.000000
27	3	2	0.000000
28	3	2	0.000000
29	3	0	0.000000
30	4	1	0.000000
31	3	1	0.000000
32	3	2	0.000000
33	3	1	0.000000
34	3	2	0.000000
35	4	1	0.000000
36	3	2	0.000000
37	3	2	0.000000
38	3	2	0.000000
39	3	2	0.000000
40	3	2	0.000000
41	3	2	0.000000
42	3	2	0.000000
43	3	2	0.000000
44	3	0	0.000000
45	3	2	0.000000
46	3	2	0.000000
47	3	2	0.000000
48	3	2	0.000000
49	3	0	0.000000
50	3	2	0.000000
51	3	2	0.000000
52	3	2	0.000000
53	2	3	0.000000
54	2	3	0.000000
55	2	3	0.000000
56	1	3	0.000000
57	1	3	0.000000
58	1	3	0.000000
59	1	3	0.000000
60	1	3	0.000000
61	1	3	0.000000
62	1	3	0.000000
63	1	3	0.000000
64	1	3	0.000000
65	1	3	0.000000
66	1	2	0.000000
67	1	3	0.000000
68	1	3	0.000000
69	2	3	0.000000
70	1	3	0.000000
71	1	3	0.000000
72	2	3	0.000000
73	2	3	0.000000
74	2	3	0.000000
75	2	3	0.000000
76	2	3	0.000000
77	2	3	0.000000
78	2	3	0.000000
79	2	3	0.000000
80	2	3	0.000000
81	2	3	0.000000
82	2	5	0.000000
83	2	3	0.000000
84	2	3	0.000000
85	3	0	0.000000
86	3	2	0.000000
87	3	0	0.000000
88	3	2	0.000000
89	3	2	0.000000
90	3	2	0.000000
91	3	2	0.000000
92	3	2	0.000000
93	3	2	0.000000
94	3	2	0.000000
95	3	2	0.000000
96	3	2	0.000000
97	3	2	0.000000
98	3	2	0.000000
99	3	2	0.000000
100	3	2	0.000000
101	3	3	0.000000
102	3	2	0.000000
103	3	2	0.000000
104	3	2	0.000000
105	3	2	0.000000
106	3	2	0.000000
107	3	2	0.000000
108	3	2	0.000000
109	3	2	0.000000
110	2	3	0.000000
111	2	0	0.000000
112	2	3	0.000000
113	2	3	0.000000
114	2	3	0.000000
115	2	3	0.000000
116	2	3	0.000000
117	2	3	0.000000
118	2	4	0.000000
119	2	4	0.000000
120	2	3	0.000000
121	2	3	0.000000
122	2	3	0.000000
123	2	3	0.000000
124	3	2	0.000000
125	3	2	0.000000
126	3	2	0.000000
127	3	2	0.000000
128	3	2	0.000000
129	3	2	0.000000
130	3	2	0.000000
131	3	2	0.000000
132	3	3	0.000000
133	3	2	0.000000
134	3	2	0.000000
135	3	2	0.000000
136	3	2	0.000000
137	3	2	0.000000
138	2	3	0.000000
139	3	2	0.000000
140	2	3	0.000000
141	3	0	0.000000
142	3	2	0.000000
143	2	3	0.000000
144	2	3	0.000000
145	3	2	0.000000
146	3	2	0.000000
147	3	2	0.000000
148	3	2	0.000000
149	3	2	0.000000
150	3	2	0.000000
151	3	2	0.000000
152	3	2	0.000000
153	2	3	0.000000
154	2	3	0.000000
155	3	2	0.000000
156	2	3	0.000000
157	2	3	0.000000
158	2	3	0.000000
159	2	3	0.000000
160	2	3	0.000000
161	2	3	0.000000
162	2	3	0.000000
163	2	3	0.000000
164	3	2	0.000000
165	3	2	0.000000
166	3	2	0.000000
167	3	2	0.000000
168	3	2	0.000000
169	3	2	0.000000
170	3	2	0.000000
171	3	2	0.000000
172	3	2	0.000000
173	3	2	0.000000
174	3	2	0.000000
175	3	2	0.000000
176	3	2	0.000000
177	3	3	0.000000
178	3	2	0.000000
179	3	0	0.000000
180	3	2	0.000000
181	3	2	0.000000
182	3	2	0.000000
183	3	2	0.000000
184	3	2	0.000000
185	3	2	0.000000
186	3	0	0.000000
187	3	2	0.000000
188	3	2	0.000000
189	3	2	0.000000
190	3	2	0.000000
191	3	2	0.000000
192	3	2	0.000000
193	3	2	0.000000
194	3	2	0.000000
195	2	3	0.000000
196	2	3	0.000000
197	2	3	0.000000
198	2	3	0.000000
199	2	3	0.000000
200	2	3	0.000000
201	2	3	0.000000
202	2	3	0.000000
203	2	3	0.000000
204	2	3	0.000000
205	2	3	0.000000
206	2	3	0.000000
207	2	5	0.000000
208	2	2	0.000000
209	3	2	0.000000
210	3	2	0.000000
211	3	2	0.000000
212	3	2	0.000000
213	3	2	0.000000
214	3	2	0.000000
215	3	2	0.000000
216	3	3	0.000000
217	3	2	0.000000
218	3	2	0.000000
219	3	2	0.000000
220	3	2	0.000000
221	3	2	0.000000
222	2	3	0.000000
223	2	3	0.000000
224	2	3	0.000000
225	2	3	0.000000
226	2	3	0.000000
227	2	3	0.000000
228	2	3	0.000000
229	2	3	0.000000
230	2	3	0.000000
231	2	3	0.000000
232	2	5	0.000000
233	2	3	0.000000
234	3	2	0.000000
235	3	2	0.000000
236	3	2	0.000000
237	3	2	0.000000
238	3	2	0.000000
239	4	1	0.000000
240	4	1	0.000000
241	4	1	0.000000
242	4	1	0.000000
243	4	1	0.000000
244	4	3	0.000000
245	4	1	0.000000
246	4	1	0.000000
247	4	1	0.000000
248	4	1	0.000000
249	4	1	0.000000
250	3	2	0.000000
251	4	1	0.000000
252	4	1	0.000000
253	4	1	0.000000
254	4	1	0.000000
255	4	1	0.000000
256	4	1	0.000000
257	4	1	0.000000
258	4	1	0.000000
259	4	1	0.000000
260	4	1	0.000000
261	4	1	0.000000
262	4	1	0.000000
263	4	1	0.000000
264	3	0	0.000000
265	3	2	0.000000
266	3	2	0.000000
267	3	3	0.000000
268	3	2	0.000000
269	3	2	0.000000
270	3	2	0.000000
271	3	2	0.000000
272	3	2	0.000000
273	3	2	0.000000
274	3	3	0.000000
275	3	2	0.000000
276	2	3	0.000000
277	2	2	0.000000
278	2	3	0.000000
279	2	3	0.000000
280	2	3	0.000000
281	2	3	0.000000
282	1	3	0.000000
283	1	3	0.000000
284	1	3	0.000000
285	1	3	0.000000
286	1	3	0.000000
287	2	3	0.000000
288	2	3	0.000000
289	2	1	0.000000
290	2	3	0.000000
291	2	3	0.000000
292	3	2	0.000000
293	3	2	0.000000
294	3	0	0.000000
295	3	2	0.000000
296	4	1	0.000000
297	4	1	0.000000
298	4	1	0.000000
299	4	1	0.000000
300	4	1	0.000000
301	4	1	0.000000
302	4	1	0.000000
303	4	1	0.000000
304	4	1	0.000000
305	4	1	0.000000
306	4	1	0.000000
307	4	3	0.000000
308	4	1	0.000000
309	4	1	0.000000
310	4	1	0.000000
311	4	1	0.000000
312	3	2	0.000000
313	3	3	0.000000
314	3	2	0.000000
315	3	2	0.000000
316	3	2	0.000000
317	3	2	0.000000
318	3	2	0.000000
319	3	2	0.000000
320	3	2	0.000000
321	3	2	0.000000
322	3	2	0.000000
323	2	3	0.000000
324	2	3	0.000000
325	2	3	0.000000
326	2	3	0.000000
327	2	3	0.000000
328	2	3	0.000000
329	2	3	0.000000
330	2	3	0.000000
331	2	3	0.000000
332	1	3	0.000000
333	2	3	0.000000
334	2	3	0.000000
335	2	3	0.000000
336	2	3	0.000000
337	3	2	0.000000
338	3	2	0.000000
339	3	2	0.000000
340	3	2	0.000000
341	4	1	0.000000
342	4	1	0.000000
343	4	1	0.000000
344	4	1	0.000000
345	4	1	0.000000
346	4	1	0.000000
347	4	0	0.000000
348	4	1	0.000000
349	4	2	0.000000
350	4	3	0.000000
351	4	1	0.000000
352	4	1	0.000000
353	4	1	0.000000
354	4	1	0.000000
355	4	1	0.000000
356	3	2	0.000000
357	3	2	0.000000
358	3	2	0.000000
359	3	3	0.000000
360	3	2	0.000000
361	3	2	0.000000
362	3	2	0.000000
363	3	2	0.000000
364	3	2	0.000000
365	3	2	0.000000
366	2	3	0.000000
367	2	3	0.000000
368	2	3	0.000000
369	2	3	0.000000
370	2	3	0.000000
371	2	3	0.000000
372	2	3	0.000000
373	2	3	0.000000
374	2	3	0.000000
375	2	3	0.000000
376	2	3	0.000000
377	2	3	0.000000
378	2	3	0.000000
379	2	3	0.000000
380	2	3	0.000000
381	3	2	0.000000
382	3	2	0.000000
383	3	2	0.000000
384	3	2	0.000000
385	3	2	0.000000
386	3	2	0.000000
387	4	1	0.000000
388	4	1	0.000000
389	4	1	0.000000
390	4	1	0.000000
391	4	3	0.000000
392	4	1	0.000000
393	4	1	0.000000
394	3	2	0.000000
395	3	2	0.000000
396	3	2	0.000000
397	3	2	0.000000
398	3	2	0.000000
399	3	2	0.000000
400	3	2	0.000000
401	3	2	0.000000
402	3	2	0.000000
403	3	2	0.000000
404	3	2	0.000000
405	3	2	0.000000
406	3	2	0.000000
407	3	2	0.000000
408	2	4	0.000000
409	2	3	0.000000
410	2	3	0.000000
411	2	3	0.000000
412	2	3	0.000000
413	2	2	0.000000
414	2	3	0.000000
415	2	3	0.000000
416	2	3	0.000000
417	2	3	0.000000
418	3	2	0.000000
419	3	2	0.000000
420	3	2	0.000000
421	4	1	0.000000
422	4	1	0.000000
423	4	1	0.000000
424	4	1	0.000000
425	4	1	0.000000
426	4	1	0.000000
427	4	1	0.000000
428	4	1	0.000000
429	4	1	0.000000
430	4	1	0.000000
431	4	0	0.000000
432	4	1	0.000000
433	4	1	0.000000
434	4	1	0.000000
435	4	1	0.000000
436	4	1	0.000000
437	4	0	0.000000
438	4	1	0.000000
439	4	2	0.000000
440	4	1	0.000000
441	4	1	0.000000
442	4	1	0.000000
443	4	1	0.000000
444	4	1	0.000000
445	4	1	0.000000
446	4	2	0.000000
447	4	1	0.000000
448	4	1	0.000000
449	4	1	0.000000
450	4	1	0.000000
451	4	1	0.000000
452	4	1	0.000000
453	4	1	0.000000
454	4	1	0.000000
455	4	1	0.000000
456	4	3	0.000000
457	4	1	0.000000
458	4	1	0.000000
459	4	1	0.000000
460	4	1	0.000000
461	4	2	0.000000
462	4	1	0.000000
463	4	1	0.000000
464	4	1	0.000000
465	4	1	0.000000
466	4	1	0.000000
467	4	1	0.000000
468	4	1	0.000000
469	4	1	0.000000
470	4	1	0.000000
471	4	1	0.000000
472	4	1	0.000000
473	3	2	0.000000
474	3	2	0.000000
475	3	2	0.000000
476	4	2	0.000000
477	3	2	0.000000
478	3	2	0.000000
479	3	2	0.000000
480	3	1	0.000000
481	3	2	0.000000
482	3	2	0.000000
483	3	3	0.000000
484	3	1	0.000000
485	3	2	0.000000
486	3	2	0.000000
487	3	2	0.000000
488	3	2	0.000000
489	3	2	0.000000
490	3	2	0.000000
491	3	2	0.000000
492	3	2	0.000000
493	3	1	0.000000
494	3	2	0.000000
495	3	2	0.000000
496	3	2	0.000000
497	3	2	0.000000
498	3	2	0.000000
499	3	2	0.000000
500	3	2	0.000000
501	3	2	0.000000
502	3	2	0.000000
503	2	3	0.000000
504	2	3	0.000000
505	2	3	0.000000
506	2	3	0.000000
507	2	3	0.000000
508	2	3	0.000000
509	2	3	0.000000
510	2	3	0.000000
511	2	3	0.000000
512	2	3	0.000000
513	2	3	0.000000
514	2	3	0.000000
515	3	2	0.000000
516	3	2	0.000000
517	3	2	0.000000
518	3	2	0.000000
519	3	2	0.000000
520	3	2	0.000000
521	3	2	0.000000
522	3	0	0.000000
523	3	2	0.000000
524	3	2	0.000000
525	3	2	0.000000
526	3	2	0.000000
527	3	2	0.000000
528	3	2	0.000000
529	3	2	0.000000
530	3	2	0.000000
531	3	2	0.000000
532	3	2	0.000000
533	3	2	0.000000
534	3	2	0.000000
535	3	2	0.000000
536	3	2	0.000000
537	3	2	0.000000
538	3	2	0.000000
539	3	2	0.000000
540	3	2	0.000000
541	3	2	0.000000
542	3	0	0.000000
543	3	2	0.000000
544	3	2	0.000000
545	3	3	0.000000
546	3	2	0.000000
547	3	2	0.000000
548	3	1	0.000000
549	3	2	0.000000
550	3	2	0.000000
551	3	2	0.000000
552	3	2	0.000000
553	3	0	0.000000
554	3	2	0.000000
555	3	2	0.000000
556	3	2	0.000000
557	3	2	0.000000
558	3	2	0.000000
559	3	2	0.000000
560	3	2	0.000000
561	3	2	0.000000
562	3	2	0.000000
563	3	2	0.000000
564	3	2	0.000000
565	3	0	0.000000
566	3	2	0.000000
567	3	2	0.000000
568	3	2	0.000000
569	3	2	0.000000
570	3	2	0.000000
571	3	2	0.000000
572	3	3	0.000000
573	3	2	0.000000
574	3	2	0.000000
575	3	1	0.000000
576	3	2	0.000000
577	3	2	0.000000
578	3	2	0.000000
579	3	2	0.000000
580	3	2	0.000000
581	3	2	0.000000
582	3	2	0.000000
583	3	2	0.000000
584	3	2	0.000000
585	3	2	0.000000
586	3	2	0.000000
587	3	2	0.000000
588	3	2	0.000000
589	3	2	0.000000
590	3	2	0.000000
591	3	2	0.000000
592	3	2	0.000000
593	3	2	0.000000
594	3	2	0.000000
595	3	2	0.000000
596	3	2	0.000000
597	3	2	0.000000
598	3	2	0.000000
599	3	2	0.000000
600	3	2	0.000000
601	3	0	0.000000
602	3	2	0.000000
603	3	2	0.000000
604	3	0	0.000000
605	3	2	0.000000
606	3	2	0.000000
607	3	2	0.000000
608	3	2	0.000000
609	3	2	0.000000
610	3	2	0.000000
611	3	2	0.000000
612	3	2	0.000000
613	3	2	0.000000
614	3	2	0.000000
615	3	2	0.000000
616	3	2	0.000000
617	2	3	0.000000
618	2	3	0.000000
619	2	3	0.000000
620	2	3	0.000000
621	2	4	0.000000
622	2	3	0.000000
623	2	4	0.000000
624	2	3	0.000000
625	2	3	0.000000
626	2	3	0.000000
627	2	3	0.000000
628	2	3	0.000000
629	2	3	0.000000
630	2	3	0.000000
631	3	2	0.000000
632	3	2	0.000000
633	3	2	0.000000
634	3	2	0.000000
635	3	2	0.000000
636	3	2	0.000000
637	3	2	0.000000
638	3	2	0.000000
639	3	2	0.000000
640	3	2	0.000000
641	3	2	0.000000
642	3	2	0.000000
643	3	0	0.000000
644	3	2	0.000000
645	3	2	0.000000
646	3	2	0.000000
647	3	2	0.000000
648	3	2	0.000000
649	3	1	0.000000
650	3	2	0.000000
651	3	2	0.000000
652	3	2	0.000000
653	3	2	0.000000
654	3	2	0.000000
655	3	0	0.000000
656	3	2	0.000000
657	3	2	0.000000
658	3	2	0.000000
659	3	2	0.000000
660	3	2	0.000000
661	3	2	0.000000
662	3	2	0.000000
663	3	2	0.000000
664	3	2	0.000000
665	3	2	0.000000
666	3	2	0.000000
667	3	2	0.000000
668	3	0	0.000000
669	3	2	0.000000
670	3	2	0.000000
671	3	2	0.000000
672	3	2	0.000000
673	3	2	0.000000
674	3	2	0.000000
675	3	2	0.000000
676	3	2	0.000000
677	3	2	0.000000
678	3	2	0.000000
679	3	2	0.000000
680	3	2	0.000000
681	3	2	0.000000
682	3	2	0.000000
683	3	2	0.000000
684	3	2	0.000000
685	3	2	0.000000
686	3	2	0.000000
687	3	2	0.000000
688	3	2	0.000000
689	3	2	0.000000
690	3	2	0.000000
691	3	2	0.000000
692	3	2	0.000000
693	3	0	0.000000
694	3	2	0.000000
695	3	2	0.000000
696	3	2	0.000000
697	3	2	0.000000
698	3	2	0.000000
699	3	2	0.000000
700	3	0	0.000000
701	3	2	0.000000
702	3	2	0.000000
703	3	2	0.000000
704	3	2	0.000000
705	3	2	0.000000
706	3	0	0.000000
707	3	3	0.000000
708	3	2	0.000000
709	3	2	0.000000
710	3	2	0.000000
711	3	3	0.000000
712	3	2	0.000000
713	3	2	0.000000
714	3	2	0.000000
715	3	2	0.000000
716	3	2	0.000000
717	3	1	0.000000
718	3	2	0.000000
719	3	2	0.000000
720	3	1	0.000000
721	3	2	0.000000
722	3	2	0.000000
723	3	2	0.000000
724	3	2	0.000000
725	3	2	0.000000
726	3	2	0.000000
727	3	2	0.000000
728	3	2	0.000000
729	3	2	0.000000
730	3	2	0.000000
731	3	2	0.000000
732	3	2	0.000000
733	3	2	0.000000
734	3	2	0.000000
735	3	2	0.000000
736	3	2	0.000000
737	3	2	0.000000
738	3	2	0.000000
739	3	2	0.000000
740	3	2	0.000000
741	3	2	0.000000
742	3	2	0.000000
743	3	2	0.000000
744	3	2	0.000000
745	3	2	0.000000
746	3	3	0.000000
747	3	0	0.000000
748	3	2	0.000000
749	2	4	0.000000
750	2	3	0.000000
751	2	3	0.000000
752	2	3	0.000000
753	2	3	0.000000
754	2	3	0.000000
755	2	3	0.000000
756	2	3	0.000000
757	2	3	0.000000
758	2	3	0.000000
759	2	3	0.000000
760	2	3	0.000000
761	2	3	0.000000
762	2	3	0.000000
763	2	4	0.000000
764	3	2	0.000000
765	3	2	0.000000
766	3	2	0.000000
767	3	2	0.000000
768	3	2	0.000000
769	3	2	0.000000
770	3	2	0.000000
771	3	2	0.000000
772	3	2	0.000000
773	3	2	0.000000
774	3	2	0.000000
775	3	2	0.000000
776	3	1	0.000000
777	3	1	0.000000
778	3	2	0.000000
779	3	2	0.000000
780	3	2	0.000000
781	3	2	0.000000
782	3	2	0.000000
783	3	2	0.000000
784	3	2	0.000000
785	3	0	0.000000
786	3	2	0.000000
787	3	2	0.000000
788	3	2	0.000000
789	3	2	0.000000
790	2	1	0.000000
791	2	3	0.000000
792	2	3	0.000000
793	2	3	0.000000
794	2	4	0.000000
795	2	3	0.000000
796	2	3	0.000000
797	2	3	0.000000
798	2	3	0.000000
799	2	3	0.000000
800	2	3	0.000000
801	2	3	0.000000
802	2	3	0.000000
803	2	3	0.000000
804	2	3	0.000000
805	3	2	0.000000
806	3	2	0.000000
807	3	1	0.000000
808	3	2	0.000000
809	3	2	0.000000
810	3	2	0.000000
811	3	2	0.000000
812	3	2	0.000000
813	3	2	0.000000
814	3	2	0.000000
815	3	2	0.000000
816	3	2	0.000000
817	3	1	0.000000
818	3	2	0.000000
819	3	2	0.000000
820	3	2	0.000000
821	3	2	0.000000
822	3	2	0.000000
823	3	2	0.000000
824	3	2	0.000000
825	3	2	0.000000
826	3	2	0.000000
827	3	2	0.000000
828	3	2	0.000000
829	3	2	0.000000
830	3	2	0.000000
831	3	2	0.000000
832	3	2	0.000000
833	3	2	0.000000
834	3	2	0.000000
835	3	2	0.000000
836	3	2	0.000000
837	3	2	0.000000
838	3	2	0.000000
839	3	2	0.000000
840	3	2	0.000000
841	3	2	0.000000
842	2	3	0.000000
843	2	3	0.000000
844	2	3	0.000000
845	2	3	0.000000
846	2	3	0.000000
847	2	3	0.000000
848	2	3	0.000000
849	2	3	0.000000
850	2	3	0.000000
851	2	3	0.000000
852	2	3	0.000000
853	2	1	0.000000
854	2	3	0.000000
855	2	3	0.000000
856	2	3	0.000000
857	3	2	0.000000
858	3	2	0.000000
859	3	2	0.000000
860	3	2	0.000000
861	3	2	0.000000
862	3	1	0.000000
863	3	2	0.000000
864	3	2	0.000000
865	3	2	0.000000
866	3	3	0.000000
867	3	0	0.000000
868	3	2	0.000000
869	3	2	0.000000
870	3	2	0.000000
871	2	3	0.000000
872	2	3	0.000000
873	3	2	0.000000
874	3	2	0.000000
875	3	2	0.000000
876	3	2	0.000000
877	3	2	0.000000
878	3	2	0.000000
879	3	2	0.000000
880	3	2	0.000000
881	3	2	0.000000
882	3	2	0.000000
883	3	2	0.000000
884	3	2	0.000000
885	3	2	0.000000
886	3	2	0.000000
887	3	2	0.000000
888	3	2	0.000000
889	3	2	0.000000
890	3	2	0.000000
891	3	2	0.000000
892	3	2	0.000000
893	3	2	0.000000
894	3	2	0.000000
895	3	2	0.000000
896	3	2	0.000000
897	3	2	0.000000
898	3	2	0.000000
899	3	2	0.000000
900	3	0	0.000000
901	3	2	0.000000
902	3	2	0.000000
903	3	2	0.000000
904	3	2	0.000000
905	3	2	0.000000
906	3	2	0.000000
907	3	2	0.000000
908	3	2	0.000000
909	3	2	0.000000
910	3	2	0.000000
911	3	2	0.000000
912	3	0	0.000000
913	3	2	0.000000
914	3	2	0.000000
915	3	2	0.000000
916	3	2	0.000000
917	3	2	0.000000
918	3	2	0.000000
919	3	2	0.000000
920	3	2	0.000000
921	3	2	0.000000
922	3	2	0.000000
923	4	1	0.000000
924	4	1	0.000000
925	4	1	0.000000
926	4	0	0.000000
927	4	1	0.000000
928	4	0	0.000000
929	4	1	0.000000
930	4	1	0.000000
931	4	1	0.000000
932	4	1	0.000000
933	4	1	0.000000
934	4	1	0.000000
935	4	1	0.000000
936	4	1	0.000000
937	4	1	0.000000
938	4	1	0.000000
939	4	1	0.000000
940	4	1	0.000000
941	4	1	0.000000
942	4	1	0.000000
943	4	1	0.000000
944	4	1	0.000000
945	4	1	0.000000
946	4	1	0.000000
947	4	1	0.000000
948	4	1	0.000000
949	4	1	0.000000
950	4	1	0.000000
951	4	1	0.000000
952	3	2	0.000000
953	3	2	0.000000
954	3	2	0.000000
955	3	2	0.000000
956	3	2	0.000000
957	3	2	0.000000
958	3	2	0.000000
959	3	2	0.000000
960	3	2	0.000000
961	3	2	0.000000
962	3	2	0.000000
963	3	2	0.000000
964	3	2	0.000000
965	3	2	0.000000
966	3	2	0.000000
967	3	0	0.000000
968	3	2	0.000000
969	2	3	0.000000
970	2	3	0.000000
971	2	3	0.000000
972	2	3	0.000000
973	2	3	0.000000
974	2	3	0.000000
975	2	3	0.000000
976	2	3	0.000000
977	2	3	0.000000
978	2	1	0.000000
979	2	3	0.000000
980	2	3	0.000000
981	2	3	0.000000
982	2	3	0.000000
983	3	2	0.000000
984	3	2	0.000000
985	3	2	0.000000
986	3	2	0.000000
987	3	0	0.000000
988	3	2	0.000000
989	4	1	0.000000
990	4	1	0.000000
991	4	1	0.000000
992	4	1	0.000000
993	4	1	0.000000
994	4	1	0.000000
995	4	1	0.000000
996	3	2	0.000000
997	3	2	0.000000
998	3	2	0.000000
999	3	2	0.000000
1000	3	2	0.000000
1001	3	2	0.000000
1002	3	2	0.000000
1003	3	2	0.000000
1004	3	2	0.000000
1005	3	2	0.000000
1006	3	2	0.000000
1007	3	2	0.000000
1008	3	2	0.000000
1009	3	2	0.000000
1010	3	2	0.000000
1011	3	2	0.000000
1012	2	3	0.000000
1013	2	3	0.000000
1014	2	3	0.000000
1015	3	2	0.000000
1016	3	2	0.000000
1017	3	2	0.000000
1018	3	2	0.000000
1019	3	0	0.000000
1020	3	2	0.000000
1021	3	2	0.000000
1022	3	2	0.000000
1023	3	2	0.000000
1024	3	2	0.000000
1025	3	2	0.000000
1026	3	2	0.000000
1027	3	2	0.000000
1028	3	2	0.000000
1029	3	2	0.000000
1030	3	2	0.000000
1031	3	2	0.000000
1032	3	2	0.000000
1033	3	2	0.000000
1034	3	0	0.000000
1035	3	2	0.000000
1036	3	2	0.000000
1037	3	2	0.000000
1038	3	2	0.000000
1039	3	2	0.000000
1040	3	1	0.000000
1041	3	2	0.000000
1042	4	1	0.000000
1043	3	2	0.000000
1044	3	2	0.000000
1045	3	2	0.000000
1046	3	2	0.000000
1047	3	2	0.000000
1048	3	2	0.000000
1049	3	2	0.000000
1050	3	2	0.000000
1051	3	2	0.000000
1052	3	2	0.000000
1053	3	2	0.000000
1054	3	2	0.000000
1055	3	2	0.000000
1056	3	2	0.000000
1057	3	2	0.000000
1058	3	2	0.000000
1059	3	2	0.000000
1060	3	2	0.000000
1061	3	2	0.000000
1062	3	2	0.000000
1063	3	2	0.000000
1064	3	2	0.000000
1065	3	2	0.000000
1066	3	2	0.000000
1067	3	2	0.000000
1068	3	2	0.000000
1069	3	2	0.000000
1070	3	2	0.000000
1071	3	2	0.000000
1072	3	2	0.000000
1073	3	2	0.000000
1074	3	2	0.000000
1075	3	2	0.000000
1076	3	2	0.000000
1077	3	2	0.000000
1078	3	1	0.000000
1079	3	2	0.000000
1080	3	2	0.000000
1081	3	2	0.000000
1082	3	2	0.000000
1083	3	2	0.000000
1084	3	2	0.000000
1085	3	2	0.000000
1086	3	2	0.000000
1087	2	3	0.000000
1088	2	3	0.000000
1089	3	2	0.000000
1090	2	3	0.000000
1091	3	0	0.000000
1092	3	2	0.000000
1093	3	2	0.000000
1094	3	2	0.000000
1095	3	2	0.000000
1096	3	2	0.000000
1097	3	2	0.000000
1098	3	2	0.000000
1099	3	2	0.000000
1100	3	2	0.000000
1101	3	3	0.000000
1102	2	3	0.000000
1103	3	2	0.000000
1104	3	1	0.000000
1105	3	2	0.000000
1106	2	0	0.000000
1107	2	3	0.000000
1108	2	3	0.000000
1109	2	3	0.000000
1110	2	3	0.000000
1111	2	3	0.000000
1112	2	3	0.000000
1113	2	3	0.000000
1114	2	4	0.000000
1115	2	3	0.000000
1116	2	3	0.000000
1117	2	3	0.000000
1118	2	3	0.000000
1119	3	2	0.000000
1120	3	2	0.000000
1121	3	1	0.000000
1122	3	2	0.000000
1123	3	2	0.000000
1124	3	2	0.000000
1125	3	2	0.000000
1126	3	2	0.000000
1127	3	2	0.000000
1128	3	2	0.000000
1129	3	2	0.000000
1130	3	2	0.000000
1131	3	2	0.000000
1132	3	2	0.000000
1133	3	2	0.000000
1134	3	2	0.000000
1135	3	2	0.000000
1136	3	2	0.000000
1137	3	0	0.000000
1138	3	2	0.000000
1139	3	2	0.000000
1140	3	2	0.000000
1141	3	2	0.000000
1142	3	2	0.000000
1143	3	2	0.000000
1144	3	2	0.000000
1145	3	2	0.000000
1146	3	2	0.000000
1147	3	2	0.000000
1148	3	2	0.000000
1149	3	2	0.000000
1150	3	2	0.000000
1151	3	2	0.000000
1152	3	2	0.000000
1153	3	2	0.000000
1154	3	2	0.000000
1155	3	2	0.000000
1156	3	2	0.000000
1157	3	2	0.000000
1158	3	2	0.000000
1159	3	2	0.000000
1160	3	2	0.000000
1161	3	2	0.000000
1162	3	2	0.000000
1163	3	2	0.000000
1164	3	2	0.000000
1165	3	2	0.000000
1166	3	2	0.000000
1167	3	2	0.000000
1168	3	2	0.000000
1169	3	2	0.000000
1170	3	2	0.000000
1171	3	2	0.000000
1172	3	2	0.000000
1173	3	2	0.000000
1174	3	3	0.000000
1175	3	2	0.000000
1176	3	2	0.000000
1177	3	2	0.000000
1178	3	2	0.000000
1179	3	2	0.000000
1180	3	2	0.000000
1181	3	0	0.000000
1182	3	2	0.000000
1183	3	2	0.000000
1184	3	2	0.000000
1185	3	2	0.000000
1186	3	2	0.000000
1187	3	2	0.000000
1188	3	2	0.000000
1189	3	2	0.000000
1190	3	2	0.000000
1191	3	2	0.000000
1192	3	2	0.000000
1193	3	0	0.000000
1194	3	2	0.000000
1195	3	2	0.000000
1196	3	2	0.000000
1197	3	3	0.000000
1198	3	2	0.000000
1199	3	2	0.000000
1200	3	2	0.000000
1201	3	2	0.000000
1202	3	2	0.000000
1203	3	2	0.000000
1204	3	2	0.000000
1205	3	2	0.000000
1206	3	2	0.000000
1207	3	2	0.000000
1208	3	2	0.000000
1209	3	2	0.000000
1210	3	2	0.000000
1211	3	2	0.000000
1212	3	2	0.000000
1213	3	2	0.000000
1214	3	2	0.000000
1215	3	2	0.000000
1216	3	3	0.000000
1217	3	2	0.000000
1218	3	2	0.000000
1219	3	2	0.000000
1220	3	2	0.000000
1221	3	2	0.000000
1222	3	2	0.000000
1223	3	2	0.000000
1224	3	2	0.000000
1225	3	2	0.000000
1226	3	2	0.000000
1227	3	0	0.000000
1228	3	2	0.000000
1229	3	2	0.000000
1230	3	3	0.000000
1231	3	2	0.000000
1232	3	0	0.000000
1233	3	2	0.000000
1234	3	2	0.000000
1235	3	2	0.000000
1236	3	2	0.000000
1237	3	2	0.000000
1238	3	3	0.000000
1239	3	3	0.000000
1240	3	3	0.000000
1241	3	2	0.000000
1242	3	1	0.000000
1243	3	1	0.000000
1244	3	2	0.000000
1245	3	2	0.000000
1246	3	1	0.000000
1247	3	2	0.000000
1248	3	2	0.000000
1249	3	2	0.000000
1250	3	2	0.000000
1251	3	2	0.000000
1252	3	2	0.000000
1253	3	2	0.000000
1254	3	2	0.000000
1255	3	2	0.000000
1256	3	2	0.000000
1257	3	2	0.000000
1258	3	2	0.000000
1259	3	2	0.000000
1260	2	3	0.000000
1261	2	3	0.000000
1262	2	3	0.000000
1263	2	3	0.000000
1264	2	4	0.000000
1265	1	3	0.000000
1266	1	3	0.000000
1267	1	3	0.000000
1268	1	3	0.000000
1269	1	1	0.000000
1270	1	3	0.000000
1271	1	3	0.000000
1272	1	3	0.000000
1273	1	3	0.000000
1274	1	3	0.000000
1275	1	3	0.000000
1276	1	0	0.000000
1277	1	3	0.000000
1278	1	3	0.000000
1279	1	0	0.000000
1280	1	3	0.000000
1281	1	3	0.000000
1282	1	3	0.000000
1283	1	3	0.000000
1284	1	3	0.000000
1285	1	3	0.000000
1286	1	3	0.000000
1287	1	3	0.000000
1288	1	3	0.000000
1289	1	3	0.000000
1290	1	3	0.000000
1291	1	3	0.000000
1292	1	3	0.000000
1293	1	3	0.000000
1294	1	3	0.000000
1295	1	3	0.000000
1296	1	3	0.000000
1297	1	3	0.000000
1298	1	3	0.000000
1299	1	3	0.000000
1300	1	3	0.000000
1301	1	3	0.000000
1302	1	3	0.000000
1303	1	3	0.000000
1304	1	3	0.000000
1305	1	3	0.000000
1306	1	3	0.000000
1307	1	3	0.000000
1308	1	3	0.000000
1309	1	3	0.000000
1310	1	3	0.000000
1311	1	3	0.000000
1312	1	3	0.000000
1313	1	3	0.000000
1314	1	3	0.000000
1315	1	3	0.000000
1316	1	3	0.000000
1317	1	3	0.000000
1318	1	3	0.000000
1319	1	3	0.000000
1320	1	3	0.000000
1321	1	3	0.000000
1322	1	3	0.000000
1323	1	3	0.000000
1324	1	3	0.000000
1325	1	3	0.000000
1326	1	3	0.000000
1327	1	3	0.000000
1328	1	3	0.000000
1329	1	3	0.000000
1330	1	3	0.000000
1331	1	3	0.000000
1332	1	3	0.000000
1333	1	3	0.000000
1334	1	3	0.000000
1335	1	3	0.000000
1336	1	3	0.000000
1337	1	3	0.000000
1338	1	3	0.000000
1339	1	3	0.000000
1340	1	3	0.000000
1341	1	3	0.000000
1342	1	0	0.000000
1343	1	3	0.000000
1344	1	3	0.000000
1345	1	3	0.000000
1346	1	3	0.000000
1347	1	1	0.000000
1348	1	3	0.000000
1349	1	3	0.000000
1350	1	3	0.000000
1351	1	3	0.000000
1352	1	3	0.000000
1353	1	3	0.000000
1354	1	3	0.000000
1355	1	0	0.000000
1356	1	3	0.000000
1357	1	3	0.000000
1358	1	3	0.000000
1359	1	3	0.000000
1360	1	3	0.000000
1361	1	3	0.000000
1362	1	3	0.000000
1363	1	3	0.000000
1364	1	3	0.000000
1365	1	3	0.000000
1366	1	3	0.000000
1367	1	3	0.000000
1368	1	3	0.000000
1369	1	3	0.000000
1370	1	3	0.000000
1371	1	3	0.000000
1372	1	0	0.000000
1373	1	3	0.000000
1374	1	3	0.000000
1375	1	2	0.000000
1376	1	2	0.000000
1377	1	3	0.000000
1378	1	3	0.000000
1379	1	3	0.000000
1380	1	3	0.000000
1381	1	3	0.000000
1382	1	3	0.000000
1383	1	3	0.000000
1384	2	3	0.000000
1385	1	3	0.000000
1386	1	3	0.000000
1387	1	3	0.000000
1388	1	3	0.000000
1389	2	3	0.000000
1390	2	3	0.000000
1391	2	3	0.000000
1392	2	3	0.000000
1393	2	3	0.000000
1394	2	3	0.000000
1395	2	4	0.000000
1396	2	3	0.000000
1397	2	3	0.000000
1398	2	3	0.000000
1399	2	3	0.000000
1400	2	3	0.000000
1401	2	3	0.000000
1402	3	2	0.000000
1403	3	2	0.000000
1404	3	2	0.000000
1405	3	2	0.000000
1406	2	3	0.000000
1407	3	2	0.000000
1408	3	2	0.000000
1409	3	2	0.000000
1410	3	3	0.000000
1411	3	2	0.000000
1412	3	0	0.000000
1413	3	2	0.000000
1414	3	2	0.000000
1415	3	2	0.000000
1416	3	2	0.000000
1417	3	2	0.000000
1418	3	2	0.000000
1419	3	2	0.000000
1420	3	2	0.000000
1421	3	2	0.000000
1422	3	1	0.000000
1423	3	2	0.000000
1424	3	3	0.000000
1425	3	2	0.000000
1426	3	2	0.000000
1427	3	2	0.000000
1428	3	2	0.000000
1429	3	2	0.000000
1430	3	2	0.000000
1431	3	2	0.000000
1432	3	2	0.000000
1433	3	2	0.000000
1434	3	2	0.000000
1435	3	2	0.000000
1436	3	2	0.000000
1437	3	2	0.000000
1438	3	2	0.000000
1439	3	3	0.000000
1440	3	2	0.000000
1441	3	2	0.000000
1442	3	2	0.000000
1443	3	2	0.000000
1444	3	2	0.000000
1445	3	2	0.000000
1446	3	2	0.000000
1447	3	2	0.000000
1448	3	2	0.000000
1449	3	2	0.000000
1450	3	2	0.000000
1451	3	2	0.000000
1452	3	2	0.000000
1453	3	2	0.000000
1454	3	2	0.000000
1455	3	2	0.000000
1456	3	2	0.000000
1457	3	3	0.000000
1458	3	2	0.000000
1459	3	2	0.000000
1460	3	2	0.000000
1461	3	2	0.000000
1462	3	2	0.000000
1463	3	2	0.000000
1464	3	2	0.000000
1465	3	2	0.000000
1466	3	2	0.000000
1467	3	2	0.000000
1468	3	2	0.000000
1469	3	2	0.000000
1470	3	2	0.000000
1471	3	2	0.000000
1472	3	2	0.000000
1473	3	2	0.000000
1474	3	2	0.000000
1475	3	2	0.000000
1476	3	3	0.000000
1477	3	2	0.000000
1478	3	2	0.000000
1479	3	2	0.000000
1480	3	2	0.000000
1481	3	2	0.000000
1482	3	2	0.000000
1483	3	2	0.000000
1484	3	2	0.000000
1485	3	2	0.000000
1486	3	2	0.000000
1487	3	3	0.000000
1488	3	2	0.000000
1489	3	2	0.000000
1490	3	2	0.000000
1491	3	2	0.000000
1492	3	2	0.000000
1493	3	2	0.000000
1494	3	2	0.000000
1495	3	2	0.000000
1496	3	2	0.000000
1497	3	2	0.000000
1498	3	2	0.000000
1499	3	1	0.000000
1500	3	2	0.000000
1501	3	2	0.000000
1502	3	2	0.000000
1503	3	2	0.000000
1504	3	2	0.000000
1505	3	2	0.000000
1506	3	2	0.000000
1507	3	2	0.000000
1508	3	2	0.000000
1509	3	2	0.000000
1510	3	2	0.000000
1511	3	2	0.000000
1512	3	2	0.000000
1513	3	2	0.000000
1514	3	2	0.000000
1515	3	2	0.000000
1516	3	2	0.000000
1517	3	2	0.000000
1518	3	2	0.000000
1519	3	2	0.000000
1520	3	2	0.000000
1521	3	2	0.000000
1522	3	2	0.000000
1523	3	2	0.000000
1524	3	2	0.000000
1525	3	2	0.000000
1526	3	2	0.000000
1527	3	2	0.000000
1528	3	3	0.000000
1529	3	2	0.000000
1530	3	2	0.000000
1531	3	3	0.000000
1532	3	1	0.000000
1533	3	2	0.000000
1534	3	2	0.000000
1535	3	2	0.000000
1536	3	0	0.000000
1537	3	2	0.000000
1538	3	2	0.000000
1539	3	2	0.000000
1540	3	2	0.000000
1541	3	2	0.000000
1542	3	2	0.000000
1543	3	2	0.000000
1544	3	2	0.000000
1545	3	2	0.000000
1546	3	2	0.000000
1547	3	2	0.000000
1548	3	2	0.000000
1549	3	2	0.000000
1550	3	2	0.000000
1551	3	2	0.000000
1552	3	2	0.000000
1553	3	2	0.000000
1554	3	2	0.000000
1555	3	1	0.000000
1556	3	2	0.000000
1557	3	2	0.000000
1558	3	2	0.000000
1559	3	2	0.000000
1560	3	2	0.000000
1561	3	2	0.000000
1562	3	2	0.000000
1563	3	2	0.000000
1564	3	2	0.000000
1565	4	1	0.000000
1566	4	1	0.000000
1567	4	1	0.000000
1568	3	2	0.000000
1569	3	0	0.000000
1570	3	2	0.000000
1571	3	2	0.000000
1572	3	2	0.000000
1573	4	1	0.000000
1574	3	2	0.000000
1575	3	2	0.000000
1576	3	2	0.000000
1577	4	1	0.000000
1578	3	2	0.000000
1579	3	2	0.000000
1580	4	1	0.000000
1581	4	1	0.000000
1582	4	1	0.000000
1583	4	1	0.000000
1584	4	1	0.000000
1585	4	1	0.000000
1586	4	1	0.000000
1587	4	1	0.000000
1588	4	0	0.000000
1589	4	1	0.000000
1590	4	3	0.000000
1591	4	1	0.000000
1592	4	1	0.000000
1593	4	1	0.000000
1594	4	1	0.000000
1595	4	1	0.000000
1596	4	3	0.000000
1597	4	1	0.000000
1598	4	1	0.000000
1599	4	1	0.000000
1600	4	1	0.000000
1601	4	1	0.000000
1602	4	1	0.000000
1603	4	0	0.000000
1604	4	1	0.000000
1605	4	1	0.000000
1606	4	1	0.000000
1607	4	1	0.000000
1608	4	1	0.000000
1609	4	1	0.000000
1610	4	1	0.000000
1611	4	1	0.000000
1612	4	0	0.000000
1613	4	1	0.000000
1614	4	1	0.000000
1615	4	3	0.000000
1616	4	1	0.000000
1617	4	1	0.000000
1618	4	1	0.000000
1619	4	1	0.000000
1620	4	1	0.000000
1621	4	1	0.000000
1622	4	1	0.000000
1623	4	1	0.000000
1624	4	1	0.000000
1625	4	1	0.000000
1626	4	0	0.000000
1627	4	1	0.000000
1628	4	1	0.000000
1629	4	1	0.000000
1630	4	1	0.000000
1631	4	1	0.000000
1632	3	2	0.000000
1633	4	1	0.000000
1634	4	1	0.000000
1635	4	3	0.000000
1636	4	1	0.000000
1637	4	1	0.000000
1638	4	1	0.000000
1639	4	1	0.000000
1640	4	1	0.000000
1641	3	2	0.000000
1642	3	2	0.000000
1643	3	2	0.000000
1644	3	2	0.000000
1645	4	1	0.000000
1646	3	2	0.000000
1647	3	2	0.000000
1648	3	2	0.000000
1649	3	2	0.000000
1650	3	2	0.000000
1651	3	2	0.000000
1652	3	2	0.000000
1653	3	2	0.000000
1654	3	2	0.000000
1655	3	2	0.000000
1656	3	2	0.000000
1657	3	2	0.000000
1658	3	2	0.000000
1659	3	2	0.000000
1660	3	2	0.000000
1661	3	2	0.000000
1662	3	2	0.000000
1663	3	2	0.000000
1664	3	2	0.000000
1665	3	2	0.000000
1666	3	1	0.000000
1667	3	2	0.000000
1668	3	2	0.000000
1669	3	2	0.000000
1670	3	2	0.000000
1671	3	2	0.000000
1672	3	2	0.000000
1673	3	2	0.000000
1674	3	3	0.000000
1675	3	2	0.000000
1676	3	2	0.000000
1677	3	2	0.000000
1678	3	2	0.000000
1679	3	3	0.000000
1680	3	2	0.000000
1681	3	2	0.000000
1682	3	2	0.000000
1683	3	2	0.000000
1684	3	2	0.000000
1685	3	2	0.000000
1686	3	2	0.000000
1687	3	0	0.000000
1688	3	2	0.000000
1689	3	2	0.000000
1690	3	2	0.000000
1691	3	2	0.000000
1692	3	2	0.000000
1693	3	2	0.000000
1694	3	3	0.000000
1695	3	2	0.000000
1696	3	2	0.000000
1697	3	2	0.000000
1698	3	2	0.000000
1699	3	2	0.000000
1700	3	2	0.000000
1701	3	2	0.000000
1702	3	2	0.000000
1703	3	2	0.000000
1704	3	2	0.000000
1705	3	2	0.000000
1706	3	2	0.000000
1707	3	2	0.000000
1708	3	1	0.000000
1709	3	2	0.000000
1710	3	2	0.000000
1711	3	2	0.000000
1712	3	2	0.000000
1713	3	3	0.000000
1714	3	2	0.000000
1715	3	2	0.000000
1716	3	2	0.000000
1717	3	2	0.000000
1718	3	2	0.000000
1719	3	2	0.000000
1720	3	2	0.000000
1721	3	2	0.000000
1722	3	2	0.000000
1723	3	2	0.000000
1724	3	2	0.000000
1725	3	2	0.000000
1726	3	2	0.000000
1727	3	2	0.000000
1728	3	2	0.000000
1729	3	2	0.000000
1730	3	2	0.000000
1731	3	2	0.000000
1732	3	3	0.000000
1733	3	2	0.000000
1734	3	2	0.000000
1735	3	2	0.000000
1736	3	2	0.000000
1737	3	2	0.000000
1738	3	2	0.000000
1739	3	2	0.000000
1740	3	2	0.000000
1741	3	2	0.000000
1742	3	2	0.000000
1743	3	2	0.000000
1744	3	2	0.000000
1745	3	2	0.000000
1746	3	2	0.000000
1747	3	2	0.000000
1748	3	2	0.000000
1749	3	2	0.000000
1750	3	2	0.000000
1751	3	2	0.000000
1752	3	2	0.000000
1753	3	2	0.000000
1754	3	2	0.000000
1755	3	2	0.000000
1756	3	2	0.000000
1757	3	2	0.000000
1758	3	2	0.000000
1759	3	2	0.000000
1760	3	2	0.000000
1761	3	2	0.000000
1762	3	2	0.000000
1763	3	2	0.000000
1764	3	2	0.000000
1765	3	2	0.000000
1766	3	2	0.000000
1767	3	2	0.000000
1768	3	2	0.000000
1769	3	0	0.000000
1770	3	2	0.000000
1771	3	2	0.000000
1772	3	3	0.000000
1773	3	2	0.000000
1774	3	2	0.000000
1775	3	2	0.000000
1776	3	2	0.000000
1777	3	2	0.000000
1778	3	2	0.000000
1779	3	2	0.000000
1780	3	2	0.000000
1781	3	2	0.000000
1782	3	2	0.000000
1783	3	2	0.000000
1784	3	2	0.000000
1785	3	2	0.000000
1786	3	2	0.000000
1787	3	2	0.000000
1788	3	2	0.000000
1789	3	2	0.000000
1790	3	3	0.000000
1791	3	2	0.000000
1792	3	2	0.000000
1793	3	2	0.000000
1794	3	2	0.000000
1795	3	3	0.000000
1796	3	2	0.000000
1797	3	2	0.000000
1798	3	2	0.000000
1799	3	2	0.000000
1800	3	1	0.000000
1801	3	2	0.000000
1802	3	2	0.000000
1803	3	2	0.000000
1804	3	2	0.000000
1805	3	2	0.000000
1806	3	2	0.000000
1807	3	2	0.000000
1808	3	2	0.000000
1809	3	2	0.000000
1810	3	2	0.000000
1811	3	2	0.000000
1812	3	2	0.000000
1813	3	2	0.000000
1814	3	2	0.000000
1815	3	2	0.000000
1816	3	2	0.000000
1817	3	2	0.000000
1818	3	2	0.000000
1819	3	2	0.000000
1820	3	2	0.000000
1821	3	2	0.000000
1822	3	2	0.000000
1823	3	3	0.000000
1824	3	2	0.000000
1825	3	2	0.000000
1826	3	2	0.000000
1827	3	2	0.000000
1828	3	2	0.000000
1829	3	2	0.000000
1830	3	2	0.000000
1831	3	2	0.000000
1832	3	2	0.000000
1833	3	2	0.000000
1834	3	2	0.000000
1835	3	2	0.000000
1836	3	2	0.000000
1837	3	2	0.000000
1838	3	2	0.000000
1839	3	2	0.000000
1840	3	2	0.000000
1841	3	2	0.000000
1842	3	0	0.000000
1843	3	2	0.000000
1844	3	2	0.000000
1845	3	2	0.000000
1846	3	2	0.000000
1847	3	2	0.000000
1848	3	2	0.000000
1849	3	2	0.000000
1850	3	0	0.000000
1851	3	2	0.000000
1852	3	3	0.000000
1853	3	2	0.000000
1854	3	2	0.000000
1855	3	2	0.000000
1856	3	2	0.000000
1857	3	2	0.000000
1858	3	2	0.000000
1859	3	2	0.000000
1860	3	2	0.000000
1861	3	2	0.000000
1862	3	2	0.000000
1863	3	2	0.000000
1864	3	2	0.000000
1865	3	2	0.000000
1866	3	2	0.000000
1867	3	2	0.000000
1868	3	2	0.000000
1869	3	2	0.000000
1870	3	2	0.000000
1871	3	2	0.000000
1872	3	2	0.000000
1873	3	2	0.000000
1874	3	2	0.000000
1875	3	2	0.000000
1876	3	2	0.000000
1877	3	2	0.000000
1878	3	2	0.000000
1879	3	2	0.000000
1880	3	2	0.000000
1881	3	2	0.000000
1882	3	2	0.000000
1883	3	2	0.000000
1884	3	2	0.000000
1885	3	2	0.000000
1886	3	2	0.000000
1887	3	2	0.000000
1888	3	0	0.000000
1889	3	2	0.000000
1890	3	3	0.000000
1891	3	2	0.000000
1892	3	2	0.000000
1893	3	2	0.000000
1894	3	2	0.000000
1895	3	2	0.000000
1896	3	2	0.000000
1897	3	2	0.000000
1898	3	2	0.000000
1899	3	2	0.000000
1900	3	2	0.000000
1901	3	2	0.000000
1902	3	2	0.000000
1903	3	2	0.000000
1904	3	2	0.000000
1905	3	0	0.000000
1906	3	2	0.000000
1907	3	2	0.000000
1908	3	2	0.000000
1909	3	2	0.000000
1910	3	2	0.000000
1911	3	2	0.000000
1912	3	2	0.000000
1913	3	2	0.000000
1914	3	2	0.000000
1915	3	2	0.000000
1916	3	2	0.000000
1917	3	2	0.000000
1918	3	2	0.000000
1919	3	2	0.000000
1920	3	2	0.000000
1921	3	2	0.000000
1922	3	2	0.000000
1923	3	2	0.000000
1924	3	2	0.000000
1925	3	2	0.000000
1926	3	2	0.000000
1927	3	2	0.000000
1928	3	2	0.000000
1929	3	2	0.000000
1930	3	2	0.000000
1931	3	2	0.000000
1932	3	2	0.000000
1933	3	2	0.000000
1934	3	2	0.000000
1935	3	1	0.000000
1936	3	2	0.000000
1937	3	2	0.000000
1938	3	2	0.000000
1939	3	2	0.000000
1940	3	2	100.000000
1941	0	0	0.000000
