StartTime	2015/10/01 23:13:43
FinishTime	2015/10/01 23:14:25
ElapsedTime	42.000000
/home/daisuke/git/ReinforcementLearning/log/EV3LineTracer_20151001190952_10Setting_20151001190954.log
0	1.000000
1	0.031250	0.031250	0.031250	0.906250
2	0.020833	0.020833	0.020833	0.895833	0.020833	0.020833
3	0.031250	0.031250	0.906250	0.031250
4	0.031250	0.906250	0.031250	0.031250
5	0.031250	0.031250	0.031250	0.906250
6	0.031250	0.031250	0.031250	0.906250
3234
0	2	3	0.000000
1	2	3	0.000000
2	2	2	0.000000
3	2	3	0.000000
4	2	3	0.000000
5	2	3	0.000000
6	2	3	0.000000
7	2	3	0.000000
8	2	3	0.000000
9	2	3	0.000000
10	2	3	0.000000
11	2	3	0.000000
12	2	3	0.000000
13	3	2	0.000000
14	3	2	0.000000
15	3	2	0.000000
16	3	2	0.000000
17	3	2	0.000000
18	3	2	0.000000
19	3	2	0.000000
20	3	2	0.000000
21	4	1	0.000000
22	4	1	0.000000
23	4	1	0.000000
24	4	1	0.000000
25	4	1	0.000000
26	4	1	0.000000
27	3	2	0.000000
28	3	2	0.000000
29	3	2	0.000000
30	3	2	0.000000
31	3	2	0.000000
32	3	2	0.000000
33	3	2	0.000000
34	3	2	0.000000
35	3	0	0.000000
36	3	2	0.000000
37	3	2	0.000000
38	3	2	0.000000
39	3	2	0.000000
40	3	2	0.000000
41	3	2	0.000000
42	3	2	0.000000
43	3	2	0.000000
44	3	2	0.000000
45	3	1	0.000000
46	3	2	0.000000
47	3	2	0.000000
48	3	2	0.000000
49	3	2	0.000000
50	2	3	0.000000
51	2	3	0.000000
52	2	3	0.000000
53	1	3	0.000000
54	1	3	0.000000
55	1	3	0.000000
56	1	3	0.000000
57	1	3	0.000000
58	1	3	0.000000
59	1	3	0.000000
60	1	3	0.000000
61	1	3	0.000000
62	1	3	0.000000
63	1	3	0.000000
64	1	3	0.000000
65	1	3	0.000000
66	1	3	0.000000
67	1	3	0.000000
68	2	3	0.000000
69	2	3	0.000000
70	2	3	0.000000
71	2	3	0.000000
72	2	3	0.000000
73	2	3	0.000000
74	2	3	0.000000
75	2	3	0.000000
76	2	3	0.000000
77	2	3	0.000000
78	2	3	0.000000
79	2	3	0.000000
80	2	3	0.000000
81	2	3	0.000000
82	2	4	0.000000
83	2	2	0.000000
84	3	0	0.000000
85	3	2	0.000000
86	3	2	0.000000
87	3	2	0.000000
88	3	2	0.000000
89	3	2	0.000000
90	3	2	0.000000
91	3	2	0.000000
92	3	2	0.000000
93	3	2	0.000000
94	3	2	0.000000
95	3	2	0.000000
96	3	2	0.000000
97	3	2	0.000000
98	3	2	0.000000
99	3	2	0.000000
100	3	2	0.000000
101	3	2	0.000000
102	3	2	0.000000
103	3	2	0.000000
104	3	2	0.000000
105	3	2	0.000000
106	3	2	0.000000
107	2	3	0.000000
108	2	3	0.000000
109	2	3	0.000000
110	2	3	0.000000
111	2	1	0.000000
112	2	3	0.000000
113	2	3	0.000000
114	2	4	0.000000
115	2	3	0.000000
116	2	3	0.000000
117	2	3	0.000000
118	2	3	0.000000
119	2	3	0.000000
120	3	2	0.000000
121	3	2	0.000000
122	3	2	0.000000
123	3	2	0.000000
124	3	2	0.000000
125	3	2	0.000000
126	3	2	0.000000
127	3	2	0.000000
128	3	2	0.000000
129	3	2	0.000000
130	3	2	0.000000
131	3	2	0.000000
132	3	2	0.000000
133	3	2	0.000000
134	3	2	0.000000
135	3	1	0.000000
136	3	2	0.000000
137	3	2	0.000000
138	3	2	0.000000
139	3	2	0.000000
140	3	2	0.000000
141	3	1	0.000000
142	3	2	0.000000
143	3	2	0.000000
144	3	2	0.000000
145	3	0	0.000000
146	3	2	0.000000
147	2	3	0.000000
148	2	3	0.000000
149	2	3	0.000000
150	2	3	0.000000
151	2	3	0.000000
152	2	0	0.000000
153	2	3	0.000000
154	2	3	0.000000
155	2	3	0.000000
156	2	3	0.000000
157	2	3	0.000000
158	2	3	0.000000
159	2	3	0.000000
160	3	2	0.000000
161	3	3	0.000000
162	3	2	0.000000
163	3	2	0.000000
164	3	1	0.000000
165	3	2	0.000000
166	3	2	0.000000
167	3	2	0.000000
168	3	0	0.000000
169	3	3	0.000000
170	3	2	0.000000
171	3	3	0.000000
172	3	2	0.000000
173	3	2	0.000000
174	3	2	0.000000
175	3	0	0.000000
176	3	2	0.000000
177	3	2	0.000000
178	3	2	0.000000
179	3	2	0.000000
180	3	2	0.000000
181	3	2	0.000000
182	3	2	0.000000
183	3	2	0.000000
184	3	2	0.000000
185	3	2	0.000000
186	3	2	0.000000
187	3	2	0.000000
188	3	2	0.000000
189	3	2	0.000000
190	3	2	0.000000
191	3	2	0.000000
192	2	3	0.000000
193	2	3	0.000000
194	2	3	0.000000
195	2	3	0.000000
196	2	3	0.000000
197	2	3	0.000000
198	2	3	0.000000
199	2	3	0.000000
200	2	3	0.000000
201	2	3	0.000000
202	2	3	0.000000
203	2	3	0.000000
204	2	3	0.000000
205	2	3	0.000000
206	2	3	0.000000
207	3	2	0.000000
208	3	2	0.000000
209	3	2	0.000000
210	3	2	0.000000
211	3	2	0.000000
212	3	2	0.000000
213	3	3	0.000000
214	4	1	0.000000
215	4	1	0.000000
216	4	2	0.000000
217	4	1	0.000000
218	3	2	0.000000
219	3	2	0.000000
220	3	2	0.000000
221	3	2	0.000000
222	3	2	0.000000
223	3	2	0.000000
224	3	2	0.000000
225	3	2	0.000000
226	3	2	0.000000
227	3	2	0.000000
228	3	2	0.000000
229	3	2	0.000000
230	3	2	0.000000
231	2	3	0.000000
232	2	3	0.000000
233	2	3	0.000000
234	2	3	0.000000
235	2	3	0.000000
236	2	3	0.000000
237	2	3	0.000000
238	2	3	0.000000
239	2	3	0.000000
240	2	3	0.000000
241	2	3	0.000000
242	2	3	0.000000
243	2	3	0.000000
244	2	3	0.000000
245	3	1	0.000000
246	3	2	0.000000
247	4	1	0.000000
248	4	1	0.000000
249	4	1	0.000000
250	4	0	0.000000
251	4	1	0.000000
252	4	0	0.000000
253	5	3	0.000000
254	5	3	0.000000
255	5	3	0.000000
256	5	3	0.000000
257	5	3	0.000000
258	4	1	0.000000
259	4	1	0.000000
260	4	1	0.000000
261	4	1	0.000000
262	4	1	0.000000
263	4	1	0.000000
264	4	1	0.000000
265	4	1	0.000000
266	4	1	0.000000
267	4	3	0.000000
268	4	1	0.000000
269	4	1	0.000000
270	4	1	0.000000
271	4	1	0.000000
272	4	3	0.000000
273	4	1	0.000000
274	4	1	0.000000
275	4	0	0.000000
276	4	1	0.000000
277	4	1	0.000000
278	4	1	0.000000
279	4	1	0.000000
280	4	1	0.000000
281	4	1	0.000000
282	3	2	0.000000
283	3	2	0.000000
284	3	2	0.000000
285	3	2	0.000000
286	3	2	0.000000
287	3	2	0.000000
288	3	2	0.000000
289	3	2	0.000000
290	3	2	0.000000
291	2	3	0.000000
292	2	3	0.000000
293	2	3	0.000000
294	2	3	0.000000
295	2	3	0.000000
296	2	3	0.000000
297	2	3	0.000000
298	2	3	0.000000
299	2	3	0.000000
300	2	3	0.000000
301	2	3	0.000000
302	2	3	0.000000
303	2	3	0.000000
304	2	4	0.000000
305	3	2	0.000000
306	3	2	0.000000
307	3	3	0.000000
308	3	2	0.000000
309	4	1	0.000000
310	4	1	0.000000
311	4	0	0.000000
312	4	1	0.000000
313	4	1	0.000000
314	4	1	0.000000
315	4	1	0.000000
316	4	1	0.000000
317	4	1	0.000000
318	4	1	0.000000
319	4	1	0.000000
320	3	2	0.000000
321	4	1	0.000000
322	4	1	0.000000
323	4	1	0.000000
324	4	1	0.000000
325	4	1	0.000000
326	4	1	0.000000
327	4	1	0.000000
328	4	1	0.000000
329	4	1	0.000000
330	3	2	0.000000
331	3	2	0.000000
332	3	2	0.000000
333	3	2	0.000000
334	3	2	0.000000
335	3	2	0.000000
336	2	3	0.000000
337	2	3	0.000000
338	2	3	0.000000
339	2	5	0.000000
340	2	3	0.000000
341	2	4	0.000000
342	2	3	0.000000
343	2	3	0.000000
344	1	3	0.000000
345	1	3	0.000000
346	2	3	0.000000
347	2	3	0.000000
348	2	3	0.000000
349	2	3	0.000000
350	2	3	0.000000
351	3	2	0.000000
352	3	2	0.000000
353	3	2	0.000000
354	3	2	0.000000
355	3	2	0.000000
356	3	2	0.000000
357	4	1	0.000000
358	4	1	0.000000
359	4	1	0.000000
360	4	1	0.000000
361	4	1	0.000000
362	4	1	0.000000
363	3	2	0.000000
364	3	2	0.000000
365	3	2	0.000000
366	3	2	0.000000
367	3	2	0.000000
368	3	2	0.000000
369	3	2	0.000000
370	3	2	0.000000
371	3	2	0.000000
372	3	2	0.000000
373	3	2	0.000000
374	2	3	0.000000
375	2	5	0.000000
376	2	3	0.000000
377	2	3	0.000000
378	2	1	0.000000
379	2	3	0.000000
380	2	3	0.000000
381	2	3	0.000000
382	2	3	0.000000
383	1	3	0.000000
384	1	0	0.000000
385	1	0	0.000000
386	1	3	0.000000
387	1	3	0.000000
388	1	3	0.000000
389	2	3	0.000000
390	2	3	0.000000
391	2	0	0.000000
392	2	3	0.000000
393	2	3	0.000000
394	3	2	0.000000
395	3	2	0.000000
396	3	1	0.000000
397	3	0	0.000000
398	3	2	0.000000
399	3	0	0.000000
400	3	2	0.000000
401	3	2	0.000000
402	4	1	0.000000
403	4	1	0.000000
404	4	1	0.000000
405	4	1	0.000000
406	3	2	0.000000
407	3	2	0.000000
408	3	2	0.000000
409	3	2	0.000000
410	3	2	0.000000
411	3	2	0.000000
412	3	2	0.000000
413	3	2	0.000000
414	3	2	0.000000
415	3	2	0.000000
416	3	2	0.000000
417	3	2	0.000000
418	3	2	0.000000
419	3	2	0.000000
420	3	2	0.000000
421	3	2	0.000000
422	3	3	0.000000
423	3	2	0.000000
424	3	2	0.000000
425	4	1	0.000000
426	3	2	0.000000
427	3	2	0.000000
428	3	2	0.000000
429	4	1	0.000000
430	4	3	0.000000
431	4	1	0.000000
432	4	1	0.000000
433	4	1	0.000000
434	4	1	0.000000
435	4	1	0.000000
436	4	1	0.000000
437	4	1	0.000000
438	4	1	0.000000
439	4	1	0.000000
440	3	2	0.000000
441	3	1	0.000000
442	4	1	0.000000
443	3	2	0.000000
444	4	1	0.000000
445	3	0	0.000000
446	3	2	0.000000
447	3	2	0.000000
448	3	2	0.000000
449	3	2	0.000000
450	4	1	0.000000
451	3	2	0.000000
452	3	2	0.000000
453	3	2	0.000000
454	3	2	0.000000
455	3	1	0.000000
456	3	3	0.000000
457	3	2	0.000000
458	3	2	0.000000
459	3	2	0.000000
460	3	2	0.000000
461	3	2	0.000000
462	3	2	0.000000
463	3	2	0.000000
464	3	2	0.000000
465	3	2	0.000000
466	3	2	0.000000
467	3	2	0.000000
468	3	2	0.000000
469	3	2	0.000000
470	3	2	0.000000
471	3	2	0.000000
472	3	2	0.000000
473	3	2	0.000000
474	3	2	0.000000
475	3	2	0.000000
476	3	2	0.000000
477	3	2	0.000000
478	3	2	0.000000
479	3	2	0.000000
480	3	2	0.000000
481	2	3	0.000000
482	2	3	0.000000
483	2	3	0.000000
484	2	3	0.000000
485	2	3	0.000000
486	2	3	0.000000
487	2	3	0.000000
488	2	3	0.000000
489	2	3	0.000000
490	2	2	0.000000
491	2	3	0.000000
492	2	0	0.000000
493	2	3	0.000000
494	2	3	0.000000
495	3	3	0.000000
496	3	2	0.000000
497	3	2	0.000000
498	3	2	0.000000
499	3	2	0.000000
500	3	2	0.000000
501	3	2	0.000000
502	3	2	0.000000
503	3	2	0.000000
504	3	2	0.000000
505	3	2	0.000000
506	3	2	0.000000
507	3	2	0.000000
508	3	2	0.000000
509	3	2	0.000000
510	3	2	0.000000
511	3	2	0.000000
512	3	2	0.000000
513	3	2	0.000000
514	3	2	0.000000
515	3	2	0.000000
516	3	2	0.000000
517	3	2	0.000000
518	3	2	0.000000
519	3	2	0.000000
520	3	2	0.000000
521	3	2	0.000000
522	3	2	0.000000
523	3	0	0.000000
524	3	2	0.000000
525	3	2	0.000000
526	3	2	0.000000
527	3	2	0.000000
528	3	2	0.000000
529	3	2	0.000000
530	3	2	0.000000
531	3	2	0.000000
532	3	2	0.000000
533	3	2	0.000000
534	3	2	0.000000
535	3	2	0.000000
536	3	2	0.000000
537	3	2	0.000000
538	3	2	0.000000
539	3	2	0.000000
540	3	2	0.000000
541	3	2	0.000000
542	3	2	0.000000
543	3	2	0.000000
544	3	2	0.000000
545	3	2	0.000000
546	3	2	0.000000
547	3	2	0.000000
548	3	2	0.000000
549	3	2	0.000000
550	3	2	0.000000
551	3	2	0.000000
552	3	2	0.000000
553	3	3	0.000000
554	3	2	0.000000
555	3	2	0.000000
556	3	2	0.000000
557	3	2	0.000000
558	3	3	0.000000
559	3	2	0.000000
560	3	2	0.000000
561	3	2	0.000000
562	3	2	0.000000
563	3	2	0.000000
564	3	2	0.000000
565	3	2	0.000000
566	3	2	0.000000
567	3	2	0.000000
568	3	2	0.000000
569	3	2	0.000000
570	3	2	0.000000
571	3	2	0.000000
572	3	2	0.000000
573	3	2	0.000000
574	3	0	0.000000
575	3	2	0.000000
576	3	2	0.000000
577	3	0	0.000000
578	3	2	0.000000
579	3	2	0.000000
580	3	2	0.000000
581	3	2	0.000000
582	3	2	0.000000
583	3	2	0.000000
584	3	3	0.000000
585	3	0	0.000000
586	3	2	0.000000
587	3	2	0.000000
588	3	2	0.000000
589	3	2	0.000000
590	3	2	0.000000
591	3	2	0.000000
592	3	2	0.000000
593	3	2	0.000000
594	3	2	0.000000
595	3	2	0.000000
596	3	2	0.000000
597	3	2	0.000000
598	3	2	0.000000
599	3	2	0.000000
600	3	2	0.000000
601	3	2	0.000000
602	3	2	0.000000
603	3	2	0.000000
604	3	2	0.000000
605	3	2	0.000000
606	3	2	0.000000
607	3	2	0.000000
608	3	2	0.000000
609	3	2	0.000000
610	3	2	0.000000
611	3	2	0.000000
612	3	2	0.000000
613	2	3	0.000000
614	2	3	0.000000
615	2	5	0.000000
616	2	3	0.000000
617	2	3	0.000000
618	2	3	0.000000
619	2	3	0.000000
620	2	3	0.000000
621	2	3	0.000000
622	2	3	0.000000
623	2	3	0.000000
624	2	3	0.000000
625	2	3	0.000000
626	2	3	0.000000
627	2	3	0.000000
628	2	3	0.000000
629	2	3	0.000000
630	3	2	0.000000
631	3	2	0.000000
632	3	2	0.000000
633	3	1	0.000000
634	3	2	0.000000
635	3	2	0.000000
636	3	1	0.000000
637	3	0	0.000000
638	3	2	0.000000
639	3	2	0.000000
640	3	2	0.000000
641	3	2	0.000000
642	3	2	0.000000
643	3	2	0.000000
644	3	2	0.000000
645	3	2	0.000000
646	3	2	0.000000
647	3	2	0.000000
648	3	2	0.000000
649	3	2	0.000000
650	3	3	0.000000
651	3	2	0.000000
652	3	2	0.000000
653	3	2	0.000000
654	3	2	0.000000
655	3	2	0.000000
656	3	2	0.000000
657	3	2	0.000000
658	3	2	0.000000
659	3	2	0.000000
660	3	0	0.000000
661	3	3	0.000000
662	3	2	0.000000
663	3	3	0.000000
664	3	2	0.000000
665	3	2	0.000000
666	3	2	0.000000
667	3	2	0.000000
668	3	2	0.000000
669	3	2	0.000000
670	3	2	0.000000
671	3	2	0.000000
672	3	3	0.000000
673	3	2	0.000000
674	3	2	0.000000
675	3	2	0.000000
676	3	2	0.000000
677	3	2	0.000000
678	3	2	0.000000
679	3	0	0.000000
680	3	2	0.000000
681	3	0	0.000000
682	3	0	0.000000
683	3	2	0.000000
684	3	2	0.000000
685	3	2	0.000000
686	3	2	0.000000
687	3	2	0.000000
688	3	2	0.000000
689	3	3	0.000000
690	3	2	0.000000
691	3	2	0.000000
692	3	0	0.000000
693	3	0	0.000000
694	3	2	0.000000
695	3	2	0.000000
696	3	2	0.000000
697	3	2	0.000000
698	3	2	0.000000
699	3	0	0.000000
700	3	2	0.000000
701	3	1	0.000000
702	3	2	0.000000
703	3	2	0.000000
704	3	2	0.000000
705	3	2	0.000000
706	3	2	0.000000
707	3	2	0.000000
708	3	2	0.000000
709	3	2	0.000000
710	3	2	0.000000
711	3	2	0.000000
712	3	2	0.000000
713	3	2	0.000000
714	3	2	0.000000
715	3	2	0.000000
716	3	2	0.000000
717	3	2	0.000000
718	3	2	0.000000
719	3	2	0.000000
720	3	2	0.000000
721	3	2	0.000000
722	3	2	0.000000
723	3	2	0.000000
724	3	2	0.000000
725	3	2	0.000000
726	3	2	0.000000
727	3	2	0.000000
728	3	0	0.000000
729	3	2	0.000000
730	3	3	0.000000
731	3	2	0.000000
732	3	2	0.000000
733	3	2	0.000000
734	3	3	0.000000
735	3	2	0.000000
736	3	2	0.000000
737	3	2	0.000000
738	3	2	0.000000
739	3	2	0.000000
740	3	2	0.000000
741	3	2	0.000000
742	3	2	0.000000
743	3	2	0.000000
744	3	2	0.000000
745	3	2	0.000000
746	3	2	0.000000
747	3	2	0.000000
748	3	2	0.000000
749	3	2	0.000000
750	3	2	0.000000
751	3	2	0.000000
752	3	2	0.000000
753	3	2	0.000000
754	3	2	0.000000
755	3	0	0.000000
756	3	2	0.000000
757	3	2	0.000000
758	3	2	0.000000
759	2	3	0.000000
760	2	0	0.000000
761	2	3	0.000000
762	2	3	0.000000
763	2	3	0.000000
764	2	3	0.000000
765	2	3	0.000000
766	2	5	0.000000
767	2	2	0.000000
768	2	3	0.000000
769	2	3	0.000000
770	2	3	0.000000
771	2	3	0.000000
772	3	2	0.000000
773	3	2	0.000000
774	3	2	0.000000
775	3	1	0.000000
776	3	2	0.000000
777	3	2	0.000000
778	3	2	0.000000
779	3	2	0.000000
780	3	1	0.000000
781	3	2	0.000000
782	3	2	0.000000
783	3	2	0.000000
784	3	2	0.000000
785	2	3	0.000000
786	2	3	0.000000
787	2	3	0.000000
788	2	3	0.000000
789	2	3	0.000000
790	2	5	0.000000
791	2	3	0.000000
792	2	3	0.000000
793	2	0	0.000000
794	2	3	0.000000
795	2	2	0.000000
796	2	3	0.000000
797	2	3	0.000000
798	3	2	0.000000
799	3	2	0.000000
800	3	2	0.000000
801	3	2	0.000000
802	3	2	0.000000
803	3	1	0.000000
804	3	1	0.000000
805	3	2	0.000000
806	3	2	0.000000
807	3	2	0.000000
808	3	2	0.000000
809	3	2	0.000000
810	3	2	0.000000
811	3	2	0.000000
812	3	2	0.000000
813	3	2	0.000000
814	3	2	0.000000
815	3	2	0.000000
816	3	2	0.000000
817	3	2	0.000000
818	3	2	0.000000
819	3	2	0.000000
820	3	3	0.000000
821	3	2	0.000000
822	3	2	0.000000
823	3	2	0.000000
824	3	2	0.000000
825	3	2	0.000000
826	3	2	0.000000
827	3	2	0.000000
828	2	3	0.000000
829	2	2	0.000000
830	2	3	0.000000
831	2	3	0.000000
832	2	3	0.000000
833	2	0	0.000000
834	2	3	0.000000
835	2	3	0.000000
836	2	3	0.000000
837	2	3	0.000000
838	2	3	0.000000
839	2	3	0.000000
840	2	3	0.000000
841	2	3	0.000000
842	2	3	0.000000
843	2	5	0.000000
844	2	3	0.000000
845	2	3	0.000000
846	2	3	0.000000
847	2	5	0.000000
848	2	3	0.000000
849	2	3	0.000000
850	3	2	0.000000
851	3	2	0.000000
852	3	2	0.000000
853	3	2	0.000000
854	3	2	0.000000
855	3	2	0.000000
856	3	2	0.000000
857	3	2	0.000000
858	3	2	0.000000
859	3	2	0.000000
860	3	2	0.000000
861	3	2	0.000000
862	3	2	0.000000
863	3	2	0.000000
864	3	2	0.000000
865	3	2	0.000000
866	3	2	0.000000
867	3	2	0.000000
868	3	0	0.000000
869	3	2	0.000000
870	3	2	0.000000
871	3	2	0.000000
872	3	2	0.000000
873	3	2	0.000000
874	3	2	0.000000
875	3	2	0.000000
876	3	2	0.000000
877	3	2	0.000000
878	3	2	0.000000
879	4	1	0.000000
880	3	2	0.000000
881	3	2	0.000000
882	3	2	0.000000
883	3	2	0.000000
884	3	2	0.000000
885	3	2	0.000000
886	3	2	0.000000
887	3	2	0.000000
888	3	2	0.000000
889	3	0	0.000000
890	3	2	0.000000
891	3	2	0.000000
892	3	2	0.000000
893	3	2	0.000000
894	3	2	0.000000
895	3	2	0.000000
896	3	2	0.000000
897	4	1	0.000000
898	3	2	0.000000
899	3	2	0.000000
900	3	2	0.000000
901	4	1	0.000000
902	3	2	0.000000
903	4	1	0.000000
904	4	1	0.000000
905	4	1	0.000000
906	4	1	0.000000
907	4	1	0.000000
908	4	1	0.000000
909	4	1	0.000000
910	4	1	0.000000
911	4	1	0.000000
912	4	1	0.000000
913	4	1	0.000000
914	4	1	0.000000
915	4	1	0.000000
916	4	2	0.000000
917	4	3	0.000000
918	4	0	0.000000
919	4	1	0.000000
920	4	1	0.000000
921	4	1	0.000000
922	4	1	0.000000
923	4	1	0.000000
924	4	1	0.000000
925	4	1	0.000000
926	4	1	0.000000
927	4	1	0.000000
928	4	1	0.000000
929	4	1	0.000000
930	4	3	0.000000
931	4	1	0.000000
932	4	1	0.000000
933	4	1	0.000000
934	4	1	0.000000
935	4	1	0.000000
936	4	1	0.000000
937	4	1	0.000000
938	4	1	0.000000
939	4	1	0.000000
940	4	1	0.000000
941	4	1	0.000000
942	4	1	0.000000
943	4	1	0.000000
944	3	2	0.000000
945	4	1	0.000000
946	3	2	0.000000
947	3	2	0.000000
948	3	2	0.000000
949	3	2	0.000000
950	3	2	0.000000
951	3	2	0.000000
952	3	2	0.000000
953	3	2	0.000000
954	3	2	0.000000
955	3	2	0.000000
956	3	2	0.000000
957	3	2	0.000000
958	3	2	0.000000
959	3	2	0.000000
960	3	2	0.000000
961	3	2	0.000000
962	3	2	0.000000
963	3	2	0.000000
964	3	2	0.000000
965	2	3	0.000000
966	2	3	0.000000
967	2	3	0.000000
968	2	3	0.000000
969	2	5	0.000000
970	2	3	0.000000
971	2	3	0.000000
972	2	1	0.000000
973	2	3	0.000000
974	2	3	0.000000
975	2	3	0.000000
976	2	4	0.000000
977	2	3	0.000000
978	2	3	0.000000
979	3	2	0.000000
980	3	2	0.000000
981	3	2	0.000000
982	3	2	0.000000
983	3	2	0.000000
984	3	2	0.000000
985	3	2	0.000000
986	3	2	0.000000
987	4	1	0.000000
988	4	1	0.000000
989	3	2	0.000000
990	3	2	0.000000
991	3	2	0.000000
992	3	2	0.000000
993	3	2	0.000000
994	3	2	0.000000
995	3	2	0.000000
996	3	2	0.000000
997	3	2	0.000000
998	2	3	0.000000
999	2	3	0.000000
1000	2	3	0.000000
1001	2	3	0.000000
1002	2	3	0.000000
1003	2	5	0.000000
1004	2	3	0.000000
1005	2	3	0.000000
1006	3	2	0.000000
1007	3	2	0.000000
1008	3	2	0.000000
1009	3	2	0.000000
1010	4	1	0.000000
1011	4	1	0.000000
1012	4	1	0.000000
1013	4	1	0.000000
1014	4	1	0.000000
1015	4	1	0.000000
1016	4	1	0.000000
1017	4	1	0.000000
1018	4	1	0.000000
1019	4	1	0.000000
1020	4	1	0.000000
1021	4	1	0.000000
1022	4	2	0.000000
1023	4	1	0.000000
1024	4	1	0.000000
1025	4	1	0.000000
1026	4	1	0.000000
1027	4	1	0.000000
1028	4	1	0.000000
1029	4	3	0.000000
1030	4	3	0.000000
1031	4	1	0.000000
1032	4	1	0.000000
1033	4	1	0.000000
1034	4	1	0.000000
1035	4	1	0.000000
1036	4	1	0.000000
1037	4	1	0.000000
1038	4	1	0.000000
1039	4	1	0.000000
1040	4	1	0.000000
1041	4	1	0.000000
1042	4	1	0.000000
1043	4	1	0.000000
1044	4	2	0.000000
1045	4	1	0.000000
1046	4	1	0.000000
1047	4	1	0.000000
1048	4	1	0.000000
1049	4	1	0.000000
1050	3	2	0.000000
1051	3	2	0.000000
1052	3	2	0.000000
1053	4	1	0.000000
1054	3	2	0.000000
1055	3	2	0.000000
1056	3	2	0.000000
1057	3	2	0.000000
1058	3	2	0.000000
1059	3	1	0.000000
1060	3	2	0.000000
1061	3	2	0.000000
1062	3	2	0.000000
1063	3	2	0.000000
1064	3	2	0.000000
1065	3	2	0.000000
1066	3	2	0.000000
1067	3	2	0.000000
1068	3	2	0.000000
1069	3	2	0.000000
1070	3	2	0.000000
1071	3	2	0.000000
1072	3	2	0.000000
1073	3	2	0.000000
1074	3	3	0.000000
1075	3	2	0.000000
1076	3	2	0.000000
1077	3	2	0.000000
1078	3	2	0.000000
1079	3	2	0.000000
1080	3	2	0.000000
1081	3	2	0.000000
1082	3	1	0.000000
1083	3	2	0.000000
1084	3	2	0.000000
1085	3	2	0.000000
1086	3	2	0.000000
1087	3	2	0.000000
1088	3	2	0.000000
1089	3	2	0.000000
1090	3	2	0.000000
1091	3	2	0.000000
1092	3	2	0.000000
1093	3	2	0.000000
1094	3	2	0.000000
1095	3	2	0.000000
1096	3	2	0.000000
1097	3	2	0.000000
1098	3	2	0.000000
1099	3	2	0.000000
1100	3	2	0.000000
1101	3	2	0.000000
1102	3	2	0.000000
1103	3	2	0.000000
1104	2	3	0.000000
1105	2	3	0.000000
1106	2	3	0.000000
1107	2	0	0.000000
1108	2	3	0.000000
1109	2	3	0.000000
1110	2	3	0.000000
1111	2	3	0.000000
1112	2	3	0.000000
1113	2	3	0.000000
1114	2	3	0.000000
1115	2	5	0.000000
1116	2	1	0.000000
1117	3	2	0.000000
1118	3	2	0.000000
1119	3	2	0.000000
1120	3	2	0.000000
1121	3	1	0.000000
1122	3	2	0.000000
1123	3	2	0.000000
1124	3	2	0.000000
1125	3	2	0.000000
1126	3	2	0.000000
1127	3	2	0.000000
1128	3	2	0.000000
1129	3	2	0.000000
1130	3	2	0.000000
1131	3	0	0.000000
1132	3	2	0.000000
1133	3	2	0.000000
1134	3	2	0.000000
1135	3	2	0.000000
1136	3	2	0.000000
1137	3	2	0.000000
1138	3	2	0.000000
1139	3	2	0.000000
1140	3	1	0.000000
1141	3	2	0.000000
1142	3	2	0.000000
1143	3	3	0.000000
1144	3	2	0.000000
1145	3	2	0.000000
1146	3	2	0.000000
1147	3	2	0.000000
1148	3	2	0.000000
1149	3	2	0.000000
1150	3	2	0.000000
1151	3	2	0.000000
1152	3	2	0.000000
1153	3	2	0.000000
1154	3	2	0.000000
1155	3	2	0.000000
1156	3	2	0.000000
1157	3	2	0.000000
1158	3	2	0.000000
1159	3	2	0.000000
1160	3	1	0.000000
1161	3	2	0.000000
1162	3	2	0.000000
1163	3	2	0.000000
1164	3	2	0.000000
1165	3	2	0.000000
1166	3	2	0.000000
1167	3	2	0.000000
1168	3	2	0.000000
1169	3	2	0.000000
1170	3	2	0.000000
1171	3	2	0.000000
1172	3	1	0.000000
1173	3	2	0.000000
1174	3	2	0.000000
1175	3	2	0.000000
1176	3	2	0.000000
1177	3	2	0.000000
1178	3	2	0.000000
1179	3	2	0.000000
1180	3	2	0.000000
1181	3	2	0.000000
1182	3	0	0.000000
1183	3	2	0.000000
1184	3	2	0.000000
1185	3	2	0.000000
1186	3	2	0.000000
1187	3	2	0.000000
1188	3	2	0.000000
1189	3	1	0.000000
1190	3	2	0.000000
1191	3	2	0.000000
1192	3	2	0.000000
1193	3	2	0.000000
1194	3	2	0.000000
1195	3	2	0.000000
1196	3	2	0.000000
1197	3	2	0.000000
1198	3	2	0.000000
1199	3	2	0.000000
1200	3	2	0.000000
1201	3	2	0.000000
1202	3	2	0.000000
1203	3	2	0.000000
1204	3	2	0.000000
1205	3	2	0.000000
1206	3	2	0.000000
1207	3	0	0.000000
1208	3	2	0.000000
1209	3	2	0.000000
1210	3	2	0.000000
1211	3	2	0.000000
1212	3	2	0.000000
1213	3	2	0.000000
1214	3	2	0.000000
1215	3	2	0.000000
1216	3	2	0.000000
1217	3	2	0.000000
1218	3	2	0.000000
1219	3	2	0.000000
1220	3	2	0.000000
1221	3	2	0.000000
1222	3	2	0.000000
1223	3	2	0.000000
1224	3	2	0.000000
1225	3	2	0.000000
1226	3	2	0.000000
1227	3	2	0.000000
1228	3	2	0.000000
1229	3	2	0.000000
1230	3	2	0.000000
1231	3	2	0.000000
1232	3	0	0.000000
1233	3	2	0.000000
1234	3	2	0.000000
1235	3	2	0.000000
1236	3	2	0.000000
1237	3	2	0.000000
1238	3	2	0.000000
1239	3	2	0.000000
1240	3	2	0.000000
1241	3	2	0.000000
1242	3	2	0.000000
1243	3	2	0.000000
1244	3	2	0.000000
1245	3	0	0.000000
1246	3	2	0.000000
1247	3	2	0.000000
1248	3	3	0.000000
1249	3	2	0.000000
1250	3	2	0.000000
1251	2	3	0.000000
1252	2	3	0.000000
1253	2	3	0.000000
1254	2	3	0.000000
1255	2	3	0.000000
1256	1	0	0.000000
1257	1	3	0.000000
1258	1	3	0.000000
1259	1	3	0.000000
1260	1	3	0.000000
1261	1	3	0.000000
1262	1	2	0.000000
1263	1	3	0.000000
1264	1	3	0.000000
1265	1	3	0.000000
1266	1	1	0.000000
1267	1	3	0.000000
1268	1	3	0.000000
1269	1	3	0.000000
1270	1	3	0.000000
1271	1	3	0.000000
1272	1	3	0.000000
1273	1	3	0.000000
1274	1	3	0.000000
1275	1	3	0.000000
1276	1	3	0.000000
1277	1	3	0.000000
1278	1	3	0.000000
1279	1	3	0.000000
1280	1	3	0.000000
1281	1	3	0.000000
1282	1	3	0.000000
1283	1	3	0.000000
1284	1	2	0.000000
1285	1	3	0.000000
1286	1	3	0.000000
1287	1	3	0.000000
1288	1	3	0.000000
1289	1	3	0.000000
1290	1	3	0.000000
1291	1	3	0.000000
1292	1	3	0.000000
1293	1	3	0.000000
1294	1	3	0.000000
1295	1	3	0.000000
1296	1	3	0.000000
1297	1	3	0.000000
1298	1	3	0.000000
1299	1	3	0.000000
1300	1	1	0.000000
1301	1	3	0.000000
1302	1	3	0.000000
1303	1	3	0.000000
1304	1	3	0.000000
1305	1	3	0.000000
1306	1	3	0.000000
1307	1	3	0.000000
1308	1	3	0.000000
1309	1	3	0.000000
1310	1	3	0.000000
1311	1	3	0.000000
1312	1	3	0.000000
1313	1	3	0.000000
1314	1	3	0.000000
1315	1	3	0.000000
1316	1	3	0.000000
1317	1	3	0.000000
1318	1	3	0.000000
1319	1	3	0.000000
1320	1	3	0.000000
1321	1	3	0.000000
1322	1	3	0.000000
1323	1	3	0.000000
1324	1	3	0.000000
1325	1	3	0.000000
1326	1	3	0.000000
1327	1	3	0.000000
1328	1	3	0.000000
1329	1	3	0.000000
1330	1	1	0.000000
1331	1	3	0.000000
1332	1	3	0.000000
1333	1	3	0.000000
1334	1	3	0.000000
1335	1	3	0.000000
1336	1	3	0.000000
1337	1	3	0.000000
1338	1	3	0.000000
1339	1	3	0.000000
1340	1	3	0.000000
1341	1	3	0.000000
1342	1	3	0.000000
1343	1	3	0.000000
1344	1	1	0.000000
1345	1	3	0.000000
1346	1	3	0.000000
1347	1	3	0.000000
1348	1	3	0.000000
1349	1	3	0.000000
1350	1	1	0.000000
1351	1	3	0.000000
1352	1	3	0.000000
1353	1	3	0.000000
1354	1	3	0.000000
1355	1	3	0.000000
1356	1	3	0.000000
1357	1	3	0.000000
1358	1	3	0.000000
1359	1	3	0.000000
1360	1	3	0.000000
1361	1	3	0.000000
1362	1	3	0.000000
1363	1	3	0.000000
1364	1	3	0.000000
1365	1	3	0.000000
1366	1	2	0.000000
1367	1	3	0.000000
1368	1	3	0.000000
1369	1	3	0.000000
1370	1	1	0.000000
1371	1	3	0.000000
1372	1	3	0.000000
1373	1	3	0.000000
1374	1	3	0.000000
1375	1	3	0.000000
1376	1	3	0.000000
1377	1	3	0.000000
1378	1	3	0.000000
1379	1	3	0.000000
1380	1	3	0.000000
1381	1	3	0.000000
1382	1	3	0.000000
1383	1	3	0.000000
1384	1	3	0.000000
1385	1	3	0.000000
1386	1	0	0.000000
1387	1	3	0.000000
1388	1	3	0.000000
1389	1	3	0.000000
1390	1	3	0.000000
1391	1	2	0.000000
1392	1	3	0.000000
1393	1	3	0.000000
1394	1	3	0.000000
1395	1	3	0.000000
1396	1	3	0.000000
1397	1	3	0.000000
1398	1	3	0.000000
1399	1	3	0.000000
1400	1	3	0.000000
1401	1	3	0.000000
1402	1	3	0.000000
1403	1	3	0.000000
1404	1	3	0.000000
1405	1	3	0.000000
1406	1	3	0.000000
1407	1	3	0.000000
1408	1	3	0.000000
1409	1	3	0.000000
1410	1	3	0.000000
1411	1	3	0.000000
1412	1	3	0.000000
1413	1	3	0.000000
1414	1	3	0.000000
1415	1	3	0.000000
1416	1	3	0.000000
1417	1	3	0.000000
1418	1	3	0.000000
1419	1	3	0.000000
1420	1	3	0.000000
1421	1	3	0.000000
1422	1	3	0.000000
1423	1	3	0.000000
1424	1	3	0.000000
1425	1	2	0.000000
1426	1	3	0.000000
1427	1	3	0.000000
1428	1	3	0.000000
1429	1	3	0.000000
1430	1	3	0.000000
1431	1	3	0.000000
1432	1	3	0.000000
1433	1	3	0.000000
1434	1	3	0.000000
1435	1	2	0.000000
1436	1	3	0.000000
1437	1	3	0.000000
1438	1	3	0.000000
1439	1	3	0.000000
1440	1	3	0.000000
1441	1	3	0.000000
1442	1	3	0.000000
1443	1	3	0.000000
1444	1	3	0.000000
1445	1	3	0.000000
1446	1	3	0.000000
1447	1	3	0.000000
1448	1	3	0.000000
1449	1	3	0.000000
1450	1	3	0.000000
1451	1	3	0.000000
1452	1	3	0.000000
1453	1	3	0.000000
1454	1	3	0.000000
1455	1	3	0.000000
1456	1	3	0.000000
1457	1	3	0.000000
1458	1	3	0.000000
1459	1	3	0.000000
1460	1	3	0.000000
1461	1	3	0.000000
1462	1	3	0.000000
1463	1	1	0.000000
1464	1	3	0.000000
1465	1	3	0.000000
1466	1	3	0.000000
1467	1	3	0.000000
1468	1	3	0.000000
1469	1	3	0.000000
1470	1	3	0.000000
1471	1	3	0.000000
1472	1	3	0.000000
1473	1	3	0.000000
1474	1	2	0.000000
1475	1	3	0.000000
1476	2	3	0.000000
1477	2	3	0.000000
1478	2	3	0.000000
1479	2	0	0.000000
1480	2	3	0.000000
1481	3	2	0.000000
1482	3	2	0.000000
1483	3	2	0.000000
1484	3	2	0.000000
1485	3	2	0.000000
1486	3	2	0.000000
1487	3	2	0.000000
1488	3	2	0.000000
1489	3	2	0.000000
1490	3	2	0.000000
1491	3	2	0.000000
1492	3	2	0.000000
1493	3	2	0.000000
1494	3	2	0.000000
1495	3	2	0.000000
1496	3	2	0.000000
1497	3	2	0.000000
1498	3	2	0.000000
1499	3	2	0.000000
1500	3	2	0.000000
1501	3	2	0.000000
1502	3	2	0.000000
1503	3	2	0.000000
1504	3	2	0.000000
1505	3	2	0.000000
1506	3	2	0.000000
1507	3	2	0.000000
1508	3	2	0.000000
1509	3	1	0.000000
1510	3	0	0.000000
1511	3	2	0.000000
1512	3	2	0.000000
1513	3	2	0.000000
1514	3	2	0.000000
1515	3	2	0.000000
1516	3	0	0.000000
1517	3	0	0.000000
1518	3	2	0.000000
1519	3	2	0.000000
1520	3	2	0.000000
1521	3	2	0.000000
1522	3	2	0.000000
1523	3	2	0.000000
1524	3	1	0.000000
1525	3	2	0.000000
1526	3	2	0.000000
1527	3	2	0.000000
1528	3	3	0.000000
1529	3	2	0.000000
1530	3	2	0.000000
1531	3	2	0.000000
1532	3	2	0.000000
1533	3	2	0.000000
1534	3	2	0.000000
1535	3	2	0.000000
1536	3	2	0.000000
1537	3	2	0.000000
1538	3	2	0.000000
1539	3	2	0.000000
1540	3	2	0.000000
1541	3	2	0.000000
1542	3	2	0.000000
1543	3	2	0.000000
1544	3	2	0.000000
1545	3	1	0.000000
1546	3	2	0.000000
1547	3	2	0.000000
1548	3	2	0.000000
1549	3	0	0.000000
1550	3	2	0.000000
1551	3	2	0.000000
1552	3	2	0.000000
1553	3	2	0.000000
1554	3	2	0.000000
1555	3	2	0.000000
1556	3	2	0.000000
1557	3	2	0.000000
1558	3	2	0.000000
1559	3	2	0.000000
1560	3	0	0.000000
1561	3	2	0.000000
1562	3	1	0.000000
1563	3	2	0.000000
1564	3	2	0.000000
1565	3	3	0.000000
1566	3	2	0.000000
1567	3	2	0.000000
1568	3	2	0.000000
1569	3	2	0.000000
1570	3	2	0.000000
1571	3	0	0.000000
1572	3	2	0.000000
1573	3	2	0.000000
1574	3	2	0.000000
1575	3	2	0.000000
1576	3	2	0.000000
1577	3	2	0.000000
1578	3	2	0.000000
1579	3	2	0.000000
1580	3	2	0.000000
1581	3	2	0.000000
1582	3	2	0.000000
1583	3	2	0.000000
1584	3	2	0.000000
1585	3	1	0.000000
1586	3	2	0.000000
1587	3	2	0.000000
1588	3	1	0.000000
1589	3	2	0.000000
1590	3	2	0.000000
1591	3	2	0.000000
1592	3	2	0.000000
1593	3	2	0.000000
1594	3	2	0.000000
1595	3	2	0.000000
1596	3	2	0.000000
1597	3	2	0.000000
1598	3	2	0.000000
1599	3	2	0.000000
1600	3	2	0.000000
1601	3	2	0.000000
1602	3	2	0.000000
1603	3	2	0.000000
1604	3	2	0.000000
1605	3	2	0.000000
1606	3	0	0.000000
1607	3	2	0.000000
1608	3	3	0.000000
1609	3	2	0.000000
1610	3	2	0.000000
1611	3	2	0.000000
1612	3	2	0.000000
1613	3	2	0.000000
1614	3	2	0.000000
1615	3	2	0.000000
1616	3	2	0.000000
1617	3	2	0.000000
1618	3	2	0.000000
1619	3	2	0.000000
1620	3	2	0.000000
1621	3	2	0.000000
1622	3	2	0.000000
1623	3	3	0.000000
1624	3	2	0.000000
1625	3	2	0.000000
1626	3	2	0.000000
1627	3	2	0.000000
1628	3	2	0.000000
1629	3	2	0.000000
1630	3	2	0.000000
1631	3	2	0.000000
1632	3	1	0.000000
1633	3	2	0.000000
1634	3	2	0.000000
1635	3	0	0.000000
1636	3	2	0.000000
1637	3	2	0.000000
1638	3	2	0.000000
1639	3	2	0.000000
1640	3	2	0.000000
1641	3	2	0.000000
1642	3	2	0.000000
1643	3	2	0.000000
1644	3	2	0.000000
1645	3	2	0.000000
1646	3	2	0.000000
1647	3	2	0.000000
1648	3	2	0.000000
1649	3	2	0.000000
1650	3	2	0.000000
1651	3	2	0.000000
1652	3	2	0.000000
1653	3	2	0.000000
1654	3	2	0.000000
1655	3	2	0.000000
1656	3	2	0.000000
1657	3	2	0.000000
1658	3	2	0.000000
1659	3	2	0.000000
1660	3	2	0.000000
1661	3	2	0.000000
1662	3	3	0.000000
1663	3	2	0.000000
1664	3	2	0.000000
1665	3	2	0.000000
1666	3	2	0.000000
1667	3	0	0.000000
1668	3	2	0.000000
1669	3	2	0.000000
1670	3	2	0.000000
1671	3	2	0.000000
1672	3	2	0.000000
1673	3	2	0.000000
1674	3	2	0.000000
1675	3	2	0.000000
1676	3	2	0.000000
1677	3	2	0.000000
1678	3	2	0.000000
1679	3	2	0.000000
1680	3	2	0.000000
1681	3	2	0.000000
1682	3	2	0.000000
1683	3	2	0.000000
1684	3	2	0.000000
1685	3	2	0.000000
1686	3	2	0.000000
1687	3	2	0.000000
1688	3	2	0.000000
1689	3	2	0.000000
1690	3	2	0.000000
1691	3	2	0.000000
1692	3	2	0.000000
1693	3	2	0.000000
1694	3	2	0.000000
1695	3	2	0.000000
1696	3	2	0.000000
1697	3	2	0.000000
1698	3	0	0.000000
1699	3	2	0.000000
1700	3	2	0.000000
1701	3	2	0.000000
1702	3	2	0.000000
1703	3	2	0.000000
1704	3	2	0.000000
1705	3	2	0.000000
1706	3	2	0.000000
1707	3	2	0.000000
1708	3	2	0.000000
1709	3	2	0.000000
1710	3	2	0.000000
1711	3	2	0.000000
1712	3	2	0.000000
1713	3	2	0.000000
1714	3	2	0.000000
1715	3	2	0.000000
1716	3	2	0.000000
1717	3	2	0.000000
1718	3	1	0.000000
1719	3	2	0.000000
1720	3	2	0.000000
1721	3	2	0.000000
1722	3	2	0.000000
1723	3	2	0.000000
1724	3	2	0.000000
1725	3	2	0.000000
1726	3	2	0.000000
1727	3	2	0.000000
1728	3	2	0.000000
1729	3	0	0.000000
1730	3	2	0.000000
1731	3	2	0.000000
1732	3	1	0.000000
1733	3	2	0.000000
1734	3	2	0.000000
1735	3	2	0.000000
1736	3	2	0.000000
1737	3	0	0.000000
1738	3	2	0.000000
1739	3	2	0.000000
1740	3	1	0.000000
1741	3	2	0.000000
1742	3	2	0.000000
1743	3	2	0.000000
1744	3	2	0.000000
1745	3	2	0.000000
1746	3	2	0.000000
1747	3	2	0.000000
1748	3	2	0.000000
1749	3	2	0.000000
1750	3	2	0.000000
1751	3	2	0.000000
1752	3	2	0.000000
1753	3	2	0.000000
1754	3	2	0.000000
1755	3	2	0.000000
1756	3	2	0.000000
1757	3	2	0.000000
1758	3	2	0.000000
1759	3	2	0.000000
1760	3	0	0.000000
1761	3	2	0.000000
1762	3	1	0.000000
1763	3	0	0.000000
1764	3	3	0.000000
1765	3	2	0.000000
1766	3	2	0.000000
1767	3	2	0.000000
1768	3	2	0.000000
1769	3	2	0.000000
1770	3	3	0.000000
1771	3	2	0.000000
1772	3	2	0.000000
1773	3	2	0.000000
1774	3	2	0.000000
1775	3	0	0.000000
1776	3	2	0.000000
1777	3	2	0.000000
1778	3	2	0.000000
1779	3	2	0.000000
1780	3	2	0.000000
1781	3	2	0.000000
1782	3	2	0.000000
1783	3	2	0.000000
1784	3	2	0.000000
1785	3	2	0.000000
1786	3	2	0.000000
1787	3	2	0.000000
1788	3	2	0.000000
1789	3	2	0.000000
1790	3	2	0.000000
1791	3	2	0.000000
1792	3	2	0.000000
1793	3	2	0.000000
1794	3	2	0.000000
1795	3	2	0.000000
1796	3	2	0.000000
1797	3	2	0.000000
1798	3	2	0.000000
1799	3	2	0.000000
1800	3	2	0.000000
1801	3	2	0.000000
1802	3	2	0.000000
1803	3	2	0.000000
1804	3	2	0.000000
1805	3	2	0.000000
1806	3	2	0.000000
1807	3	2	0.000000
1808	3	2	0.000000
1809	3	1	0.000000
1810	3	2	0.000000
1811	3	2	0.000000
1812	3	2	0.000000
1813	3	2	0.000000
1814	3	2	0.000000
1815	3	2	0.000000
1816	3	2	0.000000
1817	3	2	0.000000
1818	3	2	0.000000
1819	3	2	0.000000
1820	3	3	0.000000
1821	3	2	0.000000
1822	3	2	0.000000
1823	3	2	0.000000
1824	3	2	0.000000
1825	3	3	0.000000
1826	3	3	0.000000
1827	3	2	0.000000
1828	3	2	0.000000
1829	3	2	0.000000
1830	3	2	0.000000
1831	2	3	0.000000
1832	2	3	0.000000
1833	2	3	0.000000
1834	2	0	0.000000
1835	1	3	0.000000
1836	1	3	0.000000
1837	1	3	0.000000
1838	1	3	0.000000
1839	1	3	0.000000
1840	1	1	0.000000
1841	1	3	0.000000
1842	1	3	0.000000
1843	1	3	0.000000
1844	1	3	0.000000
1845	1	3	0.000000
1846	1	3	0.000000
1847	1	3	0.000000
1848	1	3	0.000000
1849	1	3	0.000000
1850	1	3	0.000000
1851	1	3	0.000000
1852	1	3	0.000000
1853	1	3	0.000000
1854	1	3	0.000000
1855	1	3	0.000000
1856	1	1	0.000000
1857	1	3	0.000000
1858	1	3	0.000000
1859	1	3	0.000000
1860	1	3	0.000000
1861	1	3	0.000000
1862	1	3	0.000000
1863	1	3	0.000000
1864	1	3	0.000000
1865	1	3	0.000000
1866	1	3	0.000000
1867	1	3	0.000000
1868	1	3	0.000000
1869	1	3	0.000000
1870	1	3	0.000000
1871	1	3	0.000000
1872	1	3	0.000000
1873	1	3	0.000000
1874	1	3	0.000000
1875	1	3	0.000000
1876	1	3	0.000000
1877	1	3	0.000000
1878	1	3	0.000000
1879	1	3	0.000000
1880	1	3	0.000000
1881	1	3	0.000000
1882	1	2	0.000000
1883	1	3	0.000000
1884	1	3	0.000000
1885	1	3	0.000000
1886	1	0	0.000000
1887	1	3	0.000000
1888	2	3	0.000000
1889	2	3	0.000000
1890	2	3	0.000000
1891	2	3	0.000000
1892	2	3	0.000000
1893	2	3	0.000000
1894	2	3	0.000000
1895	2	1	0.000000
1896	2	3	0.000000
1897	3	2	0.000000
1898	3	2	0.000000
1899	3	2	0.000000
1900	3	2	0.000000
1901	3	2	0.000000
1902	3	0	0.000000
1903	3	2	0.000000
1904	3	2	0.000000
1905	3	2	0.000000
1906	3	2	0.000000
1907	3	2	0.000000
1908	3	2	0.000000
1909	3	2	0.000000
1910	3	2	0.000000
1911	3	2	0.000000
1912	2	3	0.000000
1913	2	3	0.000000
1914	2	3	0.000000
1915	2	2	0.000000
1916	2	3	0.000000
1917	2	3	0.000000
1918	2	3	0.000000
1919	2	3	0.000000
1920	2	3	0.000000
1921	2	3	0.000000
1922	2	3	0.000000
1923	2	3	0.000000
1924	2	3	0.000000
1925	2	3	0.000000
1926	2	1	0.000000
1927	2	3	0.000000
1928	3	2	0.000000
1929	3	2	0.000000
1930	3	1	0.000000
1931	3	2	0.000000
1932	3	2	0.000000
1933	3	2	0.000000
1934	3	2	0.000000
1935	3	1	0.000000
1936	3	2	0.000000
1937	3	2	0.000000
1938	3	2	0.000000
1939	3	2	0.000000
1940	3	2	0.000000
1941	3	2	0.000000
1942	3	2	0.000000
1943	3	2	0.000000
1944	3	2	0.000000
1945	3	2	0.000000
1946	3	2	0.000000
1947	3	2	0.000000
1948	3	2	0.000000
1949	3	2	0.000000
1950	3	2	0.000000
1951	3	2	0.000000
1952	3	2	0.000000
1953	3	2	0.000000
1954	3	2	0.000000
1955	3	2	0.000000
1956	3	2	0.000000
1957	3	1	0.000000
1958	3	2	0.000000
1959	3	2	0.000000
1960	3	2	0.000000
1961	3	2	0.000000
1962	3	2	0.000000
1963	3	2	0.000000
1964	3	2	0.000000
1965	3	2	0.000000
1966	3	2	0.000000
1967	3	2	0.000000
1968	3	2	0.000000
1969	3	0	0.000000
1970	3	2	0.000000
1971	3	2	0.000000
1972	3	3	0.000000
1973	3	2	0.000000
1974	3	0	0.000000
1975	3	2	0.000000
1976	3	2	0.000000
1977	3	2	0.000000
1978	3	2	0.000000
1979	3	2	0.000000
1980	3	2	0.000000
1981	3	2	0.000000
1982	3	3	0.000000
1983	3	2	0.000000
1984	3	2	0.000000
1985	3	0	0.000000
1986	3	2	0.000000
1987	3	2	0.000000
1988	3	2	0.000000
1989	3	2	0.000000
1990	3	2	0.000000
1991	3	2	0.000000
1992	3	3	0.000000
1993	3	2	0.000000
1994	3	2	0.000000
1995	3	2	0.000000
1996	3	2	0.000000
1997	3	2	0.000000
1998	3	0	0.000000
1999	4	3	0.000000
2000	3	2	0.000000
2001	3	1	0.000000
2002	3	2	0.000000
2003	3	2	0.000000
2004	3	2	0.000000
2005	3	2	0.000000
2006	3	2	0.000000
2007	3	2	0.000000
2008	3	2	0.000000
2009	3	2	0.000000
2010	3	2	0.000000
2011	3	3	0.000000
2012	3	2	0.000000
2013	3	2	0.000000
2014	3	2	0.000000
2015	3	2	0.000000
2016	3	2	0.000000
2017	3	2	0.000000
2018	3	2	0.000000
2019	3	2	0.000000
2020	3	2	0.000000
2021	3	2	0.000000
2022	3	2	0.000000
2023	3	2	0.000000
2024	3	2	0.000000
2025	3	0	0.000000
2026	3	2	0.000000
2027	4	1	0.000000
2028	3	1	0.000000
2029	3	2	0.000000
2030	3	2	0.000000
2031	3	2	0.000000
2032	3	2	0.000000
2033	3	0	0.000000
2034	3	2	0.000000
2035	3	0	0.000000
2036	3	2	0.000000
2037	3	2	0.000000
2038	3	2	0.000000
2039	3	2	0.000000
2040	3	2	0.000000
2041	3	3	0.000000
2042	3	2	0.000000
2043	3	2	0.000000
2044	3	2	0.000000
2045	3	2	0.000000
2046	3	1	0.000000
2047	3	2	0.000000
2048	3	2	0.000000
2049	3	2	0.000000
2050	3	2	0.000000
2051	3	2	0.000000
2052	3	2	0.000000
2053	4	2	0.000000
2054	4	1	0.000000
2055	4	1	0.000000
2056	4	1	0.000000
2057	4	1	0.000000
2058	4	3	0.000000
2059	4	1	0.000000
2060	4	1	0.000000
2061	4	1	0.000000
2062	4	1	0.000000
2063	4	1	0.000000
2064	4	1	0.000000
2065	4	1	0.000000
2066	4	1	0.000000
2067	4	1	0.000000
2068	4	1	0.000000
2069	4	1	0.000000
2070	4	1	0.000000
2071	4	1	0.000000
2072	4	1	0.000000
2073	4	1	0.000000
2074	4	1	0.000000
2075	4	1	0.000000
2076	4	2	0.000000
2077	4	1	0.000000
2078	4	1	0.000000
2079	4	1	0.000000
2080	4	1	0.000000
2081	4	2	0.000000
2082	4	0	0.000000
2083	4	2	0.000000
2084	4	1	0.000000
2085	4	1	0.000000
2086	4	1	0.000000
2087	4	1	0.000000
2088	4	1	0.000000
2089	4	1	0.000000
2090	4	1	0.000000
2091	4	1	0.000000
2092	4	1	0.000000
2093	4	1	0.000000
2094	4	1	0.000000
2095	4	1	0.000000
2096	4	3	0.000000
2097	4	2	0.000000
2098	4	1	0.000000
2099	4	1	0.000000
2100	4	1	0.000000
2101	4	1	0.000000
2102	4	1	0.000000
2103	4	1	0.000000
2104	4	1	0.000000
2105	4	0	0.000000
2106	4	1	0.000000
2107	4	1	0.000000
2108	4	1	0.000000
2109	4	1	0.000000
2110	4	1	0.000000
2111	4	1	0.000000
2112	4	1	0.000000
2113	4	1	0.000000
2114	4	1	0.000000
2115	4	1	0.000000
2116	4	1	0.000000
2117	4	1	0.000000
2118	4	1	0.000000
2119	4	1	0.000000
2120	4	1	0.000000
2121	4	1	0.000000
2122	4	1	0.000000
2123	4	1	0.000000
2124	4	1	0.000000
2125	4	3	0.000000
2126	4	1	0.000000
2127	4	0	0.000000
2128	4	1	0.000000
2129	4	1	0.000000
2130	4	3	0.000000
2131	4	1	0.000000
2132	4	1	0.000000
2133	4	1	0.000000
2134	4	1	0.000000
2135	4	1	0.000000
2136	4	1	0.000000
2137	4	3	0.000000
2138	4	1	0.000000
2139	4	1	0.000000
2140	4	1	0.000000
2141	4	1	0.000000
2142	4	1	0.000000
2143	4	1	0.000000
2144	4	2	0.000000
2145	4	1	0.000000
2146	4	1	0.000000
2147	4	1	0.000000
2148	4	1	0.000000
2149	4	1	0.000000
2150	4	1	0.000000
2151	3	2	0.000000
2152	4	0	0.000000
2153	4	1	0.000000
2154	3	2	0.000000
2155	3	2	0.000000
2156	3	2	0.000000
2157	3	2	0.000000
2158	3	2	0.000000
2159	3	2	0.000000
2160	3	2	0.000000
2161	3	2	0.000000
2162	3	2	0.000000
2163	3	2	0.000000
2164	3	3	0.000000
2165	3	2	0.000000
2166	3	2	0.000000
2167	3	0	0.000000
2168	3	2	0.000000
2169	3	2	0.000000
2170	3	2	0.000000
2171	3	2	0.000000
2172	3	2	0.000000
2173	2	3	0.000000
2174	2	3	0.000000
2175	2	3	0.000000
2176	2	3	0.000000
2177	2	3	0.000000
2178	2	3	0.000000
2179	2	2	0.000000
2180	2	3	0.000000
2181	2	3	0.000000
2182	2	3	0.000000
2183	2	3	0.000000
2184	2	3	0.000000
2185	2	3	0.000000
2186	2	3	0.000000
2187	2	4	0.000000
2188	2	3	0.000000
2189	3	2	0.000000
2190	3	3	0.000000
2191	3	2	0.000000
2192	3	2	0.000000
2193	3	2	0.000000
2194	3	2	0.000000
2195	3	2	0.000000
2196	3	2	0.000000
2197	3	2	0.000000
2198	3	2	0.000000
2199	3	2	0.000000
2200	3	2	0.000000
2201	3	2	0.000000
2202	3	2	0.000000
2203	3	2	0.000000
2204	3	2	0.000000
2205	3	2	0.000000
2206	3	2	0.000000
2207	3	2	0.000000
2208	3	2	0.000000
2209	3	2	0.000000
2210	3	2	0.000000
2211	3	2	0.000000
2212	3	2	0.000000
2213	3	2	0.000000
2214	3	2	0.000000
2215	3	2	0.000000
2216	2	3	0.000000
2217	2	3	0.000000
2218	2	3	0.000000
2219	2	3	0.000000
2220	2	3	0.000000
2221	2	3	0.000000
2222	2	3	0.000000
2223	2	3	0.000000
2224	2	3	0.000000
2225	2	3	0.000000
2226	2	3	0.000000
2227	2	3	0.000000
2228	2	3	0.000000
2229	2	3	0.000000
2230	3	0	0.000000
2231	3	2	0.000000
2232	3	2	0.000000
2233	3	2	0.000000
2234	3	2	0.000000
2235	3	2	0.000000
2236	3	2	0.000000
2237	3	2	0.000000
2238	3	2	0.000000
2239	3	2	0.000000
2240	3	2	0.000000
2241	3	2	0.000000
2242	3	2	0.000000
2243	3	2	0.000000
2244	3	2	0.000000
2245	3	2	0.000000
2246	3	1	0.000000
2247	3	2	0.000000
2248	3	2	0.000000
2249	3	2	0.000000
2250	3	2	0.000000
2251	3	2	0.000000
2252	3	2	0.000000
2253	3	2	0.000000
2254	3	2	0.000000
2255	3	2	0.000000
2256	3	2	0.000000
2257	3	2	0.000000
2258	3	2	0.000000
2259	3	2	0.000000
2260	3	2	0.000000
2261	3	2	0.000000
2262	3	0	0.000000
2263	3	2	0.000000
2264	3	2	0.000000
2265	3	2	0.000000
2266	3	2	0.000000
2267	3	2	0.000000
2268	3	2	0.000000
2269	3	2	0.000000
2270	3	2	0.000000
2271	3	2	0.000000
2272	3	2	0.000000
2273	3	2	0.000000
2274	3	2	0.000000
2275	3	2	0.000000
2276	3	2	0.000000
2277	3	2	0.000000
2278	3	2	0.000000
2279	3	2	0.000000
2280	3	3	0.000000
2281	3	2	0.000000
2282	3	3	0.000000
2283	3	2	0.000000
2284	3	2	0.000000
2285	3	2	0.000000
2286	3	2	0.000000
2287	3	2	0.000000
2288	3	2	0.000000
2289	3	2	0.000000
2290	3	2	0.000000
2291	3	2	0.000000
2292	3	2	0.000000
2293	3	2	0.000000
2294	3	2	0.000000
2295	3	0	0.000000
2296	3	2	0.000000
2297	3	2	0.000000
2298	3	2	0.000000
2299	3	2	0.000000
2300	3	2	0.000000
2301	3	2	0.000000
2302	3	1	0.000000
2303	3	2	0.000000
2304	3	2	0.000000
2305	3	2	0.000000
2306	3	2	0.000000
2307	3	1	0.000000
2308	3	2	0.000000
2309	3	2	0.000000
2310	3	2	0.000000
2311	3	2	0.000000
2312	3	2	0.000000
2313	3	0	0.000000
2314	3	3	0.000000
2315	3	2	0.000000
2316	3	2	0.000000
2317	2	3	0.000000
2318	2	3	0.000000
2319	2	3	0.000000
2320	2	2	0.000000
2321	2	3	0.000000
2322	2	3	0.000000
2323	2	3	0.000000
2324	2	3	0.000000
2325	2	3	0.000000
2326	2	3	0.000000
2327	2	3	0.000000
2328	2	3	0.000000
2329	2	0	0.000000
2330	2	3	0.000000
2331	2	1	0.000000
2332	2	3	0.000000
2333	3	2	0.000000
2334	3	2	0.000000
2335	3	2	0.000000
2336	3	2	0.000000
2337	3	2	0.000000
2338	3	2	0.000000
2339	3	2	0.000000
2340	3	2	0.000000
2341	3	2	0.000000
2342	3	2	0.000000
2343	3	2	0.000000
2344	3	2	0.000000
2345	3	2	0.000000
2346	3	2	0.000000
2347	3	2	0.000000
2348	3	2	0.000000
2349	3	2	0.000000
2350	3	2	0.000000
2351	2	3	0.000000
2352	3	2	0.000000
2353	2	3	0.000000
2354	2	3	0.000000
2355	2	3	0.000000
2356	2	3	0.000000
2357	2	3	0.000000
2358	2	3	0.000000
2359	2	3	0.000000
2360	2	4	0.000000
2361	2	3	0.000000
2362	2	3	0.000000
2363	2	3	0.000000
2364	2	3	0.000000
2365	3	3	0.000000
2366	3	2	0.000000
2367	3	2	0.000000
2368	3	2	0.000000
2369	3	2	0.000000
2370	3	2	0.000000
2371	3	2	0.000000
2372	3	2	0.000000
2373	3	2	0.000000
2374	3	2	0.000000
2375	3	3	0.000000
2376	3	2	0.000000
2377	3	2	0.000000
2378	3	2	0.000000
2379	3	2	0.000000
2380	3	2	0.000000
2381	3	2	0.000000
2382	3	3	0.000000
2383	3	2	0.000000
2384	3	2	0.000000
2385	3	2	0.000000
2386	3	2	0.000000
2387	3	2	0.000000
2388	3	2	0.000000
2389	3	2	0.000000
2390	3	2	0.000000
2391	3	2	0.000000
2392	3	2	0.000000
2393	3	2	0.000000
2394	3	2	0.000000
2395	2	3	0.000000
2396	2	3	0.000000
2397	2	3	0.000000
2398	2	3	0.000000
2399	2	3	0.000000
2400	2	3	0.000000
2401	2	3	0.000000
2402	2	3	0.000000
2403	2	3	0.000000
2404	2	3	0.000000
2405	2	3	0.000000
2406	2	3	0.000000
2407	2	3	0.000000
2408	2	3	0.000000
2409	2	3	0.000000
2410	2	3	0.000000
2411	2	3	0.000000
2412	3	2	0.000000
2413	3	2	0.000000
2414	3	2	0.000000
2415	3	2	0.000000
2416	3	1	0.000000
2417	3	2	0.000000
2418	3	2	0.000000
2419	3	2	0.000000
2420	3	2	0.000000
2421	3	2	0.000000
2422	3	2	0.000000
2423	3	2	0.000000
2424	3	2	0.000000
2425	3	2	0.000000
2426	3	2	0.000000
2427	3	2	0.000000
2428	3	2	0.000000
2429	2	3	0.000000
2430	2	3	0.000000
2431	2	3	0.000000
2432	3	2	0.000000
2433	3	2	0.000000
2434	3	2	0.000000
2435	3	2	0.000000
2436	3	2	0.000000
2437	3	1	0.000000
2438	3	2	0.000000
2439	3	2	0.000000
2440	3	0	0.000000
2441	3	2	0.000000
2442	3	2	0.000000
2443	3	2	0.000000
2444	3	3	0.000000
2445	3	2	0.000000
2446	3	2	0.000000
2447	2	3	0.000000
2448	2	3	0.000000
2449	2	3	0.000000
2450	2	3	0.000000
2451	2	3	0.000000
2452	2	3	0.000000
2453	2	3	0.000000
2454	2	3	0.000000
2455	2	3	0.000000
2456	2	3	0.000000
2457	2	3	0.000000
2458	2	1	0.000000
2459	2	3	0.000000
2460	3	2	0.000000
2461	3	2	0.000000
2462	3	2	0.000000
2463	3	2	0.000000
2464	3	2	0.000000
2465	3	2	0.000000
2466	3	0	0.000000
2467	3	2	0.000000
2468	3	2	0.000000
2469	3	2	0.000000
2470	3	0	0.000000
2471	3	2	0.000000
2472	3	2	0.000000
2473	3	2	0.000000
2474	3	1	0.000000
2475	3	2	0.000000
2476	3	2	0.000000
2477	2	3	0.000000
2478	2	3	0.000000
2479	3	2	0.000000
2480	3	2	0.000000
2481	2	3	0.000000
2482	2	3	0.000000
2483	2	3	0.000000
2484	2	3	0.000000
2485	2	3	0.000000
2486	2	3	0.000000
2487	2	3	0.000000
2488	2	3	0.000000
2489	2	3	0.000000
2490	2	3	0.000000
2491	2	3	0.000000
2492	2	3	0.000000
2493	3	2	0.000000
2494	3	2	0.000000
2495	3	3	0.000000
2496	3	2	0.000000
2497	3	3	0.000000
2498	3	2	0.000000
2499	3	2	0.000000
2500	3	1	0.000000
2501	3	3	0.000000
2502	3	2	0.000000
2503	3	0	0.000000
2504	3	2	0.000000
2505	3	2	0.000000
2506	3	2	0.000000
2507	3	2	0.000000
2508	3	2	0.000000
2509	3	2	0.000000
2510	3	2	0.000000
2511	3	2	0.000000
2512	3	2	0.000000
2513	3	2	0.000000
2514	3	2	0.000000
2515	3	2	0.000000
2516	3	2	0.000000
2517	3	0	0.000000
2518	3	2	0.000000
2519	3	3	0.000000
2520	3	2	0.000000
2521	3	2	0.000000
2522	2	3	0.000000
2523	2	3	0.000000
2524	2	3	0.000000
2525	2	3	0.000000
2526	2	3	0.000000
2527	2	3	0.000000
2528	2	3	0.000000
2529	2	3	0.000000
2530	2	3	0.000000
2531	2	0	0.000000
2532	2	3	0.000000
2533	2	3	0.000000
2534	2	3	0.000000
2535	2	3	0.000000
2536	2	3	0.000000
2537	2	4	0.000000
2538	2	2	0.000000
2539	3	2	0.000000
2540	2	3	0.000000
2541	2	3	0.000000
2542	3	2	0.000000
2543	3	2	0.000000
2544	3	2	0.000000
2545	3	2	0.000000
2546	3	2	0.000000
2547	3	2	0.000000
2548	3	2	0.000000
2549	3	2	0.000000
2550	3	2	0.000000
2551	3	2	0.000000
2552	3	3	0.000000
2553	3	2	0.000000
2554	3	2	0.000000
2555	2	3	0.000000
2556	2	3	0.000000
2557	2	3	0.000000
2558	2	3	0.000000
2559	2	3	0.000000
2560	2	3	0.000000
2561	2	3	0.000000
2562	2	3	0.000000
2563	2	3	0.000000
2564	2	3	0.000000
2565	2	3	0.000000
2566	2	3	0.000000
2567	3	2	0.000000
2568	3	2	0.000000
2569	3	2	0.000000
2570	3	3	0.000000
2571	3	2	0.000000
2572	3	2	0.000000
2573	3	2	0.000000
2574	3	0	0.000000
2575	3	2	0.000000
2576	3	2	0.000000
2577	3	2	0.000000
2578	3	2	0.000000
2579	3	2	0.000000
2580	3	2	0.000000
2581	3	2	0.000000
2582	3	2	0.000000
2583	3	2	0.000000
2584	3	2	0.000000
2585	3	2	0.000000
2586	3	2	0.000000
2587	3	2	0.000000
2588	3	2	0.000000
2589	3	2	0.000000
2590	3	0	0.000000
2591	3	2	0.000000
2592	3	2	0.000000
2593	3	2	0.000000
2594	2	3	0.000000
2595	2	3	0.000000
2596	2	3	0.000000
2597	2	3	0.000000
2598	2	3	0.000000
2599	2	3	0.000000
2600	2	3	0.000000
2601	2	5	0.000000
2602	2	3	0.000000
2603	2	3	0.000000
2604	2	3	0.000000
2605	2	3	0.000000
2606	2	3	0.000000
2607	2	3	0.000000
2608	3	2	0.000000
2609	3	2	0.000000
2610	3	2	0.000000
2611	3	2	0.000000
2612	3	2	0.000000
2613	3	2	0.000000
2614	3	2	0.000000
2615	3	2	0.000000
2616	3	2	0.000000
2617	3	2	0.000000
2618	3	2	0.000000
2619	3	2	0.000000
2620	3	2	0.000000
2621	3	2	0.000000
2622	3	2	0.000000
2623	2	3	0.000000
2624	3	2	0.000000
2625	3	2	0.000000
2626	3	2	0.000000
2627	3	2	0.000000
2628	3	2	0.000000
2629	3	2	0.000000
2630	3	2	0.000000
2631	3	2	0.000000
2632	3	2	0.000000
2633	3	2	0.000000
2634	3	2	0.000000
2635	3	2	0.000000
2636	3	2	0.000000
2637	3	2	0.000000
2638	2	3	0.000000
2639	2	3	0.000000
2640	2	0	0.000000
2641	2	3	0.000000
2642	2	3	0.000000
2643	2	3	0.000000
2644	2	3	0.000000
2645	2	3	0.000000
2646	2	3	0.000000
2647	2	3	0.000000
2648	2	3	0.000000
2649	2	3	0.000000
2650	2	3	0.000000
2651	2	3	0.000000
2652	2	3	0.000000
2653	2	3	0.000000
2654	2	3	0.000000
2655	2	3	0.000000
2656	2	3	0.000000
2657	2	3	0.000000
2658	2	3	0.000000
2659	2	3	0.000000
2660	3	2	0.000000
2661	3	2	0.000000
2662	3	2	0.000000
2663	3	2	0.000000
2664	3	2	0.000000
2665	3	2	0.000000
2666	3	2	0.000000
2667	3	2	0.000000
2668	3	2	0.000000
2669	3	2	0.000000
2670	3	2	0.000000
2671	3	2	0.000000
2672	3	2	0.000000
2673	3	2	0.000000
2674	3	2	0.000000
2675	3	2	0.000000
2676	3	2	0.000000
2677	3	2	0.000000
2678	3	2	0.000000
2679	3	2	0.000000
2680	3	2	0.000000
2681	3	2	0.000000
2682	3	2	0.000000
2683	3	2	0.000000
2684	3	2	0.000000
2685	3	2	0.000000
2686	3	2	0.000000
2687	3	2	0.000000
2688	3	2	0.000000
2689	3	2	0.000000
2690	3	2	0.000000
2691	3	2	0.000000
2692	3	3	0.000000
2693	3	2	0.000000
2694	3	2	0.000000
2695	3	2	0.000000
2696	3	2	0.000000
2697	3	2	0.000000
2698	2	3	0.000000
2699	2	3	0.000000
2700	2	3	0.000000
2701	2	3	0.000000
2702	2	3	0.000000
2703	2	3	0.000000
2704	2	3	0.000000
2705	2	3	0.000000
2706	2	3	0.000000
2707	2	3	0.000000
2708	2	0	0.000000
2709	2	1	0.000000
2710	2	3	0.000000
2711	3	2	0.000000
2712	3	3	0.000000
2713	3	2	0.000000
2714	3	2	0.000000
2715	3	2	0.000000
2716	3	2	0.000000
2717	3	2	0.000000
2718	3	2	0.000000
2719	3	2	0.000000
2720	3	2	0.000000
2721	3	2	0.000000
2722	3	2	0.000000
2723	3	2	0.000000
2724	3	2	0.000000
2725	3	2	0.000000
2726	3	2	0.000000
2727	3	2	0.000000
2728	3	2	0.000000
2729	3	2	0.000000
2730	3	2	0.000000
2731	3	2	0.000000
2732	3	2	0.000000
2733	3	2	0.000000
2734	3	2	0.000000
2735	3	3	0.000000
2736	3	2	0.000000
2737	3	2	0.000000
2738	3	2	0.000000
2739	3	2	0.000000
2740	3	2	0.000000
2741	3	2	0.000000
2742	3	3	0.000000
2743	3	2	0.000000
2744	3	2	0.000000
2745	3	3	0.000000
2746	3	2	0.000000
2747	3	2	0.000000
2748	3	2	0.000000
2749	3	2	0.000000
2750	3	3	0.000000
2751	3	2	0.000000
2752	3	2	0.000000
2753	3	2	0.000000
2754	3	2	0.000000
2755	3	2	0.000000
2756	3	2	0.000000
2757	3	2	0.000000
2758	3	2	0.000000
2759	3	2	0.000000
2760	3	2	0.000000
2761	3	2	0.000000
2762	3	2	0.000000
2763	3	2	0.000000
2764	3	2	0.000000
2765	3	2	0.000000
2766	3	2	0.000000
2767	3	2	0.000000
2768	3	2	0.000000
2769	3	2	0.000000
2770	3	2	0.000000
2771	3	2	0.000000
2772	3	2	0.000000
2773	3	2	0.000000
2774	3	2	0.000000
2775	3	2	0.000000
2776	3	2	0.000000
2777	3	2	0.000000
2778	3	2	0.000000
2779	3	2	0.000000
2780	3	2	0.000000
2781	3	2	0.000000
2782	3	2	0.000000
2783	3	2	0.000000
2784	3	2	0.000000
2785	3	2	0.000000
2786	3	3	0.000000
2787	3	2	0.000000
2788	3	2	0.000000
2789	3	2	0.000000
2790	3	2	0.000000
2791	2	3	0.000000
2792	2	3	0.000000
2793	2	3	0.000000
2794	2	3	0.000000
2795	2	3	0.000000
2796	2	3	0.000000
2797	2	3	0.000000
2798	2	3	0.000000
2799	2	3	0.000000
2800	2	3	0.000000
2801	2	3	0.000000
2802	2	3	0.000000
2803	2	1	0.000000
2804	2	3	0.000000
2805	2	3	0.000000
2806	3	2	0.000000
2807	3	2	0.000000
2808	3	2	0.000000
2809	3	2	0.000000
2810	3	2	0.000000
2811	3	2	0.000000
2812	3	2	0.000000
2813	3	2	0.000000
2814	3	2	0.000000
2815	3	2	0.000000
2816	3	2	0.000000
2817	3	2	0.000000
2818	3	2	0.000000
2819	3	2	0.000000
2820	3	2	0.000000
2821	3	2	0.000000
2822	3	2	0.000000
2823	3	2	0.000000
2824	3	2	0.000000
2825	3	2	0.000000
2826	3	2	0.000000
2827	3	2	0.000000
2828	3	2	0.000000
2829	3	2	0.000000
2830	3	0	0.000000
2831	3	2	0.000000
2832	3	0	0.000000
2833	3	2	0.000000
2834	3	2	0.000000
2835	3	2	0.000000
2836	3	2	0.000000
2837	3	2	0.000000
2838	3	2	0.000000
2839	3	2	0.000000
2840	3	2	0.000000
2841	3	2	0.000000
2842	3	2	0.000000
2843	3	2	0.000000
2844	3	2	0.000000
2845	3	2	0.000000
2846	3	2	0.000000
2847	3	2	0.000000
2848	3	2	0.000000
2849	3	3	0.000000
2850	3	2	0.000000
2851	3	2	0.000000
2852	3	2	0.000000
2853	3	3	0.000000
2854	3	2	0.000000
2855	3	2	0.000000
2856	3	2	0.000000
2857	3	2	0.000000
2858	3	2	0.000000
2859	3	2	0.000000
2860	3	2	0.000000
2861	3	2	0.000000
2862	3	2	0.000000
2863	3	2	0.000000
2864	3	2	0.000000
2865	3	2	0.000000
2866	3	2	0.000000
2867	3	2	0.000000
2868	3	2	0.000000
2869	3	2	0.000000
2870	3	2	0.000000
2871	3	2	0.000000
2872	3	2	0.000000
2873	3	2	0.000000
2874	3	2	0.000000
2875	3	2	0.000000
2876	3	1	0.000000
2877	3	2	0.000000
2878	3	2	0.000000
2879	3	2	0.000000
2880	3	0	0.000000
2881	3	2	0.000000
2882	3	2	0.000000
2883	3	2	0.000000
2884	3	2	0.000000
2885	3	2	0.000000
2886	3	2	0.000000
2887	3	2	0.000000
2888	3	2	0.000000
2889	3	2	0.000000
2890	3	2	0.000000
2891	3	2	0.000000
2892	3	2	0.000000
2893	3	2	0.000000
2894	3	2	0.000000
2895	3	2	0.000000
2896	3	2	0.000000
2897	3	2	0.000000
2898	3	2	0.000000
2899	3	2	0.000000
2900	3	0	0.000000
2901	3	2	0.000000
2902	3	2	0.000000
2903	3	2	0.000000
2904	3	2	0.000000
2905	3	2	0.000000
2906	3	2	0.000000
2907	3	0	0.000000
2908	3	2	0.000000
2909	3	2	0.000000
2910	3	2	0.000000
2911	3	2	0.000000
2912	3	2	0.000000
2913	3	2	0.000000
2914	3	2	0.000000
2915	3	2	0.000000
2916	3	2	0.000000
2917	4	1	0.000000
2918	4	3	0.000000
2919	4	1	0.000000
2920	4	1	0.000000
2921	4	1	0.000000
2922	4	1	0.000000
2923	4	1	0.000000
2924	4	1	0.000000
2925	4	1	0.000000
2926	4	2	0.000000
2927	4	2	0.000000
2928	4	2	0.000000
2929	4	1	0.000000
2930	4	1	0.000000
2931	4	1	0.000000
2932	4	1	0.000000
2933	4	1	0.000000
2934	4	1	0.000000
2935	4	1	0.000000
2936	4	1	0.000000
2937	4	1	0.000000
2938	4	1	0.000000
2939	4	1	0.000000
2940	4	1	0.000000
2941	4	1	0.000000
2942	4	1	0.000000
2943	4	3	0.000000
2944	4	1	0.000000
2945	4	1	0.000000
2946	4	1	0.000000
2947	4	1	0.000000
2948	4	1	0.000000
2949	4	1	0.000000
2950	4	1	0.000000
2951	4	1	0.000000
2952	4	1	0.000000
2953	4	1	0.000000
2954	4	1	0.000000
2955	4	1	0.000000
2956	4	1	0.000000
2957	4	1	0.000000
2958	4	1	0.000000
2959	4	1	0.000000
2960	4	1	0.000000
2961	4	1	0.000000
2962	4	1	0.000000
2963	4	1	0.000000
2964	4	1	0.000000
2965	4	1	0.000000
2966	4	1	0.000000
2967	4	1	0.000000
2968	4	1	0.000000
2969	4	1	0.000000
2970	4	1	0.000000
2971	4	1	0.000000
2972	4	1	0.000000
2973	4	1	0.000000
2974	4	1	0.000000
2975	4	1	0.000000
2976	4	1	0.000000
2977	4	1	0.000000
2978	3	2	0.000000
2979	4	1	0.000000
2980	4	1	0.000000
2981	4	1	0.000000
2982	4	1	0.000000
2983	4	1	0.000000
2984	4	1	0.000000
2985	4	1	0.000000
2986	4	1	0.000000
2987	4	1	0.000000
2988	4	1	0.000000
2989	4	1	0.000000
2990	4	1	0.000000
2991	4	1	0.000000
2992	4	1	0.000000
2993	4	1	0.000000
2994	4	1	0.000000
2995	4	1	0.000000
2996	4	1	0.000000
2997	4	1	0.000000
2998	4	1	0.000000
2999	4	1	0.000000
3000	4	1	0.000000
3001	4	1	0.000000
3002	4	0	0.000000
3003	4	1	0.000000
3004	4	1	0.000000
3005	4	1	0.000000
3006	4	1	0.000000
3007	4	1	0.000000
3008	4	1	0.000000
3009	4	1	0.000000
3010	4	1	0.000000
3011	4	1	0.000000
3012	4	2	0.000000
3013	4	1	0.000000
3014	4	1	0.000000
3015	4	1	0.000000
3016	4	1	0.000000
3017	4	1	0.000000
3018	4	1	0.000000
3019	4	0	0.000000
3020	3	2	0.000000
3021	3	2	0.000000
3022	3	2	0.000000
3023	3	2	0.000000
3024	3	2	0.000000
3025	3	2	0.000000
3026	3	2	0.000000
3027	3	2	0.000000
3028	3	2	0.000000
3029	3	2	0.000000
3030	3	2	0.000000
3031	3	2	0.000000
3032	3	2	0.000000
3033	3	2	0.000000
3034	3	2	0.000000
3035	3	2	0.000000
3036	3	0	0.000000
3037	3	2	0.000000
3038	3	2	0.000000
3039	3	2	0.000000
3040	3	2	0.000000
3041	3	2	0.000000
3042	3	2	0.000000
3043	3	2	0.000000
3044	3	2	0.000000
3045	3	2	0.000000
3046	3	2	0.000000
3047	3	1	0.000000
3048	3	2	0.000000
3049	3	0	0.000000
3050	2	3	0.000000
3051	2	3	0.000000
3052	2	3	0.000000
3053	2	3	0.000000
3054	2	3	0.000000
3055	2	3	0.000000
3056	2	3	0.000000
3057	2	3	0.000000
3058	2	3	0.000000
3059	2	3	0.000000
3060	2	0	0.000000
3061	2	3	0.000000
3062	2	3	0.000000
3063	3	2	0.000000
3064	3	3	0.000000
3065	3	2	0.000000
3066	3	2	0.000000
3067	3	2	0.000000
3068	3	2	0.000000
3069	3	2	0.000000
3070	3	2	0.000000
3071	3	2	0.000000
3072	3	2	0.000000
3073	3	2	0.000000
3074	3	2	0.000000
3075	3	2	0.000000
3076	3	2	0.000000
3077	3	2	0.000000
3078	3	2	0.000000
3079	3	2	0.000000
3080	3	2	0.000000
3081	3	2	0.000000
3082	3	2	0.000000
3083	3	2	0.000000
3084	3	2	0.000000
3085	3	2	0.000000
3086	3	2	0.000000
3087	3	2	0.000000
3088	3	2	0.000000
3089	2	3	0.000000
3090	2	3	0.000000
3091	2	3	0.000000
3092	2	3	0.000000
3093	2	3	0.000000
3094	2	3	0.000000
3095	2	3	0.000000
3096	2	3	0.000000
3097	2	3	0.000000
3098	2	3	0.000000
3099	2	3	0.000000
3100	2	3	0.000000
3101	2	3	0.000000
3102	2	3	0.000000
3103	3	2	0.000000
3104	3	2	0.000000
3105	3	2	0.000000
3106	3	2	0.000000
3107	3	2	0.000000
3108	3	2	0.000000
3109	3	2	0.000000
3110	3	2	0.000000
3111	3	2	0.000000
3112	3	2	0.000000
3113	3	2	0.000000
3114	3	2	0.000000
3115	3	2	0.000000
3116	3	2	0.000000
3117	3	0	0.000000
3118	3	2	0.000000
3119	3	2	0.000000
3120	3	2	0.000000
3121	3	0	0.000000
3122	3	2	0.000000
3123	3	3	0.000000
3124	3	2	0.000000
3125	3	2	0.000000
3126	3	2	0.000000
3127	3	2	0.000000
3128	3	2	0.000000
3129	3	2	0.000000
3130	3	2	0.000000
3131	3	2	0.000000
3132	3	3	0.000000
3133	3	2	0.000000
3134	3	2	0.000000
3135	3	1	0.000000
3136	3	2	0.000000
3137	3	2	0.000000
3138	3	2	0.000000
3139	3	2	0.000000
3140	2	3	0.000000
3141	2	3	0.000000
3142	2	3	0.000000
3143	2	3	0.000000
3144	2	2	0.000000
3145	2	3	0.000000
3146	2	3	0.000000
3147	2	3	0.000000
3148	2	3	0.000000
3149	2	3	0.000000
3150	2	3	0.000000
3151	2	3	0.000000
3152	2	3	0.000000
3153	3	0	0.000000
3154	3	2	0.000000
3155	3	3	0.000000
3156	3	2	0.000000
3157	3	2	0.000000
3158	3	2	0.000000
3159	3	2	0.000000
3160	3	2	0.000000
3161	3	2	0.000000
3162	3	2	0.000000
3163	3	2	0.000000
3164	3	2	0.000000
3165	3	2	0.000000
3166	3	2	0.000000
3167	3	2	0.000000
3168	3	2	0.000000
3169	3	2	0.000000
3170	3	2	0.000000
3171	3	2	0.000000
3172	3	2	0.000000
3173	3	2	0.000000
3174	3	2	0.000000
3175	3	2	0.000000
3176	3	2	0.000000
3177	3	3	0.000000
3178	3	2	0.000000
3179	3	2	0.000000
3180	3	2	0.000000
3181	3	2	0.000000
3182	3	1	0.000000
3183	3	2	0.000000
3184	2	3	0.000000
3185	3	1	0.000000
3186	2	3	0.000000
3187	2	3	0.000000
3188	2	3	0.000000
3189	2	3	0.000000
3190	2	3	0.000000
3191	2	3	0.000000
3192	2	3	0.000000
3193	2	3	0.000000
3194	2	3	0.000000
3195	2	3	0.000000
3196	2	3	0.000000
3197	2	3	0.000000
3198	2	3	0.000000
3199	2	3	0.000000
3200	3	2	0.000000
3201	3	2	0.000000
3202	3	2	0.000000
3203	3	2	0.000000
3204	3	2	0.000000
3205	3	2	0.000000
3206	3	2	0.000000
3207	3	2	0.000000
3208	3	2	0.000000
3209	3	2	0.000000
3210	3	2	0.000000
3211	3	2	0.000000
3212	3	1	0.000000
3213	3	2	0.000000
3214	3	2	0.000000
3215	3	2	0.000000
3216	3	2	0.000000
3217	3	2	0.000000
3218	3	2	0.000000
3219	3	2	0.000000
3220	3	2	0.000000
3221	2	3	0.000000
3222	2	3	0.000000
3223	3	2	0.000000
3224	3	0	0.000000
3225	2	3	0.000000
3226	2	3	0.000000
3227	2	3	0.000000
3228	2	3	0.000000
3229	2	3	0.000000
3230	2	3	0.000000
3231	2	3	0.000000
3232	2	3	39.697000
3233	0	0	0.000000
