StartTime	2015/10/01 22:07:42
FinishTime	2015/10/01 22:08:21
ElapsedTime	39.000000
/home/daisuke/git/ReinforcementLearning/log/EV3LineTracer_20151001190952_10Setting_20151001190954.log
0	1.000000
1	0.031250	0.031250	0.031250	0.906250
2	0.020833	0.020833	0.020833	0.020833	0.895833	0.020833
3	0.031250	0.031250	0.031250	0.906250
4	0.906250	0.031250	0.031250	0.031250
5	0.031250	0.031250	0.031250	0.906250
6	0.031250	0.031250	0.031250	0.906250
2994
0	2	4	0.000000
1	2	4	0.000000
2	2	4	0.000000
3	2	4	0.000000
4	2	4	0.000000
5	2	4	0.000000
6	2	4	0.000000
7	2	4	0.000000
8	2	4	0.000000
9	2	4	0.000000
10	2	4	0.000000
11	2	4	0.000000
12	2	4	0.000000
13	2	4	0.000000
14	2	4	0.000000
15	2	4	0.000000
16	2	4	0.000000
17	2	4	0.000000
18	2	4	0.000000
19	3	2	0.000000
20	3	3	0.000000
21	3	3	0.000000
22	3	3	0.000000
23	3	3	0.000000
24	3	1	0.000000
25	3	3	0.000000
26	3	3	0.000000
27	3	3	0.000000
28	3	3	0.000000
29	2	4	0.000000
30	2	4	0.000000
31	2	4	0.000000
32	3	3	0.000000
33	1	3	0.000000
34	1	3	0.000000
35	1	3	0.000000
36	1	3	0.000000
37	1	3	0.000000
38	1	3	0.000000
39	1	3	0.000000
40	1	3	0.000000
41	1	3	0.000000
42	1	3	0.000000
43	1	3	0.000000
44	1	3	0.000000
45	1	3	0.000000
46	1	3	0.000000
47	1	3	0.000000
48	1	3	0.000000
49	1	2	0.000000
50	1	3	0.000000
51	1	3	0.000000
52	1	3	0.000000
53	1	3	0.000000
54	2	4	0.000000
55	2	4	0.000000
56	2	4	0.000000
57	2	4	0.000000
58	2	0	0.000000
59	2	4	0.000000
60	2	1	0.000000
61	2	4	0.000000
62	2	4	0.000000
63	2	4	0.000000
64	2	0	0.000000
65	2	4	0.000000
66	2	4	0.000000
67	2	4	0.000000
68	2	4	0.000000
69	2	4	0.000000
70	2	5	0.000000
71	2	4	0.000000
72	2	4	0.000000
73	2	4	0.000000
74	2	4	0.000000
75	2	4	0.000000
76	2	4	0.000000
77	2	4	0.000000
78	2	3	0.000000
79	2	4	0.000000
80	2	4	0.000000
81	2	4	0.000000
82	2	4	0.000000
83	2	4	0.000000
84	2	4	0.000000
85	2	4	0.000000
86	2	4	0.000000
87	2	4	0.000000
88	2	4	0.000000
89	2	4	0.000000
90	2	4	0.000000
91	2	4	0.000000
92	2	4	0.000000
93	2	4	0.000000
94	2	4	0.000000
95	2	4	0.000000
96	2	4	0.000000
97	2	4	0.000000
98	2	4	0.000000
99	2	4	0.000000
100	2	3	0.000000
101	2	4	0.000000
102	2	4	0.000000
103	2	4	0.000000
104	2	4	0.000000
105	2	4	0.000000
106	2	4	0.000000
107	2	4	0.000000
108	2	4	0.000000
109	2	4	0.000000
110	2	5	0.000000
111	2	5	0.000000
112	2	4	0.000000
113	2	4	0.000000
114	2	4	0.000000
115	2	4	0.000000
116	2	4	0.000000
117	2	4	0.000000
118	2	4	0.000000
119	2	4	0.000000
120	2	4	0.000000
121	2	4	0.000000
122	2	3	0.000000
123	2	4	0.000000
124	2	4	0.000000
125	2	4	0.000000
126	2	4	0.000000
127	2	3	0.000000
128	2	4	0.000000
129	2	5	0.000000
130	2	4	0.000000
131	2	0	0.000000
132	2	4	0.000000
133	2	4	0.000000
134	2	4	0.000000
135	2	4	0.000000
136	2	4	0.000000
137	2	4	0.000000
138	2	4	0.000000
139	2	4	0.000000
140	2	4	0.000000
141	3	3	0.000000
142	2	4	0.000000
143	2	4	0.000000
144	2	4	0.000000
145	2	4	0.000000
146	2	1	0.000000
147	2	4	0.000000
148	2	4	0.000000
149	3	3	0.000000
150	2	4	0.000000
151	3	3	0.000000
152	2	4	0.000000
153	3	3	0.000000
154	3	3	0.000000
155	3	3	0.000000
156	3	3	0.000000
157	3	3	0.000000
158	3	3	0.000000
159	2	4	0.000000
160	2	4	0.000000
161	2	4	0.000000
162	2	4	0.000000
163	2	4	0.000000
164	2	5	0.000000
165	2	4	0.000000
166	2	4	0.000000
167	2	4	0.000000
168	2	4	0.000000
169	2	4	0.000000
170	2	4	0.000000
171	2	0	0.000000
172	2	4	0.000000
173	2	4	0.000000
174	2	3	0.000000
175	2	4	0.000000
176	2	4	0.000000
177	2	4	0.000000
178	2	4	0.000000
179	2	4	0.000000
180	2	4	0.000000
181	2	4	0.000000
182	2	4	0.000000
183	2	4	0.000000
184	2	4	0.000000
185	2	4	0.000000
186	2	4	0.000000
187	2	4	0.000000
188	2	1	0.000000
189	2	0	0.000000
190	2	4	0.000000
191	2	4	0.000000
192	2	4	0.000000
193	2	4	0.000000
194	2	4	0.000000
195	2	4	0.000000
196	2	4	0.000000
197	2	4	0.000000
198	2	4	0.000000
199	2	4	0.000000
200	2	4	0.000000
201	2	4	0.000000
202	2	4	0.000000
203	2	4	0.000000
204	2	4	0.000000
205	2	3	0.000000
206	2	4	0.000000
207	2	4	0.000000
208	2	4	0.000000
209	2	4	0.000000
210	2	4	0.000000
211	2	4	0.000000
212	2	4	0.000000
213	2	4	0.000000
214	2	3	0.000000
215	2	4	0.000000
216	2	4	0.000000
217	2	4	0.000000
218	2	4	0.000000
219	2	4	0.000000
220	2	4	0.000000
221	2	4	0.000000
222	2	4	0.000000
223	2	4	0.000000
224	2	2	0.000000
225	2	4	0.000000
226	2	4	0.000000
227	2	4	0.000000
228	2	4	0.000000
229	2	4	0.000000
230	2	4	0.000000
231	2	4	0.000000
232	2	4	0.000000
233	2	4	0.000000
234	2	4	0.000000
235	2	4	0.000000
236	2	4	0.000000
237	3	3	0.000000
238	3	3	0.000000
239	3	3	0.000000
240	3	3	0.000000
241	3	3	0.000000
242	3	3	0.000000
243	3	3	0.000000
244	3	3	0.000000
245	3	2	0.000000
246	3	3	0.000000
247	3	3	0.000000
248	3	0	0.000000
249	3	3	0.000000
250	3	3	0.000000
251	2	4	0.000000
252	2	4	0.000000
253	2	5	0.000000
254	2	4	0.000000
255	2	4	0.000000
256	2	4	0.000000
257	2	0	0.000000
258	2	4	0.000000
259	2	4	0.000000
260	2	4	0.000000
261	2	4	0.000000
262	2	4	0.000000
263	2	4	0.000000
264	2	3	0.000000
265	2	4	0.000000
266	2	4	0.000000
267	2	4	0.000000
268	2	4	0.000000
269	2	4	0.000000
270	2	4	0.000000
271	2	4	0.000000
272	2	4	0.000000
273	2	4	0.000000
274	2	4	0.000000
275	2	4	0.000000
276	2	4	0.000000
277	2	4	0.000000
278	2	4	0.000000
279	2	4	0.000000
280	2	4	0.000000
281	2	4	0.000000
282	2	4	0.000000
283	3	3	0.000000
284	3	3	0.000000
285	3	3	0.000000
286	3	3	0.000000
287	3	0	0.000000
288	3	3	0.000000
289	3	3	0.000000
290	3	3	0.000000
291	3	3	0.000000
292	2	4	0.000000
293	2	4	0.000000
294	2	4	0.000000
295	2	4	0.000000
296	2	4	0.000000
297	2	4	0.000000
298	2	3	0.000000
299	1	3	0.000000
300	1	3	0.000000
301	1	3	0.000000
302	1	3	0.000000
303	1	3	0.000000
304	1	3	0.000000
305	1	3	0.000000
306	1	3	0.000000
307	1	3	0.000000
308	2	4	0.000000
309	2	4	0.000000
310	2	4	0.000000
311	3	3	0.000000
312	3	1	0.000000
313	3	3	0.000000
314	3	0	0.000000
315	3	3	0.000000
316	3	3	0.000000
317	3	3	0.000000
318	3	2	0.000000
319	3	3	0.000000
320	3	3	0.000000
321	2	4	0.000000
322	2	4	0.000000
323	2	4	0.000000
324	2	4	0.000000
325	2	4	0.000000
326	2	4	0.000000
327	1	3	0.000000
328	1	3	0.000000
329	2	4	0.000000
330	1	3	0.000000
331	1	3	0.000000
332	1	1	0.000000
333	1	3	0.000000
334	1	3	0.000000
335	1	3	0.000000
336	1	3	0.000000
337	1	3	0.000000
338	2	4	0.000000
339	2	4	0.000000
340	2	2	0.000000
341	2	3	0.000000
342	2	4	0.000000
343	2	4	0.000000
344	2	4	0.000000
345	2	4	0.000000
346	2	4	0.000000
347	3	3	0.000000
348	3	2	0.000000
349	3	3	0.000000
350	3	3	0.000000
351	3	3	0.000000
352	3	3	0.000000
353	2	4	0.000000
354	2	1	0.000000
355	2	4	0.000000
356	2	4	0.000000
357	2	4	0.000000
358	2	4	0.000000
359	2	4	0.000000
360	2	4	0.000000
361	2	5	0.000000
362	2	4	0.000000
363	2	4	0.000000
364	2	4	0.000000
365	2	4	0.000000
366	2	4	0.000000
367	2	5	0.000000
368	2	4	0.000000
369	2	4	0.000000
370	2	4	0.000000
371	2	4	0.000000
372	2	4	0.000000
373	2	4	0.000000
374	2	4	0.000000
375	2	5	0.000000
376	3	3	0.000000
377	3	3	0.000000
378	3	3	0.000000
379	3	3	0.000000
380	3	3	0.000000
381	3	3	0.000000
382	3	3	0.000000
383	3	3	0.000000
384	3	2	0.000000
385	3	3	0.000000
386	3	3	0.000000
387	3	3	0.000000
388	3	3	0.000000
389	3	3	0.000000
390	3	3	0.000000
391	3	3	0.000000
392	3	3	0.000000
393	4	1	0.000000
394	3	3	0.000000
395	3	3	0.000000
396	3	3	0.000000
397	3	3	0.000000
398	3	3	0.000000
399	3	3	0.000000
400	3	1	0.000000
401	3	3	0.000000
402	3	0	0.000000
403	3	3	0.000000
404	3	3	0.000000
405	3	3	0.000000
406	3	3	0.000000
407	2	4	0.000000
408	2	4	0.000000
409	2	4	0.000000
410	2	4	0.000000
411	2	4	0.000000
412	2	4	0.000000
413	2	4	0.000000
414	2	4	0.000000
415	2	4	0.000000
416	2	4	0.000000
417	2	4	0.000000
418	2	4	0.000000
419	2	4	0.000000
420	2	4	0.000000
421	2	4	0.000000
422	2	4	0.000000
423	2	4	0.000000
424	2	4	0.000000
425	2	4	0.000000
426	2	4	0.000000
427	2	5	0.000000
428	2	4	0.000000
429	2	1	0.000000
430	2	4	0.000000
431	2	4	0.000000
432	2	4	0.000000
433	2	4	0.000000
434	2	4	0.000000
435	2	4	0.000000
436	2	4	0.000000
437	2	4	0.000000
438	2	4	0.000000
439	2	4	0.000000
440	2	4	0.000000
441	2	4	0.000000
442	2	4	0.000000
443	2	4	0.000000
444	2	4	0.000000
445	3	3	0.000000
446	3	3	0.000000
447	3	3	0.000000
448	3	3	0.000000
449	3	3	0.000000
450	3	3	0.000000
451	3	3	0.000000
452	3	3	0.000000
453	3	3	0.000000
454	3	3	0.000000
455	3	3	0.000000
456	3	3	0.000000
457	3	3	0.000000
458	3	3	0.000000
459	3	3	0.000000
460	3	0	0.000000
461	3	3	0.000000
462	3	3	0.000000
463	3	0	0.000000
464	3	3	0.000000
465	3	3	0.000000
466	3	3	0.000000
467	3	3	0.000000
468	3	3	0.000000
469	3	3	0.000000
470	3	3	0.000000
471	3	3	0.000000
472	3	3	0.000000
473	3	1	0.000000
474	3	3	0.000000
475	2	4	0.000000
476	2	4	0.000000
477	2	4	0.000000
478	2	4	0.000000
479	2	4	0.000000
480	2	4	0.000000
481	2	4	0.000000
482	2	4	0.000000
483	2	4	0.000000
484	2	4	0.000000
485	2	4	0.000000
486	2	4	0.000000
487	2	4	0.000000
488	2	4	0.000000
489	2	4	0.000000
490	2	4	0.000000
491	2	1	0.000000
492	2	2	0.000000
493	2	4	0.000000
494	2	4	0.000000
495	2	5	0.000000
496	2	4	0.000000
497	2	4	0.000000
498	2	0	0.000000
499	2	4	0.000000
500	2	4	0.000000
501	2	1	0.000000
502	2	4	0.000000
503	2	4	0.000000
504	2	4	0.000000
505	2	4	0.000000
506	2	4	0.000000
507	2	4	0.000000
508	2	4	0.000000
509	2	4	0.000000
510	2	4	0.000000
511	2	4	0.000000
512	2	4	0.000000
513	3	1	0.000000
514	2	5	0.000000
515	2	4	0.000000
516	2	4	0.000000
517	3	3	0.000000
518	3	3	0.000000
519	2	4	0.000000
520	3	3	0.000000
521	3	3	0.000000
522	3	3	0.000000
523	3	3	0.000000
524	3	3	0.000000
525	2	4	0.000000
526	2	4	0.000000
527	2	4	0.000000
528	2	5	0.000000
529	2	4	0.000000
530	2	4	0.000000
531	2	4	0.000000
532	2	4	0.000000
533	2	4	0.000000
534	2	4	0.000000
535	2	4	0.000000
536	2	1	0.000000
537	3	3	0.000000
538	3	3	0.000000
539	3	3	0.000000
540	2	4	0.000000
541	2	4	0.000000
542	3	3	0.000000
543	2	4	0.000000
544	2	4	0.000000
545	2	4	0.000000
546	2	4	0.000000
547	2	4	0.000000
548	2	4	0.000000
549	2	4	0.000000
550	2	1	0.000000
551	2	4	0.000000
552	2	5	0.000000
553	2	4	0.000000
554	2	4	0.000000
555	2	2	0.000000
556	2	4	0.000000
557	2	4	0.000000
558	2	4	0.000000
559	3	3	0.000000
560	3	3	0.000000
561	2	4	0.000000
562	2	3	0.000000
563	2	4	0.000000
564	2	4	0.000000
565	2	4	0.000000
566	2	4	0.000000
567	2	4	0.000000
568	2	4	0.000000
569	2	4	0.000000
570	2	4	0.000000
571	2	4	0.000000
572	2	4	0.000000
573	2	4	0.000000
574	2	4	0.000000
575	2	4	0.000000
576	2	4	0.000000
577	3	3	0.000000
578	3	3	0.000000
579	3	3	0.000000
580	3	3	0.000000
581	3	3	0.000000
582	3	3	0.000000
583	3	3	0.000000
584	3	3	0.000000
585	3	3	0.000000
586	3	3	0.000000
587	3	3	0.000000
588	3	3	0.000000
589	3	3	0.000000
590	3	3	0.000000
591	3	3	0.000000
592	3	3	0.000000
593	3	3	0.000000
594	3	3	0.000000
595	3	3	0.000000
596	3	3	0.000000
597	3	3	0.000000
598	3	3	0.000000
599	3	3	0.000000
600	3	3	0.000000
601	3	3	0.000000
602	3	3	0.000000
603	3	3	0.000000
604	3	3	0.000000
605	3	3	0.000000
606	3	3	0.000000
607	3	3	0.000000
608	3	3	0.000000
609	3	3	0.000000
610	3	3	0.000000
611	3	3	0.000000
612	3	3	0.000000
613	3	3	0.000000
614	3	3	0.000000
615	3	3	0.000000
616	3	3	0.000000
617	3	3	0.000000
618	3	3	0.000000
619	3	0	0.000000
620	3	3	0.000000
621	3	3	0.000000
622	3	3	0.000000
623	3	3	0.000000
624	3	3	0.000000
625	3	3	0.000000
626	3	3	0.000000
627	2	4	0.000000
628	2	4	0.000000
629	2	5	0.000000
630	2	4	0.000000
631	2	4	0.000000
632	2	4	0.000000
633	2	4	0.000000
634	2	4	0.000000
635	2	4	0.000000
636	2	4	0.000000
637	2	4	0.000000
638	2	4	0.000000
639	2	4	0.000000
640	2	4	0.000000
641	2	3	0.000000
642	2	4	0.000000
643	2	4	0.000000
644	2	4	0.000000
645	2	4	0.000000
646	2	3	0.000000
647	2	4	0.000000
648	2	4	0.000000
649	2	4	0.000000
650	2	4	0.000000
651	2	4	0.000000
652	2	2	0.000000
653	2	4	0.000000
654	2	0	0.000000
655	2	4	0.000000
656	2	4	0.000000
657	2	2	0.000000
658	2	1	0.000000
659	2	4	0.000000
660	2	4	0.000000
661	2	4	0.000000
662	2	4	0.000000
663	2	4	0.000000
664	2	4	0.000000
665	2	4	0.000000
666	2	4	0.000000
667	2	4	0.000000
668	2	4	0.000000
669	2	4	0.000000
670	2	4	0.000000
671	2	4	0.000000
672	2	4	0.000000
673	3	3	0.000000
674	3	3	0.000000
675	3	3	0.000000
676	3	3	0.000000
677	3	3	0.000000
678	3	3	0.000000
679	3	3	0.000000
680	3	3	0.000000
681	3	3	0.000000
682	3	3	0.000000
683	3	3	0.000000
684	3	3	0.000000
685	2	4	0.000000
686	2	4	0.000000
687	2	4	0.000000
688	2	4	0.000000
689	2	4	0.000000
690	2	4	0.000000
691	2	1	0.000000
692	2	1	0.000000
693	2	4	0.000000
694	2	4	0.000000
695	2	4	0.000000
696	2	4	0.000000
697	2	4	0.000000
698	2	4	0.000000
699	2	4	0.000000
700	2	4	0.000000
701	2	0	0.000000
702	2	4	0.000000
703	2	4	0.000000
704	2	4	0.000000
705	2	4	0.000000
706	2	4	0.000000
707	2	4	0.000000
708	2	4	0.000000
709	2	4	0.000000
710	2	4	0.000000
711	2	4	0.000000
712	2	4	0.000000
713	2	4	0.000000
714	2	2	0.000000
715	2	4	0.000000
716	2	4	0.000000
717	2	4	0.000000
718	2	4	0.000000
719	2	4	0.000000
720	2	4	0.000000
721	2	4	0.000000
722	2	4	0.000000
723	2	1	0.000000
724	2	4	0.000000
725	2	4	0.000000
726	2	4	0.000000
727	2	4	0.000000
728	2	4	0.000000
729	2	4	0.000000
730	2	2	0.000000
731	2	1	0.000000
732	2	4	0.000000
733	2	4	0.000000
734	2	4	0.000000
735	2	4	0.000000
736	2	3	0.000000
737	2	4	0.000000
738	2	2	0.000000
739	2	4	0.000000
740	2	4	0.000000
741	2	4	0.000000
742	2	4	0.000000
743	2	1	0.000000
744	2	4	0.000000
745	2	4	0.000000
746	2	4	0.000000
747	2	4	0.000000
748	2	4	0.000000
749	3	2	0.000000
750	3	3	0.000000
751	3	2	0.000000
752	3	3	0.000000
753	3	3	0.000000
754	3	3	0.000000
755	3	3	0.000000
756	2	1	0.000000
757	2	4	0.000000
758	2	4	0.000000
759	2	4	0.000000
760	2	0	0.000000
761	2	4	0.000000
762	2	4	0.000000
763	2	4	0.000000
764	2	4	0.000000
765	2	4	0.000000
766	2	2	0.000000
767	2	4	0.000000
768	2	4	0.000000
769	2	4	0.000000
770	2	4	0.000000
771	2	4	0.000000
772	2	4	0.000000
773	2	4	0.000000
774	2	4	0.000000
775	2	4	0.000000
776	2	4	0.000000
777	2	4	0.000000
778	2	4	0.000000
779	2	4	0.000000
780	2	4	0.000000
781	2	4	0.000000
782	2	4	0.000000
783	2	4	0.000000
784	2	4	0.000000
785	2	4	0.000000
786	2	4	0.000000
787	2	4	0.000000
788	2	3	0.000000
789	1	3	0.000000
790	1	3	0.000000
791	2	4	0.000000
792	2	4	0.000000
793	2	4	0.000000
794	2	4	0.000000
795	2	4	0.000000
796	2	4	0.000000
797	3	3	0.000000
798	3	3	0.000000
799	3	3	0.000000
800	3	3	0.000000
801	3	3	0.000000
802	3	3	0.000000
803	3	3	0.000000
804	3	3	0.000000
805	3	3	0.000000
806	3	3	0.000000
807	3	3	0.000000
808	3	3	0.000000
809	3	3	0.000000
810	3	3	0.000000
811	3	3	0.000000
812	3	3	0.000000
813	3	0	0.000000
814	3	3	0.000000
815	3	3	0.000000
816	3	3	0.000000
817	3	3	0.000000
818	3	3	0.000000
819	3	3	0.000000
820	3	3	0.000000
821	3	3	0.000000
822	3	3	0.000000
823	3	3	0.000000
824	3	3	0.000000
825	3	3	0.000000
826	3	3	0.000000
827	3	3	0.000000
828	3	3	0.000000
829	3	3	0.000000
830	3	3	0.000000
831	3	3	0.000000
832	3	3	0.000000
833	3	3	0.000000
834	3	3	0.000000
835	3	3	0.000000
836	3	3	0.000000
837	3	3	0.000000
838	3	3	0.000000
839	3	3	0.000000
840	3	2	0.000000
841	3	3	0.000000
842	2	4	0.000000
843	2	4	0.000000
844	2	4	0.000000
845	2	4	0.000000
846	2	4	0.000000
847	2	4	0.000000
848	2	4	0.000000
849	2	4	0.000000
850	1	3	0.000000
851	1	3	0.000000
852	1	3	0.000000
853	2	4	0.000000
854	2	4	0.000000
855	2	4	0.000000
856	2	4	0.000000
857	2	4	0.000000
858	2	0	0.000000
859	2	4	0.000000
860	2	4	0.000000
861	2	4	0.000000
862	2	4	0.000000
863	2	4	0.000000
864	2	4	0.000000
865	2	4	0.000000
866	2	4	0.000000
867	2	4	0.000000
868	2	3	0.000000
869	2	4	0.000000
870	2	4	0.000000
871	2	4	0.000000
872	3	3	0.000000
873	3	3	0.000000
874	3	3	0.000000
875	3	3	0.000000
876	3	3	0.000000
877	3	3	0.000000
878	3	3	0.000000
879	3	3	0.000000
880	3	3	0.000000
881	3	3	0.000000
882	3	3	0.000000
883	3	3	0.000000
884	3	3	0.000000
885	3	3	0.000000
886	2	4	0.000000
887	2	4	0.000000
888	2	4	0.000000
889	2	2	0.000000
890	2	4	0.000000
891	2	4	0.000000
892	2	4	0.000000
893	2	2	0.000000
894	2	4	0.000000
895	2	4	0.000000
896	2	2	0.000000
897	2	3	0.000000
898	2	4	0.000000
899	2	4	0.000000
900	2	4	0.000000
901	1	3	0.000000
902	1	3	0.000000
903	1	3	0.000000
904	1	3	0.000000
905	1	3	0.000000
906	1	3	0.000000
907	1	3	0.000000
908	1	3	0.000000
909	1	3	0.000000
910	1	3	0.000000
911	2	4	0.000000
912	2	4	0.000000
913	2	5	0.000000
914	2	5	0.000000
915	3	3	0.000000
916	3	3	0.000000
917	3	3	0.000000
918	3	3	0.000000
919	4	0	0.000000
920	4	0	0.000000
921	4	0	0.000000
922	4	0	0.000000
923	4	0	0.000000
924	4	0	0.000000
925	4	0	0.000000
926	4	0	0.000000
927	4	0	0.000000
928	4	0	0.000000
929	4	0	0.000000
930	4	0	0.000000
931	4	0	0.000000
932	4	0	0.000000
933	4	0	0.000000
934	4	0	0.000000
935	4	0	0.000000
936	4	0	0.000000
937	4	0	0.000000
938	4	0	0.000000
939	4	0	0.000000
940	4	0	0.000000
941	4	0	0.000000
942	4	0	0.000000
943	4	0	0.000000
944	4	0	0.000000
945	4	0	0.000000
946	4	0	0.000000
947	3	3	0.000000
948	4	3	0.000000
949	4	0	0.000000
950	3	3	0.000000
951	3	0	0.000000
952	3	3	0.000000
953	3	3	0.000000
954	3	3	0.000000
955	3	3	0.000000
956	3	3	0.000000
957	3	3	0.000000
958	3	1	0.000000
959	3	3	0.000000
960	3	3	0.000000
961	3	3	0.000000
962	3	3	0.000000
963	3	3	0.000000
964	3	3	0.000000
965	3	0	0.000000
966	3	3	0.000000
967	3	3	0.000000
968	3	3	0.000000
969	3	3	0.000000
970	3	0	0.000000
971	3	3	0.000000
972	3	3	0.000000
973	3	3	0.000000
974	3	3	0.000000
975	3	3	0.000000
976	3	3	0.000000
977	3	3	0.000000
978	2	4	0.000000
979	2	4	0.000000
980	2	4	0.000000
981	2	4	0.000000
982	2	4	0.000000
983	2	3	0.000000
984	2	4	0.000000
985	2	4	0.000000
986	2	4	0.000000
987	2	4	0.000000
988	2	4	0.000000
989	2	4	0.000000
990	2	4	0.000000
991	2	4	0.000000
992	2	4	0.000000
993	2	4	0.000000
994	2	4	0.000000
995	2	4	0.000000
996	2	1	0.000000
997	2	5	0.000000
998	2	4	0.000000
999	2	4	0.000000
1000	2	4	0.000000
1001	2	4	0.000000
1002	2	4	0.000000
1003	2	4	0.000000
1004	2	4	0.000000
1005	3	3	0.000000
1006	3	3	0.000000
1007	2	4	0.000000
1008	3	3	0.000000
1009	3	3	0.000000
1010	3	3	0.000000
1011	3	3	0.000000
1012	3	3	0.000000
1013	3	3	0.000000
1014	3	3	0.000000
1015	3	3	0.000000
1016	3	3	0.000000
1017	3	3	0.000000
1018	3	3	0.000000
1019	3	3	0.000000
1020	2	4	0.000000
1021	2	1	0.000000
1022	2	5	0.000000
1023	2	4	0.000000
1024	2	4	0.000000
1025	2	4	0.000000
1026	2	4	0.000000
1027	2	1	0.000000
1028	2	4	0.000000
1029	2	4	0.000000
1030	2	4	0.000000
1031	2	4	0.000000
1032	2	4	0.000000
1033	2	1	0.000000
1034	2	2	0.000000
1035	2	4	0.000000
1036	2	4	0.000000
1037	2	4	0.000000
1038	2	4	0.000000
1039	2	4	0.000000
1040	2	4	0.000000
1041	2	5	0.000000
1042	2	4	0.000000
1043	2	4	0.000000
1044	2	4	0.000000
1045	3	3	0.000000
1046	2	4	0.000000
1047	3	3	0.000000
1048	3	3	0.000000
1049	3	3	0.000000
1050	3	3	0.000000
1051	3	3	0.000000
1052	3	3	0.000000
1053	3	3	0.000000
1054	3	3	0.000000
1055	3	3	0.000000
1056	3	3	0.000000
1057	3	3	0.000000
1058	3	3	0.000000
1059	3	3	0.000000
1060	3	0	0.000000
1061	3	3	0.000000
1062	3	3	0.000000
1063	3	3	0.000000
1064	3	3	0.000000
1065	3	3	0.000000
1066	3	3	0.000000
1067	3	3	0.000000
1068	3	3	0.000000
1069	3	3	0.000000
1070	3	3	0.000000
1071	3	3	0.000000
1072	3	3	0.000000
1073	3	3	0.000000
1074	3	3	0.000000
1075	3	3	0.000000
1076	3	3	0.000000
1077	3	3	0.000000
1078	3	3	0.000000
1079	3	3	0.000000
1080	3	3	0.000000
1081	3	3	0.000000
1082	3	3	0.000000
1083	3	0	0.000000
1084	3	3	0.000000
1085	3	3	0.000000
1086	3	3	0.000000
1087	3	0	0.000000
1088	3	0	0.000000
1089	3	3	0.000000
1090	3	3	0.000000
1091	3	3	0.000000
1092	3	3	0.000000
1093	3	3	0.000000
1094	3	3	0.000000
1095	3	3	0.000000
1096	3	3	0.000000
1097	3	3	0.000000
1098	3	3	0.000000
1099	3	3	0.000000
1100	3	3	0.000000
1101	3	3	0.000000
1102	3	3	0.000000
1103	3	3	0.000000
1104	2	4	0.000000
1105	2	4	0.000000
1106	2	4	0.000000
1107	2	4	0.000000
1108	2	4	0.000000
1109	2	4	0.000000
1110	2	4	0.000000
1111	2	4	0.000000
1112	2	5	0.000000
1113	2	4	0.000000
1114	2	4	0.000000
1115	2	4	0.000000
1116	2	4	0.000000
1117	2	4	0.000000
1118	2	4	0.000000
1119	2	4	0.000000
1120	2	4	0.000000
1121	2	4	0.000000
1122	2	4	0.000000
1123	2	4	0.000000
1124	2	4	0.000000
1125	2	4	0.000000
1126	2	4	0.000000
1127	2	4	0.000000
1128	2	4	0.000000
1129	2	4	0.000000
1130	2	4	0.000000
1131	2	0	0.000000
1132	2	4	0.000000
1133	2	4	0.000000
1134	2	4	0.000000
1135	2	4	0.000000
1136	2	4	0.000000
1137	2	4	0.000000
1138	2	4	0.000000
1139	2	4	0.000000
1140	2	4	0.000000
1141	2	4	0.000000
1142	2	0	0.000000
1143	2	4	0.000000
1144	2	1	0.000000
1145	2	4	0.000000
1146	2	4	0.000000
1147	2	4	0.000000
1148	2	4	0.000000
1149	2	4	0.000000
1150	2	4	0.000000
1151	2	4	0.000000
1152	2	3	0.000000
1153	2	4	0.000000
1154	2	4	0.000000
1155	1	3	0.000000
1156	1	3	0.000000
1157	1	1	0.000000
1158	1	1	0.000000
1159	1	3	0.000000
1160	1	3	0.000000
1161	1	3	0.000000
1162	1	3	0.000000
1163	1	3	0.000000
1164	1	3	0.000000
1165	1	3	0.000000
1166	1	3	0.000000
1167	1	3	0.000000
1168	1	3	0.000000
1169	1	3	0.000000
1170	1	3	0.000000
1171	1	3	0.000000
1172	1	2	0.000000
1173	1	3	0.000000
1174	1	3	0.000000
1175	1	3	0.000000
1176	1	3	0.000000
1177	1	3	0.000000
1178	1	3	0.000000
1179	1	1	0.000000
1180	1	3	0.000000
1181	1	3	0.000000
1182	1	3	0.000000
1183	1	3	0.000000
1184	1	3	0.000000
1185	1	3	0.000000
1186	1	3	0.000000
1187	1	3	0.000000
1188	1	3	0.000000
1189	1	3	0.000000
1190	1	3	0.000000
1191	1	3	0.000000
1192	1	3	0.000000
1193	1	3	0.000000
1194	1	3	0.000000
1195	1	3	0.000000
1196	1	3	0.000000
1197	1	3	0.000000
1198	1	3	0.000000
1199	1	3	0.000000
1200	1	3	0.000000
1201	1	3	0.000000
1202	1	3	0.000000
1203	1	3	0.000000
1204	1	3	0.000000
1205	1	3	0.000000
1206	1	3	0.000000
1207	1	3	0.000000
1208	1	3	0.000000
1209	1	3	0.000000
1210	1	3	0.000000
1211	1	3	0.000000
1212	1	2	0.000000
1213	1	3	0.000000
1214	1	3	0.000000
1215	1	3	0.000000
1216	1	3	0.000000
1217	1	2	0.000000
1218	1	3	0.000000
1219	1	3	0.000000
1220	1	0	0.000000
1221	1	3	0.000000
1222	1	3	0.000000
1223	1	3	0.000000
1224	1	3	0.000000
1225	1	0	0.000000
1226	1	3	0.000000
1227	1	3	0.000000
1228	1	3	0.000000
1229	1	3	0.000000
1230	1	3	0.000000
1231	1	3	0.000000
1232	1	3	0.000000
1233	1	3	0.000000
1234	1	3	0.000000
1235	1	3	0.000000
1236	1	3	0.000000
1237	1	3	0.000000
1238	1	3	0.000000
1239	1	3	0.000000
1240	1	3	0.000000
1241	1	3	0.000000
1242	1	3	0.000000
1243	1	3	0.000000
1244	1	3	0.000000
1245	1	3	0.000000
1246	1	3	0.000000
1247	1	3	0.000000
1248	1	2	0.000000
1249	1	3	0.000000
1250	1	3	0.000000
1251	1	3	0.000000
1252	1	3	0.000000
1253	1	3	0.000000
1254	1	3	0.000000
1255	1	3	0.000000
1256	1	3	0.000000
1257	1	3	0.000000
1258	1	3	0.000000
1259	1	3	0.000000
1260	1	3	0.000000
1261	1	3	0.000000
1262	1	3	0.000000
1263	1	3	0.000000
1264	1	3	0.000000
1265	1	1	0.000000
1266	1	3	0.000000
1267	1	3	0.000000
1268	1	3	0.000000
1269	1	3	0.000000
1270	1	3	0.000000
1271	1	3	0.000000
1272	1	3	0.000000
1273	1	1	0.000000
1274	1	3	0.000000
1275	1	3	0.000000
1276	1	2	0.000000
1277	1	3	0.000000
1278	1	3	0.000000
1279	1	3	0.000000
1280	1	3	0.000000
1281	1	3	0.000000
1282	1	3	0.000000
1283	1	3	0.000000
1284	1	3	0.000000
1285	1	3	0.000000
1286	1	3	0.000000
1287	1	3	0.000000
1288	1	3	0.000000
1289	1	1	0.000000
1290	1	3	0.000000
1291	1	3	0.000000
1292	1	0	0.000000
1293	1	3	0.000000
1294	1	3	0.000000
1295	1	3	0.000000
1296	1	0	0.000000
1297	1	3	0.000000
1298	1	3	0.000000
1299	1	3	0.000000
1300	1	3	0.000000
1301	1	3	0.000000
1302	1	3	0.000000
1303	1	3	0.000000
1304	1	3	0.000000
1305	1	3	0.000000
1306	1	3	0.000000
1307	1	0	0.000000
1308	1	1	0.000000
1309	1	1	0.000000
1310	1	3	0.000000
1311	1	3	0.000000
1312	1	3	0.000000
1313	1	3	0.000000
1314	1	3	0.000000
1315	1	1	0.000000
1316	1	3	0.000000
1317	1	3	0.000000
1318	1	3	0.000000
1319	1	3	0.000000
1320	1	3	0.000000
1321	1	3	0.000000
1322	1	3	0.000000
1323	1	3	0.000000
1324	1	3	0.000000
1325	1	3	0.000000
1326	1	3	0.000000
1327	1	3	0.000000
1328	1	3	0.000000
1329	1	3	0.000000
1330	1	3	0.000000
1331	1	2	0.000000
1332	1	2	0.000000
1333	1	3	0.000000
1334	1	2	0.000000
1335	1	3	0.000000
1336	1	3	0.000000
1337	1	3	0.000000
1338	1	3	0.000000
1339	1	3	0.000000
1340	1	3	0.000000
1341	1	3	0.000000
1342	1	3	0.000000
1343	1	3	0.000000
1344	1	3	0.000000
1345	1	3	0.000000
1346	1	3	0.000000
1347	1	3	0.000000
1348	1	3	0.000000
1349	1	3	0.000000
1350	1	3	0.000000
1351	1	3	0.000000
1352	1	3	0.000000
1353	1	3	0.000000
1354	2	4	0.000000
1355	2	4	0.000000
1356	2	4	0.000000
1357	2	4	0.000000
1358	2	4	0.000000
1359	2	4	0.000000
1360	2	4	0.000000
1361	2	4	0.000000
1362	2	4	0.000000
1363	3	1	0.000000
1364	3	3	0.000000
1365	3	3	0.000000
1366	3	3	0.000000
1367	3	3	0.000000
1368	3	3	0.000000
1369	3	3	0.000000
1370	3	2	0.000000
1371	3	3	0.000000
1372	3	0	0.000000
1373	3	1	0.000000
1374	3	3	0.000000
1375	3	3	0.000000
1376	3	3	0.000000
1377	3	3	0.000000
1378	3	3	0.000000
1379	3	3	0.000000
1380	3	3	0.000000
1381	3	3	0.000000
1382	3	3	0.000000
1383	3	3	0.000000
1384	3	3	0.000000
1385	3	3	0.000000
1386	3	3	0.000000
1387	3	3	0.000000
1388	3	3	0.000000
1389	3	3	0.000000
1390	3	3	0.000000
1391	3	3	0.000000
1392	3	3	0.000000
1393	2	4	0.000000
1394	2	5	0.000000
1395	2	4	0.000000
1396	2	3	0.000000
1397	2	4	0.000000
1398	2	4	0.000000
1399	2	4	0.000000
1400	2	4	0.000000
1401	2	4	0.000000
1402	2	4	0.000000
1403	2	4	0.000000
1404	2	4	0.000000
1405	2	4	0.000000
1406	2	4	0.000000
1407	2	4	0.000000
1408	2	4	0.000000
1409	2	4	0.000000
1410	2	4	0.000000
1411	2	4	0.000000
1412	2	4	0.000000
1413	2	5	0.000000
1414	2	4	0.000000
1415	2	4	0.000000
1416	2	4	0.000000
1417	2	4	0.000000
1418	2	4	0.000000
1419	2	3	0.000000
1420	2	2	0.000000
1421	2	1	0.000000
1422	2	2	0.000000
1423	2	4	0.000000
1424	2	4	0.000000
1425	2	4	0.000000
1426	2	4	0.000000
1427	2	4	0.000000
1428	2	4	0.000000
1429	2	4	0.000000
1430	2	4	0.000000
1431	2	4	0.000000
1432	2	1	0.000000
1433	2	4	0.000000
1434	3	3	0.000000
1435	3	3	0.000000
1436	2	4	0.000000
1437	3	3	0.000000
1438	3	3	0.000000
1439	3	3	0.000000
1440	3	3	0.000000
1441	3	3	0.000000
1442	3	3	0.000000
1443	3	3	0.000000
1444	3	3	0.000000
1445	3	3	0.000000
1446	3	3	0.000000
1447	3	3	0.000000
1448	3	3	0.000000
1449	3	3	0.000000
1450	3	3	0.000000
1451	3	3	0.000000
1452	3	3	0.000000
1453	3	3	0.000000
1454	3	3	0.000000
1455	3	3	0.000000
1456	3	3	0.000000
1457	3	3	0.000000
1458	3	3	0.000000
1459	3	3	0.000000
1460	3	3	0.000000
1461	3	3	0.000000
1462	3	3	0.000000
1463	3	3	0.000000
1464	3	3	0.000000
1465	3	3	0.000000
1466	3	3	0.000000
1467	3	3	0.000000
1468	3	3	0.000000
1469	3	1	0.000000
1470	3	3	0.000000
1471	3	3	0.000000
1472	3	0	0.000000
1473	3	3	0.000000
1474	3	2	0.000000
1475	3	3	0.000000
1476	3	3	0.000000
1477	3	3	0.000000
1478	3	3	0.000000
1479	3	3	0.000000
1480	3	3	0.000000
1481	3	3	0.000000
1482	3	3	0.000000
1483	3	3	0.000000
1484	3	3	0.000000
1485	3	3	0.000000
1486	3	3	0.000000
1487	3	3	0.000000
1488	3	3	0.000000
1489	3	3	0.000000
1490	3	1	0.000000
1491	3	3	0.000000
1492	3	1	0.000000
1493	3	3	0.000000
1494	3	3	0.000000
1495	3	3	0.000000
1496	3	3	0.000000
1497	3	3	0.000000
1498	3	3	0.000000
1499	3	2	0.000000
1500	3	3	0.000000
1501	3	3	0.000000
1502	3	1	0.000000
1503	3	3	0.000000
1504	3	3	0.000000
1505	3	3	0.000000
1506	3	3	0.000000
1507	3	3	0.000000
1508	3	3	0.000000
1509	3	3	0.000000
1510	3	3	0.000000
1511	3	3	0.000000
1512	3	3	0.000000
1513	3	3	0.000000
1514	3	3	0.000000
1515	3	3	0.000000
1516	3	3	0.000000
1517	3	3	0.000000
1518	3	3	0.000000
1519	3	3	0.000000
1520	3	3	0.000000
1521	3	2	0.000000
1522	3	3	0.000000
1523	3	3	0.000000
1524	3	3	0.000000
1525	3	3	0.000000
1526	3	3	0.000000
1527	3	3	0.000000
1528	3	3	0.000000
1529	3	3	0.000000
1530	3	3	0.000000
1531	3	3	0.000000
1532	3	3	0.000000
1533	3	3	0.000000
1534	3	3	0.000000
1535	3	1	0.000000
1536	3	3	0.000000
1537	3	3	0.000000
1538	3	3	0.000000
1539	3	3	0.000000
1540	3	3	0.000000
1541	3	3	0.000000
1542	3	3	0.000000
1543	3	2	0.000000
1544	2	4	0.000000
1545	2	4	0.000000
1546	2	4	0.000000
1547	2	4	0.000000
1548	2	4	0.000000
1549	2	4	0.000000
1550	2	4	0.000000
1551	2	4	0.000000
1552	2	4	0.000000
1553	2	4	0.000000
1554	2	4	0.000000
1555	2	0	0.000000
1556	2	4	0.000000
1557	2	4	0.000000
1558	2	4	0.000000
1559	2	4	0.000000
1560	2	4	0.000000
1561	2	4	0.000000
1562	2	4	0.000000
1563	2	4	0.000000
1564	2	4	0.000000
1565	2	4	0.000000
1566	2	4	0.000000
1567	2	2	0.000000
1568	2	4	0.000000
1569	2	5	0.000000
1570	2	4	0.000000
1571	2	4	0.000000
1572	2	4	0.000000
1573	2	4	0.000000
1574	2	4	0.000000
1575	2	4	0.000000
1576	2	4	0.000000
1577	2	4	0.000000
1578	2	4	0.000000
1579	2	4	0.000000
1580	2	4	0.000000
1581	2	4	0.000000
1582	2	4	0.000000
1583	2	0	0.000000
1584	2	1	0.000000
1585	2	4	0.000000
1586	2	4	0.000000
1587	2	4	0.000000
1588	2	4	0.000000
1589	2	2	0.000000
1590	2	4	0.000000
1591	2	4	0.000000
1592	2	4	0.000000
1593	2	4	0.000000
1594	2	2	0.000000
1595	2	4	0.000000
1596	2	4	0.000000
1597	2	4	0.000000
1598	2	4	0.000000
1599	2	4	0.000000
1600	2	4	0.000000
1601	2	4	0.000000
1602	2	4	0.000000
1603	2	4	0.000000
1604	2	4	0.000000
1605	2	0	0.000000
1606	2	4	0.000000
1607	2	4	0.000000
1608	2	4	0.000000
1609	3	3	0.000000
1610	2	4	0.000000
1611	3	3	0.000000
1612	2	4	0.000000
1613	3	3	0.000000
1614	3	3	0.000000
1615	2	4	0.000000
1616	3	3	0.000000
1617	2	4	0.000000
1618	2	4	0.000000
1619	3	3	0.000000
1620	2	2	0.000000
1621	2	1	0.000000
1622	2	4	0.000000
1623	2	4	0.000000
1624	2	4	0.000000
1625	2	4	0.000000
1626	2	4	0.000000
1627	2	4	0.000000
1628	2	4	0.000000
1629	2	4	0.000000
1630	2	3	0.000000
1631	2	1	0.000000
1632	2	4	0.000000
1633	2	4	0.000000
1634	2	4	0.000000
1635	2	4	0.000000
1636	2	4	0.000000
1637	2	4	0.000000
1638	2	4	0.000000
1639	2	4	0.000000
1640	2	5	0.000000
1641	2	4	0.000000
1642	2	4	0.000000
1643	2	4	0.000000
1644	2	4	0.000000
1645	2	4	0.000000
1646	2	4	0.000000
1647	2	4	0.000000
1648	2	4	0.000000
1649	2	4	0.000000
1650	2	4	0.000000
1651	2	4	0.000000
1652	2	4	0.000000
1653	2	4	0.000000
1654	2	4	0.000000
1655	2	4	0.000000
1656	3	3	0.000000
1657	2	4	0.000000
1658	3	3	0.000000
1659	3	3	0.000000
1660	2	4	0.000000
1661	3	3	0.000000
1662	3	3	0.000000
1663	3	3	0.000000
1664	2	4	0.000000
1665	2	4	0.000000
1666	2	4	0.000000
1667	2	4	0.000000
1668	2	4	0.000000
1669	2	4	0.000000
1670	2	4	0.000000
1671	2	4	0.000000
1672	2	4	0.000000
1673	2	4	0.000000
1674	2	4	0.000000
1675	2	4	0.000000
1676	2	4	0.000000
1677	2	4	0.000000
1678	2	4	0.000000
1679	2	4	0.000000
1680	2	4	0.000000
1681	2	4	0.000000
1682	2	4	0.000000
1683	2	4	0.000000
1684	2	4	0.000000
1685	2	1	0.000000
1686	2	4	0.000000
1687	2	4	0.000000
1688	2	1	0.000000
1689	2	4	0.000000
1690	2	0	0.000000
1691	2	4	0.000000
1692	2	4	0.000000
1693	2	4	0.000000
1694	2	4	0.000000
1695	2	4	0.000000
1696	2	4	0.000000
1697	2	4	0.000000
1698	2	4	0.000000
1699	2	4	0.000000
1700	2	4	0.000000
1701	2	5	0.000000
1702	2	4	0.000000
1703	2	4	0.000000
1704	2	4	0.000000
1705	2	2	0.000000
1706	2	4	0.000000
1707	2	4	0.000000
1708	2	2	0.000000
1709	2	4	0.000000
1710	2	4	0.000000
1711	2	4	0.000000
1712	2	4	0.000000
1713	2	3	0.000000
1714	2	4	0.000000
1715	2	4	0.000000
1716	2	4	0.000000
1717	2	4	0.000000
1718	2	4	0.000000
1719	2	4	0.000000
1720	2	0	0.000000
1721	2	4	0.000000
1722	2	4	0.000000
1723	2	4	0.000000
1724	2	4	0.000000
1725	2	4	0.000000
1726	2	4	0.000000
1727	2	4	0.000000
1728	2	4	0.000000
1729	2	4	0.000000
1730	2	4	0.000000
1731	2	4	0.000000
1732	2	4	0.000000
1733	2	4	0.000000
1734	2	4	0.000000
1735	2	4	0.000000
1736	2	4	0.000000
1737	2	4	0.000000
1738	2	4	0.000000
1739	2	4	0.000000
1740	2	4	0.000000
1741	2	4	0.000000
1742	2	4	0.000000
1743	2	4	0.000000
1744	2	4	0.000000
1745	2	4	0.000000
1746	2	4	0.000000
1747	2	4	0.000000
1748	2	4	0.000000
1749	2	4	0.000000
1750	2	4	0.000000
1751	2	4	0.000000
1752	2	4	0.000000
1753	2	4	0.000000
1754	2	4	0.000000
1755	2	4	0.000000
1756	2	4	0.000000
1757	2	4	0.000000
1758	2	0	0.000000
1759	2	4	0.000000
1760	2	4	0.000000
1761	2	4	0.000000
1762	2	4	0.000000
1763	2	2	0.000000
1764	2	5	0.000000
1765	2	4	0.000000
1766	2	4	0.000000
1767	2	4	0.000000
1768	2	4	0.000000
1769	2	4	0.000000
1770	2	4	0.000000
1771	2	4	0.000000
1772	2	4	0.000000
1773	2	4	0.000000
1774	2	5	0.000000
1775	2	4	0.000000
1776	2	4	0.000000
1777	2	4	0.000000
1778	2	4	0.000000
1779	2	4	0.000000
1780	2	4	0.000000
1781	2	4	0.000000
1782	2	4	0.000000
1783	2	4	0.000000
1784	1	3	0.000000
1785	2	2	0.000000
1786	2	4	0.000000
1787	2	4	0.000000
1788	2	4	0.000000
1789	2	4	0.000000
1790	2	4	0.000000
1791	2	4	0.000000
1792	2	4	0.000000
1793	2	4	0.000000
1794	2	4	0.000000
1795	2	4	0.000000
1796	2	4	0.000000
1797	2	4	0.000000
1798	2	4	0.000000
1799	2	4	0.000000
1800	2	4	0.000000
1801	3	3	0.000000
1802	3	3	0.000000
1803	3	3	0.000000
1804	3	3	0.000000
1805	3	3	0.000000
1806	3	3	0.000000
1807	3	3	0.000000
1808	3	3	0.000000
1809	3	2	0.000000
1810	3	2	0.000000
1811	3	3	0.000000
1812	3	3	0.000000
1813	3	1	0.000000
1814	3	3	0.000000
1815	3	3	0.000000
1816	3	3	0.000000
1817	3	3	0.000000
1818	3	3	0.000000
1819	3	3	0.000000
1820	3	3	0.000000
1821	3	3	0.000000
1822	3	3	0.000000
1823	3	3	0.000000
1824	3	3	0.000000
1825	3	3	0.000000
1826	3	3	0.000000
1827	3	3	0.000000
1828	3	2	0.000000
1829	3	3	0.000000
1830	3	3	0.000000
1831	3	3	0.000000
1832	3	3	0.000000
1833	3	3	0.000000
1834	3	3	0.000000
1835	3	3	0.000000
1836	3	3	0.000000
1837	3	3	0.000000
1838	3	3	0.000000
1839	3	3	0.000000
1840	3	3	0.000000
1841	3	3	0.000000
1842	3	3	0.000000
1843	3	3	0.000000
1844	3	3	0.000000
1845	3	3	0.000000
1846	3	3	0.000000
1847	3	2	0.000000
1848	3	3	0.000000
1849	3	3	0.000000
1850	3	3	0.000000
1851	3	3	0.000000
1852	3	3	0.000000
1853	3	3	0.000000
1854	3	3	0.000000
1855	3	3	0.000000
1856	3	3	0.000000
1857	3	0	0.000000
1858	3	3	0.000000
1859	3	3	0.000000
1860	3	3	0.000000
1861	3	3	0.000000
1862	3	3	0.000000
1863	3	3	0.000000
1864	3	3	0.000000
1865	3	1	0.000000
1866	3	1	0.000000
1867	3	3	0.000000
1868	3	2	0.000000
1869	3	3	0.000000
1870	3	3	0.000000
1871	3	3	0.000000
1872	3	3	0.000000
1873	3	3	0.000000
1874	2	4	0.000000
1875	2	3	0.000000
1876	2	4	0.000000
1877	2	4	0.000000
1878	2	4	0.000000
1879	2	4	0.000000
1880	2	4	0.000000
1881	2	4	0.000000
1882	2	4	0.000000
1883	2	4	0.000000
1884	2	4	0.000000
1885	2	4	0.000000
1886	2	4	0.000000
1887	2	4	0.000000
1888	2	4	0.000000
1889	2	4	0.000000
1890	2	4	0.000000
1891	2	4	0.000000
1892	2	4	0.000000
1893	2	4	0.000000
1894	2	4	0.000000
1895	2	4	0.000000
1896	2	4	0.000000
1897	2	4	0.000000
1898	2	4	0.000000
1899	2	4	0.000000
1900	2	4	0.000000
1901	2	4	0.000000
1902	3	3	0.000000
1903	3	3	0.000000
1904	3	3	0.000000
1905	3	3	0.000000
1906	3	3	0.000000
1907	3	3	0.000000
1908	3	0	0.000000
1909	3	3	0.000000
1910	3	3	0.000000
1911	3	3	0.000000
1912	3	3	0.000000
1913	3	3	0.000000
1914	3	3	0.000000
1915	3	0	0.000000
1916	3	3	0.000000
1917	3	3	0.000000
1918	4	0	0.000000
1919	3	3	0.000000
1920	3	2	0.000000
1921	4	0	0.000000
1922	4	2	0.000000
1923	4	0	0.000000
1924	4	0	0.000000
1925	4	0	0.000000
1926	4	0	0.000000
1927	4	0	0.000000
1928	4	0	0.000000
1929	4	0	0.000000
1930	4	0	0.000000
1931	4	0	0.000000
1932	4	0	0.000000
1933	4	0	0.000000
1934	3	3	0.000000
1935	4	3	0.000000
1936	4	0	0.000000
1937	4	0	0.000000
1938	4	0	0.000000
1939	3	3	0.000000
1940	4	0	0.000000
1941	3	3	0.000000
1942	4	0	0.000000
1943	4	0	0.000000
1944	4	0	0.000000
1945	4	0	0.000000
1946	4	0	0.000000
1947	4	0	0.000000
1948	4	2	0.000000
1949	4	0	0.000000
1950	4	0	0.000000
1951	4	0	0.000000
1952	3	3	0.000000
1953	3	3	0.000000
1954	4	0	0.000000
1955	3	3	0.000000
1956	4	0	0.000000
1957	4	0	0.000000
1958	3	3	0.000000
1959	3	3	0.000000
1960	3	3	0.000000
1961	3	3	0.000000
1962	3	3	0.000000
1963	3	3	0.000000
1964	3	3	0.000000
1965	3	3	0.000000
1966	3	0	0.000000
1967	3	3	0.000000
1968	3	3	0.000000
1969	3	3	0.000000
1970	3	3	0.000000
1971	3	3	0.000000
1972	3	3	0.000000
1973	2	4	0.000000
1974	2	4	0.000000
1975	2	4	0.000000
1976	2	4	0.000000
1977	2	4	0.000000
1978	2	4	0.000000
1979	2	0	0.000000
1980	2	4	0.000000
1981	2	4	0.000000
1982	2	4	0.000000
1983	2	4	0.000000
1984	2	4	0.000000
1985	2	4	0.000000
1986	2	4	0.000000
1987	2	4	0.000000
1988	2	4	0.000000
1989	2	4	0.000000
1990	2	4	0.000000
1991	2	4	0.000000
1992	2	4	0.000000
1993	2	0	0.000000
1994	2	4	0.000000
1995	2	4	0.000000
1996	2	2	0.000000
1997	2	4	0.000000
1998	2	4	0.000000
1999	2	1	0.000000
2000	2	4	0.000000
2001	2	0	0.000000
2002	2	4	0.000000
2003	2	4	0.000000
2004	2	4	0.000000
2005	2	4	0.000000
2006	2	4	0.000000
2007	2	4	0.000000
2008	2	4	0.000000
2009	2	4	0.000000
2010	2	4	0.000000
2011	2	4	0.000000
2012	2	4	0.000000
2013	2	4	0.000000
2014	2	4	0.000000
2015	3	2	0.000000
2016	3	3	0.000000
2017	3	3	0.000000
2018	3	3	0.000000
2019	3	3	0.000000
2020	3	3	0.000000
2021	3	3	0.000000
2022	3	3	0.000000
2023	3	3	0.000000
2024	3	3	0.000000
2025	3	3	0.000000
2026	3	3	0.000000
2027	2	4	0.000000
2028	2	4	0.000000
2029	2	4	0.000000
2030	2	4	0.000000
2031	2	4	0.000000
2032	2	4	0.000000
2033	2	4	0.000000
2034	2	4	0.000000
2035	2	4	0.000000
2036	2	4	0.000000
2037	2	4	0.000000
2038	2	4	0.000000
2039	2	4	0.000000
2040	2	4	0.000000
2041	2	0	0.000000
2042	2	4	0.000000
2043	2	4	0.000000
2044	2	4	0.000000
2045	2	4	0.000000
2046	2	4	0.000000
2047	2	4	0.000000
2048	2	4	0.000000
2049	2	4	0.000000
2050	2	1	0.000000
2051	2	4	0.000000
2052	2	4	0.000000
2053	2	4	0.000000
2054	2	4	0.000000
2055	2	4	0.000000
2056	2	4	0.000000
2057	3	3	0.000000
2058	3	2	0.000000
2059	3	3	0.000000
2060	3	3	0.000000
2061	3	2	0.000000
2062	3	3	0.000000
2063	3	0	0.000000
2064	3	3	0.000000
2065	3	3	0.000000
2066	3	3	0.000000
2067	3	3	0.000000
2068	3	3	0.000000
2069	3	3	0.000000
2070	3	3	0.000000
2071	3	3	0.000000
2072	3	2	0.000000
2073	3	3	0.000000
2074	3	3	0.000000
2075	3	3	0.000000
2076	3	3	0.000000
2077	3	3	0.000000
2078	3	3	0.000000
2079	3	3	0.000000
2080	3	3	0.000000
2081	3	3	0.000000
2082	3	3	0.000000
2083	3	3	0.000000
2084	3	3	0.000000
2085	3	3	0.000000
2086	3	3	0.000000
2087	3	3	0.000000
2088	2	4	0.000000
2089	2	4	0.000000
2090	2	4	0.000000
2091	2	4	0.000000
2092	2	4	0.000000
2093	2	4	0.000000
2094	2	4	0.000000
2095	2	4	0.000000
2096	2	4	0.000000
2097	2	4	0.000000
2098	2	4	0.000000
2099	2	4	0.000000
2100	2	4	0.000000
2101	2	4	0.000000
2102	2	4	0.000000
2103	2	4	0.000000
2104	2	4	0.000000
2105	2	4	0.000000
2106	2	5	0.000000
2107	2	4	0.000000
2108	2	4	0.000000
2109	2	4	0.000000
2110	2	4	0.000000
2111	2	4	0.000000
2112	2	4	0.000000
2113	2	4	0.000000
2114	2	4	0.000000
2115	2	4	0.000000
2116	2	4	0.000000
2117	2	4	0.000000
2118	2	4	0.000000
2119	2	4	0.000000
2120	2	4	0.000000
2121	2	4	0.000000
2122	3	3	0.000000
2123	3	3	0.000000
2124	3	3	0.000000
2125	3	3	0.000000
2126	3	1	0.000000
2127	3	1	0.000000
2128	3	3	0.000000
2129	3	0	0.000000
2130	2	0	0.000000
2131	2	5	0.000000
2132	2	4	0.000000
2133	2	4	0.000000
2134	2	4	0.000000
2135	2	4	0.000000
2136	2	1	0.000000
2137	2	2	0.000000
2138	2	4	0.000000
2139	2	4	0.000000
2140	2	4	0.000000
2141	2	4	0.000000
2142	2	5	0.000000
2143	2	4	0.000000
2144	2	4	0.000000
2145	2	4	0.000000
2146	2	4	0.000000
2147	2	4	0.000000
2148	2	4	0.000000
2149	2	4	0.000000
2150	2	4	0.000000
2151	2	0	0.000000
2152	2	4	0.000000
2153	2	4	0.000000
2154	2	4	0.000000
2155	2	4	0.000000
2156	2	4	0.000000
2157	2	4	0.000000
2158	2	4	0.000000
2159	2	4	0.000000
2160	2	4	0.000000
2161	2	4	0.000000
2162	2	4	0.000000
2163	2	4	0.000000
2164	2	4	0.000000
2165	2	4	0.000000
2166	2	4	0.000000
2167	2	4	0.000000
2168	2	4	0.000000
2169	2	4	0.000000
2170	2	4	0.000000
2171	2	4	0.000000
2172	2	4	0.000000
2173	3	3	0.000000
2174	2	4	0.000000
2175	2	0	0.000000
2176	2	4	0.000000
2177	2	4	0.000000
2178	2	4	0.000000
2179	2	4	0.000000
2180	2	4	0.000000
2181	2	4	0.000000
2182	2	3	0.000000
2183	3	3	0.000000
2184	2	4	0.000000
2185	3	3	0.000000
2186	3	3	0.000000
2187	3	3	0.000000
2188	3	3	0.000000
2189	3	3	0.000000
2190	3	3	0.000000
2191	3	3	0.000000
2192	3	3	0.000000
2193	3	3	0.000000
2194	3	3	0.000000
2195	3	2	0.000000
2196	3	3	0.000000
2197	3	3	0.000000
2198	3	3	0.000000
2199	3	3	0.000000
2200	3	3	0.000000
2201	2	1	0.000000
2202	2	4	0.000000
2203	2	2	0.000000
2204	2	4	0.000000
2205	2	4	0.000000
2206	2	4	0.000000
2207	2	4	0.000000
2208	2	4	0.000000
2209	2	4	0.000000
2210	2	2	0.000000
2211	2	2	0.000000
2212	2	2	0.000000
2213	2	4	0.000000
2214	2	1	0.000000
2215	2	4	0.000000
2216	2	2	0.000000
2217	1	3	0.000000
2218	1	3	0.000000
2219	1	0	0.000000
2220	1	3	0.000000
2221	1	3	0.000000
2222	1	3	0.000000
2223	1	3	0.000000
2224	1	3	0.000000
2225	1	3	0.000000
2226	1	3	0.000000
2227	1	0	0.000000
2228	1	3	0.000000
2229	1	3	0.000000
2230	1	3	0.000000
2231	1	3	0.000000
2232	2	4	0.000000
2233	2	4	0.000000
2234	2	4	0.000000
2235	2	4	0.000000
2236	2	4	0.000000
2237	2	4	0.000000
2238	2	4	0.000000
2239	2	5	0.000000
2240	2	4	0.000000
2241	2	4	0.000000
2242	2	4	0.000000
2243	2	4	0.000000
2244	2	4	0.000000
2245	2	4	0.000000
2246	2	4	0.000000
2247	2	4	0.000000
2248	2	4	0.000000
2249	2	4	0.000000
2250	2	4	0.000000
2251	2	4	0.000000
2252	2	4	0.000000
2253	2	4	0.000000
2254	2	4	0.000000
2255	2	4	0.000000
2256	2	2	0.000000
2257	2	4	0.000000
2258	2	0	0.000000
2259	2	4	0.000000
2260	2	4	0.000000
2261	2	4	0.000000
2262	2	4	0.000000
2263	2	4	0.000000
2264	2	4	0.000000
2265	2	4	0.000000
2266	2	5	0.000000
2267	2	4	0.000000
2268	2	0	0.000000
2269	2	4	0.000000
2270	2	4	0.000000
2271	2	4	0.000000
2272	2	4	0.000000
2273	2	5	0.000000
2274	2	4	0.000000
2275	2	4	0.000000
2276	2	4	0.000000
2277	2	4	0.000000
2278	2	4	0.000000
2279	2	4	0.000000
2280	2	4	0.000000
2281	2	4	0.000000
2282	2	4	0.000000
2283	2	4	0.000000
2284	2	4	0.000000
2285	2	4	0.000000
2286	2	4	0.000000
2287	2	4	0.000000
2288	2	4	0.000000
2289	2	4	0.000000
2290	2	4	0.000000
2291	2	4	0.000000
2292	2	4	0.000000
2293	2	4	0.000000
2294	2	4	0.000000
2295	2	4	0.000000
2296	2	4	0.000000
2297	2	4	0.000000
2298	2	2	0.000000
2299	2	4	0.000000
2300	2	4	0.000000
2301	2	4	0.000000
2302	2	4	0.000000
2303	2	4	0.000000
2304	2	4	0.000000
2305	2	4	0.000000
2306	1	3	0.000000
2307	1	3	0.000000
2308	1	3	0.000000
2309	1	3	0.000000
2310	1	3	0.000000
2311	1	3	0.000000
2312	1	0	0.000000
2313	1	3	0.000000
2314	2	0	0.000000
2315	2	4	0.000000
2316	2	4	0.000000
2317	2	4	0.000000
2318	2	4	0.000000
2319	2	4	0.000000
2320	2	4	0.000000
2321	2	4	0.000000
2322	2	4	0.000000
2323	2	4	0.000000
2324	2	4	0.000000
2325	2	4	0.000000
2326	2	4	0.000000
2327	2	4	0.000000
2328	2	4	0.000000
2329	2	4	0.000000
2330	2	5	0.000000
2331	2	4	0.000000
2332	2	4	0.000000
2333	2	4	0.000000
2334	2	4	0.000000
2335	2	4	0.000000
2336	2	0	0.000000
2337	2	4	0.000000
2338	2	4	0.000000
2339	2	4	0.000000
2340	2	4	0.000000
2341	2	4	0.000000
2342	2	4	0.000000
2343	2	4	0.000000
2344	2	4	0.000000
2345	2	2	0.000000
2346	2	4	0.000000
2347	2	4	0.000000
2348	2	4	0.000000
2349	2	4	0.000000
2350	2	4	0.000000
2351	2	4	0.000000
2352	2	4	0.000000
2353	2	2	0.000000
2354	2	4	0.000000
2355	2	4	0.000000
2356	2	1	0.000000
2357	2	4	0.000000
2358	2	4	0.000000
2359	2	4	0.000000
2360	2	4	0.000000
2361	2	4	0.000000
2362	2	4	0.000000
2363	2	4	0.000000
2364	2	4	0.000000
2365	2	4	0.000000
2366	2	3	0.000000
2367	2	4	0.000000
2368	2	4	0.000000
2369	2	4	0.000000
2370	2	4	0.000000
2371	2	4	0.000000
2372	2	4	0.000000
2373	2	4	0.000000
2374	2	4	0.000000
2375	2	4	0.000000
2376	2	4	0.000000
2377	2	4	0.000000
2378	2	1	0.000000
2379	2	4	0.000000
2380	2	5	0.000000
2381	3	3	0.000000
2382	2	4	0.000000
2383	2	4	0.000000
2384	2	4	0.000000
2385	2	4	0.000000
2386	2	4	0.000000
2387	2	4	0.000000
2388	2	4	0.000000
2389	2	4	0.000000
2390	2	4	0.000000
2391	2	4	0.000000
2392	2	4	0.000000
2393	2	4	0.000000
2394	2	4	0.000000
2395	2	4	0.000000
2396	2	4	0.000000
2397	2	4	0.000000
2398	2	4	0.000000
2399	2	0	0.000000
2400	2	4	0.000000
2401	2	4	0.000000
2402	2	4	0.000000
2403	2	4	0.000000
2404	2	4	0.000000
2405	2	4	0.000000
2406	2	4	0.000000
2407	2	4	0.000000
2408	2	4	0.000000
2409	2	4	0.000000
2410	2	4	0.000000
2411	2	4	0.000000
2412	2	4	0.000000
2413	2	4	0.000000
2414	2	4	0.000000
2415	2	4	0.000000
2416	2	4	0.000000
2417	2	4	0.000000
2418	2	4	0.000000
2419	2	4	0.000000
2420	2	4	0.000000
2421	2	4	0.000000
2422	2	4	0.000000
2423	2	4	0.000000
2424	2	4	0.000000
2425	2	4	0.000000
2426	2	4	0.000000
2427	2	4	0.000000
2428	2	0	0.000000
2429	2	2	0.000000
2430	2	4	0.000000
2431	2	4	0.000000
2432	2	4	0.000000
2433	2	4	0.000000
2434	2	4	0.000000
2435	2	4	0.000000
2436	2	4	0.000000
2437	2	4	0.000000
2438	2	4	0.000000
2439	2	4	0.000000
2440	2	4	0.000000
2441	2	4	0.000000
2442	2	4	0.000000
2443	3	3	0.000000
2444	3	3	0.000000
2445	3	3	0.000000
2446	3	3	0.000000
2447	3	3	0.000000
2448	3	3	0.000000
2449	3	3	0.000000
2450	3	3	0.000000
2451	3	3	0.000000
2452	2	4	0.000000
2453	2	4	0.000000
2454	2	4	0.000000
2455	2	4	0.000000
2456	2	4	0.000000
2457	2	4	0.000000
2458	2	4	0.000000
2459	2	4	0.000000
2460	2	4	0.000000
2461	2	4	0.000000
2462	2	4	0.000000
2463	2	4	0.000000
2464	2	4	0.000000
2465	2	4	0.000000
2466	2	2	0.000000
2467	2	1	0.000000
2468	2	5	0.000000
2469	2	4	0.000000
2470	2	4	0.000000
2471	2	4	0.000000
2472	2	4	0.000000
2473	2	4	0.000000
2474	2	4	0.000000
2475	2	4	0.000000
2476	2	4	0.000000
2477	2	4	0.000000
2478	1	3	0.000000
2479	1	1	0.000000
2480	1	3	0.000000
2481	1	3	0.000000
2482	1	3	0.000000
2483	1	3	0.000000
2484	1	3	0.000000
2485	1	3	0.000000
2486	1	3	0.000000
2487	2	4	0.000000
2488	1	3	0.000000
2489	2	4	0.000000
2490	2	4	0.000000
2491	2	4	0.000000
2492	2	4	0.000000
2493	2	4	0.000000
2494	2	4	0.000000
2495	2	4	0.000000
2496	2	3	0.000000
2497	2	4	0.000000
2498	2	4	0.000000
2499	2	4	0.000000
2500	2	1	0.000000
2501	2	4	0.000000
2502	2	4	0.000000
2503	2	4	0.000000
2504	2	4	0.000000
2505	2	4	0.000000
2506	2	4	0.000000
2507	2	4	0.000000
2508	2	4	0.000000
2509	2	4	0.000000
2510	2	3	0.000000
2511	2	2	0.000000
2512	2	4	0.000000
2513	2	4	0.000000
2514	2	4	0.000000
2515	2	4	0.000000
2516	2	3	0.000000
2517	2	4	0.000000
2518	2	4	0.000000
2519	2	4	0.000000
2520	2	4	0.000000
2521	2	4	0.000000
2522	2	0	0.000000
2523	2	4	0.000000
2524	2	4	0.000000
2525	3	3	0.000000
2526	3	3	0.000000
2527	3	3	0.000000
2528	3	3	0.000000
2529	3	3	0.000000
2530	3	3	0.000000
2531	3	3	0.000000
2532	3	3	0.000000
2533	3	3	0.000000
2534	3	3	0.000000
2535	3	3	0.000000
2536	2	4	0.000000
2537	2	4	0.000000
2538	2	3	0.000000
2539	2	4	0.000000
2540	2	4	0.000000
2541	2	4	0.000000
2542	2	4	0.000000
2543	2	4	0.000000
2544	3	3	0.000000
2545	3	1	0.000000
2546	3	3	0.000000
2547	3	3	0.000000
2548	3	3	0.000000
2549	3	3	0.000000
2550	3	3	0.000000
2551	3	3	0.000000
2552	3	3	0.000000
2553	3	3	0.000000
2554	3	3	0.000000
2555	2	4	0.000000
2556	3	3	0.000000
2557	2	4	0.000000
2558	2	4	0.000000
2559	3	3	0.000000
2560	3	3	0.000000
2561	3	1	0.000000
2562	3	3	0.000000
2563	3	3	0.000000
2564	3	3	0.000000
2565	3	3	0.000000
2566	3	3	0.000000
2567	3	3	0.000000
2568	3	3	0.000000
2569	3	3	0.000000
2570	3	2	0.000000
2571	3	3	0.000000
2572	2	4	0.000000
2573	2	4	0.000000
2574	2	4	0.000000
2575	2	4	0.000000
2576	2	3	0.000000
2577	2	4	0.000000
2578	2	4	0.000000
2579	2	4	0.000000
2580	2	4	0.000000
2581	2	4	0.000000
2582	2	4	0.000000
2583	2	4	0.000000
2584	2	4	0.000000
2585	2	4	0.000000
2586	2	4	0.000000
2587	2	4	0.000000
2588	2	4	0.000000
2589	2	4	0.000000
2590	2	4	0.000000
2591	2	4	0.000000
2592	2	4	0.000000
2593	2	4	0.000000
2594	2	4	0.000000
2595	2	4	0.000000
2596	2	4	0.000000
2597	2	4	0.000000
2598	2	4	0.000000
2599	2	4	0.000000
2600	3	3	0.000000
2601	3	3	0.000000
2602	3	3	0.000000
2603	3	3	0.000000
2604	3	3	0.000000
2605	3	3	0.000000
2606	3	3	0.000000
2607	3	3	0.000000
2608	3	3	0.000000
2609	3	2	0.000000
2610	3	3	0.000000
2611	3	0	0.000000
2612	3	3	0.000000
2613	3	3	0.000000
2614	3	3	0.000000
2615	3	3	0.000000
2616	2	4	0.000000
2617	2	4	0.000000
2618	2	4	0.000000
2619	2	4	0.000000
2620	2	3	0.000000
2621	2	4	0.000000
2622	2	4	0.000000
2623	2	4	0.000000
2624	2	4	0.000000
2625	2	4	0.000000
2626	2	5	0.000000
2627	2	4	0.000000
2628	2	4	0.000000
2629	2	4	0.000000
2630	2	4	0.000000
2631	2	4	0.000000
2632	2	4	0.000000
2633	2	4	0.000000
2634	2	2	0.000000
2635	2	4	0.000000
2636	2	4	0.000000
2637	2	4	0.000000
2638	2	4	0.000000
2639	2	4	0.000000
2640	2	4	0.000000
2641	2	4	0.000000
2642	2	4	0.000000
2643	3	3	0.000000
2644	3	3	0.000000
2645	3	3	0.000000
2646	3	3	0.000000
2647	3	3	0.000000
2648	3	3	0.000000
2649	3	3	0.000000
2650	3	3	0.000000
2651	3	3	0.000000
2652	3	3	0.000000
2653	3	3	0.000000
2654	3	3	0.000000
2655	3	3	0.000000
2656	3	3	0.000000
2657	3	3	0.000000
2658	3	3	0.000000
2659	3	3	0.000000
2660	3	3	0.000000
2661	3	3	0.000000
2662	3	3	0.000000
2663	3	3	0.000000
2664	3	3	0.000000
2665	3	3	0.000000
2666	3	0	0.000000
2667	3	3	0.000000
2668	3	3	0.000000
2669	3	3	0.000000
2670	3	3	0.000000
2671	3	3	0.000000
2672	3	3	0.000000
2673	3	3	0.000000
2674	3	3	0.000000
2675	3	3	0.000000
2676	3	3	0.000000
2677	3	3	0.000000
2678	3	3	0.000000
2679	3	3	0.000000
2680	3	3	0.000000
2681	3	3	0.000000
2682	3	3	0.000000
2683	3	3	0.000000
2684	3	3	0.000000
2685	3	3	0.000000
2686	3	3	0.000000
2687	3	3	0.000000
2688	3	3	0.000000
2689	3	0	0.000000
2690	3	3	0.000000
2691	3	3	0.000000
2692	3	3	0.000000
2693	3	3	0.000000
2694	3	3	0.000000
2695	3	3	0.000000
2696	3	3	0.000000
2697	3	3	0.000000
2698	3	3	0.000000
2699	3	3	0.000000
2700	3	3	0.000000
2701	3	3	0.000000
2702	3	3	0.000000
2703	3	3	0.000000
2704	3	3	0.000000
2705	3	3	0.000000
2706	3	3	0.000000
2707	3	3	0.000000
2708	3	3	0.000000
2709	3	3	0.000000
2710	3	3	0.000000
2711	3	3	0.000000
2712	3	3	0.000000
2713	3	3	0.000000
2714	3	3	0.000000
2715	3	3	0.000000
2716	3	1	0.000000
2717	3	2	0.000000
2718	2	4	0.000000
2719	2	3	0.000000
2720	2	4	0.000000
2721	2	5	0.000000
2722	2	4	0.000000
2723	2	4	0.000000
2724	2	4	0.000000
2725	2	4	0.000000
2726	2	0	0.000000
2727	2	4	0.000000
2728	2	4	0.000000
2729	2	4	0.000000
2730	2	4	0.000000
2731	2	4	0.000000
2732	2	4	0.000000
2733	2	4	0.000000
2734	2	4	0.000000
2735	2	4	0.000000
2736	2	4	0.000000
2737	2	4	0.000000
2738	2	4	0.000000
2739	2	4	0.000000
2740	2	4	0.000000
2741	2	4	0.000000
2742	2	4	0.000000
2743	2	4	0.000000
2744	2	4	0.000000
2745	2	4	0.000000
2746	2	4	0.000000
2747	2	4	0.000000
2748	3	0	0.000000
2749	3	3	0.000000
2750	3	3	0.000000
2751	3	3	0.000000
2752	3	3	0.000000
2753	3	3	0.000000
2754	3	3	0.000000
2755	3	3	0.000000
2756	3	3	0.000000
2757	2	4	0.000000
2758	2	4	0.000000
2759	2	4	0.000000
2760	2	4	0.000000
2761	2	5	0.000000
2762	2	4	0.000000
2763	2	4	0.000000
2764	2	4	0.000000
2765	2	1	0.000000
2766	2	0	0.000000
2767	2	4	0.000000
2768	2	4	0.000000
2769	2	4	0.000000
2770	2	4	0.000000
2771	2	4	0.000000
2772	2	4	0.000000
2773	2	4	0.000000
2774	2	4	0.000000
2775	2	4	0.000000
2776	2	4	0.000000
2777	2	4	0.000000
2778	2	4	0.000000
2779	2	4	0.000000
2780	2	4	0.000000
2781	2	4	0.000000
2782	2	4	0.000000
2783	2	4	0.000000
2784	2	4	0.000000
2785	2	4	0.000000
2786	2	4	0.000000
2787	2	4	0.000000
2788	2	4	0.000000
2789	2	4	0.000000
2790	2	5	0.000000
2791	3	3	0.000000
2792	3	3	0.000000
2793	3	3	0.000000
2794	3	3	0.000000
2795	3	3	0.000000
2796	3	3	0.000000
2797	3	3	0.000000
2798	3	3	0.000000
2799	3	3	0.000000
2800	3	3	0.000000
2801	3	3	0.000000
2802	3	3	0.000000
2803	3	3	0.000000
2804	3	2	0.000000
2805	3	3	0.000000
2806	3	3	0.000000
2807	3	3	0.000000
2808	3	3	0.000000
2809	3	3	0.000000
2810	3	3	0.000000
2811	3	3	0.000000
2812	3	3	0.000000
2813	3	3	0.000000
2814	3	3	0.000000
2815	3	3	0.000000
2816	3	3	0.000000
2817	3	3	0.000000
2818	3	3	0.000000
2819	3	3	0.000000
2820	3	3	0.000000
2821	2	4	0.000000
2822	2	4	0.000000
2823	2	4	0.000000
2824	2	4	0.000000
2825	2	4	0.000000
2826	2	4	0.000000
2827	2	4	0.000000
2828	2	4	0.000000
2829	2	4	0.000000
2830	2	4	0.000000
2831	2	4	0.000000
2832	2	4	0.000000
2833	2	4	0.000000
2834	2	4	0.000000
2835	2	4	0.000000
2836	2	4	0.000000
2837	2	4	0.000000
2838	2	4	0.000000
2839	2	4	0.000000
2840	2	4	0.000000
2841	2	4	0.000000
2842	2	4	0.000000
2843	2	4	0.000000
2844	2	4	0.000000
2845	2	4	0.000000
2846	2	4	0.000000
2847	2	4	0.000000
2848	2	4	0.000000
2849	2	4	0.000000
2850	2	4	0.000000
2851	2	2	0.000000
2852	3	3	0.000000
2853	2	4	0.000000
2854	2	4	0.000000
2855	3	3	0.000000
2856	3	3	0.000000
2857	3	3	0.000000
2858	3	3	0.000000
2859	3	3	0.000000
2860	3	3	0.000000
2861	3	3	0.000000
2862	3	3	0.000000
2863	2	4	0.000000
2864	2	4	0.000000
2865	2	5	0.000000
2866	2	4	0.000000
2867	2	5	0.000000
2868	2	4	0.000000
2869	2	4	0.000000
2870	2	4	0.000000
2871	2	4	0.000000
2872	2	4	0.000000
2873	2	4	0.000000
2874	2	4	0.000000
2875	2	5	0.000000
2876	2	4	0.000000
2877	2	1	0.000000
2878	2	4	0.000000
2879	2	4	0.000000
2880	2	4	0.000000
2881	2	4	0.000000
2882	2	4	0.000000
2883	2	4	0.000000
2884	2	4	0.000000
2885	2	4	0.000000
2886	2	4	0.000000
2887	2	4	0.000000
2888	2	4	0.000000
2889	2	4	0.000000
2890	2	4	0.000000
2891	2	2	0.000000
2892	2	4	0.000000
2893	2	4	0.000000
2894	2	4	0.000000
2895	2	4	0.000000
2896	2	4	0.000000
2897	2	4	0.000000
2898	2	4	0.000000
2899	2	4	0.000000
2900	2	4	0.000000
2901	2	4	0.000000
2902	2	5	0.000000
2903	2	4	0.000000
2904	2	4	0.000000
2905	2	4	0.000000
2906	2	4	0.000000
2907	2	4	0.000000
2908	2	4	0.000000
2909	2	4	0.000000
2910	2	4	0.000000
2911	2	4	0.000000
2912	2	4	0.000000
2913	2	4	0.000000
2914	2	4	0.000000
2915	2	4	0.000000
2916	2	4	0.000000
2917	2	4	0.000000
2918	2	0	0.000000
2919	2	4	0.000000
2920	2	4	0.000000
2921	2	4	0.000000
2922	3	3	0.000000
2923	3	3	0.000000
2924	3	3	0.000000
2925	3	3	0.000000
2926	3	3	0.000000
2927	3	3	0.000000
2928	3	3	0.000000
2929	3	3	0.000000
2930	3	3	0.000000
2931	2	3	0.000000
2932	2	4	0.000000
2933	2	4	0.000000
2934	2	4	0.000000
2935	2	4	0.000000
2936	2	4	0.000000
2937	2	0	0.000000
2938	2	4	0.000000
2939	2	5	0.000000
2940	2	4	0.000000
2941	2	4	0.000000
2942	2	4	0.000000
2943	2	4	0.000000
2944	2	4	0.000000
2945	2	4	0.000000
2946	2	4	0.000000
2947	2	4	0.000000
2948	2	4	0.000000
2949	2	4	0.000000
2950	2	4	0.000000
2951	2	4	0.000000
2952	2	4	0.000000
2953	2	4	0.000000
2954	2	4	0.000000
2955	2	4	0.000000
2956	2	4	0.000000
2957	2	4	0.000000
2958	2	4	0.000000
2959	2	4	0.000000
2960	2	4	0.000000
2961	2	4	0.000000
2962	2	4	0.000000
2963	2	4	0.000000
2964	2	4	0.000000
2965	2	4	0.000000
2966	2	4	0.000000
2967	2	4	0.000000
2968	2	4	0.000000
2969	2	4	0.000000
2970	3	3	0.000000
2971	2	4	0.000000
2972	2	4	0.000000
2973	2	4	0.000000
2974	3	3	0.000000
2975	2	4	0.000000
2976	2	4	0.000000
2977	2	4	0.000000
2978	2	4	0.000000
2979	2	2	0.000000
2980	2	4	0.000000
2981	2	4	0.000000
2982	2	4	0.000000
2983	2	4	0.000000
2984	2	4	0.000000
2985	2	4	0.000000
2986	2	4	0.000000
2987	2	4	0.000000
2988	2	4	0.000000
2989	2	0	0.000000
2990	2	4	0.000000
2991	2	4	0.000000
2992	2	4	36.649000
2993	0	0	0.000000
